TpTrace Verbose: 0 : 23316, 1, 2024/07/03, 16:25:50.693, 130170099512, vstest.console.dll, Version: 17.10.0-release-24203-04 Current process architecture: X64
TpTrace Verbose: 0 : 23316, 1, 2024/07/03, 16:25:50.695, 130170121559, vstest.console.dll, Runtime location: C:\Program Files\dotnet\shared\Microsoft.NETCore.App\8.0.6
TpTrace Verbose: 0 : 23316, 1, 2024/07/03, 16:25:50.700, 130170165712, vstest.console.dll, ArtifactProcessingPostProcessModeProcessorExecutor.Initialize: ArtifactProcessingMode.Collect
TpTrace Verbose: 0 : 23316, 1, 2024/07/03, 16:25:50.700, 130170166951, vstest.console.dll, TestSessionCorrelationIdProcessorModeProcessorExecutor.Initialize: TestSessionCorrelationId '2812_b9b818ef-c2d4-442f-90a3-27203c9198d8'
TpTrace Information: 0 : 23316, 1, 2024/07/03, 16:25:50.708, 130170246421, vstest.console.dll, FilePatternParser: The given file C:\Users\brandon.ku\source\repos\OCProjet7_Findexium\P7CreateRestApi.Tests\bin\Debug\net8.0\fine-code-coverage\build-output\P7CreateRestApi.Tests.dll is a full path.
TpTrace Verbose: 0 : 23316, 1, 2024/07/03, 16:25:50.718, 130170347311, vstest.console.dll, TestPluginCache.DiscoverTestExtensions: finding test extensions in assemblies ends with: RuntimeProvider.dll TPluginInfo: Microsoft.VisualStudio.TestPlatform.Common.ExtensionFramework.Utilities.TestRuntimePluginInformation TExtension: Microsoft.VisualStudio.TestPlatform.ObjectModel.Host.ITestRuntimeProvider
TpTrace Verbose: 0 : 23316, 1, 2024/07/03, 16:25:50.721, 130170375350, vstest.console.dll, TestPluginCache.GetExtensionPaths: Filtered extension paths: 
TpTrace Verbose: 0 : 23316, 1, 2024/07/03, 16:25:50.721, 130170376170, vstest.console.dll, TestPluginCache.GetExtensionPaths: Added default extension paths: C:\Program Files\dotnet\sdk\8.0.302\Extensions\Microsoft.Diagnostics.NETCore.Client.dll
C:\Program Files\dotnet\sdk\8.0.302\Extensions\Microsoft.TestPlatform.Extensions.BlameDataCollector.dll
C:\Program Files\dotnet\sdk\8.0.302\Extensions\Microsoft.TestPlatform.Extensions.EventLogCollector.dll
C:\Program Files\dotnet\sdk\8.0.302\Extensions\Microsoft.TestPlatform.TestHostRuntimeProvider.dll
C:\Program Files\dotnet\sdk\8.0.302\Extensions\Microsoft.VisualStudio.TestPlatform.Extensions.Html.TestLogger.dll
C:\Program Files\dotnet\sdk\8.0.302\Extensions\Microsoft.VisualStudio.TestPlatform.Extensions.Trx.TestLogger.dll
TpTrace Verbose: 0 : 23316, 1, 2024/07/03, 16:25:50.721, 130170376356, vstest.console.dll, TestPluginCache.GetExtensionPaths: Added unfilterableExtensionPaths: 
TpTrace Information: 0 : 23316, 1, 2024/07/03, 16:25:50.721, 130170380874, vstest.console.dll, AssemblyResolver.ctor: Creating AssemblyResolver with searchDirectories C:\Program Files\dotnet\sdk\8.0.302\Extensions,C:\Program Files\dotnet\sdk\8.0.302
TpTrace Verbose: 0 : 23316, 1, 2024/07/03, 16:25:50.724, 130170404877, vstest.console.dll, TestPluginCache.DiscoverTestExtensions: Discovering the extensions using extension path.
TpTrace Verbose: 0 : 23316, 1, 2024/07/03, 16:25:50.724, 130170405860, vstest.console.dll, TestPluginCache.GetExtensionPaths: Filtered extension paths: 
TpTrace Verbose: 0 : 23316, 1, 2024/07/03, 16:25:50.724, 130170406092, vstest.console.dll, TestPluginCache.GetExtensionPaths: Added default extension paths: C:\Program Files\dotnet\sdk\8.0.302\Extensions\Microsoft.Diagnostics.NETCore.Client.dll
C:\Program Files\dotnet\sdk\8.0.302\Extensions\Microsoft.TestPlatform.Extensions.BlameDataCollector.dll
C:\Program Files\dotnet\sdk\8.0.302\Extensions\Microsoft.TestPlatform.Extensions.EventLogCollector.dll
C:\Program Files\dotnet\sdk\8.0.302\Extensions\Microsoft.TestPlatform.TestHostRuntimeProvider.dll
C:\Program Files\dotnet\sdk\8.0.302\Extensions\Microsoft.VisualStudio.TestPlatform.Extensions.Html.TestLogger.dll
C:\Program Files\dotnet\sdk\8.0.302\Extensions\Microsoft.VisualStudio.TestPlatform.Extensions.Trx.TestLogger.dll
TpTrace Verbose: 0 : 23316, 1, 2024/07/03, 16:25:50.724, 130170406288, vstest.console.dll, TestPluginCache.GetExtensionPaths: Added unfilterableExtensionPaths: 
TpTrace Verbose: 0 : 23316, 1, 2024/07/03, 16:25:50.724, 130170406652, vstest.console.dll, TestPluginCache.DiscoverTestExtensions: Discovering the extensions using allExtensionPaths: C:\Program Files\dotnet\sdk\8.0.302\Extensions\Microsoft.Diagnostics.NETCore.Client.dll
C:\Program Files\dotnet\sdk\8.0.302\Extensions\Microsoft.TestPlatform.Extensions.BlameDataCollector.dll
C:\Program Files\dotnet\sdk\8.0.302\Extensions\Microsoft.TestPlatform.Extensions.EventLogCollector.dll
C:\Program Files\dotnet\sdk\8.0.302\Extensions\Microsoft.TestPlatform.TestHostRuntimeProvider.dll
C:\Program Files\dotnet\sdk\8.0.302\Extensions\Microsoft.VisualStudio.TestPlatform.Extensions.Html.TestLogger.dll
C:\Program Files\dotnet\sdk\8.0.302\Extensions\Microsoft.VisualStudio.TestPlatform.Extensions.Trx.TestLogger.dll
TpTrace Information: 0 : 23316, 1, 2024/07/03, 16:25:50.724, 130170407989, vstest.console.dll, AssemblyResolver.AddSearchDirectories: Adding more searchDirectories C:\Program Files\dotnet\sdk\8.0.302\Extensions,C:\Program Files\dotnet\sdk\8.0.302
TpTrace Information: 0 : 23316, 1, 2024/07/03, 16:25:50.724, 130170408346, vstest.console.dll, AssemblyResolver.AddSearchDirectories: Adding more searchDirectories C:\Program Files\dotnet\sdk\8.0.302\Extensions,C:\Program Files\dotnet\sdk\8.0.302
TpTrace Information: 0 : 23316, 1, 2024/07/03, 16:25:50.724, 130170408544, vstest.console.dll, AssemblyResolver.AddSearchDirectories: Adding more searchDirectories C:\Program Files\dotnet\sdk\8.0.302\Extensions,C:\Program Files\dotnet\sdk\8.0.302
TpTrace Information: 0 : 23316, 1, 2024/07/03, 16:25:50.724, 130170408698, vstest.console.dll, AssemblyResolver.AddSearchDirectories: Adding more searchDirectories C:\Program Files\dotnet\sdk\8.0.302\Extensions,C:\Program Files\dotnet\sdk\8.0.302
TpTrace Information: 0 : 23316, 1, 2024/07/03, 16:25:50.724, 130170408845, vstest.console.dll, AssemblyResolver.AddSearchDirectories: Adding more searchDirectories C:\Program Files\dotnet\sdk\8.0.302\Extensions,C:\Program Files\dotnet\sdk\8.0.302
TpTrace Information: 0 : 23316, 1, 2024/07/03, 16:25:50.724, 130170408990, vstest.console.dll, AssemblyResolver.AddSearchDirectories: Adding more searchDirectories C:\Program Files\dotnet\sdk\8.0.302\Extensions,C:\Program Files\dotnet\sdk\8.0.302
TpTrace Information: 0 : 23316, 1, 2024/07/03, 16:25:50.724, 130170411258, vstest.console.dll, AssemblyResolver.OnResolve: Microsoft.Diagnostics.NETCore.Client: Resolving assembly.
TpTrace Information: 0 : 23316, 1, 2024/07/03, 16:25:50.724, 130170411865, vstest.console.dll, AssemblyResolver.OnResolve: Microsoft.Diagnostics.NETCore.Client: Searching in: 'C:\Program Files\dotnet\sdk\8.0.302\Extensions'.
TpTrace Information: 0 : 23316, 1, 2024/07/03, 16:25:50.739, 130170559150, vstest.console.dll, AssemblyResolver.OnResolve: Microsoft.Diagnostics.NETCore.Client: Loading assembly 'C:\Program Files\dotnet\sdk\8.0.302\Extensions\Microsoft.Diagnostics.NETCore.Client.dll'.
TpTrace Information: 0 : 23316, 1, 2024/07/03, 16:25:50.741, 130170576932, vstest.console.dll, AssemblyResolver.OnResolve: Resolved assembly: Microsoft.Diagnostics.NETCore.Client, from path: C:\Program Files\dotnet\sdk\8.0.302\Extensions\Microsoft.Diagnostics.NETCore.Client.dll
TpTrace Verbose: 0 : 23316, 1, 2024/07/03, 16:25:50.744, 130170608515, vstest.console.dll, MetadataReaderExtensionsHelper: Discovering extensions inside assembly 'Microsoft.Diagnostics.NETCore.Client, Version=0.2.10.15101, Culture=neutral, PublicKeyToken=31bf3856ad364e35' file path 'C:\Program Files\dotnet\sdk\8.0.302\Extensions\Microsoft.Diagnostics.NETCore.Client.dll'
TpTrace Information: 0 : 23316, 1, 2024/07/03, 16:25:50.753, 130170696171, vstest.console.dll, AssemblyResolver.OnResolve: Microsoft.Bcl.AsyncInterfaces: Resolving assembly.
TpTrace Information: 0 : 23316, 1, 2024/07/03, 16:25:50.753, 130170697071, vstest.console.dll, AssemblyResolver.OnResolve: Microsoft.Bcl.AsyncInterfaces: Searching in: 'C:\Program Files\dotnet\sdk\8.0.302\Extensions'.
TpTrace Information: 0 : 23316, 1, 2024/07/03, 16:25:50.753, 130170698063, vstest.console.dll, AssemblyResolver.OnResolve: Microsoft.Bcl.AsyncInterfaces: Assembly path does not exist: 'C:\Program Files\dotnet\sdk\8.0.302\Extensions\Microsoft.Bcl.AsyncInterfaces.dll', returning.
TpTrace Information: 0 : 23316, 1, 2024/07/03, 16:25:50.753, 130170699187, vstest.console.dll, AssemblyResolver.OnResolve: Microsoft.Bcl.AsyncInterfaces: Assembly path does not exist: 'C:\Program Files\dotnet\sdk\8.0.302\Extensions\Microsoft.Bcl.AsyncInterfaces.exe', returning.
TpTrace Information: 0 : 23316, 1, 2024/07/03, 16:25:50.753, 130170699482, vstest.console.dll, AssemblyResolver.OnResolve: Microsoft.Bcl.AsyncInterfaces: Searching in: 'C:\Program Files\dotnet\sdk\8.0.302'.
TpTrace Information: 0 : 23316, 1, 2024/07/03, 16:25:50.753, 130170700121, vstest.console.dll, AssemblyResolver.OnResolve: Microsoft.Bcl.AsyncInterfaces: Assembly path does not exist: 'C:\Program Files\dotnet\sdk\8.0.302\Microsoft.Bcl.AsyncInterfaces.dll', returning.
TpTrace Information: 0 : 23316, 1, 2024/07/03, 16:25:50.753, 130170700697, vstest.console.dll, AssemblyResolver.OnResolve: Microsoft.Bcl.AsyncInterfaces: Assembly path does not exist: 'C:\Program Files\dotnet\sdk\8.0.302\Microsoft.Bcl.AsyncInterfaces.exe', returning.
TpTrace Information: 0 : 23316, 1, 2024/07/03, 16:25:50.753, 130170700879, vstest.console.dll, AssemblyResolver.OnResolve: Microsoft.Bcl.AsyncInterfaces: Failed to load assembly.
TpTrace Verbose: 0 : 23316, 1, 2024/07/03, 16:25:50.753, 130170701108, vstest.console.dll, CurrentDomainAssemblyResolve: Resolving assembly 'Microsoft.Bcl.AsyncInterfaces'.
TpTrace Information: 0 : 23316, 1, 2024/07/03, 16:25:50.753, 130170701480, vstest.console.dll, AssemblyResolver.OnResolve: Microsoft.Bcl.AsyncInterfaces: Resolving assembly.
TpTrace Information: 0 : 23316, 1, 2024/07/03, 16:25:50.753, 130170701765, vstest.console.dll, AssemblyResolver.OnResolve: Microsoft.Bcl.AsyncInterfaces: Resolved from cache.
TpTrace Verbose: 0 : 23316, 1, 2024/07/03, 16:25:50.753, 130170701903, vstest.console.dll, CurrentDomainAssemblyResolve: Resolving assembly 'Microsoft.Bcl.AsyncInterfaces'.
TpTrace Verbose: 0 : 23316, 1, 2024/07/03, 16:25:50.753, 130170702092, vstest.console.dll, CurrentDomainAssemblyResolve: Failed to resolve assembly 'Microsoft.Bcl.AsyncInterfaces'.
TpTrace Verbose: 0 : 23316, 1, 2024/07/03, 16:25:50.757, 130170734361, vstest.console.dll, CurrentDomainAssemblyResolve: Failed to resolve assembly 'Microsoft.Bcl.AsyncInterfaces'.
TpTrace Warning: 0 : 23316, 1, 2024/07/03, 16:25:50.770, 130170868585, vstest.console.dll, TestPluginDiscoverer: Failed to get types from assembly 'Microsoft.Diagnostics.NETCore.Client, Version=0.2.10.15101, Culture=neutral, PublicKeyToken=31bf3856ad364e35'. Error: System.Reflection.ReflectionTypeLoadException: Unable to load one or more of the requested types.
Could not load file or assembly 'Microsoft.Bcl.AsyncInterfaces, Version=6.0.0.0, Culture=neutral, PublicKeyToken=cc7b13ffcd2ddd51'. Le fichier spécifié est introuvable.
   at System.Reflection.RuntimeModule.GetTypes(RuntimeModule module)
   at System.Reflection.RuntimeModule.GetTypes()
   at Microsoft.VisualStudio.TestPlatform.Common.ExtensionFramework.TestPluginDiscoverer.GetTestExtensionsFromAssembly[TPluginInfo,TExtension](Assembly assembly, Dictionary`2 pluginInfos, String filePath) in /_/src/Microsoft.TestPlatform.Common/ExtensionFramework/TestPluginDiscoverer.cs:line 158
System.IO.FileNotFoundException: Could not load file or assembly 'Microsoft.Bcl.AsyncInterfaces, Version=6.0.0.0, Culture=neutral, PublicKeyToken=cc7b13ffcd2ddd51'. Le fichier spécifié est introuvable.
File name: 'Microsoft.Bcl.AsyncInterfaces, Version=6.0.0.0, Culture=neutral, PublicKeyToken=cc7b13ffcd2ddd51'
 ---> System.IO.FileNotFoundException: Could not load file or assembly 'Microsoft.Bcl.AsyncInterfaces, Culture=neutral, PublicKeyToken=null'. Le fichier spécifié est introuvable.
File name: 'Microsoft.Bcl.AsyncInterfaces, Culture=neutral, PublicKeyToken=null'
   at System.Reflection.RuntimeAssembly.InternalLoad(AssemblyName assemblyName, StackCrawlMark& stackMark, AssemblyLoadContext assemblyLoadContext, RuntimeAssembly requestingAssembly, Boolean throwOnFileNotFound)
   at System.Reflection.Assembly.Load(AssemblyName assemblyRef)
   at Microsoft.VisualStudio.TestPlatform.Common.ExtensionFramework.TestPluginCache.CurrentDomainAssemblyResolve(Object sender, AssemblyResolveEventArgs args) in /_/src/Microsoft.TestPlatform.Common/ExtensionFramework/TestPluginCache.cs:line 513
   at System.Runtime.Loader.AssemblyLoadContext.GetFirstResolvedAssemblyFromResolvingEvent(AssemblyName assemblyName)
   at System.Runtime.Loader.AssemblyLoadContext.ResolveUsingEvent(AssemblyName assemblyName)
   at System.Runtime.Loader.AssemblyLoadContext.ResolveUsingResolvingEvent(IntPtr gchManagedAssemblyLoadContext, AssemblyName assemblyName)
TpTrace Warning: 0 : 23316, 1, 2024/07/03, 16:25:50.770, 130170871941, vstest.console.dll, LoaderExceptions: System.IO.FileNotFoundException: Could not load file or assembly 'Microsoft.Bcl.AsyncInterfaces, Version=6.0.0.0, Culture=neutral, PublicKeyToken=cc7b13ffcd2ddd51'. Le fichier spécifié est introuvable.
File name: 'Microsoft.Bcl.AsyncInterfaces, Version=6.0.0.0, Culture=neutral, PublicKeyToken=cc7b13ffcd2ddd51'
 ---> System.IO.FileNotFoundException: Could not load file or assembly 'Microsoft.Bcl.AsyncInterfaces, Culture=neutral, PublicKeyToken=null'. Le fichier spécifié est introuvable.
File name: 'Microsoft.Bcl.AsyncInterfaces, Culture=neutral, PublicKeyToken=null'
   at System.Reflection.RuntimeAssembly.InternalLoad(AssemblyName assemblyName, StackCrawlMark& stackMark, AssemblyLoadContext assemblyLoadContext, RuntimeAssembly requestingAssembly, Boolean throwOnFileNotFound)
   at System.Reflection.Assembly.Load(AssemblyName assemblyRef)
   at Microsoft.VisualStudio.TestPlatform.Common.ExtensionFramework.TestPluginCache.CurrentDomainAssemblyResolve(Object sender, AssemblyResolveEventArgs args) in /_/src/Microsoft.TestPlatform.Common/ExtensionFramework/TestPluginCache.cs:line 513
   at System.Runtime.Loader.AssemblyLoadContext.GetFirstResolvedAssemblyFromResolvingEvent(AssemblyName assemblyName)
   at System.Runtime.Loader.AssemblyLoadContext.ResolveUsingEvent(AssemblyName assemblyName)
   at System.Runtime.Loader.AssemblyLoadContext.ResolveUsingResolvingEvent(IntPtr gchManagedAssemblyLoadContext, AssemblyName assemblyName)
TpTrace Information: 0 : 23316, 1, 2024/07/03, 16:25:50.770, 130170873047, vstest.console.dll, AssemblyResolver.OnResolve: Microsoft.TestPlatform.Extensions.BlameDataCollector: Resolving assembly.
TpTrace Information: 0 : 23316, 1, 2024/07/03, 16:25:50.770, 130170873404, vstest.console.dll, AssemblyResolver.OnResolve: Microsoft.TestPlatform.Extensions.BlameDataCollector: Searching in: 'C:\Program Files\dotnet\sdk\8.0.302\Extensions'.
TpTrace Information: 0 : 23316, 1, 2024/07/03, 16:25:50.772, 130170890066, vstest.console.dll, AssemblyResolver.OnResolve: Microsoft.TestPlatform.Extensions.BlameDataCollector: Loading assembly 'C:\Program Files\dotnet\sdk\8.0.302\Extensions\Microsoft.TestPlatform.Extensions.BlameDataCollector.dll'.
TpTrace Information: 0 : 23316, 1, 2024/07/03, 16:25:50.773, 130170902463, vstest.console.dll, AssemblyResolver.OnResolve: Resolved assembly: Microsoft.TestPlatform.Extensions.BlameDataCollector, from path: C:\Program Files\dotnet\sdk\8.0.302\Extensions\Microsoft.TestPlatform.Extensions.BlameDataCollector.dll
TpTrace Verbose: 0 : 23316, 1, 2024/07/03, 16:25:50.773, 130170903066, vstest.console.dll, MetadataReaderExtensionsHelper: Discovering extensions inside assembly 'Microsoft.TestPlatform.Extensions.BlameDataCollector, Version=15.0.0.0, Culture=neutral, PublicKeyToken=b03f5f7f11d50a3a' file path 'C:\Program Files\dotnet\sdk\8.0.302\Extensions\Microsoft.TestPlatform.Extensions.BlameDataCollector.dll'
TpTrace Information: 0 : 23316, 1, 2024/07/03, 16:25:50.775, 130170921580, vstest.console.dll, AssemblyResolver.OnResolve: Microsoft.TestPlatform.Extensions.EventLogCollector: Resolving assembly.
TpTrace Information: 0 : 23316, 1, 2024/07/03, 16:25:50.775, 130170922143, vstest.console.dll, AssemblyResolver.OnResolve: Microsoft.TestPlatform.Extensions.EventLogCollector: Searching in: 'C:\Program Files\dotnet\sdk\8.0.302\Extensions'.
TpTrace Information: 0 : 23316, 1, 2024/07/03, 16:25:50.777, 130170935061, vstest.console.dll, AssemblyResolver.OnResolve: Microsoft.TestPlatform.Extensions.EventLogCollector: Loading assembly 'C:\Program Files\dotnet\sdk\8.0.302\Extensions\Microsoft.TestPlatform.Extensions.EventLogCollector.dll'.
TpTrace Information: 0 : 23316, 1, 2024/07/03, 16:25:50.778, 130170944949, vstest.console.dll, AssemblyResolver.OnResolve: Resolved assembly: Microsoft.TestPlatform.Extensions.EventLogCollector, from path: C:\Program Files\dotnet\sdk\8.0.302\Extensions\Microsoft.TestPlatform.Extensions.EventLogCollector.dll
TpTrace Verbose: 0 : 23316, 1, 2024/07/03, 16:25:50.778, 130170945407, vstest.console.dll, MetadataReaderExtensionsHelper: Discovering extensions inside assembly 'Microsoft.TestPlatform.Extensions.EventLogCollector, Version=15.0.0.0, Culture=neutral, PublicKeyToken=b03f5f7f11d50a3a' file path 'C:\Program Files\dotnet\sdk\8.0.302\Extensions\Microsoft.TestPlatform.Extensions.EventLogCollector.dll'
TpTrace Information: 0 : 23316, 1, 2024/07/03, 16:25:50.783, 130171001957, vstest.console.dll, AssemblyResolver.OnResolve: Microsoft.TestPlatform.TestHostRuntimeProvider: Resolving assembly.
TpTrace Information: 0 : 23316, 1, 2024/07/03, 16:25:50.783, 130171002537, vstest.console.dll, AssemblyResolver.OnResolve: Microsoft.TestPlatform.TestHostRuntimeProvider: Searching in: 'C:\Program Files\dotnet\sdk\8.0.302\Extensions'.
TpTrace Information: 0 : 23316, 1, 2024/07/03, 16:25:50.785, 130171016003, vstest.console.dll, AssemblyResolver.OnResolve: Microsoft.TestPlatform.TestHostRuntimeProvider: Loading assembly 'C:\Program Files\dotnet\sdk\8.0.302\Extensions\Microsoft.TestPlatform.TestHostRuntimeProvider.dll'.
TpTrace Information: 0 : 23316, 1, 2024/07/03, 16:25:50.786, 130171027105, vstest.console.dll, AssemblyResolver.OnResolve: Resolved assembly: Microsoft.TestPlatform.TestHostRuntimeProvider, from path: C:\Program Files\dotnet\sdk\8.0.302\Extensions\Microsoft.TestPlatform.TestHostRuntimeProvider.dll
TpTrace Verbose: 0 : 23316, 1, 2024/07/03, 16:25:50.786, 130171027611, vstest.console.dll, MetadataReaderExtensionsHelper: Discovering extensions inside assembly 'Microsoft.TestPlatform.TestHostRuntimeProvider, Version=15.0.0.0, Culture=neutral, PublicKeyToken=b03f5f7f11d50a3a' file path 'C:\Program Files\dotnet\sdk\8.0.302\Extensions\Microsoft.TestPlatform.TestHostRuntimeProvider.dll'
TpTrace Information: 0 : 23316, 1, 2024/07/03, 16:25:50.788, 130171046225, vstest.console.dll, GetTestExtensionFromType: Register extension with identifier data 'HostProvider://DefaultTestHost' and type 'Microsoft.VisualStudio.TestPlatform.CrossPlatEngine.Hosting.DefaultTestHostManager, Microsoft.TestPlatform.TestHostRuntimeProvider, Version=15.0.0.0, Culture=neutral, PublicKeyToken=b03f5f7f11d50a3a' inside file 'C:\Program Files\dotnet\sdk\8.0.302\Extensions\Microsoft.TestPlatform.TestHostRuntimeProvider.dll'
TpTrace Information: 0 : 23316, 1, 2024/07/03, 16:25:50.788, 130171048190, vstest.console.dll, GetTestExtensionFromType: Register extension with identifier data 'HostProvider://DotnetTestHost' and type 'Microsoft.VisualStudio.TestPlatform.CrossPlatEngine.Hosting.DotnetTestHostManager, Microsoft.TestPlatform.TestHostRuntimeProvider, Version=15.0.0.0, Culture=neutral, PublicKeyToken=b03f5f7f11d50a3a' inside file 'C:\Program Files\dotnet\sdk\8.0.302\Extensions\Microsoft.TestPlatform.TestHostRuntimeProvider.dll'
TpTrace Information: 0 : 23316, 1, 2024/07/03, 16:25:50.788, 130171048723, vstest.console.dll, AssemblyResolver.OnResolve: Microsoft.VisualStudio.TestPlatform.Extensions.Html.TestLogger: Resolving assembly.
TpTrace Information: 0 : 23316, 1, 2024/07/03, 16:25:50.788, 130171049014, vstest.console.dll, AssemblyResolver.OnResolve: Microsoft.VisualStudio.TestPlatform.Extensions.Html.TestLogger: Searching in: 'C:\Program Files\dotnet\sdk\8.0.302\Extensions'.
TpTrace Information: 0 : 23316, 1, 2024/07/03, 16:25:50.789, 130171062892, vstest.console.dll, AssemblyResolver.OnResolve: Microsoft.VisualStudio.TestPlatform.Extensions.Html.TestLogger: Loading assembly 'C:\Program Files\dotnet\sdk\8.0.302\Extensions\Microsoft.VisualStudio.TestPlatform.Extensions.Html.TestLogger.dll'.
TpTrace Information: 0 : 23316, 1, 2024/07/03, 16:25:50.791, 130171074616, vstest.console.dll, AssemblyResolver.OnResolve: Resolved assembly: Microsoft.VisualStudio.TestPlatform.Extensions.Html.TestLogger, from path: C:\Program Files\dotnet\sdk\8.0.302\Extensions\Microsoft.VisualStudio.TestPlatform.Extensions.Html.TestLogger.dll
TpTrace Verbose: 0 : 23316, 1, 2024/07/03, 16:25:50.791, 130171075103, vstest.console.dll, MetadataReaderExtensionsHelper: Discovering extensions inside assembly 'Microsoft.VisualStudio.TestPlatform.Extensions.Html.TestLogger, Version=15.0.0.0, Culture=neutral, PublicKeyToken=b03f5f7f11d50a3a' file path 'C:\Program Files\dotnet\sdk\8.0.302\Extensions\Microsoft.VisualStudio.TestPlatform.Extensions.Html.TestLogger.dll'
TpTrace Information: 0 : 23316, 1, 2024/07/03, 16:25:50.792, 130171087744, vstest.console.dll, AssemblyResolver.OnResolve: Microsoft.VisualStudio.TestPlatform.Extensions.Trx.TestLogger: Resolving assembly.
TpTrace Information: 0 : 23316, 1, 2024/07/03, 16:25:50.792, 130171088238, vstest.console.dll, AssemblyResolver.OnResolve: Microsoft.VisualStudio.TestPlatform.Extensions.Trx.TestLogger: Searching in: 'C:\Program Files\dotnet\sdk\8.0.302\Extensions'.
TpTrace Information: 0 : 23316, 1, 2024/07/03, 16:25:50.793, 130171103384, vstest.console.dll, AssemblyResolver.OnResolve: Microsoft.VisualStudio.TestPlatform.Extensions.Trx.TestLogger: Loading assembly 'C:\Program Files\dotnet\sdk\8.0.302\Extensions\Microsoft.VisualStudio.TestPlatform.Extensions.Trx.TestLogger.dll'.
TpTrace Information: 0 : 23316, 1, 2024/07/03, 16:25:50.795, 130171115739, vstest.console.dll, AssemblyResolver.OnResolve: Resolved assembly: Microsoft.VisualStudio.TestPlatform.Extensions.Trx.TestLogger, from path: C:\Program Files\dotnet\sdk\8.0.302\Extensions\Microsoft.VisualStudio.TestPlatform.Extensions.Trx.TestLogger.dll
TpTrace Verbose: 0 : 23316, 1, 2024/07/03, 16:25:50.795, 130171116248, vstest.console.dll, MetadataReaderExtensionsHelper: Discovering extensions inside assembly 'Microsoft.VisualStudio.TestPlatform.Extensions.Trx.TestLogger, Version=15.0.0.0, Culture=neutral, PublicKeyToken=b03f5f7f11d50a3a' file path 'C:\Program Files\dotnet\sdk\8.0.302\Extensions\Microsoft.VisualStudio.TestPlatform.Extensions.Trx.TestLogger.dll'
TpTrace Verbose: 0 : 23316, 1, 2024/07/03, 16:25:50.796, 130171131609, vstest.console.dll, TestPluginCache: Discovered the extensions using extension path ''.
TpTrace Verbose: 0 : 23316, 1, 2024/07/03, 16:25:50.796, 130171132187, vstest.console.dll, TestPluginCache: Discoverers are ''.
TpTrace Verbose: 0 : 23316, 1, 2024/07/03, 16:25:50.796, 130171132327, vstest.console.dll, TestPluginCache: Executors are ''.
TpTrace Verbose: 0 : 23316, 1, 2024/07/03, 16:25:50.796, 130171132448, vstest.console.dll, TestPluginCache: Executors2 are ''.
TpTrace Verbose: 0 : 23316, 1, 2024/07/03, 16:25:50.796, 130171132569, vstest.console.dll, TestPluginCache: Setting providers are ''.
TpTrace Verbose: 0 : 23316, 1, 2024/07/03, 16:25:50.796, 130171132689, vstest.console.dll, TestPluginCache: Loggers are ''.
TpTrace Verbose: 0 : 23316, 1, 2024/07/03, 16:25:50.796, 130171133169, vstest.console.dll, TestPluginCache: TestHosts are 'HostProvider://DefaultTestHost,HostProvider://DotnetTestHost'.
TpTrace Verbose: 0 : 23316, 1, 2024/07/03, 16:25:50.796, 130171133369, vstest.console.dll, TestPluginCache: DataCollectors are ''.
TpTrace Information: 0 : 23316, 1, 2024/07/03, 16:25:50.817, 130171341014, vstest.console.dll, RunTestsArgumentProcessor:Execute: Test run is starting.
TpTrace Verbose: 0 : 23316, 1, 2024/07/03, 16:25:50.817, 130171341831, vstest.console.dll, RunTestsArgumentProcessor:Execute: Queuing Test run.
TpTrace Information: 0 : 23316, 1, 2024/07/03, 16:25:50.817, 130171343193, vstest.console.dll, TestRequestManager.RunTests: run tests started.
TpTrace Information: 0 : 23316, 1, 2024/07/03, 16:25:50.978, 130172944703, vstest.console.dll, AssemblyMetadataProvider.GetFrameworkName: Determined framework:'.NETCoreApp,Version=v8.0' for source: 'C:\Users\brandon.ku\source\repos\OCProjet7_Findexium\P7CreateRestApi.Tests\bin\Debug\net8.0\fine-code-coverage\build-output\P7CreateRestApi.Tests.dll'
TpTrace Information: 0 : 23316, 1, 2024/07/03, 16:25:50.978, 130172946648, vstest.console.dll, Determined framework for all sources: .NETCoreApp,Version=v8.0
TpTrace Verbose: 0 : 23316, 1, 2024/07/03, 16:25:50.978, 130172949549, vstest.console.dll, TestRequestManager.UpdateRunSettingsIfRequired: Default architecture: X64 IsDefaultTargetArchitecture: True, Current process architecture: X64 OperatingSystem: Windows.
TpTrace Information: 0 : 23316, 1, 2024/07/03, 16:25:50.981, 130172980698, vstest.console.dll, AssemblyMetadataProvider.GetArchitecture: Determined architecture:AnyCPU info for assembly: C:\Users\brandon.ku\source\repos\OCProjet7_Findexium\P7CreateRestApi.Tests\bin\Debug\net8.0\fine-code-coverage\build-output\P7CreateRestApi.Tests.dll
TpTrace Information: 0 : 23316, 1, 2024/07/03, 16:25:50.981, 130172981203, vstest.console.dll, Determined platform for source 'C:\Users\brandon.ku\source\repos\OCProjet7_Findexium\P7CreateRestApi.Tests\bin\Debug\net8.0\fine-code-coverage\build-output\P7CreateRestApi.Tests.dll' was AnyCPU and it will use the default plaform X64.
TpTrace Information: 0 : 23316, 1, 2024/07/03, 16:25:50.981, 130172981377, vstest.console.dll, None of the sources provided any runnable platform, using the default platform: X64
TpTrace Information: 0 : 23316, 1, 2024/07/03, 16:25:50.981, 130172982015, vstest.console.dll, Platform was updated to 'X64'.
TpTrace Information: 0 : 23316, 1, 2024/07/03, 16:25:50.983, 130173003349, vstest.console.dll, InferRunSettingsHelper.IsTestSettingsEnabled: Unable to navigate to RunSettings/MSTest. Current node: RunSettings
TpTrace Information: 0 : 23316, 1, 2024/07/03, 16:25:50.984, 130173007734, vstest.console.dll, AssemblyResolver.OnResolve: Microsoft.VisualStudio.TestPlatform.Fakes: Resolving assembly.
TpTrace Information: 0 : 23316, 1, 2024/07/03, 16:25:50.984, 130173008262, vstest.console.dll, AssemblyResolver.OnResolve: Microsoft.VisualStudio.TestPlatform.Fakes: Searching in: 'C:\Program Files\dotnet\sdk\8.0.302\Extensions'.
TpTrace Information: 0 : 23316, 1, 2024/07/03, 16:25:50.984, 130173009377, vstest.console.dll, AssemblyResolver.OnResolve: Microsoft.VisualStudio.TestPlatform.Fakes: Assembly path does not exist: 'C:\Program Files\dotnet\sdk\8.0.302\Extensions\Microsoft.VisualStudio.TestPlatform.Fakes.dll', returning.
TpTrace Information: 0 : 23316, 1, 2024/07/03, 16:25:50.984, 130173010031, vstest.console.dll, AssemblyResolver.OnResolve: Microsoft.VisualStudio.TestPlatform.Fakes: Assembly path does not exist: 'C:\Program Files\dotnet\sdk\8.0.302\Extensions\Microsoft.VisualStudio.TestPlatform.Fakes.exe', returning.
TpTrace Information: 0 : 23316, 1, 2024/07/03, 16:25:50.984, 130173010217, vstest.console.dll, AssemblyResolver.OnResolve: Microsoft.VisualStudio.TestPlatform.Fakes: Searching in: 'C:\Program Files\dotnet\sdk\8.0.302'.
TpTrace Information: 0 : 23316, 1, 2024/07/03, 16:25:50.984, 130173010823, vstest.console.dll, AssemblyResolver.OnResolve: Microsoft.VisualStudio.TestPlatform.Fakes: Assembly path does not exist: 'C:\Program Files\dotnet\sdk\8.0.302\Microsoft.VisualStudio.TestPlatform.Fakes.dll', returning.
TpTrace Information: 0 : 23316, 1, 2024/07/03, 16:25:50.984, 130173011475, vstest.console.dll, AssemblyResolver.OnResolve: Microsoft.VisualStudio.TestPlatform.Fakes: Assembly path does not exist: 'C:\Program Files\dotnet\sdk\8.0.302\Microsoft.VisualStudio.TestPlatform.Fakes.exe', returning.
TpTrace Information: 0 : 23316, 1, 2024/07/03, 16:25:50.984, 130173011648, vstest.console.dll, AssemblyResolver.OnResolve: Microsoft.VisualStudio.TestPlatform.Fakes: Failed to load assembly.
TpTrace Information: 0 : 23316, 1, 2024/07/03, 16:25:50.984, 130173013771, vstest.console.dll, Failed to load assembly Microsoft.VisualStudio.TestPlatform.Fakes, Version=17.0.0.0, Culture=neutral. Reason:System.IO.FileNotFoundException: Could not load file or assembly 'Microsoft.VisualStudio.TestPlatform.Fakes, Version=17.0.0.0, Culture=neutral, PublicKeyToken=null'. Le fichier spécifié est introuvable.
File name: 'Microsoft.VisualStudio.TestPlatform.Fakes, Version=17.0.0.0, Culture=neutral, PublicKeyToken=null'
   at System.Reflection.RuntimeAssembly.InternalLoad(AssemblyName assemblyName, StackCrawlMark& stackMark, AssemblyLoadContext assemblyLoadContext, RuntimeAssembly requestingAssembly, Boolean throwOnFileNotFound)
   at System.Reflection.Assembly.Load(AssemblyName assemblyRef)
   at Microsoft.VisualStudio.TestPlatform.Common.Utilities.FakesUtilities.LoadTestPlatformAssembly() in /_/src/Microsoft.TestPlatform.Common/Utilities/FakesUtilities.cs:line 272
TpTrace Verbose: 0 : 23316, 1, 2024/07/03, 16:25:50.987, 130173037481, vstest.console.dll, TestPluginCache.DiscoverTestExtensions: finding test extensions in assemblies ends with: TestLogger.dll TPluginInfo: Microsoft.VisualStudio.TestPlatform.Common.ExtensionFramework.Utilities.TestLoggerPluginInformation TExtension: Microsoft.VisualStudio.TestPlatform.ObjectModel.Client.ITestLogger
TpTrace Verbose: 0 : 23316, 1, 2024/07/03, 16:25:50.987, 130173038070, vstest.console.dll, TestPluginCache.GetExtensionPaths: Filtered extension paths: 
TpTrace Verbose: 0 : 23316, 1, 2024/07/03, 16:25:50.987, 130173038235, vstest.console.dll, TestPluginCache.GetExtensionPaths: Added default extension paths: C:\Program Files\dotnet\sdk\8.0.302\Extensions\Microsoft.Diagnostics.NETCore.Client.dll
C:\Program Files\dotnet\sdk\8.0.302\Extensions\Microsoft.TestPlatform.Extensions.BlameDataCollector.dll
C:\Program Files\dotnet\sdk\8.0.302\Extensions\Microsoft.TestPlatform.Extensions.EventLogCollector.dll
C:\Program Files\dotnet\sdk\8.0.302\Extensions\Microsoft.TestPlatform.TestHostRuntimeProvider.dll
C:\Program Files\dotnet\sdk\8.0.302\Extensions\Microsoft.VisualStudio.TestPlatform.Extensions.Html.TestLogger.dll
C:\Program Files\dotnet\sdk\8.0.302\Extensions\Microsoft.VisualStudio.TestPlatform.Extensions.Trx.TestLogger.dll
TpTrace Verbose: 0 : 23316, 1, 2024/07/03, 16:25:50.987, 130173038372, vstest.console.dll, TestPluginCache.GetExtensionPaths: Added unfilterableExtensionPaths: 
TpTrace Information: 0 : 23316, 1, 2024/07/03, 16:25:50.987, 130173039572, vstest.console.dll, AssemblyResolver.AddSearchDirectories: Adding more searchDirectories C:\Program Files\dotnet\sdk\8.0.302\Extensions,C:\Program Files\dotnet\sdk\8.0.302
TpTrace Verbose: 0 : 23316, 1, 2024/07/03, 16:25:50.987, 130173039881, vstest.console.dll, TestPluginCache.DiscoverTestExtensions: Discovering the extensions using extension path.
TpTrace Verbose: 0 : 23316, 1, 2024/07/03, 16:25:50.987, 130173040059, vstest.console.dll, TestPluginCache.GetExtensionPaths: Filtered extension paths: 
TpTrace Verbose: 0 : 23316, 1, 2024/07/03, 16:25:50.987, 130173040230, vstest.console.dll, TestPluginCache.GetExtensionPaths: Added default extension paths: C:\Program Files\dotnet\sdk\8.0.302\Extensions\Microsoft.Diagnostics.NETCore.Client.dll
C:\Program Files\dotnet\sdk\8.0.302\Extensions\Microsoft.TestPlatform.Extensions.BlameDataCollector.dll
C:\Program Files\dotnet\sdk\8.0.302\Extensions\Microsoft.TestPlatform.Extensions.EventLogCollector.dll
C:\Program Files\dotnet\sdk\8.0.302\Extensions\Microsoft.TestPlatform.TestHostRuntimeProvider.dll
C:\Program Files\dotnet\sdk\8.0.302\Extensions\Microsoft.VisualStudio.TestPlatform.Extensions.Html.TestLogger.dll
C:\Program Files\dotnet\sdk\8.0.302\Extensions\Microsoft.VisualStudio.TestPlatform.Extensions.Trx.TestLogger.dll
TpTrace Verbose: 0 : 23316, 1, 2024/07/03, 16:25:50.987, 130173040362, vstest.console.dll, TestPluginCache.GetExtensionPaths: Added unfilterableExtensionPaths: 
TpTrace Verbose: 0 : 23316, 1, 2024/07/03, 16:25:50.987, 130173040530, vstest.console.dll, TestPluginCache.DiscoverTestExtensions: Discovering the extensions using allExtensionPaths: C:\Program Files\dotnet\sdk\8.0.302\Extensions\Microsoft.Diagnostics.NETCore.Client.dll
C:\Program Files\dotnet\sdk\8.0.302\Extensions\Microsoft.TestPlatform.Extensions.BlameDataCollector.dll
C:\Program Files\dotnet\sdk\8.0.302\Extensions\Microsoft.TestPlatform.Extensions.EventLogCollector.dll
C:\Program Files\dotnet\sdk\8.0.302\Extensions\Microsoft.TestPlatform.TestHostRuntimeProvider.dll
C:\Program Files\dotnet\sdk\8.0.302\Extensions\Microsoft.VisualStudio.TestPlatform.Extensions.Html.TestLogger.dll
C:\Program Files\dotnet\sdk\8.0.302\Extensions\Microsoft.VisualStudio.TestPlatform.Extensions.Trx.TestLogger.dll
TpTrace Information: 0 : 23316, 1, 2024/07/03, 16:25:50.987, 130173041223, vstest.console.dll, AssemblyResolver.AddSearchDirectories: Adding more searchDirectories C:\Program Files\dotnet\sdk\8.0.302\Extensions,C:\Program Files\dotnet\sdk\8.0.302
TpTrace Information: 0 : 23316, 1, 2024/07/03, 16:25:50.987, 130173041435, vstest.console.dll, AssemblyResolver.AddSearchDirectories: Adding more searchDirectories C:\Program Files\dotnet\sdk\8.0.302\Extensions,C:\Program Files\dotnet\sdk\8.0.302
TpTrace Information: 0 : 23316, 1, 2024/07/03, 16:25:50.987, 130173041575, vstest.console.dll, AssemblyResolver.AddSearchDirectories: Adding more searchDirectories C:\Program Files\dotnet\sdk\8.0.302\Extensions,C:\Program Files\dotnet\sdk\8.0.302
TpTrace Information: 0 : 23316, 1, 2024/07/03, 16:25:50.987, 130173041710, vstest.console.dll, AssemblyResolver.AddSearchDirectories: Adding more searchDirectories C:\Program Files\dotnet\sdk\8.0.302\Extensions,C:\Program Files\dotnet\sdk\8.0.302
TpTrace Information: 0 : 23316, 1, 2024/07/03, 16:25:50.987, 130173041843, vstest.console.dll, AssemblyResolver.AddSearchDirectories: Adding more searchDirectories C:\Program Files\dotnet\sdk\8.0.302\Extensions,C:\Program Files\dotnet\sdk\8.0.302
TpTrace Information: 0 : 23316, 1, 2024/07/03, 16:25:50.987, 130173042024, vstest.console.dll, AssemblyResolver.AddSearchDirectories: Adding more searchDirectories C:\Program Files\dotnet\sdk\8.0.302\Extensions,C:\Program Files\dotnet\sdk\8.0.302
TpTrace Verbose: 0 : 23316, 1, 2024/07/03, 16:25:50.987, 130173042669, vstest.console.dll, MetadataReaderExtensionsHelper: Discovering extensions inside assembly 'Microsoft.Diagnostics.NETCore.Client, Version=0.2.10.15101, Culture=neutral, PublicKeyToken=31bf3856ad364e35' file path 'C:\Program Files\dotnet\sdk\8.0.302\Extensions\Microsoft.Diagnostics.NETCore.Client.dll'
TpTrace Information: 0 : 23316, 1, 2024/07/03, 16:25:50.989, 130173061024, vstest.console.dll, AssemblyResolver.OnResolve: Microsoft.Bcl.AsyncInterfaces: Resolving assembly.
TpTrace Information: 0 : 23316, 1, 2024/07/03, 16:25:50.989, 130173061401, vstest.console.dll, AssemblyResolver.OnResolve: Microsoft.Bcl.AsyncInterfaces: Resolved from cache.
TpTrace Verbose: 0 : 23316, 1, 2024/07/03, 16:25:50.989, 130173061552, vstest.console.dll, CurrentDomainAssemblyResolve: Resolving assembly 'Microsoft.Bcl.AsyncInterfaces'.
TpTrace Information: 0 : 23316, 1, 2024/07/03, 16:25:50.989, 130173061779, vstest.console.dll, AssemblyResolver.OnResolve: Microsoft.Bcl.AsyncInterfaces: Resolving assembly.
TpTrace Information: 0 : 23316, 1, 2024/07/03, 16:25:50.989, 130173061910, vstest.console.dll, AssemblyResolver.OnResolve: Microsoft.Bcl.AsyncInterfaces: Resolved from cache.
TpTrace Verbose: 0 : 23316, 1, 2024/07/03, 16:25:50.989, 130173062058, vstest.console.dll, CurrentDomainAssemblyResolve: Resolving assembly 'Microsoft.Bcl.AsyncInterfaces'.
TpTrace Verbose: 0 : 23316, 1, 2024/07/03, 16:25:50.989, 130173062181, vstest.console.dll, CurrentDomainAssemblyResolve: Failed to resolve assembly 'Microsoft.Bcl.AsyncInterfaces'.
TpTrace Verbose: 0 : 23316, 1, 2024/07/03, 16:25:50.989, 130173062961, vstest.console.dll, CurrentDomainAssemblyResolve: Failed to resolve assembly 'Microsoft.Bcl.AsyncInterfaces'.
TpTrace Warning: 0 : 23316, 1, 2024/07/03, 16:25:50.990, 130173064907, vstest.console.dll, TestPluginDiscoverer: Failed to get types from assembly 'Microsoft.Diagnostics.NETCore.Client, Version=0.2.10.15101, Culture=neutral, PublicKeyToken=31bf3856ad364e35'. Error: System.Reflection.ReflectionTypeLoadException: Unable to load one or more of the requested types.
Could not load file or assembly 'Microsoft.Bcl.AsyncInterfaces, Version=6.0.0.0, Culture=neutral, PublicKeyToken=cc7b13ffcd2ddd51'. Le fichier spécifié est introuvable.
   at System.Reflection.RuntimeModule.GetTypes(RuntimeModule module)
   at System.Reflection.RuntimeModule.GetTypes()
   at Microsoft.VisualStudio.TestPlatform.Common.ExtensionFramework.TestPluginDiscoverer.GetTestExtensionsFromAssembly[TPluginInfo,TExtension](Assembly assembly, Dictionary`2 pluginInfos, String filePath) in /_/src/Microsoft.TestPlatform.Common/ExtensionFramework/TestPluginDiscoverer.cs:line 158
System.IO.FileNotFoundException: Could not load file or assembly 'Microsoft.Bcl.AsyncInterfaces, Version=6.0.0.0, Culture=neutral, PublicKeyToken=cc7b13ffcd2ddd51'. Le fichier spécifié est introuvable.
File name: 'Microsoft.Bcl.AsyncInterfaces, Version=6.0.0.0, Culture=neutral, PublicKeyToken=cc7b13ffcd2ddd51'
 ---> System.IO.FileNotFoundException: Could not load file or assembly 'Microsoft.Bcl.AsyncInterfaces, Culture=neutral, PublicKeyToken=null'. Le fichier spécifié est introuvable.
File name: 'Microsoft.Bcl.AsyncInterfaces, Culture=neutral, PublicKeyToken=null'
   at System.Reflection.RuntimeAssembly.InternalLoad(AssemblyName assemblyName, StackCrawlMark& stackMark, AssemblyLoadContext assemblyLoadContext, RuntimeAssembly requestingAssembly, Boolean throwOnFileNotFound)
   at System.Reflection.Assembly.Load(AssemblyName assemblyRef)
   at Microsoft.VisualStudio.TestPlatform.Common.ExtensionFramework.TestPluginCache.CurrentDomainAssemblyResolve(Object sender, AssemblyResolveEventArgs args) in /_/src/Microsoft.TestPlatform.Common/ExtensionFramework/TestPluginCache.cs:line 513
   at System.Runtime.Loader.AssemblyLoadContext.GetFirstResolvedAssemblyFromResolvingEvent(AssemblyName assemblyName)
   at System.Runtime.Loader.AssemblyLoadContext.ResolveUsingEvent(AssemblyName assemblyName)
   at System.Runtime.Loader.AssemblyLoadContext.ResolveUsingResolvingEvent(IntPtr gchManagedAssemblyLoadContext, AssemblyName assemblyName)
TpTrace Warning: 0 : 23316, 1, 2024/07/03, 16:25:50.990, 130173065785, vstest.console.dll, LoaderExceptions: System.IO.FileNotFoundException: Could not load file or assembly 'Microsoft.Bcl.AsyncInterfaces, Version=6.0.0.0, Culture=neutral, PublicKeyToken=cc7b13ffcd2ddd51'. Le fichier spécifié est introuvable.
File name: 'Microsoft.Bcl.AsyncInterfaces, Version=6.0.0.0, Culture=neutral, PublicKeyToken=cc7b13ffcd2ddd51'
 ---> System.IO.FileNotFoundException: Could not load file or assembly 'Microsoft.Bcl.AsyncInterfaces, Culture=neutral, PublicKeyToken=null'. Le fichier spécifié est introuvable.
File name: 'Microsoft.Bcl.AsyncInterfaces, Culture=neutral, PublicKeyToken=null'
   at System.Reflection.RuntimeAssembly.InternalLoad(AssemblyName assemblyName, StackCrawlMark& stackMark, AssemblyLoadContext assemblyLoadContext, RuntimeAssembly requestingAssembly, Boolean throwOnFileNotFound)
   at System.Reflection.Assembly.Load(AssemblyName assemblyRef)
   at Microsoft.VisualStudio.TestPlatform.Common.ExtensionFramework.TestPluginCache.CurrentDomainAssemblyResolve(Object sender, AssemblyResolveEventArgs args) in /_/src/Microsoft.TestPlatform.Common/ExtensionFramework/TestPluginCache.cs:line 513
   at System.Runtime.Loader.AssemblyLoadContext.GetFirstResolvedAssemblyFromResolvingEvent(AssemblyName assemblyName)
   at System.Runtime.Loader.AssemblyLoadContext.ResolveUsingEvent(AssemblyName assemblyName)
   at System.Runtime.Loader.AssemblyLoadContext.ResolveUsingResolvingEvent(IntPtr gchManagedAssemblyLoadContext, AssemblyName assemblyName)
TpTrace Verbose: 0 : 23316, 1, 2024/07/03, 16:25:50.990, 130173066291, vstest.console.dll, MetadataReaderExtensionsHelper: Discovering extensions inside assembly 'Microsoft.TestPlatform.Extensions.BlameDataCollector, Version=15.0.0.0, Culture=neutral, PublicKeyToken=b03f5f7f11d50a3a' file path 'C:\Program Files\dotnet\sdk\8.0.302\Extensions\Microsoft.TestPlatform.Extensions.BlameDataCollector.dll'
TpTrace Information: 0 : 23316, 1, 2024/07/03, 16:25:50.991, 130173081261, vstest.console.dll, GetTestExtensionFromType: Register extension with identifier data 'logger://Microsoft/TestPlatform/Extensions/Blame/v1' and type 'Microsoft.TestPlatform.Extensions.BlameDataCollector.BlameLogger, Microsoft.TestPlatform.Extensions.BlameDataCollector, Version=15.0.0.0, Culture=neutral, PublicKeyToken=b03f5f7f11d50a3a' inside file 'C:\Program Files\dotnet\sdk\8.0.302\Extensions\Microsoft.TestPlatform.Extensions.BlameDataCollector.dll'
TpTrace Verbose: 0 : 23316, 1, 2024/07/03, 16:25:50.991, 130173081705, vstest.console.dll, MetadataReaderExtensionsHelper: Discovering extensions inside assembly 'Microsoft.TestPlatform.Extensions.EventLogCollector, Version=15.0.0.0, Culture=neutral, PublicKeyToken=b03f5f7f11d50a3a' file path 'C:\Program Files\dotnet\sdk\8.0.302\Extensions\Microsoft.TestPlatform.Extensions.EventLogCollector.dll'
TpTrace Verbose: 0 : 23316, 1, 2024/07/03, 16:25:50.992, 130173093281, vstest.console.dll, MetadataReaderExtensionsHelper: Discovering extensions inside assembly 'Microsoft.TestPlatform.TestHostRuntimeProvider, Version=15.0.0.0, Culture=neutral, PublicKeyToken=b03f5f7f11d50a3a' file path 'C:\Program Files\dotnet\sdk\8.0.302\Extensions\Microsoft.TestPlatform.TestHostRuntimeProvider.dll'
TpTrace Verbose: 0 : 23316, 1, 2024/07/03, 16:25:50.994, 130173104570, vstest.console.dll, MetadataReaderExtensionsHelper: Discovering extensions inside assembly 'Microsoft.VisualStudio.TestPlatform.Extensions.Html.TestLogger, Version=15.0.0.0, Culture=neutral, PublicKeyToken=b03f5f7f11d50a3a' file path 'C:\Program Files\dotnet\sdk\8.0.302\Extensions\Microsoft.VisualStudio.TestPlatform.Extensions.Html.TestLogger.dll'
TpTrace Information: 0 : 23316, 1, 2024/07/03, 16:25:50.995, 130173116424, vstest.console.dll, GetTestExtensionFromType: Register extension with identifier data 'logger://Microsoft/TestPlatform/HtmlLogger/v1' and type 'Microsoft.VisualStudio.TestPlatform.Extensions.HtmlLogger.HtmlLogger, Microsoft.VisualStudio.TestPlatform.Extensions.Html.TestLogger, Version=15.0.0.0, Culture=neutral, PublicKeyToken=b03f5f7f11d50a3a' inside file 'C:\Program Files\dotnet\sdk\8.0.302\Extensions\Microsoft.VisualStudio.TestPlatform.Extensions.Html.TestLogger.dll'
TpTrace Verbose: 0 : 23316, 1, 2024/07/03, 16:25:50.995, 130173116833, vstest.console.dll, MetadataReaderExtensionsHelper: Discovering extensions inside assembly 'Microsoft.VisualStudio.TestPlatform.Extensions.Trx.TestLogger, Version=15.0.0.0, Culture=neutral, PublicKeyToken=b03f5f7f11d50a3a' file path 'C:\Program Files\dotnet\sdk\8.0.302\Extensions\Microsoft.VisualStudio.TestPlatform.Extensions.Trx.TestLogger.dll'
TpTrace Information: 0 : 23316, 1, 2024/07/03, 16:25:50.996, 130173128179, vstest.console.dll, GetTestExtensionFromType: Register extension with identifier data 'logger://Microsoft/TestPlatform/TrxLogger/v1' and type 'Microsoft.VisualStudio.TestPlatform.Extensions.TrxLogger.TrxLogger, Microsoft.VisualStudio.TestPlatform.Extensions.Trx.TestLogger, Version=15.0.0.0, Culture=neutral, PublicKeyToken=b03f5f7f11d50a3a' inside file 'C:\Program Files\dotnet\sdk\8.0.302\Extensions\Microsoft.VisualStudio.TestPlatform.Extensions.Trx.TestLogger.dll'
TpTrace Verbose: 0 : 23316, 1, 2024/07/03, 16:25:50.996, 130173128673, vstest.console.dll, TestPluginCache: Discovered the extensions using extension path ''.
TpTrace Verbose: 0 : 23316, 1, 2024/07/03, 16:25:50.996, 130173128830, vstest.console.dll, TestPluginCache: Discoverers are ''.
TpTrace Verbose: 0 : 23316, 1, 2024/07/03, 16:25:50.996, 130173128949, vstest.console.dll, TestPluginCache: Executors are ''.
TpTrace Verbose: 0 : 23316, 1, 2024/07/03, 16:25:50.996, 130173129060, vstest.console.dll, TestPluginCache: Executors2 are ''.
TpTrace Verbose: 0 : 23316, 1, 2024/07/03, 16:25:50.996, 130173129224, vstest.console.dll, TestPluginCache: Setting providers are ''.
TpTrace Verbose: 0 : 23316, 1, 2024/07/03, 16:25:50.996, 130173129580, vstest.console.dll, TestPluginCache: Loggers are 'logger://Microsoft/TestPlatform/Extensions/Blame/v1,logger://Microsoft/TestPlatform/HtmlLogger/v1,logger://Microsoft/TestPlatform/TrxLogger/v1'.
TpTrace Verbose: 0 : 23316, 1, 2024/07/03, 16:25:50.996, 130173129804, vstest.console.dll, TestPluginCache: TestHosts are 'HostProvider://DefaultTestHost,HostProvider://DotnetTestHost'.
TpTrace Verbose: 0 : 23316, 1, 2024/07/03, 16:25:50.996, 130173129936, vstest.console.dll, TestPluginCache: DataCollectors are ''.
TpTrace Information: 0 : 23316, 1, 2024/07/03, 16:25:50.997, 130173135018, vstest.console.dll, TestPluginManager.CreateTestExtension: Attempting to load test extension: Microsoft.TestPlatform.Extensions.BlameDataCollector.BlameLogger
TpTrace Verbose: 0 : 23316, 1, 2024/07/03, 16:25:51.006, 130173226811, vstest.console.dll, TestEngine: Initializing Parallel Execution as MaxCpuCount is set to: 1
TpTrace Information: 0 : 23316, 1, 2024/07/03, 16:25:51.007, 130173236446, vstest.console.dll, TestPluginManager.CreateTestExtension: Attempting to load test extension: Microsoft.VisualStudio.TestPlatform.CrossPlatEngine.Hosting.DefaultTestHostManager
TpTrace Information: 0 : 23316, 1, 2024/07/03, 16:25:51.009, 130173258099, vstest.console.dll, TestPluginManager.CreateTestExtension: Attempting to load test extension: Microsoft.VisualStudio.TestPlatform.CrossPlatEngine.Hosting.DotnetTestHostManager
TpTrace Information: 0 : 23316, 1, 2024/07/03, 16:25:51.009, 130173261523, vstest.console.dll, InferRunSettingsHelper.IsTestSettingsEnabled: Unable to navigate to RunSettings/MSTest. Current node: RunSettings
TpTrace Verbose: 0 : 23316, 1, 2024/07/03, 16:25:51.010, 130173264661, vstest.console.dll, ParallelOperationManager.ClearSlots: Clearing all slots. Slots should accept more work: True
TpTrace Verbose: 0 : 23316, 1, 2024/07/03, 16:25:51.010, 130173268637, vstest.console.dll, ParallelOperationManager.SetOccupiedSlotCount: Setting slot counts AvailableSlotCount = 1, OccupiedSlotCount = 0.
TpTrace Verbose: 0 : 23316, 1, 2024/07/03, 16:25:51.010, 130173270827, vstest.console.dll, Occupied slots:

TpTrace Verbose: 0 : 23316, 1, 2024/07/03, 16:25:51.012, 130173290782, vstest.console.dll, TestEngine.GetExecutionManager: Chosen execution manager 'Microsoft.VisualStudio.TestPlatform.CrossPlatEngine.Client.Parallel.ParallelProxyExecutionManager, Microsoft.TestPlatform.CrossPlatEngine, Version=15.0.0.0, Culture=neutral, PublicKeyToken=b03f5f7f11d50a3a' ParallelLevel '1'.
TpTrace Verbose: 0 : 23316, 1, 2024/07/03, 16:25:51.012, 130173291558, vstest.console.dll, TestRunRequest.ExecuteAsync: Creating test run request.
TpTrace Verbose: 0 : 23316, 1, 2024/07/03, 16:25:51.012, 130173292932, vstest.console.dll, TestRunRequest.ExecuteAsync: Starting.
TpTrace Information: 0 : 23316, 1, 2024/07/03, 16:25:51.013, 130173299737, vstest.console.dll, TestRunRequest.ExecuteAsync: Starting run with settings:TestRunCriteria:
   KeepAlive=False,FrequencyOfRunStatsChangeEvent=10,RunStatsChangeEventTimeout=00:00:01.5000000,TestCaseFilter=,TestExecutorLauncher=
   Settingsxml=<RunSettings>
  <RunConfiguration>
    <ResultsDirectory>C:\Users\brandon.ku\source\repos\OCProjet7_Findexium\P7CreateRestApi.Tests\bin\Debug\net8.0\fine-code-coverage\coverage-tool-output</ResultsDirectory>
    <TargetPlatform>X64</TargetPlatform>
    <TargetFrameworkVersion>.NETCoreApp,Version=v8.0</TargetFrameworkVersion>
    <DesignMode>False</DesignMode>
    <CollectSourceInformation>False</CollectSourceInformation>
  </RunConfiguration>
  <LoggerRunSettings>
    <Loggers>
      <Logger friendlyName="blame" enabled="True" />
      <Logger friendlyName="Console" uri="logger://microsoft/TestPlatform/ConsoleLogger/v1" assemblyQualifiedName="Microsoft.VisualStudio.TestPlatform.CommandLine.Internal.ConsoleLogger, vstest.console, Version=15.0.0.0, Culture=neutral, PublicKeyToken=b03f5f7f11d50a3a" codeBase="C:\Program Files\dotnet\sdk\8.0.302\vstest.console.dll" enabled="True" />
    </Loggers>
  </LoggerRunSettings>
  <DataCollectionRunSettings>
    <DataCollectors>
      <DataCollector friendlyName="blame" enabled="True">
        <Configuration>
          <ResultsDirectory>C:\Users\brandon.ku\source\repos\OCProjet7_Findexium\P7CreateRestApi.Tests\bin\Debug\net8.0\fine-code-coverage\coverage-tool-output</ResultsDirectory>
        </Configuration>
      </DataCollector>
    </DataCollectors>
  </DataCollectionRunSettings>
</RunSettings>

TpTrace Verbose: 0 : 23316, 1, 2024/07/03, 16:25:51.013, 130173300078, vstest.console.dll, TestRunRequest.ExecuteAsync: Wait for the first run request is over.
TpTrace Verbose: 0 : 23316, 1, 2024/07/03, 16:25:51.013, 130173301808, vstest.console.dll, MulticastDelegateUtilities.SafeInvoke: TestRun.TestRunStart: Invoking callbacks was skipped because there are no subscribers.
TpTrace Verbose: 0 : 23316, 4, 2024/07/03, 16:25:51.014, 130173304244, vstest.console.dll, MulticastDelegateUtilities.SafeInvoke: InternalTestLoggerEvents.SendTestRunStart: Invoking callback 1/1 for Microsoft.VisualStudio.TestPlatform.CommandLine.Internal.ConsoleLogger., took 0 ms.
TpTrace Verbose: 0 : 23316, 1, 2024/07/03, 16:25:51.014, 130173308306, vstest.console.dll, ParallelProxyExecutionManager: Start execution. Total sources: 1
TpTrace Verbose: 0 : 23316, 1, 2024/07/03, 16:25:51.014, 130173310244, vstest.console.dll, ParallelOperationManager.StartWork: Starting adding 1 workloads.
TpTrace Verbose: 0 : 23316, 1, 2024/07/03, 16:25:51.014, 130173310595, vstest.console.dll, ParallelOperationManager.ClearSlots: Clearing all slots. Slots should accept more work: True
TpTrace Verbose: 0 : 23316, 1, 2024/07/03, 16:25:51.014, 130173310939, vstest.console.dll, ParallelOperationManager.SetOccupiedSlotCount: Setting slot counts AvailableSlotCount = 1, OccupiedSlotCount = 0.
TpTrace Verbose: 0 : 23316, 1, 2024/07/03, 16:25:51.014, 130173311170, vstest.console.dll, Occupied slots:

TpTrace Verbose: 0 : 23316, 1, 2024/07/03, 16:25:51.015, 130173319837, vstest.console.dll, TestRequestSender is acting as server.
TpTrace Verbose: 0 : 23316, 1, 2024/07/03, 16:25:51.016, 130173328025, vstest.console.dll, ParallelOperationManager.RunWorkInParallel: Adding 1 workload to slot, remaining workloads 0.
TpTrace Verbose: 0 : 23316, 1, 2024/07/03, 16:25:51.016, 130173328484, vstest.console.dll, ParallelOperationManager.SetOccupiedSlotCount: Setting slot counts AvailableSlotCount = 0, OccupiedSlotCount = 1.
TpTrace Verbose: 0 : 23316, 1, 2024/07/03, 16:25:51.016, 130173329136, vstest.console.dll, Occupied slots:
0: C:\Users\brandon.ku\source\repos\OCProjet7_Findexium\P7CreateRestApi.Tests\bin\Debug\net8.0\fine-code-coverage\build-output\P7CreateRestApi.Tests.dll
TpTrace Verbose: 0 : 23316, 1, 2024/07/03, 16:25:51.017, 130173335448, vstest.console.dll, ParallelOperationManager.RunWorkInParallel: Started host in slot number 0 for work (source): C:\Users\brandon.ku\source\repos\OCProjet7_Findexium\P7CreateRestApi.Tests\bin\Debug\net8.0\fine-code-coverage\build-output\P7CreateRestApi.Tests.dll.
TpTrace Verbose: 0 : 23316, 1, 2024/07/03, 16:25:51.018, 130173344589, vstest.console.dll, ParallelOperationManager.RunWorkInParallel: We started 1 work items, which is the max parallel level. Won't start more work.
TpTrace Verbose: 0 : 23316, 1, 2024/07/03, 16:25:51.018, 130173344956, vstest.console.dll, ParallelOperationManager.RunWorkInParallel: We started 1 work items in here, returning True.
TpTrace Information: 0 : 23316, 1, 2024/07/03, 16:25:51.018, 130173345132, vstest.console.dll, TestRunRequest.ExecuteAsync: Started.
TpTrace Verbose: 0 : 23316, 5, 2024/07/03, 16:25:51.018, 130173345254, vstest.console.dll, ParallelProxyExecutionManager.StartTestRunOnConcurrentManager: Initializing uninitialized client. Started clients: 0
TpTrace Verbose: 0 : 23316, 5, 2024/07/03, 16:25:51.018, 130173346802, vstest.console.dll, DataCollectionRequestSender.InitializeCommunication : Initialize communication. 
TpTrace Verbose: 0 : 23316, 1, 2024/07/03, 16:25:51.018, 130173349716, vstest.console.dll, TestRunRequest.WaitForCompletion: Waiting with timeout -1.
TpTrace Information: 0 : 23316, 5, 2024/07/03, 16:25:51.026, 130173425046, vstest.console.dll, Listening on Endpoint : 127.0.0.1:56544
TpTrace Verbose: 0 : 23316, 5, 2024/07/03, 16:25:51.032, 130173489575, vstest.console.dll, DotnetDataCollectionLauncher: Adding  --runtimeconfig "C:\Program Files\dotnet\sdk\8.0.302\datacollector.runtimeconfig.json" in args
TpTrace Verbose: 0 : 23316, 5, 2024/07/03, 16:25:51.032, 130173490841, vstest.console.dll, DotnetDataCollectionLauncher: Adding  --depsfile "C:\Program Files\dotnet\sdk\8.0.302\datacollector.deps.json" in args
TpTrace Verbose: 0 : 23316, 5, 2024/07/03, 16:25:51.032, 130173491885, vstest.console.dll, DotnetDataCollectionLauncher: Full path of dotnet.exe is C:\Program Files\dotnet\dotnet.exe
TpTrace Information: 0 : 23316, 5, 2024/07/03, 16:25:51.045, 130173614297, vstest.console.dll, ProxyDataCollectionManager.Initialize: Launched datacollector processId: 4116 port: 56544
TpTrace Information: 0 : 23316, 5, 2024/07/03, 16:25:51.045, 130173615644, vstest.console.dll, ProxyDataCollectionManager.Initialize: waiting for connection with timeout: 90 seconds
TpTrace Verbose: 0 : 23316, 5, 2024/07/03, 16:25:51.045, 130173615991, vstest.console.dll, DataCollectionRequestSender.WaitForRequestHandlerConnection : Waiting for connection with timeout: 90000
TpTrace Information: 0 : 23316, 7, 2024/07/03, 16:25:51.337, 130176535792, vstest.console.dll, Using the buffer size of 16384 bytes
TpTrace Verbose: 0 : 23316, 5, 2024/07/03, 16:25:51.337, 130176535877, vstest.console.dll, SocketCommunicationManager.WaitForClientConnection took: 291 ms, with 90000 ms timeout, and finished with True.
TpTrace Information: 0 : 23316, 7, 2024/07/03, 16:25:51.337, 130176536989, vstest.console.dll, Accepted Client request and set the flag
TpTrace Verbose: 0 : 23316, 5, 2024/07/03, 16:25:51.337, 130176538196, vstest.console.dll, ProxyDataCollectionManager.InvokeDataCollectionServiceAction: Starting.
TpTrace Information: 0 : 23316, 5, 2024/07/03, 16:25:51.337, 130176538829, vstest.console.dll, ProxyDataCollectionManager.BeforeTestRunStart: Get environment variable and port for datacollector processId: 4116 port: 56544
TpTrace Verbose: 0 : 23316, 5, 2024/07/03, 16:25:51.337, 130176539997, vstest.console.dll, DataCollectionRequestSender.SendBeforeTestRunStartAndGetResult: Send BeforeTestRunStart message with settingsXml <RunSettings><RunConfiguration><ResultsDirectory>C:\Users\brandon.ku\source\repos\OCProjet7_Findexium\P7CreateRestApi.Tests\bin\Debug\net8.0\fine-code-coverage\coverage-tool-output</ResultsDirectory><TargetPlatform>X64</TargetPlatform><TargetFrameworkVersion>.NETCoreApp,Version=v8.0</TargetFrameworkVersion><DesignMode>False</DesignMode><CollectSourceInformation>False</CollectSourceInformation><TestAdaptersPaths>C:\Program Files\dotnet\sdk\8.0.302\Extensions</TestAdaptersPaths></RunConfiguration><LoggerRunSettings><Loggers><Logger friendlyName="blame" enabled="True" /><Logger friendlyName="Console" uri="logger://microsoft/TestPlatform/ConsoleLogger/v1" assemblyQualifiedName="Microsoft.VisualStudio.TestPlatform.CommandLine.Internal.ConsoleLogger, vstest.console, Version=15.0.0.0, Culture=neutral, PublicKeyToken=b03f5f7f11d50a3a" codeBase="C:\Program Files\dotnet\sdk\8.0.302\vstest.console.dll" enabled="True" /></Loggers></LoggerRunSettings><DataCollectionRunSettings><DataCollectors><DataCollector friendlyName="blame" enabled="True"><Configuration><ResultsDirectory>C:\Users\brandon.ku\source\repos\OCProjet7_Findexium\P7CreateRestApi.Tests\bin\Debug\net8.0\fine-code-coverage\coverage-tool-output</ResultsDirectory></Configuration></DataCollector></DataCollectors></DataCollectionRunSettings></RunSettings> and sources System.Collections.Generic.List`1[System.String]: 
TpTrace Verbose: 0 : 23316, 5, 2024/07/03, 16:25:51.427, 130177440542, vstest.console.dll, DataCollectionRequestSender.SendBeforeTestRunStartAndGetResult: Received message: (DataCollection.SendMessage) -> {"MessageType":"DataCollection.SendMessage","Payload":{"FriendlyName":null,"Uri":null,"TestCaseId":"00000000-0000-0000-0000-000000000000","Message":"Logging DataCollector Diagnostics in file: C:\\Users\\brandon.ku\\source\\repos\\OCProjet7_Findexium\\P7CreateRestApi.Tests\\bin\\Debug\\net8.0\\fine-code-coverage\\coverage-tool-output\\diagnostics.datacollector.24-07-03_16-25-51_03231_5.log","Level":0}}
TpTrace Verbose: 0 : 23316, 5, 2024/07/03, 16:25:51.511, 130178281787, vstest.console.dll, DataCollectionRequestSender.SendBeforeTestRunStartAndGetResult: Received message: (DataCollection.BeforeTestRunStartResult) -> {"MessageType":"DataCollection.BeforeTestRunStartResult","Payload":{"EnvironmentVariables":{},"DataCollectionEventsPort":56546}}
TpTrace Information: 0 : 23316, 5, 2024/07/03, 16:25:51.515, 130178314505, vstest.console.dll, ProxyDataCollectionManager.BeforeTestRunStart: SendBeforeTestRunStartAndGetResult successful, env variable from datacollector:   and testhost port: 56546
TpTrace Information: 0 : 23316, 5, 2024/07/03, 16:25:51.515, 130178315067, vstest.console.dll, ProxyDataCollectionManager.InvokeDataCollectionServiceAction: Completed.
TpTrace Verbose: 0 : 23316, 5, 2024/07/03, 16:25:51.515, 130178315349, vstest.console.dll, ParallelProxyExecutionManager.StartTestRunOnConcurrentManager: Initializing test run. Started clients: 0
TpTrace Verbose: 0 : 23316, 5, 2024/07/03, 16:25:51.515, 130178315943, vstest.console.dll, ProxyExecutionManager: Test host is always Lazy initialize.
TpTrace Verbose: 0 : 23316, 5, 2024/07/03, 16:25:51.515, 130178317261, vstest.console.dll, TestRequestSender.InitializeCommunication: initialize communication. 
TpTrace Information: 0 : 23316, 5, 2024/07/03, 16:25:51.515, 130178320848, vstest.console.dll, SocketServer.Start: Listening on endpoint : 127.0.0.1:56547
TpTrace Verbose: 0 : 23316, 5, 2024/07/03, 16:25:51.516, 130178326232, vstest.console.dll, DotnetTestHostmanager.GetTestHostProcessStartInfo: Platform environment 'X64' target architecture 'X64' framework '.NETCoreApp,Version=v8.0' OS 'Windows'
TpTrace Verbose: 0 : 23316, 5, 2024/07/03, 16:25:51.516, 130178330139, vstest.console.dll, DotnetTestHostmanager: Adding  --runtimeconfig "C:\Users\brandon.ku\source\repos\OCProjet7_Findexium\P7CreateRestApi.Tests\bin\Debug\net8.0\fine-code-coverage\build-output\P7CreateRestApi.Tests.runtimeconfig.json" in args
TpTrace Verbose: 0 : 23316, 5, 2024/07/03, 16:25:51.516, 130178331247, vstest.console.dll, DotnetTestHostmanager: Adding  --depsfile "C:\Users\brandon.ku\source\repos\OCProjet7_Findexium\P7CreateRestApi.Tests\bin\Debug\net8.0\fine-code-coverage\build-output\P7CreateRestApi.Tests.deps.json" in args
TpTrace Verbose: 0 : 23316, 5, 2024/07/03, 16:25:51.516, 130178332691, vstest.console.dll, DotnetTestHostmanager.IsWinOnArm: Current PROCESSOR_ARCHITECTURE from environment variable 'AMD64'
TpTrace Verbose: 0 : 23316, 5, 2024/07/03, 16:25:51.516, 130178333092, vstest.console.dll, DotnetTestHostmanager.IsWinOnArm: Is Windows on ARM 'False'
TpTrace Verbose: 0 : 23316, 5, 2024/07/03, 16:25:51.517, 130178334077, vstest.console.dll, DotnetTestHostManager: testhost.exe found at path: C:\Users\brandon.ku\source\repos\OCProjet7_Findexium\P7CreateRestApi.Tests\bin\Debug\net8.0\fine-code-coverage\build-output\testhost.exe
TpTrace Verbose: 0 : 23316, 5, 2024/07/03, 16:25:51.517, 130178334363, vstest.console.dll, DotnetTestHostmanager: Full path of host exe is C:\Users\brandon.ku\source\repos\OCProjet7_Findexium\P7CreateRestApi.Tests\bin\Debug\net8.0\fine-code-coverage\build-output\testhost.exe
TpTrace Verbose: 0 : 23316, 5, 2024/07/03, 16:25:51.517, 130178335165, vstest.console.dll, DotnetTestHostmanager.LaunchTestHostAsync: Found 'VSTEST_WINAPPHOST_DOTNET_ROOT' in env variables, value 'C:\Program Files\dotnet', forwarding to 'DOTNET_ROOT'
TpTrace Verbose: 0 : 23316, 5, 2024/07/03, 16:25:51.517, 130178336027, vstest.console.dll, DotnetTestHostManager: Starting process 'C:\Users\brandon.ku\source\repos\OCProjet7_Findexium\P7CreateRestApi.Tests\bin\Debug\net8.0\fine-code-coverage\build-output\testhost.exe' with command line ' --runtimeconfig "C:\Users\brandon.ku\source\repos\OCProjet7_Findexium\P7CreateRestApi.Tests\bin\Debug\net8.0\fine-code-coverage\build-output\P7CreateRestApi.Tests.runtimeconfig.json" --depsfile "C:\Users\brandon.ku\source\repos\OCProjet7_Findexium\P7CreateRestApi.Tests\bin\Debug\net8.0\fine-code-coverage\build-output\P7CreateRestApi.Tests.deps.json" --port 56547 --endpoint 127.0.0.1:056547 --role client --parentprocessid 23316 --diag "C:\Users\brandon.ku\source\repos\OCProjet7_Findexium\P7CreateRestApi.Tests\bin\Debug\net8.0\fine-code-coverage\coverage-tool-output\diagnostics.host.24-07-03_16-25-51_51593_5.log" --tracelevel 4 --datacollectionport 56546 --telemetryoptedin false'
TpTrace Verbose: 0 : 23316, 5, 2024/07/03, 16:25:51.529, 130178461669, vstest.console.dll, MulticastDelegateUtilities.SafeInvoke: HostProviderEvents.OnHostLaunched: Invoking callback 1/2 for Microsoft.VisualStudio.TestPlatform.CrossPlatEngine.Client.ProxyExecutionManagerWithDataCollection., took 1 ms.
TpTrace Verbose: 0 : 23316, 5, 2024/07/03, 16:25:51.530, 130178465083, vstest.console.dll, Test Runtime launched
TpTrace Verbose: 0 : 23316, 5, 2024/07/03, 16:25:51.530, 130178466000, vstest.console.dll, MulticastDelegateUtilities.SafeInvoke: HostProviderEvents.OnHostLaunched: Invoking callback 2/2 for Microsoft.VisualStudio.TestPlatform.CrossPlatEngine.Client.ProxyOperationManager., took 0 ms.
TpTrace Verbose: 0 : 23316, 5, 2024/07/03, 16:25:51.530, 130178467255, vstest.console.dll, TestRequestSender.WaitForRequestHandlerConnection: waiting for connection with timeout: 90000.
TpTrace Verbose: 0 : 23316, 12, 2024/07/03, 16:25:51.841, 130181582500, vstest.console.dll, MulticastDelegateUtilities.SafeInvoke: SocketServer: ClientConnected: Invoking callback 1/1 for Microsoft.VisualStudio.TestPlatform.CommunicationUtilities.TestRequestSender., took 0 ms.
TpTrace Verbose: 0 : 23316, 5, 2024/07/03, 16:25:51.841, 130181582524, vstest.console.dll, TestRequestSender.WaitForRequestHandlerConnection: waiting took 311 ms, with timeout 90000 ms, and result 0, which is success.
TpTrace Verbose: 0 : 23316, 12, 2024/07/03, 16:25:51.841, 130181583856, vstest.console.dll, SocketServer.OnClientConnected: Client connected for endPoint: 127.0.0.1:56547, starting MessageLoopAsync:
TpTrace Verbose: 0 : 23316, 12, 2024/07/03, 16:25:51.842, 130181588328, vstest.console.dll, TcpClientExtensions.MessageLoopAsync: Polling on remoteEndPoint: 127.0.0.1:56548 localEndPoint: 127.0.0.1:56547 after 0 ms
TpTrace Verbose: 0 : 23316, 5, 2024/07/03, 16:25:51.842, 130181593128, vstest.console.dll, TestRequestSender.CheckVersionWithTestHost: Sending check version message: {"MessageType":"ProtocolVersion","Payload":7}
TpTrace Verbose: 0 : 23316, 12, 2024/07/03, 16:25:51.958, 130182752563, vstest.console.dll, TcpClientExtensions.MessageLoopAsync: NotifyDataAvailable remoteEndPoint: 127.0.0.1:56548 localEndPoint: 127.0.0.1:56547
TpTrace Verbose: 0 : 23316, 12, 2024/07/03, 16:25:51.959, 130182755009, vstest.console.dll, TestRequestSender.CheckVersionWithTestHost: onMessageReceived received message: (ProtocolVersion) -> {"MessageType":"ProtocolVersion","Payload":7}
TpTrace Verbose: 0 : 23316, 12, 2024/07/03, 16:25:51.959, 130182759371, vstest.console.dll, MulticastDelegateUtilities.SafeInvoke: LengthPrefixCommunicationChannel: MessageReceived: Invoking callback 1/1 for Microsoft.VisualStudio.TestPlatform.CommunicationUtilities.TestRequestSender+<>c__DisplayClass29_0., took 0 ms.
TpTrace Verbose: 0 : 23316, 12, 2024/07/03, 16:25:51.959, 130182760085, vstest.console.dll, TcpClientExtensions.MessageLoopAsync: Polling on remoteEndPoint: 127.0.0.1:56548 localEndPoint: 127.0.0.1:56547 after 117 ms
TpTrace Verbose: 0 : 23316, 5, 2024/07/03, 16:25:51.959, 130182762066, vstest.console.dll, TestPluginCache.GetExtensionPaths: Filtered extension paths: 
TpTrace Verbose: 0 : 23316, 5, 2024/07/03, 16:25:51.959, 130182763998, vstest.console.dll, TestPluginCache.GetExtensionPaths: Added default extension paths: C:\Program Files\dotnet\sdk\8.0.302\Extensions\Microsoft.Diagnostics.NETCore.Client.dll
C:\Program Files\dotnet\sdk\8.0.302\Extensions\Microsoft.TestPlatform.Extensions.BlameDataCollector.dll
C:\Program Files\dotnet\sdk\8.0.302\Extensions\Microsoft.TestPlatform.Extensions.EventLogCollector.dll
C:\Program Files\dotnet\sdk\8.0.302\Extensions\Microsoft.TestPlatform.TestHostRuntimeProvider.dll
C:\Program Files\dotnet\sdk\8.0.302\Extensions\Microsoft.VisualStudio.TestPlatform.Extensions.Html.TestLogger.dll
C:\Program Files\dotnet\sdk\8.0.302\Extensions\Microsoft.VisualStudio.TestPlatform.Extensions.Trx.TestLogger.dll
TpTrace Verbose: 0 : 23316, 5, 2024/07/03, 16:25:51.960, 130182766467, vstest.console.dll, TestPluginCache.GetExtensionPaths: Added unfilterableExtensionPaths: 
TpTrace Verbose: 0 : 23316, 5, 2024/07/03, 16:25:51.963, 130182801699, vstest.console.dll, TestRequestSender.InitializeExecution: Sending initialize execution with message: {"Version":7,"MessageType":"TestExecution.Initialize","Payload":["C:\\Users\\brandon.ku\\source\\repos\\OCProjet7_Findexium\\P7CreateRestApi.Tests\\bin\\Debug\\net8.0\\fine-code-coverage\\build-output\\xunit.runner.visualstudio.dotnetcore.testadapter.dll","C:\\Users\\brandon.ku\\source\\repos\\OCProjet7_Findexium\\P7CreateRestApi.Tests\\bin\\Debug\\net8.0\\fine-code-coverage\\build-output\\xunit.runner.visualstudio.testadapter.dll"]}
TpTrace Verbose: 0 : 23316, 5, 2024/07/03, 16:25:51.963, 130182803580, vstest.console.dll, ParallelProxyExecutionManager.StartTestRunOnConcurrentManager: Execution starting. Started clients: 1
TpTrace Verbose: 0 : 23316, 5, 2024/07/03, 16:25:51.964, 130182805643, vstest.console.dll, TestRunRequest:SendTestRunMessage: Starting.
TpTrace Verbose: 0 : 23316, 5, 2024/07/03, 16:25:51.964, 130182807077, vstest.console.dll, MulticastDelegateUtilities.SafeInvoke: TestRun.LogMessages: Invoking callback 1/1 for Microsoft.VisualStudio.TestPlatform.CommandLine.TestRunResultAggregator., took 0 ms.
TpTrace Information: 0 : 23316, 5, 2024/07/03, 16:25:51.964, 130182807386, vstest.console.dll, TestRunRequest:SendTestRunMessage: Completed.
TpTrace Verbose: 0 : 23316, 4, 2024/07/03, 16:25:51.964, 130182809346, vstest.console.dll, MulticastDelegateUtilities.SafeInvoke: InternalTestLoggerEvents.SendTestRunMessage: Invoking callback 1/1 for Microsoft.VisualStudio.TestPlatform.CommandLine.Internal.ConsoleLogger., took 0 ms.
TpTrace Warning: 0 : 23316, 5, 2024/07/03, 16:25:51.964, 130182810737, vstest.console.dll, InferRunSettingsHelper.MakeRunsettingsCompatible: Removing the following settings: TargetPlatform from RunSettings file. To use those settings please move to latest version of Microsoft.NET.Test.Sdk
TpTrace Verbose: 0 : 23316, 12, 2024/07/03, 16:25:51.967, 130182837634, vstest.console.dll, TcpClientExtensions.MessageLoopAsync: NotifyDataAvailable remoteEndPoint: 127.0.0.1:56548 localEndPoint: 127.0.0.1:56547
TpTrace Verbose: 0 : 23316, 12, 2024/07/03, 16:25:51.967, 130182839971, vstest.console.dll, TestRequestSender.OnExecutionMessageReceived: Received message: {"Version":7,"MessageType":"TestSession.Message","Payload":{"MessageLevel":0,"Message":"Journalisation des diagnostics TestHost dans le fichier : C:\\Users\\brandon.ku\\source\\repos\\OCProjet7_Findexium\\P7CreateRestApi.Tests\\bin\\Debug\\net8.0\\fine-code-coverage\\coverage-tool-output\\diagnostics.host.24-07-03_16-25-51_51593_5.log"}}
TpTrace Verbose: 0 : 23316, 5, 2024/07/03, 16:25:51.968, 130182853003, vstest.console.dll, TestRequestSender.StartTestRun: Sending test run with message: {"Version":7,"MessageType":"TestExecution.StartWithSources","Payload":{"AdapterSourceMap":{"_none_":["C:\\Users\\brandon.ku\\source\\repos\\OCProjet7_Findexium\\P7CreateRestApi.Tests\\bin\\Debug\\net8.0\\fine-code-coverage\\build-output\\P7CreateRestApi.Tests.dll"]},"RunSettings":"<RunSettings>\r\n  <RunConfiguration>\r\n    <ResultsDirectory>C:\\Users\\brandon.ku\\source\\repos\\OCProjet7_Findexium\\P7CreateRestApi.Tests\\bin\\Debug\\net8.0\\fine-code-coverage\\coverage-tool-output</ResultsDirectory>\r\n    <TargetFrameworkVersion>.NETCoreApp,Version=v8.0</TargetFrameworkVersion>\r\n    <DesignMode>False</DesignMode>\r\n    <CollectSourceInformation>False</CollectSourceInformation>\r\n  </RunConfiguration>\r\n  <LoggerRunSettings>\r\n    <Loggers>\r\n      <Logger friendlyName=\"blame\" enabled=\"True\" />\r\n      <Logger friendlyName=\"Console\" uri=\"logger://microsoft/TestPlatform/ConsoleLogger/v1\" assemblyQualifiedName=\"Microsoft.VisualStudio.TestPlatform.CommandLine.Internal.ConsoleLogger, vstest.console, Version=15.0.0.0, Culture=neutral, PublicKeyToken=b03f5f7f11d50a3a\" codeBase=\"C:\\Program Files\\dotnet\\sdk\\8.0.302\\vstest.console.dll\" enabled=\"True\" />\r\n    </Loggers>\r\n  </LoggerRunSettings>\r\n  <DataCollectionRunSettings>\r\n    <DataCollectors>\r\n      <DataCollector friendlyName=\"blame\" enabled=\"True\">\r\n        <Configuration>\r\n          <ResultsDirectory>C:\\Users\\brandon.ku\\source\\repos\\OCProjet7_Findexium\\P7CreateRestApi.Tests\\bin\\Debug\\net8.0\\fine-code-coverage\\coverage-tool-output</ResultsDirectory>\r\n        </Configuration>\r\n      </DataCollector>\r\n    </DataCollectors>\r\n  </DataCollectionRunSettings>\r\n</RunSettings>","TestExecutionContext":{"FrequencyOfRunStatsChangeEvent":10,"RunStatsChangeEventTimeout":"00:00:01.5000000","InIsolation":false,"KeepAlive":false,"AreTestCaseLevelEventsRequired":false,"IsDebug":false,"TestCaseFilter":null,"FilterOptions":null},"Package":null}}
TpTrace Verbose: 0 : 23316, 5, 2024/07/03, 16:25:51.969, 130182854268, vstest.console.dll, ParallelProxyExecutionManager.StartTestRunOnConcurrentManager: Execution started. Started clients: 1
TpTrace Verbose: 0 : 23316, 12, 2024/07/03, 16:25:51.969, 130182857299, vstest.console.dll, TestRunRequest:SendTestRunMessage: Starting.
TpTrace Verbose: 0 : 23316, 12, 2024/07/03, 16:25:51.969, 130182858057, vstest.console.dll, MulticastDelegateUtilities.SafeInvoke: TestRun.LogMessages: Invoking callback 1/1 for Microsoft.VisualStudio.TestPlatform.CommandLine.TestRunResultAggregator., took 0 ms.
TpTrace Information: 0 : 23316, 12, 2024/07/03, 16:25:51.969, 130182858273, vstest.console.dll, TestRunRequest:SendTestRunMessage: Completed.
TpTrace Verbose: 0 : 23316, 12, 2024/07/03, 16:25:51.969, 130182858517, vstest.console.dll, MulticastDelegateUtilities.SafeInvoke: LengthPrefixCommunicationChannel: MessageReceived: Invoking callback 1/1 for Microsoft.VisualStudio.TestPlatform.CommunicationUtilities.TestRequestSender+<>c__DisplayClass34_0., took 1 ms.
TpTrace Verbose: 0 : 23316, 12, 2024/07/03, 16:25:51.969, 130182858713, vstest.console.dll, TcpClientExtensions.MessageLoopAsync: Polling on remoteEndPoint: 127.0.0.1:56548 localEndPoint: 127.0.0.1:56547 after 9 ms
TpTrace Verbose: 0 : 23316, 4, 2024/07/03, 16:25:51.969, 130182859016, vstest.console.dll, MulticastDelegateUtilities.SafeInvoke: InternalTestLoggerEvents.SendTestRunMessage: Invoking callback 1/1 for Microsoft.VisualStudio.TestPlatform.CommandLine.Internal.ConsoleLogger., took 0 ms.
TpTrace Verbose: 0 : 23316, 12, 2024/07/03, 16:25:52.111, 130184275681, vstest.console.dll, TcpClientExtensions.MessageLoopAsync: NotifyDataAvailable remoteEndPoint: 127.0.0.1:56548 localEndPoint: 127.0.0.1:56547
TpTrace Verbose: 0 : 23316, 12, 2024/07/03, 16:25:52.111, 130184277362, vstest.console.dll, TestRequestSender.OnExecutionMessageReceived: Received message: {"Version":7,"MessageType":"TestSession.Message","Payload":{"MessageLevel":1,"Message":"Plusieurs adaptateurs de tests ayant le même URI 'executor://xunit/VsTestRunner2/netcoreapp' ont été trouvés. Adaptateur 'Xunit.Runner.VisualStudio.VsTestRunner' ignoré. Désinstallez les adaptateurs en conflit pour éviter cet avertissement."}}
TpTrace Verbose: 0 : 23316, 12, 2024/07/03, 16:25:52.111, 130184279038, vstest.console.dll, TestRunRequest:SendTestRunMessage: Starting.
TpTrace Verbose: 0 : 23316, 12, 2024/07/03, 16:25:52.111, 130184279581, vstest.console.dll, MulticastDelegateUtilities.SafeInvoke: TestRun.LogMessages: Invoking callback 1/1 for Microsoft.VisualStudio.TestPlatform.CommandLine.TestRunResultAggregator., took 0 ms.
TpTrace Information: 0 : 23316, 12, 2024/07/03, 16:25:52.111, 130184279852, vstest.console.dll, TestRunRequest:SendTestRunMessage: Completed.
TpTrace Verbose: 0 : 23316, 12, 2024/07/03, 16:25:52.111, 130184280029, vstest.console.dll, MulticastDelegateUtilities.SafeInvoke: LengthPrefixCommunicationChannel: MessageReceived: Invoking callback 1/1 for Microsoft.VisualStudio.TestPlatform.CommunicationUtilities.TestRequestSender+<>c__DisplayClass34_0., took 0 ms.
TpTrace Verbose: 0 : 23316, 12, 2024/07/03, 16:25:52.111, 130184280277, vstest.console.dll, TcpClientExtensions.MessageLoopAsync: Polling on remoteEndPoint: 127.0.0.1:56548 localEndPoint: 127.0.0.1:56547 after 142 ms
TpTrace Verbose: 0 : 23316, 4, 2024/07/03, 16:25:52.111, 130184280855, vstest.console.dll, MulticastDelegateUtilities.SafeInvoke: InternalTestLoggerEvents.SendTestRunMessage: Invoking callback 1/1 for Microsoft.VisualStudio.TestPlatform.CommandLine.Internal.ConsoleLogger., took 0 ms.
TpTrace Verbose: 0 : 23316, 12, 2024/07/03, 16:25:52.125, 130184422043, vstest.console.dll, TcpClientExtensions.MessageLoopAsync: NotifyDataAvailable remoteEndPoint: 127.0.0.1:56548 localEndPoint: 127.0.0.1:56547
TpTrace Verbose: 0 : 23316, 12, 2024/07/03, 16:25:52.125, 130184423555, vstest.console.dll, TestRequestSender.OnExecutionMessageReceived: Received message: {"Version":7,"MessageType":"TestSession.Message","Payload":{"MessageLevel":0,"Message":"[xUnit.net 00:00:00.00] xUnit.net VSTest Adapter v2.5.3.1+6b60a9e56a (64-bit .NET 8.0.6)"}}
TpTrace Verbose: 0 : 23316, 12, 2024/07/03, 16:25:52.126, 130184424828, vstest.console.dll, TestRunRequest:SendTestRunMessage: Starting.
TpTrace Verbose: 0 : 23316, 12, 2024/07/03, 16:25:52.126, 130184425292, vstest.console.dll, MulticastDelegateUtilities.SafeInvoke: TestRun.LogMessages: Invoking callback 1/1 for Microsoft.VisualStudio.TestPlatform.CommandLine.TestRunResultAggregator., took 0 ms.
TpTrace Information: 0 : 23316, 12, 2024/07/03, 16:25:52.126, 130184425495, vstest.console.dll, TestRunRequest:SendTestRunMessage: Completed.
TpTrace Verbose: 0 : 23316, 12, 2024/07/03, 16:25:52.126, 130184425738, vstest.console.dll, MulticastDelegateUtilities.SafeInvoke: LengthPrefixCommunicationChannel: MessageReceived: Invoking callback 1/1 for Microsoft.VisualStudio.TestPlatform.CommunicationUtilities.TestRequestSender+<>c__DisplayClass34_0., took 0 ms.
TpTrace Verbose: 0 : 23316, 12, 2024/07/03, 16:25:52.126, 130184425969, vstest.console.dll, TcpClientExtensions.MessageLoopAsync: Polling on remoteEndPoint: 127.0.0.1:56548 localEndPoint: 127.0.0.1:56547 after 14 ms
TpTrace Verbose: 0 : 23316, 4, 2024/07/03, 16:25:52.126, 130184425941, vstest.console.dll, MulticastDelegateUtilities.SafeInvoke: InternalTestLoggerEvents.SendTestRunMessage: Invoking callback 1/1 for Microsoft.VisualStudio.TestPlatform.CommandLine.Internal.ConsoleLogger., took 0 ms.
TpTrace Verbose: 0 : 23316, 12, 2024/07/03, 16:25:52.222, 130185384136, vstest.console.dll, TcpClientExtensions.MessageLoopAsync: NotifyDataAvailable remoteEndPoint: 127.0.0.1:56548 localEndPoint: 127.0.0.1:56547
TpTrace Verbose: 0 : 23316, 12, 2024/07/03, 16:25:52.222, 130185385773, vstest.console.dll, TestRequestSender.OnExecutionMessageReceived: Received message: {"Version":7,"MessageType":"TestSession.Message","Payload":{"MessageLevel":0,"Message":"[xUnit.net 00:00:00.09]   Discovering: P7CreateRestApi.Tests"}}
TpTrace Verbose: 0 : 23316, 12, 2024/07/03, 16:25:52.222, 130185387014, vstest.console.dll, TestRunRequest:SendTestRunMessage: Starting.
TpTrace Verbose: 0 : 23316, 12, 2024/07/03, 16:25:52.222, 130185387495, vstest.console.dll, MulticastDelegateUtilities.SafeInvoke: TestRun.LogMessages: Invoking callback 1/1 for Microsoft.VisualStudio.TestPlatform.CommandLine.TestRunResultAggregator., took 0 ms.
TpTrace Information: 0 : 23316, 12, 2024/07/03, 16:25:52.222, 130185387708, vstest.console.dll, TestRunRequest:SendTestRunMessage: Completed.
TpTrace Verbose: 0 : 23316, 12, 2024/07/03, 16:25:52.222, 130185387933, vstest.console.dll, MulticastDelegateUtilities.SafeInvoke: LengthPrefixCommunicationChannel: MessageReceived: Invoking callback 1/1 for Microsoft.VisualStudio.TestPlatform.CommunicationUtilities.TestRequestSender+<>c__DisplayClass34_0., took 0 ms.
TpTrace Verbose: 0 : 23316, 4, 2024/07/03, 16:25:52.222, 130185387859, vstest.console.dll, MulticastDelegateUtilities.SafeInvoke: InternalTestLoggerEvents.SendTestRunMessage: Invoking callback 1/1 for Microsoft.VisualStudio.TestPlatform.CommandLine.Internal.ConsoleLogger., took 0 ms.
TpTrace Verbose: 0 : 23316, 12, 2024/07/03, 16:25:52.222, 130185388682, vstest.console.dll, TcpClientExtensions.MessageLoopAsync: Polling on remoteEndPoint: 127.0.0.1:56548 localEndPoint: 127.0.0.1:56547 after 96 ms
TpTrace Verbose: 0 : 23316, 12, 2024/07/03, 16:25:52.258, 130185751126, vstest.console.dll, TcpClientExtensions.MessageLoopAsync: NotifyDataAvailable remoteEndPoint: 127.0.0.1:56548 localEndPoint: 127.0.0.1:56547
TpTrace Verbose: 0 : 23316, 12, 2024/07/03, 16:25:52.258, 130185752980, vstest.console.dll, TestRequestSender.OnExecutionMessageReceived: Received message: {"Version":7,"MessageType":"TestSession.Message","Payload":{"MessageLevel":0,"Message":"[xUnit.net 00:00:00.13]   Discovered:  P7CreateRestApi.Tests"}}
TpTrace Verbose: 0 : 23316, 12, 2024/07/03, 16:25:52.259, 130185754327, vstest.console.dll, TestRunRequest:SendTestRunMessage: Starting.
TpTrace Verbose: 0 : 23316, 12, 2024/07/03, 16:25:52.259, 130185754797, vstest.console.dll, MulticastDelegateUtilities.SafeInvoke: TestRun.LogMessages: Invoking callback 1/1 for Microsoft.VisualStudio.TestPlatform.CommandLine.TestRunResultAggregator., took 0 ms.
TpTrace Information: 0 : 23316, 12, 2024/07/03, 16:25:52.259, 130185754993, vstest.console.dll, TestRunRequest:SendTestRunMessage: Completed.
TpTrace Verbose: 0 : 23316, 12, 2024/07/03, 16:25:52.259, 130185755200, vstest.console.dll, MulticastDelegateUtilities.SafeInvoke: LengthPrefixCommunicationChannel: MessageReceived: Invoking callback 1/1 for Microsoft.VisualStudio.TestPlatform.CommunicationUtilities.TestRequestSender+<>c__DisplayClass34_0., took 0 ms.
TpTrace Verbose: 0 : 23316, 12, 2024/07/03, 16:25:52.259, 130185755430, vstest.console.dll, TcpClientExtensions.MessageLoopAsync: Polling on remoteEndPoint: 127.0.0.1:56548 localEndPoint: 127.0.0.1:56547 after 36 ms
TpTrace Verbose: 0 : 23316, 4, 2024/07/03, 16:25:52.259, 130185755400, vstest.console.dll, MulticastDelegateUtilities.SafeInvoke: InternalTestLoggerEvents.SendTestRunMessage: Invoking callback 1/1 for Microsoft.VisualStudio.TestPlatform.CommandLine.Internal.ConsoleLogger., took 0 ms.
TpTrace Verbose: 0 : 23316, 12, 2024/07/03, 16:25:52.260, 130185767407, vstest.console.dll, TcpClientExtensions.MessageLoopAsync: NotifyDataAvailable remoteEndPoint: 127.0.0.1:56548 localEndPoint: 127.0.0.1:56547
TpTrace Verbose: 0 : 23316, 12, 2024/07/03, 16:25:52.260, 130185767869, vstest.console.dll, TestRequestSender.OnExecutionMessageReceived: Received message: {"Version":7,"MessageType":"TestSession.Message","Payload":{"MessageLevel":0,"Message":"[xUnit.net 00:00:00.13]   Starting:    P7CreateRestApi.Tests"}}
TpTrace Verbose: 0 : 23316, 12, 2024/07/03, 16:25:52.260, 130185768416, vstest.console.dll, TestRunRequest:SendTestRunMessage: Starting.
TpTrace Verbose: 0 : 23316, 12, 2024/07/03, 16:25:52.260, 130185768742, vstest.console.dll, MulticastDelegateUtilities.SafeInvoke: TestRun.LogMessages: Invoking callback 1/1 for Microsoft.VisualStudio.TestPlatform.CommandLine.TestRunResultAggregator., took 0 ms.
TpTrace Information: 0 : 23316, 12, 2024/07/03, 16:25:52.260, 130185768924, vstest.console.dll, TestRunRequest:SendTestRunMessage: Completed.
TpTrace Verbose: 0 : 23316, 4, 2024/07/03, 16:25:52.260, 130185769003, vstest.console.dll, MulticastDelegateUtilities.SafeInvoke: InternalTestLoggerEvents.SendTestRunMessage: Invoking callback 1/1 for Microsoft.VisualStudio.TestPlatform.CommandLine.Internal.ConsoleLogger., took 0 ms.
TpTrace Verbose: 0 : 23316, 12, 2024/07/03, 16:25:52.260, 130185769161, vstest.console.dll, MulticastDelegateUtilities.SafeInvoke: LengthPrefixCommunicationChannel: MessageReceived: Invoking callback 1/1 for Microsoft.VisualStudio.TestPlatform.CommunicationUtilities.TestRequestSender+<>c__DisplayClass34_0., took 0 ms.
TpTrace Verbose: 0 : 23316, 12, 2024/07/03, 16:25:52.260, 130185769416, vstest.console.dll, TcpClientExtensions.MessageLoopAsync: Polling on remoteEndPoint: 127.0.0.1:56548 localEndPoint: 127.0.0.1:56547 after 1 ms
TpTrace Verbose: 0 : 23316, 12, 2024/07/03, 16:25:52.461, 130187783836, vstest.console.dll, TcpClientExtensions.MessageLoopAsync: NotifyDataAvailable remoteEndPoint: 127.0.0.1:56548 localEndPoint: 127.0.0.1:56547
TpTrace Verbose: 0 : 23316, 12, 2024/07/03, 16:25:52.462, 130187787023, vstest.console.dll, TestRequestSender.OnExecutionMessageReceived: Received message: {"Version":7,"MessageType":"TestExecution.StatsChange","Payload":{"NewTestResults":[{"TestCase":{"Id":"9e3cb094-b470-9a8b-7db7-414a45b03a0f","FullyQualifiedName":"P7CreateRestApi.Tests.CurveControllerTests.CreateCurvePoint_ShouldReturnInternalServerError_WhenExceptionIsThrown","DisplayName":"P7CreateRestApi.Tests.CurveControllerTests.CreateCurvePoint_ShouldReturnInternalServerError_WhenExceptionIsThrown","ExecutorUri":"executor://xunit/VsTestRunner2/netcoreapp","Source":"C:\\Users\\brandon.ku\\source\\repos\\OCProjet7_Findexium\\P7CreateRestApi.Tests\\bin\\Debug\\net8.0\\fine-code-coverage\\build-output\\P7CreateRestApi.Tests.dll","CodeFilePath":null,"LineNumber":0,"Properties":[]},"Attachments":[],"Outcome":1,"ErrorMessage":null,"ErrorStackTrace":null,"DisplayName":"P7CreateRestApi.Tests.CurveControllerTests.CreateCurvePoint_ShouldReturnInternalServerError_WhenExceptionIsThrown","Messages":[],"ComputerName":"PB22039","Duration":"00:00:00.1283394","StartTime":"2024-07-03T14:25:52.4196485+00:00","EndTime":"2024-07-03T14:25:52.4196674+00:00","Properties":[]},{"TestCase":{"Id":"638b88f7-1548-95a2-86e4-21f3d42948cb","FullyQualifiedName":"P7CreateRestApi.Tests.BidListControllerTests.UpdateBid_ShouldReturnNoContent_WhenUpdateIsSuccessful","DisplayName":"P7CreateRestApi.Tests.BidListControllerTests.UpdateBid_ShouldReturnNoContent_WhenUpdateIsSuccessful","ExecutorUri":"executor://xunit/VsTestRunner2/netcoreapp","Source":"C:\\Users\\brandon.ku\\source\\repos\\OCProjet7_Findexium\\P7CreateRestApi.Tests\\bin\\Debug\\net8.0\\fine-code-coverage\\build-output\\P7CreateRestApi.Tests.dll","CodeFilePath":null,"LineNumber":0,"Properties":[]},"Attachments":[],"Outcome":1,"ErrorMessage":null,"ErrorStackTrace":null,"DisplayName":"P7CreateRestApi.Tests.BidListControllerTests.UpdateBid_ShouldReturnNoContent_WhenUpdateIsSuccessful","Messages":[],"ComputerName":"PB22039","Duration":"00:00:00.1306523","StartTime":"2024-07-03T14:25:52.4317983+00:00","EndTime":"2024-07-03T14:25:52.4317984+00:00","Properties":[]},{"TestCase":{"Id":"cf42d8ef-66e1-fd5e-7181-e3671b12e6a5","FullyQualifiedName":"P7CreateRestApi.Tests.BidListControllerTests.CreateBid_ShouldReturnBadRequest_WhenBidIsNull","DisplayName":"P7CreateRestApi.Tests.BidListControllerTests.CreateBid_ShouldReturnBadRequest_WhenBidIsNull","ExecutorUri":"executor://xunit/VsTestRunner2/netcoreapp","Source":"C:\\Users\\brandon.ku\\source\\repos\\OCProjet7_Findexium\\P7CreateRestApi.Tests\\bin\\Debug\\net8.0\\fine-code-coverage\\build-output\\P7CreateRestApi.Tests.dll","CodeFilePath":null,"LineNumber":0,"Properties":[]},"Attachments":[],"Outcome":1,"ErrorMessage":null,"ErrorStackTrace":null,"DisplayName":"P7CreateRestApi.Tests.BidListControllerTests.CreateBid_ShouldReturnBadRequest_WhenBidIsNull","Messages":[],"ComputerName":"PB22039","Duration":"00:00:00.0015673","StartTime":"2024-07-03T14:25:52.4342916+00:00","EndTime":"2024-07-03T14:25:52.4342918+00:00","Properties":[]},{"TestCase":{"Id":"9d2662ac-6bbc-bada-05bd-44e5dc7ca47c","FullyQualifiedName":"P7CreateRestApi.Tests.CurveControllerTests.GetAllCurvePoints_ShouldReturnNotFound_WhenNoCurvePointsExist","DisplayName":"P7CreateRestApi.Tests.CurveControllerTests.GetAllCurvePoints_ShouldReturnNotFound_WhenNoCurvePointsExist","ExecutorUri":"executor://xunit/VsTestRunner2/netcoreapp","Source":"C:\\Users\\brandon.ku\\source\\repos\\OCProjet7_Findexium\\P7CreateRestApi.Tests\\bin\\Debug\\net8.0\\fine-code-coverage\\build-output\\P7CreateRestApi.Tests.dll","CodeFilePath":null,"LineNumber":0,"Properties":[]},"Attachments":[],"Outcome":1,"ErrorMessage":null,"ErrorStackTrace":null,"DisplayName":"P7CreateRestApi.Tests.CurveControllerTests.GetAllCurvePoints_ShouldReturnNotFound_WhenNoCurvePointsExist","Messages":[],"ComputerName":"PB22039","Duration":"00:00:00.0018334","StartTime":"2024-07-03T14:25:52.4360318+00:00","EndTime":"2024-07-03T14:25:52.436032+00:00","Properties":[]},{"TestCase":{"Id":"2b568100-75cd-f638-2f06-fdc1b6a7a5af","FullyQualifiedName":"P7CreateRestApi.Tests.BidListControllerTests.UpdateBid_ShouldReturnInternalServerError_WhenExceptionIsThrown","DisplayName":"P7CreateRestApi.Tests.BidListControllerTests.UpdateBid_ShouldReturnInternalServerError_WhenExceptionIsThrown","ExecutorUri":"executor://xunit/VsTestRunner2/netcoreapp","Source":"C:\\Users\\brandon.ku\\source\\repos\\OCProjet7_Findexium\\P7CreateRestApi.Tests\\bin\\Debug\\net8.0\\fine-code-coverage\\build-output\\P7CreateRestApi.Tests.dll","CodeFilePath":null,"LineNumber":0,"Properties":[]},"Attachments":[],"Outcome":1,"ErrorMessage":null,"ErrorStackTrace":null,"DisplayName":"P7CreateRestApi.Tests.BidListControllerTests.UpdateBid_ShouldReturnInternalServerError_WhenExceptionIsThrown","Messages":[],"ComputerName":"PB22039","Duration":"00:00:00.0012981","StartTime":"2024-07-03T14:25:52.4376661+00:00","EndTime":"2024-07-03T14:25:52.4376662+00:00","Properties":[]},{"TestCase":{"Id":"f92623e0-a1d8-9f96-fb61-fcd8650227c0","FullyQualifiedName":"P7CreateRestApi.Tests.CurveControllerTests.GetAllCurvePoints_ShouldReturnOk_WhenCurvePointsExist","DisplayName":"P7CreateRestApi.Tests.CurveControllerTests.GetAllCurvePoints_ShouldReturnOk_WhenCurvePointsExist","ExecutorUri":"executor://xunit/VsTestRunner2/netcoreapp","Source":"C:\\Users\\brandon.ku\\source\\repos\\OCProjet7_Findexium\\P7CreateRestApi.Tests\\bin\\Debug\\net8.0\\fine-code-coverage\\build-output\\P7CreateRestApi.Tests.dll","CodeFilePath":null,"LineNumber":0,"Properties":[]},"Attachments":[],"Outcome":1,"ErrorMessage":null,"ErrorStackTrace":null,"DisplayName":"P7CreateRestApi.Tests.CurveControllerTests.GetAllCurvePoints_ShouldReturnOk_WhenCurvePointsExist","Messages":[],"ComputerName":"PB22039","Duration":"00:00:00.0019758","StartTime":"2024-07-03T14:25:52.4392224+00:00","EndTime":"2024-07-03T14:25:52.4392226+00:00","Properties":[]},{"TestCase":{"Id":"993d6e9e-e886-92ef-490a-00db11bde195","FullyQualifiedName":"P7CreateRestApi.Tests.BidListControllerTests.DeleteBid_ShouldReturnNoContent_WhenDeleteIsSuccessful","DisplayName":"P7CreateRestApi.Tests.BidListControllerTests.DeleteBid_ShouldReturnNoContent_WhenDeleteIsSuccessful","ExecutorUri":"executor://xunit/VsTestRunner2/netcoreapp","Source":"C:\\Users\\brandon.ku\\source\\repos\\OCProjet7_Findexium\\P7CreateRestApi.Tests\\bin\\Debug\\net8.0\\fine-code-coverage\\build-output\\P7CreateRestApi.Tests.dll","CodeFilePath":null,"LineNumber":0,"Properties":[]},"Attachments":[],"Outcome":1,"ErrorMessage":null,"ErrorStackTrace":null,"DisplayName":"P7CreateRestApi.Tests.BidListControllerTests.DeleteBid_ShouldReturnNoContent_WhenDeleteIsSuccessful","Messages":[],"ComputerName":"PB22039","Duration":"00:00:00.0020006","StartTime":"2024-07-03T14:25:52.4405964+00:00","EndTime":"2024-07-03T14:25:52.4405965+00:00","Properties":[]},{"TestCase":{"Id":"7c615cc4-c2d8-e4b8-86b0-8ec73f01a4da","FullyQualifiedName":"P7CreateRestApi.Tests.BidListControllerTests.GetBidById_ShouldReturnNotFound_WhenBidDoesNotExist","DisplayName":"P7CreateRestApi.Tests.BidListControllerTests.GetBidById_ShouldReturnNotFound_WhenBidDoesNotExist","ExecutorUri":"executor://xunit/VsTestRunner2/netcoreapp","Source":"C:\\Users\\brandon.ku\\source\\repos\\OCProjet7_Findexium\\P7CreateRestApi.Tests\\bin\\Debug\\net8.0\\fine-code-coverage\\build-output\\P7CreateRestApi.Tests.dll","CodeFilePath":null,"LineNumber":0,"Properties":[]},"Attachments":[],"Outcome":1,"ErrorMessage":null,"ErrorStackTrace":null,"DisplayName":"P7CreateRestApi.Tests.BidListControllerTests.GetBidById_ShouldReturnNotFound_WhenBidDoesNotExist","Messages":[],"ComputerName":"PB22039","Duration":"00:00:00.0009869","StartTime":"2024-07-03T14:25:52.4418423+00:00","EndTime":"2024-07-03T14:25:52.4418424+00:00","Properties":[]}],"TestRunStatistics":{"ExecutedTests":8,"Stats":{"Passed":8}},"ActiveTests":[{"Id":"a1ca303c-dbfe-01e3-445a-b2746f60d716","FullyQualifiedName":"P7CreateRestApi.Tests.CurveControllerTests.CreateCurvePoint_ShouldReturnCreated_WhenCurvePointIsValid","DisplayName":"P7CreateRestApi.Tests.CurveControllerTests.CreateCurvePoint_ShouldReturnCreated_WhenCurvePointIsValid","ExecutorUri":"executor://xunit/VsTestRunner2/netcoreapp","Source":"C:\\Users\\brandon.ku\\source\\repos\\OCProjet7_Findexium\\P7CreateRestApi.Tests\\bin\\Debug\\net8.0\\fine-code-coverage\\build-output\\P7CreateRestApi.Tests.dll","CodeFilePath":null,"LineNumber":0,"Properties":[]},{"Id":"baa7d328-c5e1-9359-c854-92e8c2cdb70d","FullyQualifiedName":"P7CreateRestApi.Tests.BidListControllerTests.DeleteBid_ShouldReturnNotFound_WhenBidDoesNotExist","DisplayName":"P7CreateRestApi.Tests.BidListControllerTests.DeleteBid_ShouldReturnNotFound_WhenBidDoesNotExist","ExecutorUri":"executor://xunit/VsTestRunner2/netcoreapp","Source":"C:\\Users\\brandon.ku\\source\\repos\\OCProjet7_Findexium\\P7CreateRestApi.Tests\\bin\\Debug\\net8.0\\fine-code-coverage\\build-output\\P7CreateRestApi.Tests.dll","CodeFilePath":null,"LineNumber":0,"Properties":[]}]}}
TpTrace Verbose: 0 : 23316, 12, 2024/07/03, 16:25:52.477, 130187934331, vstest.console.dll, TestRunRequest:SendTestRunStatsChange: Starting.
TpTrace Verbose: 0 : 23316, 12, 2024/07/03, 16:25:52.477, 130187935459, vstest.console.dll, InProgress is P7CreateRestApi.Tests.CurveControllerTests.CreateCurvePoint_ShouldReturnCreated_WhenCurvePointIsValid
TpTrace Verbose: 0 : 23316, 12, 2024/07/03, 16:25:52.477, 130187935642, vstest.console.dll, InProgress is P7CreateRestApi.Tests.BidListControllerTests.DeleteBid_ShouldReturnNotFound_WhenBidDoesNotExist
TpTrace Verbose: 0 : 23316, 12, 2024/07/03, 16:25:52.477, 130187936965, vstest.console.dll, MulticastDelegateUtilities.SafeInvoke: TestRun.RunStatsChanged: Invoking callbacks was skipped because there are no subscribers.
TpTrace Information: 0 : 23316, 12, 2024/07/03, 16:25:52.477, 130187937158, vstest.console.dll, TestRunRequest:SendTestRunStatsChange: Completed.
TpTrace Verbose: 0 : 23316, 12, 2024/07/03, 16:25:52.477, 130187937348, vstest.console.dll, MulticastDelegateUtilities.SafeInvoke: LengthPrefixCommunicationChannel: MessageReceived: Invoking callback 1/1 for Microsoft.VisualStudio.TestPlatform.CommunicationUtilities.TestRequestSender+<>c__DisplayClass34_0., took 15 ms.
TpTrace Verbose: 0 : 23316, 12, 2024/07/03, 16:25:52.477, 130187938324, vstest.console.dll, TcpClientExtensions.MessageLoopAsync: Polling on remoteEndPoint: 127.0.0.1:56548 localEndPoint: 127.0.0.1:56547 after 216 ms
TpTrace Verbose: 0 : 23316, 12, 2024/07/03, 16:25:52.477, 130187939021, vstest.console.dll, TcpClientExtensions.MessageLoopAsync: NotifyDataAvailable remoteEndPoint: 127.0.0.1:56548 localEndPoint: 127.0.0.1:56547
TpTrace Verbose: 0 : 23316, 12, 2024/07/03, 16:25:52.477, 130187940377, vstest.console.dll, TestRequestSender.OnExecutionMessageReceived: Received message: {"Version":7,"MessageType":"TestExecution.StatsChange","Payload":{"NewTestResults":[{"TestCase":{"Id":"baa7d328-c5e1-9359-c854-92e8c2cdb70d","FullyQualifiedName":"P7CreateRestApi.Tests.BidListControllerTests.DeleteBid_ShouldReturnNotFound_WhenBidDoesNotExist","DisplayName":"P7CreateRestApi.Tests.BidListControllerTests.DeleteBid_ShouldReturnNotFound_WhenBidDoesNotExist","ExecutorUri":"executor://xunit/VsTestRunner2/netcoreapp","Source":"C:\\Users\\brandon.ku\\source\\repos\\OCProjet7_Findexium\\P7CreateRestApi.Tests\\bin\\Debug\\net8.0\\fine-code-coverage\\build-output\\P7CreateRestApi.Tests.dll","CodeFilePath":null,"LineNumber":0,"Properties":[]},"Attachments":[],"Outcome":1,"ErrorMessage":null,"ErrorStackTrace":null,"DisplayName":"P7CreateRestApi.Tests.BidListControllerTests.DeleteBid_ShouldReturnNotFound_WhenBidDoesNotExist","Messages":[],"ComputerName":"PB22039","Duration":"00:00:00.0010177","StartTime":"2024-07-03T14:25:52.4633532+00:00","EndTime":"2024-07-03T14:25:52.4633533+00:00","Properties":[]},{"TestCase":{"Id":"0eeaa63f-dba6-fdda-c747-d7a89c4a95c8","FullyQualifiedName":"P7CreateRestApi.Tests.BidListControllerTests.GetBidById_ShouldReturnOk_WhenBidExists","DisplayName":"P7CreateRestApi.Tests.BidListControllerTests.GetBidById_ShouldReturnOk_WhenBidExists","ExecutorUri":"executor://xunit/VsTestRunner2/netcoreapp","Source":"C:\\Users\\brandon.ku\\source\\repos\\OCProjet7_Findexium\\P7CreateRestApi.Tests\\bin\\Debug\\net8.0\\fine-code-coverage\\build-output\\P7CreateRestApi.Tests.dll","CodeFilePath":null,"LineNumber":0,"Properties":[]},"Attachments":[],"Outcome":1,"ErrorMessage":null,"ErrorStackTrace":null,"DisplayName":"P7CreateRestApi.Tests.BidListControllerTests.GetBidById_ShouldReturnOk_WhenBidExists","Messages":[],"ComputerName":"PB22039","Duration":"00:00:00.0009103","StartTime":"2024-07-03T14:25:52.4655252+00:00","EndTime":"2024-07-03T14:25:52.4655253+00:00","Properties":[]},{"TestCase":{"Id":"167bc1b5-217f-abaa-253b-7016ac30ed08","FullyQualifiedName":"P7CreateRestApi.Tests.BidListControllerTests.GetBidById_ShouldReturnInternalServerError_WhenExceptionIsThrown","DisplayName":"P7CreateRestApi.Tests.BidListControllerTests.GetBidById_ShouldReturnInternalServerError_WhenExceptionIsThrown","ExecutorUri":"executor://xunit/VsTestRunner2/netcoreapp","Source":"C:\\Users\\brandon.ku\\source\\repos\\OCProjet7_Findexium\\P7CreateRestApi.Tests\\bin\\Debug\\net8.0\\fine-code-coverage\\build-output\\P7CreateRestApi.Tests.dll","CodeFilePath":null,"LineNumber":0,"Properties":[]},"Attachments":[],"Outcome":1,"ErrorMessage":null,"ErrorStackTrace":null,"DisplayName":"P7CreateRestApi.Tests.BidListControllerTests.GetBidById_ShouldReturnInternalServerError_WhenExceptionIsThrown","Messages":[],"ComputerName":"PB22039","Duration":"00:00:00.0006097","StartTime":"2024-07-03T14:25:52.4670814+00:00","EndTime":"2024-07-03T14:25:52.4670815+00:00","Properties":[]},{"TestCase":{"Id":"a1ca303c-dbfe-01e3-445a-b2746f60d716","FullyQualifiedName":"P7CreateRestApi.Tests.CurveControllerTests.CreateCurvePoint_ShouldReturnCreated_WhenCurvePointIsValid","DisplayName":"P7CreateRestApi.Tests.CurveControllerTests.CreateCurvePoint_ShouldReturnCreated_WhenCurvePointIsValid","ExecutorUri":"executor://xunit/VsTestRunner2/netcoreapp","Source":"C:\\Users\\brandon.ku\\source\\repos\\OCProjet7_Findexium\\P7CreateRestApi.Tests\\bin\\Debug\\net8.0\\fine-code-coverage\\build-output\\P7CreateRestApi.Tests.dll","CodeFilePath":null,"LineNumber":0,"Properties":[]},"Attachments":[],"Outcome":1,"ErrorMessage":null,"ErrorStackTrace":null,"DisplayName":"P7CreateRestApi.Tests.CurveControllerTests.CreateCurvePoint_ShouldReturnCreated_WhenCurvePointIsValid","Messages":[],"ComputerName":"PB22039","Duration":"00:00:00.0082988","StartTime":"2024-07-03T14:25:52.4687434+00:00","EndTime":"2024-07-03T14:25:52.4687435+00:00","Properties":[]},{"TestCase":{"Id":"70cd2c12-19b5-9143-0f3e-befbcf9abdd1","FullyQualifiedName":"P7CreateRestApi.Tests.BidListControllerTests.CreateBid_ShouldReturnCreated_WhenBidIsValid","DisplayName":"P7CreateRestApi.Tests.BidListControllerTests.CreateBid_ShouldReturnCreated_WhenBidIsValid","ExecutorUri":"executor://xunit/VsTestRunner2/netcoreapp","Source":"C:\\Users\\brandon.ku\\source\\repos\\OCProjet7_Findexium\\P7CreateRestApi.Tests\\bin\\Debug\\net8.0\\fine-code-coverage\\build-output\\P7CreateRestApi.Tests.dll","CodeFilePath":null,"LineNumber":0,"Properties":[]},"Attachments":[],"Outcome":1,"ErrorMessage":null,"ErrorStackTrace":null,"DisplayName":"P7CreateRestApi.Tests.BidListControllerTests.CreateBid_ShouldReturnCreated_WhenBidIsValid","Messages":[],"ComputerName":"PB22039","Duration":"00:00:00.0035333","StartTime":"2024-07-03T14:25:52.4702554+00:00","EndTime":"2024-07-03T14:25:52.4702555+00:00","Properties":[]},{"TestCase":{"Id":"a342305e-36ac-e63f-90b5-ccd74c773abb","FullyQualifiedName":"P7CreateRestApi.Tests.CurveControllerTests.GetAllCurvePoints_ShouldReturnInternalServerError_WhenExceptionIsThrown","DisplayName":"P7CreateRestApi.Tests.CurveControllerTests.GetAllCurvePoints_ShouldReturnInternalServerError_WhenExceptionIsThrown","ExecutorUri":"executor://xunit/VsTestRunner2/netcoreapp","Source":"C:\\Users\\brandon.ku\\source\\repos\\OCProjet7_Findexium\\P7CreateRestApi.Tests\\bin\\Debug\\net8.0\\fine-code-coverage\\build-output\\P7CreateRestApi.Tests.dll","CodeFilePath":null,"LineNumber":0,"Properties":[]},"Attachments":[],"Outcome":1,"ErrorMessage":null,"ErrorStackTrace":null,"DisplayName":"P7CreateRestApi.Tests.CurveControllerTests.GetAllCurvePoints_ShouldReturnInternalServerError_WhenExceptionIsThrown","Messages":[],"ComputerName":"PB22039","Duration":"00:00:00.0006082","StartTime":"2024-07-03T14:25:52.471738+00:00","EndTime":"2024-07-03T14:25:52.471738+00:00","Properties":[]},{"TestCase":{"Id":"8954d1d3-1f9b-4e6e-b610-98a33f188d0c","FullyQualifiedName":"P7CreateRestApi.Tests.CurveControllerTests.CreateCurvePoint_ShouldReturnBadRequest_WhenCurvePointIsNull","DisplayName":"P7CreateRestApi.Tests.CurveControllerTests.CreateCurvePoint_ShouldReturnBadRequest_WhenCurvePointIsNull","ExecutorUri":"executor://xunit/VsTestRunner2/netcoreapp","Source":"C:\\Users\\brandon.ku\\source\\repos\\OCProjet7_Findexium\\P7CreateRestApi.Tests\\bin\\Debug\\net8.0\\fine-code-coverage\\build-output\\P7CreateRestApi.Tests.dll","CodeFilePath":null,"LineNumber":0,"Properties":[]},"Attachments":[],"Outcome":1,"ErrorMessage":null,"ErrorStackTrace":null,"DisplayName":"P7CreateRestApi.Tests.CurveControllerTests.CreateCurvePoint_ShouldReturnBadRequest_WhenCurvePointIsNull","Messages":[],"ComputerName":"PB22039","Duration":"00:00:00.0003295","StartTime":"2024-07-03T14:25:52.4733196+00:00","EndTime":"2024-07-03T14:25:52.4733197+00:00","Properties":[]},{"TestCase":{"Id":"7e782ff1-bc2a-fbcb-ad62-e569e404c91b","FullyQualifiedName":"P7CreateRestApi.Tests.BidListControllerTests.DeleteBid_ShouldReturnInternalServerError_WhenExceptionIsThrown","DisplayName":"P7CreateRestApi.Tests.BidListControllerTests.DeleteBid_ShouldReturnInternalServerError_WhenExceptionIsThrown","ExecutorUri":"executor://xunit/VsTestRunner2/netcoreapp","Source":"C:\\Users\\brandon.ku\\source\\repos\\OCProjet7_Findexium\\P7CreateRestApi.Tests\\bin\\Debug\\net8.0\\fine-code-coverage\\build-output\\P7CreateRestApi.Tests.dll","CodeFilePath":null,"LineNumber":0,"Properties":[]},"Attachments":[],"Outcome":1,"ErrorMessage":null,"ErrorStackTrace":null,"DisplayName":"P7CreateRestApi.Tests.BidListControllerTests.DeleteBid_ShouldReturnInternalServerError_WhenExceptionIsThrown","Messages":[],"ComputerName":"PB22039","Duration":"00:00:00.0011080","StartTime":"2024-07-03T14:25:52.4747892+00:00","EndTime":"2024-07-03T14:25:52.4747894+00:00","Properties":[]}],"TestRunStatistics":{"ExecutedTests":16,"Stats":{"Passed":16}},"ActiveTests":[{"Id":"80c0d35d-724c-9422-f5e1-925e0f0f9560","FullyQualifiedName":"P7CreateRestApi.Tests.CurveControllerTests.GetCurvePointById_ShouldReturnInternalServerError_WhenExceptionIsThrown","DisplayName":"P7CreateRestApi.Tests.CurveControllerTests.GetCurvePointById_ShouldReturnInternalServerError_WhenExceptionIsThrown","ExecutorUri":"executor://xunit/VsTestRunner2/netcoreapp","Source":"C:\\Users\\brandon.ku\\source\\repos\\OCProjet7_Findexium\\P7CreateRestApi.Tests\\bin\\Debug\\net8.0\\fine-code-coverage\\build-output\\P7CreateRestApi.Tests.dll","CodeFilePath":null,"LineNumber":0,"Properties":[]},{"Id":"4fd1c301-834f-572b-a134-90de735a2217","FullyQualifiedName":"P7CreateRestApi.Tests.BidListControllerTests.UpdateBid_ShouldReturnNotFound_WhenBidDoesNotExist","DisplayName":"P7CreateRestApi.Tests.BidListControllerTests.UpdateBid_ShouldReturnNotFound_WhenBidDoesNotExist","ExecutorUri":"executor://xunit/VsTestRunner2/netcoreapp","Source":"C:\\Users\\brandon.ku\\source\\repos\\OCProjet7_Findexium\\P7CreateRestApi.Tests\\bin\\Debug\\net8.0\\fine-code-coverage\\build-output\\P7CreateRestApi.Tests.dll","CodeFilePath":null,"LineNumber":0,"Properties":[]}]}}
TpTrace Verbose: 0 : 23316, 12, 2024/07/03, 16:25:52.478, 130187947912, vstest.console.dll, TestRunRequest:SendTestRunStatsChange: Starting.
TpTrace Verbose: 0 : 23316, 12, 2024/07/03, 16:25:52.478, 130187948263, vstest.console.dll, InProgress is P7CreateRestApi.Tests.CurveControllerTests.GetCurvePointById_ShouldReturnInternalServerError_WhenExceptionIsThrown
TpTrace Verbose: 0 : 23316, 12, 2024/07/03, 16:25:52.478, 130187948407, vstest.console.dll, InProgress is P7CreateRestApi.Tests.BidListControllerTests.UpdateBid_ShouldReturnNotFound_WhenBidDoesNotExist
TpTrace Verbose: 0 : 23316, 12, 2024/07/03, 16:25:52.478, 130187948754, vstest.console.dll, MulticastDelegateUtilities.SafeInvoke: TestRun.RunStatsChanged: Invoking callbacks was skipped because there are no subscribers.
TpTrace Information: 0 : 23316, 12, 2024/07/03, 16:25:52.478, 130187948927, vstest.console.dll, TestRunRequest:SendTestRunStatsChange: Completed.
TpTrace Verbose: 0 : 23316, 12, 2024/07/03, 16:25:52.478, 130187949086, vstest.console.dll, MulticastDelegateUtilities.SafeInvoke: LengthPrefixCommunicationChannel: MessageReceived: Invoking callback 1/1 for Microsoft.VisualStudio.TestPlatform.CommunicationUtilities.TestRequestSender+<>c__DisplayClass34_0., took 0 ms.
TpTrace Verbose: 0 : 23316, 12, 2024/07/03, 16:25:52.478, 130187949229, vstest.console.dll, TcpClientExtensions.MessageLoopAsync: Polling on remoteEndPoint: 127.0.0.1:56548 localEndPoint: 127.0.0.1:56547 after 1 ms
TpTrace Verbose: 0 : 23316, 4, 2024/07/03, 16:25:52.479, 130187957660, vstest.console.dll, MulticastDelegateUtilities.SafeInvoke: InternalTestLoggerEvents.SendTestResult: Invoking callback 1/1 for Microsoft.VisualStudio.TestPlatform.CommandLine.Internal.ConsoleLogger., took 1 ms.
TpTrace Verbose: 0 : 23316, 4, 2024/07/03, 16:25:52.479, 130187959763, vstest.console.dll, MulticastDelegateUtilities.SafeInvoke: InternalTestLoggerEvents.SendTestResult: Invoking callback 1/1 for Microsoft.VisualStudio.TestPlatform.CommandLine.Internal.ConsoleLogger., took 0 ms.
TpTrace Verbose: 0 : 23316, 4, 2024/07/03, 16:25:52.479, 130187960180, vstest.console.dll, MulticastDelegateUtilities.SafeInvoke: InternalTestLoggerEvents.SendTestResult: Invoking callback 1/1 for Microsoft.VisualStudio.TestPlatform.CommandLine.Internal.ConsoleLogger., took 0 ms.
TpTrace Verbose: 0 : 23316, 4, 2024/07/03, 16:25:52.479, 130187960471, vstest.console.dll, MulticastDelegateUtilities.SafeInvoke: InternalTestLoggerEvents.SendTestResult: Invoking callback 1/1 for Microsoft.VisualStudio.TestPlatform.CommandLine.Internal.ConsoleLogger., took 0 ms.
TpTrace Verbose: 0 : 23316, 4, 2024/07/03, 16:25:52.479, 130187960667, vstest.console.dll, MulticastDelegateUtilities.SafeInvoke: InternalTestLoggerEvents.SendTestResult: Invoking callback 1/1 for Microsoft.VisualStudio.TestPlatform.CommandLine.Internal.ConsoleLogger., took 0 ms.
TpTrace Verbose: 0 : 23316, 4, 2024/07/03, 16:25:52.479, 130187960834, vstest.console.dll, MulticastDelegateUtilities.SafeInvoke: InternalTestLoggerEvents.SendTestResult: Invoking callback 1/1 for Microsoft.VisualStudio.TestPlatform.CommandLine.Internal.ConsoleLogger., took 0 ms.
TpTrace Verbose: 0 : 23316, 4, 2024/07/03, 16:25:52.479, 130187961039, vstest.console.dll, MulticastDelegateUtilities.SafeInvoke: InternalTestLoggerEvents.SendTestResult: Invoking callback 1/1 for Microsoft.VisualStudio.TestPlatform.CommandLine.Internal.ConsoleLogger., took 0 ms.
TpTrace Verbose: 0 : 23316, 4, 2024/07/03, 16:25:52.479, 130187961208, vstest.console.dll, MulticastDelegateUtilities.SafeInvoke: InternalTestLoggerEvents.SendTestResult: Invoking callback 1/1 for Microsoft.VisualStudio.TestPlatform.CommandLine.Internal.ConsoleLogger., took 0 ms.
TpTrace Verbose: 0 : 23316, 4, 2024/07/03, 16:25:52.479, 130187961443, vstest.console.dll, MulticastDelegateUtilities.SafeInvoke: InternalTestLoggerEvents.SendTestResult: Invoking callback 1/1 for Microsoft.VisualStudio.TestPlatform.CommandLine.Internal.ConsoleLogger., took 0 ms.
TpTrace Verbose: 0 : 23316, 4, 2024/07/03, 16:25:52.479, 130187961641, vstest.console.dll, MulticastDelegateUtilities.SafeInvoke: InternalTestLoggerEvents.SendTestResult: Invoking callback 1/1 for Microsoft.VisualStudio.TestPlatform.CommandLine.Internal.ConsoleLogger., took 0 ms.
TpTrace Verbose: 0 : 23316, 4, 2024/07/03, 16:25:52.479, 130187961818, vstest.console.dll, MulticastDelegateUtilities.SafeInvoke: InternalTestLoggerEvents.SendTestResult: Invoking callback 1/1 for Microsoft.VisualStudio.TestPlatform.CommandLine.Internal.ConsoleLogger., took 0 ms.
TpTrace Verbose: 0 : 23316, 4, 2024/07/03, 16:25:52.479, 130187962064, vstest.console.dll, MulticastDelegateUtilities.SafeInvoke: InternalTestLoggerEvents.SendTestResult: Invoking callback 1/1 for Microsoft.VisualStudio.TestPlatform.CommandLine.Internal.ConsoleLogger., took 0 ms.
TpTrace Verbose: 0 : 23316, 4, 2024/07/03, 16:25:52.479, 130187962437, vstest.console.dll, MulticastDelegateUtilities.SafeInvoke: InternalTestLoggerEvents.SendTestResult: Invoking callback 1/1 for Microsoft.VisualStudio.TestPlatform.CommandLine.Internal.ConsoleLogger., took 0 ms.
TpTrace Verbose: 0 : 23316, 4, 2024/07/03, 16:25:52.479, 130187963163, vstest.console.dll, MulticastDelegateUtilities.SafeInvoke: InternalTestLoggerEvents.SendTestResult: Invoking callback 1/1 for Microsoft.VisualStudio.TestPlatform.CommandLine.Internal.ConsoleLogger., took 0 ms.
TpTrace Verbose: 0 : 23316, 4, 2024/07/03, 16:25:52.480, 130187964619, vstest.console.dll, MulticastDelegateUtilities.SafeInvoke: InternalTestLoggerEvents.SendTestResult: Invoking callback 1/1 for Microsoft.VisualStudio.TestPlatform.CommandLine.Internal.ConsoleLogger., took 0 ms.
TpTrace Verbose: 0 : 23316, 4, 2024/07/03, 16:25:52.480, 130187964934, vstest.console.dll, MulticastDelegateUtilities.SafeInvoke: InternalTestLoggerEvents.SendTestResult: Invoking callback 1/1 for Microsoft.VisualStudio.TestPlatform.CommandLine.Internal.ConsoleLogger., took 0 ms.
TpTrace Verbose: 0 : 23316, 12, 2024/07/03, 16:25:52.489, 130188058939, vstest.console.dll, TcpClientExtensions.MessageLoopAsync: NotifyDataAvailable remoteEndPoint: 127.0.0.1:56548 localEndPoint: 127.0.0.1:56547
TpTrace Verbose: 0 : 23316, 12, 2024/07/03, 16:25:52.489, 130188060483, vstest.console.dll, TestRequestSender.OnExecutionMessageReceived: Received message: {"Version":7,"MessageType":"TestSession.Message","Payload":{"MessageLevel":0,"Message":"[xUnit.net 00:00:00.36]   Finished:    P7CreateRestApi.Tests"}}
TpTrace Verbose: 0 : 23316, 12, 2024/07/03, 16:25:52.494, 130188107434, vstest.console.dll, TestRunRequest:SendTestRunMessage: Starting.
TpTrace Verbose: 0 : 23316, 12, 2024/07/03, 16:25:52.494, 130188108399, vstest.console.dll, MulticastDelegateUtilities.SafeInvoke: TestRun.LogMessages: Invoking callback 1/1 for Microsoft.VisualStudio.TestPlatform.CommandLine.TestRunResultAggregator., took 0 ms.
TpTrace Verbose: 0 : 23316, 4, 2024/07/03, 16:25:52.494, 130188108399, vstest.console.dll, MulticastDelegateUtilities.SafeInvoke: InternalTestLoggerEvents.SendTestRunMessage: Invoking callback 1/1 for Microsoft.VisualStudio.TestPlatform.CommandLine.Internal.ConsoleLogger., took 0 ms.
TpTrace Information: 0 : 23316, 12, 2024/07/03, 16:25:52.494, 130188108678, vstest.console.dll, TestRunRequest:SendTestRunMessage: Completed.
TpTrace Verbose: 0 : 23316, 12, 2024/07/03, 16:25:52.494, 130188109552, vstest.console.dll, MulticastDelegateUtilities.SafeInvoke: LengthPrefixCommunicationChannel: MessageReceived: Invoking callback 1/1 for Microsoft.VisualStudio.TestPlatform.CommunicationUtilities.TestRequestSender+<>c__DisplayClass34_0., took 4 ms.
TpTrace Verbose: 0 : 23316, 12, 2024/07/03, 16:25:52.494, 130188109885, vstest.console.dll, TcpClientExtensions.MessageLoopAsync: Polling on remoteEndPoint: 127.0.0.1:56548 localEndPoint: 127.0.0.1:56547 after 16 ms
TpTrace Verbose: 0 : 23316, 12, 2024/07/03, 16:25:52.502, 130188190228, vstest.console.dll, TcpClientExtensions.MessageLoopAsync: NotifyDataAvailable remoteEndPoint: 127.0.0.1:56548 localEndPoint: 127.0.0.1:56547
TpTrace Verbose: 0 : 23316, 12, 2024/07/03, 16:25:52.502, 130188191973, vstest.console.dll, TestRequestSender.OnExecutionMessageReceived: Received message: {"Version":7,"MessageType":"TestExecution.Completed","Payload":{"TestRunCompleteArgs":{"TestRunStatistics":{"ExecutedTests":22,"Stats":{"Passed":22}},"IsCanceled":false,"IsAborted":false,"Error":null,"AttachmentSets":[],"InvokedDataCollectors":[],"ElapsedTimeInRunningTests":"00:00:00.3804138","Metrics":{},"DiscoveredExtensions":{"TestDiscoverers":["Xunit.Runner.VisualStudio.VsTestRunner, xunit.runner.visualstudio.dotnetcore.testadapter, Version=2.5.0.0, Culture=neutral, PublicKeyToken=null","Xunit.Runner.VisualStudio.VsTestRunner, xunit.runner.visualstudio.testadapter, Version=2.8.1.0, Culture=neutral, PublicKeyToken=null"],"TestExecutors":["executor://xunit/VsTestRunner2/netcoreapp"],"TestExecutors2":[],"TestSettingsProviders":[]}},"LastRunTests":{"NewTestResults":[{"TestCase":{"Id":"4fd1c301-834f-572b-a134-90de735a2217","FullyQualifiedName":"P7CreateRestApi.Tests.BidListControllerTests.UpdateBid_ShouldReturnNotFound_WhenBidDoesNotExist","DisplayName":"P7CreateRestApi.Tests.BidListControllerTests.UpdateBid_ShouldReturnNotFound_WhenBidDoesNotExist","ExecutorUri":"executor://xunit/VsTestRunner2/netcoreapp","Source":"C:\\Users\\brandon.ku\\source\\repos\\OCProjet7_Findexium\\P7CreateRestApi.Tests\\bin\\Debug\\net8.0\\fine-code-coverage\\build-output\\P7CreateRestApi.Tests.dll","CodeFilePath":null,"LineNumber":0,"Properties":[]},"Attachments":[],"Outcome":1,"ErrorMessage":null,"ErrorStackTrace":null,"DisplayName":"P7CreateRestApi.Tests.BidListControllerTests.UpdateBid_ShouldReturnNotFound_WhenBidDoesNotExist","Messages":[],"ComputerName":"PB22039","Duration":"00:00:00.0004571","StartTime":"2024-07-03T14:25:52.4773262+00:00","EndTime":"2024-07-03T14:25:52.4773262+00:00","Properties":[]},{"TestCase":{"Id":"80c0d35d-724c-9422-f5e1-925e0f0f9560","FullyQualifiedName":"P7CreateRestApi.Tests.CurveControllerTests.GetCurvePointById_ShouldReturnInternalServerError_WhenExceptionIsThrown","DisplayName":"P7CreateRestApi.Tests.CurveControllerTests.GetCurvePointById_ShouldReturnInternalServerError_WhenExceptionIsThrown","ExecutorUri":"executor://xunit/VsTestRunner2/netcoreapp","Source":"C:\\Users\\brandon.ku\\source\\repos\\OCProjet7_Findexium\\P7CreateRestApi.Tests\\bin\\Debug\\net8.0\\fine-code-coverage\\build-output\\P7CreateRestApi.Tests.dll","CodeFilePath":null,"LineNumber":0,"Properties":[]},"Attachments":[],"Outcome":1,"ErrorMessage":null,"ErrorStackTrace":null,"DisplayName":"P7CreateRestApi.Tests.CurveControllerTests.GetCurvePointById_ShouldReturnInternalServerError_WhenExceptionIsThrown","Messages":[],"ComputerName":"PB22039","Duration":"00:00:00.0010046","StartTime":"2024-07-03T14:25:52.4790566+00:00","EndTime":"2024-07-03T14:25:52.4790567+00:00","Properties":[]},{"TestCase":{"Id":"7d3d9f83-b960-c84c-419e-08056b867878","FullyQualifiedName":"P7CreateRestApi.Tests.BidListControllerTests.CreateBid_ShouldReturnInternalServerError_WhenExceptionIsThrown","DisplayName":"P7CreateRestApi.Tests.BidListControllerTests.CreateBid_ShouldReturnInternalServerError_WhenExceptionIsThrown","ExecutorUri":"executor://xunit/VsTestRunner2/netcoreapp","Source":"C:\\Users\\brandon.ku\\source\\repos\\OCProjet7_Findexium\\P7CreateRestApi.Tests\\bin\\Debug\\net8.0\\fine-code-coverage\\build-output\\P7CreateRestApi.Tests.dll","CodeFilePath":null,"LineNumber":0,"Properties":[]},"Attachments":[],"Outcome":1,"ErrorMessage":null,"ErrorStackTrace":null,"DisplayName":"P7CreateRestApi.Tests.BidListControllerTests.CreateBid_ShouldReturnInternalServerError_WhenExceptionIsThrown","Messages":[],"ComputerName":"PB22039","Duration":"00:00:00.0008799","StartTime":"2024-07-03T14:25:52.4805984+00:00","EndTime":"2024-07-03T14:25:52.4805984+00:00","Properties":[]},{"TestCase":{"Id":"45e54721-1dbf-1b53-6f16-0251de6b2e1f","FullyQualifiedName":"P7CreateRestApi.Tests.BidListControllerTests.UpdateBid_ShouldReturnBadRequest_WhenBidIsNullOrIdMismatch","DisplayName":"P7CreateRestApi.Tests.BidListControllerTests.UpdateBid_ShouldReturnBadRequest_WhenBidIsNullOrIdMismatch","ExecutorUri":"executor://xunit/VsTestRunner2/netcoreapp","Source":"C:\\Users\\brandon.ku\\source\\repos\\OCProjet7_Findexium\\P7CreateRestApi.Tests\\bin\\Debug\\net8.0\\fine-code-coverage\\build-output\\P7CreateRestApi.Tests.dll","CodeFilePath":null,"LineNumber":0,"Properties":[]},"Attachments":[],"Outcome":1,"ErrorMessage":null,"ErrorStackTrace":null,"DisplayName":"P7CreateRestApi.Tests.BidListControllerTests.UpdateBid_ShouldReturnBadRequest_WhenBidIsNullOrIdMismatch","Messages":[],"ComputerName":"PB22039","Duration":"00:00:00.0003946","StartTime":"2024-07-03T14:25:52.4818372+00:00","EndTime":"2024-07-03T14:25:52.4818373+00:00","Properties":[]},{"TestCase":{"Id":"43ad2954-1427-403a-982e-02d035cc5056","FullyQualifiedName":"P7CreateRestApi.Tests.CurveControllerTests.GetCurvePointById_ShouldReturnOk_WhenCurvePointExists","DisplayName":"P7CreateRestApi.Tests.CurveControllerTests.GetCurvePointById_ShouldReturnOk_WhenCurvePointExists","ExecutorUri":"executor://xunit/VsTestRunner2/netcoreapp","Source":"C:\\Users\\brandon.ku\\source\\repos\\OCProjet7_Findexium\\P7CreateRestApi.Tests\\bin\\Debug\\net8.0\\fine-code-coverage\\build-output\\P7CreateRestApi.Tests.dll","CodeFilePath":null,"LineNumber":0,"Properties":[]},"Attachments":[],"Outcome":1,"ErrorMessage":null,"ErrorStackTrace":null,"DisplayName":"P7CreateRestApi.Tests.CurveControllerTests.GetCurvePointById_ShouldReturnOk_WhenCurvePointExists","Messages":[],"ComputerName":"PB22039","Duration":"00:00:00.0035111","StartTime":"2024-07-03T14:25:52.4824411+00:00","EndTime":"2024-07-03T14:25:52.4824412+00:00","Properties":[]},{"TestCase":{"Id":"2c08be2e-5f1c-5e40-3858-1b034da14d4d","FullyQualifiedName":"P7CreateRestApi.Tests.CurveControllerTests.GetCurvePointById_ShouldReturnNotFound_WhenCurvePointDoesNotExist","DisplayName":"P7CreateRestApi.Tests.CurveControllerTests.GetCurvePointById_ShouldReturnNotFound_WhenCurvePointDoesNotExist","ExecutorUri":"executor://xunit/VsTestRunner2/netcoreapp","Source":"C:\\Users\\brandon.ku\\source\\repos\\OCProjet7_Findexium\\P7CreateRestApi.Tests\\bin\\Debug\\net8.0\\fine-code-coverage\\build-output\\P7CreateRestApi.Tests.dll","CodeFilePath":null,"LineNumber":0,"Properties":[]},"Attachments":[],"Outcome":1,"ErrorMessage":null,"ErrorStackTrace":null,"DisplayName":"P7CreateRestApi.Tests.CurveControllerTests.GetCurvePointById_ShouldReturnNotFound_WhenCurvePointDoesNotExist","Messages":[],"ComputerName":"PB22039","Duration":"00:00:00.0005089","StartTime":"2024-07-03T14:25:52.4842804+00:00","EndTime":"2024-07-03T14:25:52.4842805+00:00","Properties":[]}],"TestRunStatistics":{"ExecutedTests":22,"Stats":{"Passed":22}},"ActiveTests":[]},"RunAttachments":[],"ExecutorUris":["executor://xunit/VsTestRunner2/netcoreapp"]}}
TpTrace Verbose: 0 : 23316, 12, 2024/07/03, 16:25:52.502, 130188193082, vstest.console.dll, TestRequestSender.EndSession: Sending end session.
TpTrace Verbose: 0 : 23316, 12, 2024/07/03, 16:25:52.503, 130188194869, vstest.console.dll, ProxyOperationManager.Close: waiting for test host to exit for 100 ms
TpTrace Verbose: 0 : 23316, 11, 2024/07/03, 16:25:52.526, 130188424148, vstest.console.dll, TestHostManagerCallbacks.ctor: Experimental forwarding output is disabled.
TpTrace Warning: 0 : 23316, 11, 2024/07/03, 16:25:52.526, 130188425621, vstest.console.dll, TestHostManagerCallbacks.ErrorReceivedCallback Test host standard error line: 
TpTrace Verbose: 0 : 23316, 11, 2024/07/03, 16:25:52.535, 130188518002, vstest.console.dll, TestHostProvider.ExitCallBack: Host exited starting callback.
TpTrace Information: 0 : 23316, 11, 2024/07/03, 16:25:52.535, 130188519221, vstest.console.dll, TestHostManagerCallbacks.ExitCallBack: Testhost processId: 21512 exited with exitcode: 0 error: ''
TpTrace Verbose: 0 : 23316, 11, 2024/07/03, 16:25:52.535, 130188519434, vstest.console.dll, DotnetTestHostManager.OnHostExited: invoking OnHostExited callback
TpTrace Verbose: 0 : 23316, 11, 2024/07/03, 16:25:52.535, 130188519814, vstest.console.dll, CrossPlatEngine.TestHostManagerHostExited: calling on client process exit callback.
TpTrace Information: 0 : 23316, 11, 2024/07/03, 16:25:52.535, 130188520150, vstest.console.dll, TestRequestSender.OnClientProcessExit: Test host process exited. Standard error: 
TpTrace Information: 0 : 23316, 11, 2024/07/03, 16:25:52.535, 130188520355, vstest.console.dll, SocketServer.Stop: Stop server endPoint: 127.0.0.1:56547
TpTrace Information: 0 : 23316, 11, 2024/07/03, 16:25:52.535, 130188520500, vstest.console.dll, SocketServer.Stop: Cancellation requested. Stopping message loop.
TpTrace Information: 0 : 23316, 12, 2024/07/03, 16:25:52.535, 130188520691, vstest.console.dll, SocketServer.Stop: Stop server endPoint: 127.0.0.1:56547
TpTrace Information: 0 : 23316, 12, 2024/07/03, 16:25:52.535, 130188521117, vstest.console.dll, SocketServer.Stop: Cancellation requested. Stopping message loop.
TpTrace Verbose: 0 : 23316, 11, 2024/07/03, 16:25:52.535, 130188521195, vstest.console.dll, MulticastDelegateUtilities.SafeInvoke: HostProviderEvents.OnHostExited: Invoking callback 1/1 for Microsoft.VisualStudio.TestPlatform.CrossPlatEngine.Client.ProxyOperationManager., took 0 ms.
TpTrace Information: 0 : 23316, 12, 2024/07/03, 16:25:52.535, 130188521373, vstest.console.dll, Closing the connection
TpTrace Verbose: 0 : 23316, 12, 2024/07/03, 16:25:52.535, 130188522992, vstest.console.dll, ProxyDataCollectionManager.InvokeDataCollectionServiceAction: Starting.
TpTrace Information: 0 : 23316, 12, 2024/07/03, 16:25:52.535, 130188523226, vstest.console.dll, ProxyDataCollectionManager.AfterTestRunEnd: Get attachment set and invoked data collectors processId: 4116 port: 56544
TpTrace Verbose: 0 : 23316, 12, 2024/07/03, 16:25:52.535, 130188523484, vstest.console.dll, DataCollectionRequestSender.SendAfterTestRunStartAndGetResult: Send AfterTestRunEnd message with isCancelled: False
TpTrace Verbose: 0 : 23316, 12, 2024/07/03, 16:25:52.540, 130188568867, vstest.console.dll, DataCollectionRequestSender.SendAfterTestRunStartAndGetResult: Received message: (DataCollection.AfterTestRunEndResult) -> {"MessageType":"DataCollection.AfterTestRunEndResult","Payload":{"AttachmentSets":[],"InvokedDataCollectors":[{"Uri":"datacollector://Microsoft/TestPlatform/Extensions/Blame/v1","FriendlyName":"Blame","AssemblyQualifiedName":"Microsoft.TestPlatform.Extensions.BlameDataCollector.BlameCollector, Microsoft.TestPlatform.Extensions.BlameDataCollector, Version=15.0.0.0, Culture=neutral, PublicKeyToken=b03f5f7f11d50a3a","FilePath":"C:\\Program Files\\dotnet\\sdk\\8.0.302\\Extensions\\Microsoft.TestPlatform.Extensions.BlameDataCollector.dll","HasAttachmentProcessor":false}],"Metrics":{}}}
TpTrace Warning: 0 : 23316, 10, 2024/07/03, 16:25:52.544, 130188608121, vstest.console.dll, DataCollectionLauncher.ErrorReceivedCallback datacollector standard error line: 
TpTrace Information: 0 : 23316, 12, 2024/07/03, 16:25:52.545, 130188616461, vstest.console.dll, ProxyDataCollectionManager.InvokeDataCollectionServiceAction: Completed.
TpTrace Information: 0 : 23316, 10, 2024/07/03, 16:25:52.550, 130188667725, vstest.console.dll, DataCollectionLauncher.ExitCallBack: Data collector exited with exitcode: 0 error: ''
TpTrace Verbose: 0 : 23316, 12, 2024/07/03, 16:25:52.570, 130188869953, vstest.console.dll, TestRunRequest:SendTestRunStatsChange: Starting.
TpTrace Verbose: 0 : 23316, 12, 2024/07/03, 16:25:52.570, 130188871372, vstest.console.dll, MulticastDelegateUtilities.SafeInvoke: TestRun.RunStatsChanged: Invoking callbacks was skipped because there are no subscribers.
TpTrace Information: 0 : 23316, 12, 2024/07/03, 16:25:52.570, 130188871649, vstest.console.dll, TestRunRequest:SendTestRunStatsChange: Completed.
TpTrace Verbose: 0 : 23316, 4, 2024/07/03, 16:25:52.570, 130188872227, vstest.console.dll, MulticastDelegateUtilities.SafeInvoke: InternalTestLoggerEvents.SendTestResult: Invoking callback 1/1 for Microsoft.VisualStudio.TestPlatform.CommandLine.Internal.ConsoleLogger., took 0 ms.
TpTrace Verbose: 0 : 23316, 4, 2024/07/03, 16:25:52.570, 130188872816, vstest.console.dll, MulticastDelegateUtilities.SafeInvoke: InternalTestLoggerEvents.SendTestResult: Invoking callback 1/1 for Microsoft.VisualStudio.TestPlatform.CommandLine.Internal.ConsoleLogger., took 0 ms.
TpTrace Verbose: 0 : 23316, 4, 2024/07/03, 16:25:52.570, 130188873033, vstest.console.dll, MulticastDelegateUtilities.SafeInvoke: InternalTestLoggerEvents.SendTestResult: Invoking callback 1/1 for Microsoft.VisualStudio.TestPlatform.CommandLine.Internal.ConsoleLogger., took 0 ms.
TpTrace Verbose: 0 : 23316, 4, 2024/07/03, 16:25:52.570, 130188873331, vstest.console.dll, MulticastDelegateUtilities.SafeInvoke: InternalTestLoggerEvents.SendTestResult: Invoking callback 1/1 for Microsoft.VisualStudio.TestPlatform.CommandLine.Internal.ConsoleLogger., took 0 ms.
TpTrace Verbose: 0 : 23316, 4, 2024/07/03, 16:25:52.570, 130188873527, vstest.console.dll, MulticastDelegateUtilities.SafeInvoke: InternalTestLoggerEvents.SendTestResult: Invoking callback 1/1 for Microsoft.VisualStudio.TestPlatform.CommandLine.Internal.ConsoleLogger., took 0 ms.
TpTrace Verbose: 0 : 23316, 4, 2024/07/03, 16:25:52.570, 130188873723, vstest.console.dll, MulticastDelegateUtilities.SafeInvoke: InternalTestLoggerEvents.SendTestResult: Invoking callback 1/1 for Microsoft.VisualStudio.TestPlatform.CommandLine.Internal.ConsoleLogger., took 0 ms.
TpTrace Verbose: 0 : 23316, 12, 2024/07/03, 16:25:52.571, 130188875107, vstest.console.dll, ParallelProxyExecutionManager: HandlePartialRunComplete: Total workloads = 1, Total started clients = 1 Total completed clients = 1, Run complete = True, Run canceled: False.
TpTrace Verbose: 0 : 23316, 12, 2024/07/03, 16:25:52.571, 130188875409, vstest.console.dll, ParallelProxyExecutionManager: HandlePartialRunComplete: All runs completed stopping all managers.
TpTrace Verbose: 0 : 23316, 12, 2024/07/03, 16:25:52.571, 130188875633, vstest.console.dll, ParallelOperationManager.StopAllManagers: Stopping all managers.
TpTrace Verbose: 0 : 23316, 12, 2024/07/03, 16:25:52.571, 130188875824, vstest.console.dll, ParallelOperationManager.ClearSlots: Clearing all slots. Slots should accept more work: False
TpTrace Verbose: 0 : 23316, 12, 2024/07/03, 16:25:52.571, 130188876639, vstest.console.dll, ParallelOperationManager.SetOccupiedSlotCount: Setting slot counts AvailableSlotCount = 1, OccupiedSlotCount = 0.
TpTrace Verbose: 0 : 23316, 12, 2024/07/03, 16:25:52.571, 130188877101, vstest.console.dll, Occupied slots:

TpTrace Verbose: 0 : 23316, 4, 2024/07/03, 16:25:52.578, 130188951259, vstest.console.dll, MulticastDelegateUtilities.SafeInvoke: InternalTestLoggerEvents.SendTestRunComplete: Invoking callback 1/2 for Microsoft.TestPlatform.Extensions.BlameDataCollector.BlameLogger., took 0 ms.
TpTrace Verbose: 0 : 23316, 4, 2024/07/03, 16:25:52.583, 130189001526, vstest.console.dll, MulticastDelegateUtilities.SafeInvoke: InternalTestLoggerEvents.SendTestRunComplete: Invoking callback 2/2 for Microsoft.VisualStudio.TestPlatform.CommandLine.Internal.ConsoleLogger., took 4 ms.
TpTrace Verbose: 0 : 23316, 12, 2024/07/03, 16:25:52.584, 130189004751, vstest.console.dll, TestRunRequest:TestRunComplete: Starting. IsAborted:False IsCanceled:False.
TpTrace Verbose: 0 : 23316, 12, 2024/07/03, 16:25:52.584, 130189006039, vstest.console.dll, ParallelOperationManager.DoActionOnAllManagers: Calling an action on all managers.
TpTrace Verbose: 0 : 23316, 12, 2024/07/03, 16:25:52.584, 130189012893, vstest.console.dll, TestLoggerManager.HandleTestRunComplete: Ignoring as the object is disposed.
TpTrace Verbose: 0 : 23316, 12, 2024/07/03, 16:25:52.585, 130189014804, vstest.console.dll, MulticastDelegateUtilities.SafeInvoke: TestRun.TestRunComplete: Invoking callback 1/2 for Microsoft.VisualStudio.TestPlatform.CommandLine.TestRunResultAggregator., took 0 ms.
TpTrace Verbose: 0 : 23316, 12, 2024/07/03, 16:25:52.585, 130189016066, vstest.console.dll, MulticastDelegateUtilities.SafeInvoke: TestRun.TestRunComplete: Invoking callback 2/2 for Microsoft.VisualStudio.TestPlatform.CommandLine.Processors.RunTestsArgumentExecutor+TestRunRequestEventsRegistrar., took 0 ms.
TpTrace Information: 0 : 23316, 12, 2024/07/03, 16:25:52.585, 130189016832, vstest.console.dll, TestRunRequest:TestRunComplete: Completed.
TpTrace Verbose: 0 : 23316, 12, 2024/07/03, 16:25:52.585, 130189017080, vstest.console.dll, TestRequestSender.SetOperationComplete: Setting operation complete.
TpTrace Verbose: 0 : 23316, 1, 2024/07/03, 16:25:52.585, 130189017049, vstest.console.dll, TestRunRequest.Dispose: Starting.
TpTrace Information: 0 : 23316, 12, 2024/07/03, 16:25:52.585, 130189017247, vstest.console.dll, SocketServer.Stop: Stop server endPoint: 127.0.0.1:56547
TpTrace Information: 0 : 23316, 1, 2024/07/03, 16:25:52.585, 130189017824, vstest.console.dll, TestRunRequest.Dispose: Completed.
TpTrace Information: 0 : 23316, 12, 2024/07/03, 16:25:52.585, 130189018141, vstest.console.dll, SocketServer.Stop: Cancellation requested. Stopping message loop.
TpTrace Verbose: 0 : 23316, 12, 2024/07/03, 16:25:52.585, 130189018508, vstest.console.dll, MulticastDelegateUtilities.SafeInvoke: LengthPrefixCommunicationChannel: MessageReceived: Invoking callback 1/1 for Microsoft.VisualStudio.TestPlatform.CommunicationUtilities.TestRequestSender+<>c__DisplayClass34_0., took 82 ms.
TpTrace Information: 0 : 23316, 1, 2024/07/03, 16:25:52.585, 130189018661, vstest.console.dll, TestRequestManager.RunTests: run tests completed.
TpTrace Information: 0 : 23316, 12, 2024/07/03, 16:25:52.585, 130189018809, vstest.console.dll, SocketServer.PrivateStop: Stopping server endPoint: 127.0.0.1:56547 error: 
TpTrace Information: 0 : 23316, 1, 2024/07/03, 16:25:52.585, 130189019321, vstest.console.dll, RunTestsArgumentProcessor:Execute: Test run is completed.
TpTrace Verbose: 0 : 23316, 1, 2024/07/03, 16:25:52.585, 130189021596, vstest.console.dll, Executor.Execute: Exiting with exit code of 0
TpTrace Verbose: 0 : 23316, 12, 2024/07/03, 16:25:52.585, 130189023539, vstest.console.dll, LengthPrefixCommunicationChannel.Dispose: Dispose reader and writer.
TpTrace Information: 0 : 23316, 12, 2024/07/03, 16:25:52.586, 130189024185, vstest.console.dll, SocketServer.Stop: Raise disconnected event endPoint: 127.0.0.1:56547 error: 
TpTrace Verbose: 0 : 23316, 12, 2024/07/03, 16:25:52.586, 130189024803, vstest.console.dll, TestRequestSender: OnTestRunAbort: Operation is already complete. Skip error message.
TpTrace Verbose: 0 : 23316, 12, 2024/07/03, 16:25:52.586, 130189025040, vstest.console.dll, MulticastDelegateUtilities.SafeInvoke: SocketServer: ClientDisconnected: Invoking callback 1/1 for Microsoft.VisualStudio.TestPlatform.CommunicationUtilities.TestRequestSender., took 0 ms.
TpTrace Verbose: 0 : 23316, 12, 2024/07/03, 16:25:52.586, 130189025217, vstest.console.dll, TcpClientExtensions.MessageLoopAsync: exiting MessageLoopAsync remoteEndPoint: 127.0.0.1:56548 localEndPoint: 127.0.0.1:56547
