TpTrace Verbose: 0 : 19260, 1, 2024/07/03, 22:41:26.895, 355532916512, testhost.dll, Version: 17.8.0 Current process architecture: X64
TpTrace Verbose: 0 : 19260, 1, 2024/07/03, 22:41:26.898, 355532951539, testhost.dll, Runtime location: C:\Program Files\dotnet\shared\Microsoft.NETCore.App\8.0.6
TpTrace Information: 0 : 19260, 1, 2024/07/03, 22:41:26.901, 355532974486, testhost.dll, DefaultEngineInvoker.Invoke: Testhost process started with args :[--port, 50615],[--endpoint, 127.0.0.1:050615],[--role, client],[--parentprocessid, 18548],[--diag, C:\Users\brandon.ku\source\repos\OCProjet7_Findexium\P7CreateRestApi.Tests\bin\Debug\net8.0\fine-code-coverage\coverage-tool-output\diagnostics.host.24-07-03_22-41-26_27684_5.log],[--tracelevel, 4],[--datacollectionport, 50614],[--telemetryoptedin, false]
TpTrace Information: 0 : 19260, 1, 2024/07/03, 22:41:26.901, 355532978189, testhost.dll, Setting up debug trace listener.
TpTrace Verbose: 0 : 19260, 1, 2024/07/03, 22:41:26.901, 355532979215, testhost.dll, TestPlatformTraceListener.Setup: Replacing listener System.Diagnostics.DefaultTraceListener with TestHostTraceListener.
TpTrace Verbose: 0 : 19260, 1, 2024/07/03, 22:41:26.901, 355532979709, testhost.dll, TestPlatformTraceListener.Setup: Added test platform trace listener.
TpTrace Information: 0 : 19260, 1, 2024/07/03, 22:41:26.901, 355532981565, testhost.dll, DefaultEngineInvoker.SetParentProcessExitCallback: Monitoring parent process with id: '18548'
TpTrace Information: 0 : 19260, 1, 2024/07/03, 22:41:26.914, 355533105741, testhost.dll, DefaultEngineInvoker.GetConnectionInfo: Initialize communication on endpoint address: '127.0.0.1:050615'
TpTrace Information: 0 : 19260, 1, 2024/07/03, 22:41:26.939, 355533358251, testhost.dll, SocketClient.Start: connecting to server endpoint: 127.0.0.1:050615
TpTrace Information: 0 : 19260, 10, 2024/07/03, 22:41:26.962, 355533584702, testhost.dll, SocketClient.OnServerConnected: connected to server endpoint: 127.0.0.1:050615
TpTrace Verbose: 0 : 19260, 10, 2024/07/03, 22:41:26.964, 355533607212, testhost.dll, MulticastDelegateUtilities.SafeInvoke: SocketClient: ServerConnected: Invoking callback 1/1 for Microsoft.VisualStudio.TestPlatform.CommunicationUtilities.TestRequestHandler., took 0 ms.
TpTrace Verbose: 0 : 19260, 10, 2024/07/03, 22:41:26.964, 355533608207, testhost.dll, Connected to server, and starting MessageLoopAsync
TpTrace Information: 0 : 19260, 1, 2024/07/03, 22:41:26.965, 355533612867, testhost.dll, DefaultEngineInvoker.ConnectToDatacollector: Connecting to datacollector, port: 50614
TpTrace Information: 0 : 19260, 1, 2024/07/03, 22:41:26.966, 355533629665, testhost.dll, Trying to connect to server on socket : 127.0.0.1:50614 
TpTrace Verbose: 0 : 19260, 1, 2024/07/03, 22:41:26.967, 355533634441, testhost.dll, SocketCommunicationManager : SetupClientAsync : Attempting to connect to the server.
TpTrace Information: 0 : 19260, 11, 2024/07/03, 22:41:26.970, 355533662954, testhost.dll, Connected to the server successfully 
TpTrace Information: 0 : 19260, 11, 2024/07/03, 22:41:26.970, 355533663626, testhost.dll, Using the buffer size of 16384 bytes
TpTrace Verbose: 0 : 19260, 1, 2024/07/03, 22:41:26.970, 355533665240, testhost.dll, SocketCommunicationManager.WaitForServerConnection took: 0 ms, with 90000 ms timeout, and finished with True.
TpTrace Information: 0 : 19260, 1, 2024/07/03, 22:41:26.970, 355533666811, testhost.dll, DefaultEngineInvoker.Invoke: Start Request Processing.
TpTrace Information: 0 : 19260, 12, 2024/07/03, 22:41:26.971, 355533674379, testhost.dll, DefaultEngineInvoker.StartProcessingAsync: Connected to vstest.console, Starting process requests.
TpTrace Verbose: 0 : 19260, 9, 2024/07/03, 22:41:26.973, 355533697637, testhost.dll, TcpClientExtensions.MessageLoopAsync: Polling on remoteEndPoint: [::ffff:127.0.0.1]:50615 localEndPoint: [::ffff:127.0.0.1]:50616
TpTrace Verbose: 0 : 19260, 9, 2024/07/03, 22:41:26.973, 355533698866, testhost.dll, TcpClientExtensions.MessageLoopAsync: NotifyDataAvailable remoteEndPoint: [::ffff:127.0.0.1]:50615 localEndPoint: [::ffff:127.0.0.1]:50616
TpTrace Information: 0 : 19260, 9, 2024/07/03, 22:41:26.976, 355533729519, testhost.dll, TestRequestHandler.OnMessageReceived: received message: (ProtocolVersion) -> {"MessageType":"ProtocolVersion","Payload":7}
TpTrace Verbose: 0 : 19260, 9, 2024/07/03, 22:41:27.215, 355536113815, testhost.dll, TestRequestHandler.SendData: sending data from testhost: {"Version":7,"MessageType":"TestSession.Message","Payload":{"MessageLevel":0,"Message":"Journalisation des diagnostics TestHost dans le fichier : C:\\Users\\brandon.ku\\source\\repos\\OCProjet7_Findexium\\P7CreateRestApi.Tests\\bin\\Debug\\net8.0\\fine-code-coverage\\coverage-tool-output\\diagnostics.host.24-07-03_22-41-26_27684_5.log"}}
TpTrace Verbose: 0 : 19260, 9, 2024/07/03, 22:41:27.215, 355536116853, testhost.dll, MulticastDelegateUtilities.SafeInvoke: LengthPrefixCommunicationChannel: MessageReceived: Invoking callback 1/1 for Microsoft.VisualStudio.TestPlatform.CommunicationUtilities.TestRequestHandler., took 241 ms.
TpTrace Verbose: 0 : 19260, 9, 2024/07/03, 22:41:27.215, 355536117391, testhost.dll, TcpClientExtensions.MessageLoopAsync: Polling on remoteEndPoint: [::ffff:127.0.0.1]:50615 localEndPoint: [::ffff:127.0.0.1]:50616
TpTrace Verbose: 0 : 19260, 9, 2024/07/03, 22:41:27.215, 355536118684, testhost.dll, TcpClientExtensions.MessageLoopAsync: NotifyDataAvailable remoteEndPoint: [::ffff:127.0.0.1]:50615 localEndPoint: [::ffff:127.0.0.1]:50616
TpTrace Information: 0 : 19260, 9, 2024/07/03, 22:41:27.216, 355536121804, testhost.dll, TestRequestHandler.OnMessageReceived: received message: (TestExecution.Initialize) -> {"Version":7,"MessageType":"TestExecution.Initialize","Payload":["C:\\Users\\brandon.ku\\source\\repos\\OCProjet7_Findexium\\P7CreateRestApi.Tests\\bin\\Debug\\net8.0\\fine-code-coverage\\build-output\\xunit.runner.visualstudio.dotnetcore.testadapter.dll","C:\\Users\\brandon.ku\\source\\repos\\OCProjet7_Findexium\\P7CreateRestApi.Tests\\bin\\Debug\\net8.0\\fine-code-coverage\\build-output\\xunit.runner.visualstudio.testadapter.dll"]}
TpTrace Verbose: 0 : 19260, 9, 2024/07/03, 22:41:27.225, 355536215011, testhost.dll, MulticastDelegateUtilities.SafeInvoke: LengthPrefixCommunicationChannel: MessageReceived: Invoking callback 1/1 for Microsoft.VisualStudio.TestPlatform.CommunicationUtilities.TestRequestHandler., took 9 ms.
TpTrace Verbose: 0 : 19260, 9, 2024/07/03, 22:41:27.225, 355536217377, testhost.dll, TcpClientExtensions.MessageLoopAsync: Polling on remoteEndPoint: [::ffff:127.0.0.1]:50615 localEndPoint: [::ffff:127.0.0.1]:50616
TpTrace Verbose: 0 : 19260, 9, 2024/07/03, 22:41:27.225, 355536218107, testhost.dll, TcpClientExtensions.MessageLoopAsync: NotifyDataAvailable remoteEndPoint: [::ffff:127.0.0.1]:50615 localEndPoint: [::ffff:127.0.0.1]:50616
TpTrace Information: 0 : 19260, 9, 2024/07/03, 22:41:27.225, 355536219726, testhost.dll, TestRequestHandler.OnMessageReceived: received message: (TestExecution.StartWithSources) -> {"Version":7,"MessageType":"TestExecution.StartWithSources","Payload":{"AdapterSourceMap":{"_none_":["C:\\Users\\brandon.ku\\source\\repos\\OCProjet7_Findexium\\P7CreateRestApi.Tests\\bin\\Debug\\net8.0\\fine-code-coverage\\build-output\\P7CreateRestApi.Tests.dll"]},"RunSettings":"<RunSettings>\r\n  <RunConfiguration>\r\n    <ResultsDirectory>C:\\Users\\brandon.ku\\source\\repos\\OCProjet7_Findexium\\P7CreateRestApi.Tests\\bin\\Debug\\net8.0\\fine-code-coverage\\coverage-tool-output</ResultsDirectory>\r\n    <TargetFrameworkVersion>.NETCoreApp,Version=v8.0</TargetFrameworkVersion>\r\n    <DesignMode>False</DesignMode>\r\n    <CollectSourceInformation>False</CollectSourceInformation>\r\n  </RunConfiguration>\r\n  <LoggerRunSettings>\r\n    <Loggers>\r\n      <Logger friendlyName=\"blame\" enabled=\"True\" />\r\n      <Logger friendlyName=\"Console\" uri=\"logger://microsoft/TestPlatform/ConsoleLogger/v1\" assemblyQualifiedName=\"Microsoft.VisualStudio.TestPlatform.CommandLine.Internal.ConsoleLogger, vstest.console, Version=15.0.0.0, Culture=neutral, PublicKeyToken=b03f5f7f11d50a3a\" codeBase=\"C:\\Program Files\\dotnet\\sdk\\8.0.302\\vstest.console.dll\" enabled=\"True\" />\r\n    </Loggers>\r\n  </LoggerRunSettings>\r\n  <DataCollectionRunSettings>\r\n    <DataCollectors>\r\n      <DataCollector friendlyName=\"blame\" enabled=\"True\">\r\n        <Configuration>\r\n          <ResultsDirectory>C:\\Users\\brandon.ku\\source\\repos\\OCProjet7_Findexium\\P7CreateRestApi.Tests\\bin\\Debug\\net8.0\\fine-code-coverage\\coverage-tool-output</ResultsDirectory>\r\n        </Configuration>\r\n      </DataCollector>\r\n    </DataCollectors>\r\n  </DataCollectionRunSettings>\r\n</RunSettings>","TestExecutionContext":{"FrequencyOfRunStatsChangeEvent":10,"RunStatsChangeEventTimeout":"00:00:01.5000000","InIsolation":false,"KeepAlive":false,"AreTestCaseLevelEventsRequired":false,"IsDebug":false,"TestCaseFilter":null,"FilterOptions":null},"Package":null}}
TpTrace Information: 0 : 19260, 4, 2024/07/03, 22:41:27.225, 355536221524, testhost.dll, TestRequestHandler.OnMessageReceived: Running job 'TestExecution.Initialize'.
TpTrace Verbose: 0 : 19260, 4, 2024/07/03, 22:41:27.228, 355536242816, testhost.dll, TestExecutorService: Loading the extensions
TpTrace Verbose: 0 : 19260, 4, 2024/07/03, 22:41:27.229, 355536253855, testhost.dll, TestPluginCache.DiscoverTestExtensions: finding test extensions in assemblies ends with: TestAdapter.dll TPluginInfo: Microsoft.VisualStudio.TestPlatform.Common.ExtensionFramework.Utilities.TestExecutorPluginInformation TExtension: Microsoft.VisualStudio.TestPlatform.ObjectModel.Adapter.ITestExecutor
TpTrace Verbose: 0 : 19260, 4, 2024/07/03, 22:41:27.234, 355536309504, testhost.dll, TestPluginCache.GetExtensionPaths: Filtered extension paths: 
TpTrace Verbose: 0 : 19260, 4, 2024/07/03, 22:41:27.235, 355536312673, testhost.dll, TestPluginCache.GetExtensionPaths: Added default extension paths: C:\Users\brandon.ku\source\repos\OCProjet7_Findexium\P7CreateRestApi.Tests\bin\Debug\net8.0\fine-code-coverage\build-output\xunit.runner.visualstudio.dotnetcore.testadapter.dll
C:\Users\brandon.ku\source\repos\OCProjet7_Findexium\P7CreateRestApi.Tests\bin\Debug\net8.0\fine-code-coverage\build-output\xunit.runner.visualstudio.testadapter.dll
TpTrace Verbose: 0 : 19260, 4, 2024/07/03, 22:41:27.235, 355536312934, testhost.dll, TestPluginCache.GetExtensionPaths: Added unfilterableExtensionPaths: 
TpTrace Information: 0 : 19260, 4, 2024/07/03, 22:41:27.236, 355536324639, testhost.dll, AssemblyResolver.ctor: Creating AssemblyResolver with searchDirectories C:\Users\brandon.ku\source\repos\OCProjet7_Findexium\P7CreateRestApi.Tests\bin\Debug\net8.0\fine-code-coverage\build-output
TpTrace Verbose: 0 : 19260, 4, 2024/07/03, 22:41:27.241, 355536378812, testhost.dll, TestPluginCache.DiscoverTestExtensions: Discovering the extensions using extension path.
TpTrace Verbose: 0 : 19260, 4, 2024/07/03, 22:41:27.241, 355536380500, testhost.dll, TestPluginCache.GetExtensionPaths: Filtered extension paths: 
TpTrace Verbose: 0 : 19260, 4, 2024/07/03, 22:41:27.241, 355536380902, testhost.dll, TestPluginCache.GetExtensionPaths: Added default extension paths: C:\Users\brandon.ku\source\repos\OCProjet7_Findexium\P7CreateRestApi.Tests\bin\Debug\net8.0\fine-code-coverage\build-output\xunit.runner.visualstudio.dotnetcore.testadapter.dll
C:\Users\brandon.ku\source\repos\OCProjet7_Findexium\P7CreateRestApi.Tests\bin\Debug\net8.0\fine-code-coverage\build-output\xunit.runner.visualstudio.testadapter.dll
TpTrace Verbose: 0 : 19260, 4, 2024/07/03, 22:41:27.241, 355536381125, testhost.dll, TestPluginCache.GetExtensionPaths: Added unfilterableExtensionPaths: 
TpTrace Verbose: 0 : 19260, 4, 2024/07/03, 22:41:27.242, 355536382057, testhost.dll, TestPluginCache.DiscoverTestExtensions: Discovering the extensions using allExtensionPaths: C:\Users\brandon.ku\source\repos\OCProjet7_Findexium\P7CreateRestApi.Tests\bin\Debug\net8.0\fine-code-coverage\build-output\xunit.runner.visualstudio.dotnetcore.testadapter.dll
C:\Users\brandon.ku\source\repos\OCProjet7_Findexium\P7CreateRestApi.Tests\bin\Debug\net8.0\fine-code-coverage\build-output\xunit.runner.visualstudio.testadapter.dll
TpTrace Information: 0 : 19260, 4, 2024/07/03, 22:41:27.242, 355536390829, testhost.dll, AssemblyResolver.AddSearchDirectories: Adding more searchDirectories C:\Users\brandon.ku\source\repos\OCProjet7_Findexium\P7CreateRestApi.Tests\bin\Debug\net8.0\fine-code-coverage\build-output
TpTrace Information: 0 : 19260, 4, 2024/07/03, 22:41:27.243, 355536392393, testhost.dll, AssemblyResolver.AddSearchDirectories: Adding more searchDirectories C:\Users\brandon.ku\source\repos\OCProjet7_Findexium\P7CreateRestApi.Tests\bin\Debug\net8.0\fine-code-coverage\build-output
TpTrace Information: 0 : 19260, 4, 2024/07/03, 22:41:27.245, 355536418111, testhost.dll, AssemblyResolver.OnResolve: xunit.runner.visualstudio.dotnetcore.testadapter: Resolving assembly.
TpTrace Information: 0 : 19260, 4, 2024/07/03, 22:41:27.245, 355536419616, testhost.dll, AssemblyResolver.OnResolve: xunit.runner.visualstudio.dotnetcore.testadapter: Searching in: 'C:\Users\brandon.ku\source\repos\OCProjet7_Findexium\P7CreateRestApi.Tests\bin\Debug\net8.0\fine-code-coverage\build-output'.
TpTrace Verbose: 0 : 19260, 9, 2024/07/03, 22:41:27.256, 355536530596, testhost.dll, MulticastDelegateUtilities.SafeInvoke: LengthPrefixCommunicationChannel: MessageReceived: Invoking callback 1/1 for Microsoft.VisualStudio.TestPlatform.CommunicationUtilities.TestRequestHandler., took 31 ms.
TpTrace Verbose: 0 : 19260, 9, 2024/07/03, 22:41:27.257, 355536531859, testhost.dll, TcpClientExtensions.MessageLoopAsync: Polling on remoteEndPoint: [::ffff:127.0.0.1]:50615 localEndPoint: [::ffff:127.0.0.1]:50616
TpTrace Information: 0 : 19260, 4, 2024/07/03, 22:41:27.272, 355536690504, testhost.dll, AssemblyResolver.OnResolve: xunit.runner.visualstudio.dotnetcore.testadapter: Loading assembly 'C:\Users\brandon.ku\source\repos\OCProjet7_Findexium\P7CreateRestApi.Tests\bin\Debug\net8.0\fine-code-coverage\build-output\xunit.runner.visualstudio.dotnetcore.testadapter.dll'.
TpTrace Information: 0 : 19260, 4, 2024/07/03, 22:41:27.275, 355536713801, testhost.dll, AssemblyResolver.OnResolve: Resolved assembly: xunit.runner.visualstudio.dotnetcore.testadapter, from path: C:\Users\brandon.ku\source\repos\OCProjet7_Findexium\P7CreateRestApi.Tests\bin\Debug\net8.0\fine-code-coverage\build-output\xunit.runner.visualstudio.dotnetcore.testadapter.dll
TpTrace Verbose: 0 : 19260, 4, 2024/07/03, 22:41:27.287, 355536832447, testhost.dll, MetadataReaderExtensionsHelper: Discovering extensions inside assembly 'xunit.runner.visualstudio.dotnetcore.testadapter, Version=2.5.0.0, Culture=neutral, PublicKeyToken=null' file path 'C:\Users\brandon.ku\source\repos\OCProjet7_Findexium\P7CreateRestApi.Tests\bin\Debug\net8.0\fine-code-coverage\build-output\xunit.runner.visualstudio.dotnetcore.testadapter.dll'
TpTrace Information: 0 : 19260, 4, 2024/07/03, 22:41:27.291, 355536876861, testhost.dll, AssemblyResolver.OnResolve: xunit.runner.utility.netcoreapp10: Resolving assembly.
TpTrace Information: 0 : 19260, 4, 2024/07/03, 22:41:27.291, 355536879139, testhost.dll, AssemblyResolver.OnResolve: xunit.runner.utility.netcoreapp10: Searching in: 'C:\Users\brandon.ku\source\repos\OCProjet7_Findexium\P7CreateRestApi.Tests\bin\Debug\net8.0\fine-code-coverage\build-output'.
TpTrace Information: 0 : 19260, 4, 2024/07/03, 22:41:27.293, 355536899160, testhost.dll, AssemblyResolver.OnResolve: xunit.runner.utility.netcoreapp10: Loading assembly 'C:\Users\brandon.ku\source\repos\OCProjet7_Findexium\P7CreateRestApi.Tests\bin\Debug\net8.0\fine-code-coverage\build-output\xunit.runner.utility.netcoreapp10.dll'.
TpTrace Information: 0 : 19260, 4, 2024/07/03, 22:41:27.295, 355536921486, testhost.dll, AssemblyResolver.OnResolve: Resolved assembly: xunit.runner.utility.netcoreapp10, from path: C:\Users\brandon.ku\source\repos\OCProjet7_Findexium\P7CreateRestApi.Tests\bin\Debug\net8.0\fine-code-coverage\build-output\xunit.runner.utility.netcoreapp10.dll
TpTrace Information: 0 : 19260, 4, 2024/07/03, 22:41:27.302, 355536982683, testhost.dll, GetTestExtensionFromType: Register extension with identifier data 'executor://xunit/VsTestRunner2/netcoreapp' and type 'Xunit.Runner.VisualStudio.VsTestRunner, xunit.runner.visualstudio.dotnetcore.testadapter, Version=2.5.0.0, Culture=neutral, PublicKeyToken=null' inside file 'C:\Users\brandon.ku\source\repos\OCProjet7_Findexium\P7CreateRestApi.Tests\bin\Debug\net8.0\fine-code-coverage\build-output\xunit.runner.visualstudio.dotnetcore.testadapter.dll'
TpTrace Information: 0 : 19260, 4, 2024/07/03, 22:41:27.302, 355536985080, testhost.dll, AssemblyResolver.OnResolve: xunit.runner.visualstudio.testadapter: Resolving assembly.
TpTrace Information: 0 : 19260, 4, 2024/07/03, 22:41:27.302, 355536985918, testhost.dll, AssemblyResolver.OnResolve: xunit.runner.visualstudio.testadapter: Searching in: 'C:\Users\brandon.ku\source\repos\OCProjet7_Findexium\P7CreateRestApi.Tests\bin\Debug\net8.0\fine-code-coverage\build-output'.
TpTrace Information: 0 : 19260, 4, 2024/07/03, 22:41:27.305, 355537012102, testhost.dll, AssemblyResolver.OnResolve: xunit.runner.visualstudio.testadapter: Loading assembly 'C:\Users\brandon.ku\source\repos\OCProjet7_Findexium\P7CreateRestApi.Tests\bin\Debug\net8.0\fine-code-coverage\build-output\xunit.runner.visualstudio.testadapter.dll'.
TpTrace Information: 0 : 19260, 4, 2024/07/03, 22:41:27.307, 355537041155, testhost.dll, AssemblyResolver.OnResolve: Resolved assembly: xunit.runner.visualstudio.testadapter, from path: C:\Users\brandon.ku\source\repos\OCProjet7_Findexium\P7CreateRestApi.Tests\bin\Debug\net8.0\fine-code-coverage\build-output\xunit.runner.visualstudio.testadapter.dll
TpTrace Verbose: 0 : 19260, 4, 2024/07/03, 22:41:27.308, 355537042247, testhost.dll, MetadataReaderExtensionsHelper: Discovering extensions inside assembly 'xunit.runner.visualstudio.testadapter, Version=2.8.1.0, Culture=neutral, PublicKeyToken=null' file path 'C:\Users\brandon.ku\source\repos\OCProjet7_Findexium\P7CreateRestApi.Tests\bin\Debug\net8.0\fine-code-coverage\build-output\xunit.runner.visualstudio.testadapter.dll'
TpTrace Information: 0 : 19260, 4, 2024/07/03, 22:41:27.311, 355537073910, testhost.dll, AssemblyResolver.OnResolve: xunit.runner.utility.netcoreapp10: Resolving assembly.
TpTrace Information: 0 : 19260, 4, 2024/07/03, 22:41:27.311, 355537074838, testhost.dll, AssemblyResolver.OnResolve: xunit.runner.utility.netcoreapp10: Resolved from cache.
TpTrace Warning: 0 : 19260, 4, 2024/07/03, 22:41:27.330, 355537264045, testhost.dll, TestPluginDiscoverer: Failed to get types from assembly 'xunit.runner.visualstudio.testadapter, Version=2.8.1.0, Culture=neutral, PublicKeyToken=null'. Error: System.Reflection.ReflectionTypeLoadException: Unable to load one or more of the requested types.
Could not load type 'Xunit.ParallelAlgorithm' from assembly 'xunit.runner.utility.netcoreapp10, Version=2.5.2.0, Culture=neutral, PublicKeyToken=8d05b1bb7a6fdb6c'.
   at System.Reflection.RuntimeModule.GetTypes(RuntimeModule module)
   at System.Reflection.RuntimeModule.GetTypes()
   at Microsoft.VisualStudio.TestPlatform.Common.ExtensionFramework.TestPluginDiscoverer.GetTestExtensionsFromAssembly[TPluginInfo,TExtension](Assembly assembly, Dictionary`2 pluginInfos, String filePath) in /_/src/Microsoft.TestPlatform.Common/ExtensionFramework/TestPluginDiscoverer.cs:line 158
System.TypeLoadException: Could not load type 'Xunit.ParallelAlgorithm' from assembly 'xunit.runner.utility.netcoreapp10, Version=2.5.2.0, Culture=neutral, PublicKeyToken=8d05b1bb7a6fdb6c'.
TpTrace Warning: 0 : 19260, 4, 2024/07/03, 22:41:27.330, 355537265635, testhost.dll, LoaderExceptions: System.TypeLoadException: Could not load type 'Xunit.ParallelAlgorithm' from assembly 'xunit.runner.utility.netcoreapp10, Version=2.5.2.0, Culture=neutral, PublicKeyToken=8d05b1bb7a6fdb6c'.
TpTrace Warning: 0 : 19260, 4, 2024/07/03, 22:41:27.330, 355537268582, testhost.dll, GetTestExtensionFromType: Discovered multiple test extensions with identifier data 'executor://xunit/VsTestRunner2/netcoreapp' and type 'Xunit.Runner.VisualStudio.VsTestRunner, xunit.runner.visualstudio.testadapter, Version=2.8.1.0, Culture=neutral, PublicKeyToken=null' inside file 'C:\Users\brandon.ku\source\repos\OCProjet7_Findexium\P7CreateRestApi.Tests\bin\Debug\net8.0\fine-code-coverage\build-output\xunit.runner.visualstudio.testadapter.dll'; keeping the first one 'Xunit.Runner.VisualStudio.VsTestRunner, xunit.runner.visualstudio.dotnetcore.testadapter, Version=2.5.0.0, Culture=neutral, PublicKeyToken=null'.
TpTrace Verbose: 0 : 19260, 4, 2024/07/03, 22:41:27.332, 355537282022, testhost.dll, TestPluginCache: Discovered the extensions using extension path ''.
TpTrace Verbose: 0 : 19260, 4, 2024/07/03, 22:41:27.332, 355537285218, testhost.dll, TestPluginCache: Discoverers are ''.
TpTrace Verbose: 0 : 19260, 4, 2024/07/03, 22:41:27.332, 355537285773, testhost.dll, TestPluginCache: Executors are 'executor://xunit/VsTestRunner2/netcoreapp'.
TpTrace Verbose: 0 : 19260, 4, 2024/07/03, 22:41:27.332, 355537286075, testhost.dll, TestPluginCache: Executors2 are ''.
TpTrace Verbose: 0 : 19260, 4, 2024/07/03, 22:41:27.332, 355537286339, testhost.dll, TestPluginCache: Setting providers are ''.
TpTrace Verbose: 0 : 19260, 4, 2024/07/03, 22:41:27.332, 355537286594, testhost.dll, TestPluginCache: Loggers are ''.
TpTrace Verbose: 0 : 19260, 4, 2024/07/03, 22:41:27.332, 355537287037, testhost.dll, TestPluginCache: TestHosts are ''.
TpTrace Verbose: 0 : 19260, 4, 2024/07/03, 22:41:27.332, 355537287559, testhost.dll, TestPluginCache: DataCollectors are ''.
TpTrace Verbose: 0 : 19260, 4, 2024/07/03, 22:41:27.333, 355537300335, testhost.dll, TestPluginCache.DiscoverTestExtensions: finding test extensions in assemblies ends with: TestAdapter.dll TPluginInfo: Microsoft.VisualStudio.TestPlatform.Common.ExtensionFramework.Utilities.TestExecutorPluginInformation2 TExtension: Microsoft.VisualStudio.TestPlatform.ObjectModel.Adapter.ITestExecutor2
TpTrace Verbose: 0 : 19260, 4, 2024/07/03, 22:41:27.334, 355537301724, testhost.dll, TestPluginCache.GetExtensionPaths: Filtered extension paths: 
TpTrace Verbose: 0 : 19260, 4, 2024/07/03, 22:41:27.334, 355537302080, testhost.dll, TestPluginCache.GetExtensionPaths: Added default extension paths: C:\Users\brandon.ku\source\repos\OCProjet7_Findexium\P7CreateRestApi.Tests\bin\Debug\net8.0\fine-code-coverage\build-output\xunit.runner.visualstudio.dotnetcore.testadapter.dll
C:\Users\brandon.ku\source\repos\OCProjet7_Findexium\P7CreateRestApi.Tests\bin\Debug\net8.0\fine-code-coverage\build-output\xunit.runner.visualstudio.testadapter.dll
TpTrace Verbose: 0 : 19260, 4, 2024/07/03, 22:41:27.334, 355537302238, testhost.dll, TestPluginCache.GetExtensionPaths: Added unfilterableExtensionPaths: 
TpTrace Information: 0 : 19260, 4, 2024/07/03, 22:41:27.334, 355537304115, testhost.dll, AssemblyResolver.AddSearchDirectories: Adding more searchDirectories C:\Users\brandon.ku\source\repos\OCProjet7_Findexium\P7CreateRestApi.Tests\bin\Debug\net8.0\fine-code-coverage\build-output
TpTrace Verbose: 0 : 19260, 4, 2024/07/03, 22:41:27.334, 355537304565, testhost.dll, TestPluginCache.DiscoverTestExtensions: Discovering the extensions using extension path.
TpTrace Verbose: 0 : 19260, 4, 2024/07/03, 22:41:27.334, 355537304741, testhost.dll, TestPluginCache.GetExtensionPaths: Filtered extension paths: 
TpTrace Verbose: 0 : 19260, 4, 2024/07/03, 22:41:27.334, 355537304887, testhost.dll, TestPluginCache.GetExtensionPaths: Added default extension paths: C:\Users\brandon.ku\source\repos\OCProjet7_Findexium\P7CreateRestApi.Tests\bin\Debug\net8.0\fine-code-coverage\build-output\xunit.runner.visualstudio.dotnetcore.testadapter.dll
C:\Users\brandon.ku\source\repos\OCProjet7_Findexium\P7CreateRestApi.Tests\bin\Debug\net8.0\fine-code-coverage\build-output\xunit.runner.visualstudio.testadapter.dll
TpTrace Verbose: 0 : 19260, 4, 2024/07/03, 22:41:27.334, 355537305125, testhost.dll, TestPluginCache.GetExtensionPaths: Added unfilterableExtensionPaths: 
TpTrace Verbose: 0 : 19260, 4, 2024/07/03, 22:41:27.334, 355537305482, testhost.dll, TestPluginCache.DiscoverTestExtensions: Discovering the extensions using allExtensionPaths: C:\Users\brandon.ku\source\repos\OCProjet7_Findexium\P7CreateRestApi.Tests\bin\Debug\net8.0\fine-code-coverage\build-output\xunit.runner.visualstudio.dotnetcore.testadapter.dll
C:\Users\brandon.ku\source\repos\OCProjet7_Findexium\P7CreateRestApi.Tests\bin\Debug\net8.0\fine-code-coverage\build-output\xunit.runner.visualstudio.testadapter.dll
TpTrace Information: 0 : 19260, 4, 2024/07/03, 22:41:27.334, 355537305788, testhost.dll, AssemblyResolver.AddSearchDirectories: Adding more searchDirectories C:\Users\brandon.ku\source\repos\OCProjet7_Findexium\P7CreateRestApi.Tests\bin\Debug\net8.0\fine-code-coverage\build-output
TpTrace Information: 0 : 19260, 4, 2024/07/03, 22:41:27.334, 355537305992, testhost.dll, AssemblyResolver.AddSearchDirectories: Adding more searchDirectories C:\Users\brandon.ku\source\repos\OCProjet7_Findexium\P7CreateRestApi.Tests\bin\Debug\net8.0\fine-code-coverage\build-output
TpTrace Verbose: 0 : 19260, 4, 2024/07/03, 22:41:27.334, 355537306420, testhost.dll, MetadataReaderExtensionsHelper: Discovering extensions inside assembly 'xunit.runner.visualstudio.dotnetcore.testadapter, Version=2.5.0.0, Culture=neutral, PublicKeyToken=null' file path 'C:\Users\brandon.ku\source\repos\OCProjet7_Findexium\P7CreateRestApi.Tests\bin\Debug\net8.0\fine-code-coverage\build-output\xunit.runner.visualstudio.dotnetcore.testadapter.dll'
TpTrace Verbose: 0 : 19260, 4, 2024/07/03, 22:41:27.336, 355537327524, testhost.dll, MetadataReaderExtensionsHelper: Discovering extensions inside assembly 'xunit.runner.visualstudio.testadapter, Version=2.8.1.0, Culture=neutral, PublicKeyToken=null' file path 'C:\Users\brandon.ku\source\repos\OCProjet7_Findexium\P7CreateRestApi.Tests\bin\Debug\net8.0\fine-code-coverage\build-output\xunit.runner.visualstudio.testadapter.dll'
TpTrace Warning: 0 : 19260, 4, 2024/07/03, 22:41:27.339, 355537351717, testhost.dll, TestPluginDiscoverer: Failed to get types from assembly 'xunit.runner.visualstudio.testadapter, Version=2.8.1.0, Culture=neutral, PublicKeyToken=null'. Error: System.Reflection.ReflectionTypeLoadException: Unable to load one or more of the requested types.
Could not load type 'Xunit.ParallelAlgorithm' from assembly 'xunit.runner.utility.netcoreapp10, Version=2.5.2.0, Culture=neutral, PublicKeyToken=8d05b1bb7a6fdb6c'.
   at System.Reflection.RuntimeModule.GetTypes(RuntimeModule module)
   at System.Reflection.RuntimeModule.GetTypes()
   at Microsoft.VisualStudio.TestPlatform.Common.ExtensionFramework.TestPluginDiscoverer.GetTestExtensionsFromAssembly[TPluginInfo,TExtension](Assembly assembly, Dictionary`2 pluginInfos, String filePath) in /_/src/Microsoft.TestPlatform.Common/ExtensionFramework/TestPluginDiscoverer.cs:line 158
System.TypeLoadException: Could not load type 'Xunit.ParallelAlgorithm' from assembly 'xunit.runner.utility.netcoreapp10, Version=2.5.2.0, Culture=neutral, PublicKeyToken=8d05b1bb7a6fdb6c'.
TpTrace Warning: 0 : 19260, 4, 2024/07/03, 22:41:27.339, 355537353056, testhost.dll, LoaderExceptions: System.TypeLoadException: Could not load type 'Xunit.ParallelAlgorithm' from assembly 'xunit.runner.utility.netcoreapp10, Version=2.5.2.0, Culture=neutral, PublicKeyToken=8d05b1bb7a6fdb6c'.
TpTrace Verbose: 0 : 19260, 4, 2024/07/03, 22:41:27.339, 355537355686, testhost.dll, TestPluginCache: Discovered the extensions using extension path ''.
TpTrace Verbose: 0 : 19260, 4, 2024/07/03, 22:41:27.339, 355537356066, testhost.dll, TestPluginCache: Discoverers are ''.
TpTrace Verbose: 0 : 19260, 4, 2024/07/03, 22:41:27.339, 355537356548, testhost.dll, TestPluginCache: Executors are 'executor://xunit/VsTestRunner2/netcoreapp'.
TpTrace Verbose: 0 : 19260, 4, 2024/07/03, 22:41:27.339, 355537357349, testhost.dll, TestPluginCache: Executors2 are ''.
TpTrace Verbose: 0 : 19260, 4, 2024/07/03, 22:41:27.339, 355537357570, testhost.dll, TestPluginCache: Setting providers are ''.
TpTrace Verbose: 0 : 19260, 4, 2024/07/03, 22:41:27.339, 355537357752, testhost.dll, TestPluginCache: Loggers are ''.
TpTrace Verbose: 0 : 19260, 4, 2024/07/03, 22:41:27.339, 355537357922, testhost.dll, TestPluginCache: TestHosts are ''.
TpTrace Verbose: 0 : 19260, 4, 2024/07/03, 22:41:27.339, 355537358144, testhost.dll, TestPluginCache: DataCollectors are ''.
TpTrace Information: 0 : 19260, 4, 2024/07/03, 22:41:27.343, 355537398197, testhost.dll, TestPluginManager.CreateTestExtension: Attempting to load test extension: Xunit.Runner.VisualStudio.VsTestRunner
TpTrace Verbose: 0 : 19260, 4, 2024/07/03, 22:41:27.343, 355537401393, testhost.dll, TestExecutorExtensionManager: Loading executor Microsoft.VisualStudio.TestPlatform.Common.ExtensionDecorators.SerialTestRunDecorator
TpTrace Verbose: 0 : 19260, 4, 2024/07/03, 22:41:27.344, 355537401853, testhost.dll, TestExecutorService: Loaded the executors
TpTrace Verbose: 0 : 19260, 4, 2024/07/03, 22:41:27.344, 355537405496, testhost.dll, TestPluginCache.DiscoverTestExtensions: finding test extensions in assemblies ends with: TestAdapter.dll TPluginInfo: Microsoft.VisualStudio.TestPlatform.Common.ExtensionFramework.Utilities.TestSettingsProviderPluginInformation TExtension: Microsoft.VisualStudio.TestPlatform.ObjectModel.Adapter.ISettingsProvider
TpTrace Verbose: 0 : 19260, 4, 2024/07/03, 22:41:27.344, 355537406206, testhost.dll, TestPluginCache.GetExtensionPaths: Filtered extension paths: 
TpTrace Verbose: 0 : 19260, 4, 2024/07/03, 22:41:27.344, 355537406436, testhost.dll, TestPluginCache.GetExtensionPaths: Added default extension paths: C:\Users\brandon.ku\source\repos\OCProjet7_Findexium\P7CreateRestApi.Tests\bin\Debug\net8.0\fine-code-coverage\build-output\xunit.runner.visualstudio.dotnetcore.testadapter.dll
C:\Users\brandon.ku\source\repos\OCProjet7_Findexium\P7CreateRestApi.Tests\bin\Debug\net8.0\fine-code-coverage\build-output\xunit.runner.visualstudio.testadapter.dll
TpTrace Verbose: 0 : 19260, 4, 2024/07/03, 22:41:27.344, 355537406633, testhost.dll, TestPluginCache.GetExtensionPaths: Added unfilterableExtensionPaths: 
TpTrace Information: 0 : 19260, 4, 2024/07/03, 22:41:27.344, 355537408596, testhost.dll, AssemblyResolver.AddSearchDirectories: Adding more searchDirectories C:\Users\brandon.ku\source\repos\OCProjet7_Findexium\P7CreateRestApi.Tests\bin\Debug\net8.0\fine-code-coverage\build-output
TpTrace Verbose: 0 : 19260, 4, 2024/07/03, 22:41:27.344, 355537408902, testhost.dll, TestPluginCache.DiscoverTestExtensions: Discovering the extensions using extension path.
TpTrace Verbose: 0 : 19260, 4, 2024/07/03, 22:41:27.344, 355537409085, testhost.dll, TestPluginCache.GetExtensionPaths: Filtered extension paths: 
TpTrace Verbose: 0 : 19260, 4, 2024/07/03, 22:41:27.344, 355537409222, testhost.dll, TestPluginCache.GetExtensionPaths: Added default extension paths: C:\Users\brandon.ku\source\repos\OCProjet7_Findexium\P7CreateRestApi.Tests\bin\Debug\net8.0\fine-code-coverage\build-output\xunit.runner.visualstudio.dotnetcore.testadapter.dll
C:\Users\brandon.ku\source\repos\OCProjet7_Findexium\P7CreateRestApi.Tests\bin\Debug\net8.0\fine-code-coverage\build-output\xunit.runner.visualstudio.testadapter.dll
TpTrace Verbose: 0 : 19260, 4, 2024/07/03, 22:41:27.344, 355537409357, testhost.dll, TestPluginCache.GetExtensionPaths: Added unfilterableExtensionPaths: 
TpTrace Verbose: 0 : 19260, 4, 2024/07/03, 22:41:27.344, 355537409565, testhost.dll, TestPluginCache.DiscoverTestExtensions: Discovering the extensions using allExtensionPaths: C:\Users\brandon.ku\source\repos\OCProjet7_Findexium\P7CreateRestApi.Tests\bin\Debug\net8.0\fine-code-coverage\build-output\xunit.runner.visualstudio.dotnetcore.testadapter.dll
C:\Users\brandon.ku\source\repos\OCProjet7_Findexium\P7CreateRestApi.Tests\bin\Debug\net8.0\fine-code-coverage\build-output\xunit.runner.visualstudio.testadapter.dll
TpTrace Information: 0 : 19260, 4, 2024/07/03, 22:41:27.344, 355537409840, testhost.dll, AssemblyResolver.AddSearchDirectories: Adding more searchDirectories C:\Users\brandon.ku\source\repos\OCProjet7_Findexium\P7CreateRestApi.Tests\bin\Debug\net8.0\fine-code-coverage\build-output
TpTrace Information: 0 : 19260, 4, 2024/07/03, 22:41:27.344, 355537409989, testhost.dll, AssemblyResolver.AddSearchDirectories: Adding more searchDirectories C:\Users\brandon.ku\source\repos\OCProjet7_Findexium\P7CreateRestApi.Tests\bin\Debug\net8.0\fine-code-coverage\build-output
TpTrace Verbose: 0 : 19260, 4, 2024/07/03, 22:41:27.344, 355537410866, testhost.dll, MetadataReaderExtensionsHelper: Discovering extensions inside assembly 'xunit.runner.visualstudio.dotnetcore.testadapter, Version=2.5.0.0, Culture=neutral, PublicKeyToken=null' file path 'C:\Users\brandon.ku\source\repos\OCProjet7_Findexium\P7CreateRestApi.Tests\bin\Debug\net8.0\fine-code-coverage\build-output\xunit.runner.visualstudio.dotnetcore.testadapter.dll'
TpTrace Verbose: 0 : 19260, 4, 2024/07/03, 22:41:27.346, 355537430556, testhost.dll, MetadataReaderExtensionsHelper: Discovering extensions inside assembly 'xunit.runner.visualstudio.testadapter, Version=2.8.1.0, Culture=neutral, PublicKeyToken=null' file path 'C:\Users\brandon.ku\source\repos\OCProjet7_Findexium\P7CreateRestApi.Tests\bin\Debug\net8.0\fine-code-coverage\build-output\xunit.runner.visualstudio.testadapter.dll'
TpTrace Warning: 0 : 19260, 4, 2024/07/03, 22:41:27.348, 355537449897, testhost.dll, TestPluginDiscoverer: Failed to get types from assembly 'xunit.runner.visualstudio.testadapter, Version=2.8.1.0, Culture=neutral, PublicKeyToken=null'. Error: System.Reflection.ReflectionTypeLoadException: Unable to load one or more of the requested types.
Could not load type 'Xunit.ParallelAlgorithm' from assembly 'xunit.runner.utility.netcoreapp10, Version=2.5.2.0, Culture=neutral, PublicKeyToken=8d05b1bb7a6fdb6c'.
   at System.Reflection.RuntimeModule.GetTypes(RuntimeModule module)
   at System.Reflection.RuntimeModule.GetTypes()
   at Microsoft.VisualStudio.TestPlatform.Common.ExtensionFramework.TestPluginDiscoverer.GetTestExtensionsFromAssembly[TPluginInfo,TExtension](Assembly assembly, Dictionary`2 pluginInfos, String filePath) in /_/src/Microsoft.TestPlatform.Common/ExtensionFramework/TestPluginDiscoverer.cs:line 158
System.TypeLoadException: Could not load type 'Xunit.ParallelAlgorithm' from assembly 'xunit.runner.utility.netcoreapp10, Version=2.5.2.0, Culture=neutral, PublicKeyToken=8d05b1bb7a6fdb6c'.
TpTrace Warning: 0 : 19260, 4, 2024/07/03, 22:41:27.348, 355537450514, testhost.dll, LoaderExceptions: System.TypeLoadException: Could not load type 'Xunit.ParallelAlgorithm' from assembly 'xunit.runner.utility.netcoreapp10, Version=2.5.2.0, Culture=neutral, PublicKeyToken=8d05b1bb7a6fdb6c'.
TpTrace Verbose: 0 : 19260, 4, 2024/07/03, 22:41:27.349, 355537451781, testhost.dll, TestPluginCache: Discovered the extensions using extension path ''.
TpTrace Verbose: 0 : 19260, 4, 2024/07/03, 22:41:27.349, 355537452028, testhost.dll, TestPluginCache: Discoverers are ''.
TpTrace Verbose: 0 : 19260, 4, 2024/07/03, 22:41:27.349, 355537452187, testhost.dll, TestPluginCache: Executors are 'executor://xunit/VsTestRunner2/netcoreapp'.
TpTrace Verbose: 0 : 19260, 4, 2024/07/03, 22:41:27.349, 355537452329, testhost.dll, TestPluginCache: Executors2 are ''.
TpTrace Verbose: 0 : 19260, 4, 2024/07/03, 22:41:27.349, 355537452569, testhost.dll, TestPluginCache: Setting providers are ''.
TpTrace Verbose: 0 : 19260, 4, 2024/07/03, 22:41:27.349, 355537452691, testhost.dll, TestPluginCache: Loggers are ''.
TpTrace Verbose: 0 : 19260, 4, 2024/07/03, 22:41:27.349, 355537452806, testhost.dll, TestPluginCache: TestHosts are ''.
TpTrace Verbose: 0 : 19260, 4, 2024/07/03, 22:41:27.349, 355537452921, testhost.dll, TestPluginCache: DataCollectors are ''.
TpTrace Verbose: 0 : 19260, 4, 2024/07/03, 22:41:27.349, 355537456923, testhost.dll, TestExecutorService: Loaded the settings providers
TpTrace Information: 0 : 19260, 4, 2024/07/03, 22:41:27.349, 355537457331, testhost.dll, TestExecutorService: Loaded the extensions
TpTrace Information: 0 : 19260, 4, 2024/07/03, 22:41:27.349, 355537460170, testhost.dll, TestRequestHandler.OnMessageReceived: Running job 'TestExecution.StartWithSources'.
TpTrace Verbose: 0 : 19260, 4, 2024/07/03, 22:41:27.385, 355537818374, testhost.dll, MulticastDelegateUtilities.SafeInvoke: TestCaseEventsHandler.RaiseSessionStart: Invoking callbacks was skipped because there are no subscribers.
TpTrace Information: 0 : 19260, 4, 2024/07/03, 22:41:27.387, 355537832994, testhost.dll, TestDiscoveryManager: Discovering tests from sources C:\Users\brandon.ku\source\repos\OCProjet7_Findexium\P7CreateRestApi.Tests\bin\Debug\net8.0\fine-code-coverage\build-output\P7CreateRestApi.Tests.dll
TpTrace Verbose: 0 : 19260, 4, 2024/07/03, 22:41:27.388, 355537843266, testhost.dll, TestPluginCache.DiscoverTestExtensions: finding test extensions in assemblies ends with: TestAdapter.dll TPluginInfo: Microsoft.VisualStudio.TestPlatform.Common.ExtensionFramework.Utilities.TestDiscovererPluginInformation TExtension: Microsoft.VisualStudio.TestPlatform.ObjectModel.Adapter.ITestDiscoverer
TpTrace Verbose: 0 : 19260, 4, 2024/07/03, 22:41:27.388, 355537844193, testhost.dll, TestPluginCache.GetExtensionPaths: Filtered extension paths: 
TpTrace Verbose: 0 : 19260, 4, 2024/07/03, 22:41:27.388, 355537844408, testhost.dll, TestPluginCache.GetExtensionPaths: Added default extension paths: C:\Users\brandon.ku\source\repos\OCProjet7_Findexium\P7CreateRestApi.Tests\bin\Debug\net8.0\fine-code-coverage\build-output\xunit.runner.visualstudio.dotnetcore.testadapter.dll
C:\Users\brandon.ku\source\repos\OCProjet7_Findexium\P7CreateRestApi.Tests\bin\Debug\net8.0\fine-code-coverage\build-output\xunit.runner.visualstudio.testadapter.dll
TpTrace Verbose: 0 : 19260, 4, 2024/07/03, 22:41:27.388, 355537844594, testhost.dll, TestPluginCache.GetExtensionPaths: Added unfilterableExtensionPaths: 
TpTrace Information: 0 : 19260, 4, 2024/07/03, 22:41:27.388, 355537846625, testhost.dll, AssemblyResolver.AddSearchDirectories: Adding more searchDirectories C:\Users\brandon.ku\source\repos\OCProjet7_Findexium\P7CreateRestApi.Tests\bin\Debug\net8.0\fine-code-coverage\build-output
TpTrace Verbose: 0 : 19260, 4, 2024/07/03, 22:41:27.388, 355537846950, testhost.dll, TestPluginCache.DiscoverTestExtensions: Discovering the extensions using extension path.
TpTrace Verbose: 0 : 19260, 4, 2024/07/03, 22:41:27.388, 355537847128, testhost.dll, TestPluginCache.GetExtensionPaths: Filtered extension paths: 
TpTrace Verbose: 0 : 19260, 4, 2024/07/03, 22:41:27.388, 355537847260, testhost.dll, TestPluginCache.GetExtensionPaths: Added default extension paths: C:\Users\brandon.ku\source\repos\OCProjet7_Findexium\P7CreateRestApi.Tests\bin\Debug\net8.0\fine-code-coverage\build-output\xunit.runner.visualstudio.dotnetcore.testadapter.dll
C:\Users\brandon.ku\source\repos\OCProjet7_Findexium\P7CreateRestApi.Tests\bin\Debug\net8.0\fine-code-coverage\build-output\xunit.runner.visualstudio.testadapter.dll
TpTrace Verbose: 0 : 19260, 4, 2024/07/03, 22:41:27.388, 355537847393, testhost.dll, TestPluginCache.GetExtensionPaths: Added unfilterableExtensionPaths: 
TpTrace Verbose: 0 : 19260, 4, 2024/07/03, 22:41:27.388, 355537847586, testhost.dll, TestPluginCache.DiscoverTestExtensions: Discovering the extensions using allExtensionPaths: C:\Users\brandon.ku\source\repos\OCProjet7_Findexium\P7CreateRestApi.Tests\bin\Debug\net8.0\fine-code-coverage\build-output\xunit.runner.visualstudio.dotnetcore.testadapter.dll
C:\Users\brandon.ku\source\repos\OCProjet7_Findexium\P7CreateRestApi.Tests\bin\Debug\net8.0\fine-code-coverage\build-output\xunit.runner.visualstudio.testadapter.dll
TpTrace Information: 0 : 19260, 4, 2024/07/03, 22:41:27.388, 355537847830, testhost.dll, AssemblyResolver.AddSearchDirectories: Adding more searchDirectories C:\Users\brandon.ku\source\repos\OCProjet7_Findexium\P7CreateRestApi.Tests\bin\Debug\net8.0\fine-code-coverage\build-output
TpTrace Information: 0 : 19260, 4, 2024/07/03, 22:41:27.388, 355537848015, testhost.dll, AssemblyResolver.AddSearchDirectories: Adding more searchDirectories C:\Users\brandon.ku\source\repos\OCProjet7_Findexium\P7CreateRestApi.Tests\bin\Debug\net8.0\fine-code-coverage\build-output
TpTrace Verbose: 0 : 19260, 4, 2024/07/03, 22:41:27.388, 355537848604, testhost.dll, MetadataReaderExtensionsHelper: Discovering extensions inside assembly 'xunit.runner.visualstudio.dotnetcore.testadapter, Version=2.5.0.0, Culture=neutral, PublicKeyToken=null' file path 'C:\Users\brandon.ku\source\repos\OCProjet7_Findexium\P7CreateRestApi.Tests\bin\Debug\net8.0\fine-code-coverage\build-output\xunit.runner.visualstudio.dotnetcore.testadapter.dll'
TpTrace Information: 0 : 19260, 4, 2024/07/03, 22:41:27.395, 355537917470, testhost.dll, GetTestExtensionFromType: Register extension with identifier data 'Xunit.Runner.VisualStudio.VsTestRunner, xunit.runner.visualstudio.dotnetcore.testadapter, Version=2.5.0.0, Culture=neutral, PublicKeyToken=null' and type 'Xunit.Runner.VisualStudio.VsTestRunner, xunit.runner.visualstudio.dotnetcore.testadapter, Version=2.5.0.0, Culture=neutral, PublicKeyToken=null' inside file 'C:\Users\brandon.ku\source\repos\OCProjet7_Findexium\P7CreateRestApi.Tests\bin\Debug\net8.0\fine-code-coverage\build-output\xunit.runner.visualstudio.dotnetcore.testadapter.dll'
TpTrace Verbose: 0 : 19260, 4, 2024/07/03, 22:41:27.395, 355537918682, testhost.dll, MetadataReaderExtensionsHelper: Discovering extensions inside assembly 'xunit.runner.visualstudio.testadapter, Version=2.8.1.0, Culture=neutral, PublicKeyToken=null' file path 'C:\Users\brandon.ku\source\repos\OCProjet7_Findexium\P7CreateRestApi.Tests\bin\Debug\net8.0\fine-code-coverage\build-output\xunit.runner.visualstudio.testadapter.dll'
TpTrace Warning: 0 : 19260, 4, 2024/07/03, 22:41:27.398, 355537945607, testhost.dll, TestPluginDiscoverer: Failed to get types from assembly 'xunit.runner.visualstudio.testadapter, Version=2.8.1.0, Culture=neutral, PublicKeyToken=null'. Error: System.Reflection.ReflectionTypeLoadException: Unable to load one or more of the requested types.
Could not load type 'Xunit.ParallelAlgorithm' from assembly 'xunit.runner.utility.netcoreapp10, Version=2.5.2.0, Culture=neutral, PublicKeyToken=8d05b1bb7a6fdb6c'.
   at System.Reflection.RuntimeModule.GetTypes(RuntimeModule module)
   at System.Reflection.RuntimeModule.GetTypes()
   at Microsoft.VisualStudio.TestPlatform.Common.ExtensionFramework.TestPluginDiscoverer.GetTestExtensionsFromAssembly[TPluginInfo,TExtension](Assembly assembly, Dictionary`2 pluginInfos, String filePath) in /_/src/Microsoft.TestPlatform.Common/ExtensionFramework/TestPluginDiscoverer.cs:line 158
System.TypeLoadException: Could not load type 'Xunit.ParallelAlgorithm' from assembly 'xunit.runner.utility.netcoreapp10, Version=2.5.2.0, Culture=neutral, PublicKeyToken=8d05b1bb7a6fdb6c'.
TpTrace Warning: 0 : 19260, 4, 2024/07/03, 22:41:27.398, 355537946362, testhost.dll, LoaderExceptions: System.TypeLoadException: Could not load type 'Xunit.ParallelAlgorithm' from assembly 'xunit.runner.utility.netcoreapp10, Version=2.5.2.0, Culture=neutral, PublicKeyToken=8d05b1bb7a6fdb6c'.
TpTrace Information: 0 : 19260, 4, 2024/07/03, 22:41:27.398, 355537949560, testhost.dll, GetTestExtensionFromType: Register extension with identifier data 'Xunit.Runner.VisualStudio.VsTestRunner, xunit.runner.visualstudio.testadapter, Version=2.8.1.0, Culture=neutral, PublicKeyToken=null' and type 'Xunit.Runner.VisualStudio.VsTestRunner, xunit.runner.visualstudio.testadapter, Version=2.8.1.0, Culture=neutral, PublicKeyToken=null' inside file 'C:\Users\brandon.ku\source\repos\OCProjet7_Findexium\P7CreateRestApi.Tests\bin\Debug\net8.0\fine-code-coverage\build-output\xunit.runner.visualstudio.testadapter.dll'
TpTrace Verbose: 0 : 19260, 4, 2024/07/03, 22:41:27.398, 355537950800, testhost.dll, TestPluginCache: Discovered the extensions using extension path ''.
TpTrace Verbose: 0 : 19260, 4, 2024/07/03, 22:41:27.398, 355537951339, testhost.dll, TestPluginCache: Discoverers are 'Xunit.Runner.VisualStudio.VsTestRunner, xunit.runner.visualstudio.dotnetcore.testadapter, Version=2.5.0.0, Culture=neutral, PublicKeyToken=null,Xunit.Runner.VisualStudio.VsTestRunner, xunit.runner.visualstudio.testadapter, Version=2.8.1.0, Culture=neutral, PublicKeyToken=null'.
TpTrace Verbose: 0 : 19260, 4, 2024/07/03, 22:41:27.398, 355537951550, testhost.dll, TestPluginCache: Executors are 'executor://xunit/VsTestRunner2/netcoreapp'.
TpTrace Verbose: 0 : 19260, 4, 2024/07/03, 22:41:27.399, 355537951747, testhost.dll, TestPluginCache: Executors2 are ''.
TpTrace Verbose: 0 : 19260, 4, 2024/07/03, 22:41:27.399, 355537951997, testhost.dll, TestPluginCache: Setting providers are ''.
TpTrace Verbose: 0 : 19260, 4, 2024/07/03, 22:41:27.399, 355537952197, testhost.dll, TestPluginCache: Loggers are ''.
TpTrace Verbose: 0 : 19260, 4, 2024/07/03, 22:41:27.399, 355537952363, testhost.dll, TestPluginCache: TestHosts are ''.
TpTrace Verbose: 0 : 19260, 4, 2024/07/03, 22:41:27.399, 355537952555, testhost.dll, TestPluginCache: DataCollectors are ''.
TpTrace Information: 0 : 19260, 4, 2024/07/03, 22:41:27.405, 355538015202, testhost.dll, PEReaderHelper.GetAssemblyType: Determined assemblyType:'Managed' for source: 'C:\Users\brandon.ku\source\repos\OCProjet7_Findexium\P7CreateRestApi.Tests\bin\Debug\net8.0\fine-code-coverage\build-output\P7CreateRestApi.Tests.dll'
TpTrace Information: 0 : 19260, 4, 2024/07/03, 22:41:27.407, 355538041518, testhost.dll, TestPluginManager.CreateTestExtension: Attempting to load test extension: Xunit.Runner.VisualStudio.VsTestRunner
TpTrace Warning: 0 : 19260, 4, 2024/07/03, 22:41:27.408, 355538047359, testhost.dll, Plusieurs adaptateurs de tests ayant le même URI 'executor://xunit/VsTestRunner2/netcoreapp' ont été trouvés. Adaptateur 'Xunit.Runner.VisualStudio.VsTestRunner' ignoré. Désinstallez les adaptateurs en conflit pour éviter cet avertissement.
TpTrace Verbose: 0 : 19260, 4, 2024/07/03, 22:41:27.408, 355538050771, testhost.dll, TestRequestHandler.SendData: sending data from testhost: {"Version":7,"MessageType":"TestSession.Message","Payload":{"MessageLevel":1,"Message":"Plusieurs adaptateurs de tests ayant le même URI 'executor://xunit/VsTestRunner2/netcoreapp' ont été trouvés. Adaptateur 'Xunit.Runner.VisualStudio.VsTestRunner' ignoré. Désinstallez les adaptateurs en conflit pour éviter cet avertissement."}}
TpTrace Verbose: 0 : 19260, 4, 2024/07/03, 22:41:27.409, 355538053895, testhost.dll, MulticastDelegateUtilities.SafeInvoke: TestRunMessageLoggerProxy.SendMessage: Invoking callback 1/1 for Microsoft.VisualStudio.TestPlatform.CrossPlatEngine.Execution.RunTestsWithSources., took 0 ms.
TpTrace Verbose: 0 : 19260, 4, 2024/07/03, 22:41:27.413, 355538092200, testhost.dll, BaseRunTests.RunTestInternalWithExecutors: Running tests for executor://xunit/VsTestRunner2/netcoreapp
TpTrace Information: 0 : 19260, 4, 2024/07/03, 22:41:27.432, 355538288191, testhost.dll, [xUnit.net 00:00:00.00] xUnit.net VSTest Adapter v2.5.3.1+6b60a9e56a (64-bit .NET 8.0.6)
TpTrace Verbose: 0 : 19260, 4, 2024/07/03, 22:41:27.432, 355538289924, testhost.dll, TestRequestHandler.SendData: sending data from testhost: {"Version":7,"MessageType":"TestSession.Message","Payload":{"MessageLevel":0,"Message":"[xUnit.net 00:00:00.00] xUnit.net VSTest Adapter v2.5.3.1+6b60a9e56a (64-bit .NET 8.0.6)"}}
TpTrace Verbose: 0 : 19260, 4, 2024/07/03, 22:41:27.432, 355538290887, testhost.dll, MulticastDelegateUtilities.SafeInvoke: TestRunMessageLoggerProxy.SendMessage: Invoking callback 1/1 for Microsoft.VisualStudio.TestPlatform.CrossPlatEngine.Execution.RunTestsWithSources., took 0 ms.
TpTrace Information: 0 : 19260, 4, 2024/07/03, 22:41:27.465, 355538611812, testhost.dll, AssemblyResolver.OnResolve: xunit.runner.reporters.netcoreapp10: Resolving assembly.
TpTrace Information: 0 : 19260, 4, 2024/07/03, 22:41:27.465, 355538613076, testhost.dll, AssemblyResolver.OnResolve: xunit.runner.reporters.netcoreapp10: Searching in: 'C:\Users\brandon.ku\source\repos\OCProjet7_Findexium\P7CreateRestApi.Tests\bin\Debug\net8.0\fine-code-coverage\build-output'.
TpTrace Information: 0 : 19260, 4, 2024/07/03, 22:41:27.468, 355538649609, testhost.dll, AssemblyResolver.OnResolve: xunit.runner.reporters.netcoreapp10: Loading assembly 'C:\Users\brandon.ku\source\repos\OCProjet7_Findexium\P7CreateRestApi.Tests\bin\Debug\net8.0\fine-code-coverage\build-output\xunit.runner.reporters.netcoreapp10.dll'.
TpTrace Information: 0 : 19260, 4, 2024/07/03, 22:41:27.471, 355538681390, testhost.dll, AssemblyResolver.OnResolve: Resolved assembly: xunit.runner.reporters.netcoreapp10, from path: C:\Users\brandon.ku\source\repos\OCProjet7_Findexium\P7CreateRestApi.Tests\bin\Debug\net8.0\fine-code-coverage\build-output\xunit.runner.reporters.netcoreapp10.dll
TpTrace Information: 0 : 19260, 4, 2024/07/03, 22:41:27.611, 355540077081, testhost.dll, [xUnit.net 00:00:00.18]   Discovering: P7CreateRestApi.Tests
TpTrace Verbose: 0 : 19260, 4, 2024/07/03, 22:41:27.611, 355540078394, testhost.dll, TestRequestHandler.SendData: sending data from testhost: {"Version":7,"MessageType":"TestSession.Message","Payload":{"MessageLevel":0,"Message":"[xUnit.net 00:00:00.18]   Discovering: P7CreateRestApi.Tests"}}
TpTrace Verbose: 0 : 19260, 4, 2024/07/03, 22:41:27.611, 355540079720, testhost.dll, MulticastDelegateUtilities.SafeInvoke: TestRunMessageLoggerProxy.SendMessage: Invoking callback 1/1 for Microsoft.VisualStudio.TestPlatform.CrossPlatEngine.Execution.RunTestsWithSources., took 0 ms.
TpTrace Information: 0 : 19260, 4, 2024/07/03, 22:41:27.666, 355540630845, testhost.dll, [xUnit.net 00:00:00.23]   Discovered:  P7CreateRestApi.Tests
TpTrace Verbose: 0 : 19260, 4, 2024/07/03, 22:41:27.667, 355540632233, testhost.dll, TestRequestHandler.SendData: sending data from testhost: {"Version":7,"MessageType":"TestSession.Message","Payload":{"MessageLevel":0,"Message":"[xUnit.net 00:00:00.23]   Discovered:  P7CreateRestApi.Tests"}}
TpTrace Verbose: 0 : 19260, 4, 2024/07/03, 22:41:27.667, 355540633224, testhost.dll, MulticastDelegateUtilities.SafeInvoke: TestRunMessageLoggerProxy.SendMessage: Invoking callback 1/1 for Microsoft.VisualStudio.TestPlatform.CrossPlatEngine.Execution.RunTestsWithSources., took 0 ms.
TpTrace Information: 0 : 19260, 4, 2024/07/03, 22:41:27.669, 355540652308, testhost.dll, [xUnit.net 00:00:00.23]   Starting:    P7CreateRestApi.Tests
TpTrace Verbose: 0 : 19260, 4, 2024/07/03, 22:41:27.669, 355540653130, testhost.dll, TestRequestHandler.SendData: sending data from testhost: {"Version":7,"MessageType":"TestSession.Message","Payload":{"MessageLevel":0,"Message":"[xUnit.net 00:00:00.23]   Starting:    P7CreateRestApi.Tests"}}
TpTrace Verbose: 0 : 19260, 4, 2024/07/03, 22:41:27.669, 355540653844, testhost.dll, MulticastDelegateUtilities.SafeInvoke: TestRunMessageLoggerProxy.SendMessage: Invoking callback 1/1 for Microsoft.VisualStudio.TestPlatform.CrossPlatEngine.Execution.RunTestsWithSources., took 0 ms.
TpTrace Verbose: 0 : 19260, 16, 2024/07/03, 22:41:27.703, 355540997501, testhost.dll, TestExecutionRecorder.RecordStart: Starting test: P7CreateRestApi.Tests.BidListControllerTests.CreateBid_ShouldReturnBadRequest_WhenBidIsNull.
TpTrace Verbose: 0 : 19260, 16, 2024/07/03, 22:41:27.733, 355541294307, testhost.dll, MulticastDelegateUtilities.SafeInvoke: TestCaseEventsHandler.RaiseTestCaseStart: Invoking callback 1/1 for Microsoft.VisualStudio.TestPlatform.CrossPlatEngine.DataCollection.ProxyOutOfProcDataCollectionManager., took 28 ms.
TpTrace Verbose: 0 : 19260, 16, 2024/07/03, 22:41:27.733, 355541297610, testhost.dll, TestExecutionRecorder.RecordStart: Starting test: P7CreateRestApi.Tests.RatingControllerTests.UpdateRating_ShouldReturnBadRequest_WhenIdDoesNotMatch.
TpTrace Verbose: 0 : 19260, 16, 2024/07/03, 22:41:27.735, 355541317043, testhost.dll, MulticastDelegateUtilities.SafeInvoke: TestCaseEventsHandler.RaiseTestCaseStart: Invoking callback 1/1 for Microsoft.VisualStudio.TestPlatform.CrossPlatEngine.DataCollection.ProxyOutOfProcDataCollectionManager., took 1 ms.
TpTrace Verbose: 0 : 19260, 16, 2024/07/03, 22:41:27.735, 355541317761, testhost.dll, TestExecutionRecorder.RecordStart: Starting test: P7CreateRestApi.Tests.RuleNameControllerTests.GetRuleNameById_ShouldReturnInternalServerError_WhenExceptionIsThrown.
TpTrace Verbose: 0 : 19260, 16, 2024/07/03, 22:41:27.736, 355541327819, testhost.dll, MulticastDelegateUtilities.SafeInvoke: TestCaseEventsHandler.RaiseTestCaseStart: Invoking callback 1/1 for Microsoft.VisualStudio.TestPlatform.CrossPlatEngine.DataCollection.ProxyOutOfProcDataCollectionManager., took 0 ms.
TpTrace Verbose: 0 : 19260, 16, 2024/07/03, 22:41:27.736, 355541328360, testhost.dll, TestExecutionRecorder.RecordStart: Starting test: P7CreateRestApi.Tests.CurveControllerTests.CreateCurvePoint_ShouldReturnInternalServerError_WhenExceptionIsThrown.
TpTrace Verbose: 0 : 19260, 16, 2024/07/03, 22:41:27.737, 355541337253, testhost.dll, MulticastDelegateUtilities.SafeInvoke: TestCaseEventsHandler.RaiseTestCaseStart: Invoking callback 1/1 for Microsoft.VisualStudio.TestPlatform.CrossPlatEngine.DataCollection.ProxyOutOfProcDataCollectionManager., took 0 ms.
TpTrace Verbose: 0 : 19260, 16, 2024/07/03, 22:41:27.854, 355542511304, testhost.dll, TestExecutionRecorder.RecordResult: Received result for test: P7CreateRestApi.Tests.BidListControllerTests.CreateBid_ShouldReturnBadRequest_WhenBidIsNull.
TpTrace Verbose: 0 : 19260, 16, 2024/07/03, 22:41:27.869, 355542656576, testhost.dll, MulticastDelegateUtilities.SafeInvoke: TestCaseEventsHandler.RaiseTestCaseEnd: Invoking callback 1/1 for Microsoft.VisualStudio.TestPlatform.CrossPlatEngine.DataCollection.ProxyOutOfProcDataCollectionManager., took 13 ms.
TpTrace Verbose: 0 : 19260, 16, 2024/07/03, 22:41:27.870, 355542666331, testhost.dll, MulticastDelegateUtilities.SafeInvoke: TestCaseEventsHandler.RaiseTestCaseEnd: Invoking callback 1/1 for Microsoft.VisualStudio.TestPlatform.CrossPlatEngine.DataCollection.ProxyOutOfProcDataCollectionManager., took 0 ms.
TpTrace Verbose: 0 : 19260, 16, 2024/07/03, 22:41:27.872, 355542685737, testhost.dll, TestExecutionRecorder.RecordEnd: test: P7CreateRestApi.Tests.BidListControllerTests.CreateBid_ShouldReturnBadRequest_WhenBidIsNull execution completed.
TpTrace Verbose: 0 : 19260, 16, 2024/07/03, 22:41:27.872, 355542689311, testhost.dll, TestExecutionRecorder.RecordStart: Starting test: P7CreateRestApi.Tests.BidListControllerTests.CreateBid_ShouldReturnBadRequest_WhenBidIsInvalid.
TpTrace Verbose: 0 : 19260, 16, 2024/07/03, 22:41:27.874, 355542706070, testhost.dll, MulticastDelegateUtilities.SafeInvoke: TestCaseEventsHandler.RaiseTestCaseStart: Invoking callback 1/1 for Microsoft.VisualStudio.TestPlatform.CrossPlatEngine.DataCollection.ProxyOutOfProcDataCollectionManager., took 1 ms.
TpTrace Verbose: 0 : 19260, 16, 2024/07/03, 22:41:27.874, 355542707779, testhost.dll, TestExecutionRecorder.RecordResult: Received result for test: P7CreateRestApi.Tests.RatingControllerTests.UpdateRating_ShouldReturnBadRequest_WhenIdDoesNotMatch.
TpTrace Verbose: 0 : 19260, 16, 2024/07/03, 22:41:27.876, 355542730488, testhost.dll, MulticastDelegateUtilities.SafeInvoke: TestCaseEventsHandler.RaiseTestCaseEnd: Invoking callback 1/1 for Microsoft.VisualStudio.TestPlatform.CrossPlatEngine.DataCollection.ProxyOutOfProcDataCollectionManager., took 2 ms.
TpTrace Verbose: 0 : 19260, 16, 2024/07/03, 22:41:27.877, 355542733329, testhost.dll, MulticastDelegateUtilities.SafeInvoke: TestCaseEventsHandler.RaiseTestCaseEnd: Invoking callback 1/1 for Microsoft.VisualStudio.TestPlatform.CrossPlatEngine.DataCollection.ProxyOutOfProcDataCollectionManager., took 0 ms.
TpTrace Verbose: 0 : 19260, 16, 2024/07/03, 22:41:27.877, 355542737651, testhost.dll, TestExecutionRecorder.RecordResult: Received result for test: P7CreateRestApi.Tests.BidListControllerTests.CreateBid_ShouldReturnBadRequest_WhenBidIsInvalid.
TpTrace Verbose: 0 : 19260, 16, 2024/07/03, 22:41:27.878, 355542749303, testhost.dll, MulticastDelegateUtilities.SafeInvoke: TestCaseEventsHandler.RaiseTestCaseEnd: Invoking callback 1/1 for Microsoft.VisualStudio.TestPlatform.CrossPlatEngine.DataCollection.ProxyOutOfProcDataCollectionManager., took 1 ms.
TpTrace Verbose: 0 : 19260, 16, 2024/07/03, 22:41:27.878, 355542750795, testhost.dll, MulticastDelegateUtilities.SafeInvoke: TestCaseEventsHandler.RaiseTestCaseEnd: Invoking callback 1/1 for Microsoft.VisualStudio.TestPlatform.CrossPlatEngine.DataCollection.ProxyOutOfProcDataCollectionManager., took 0 ms.
TpTrace Verbose: 0 : 19260, 16, 2024/07/03, 22:41:27.879, 355542752723, testhost.dll, TestExecutionRecorder.RecordEnd: test: P7CreateRestApi.Tests.RatingControllerTests.UpdateRating_ShouldReturnBadRequest_WhenIdDoesNotMatch execution completed.
TpTrace Verbose: 0 : 19260, 16, 2024/07/03, 22:41:27.879, 355542753578, testhost.dll, TestExecutionRecorder.RecordEnd: test: P7CreateRestApi.Tests.BidListControllerTests.CreateBid_ShouldReturnBadRequest_WhenBidIsInvalid execution completed.
TpTrace Verbose: 0 : 19260, 16, 2024/07/03, 22:41:27.879, 355542754164, testhost.dll, TestExecutionRecorder.RecordStart: Starting test: P7CreateRestApi.Tests.BidListControllerTests.DeleteBid_ShouldReturnNoContent_WhenBidExists.
TpTrace Verbose: 0 : 19260, 16, 2024/07/03, 22:41:27.880, 355542765939, testhost.dll, MulticastDelegateUtilities.SafeInvoke: TestCaseEventsHandler.RaiseTestCaseStart: Invoking callback 1/1 for Microsoft.VisualStudio.TestPlatform.CrossPlatEngine.DataCollection.ProxyOutOfProcDataCollectionManager., took 1 ms.
TpTrace Verbose: 0 : 19260, 16, 2024/07/03, 22:41:27.880, 355542767543, testhost.dll, TestExecutionRecorder.RecordStart: Starting test: P7CreateRestApi.Tests.RatingControllerTests.GetRatingById_ShouldReturnInternalServerError_WhenExceptionIsThrown.
TpTrace Verbose: 0 : 19260, 16, 2024/07/03, 22:41:27.882, 355542784781, testhost.dll, MulticastDelegateUtilities.SafeInvoke: TestCaseEventsHandler.RaiseTestCaseStart: Invoking callback 1/1 for Microsoft.VisualStudio.TestPlatform.CrossPlatEngine.DataCollection.ProxyOutOfProcDataCollectionManager., took 1 ms.
TpTrace Verbose: 0 : 19260, 16, 2024/07/03, 22:41:27.882, 355542785842, testhost.dll, TestExecutionRecorder.RecordResult: Received result for test: P7CreateRestApi.Tests.BidListControllerTests.DeleteBid_ShouldReturnNoContent_WhenBidExists.
TpTrace Verbose: 0 : 19260, 16, 2024/07/03, 22:41:27.883, 355542796890, testhost.dll, MulticastDelegateUtilities.SafeInvoke: TestCaseEventsHandler.RaiseTestCaseEnd: Invoking callback 1/1 for Microsoft.VisualStudio.TestPlatform.CrossPlatEngine.DataCollection.ProxyOutOfProcDataCollectionManager., took 1 ms.
TpTrace Verbose: 0 : 19260, 16, 2024/07/03, 22:41:27.883, 355542797551, testhost.dll, MulticastDelegateUtilities.SafeInvoke: TestCaseEventsHandler.RaiseTestCaseEnd: Invoking callback 1/1 for Microsoft.VisualStudio.TestPlatform.CrossPlatEngine.DataCollection.ProxyOutOfProcDataCollectionManager., took 0 ms.
TpTrace Verbose: 0 : 19260, 16, 2024/07/03, 22:41:27.883, 355542798099, testhost.dll, TestExecutionRecorder.RecordEnd: test: P7CreateRestApi.Tests.BidListControllerTests.DeleteBid_ShouldReturnNoContent_WhenBidExists execution completed.
TpTrace Verbose: 0 : 19260, 16, 2024/07/03, 22:41:27.883, 355542798547, testhost.dll, TestExecutionRecorder.RecordStart: Starting test: P7CreateRestApi.Tests.BidListControllerTests.GetBidById_ShouldReturnOkResult_WhenBidExists.
TpTrace Verbose: 0 : 19260, 16, 2024/07/03, 22:41:27.884, 355542811597, testhost.dll, MulticastDelegateUtilities.SafeInvoke: TestCaseEventsHandler.RaiseTestCaseStart: Invoking callback 1/1 for Microsoft.VisualStudio.TestPlatform.CrossPlatEngine.DataCollection.ProxyOutOfProcDataCollectionManager., took 1 ms.
TpTrace Verbose: 0 : 19260, 16, 2024/07/03, 22:41:27.885, 355542813970, testhost.dll, TestExecutionRecorder.RecordResult: Received result for test: P7CreateRestApi.Tests.CurveControllerTests.CreateCurvePoint_ShouldReturnInternalServerError_WhenExceptionIsThrown.
TpTrace Verbose: 0 : 19260, 16, 2024/07/03, 22:41:27.886, 355542826558, testhost.dll, MulticastDelegateUtilities.SafeInvoke: TestCaseEventsHandler.RaiseTestCaseEnd: Invoking callback 1/1 for Microsoft.VisualStudio.TestPlatform.CrossPlatEngine.DataCollection.ProxyOutOfProcDataCollectionManager., took 1 ms.
TpTrace Verbose: 0 : 19260, 16, 2024/07/03, 22:41:27.886, 355542827931, testhost.dll, MulticastDelegateUtilities.SafeInvoke: TestCaseEventsHandler.RaiseTestCaseEnd: Invoking callback 1/1 for Microsoft.VisualStudio.TestPlatform.CrossPlatEngine.DataCollection.ProxyOutOfProcDataCollectionManager., took 0 ms.
TpTrace Verbose: 0 : 19260, 16, 2024/07/03, 22:41:27.886, 355542829037, testhost.dll, TestExecutionRecorder.RecordResult: Received result for test: P7CreateRestApi.Tests.RuleNameControllerTests.GetRuleNameById_ShouldReturnInternalServerError_WhenExceptionIsThrown.
TpTrace Verbose: 0 : 19260, 16, 2024/07/03, 22:41:27.887, 355542840540, testhost.dll, MulticastDelegateUtilities.SafeInvoke: TestCaseEventsHandler.RaiseTestCaseEnd: Invoking callback 1/1 for Microsoft.VisualStudio.TestPlatform.CrossPlatEngine.DataCollection.ProxyOutOfProcDataCollectionManager., took 1 ms.
TpTrace Verbose: 0 : 19260, 16, 2024/07/03, 22:41:27.888, 355542841779, testhost.dll, MulticastDelegateUtilities.SafeInvoke: TestCaseEventsHandler.RaiseTestCaseEnd: Invoking callback 1/1 for Microsoft.VisualStudio.TestPlatform.CrossPlatEngine.DataCollection.ProxyOutOfProcDataCollectionManager., took 0 ms.
TpTrace Verbose: 0 : 19260, 16, 2024/07/03, 22:41:27.888, 355542842286, testhost.dll, TestExecutionRecorder.RecordEnd: test: P7CreateRestApi.Tests.CurveControllerTests.CreateCurvePoint_ShouldReturnInternalServerError_WhenExceptionIsThrown execution completed.
TpTrace Verbose: 0 : 19260, 16, 2024/07/03, 22:41:27.888, 355542842486, testhost.dll, TestExecutionRecorder.RecordEnd: test: P7CreateRestApi.Tests.RuleNameControllerTests.GetRuleNameById_ShouldReturnInternalServerError_WhenExceptionIsThrown execution completed.
TpTrace Verbose: 0 : 19260, 16, 2024/07/03, 22:41:27.888, 355542842733, testhost.dll, TestExecutionRecorder.RecordStart: Starting test: P7CreateRestApi.Tests.CurveControllerTests.GetAllCurvePoints_ShouldReturnNotFound_WhenNoCurvePointsExist.
TpTrace Verbose: 0 : 19260, 16, 2024/07/03, 22:41:27.889, 355542853013, testhost.dll, MulticastDelegateUtilities.SafeInvoke: TestCaseEventsHandler.RaiseTestCaseStart: Invoking callback 1/1 for Microsoft.VisualStudio.TestPlatform.CrossPlatEngine.DataCollection.ProxyOutOfProcDataCollectionManager., took 1 ms.
TpTrace Verbose: 0 : 19260, 16, 2024/07/03, 22:41:27.889, 355542853784, testhost.dll, TestExecutionRecorder.RecordStart: Starting test: P7CreateRestApi.Tests.RuleNameControllerTests.CreateRuleName_ShouldReturnInternalServerError_WhenExceptionIsThrown.
TpTrace Information: 0 : 19260, 16, 2024/07/03, 22:41:27.891, 355542876375, testhost.dll, Sending test run statistics
TpTrace Verbose: 0 : 19260, 16, 2024/07/03, 22:41:27.915, 355543120885, testhost.dll, TestRequestHandler.SendData: sending data from testhost: {"Version":7,"MessageType":"TestExecution.StatsChange","Payload":{"NewTestResults":[{"TestCase":{"Id":"cf42d8ef-66e1-fd5e-7181-e3671b12e6a5","FullyQualifiedName":"P7CreateRestApi.Tests.BidListControllerTests.CreateBid_ShouldReturnBadRequest_WhenBidIsNull","DisplayName":"P7CreateRestApi.Tests.BidListControllerTests.CreateBid_ShouldReturnBadRequest_WhenBidIsNull","ExecutorUri":"executor://xunit/VsTestRunner2/netcoreapp","Source":"C:\\Users\\brandon.ku\\source\\repos\\OCProjet7_Findexium\\P7CreateRestApi.Tests\\bin\\Debug\\net8.0\\fine-code-coverage\\build-output\\P7CreateRestApi.Tests.dll","CodeFilePath":null,"LineNumber":0,"Properties":[]},"Attachments":[],"Outcome":1,"ErrorMessage":null,"ErrorStackTrace":null,"DisplayName":"P7CreateRestApi.Tests.BidListControllerTests.CreateBid_ShouldReturnBadRequest_WhenBidIsNull","Messages":[],"ComputerName":"PB22039","Duration":"00:00:00.1343225","StartTime":"2024-07-03T20:41:27.8546501+00:00","EndTime":"2024-07-03T20:41:27.8546722+00:00","Properties":[]},{"TestCase":{"Id":"dce18ec3-456e-8194-e43e-c34562f8901b","FullyQualifiedName":"P7CreateRestApi.Tests.RatingControllerTests.UpdateRating_ShouldReturnBadRequest_WhenIdDoesNotMatch","DisplayName":"P7CreateRestApi.Tests.RatingControllerTests.UpdateRating_ShouldReturnBadRequest_WhenIdDoesNotMatch","ExecutorUri":"executor://xunit/VsTestRunner2/netcoreapp","Source":"C:\\Users\\brandon.ku\\source\\repos\\OCProjet7_Findexium\\P7CreateRestApi.Tests\\bin\\Debug\\net8.0\\fine-code-coverage\\build-output\\P7CreateRestApi.Tests.dll","CodeFilePath":null,"LineNumber":0,"Properties":[]},"Attachments":[],"Outcome":1,"ErrorMessage":null,"ErrorStackTrace":null,"DisplayName":"P7CreateRestApi.Tests.RatingControllerTests.UpdateRating_ShouldReturnBadRequest_WhenIdDoesNotMatch","Messages":[],"ComputerName":"PB22039","Duration":"00:00:00.1397467","StartTime":"2024-07-03T20:41:27.8745973+00:00","EndTime":"2024-07-03T20:41:27.8745974+00:00","Properties":[]},{"TestCase":{"Id":"de09029b-99f8-60a0-2987-13014700db54","FullyQualifiedName":"P7CreateRestApi.Tests.BidListControllerTests.CreateBid_ShouldReturnBadRequest_WhenBidIsInvalid","DisplayName":"P7CreateRestApi.Tests.BidListControllerTests.CreateBid_ShouldReturnBadRequest_WhenBidIsInvalid","ExecutorUri":"executor://xunit/VsTestRunner2/netcoreapp","Source":"C:\\Users\\brandon.ku\\source\\repos\\OCProjet7_Findexium\\P7CreateRestApi.Tests\\bin\\Debug\\net8.0\\fine-code-coverage\\build-output\\P7CreateRestApi.Tests.dll","CodeFilePath":null,"LineNumber":0,"Properties":[]},"Attachments":[],"Outcome":1,"ErrorMessage":null,"ErrorStackTrace":null,"DisplayName":"P7CreateRestApi.Tests.BidListControllerTests.CreateBid_ShouldReturnBadRequest_WhenBidIsInvalid","Messages":[],"ComputerName":"PB22039","Duration":"00:00:00.0015704","StartTime":"2024-07-03T20:41:27.8775923+00:00","EndTime":"2024-07-03T20:41:27.8775924+00:00","Properties":[]},{"TestCase":{"Id":"c1bb44ca-a071-44e2-41ef-9b9e0a553f74","FullyQualifiedName":"P7CreateRestApi.Tests.BidListControllerTests.DeleteBid_ShouldReturnNoContent_WhenBidExists","DisplayName":"P7CreateRestApi.Tests.BidListControllerTests.DeleteBid_ShouldReturnNoContent_WhenBidExists","ExecutorUri":"executor://xunit/VsTestRunner2/netcoreapp","Source":"C:\\Users\\brandon.ku\\source\\repos\\OCProjet7_Findexium\\P7CreateRestApi.Tests\\bin\\Debug\\net8.0\\fine-code-coverage\\build-output\\P7CreateRestApi.Tests.dll","CodeFilePath":null,"LineNumber":0,"Properties":[]},"Attachments":[],"Outcome":1,"ErrorMessage":null,"ErrorStackTrace":null,"DisplayName":"P7CreateRestApi.Tests.BidListControllerTests.DeleteBid_ShouldReturnNoContent_WhenBidExists","Messages":[],"ComputerName":"PB22039","Duration":"00:00:00.0025234","StartTime":"2024-07-03T20:41:27.8824167+00:00","EndTime":"2024-07-03T20:41:27.8824168+00:00","Properties":[]},{"TestCase":{"Id":"9e3cb094-b470-9a8b-7db7-414a45b03a0f","FullyQualifiedName":"P7CreateRestApi.Tests.CurveControllerTests.CreateCurvePoint_ShouldReturnInternalServerError_WhenExceptionIsThrown","DisplayName":"P7CreateRestApi.Tests.CurveControllerTests.CreateCurvePoint_ShouldReturnInternalServerError_WhenExceptionIsThrown","ExecutorUri":"executor://xunit/VsTestRunner2/netcoreapp","Source":"C:\\Users\\brandon.ku\\source\\repos\\OCProjet7_Findexium\\P7CreateRestApi.Tests\\bin\\Debug\\net8.0\\fine-code-coverage\\build-output\\P7CreateRestApi.Tests.dll","CodeFilePath":null,"LineNumber":0,"Properties":[]},"Attachments":[],"Outcome":1,"ErrorMessage":null,"ErrorStackTrace":null,"DisplayName":"P7CreateRestApi.Tests.CurveControllerTests.CreateCurvePoint_ShouldReturnInternalServerError_WhenExceptionIsThrown","Messages":[],"ComputerName":"PB22039","Duration":"00:00:00.1432930","StartTime":"2024-07-03T20:41:27.88521+00:00","EndTime":"2024-07-03T20:41:27.8852101+00:00","Properties":[]},{"TestCase":{"Id":"7a4cb83f-0ac6-ea57-ae32-ce1d3adbaf40","FullyQualifiedName":"P7CreateRestApi.Tests.RuleNameControllerTests.GetRuleNameById_ShouldReturnInternalServerError_WhenExceptionIsThrown","DisplayName":"P7CreateRestApi.Tests.RuleNameControllerTests.GetRuleNameById_ShouldReturnInternalServerError_WhenExceptionIsThrown","ExecutorUri":"executor://xunit/VsTestRunner2/netcoreapp","Source":"C:\\Users\\brandon.ku\\source\\repos\\OCProjet7_Findexium\\P7CreateRestApi.Tests\\bin\\Debug\\net8.0\\fine-code-coverage\\build-output\\P7CreateRestApi.Tests.dll","CodeFilePath":null,"LineNumber":0,"Properties":[]},"Attachments":[],"Outcome":1,"ErrorMessage":null,"ErrorStackTrace":null,"DisplayName":"P7CreateRestApi.Tests.RuleNameControllerTests.GetRuleNameById_ShouldReturnInternalServerError_WhenExceptionIsThrown","Messages":[],"ComputerName":"PB22039","Duration":"00:00:00.1406573","StartTime":"2024-07-03T20:41:27.8867369+00:00","EndTime":"2024-07-03T20:41:27.886737+00:00","Properties":[]}],"TestRunStatistics":{"ExecutedTests":6,"Stats":{"Passed":6}},"ActiveTests":[{"Id":"ca5c2052-a368-50ed-9a9e-6f1898ad3699","FullyQualifiedName":"P7CreateRestApi.Tests.RatingControllerTests.GetRatingById_ShouldReturnInternalServerError_WhenExceptionIsThrown","DisplayName":"P7CreateRestApi.Tests.RatingControllerTests.GetRatingById_ShouldReturnInternalServerError_WhenExceptionIsThrown","ExecutorUri":"executor://xunit/VsTestRunner2/netcoreapp","Source":"C:\\Users\\brandon.ku\\source\\repos\\OCProjet7_Findexium\\P7CreateRestApi.Tests\\bin\\Debug\\net8.0\\fine-code-coverage\\build-output\\P7CreateRestApi.Tests.dll","CodeFilePath":null,"LineNumber":0,"Properties":[]},{"Id":"10c5f168-5d72-0a7a-2050-f6d963d2cf31","FullyQualifiedName":"P7CreateRestApi.Tests.BidListControllerTests.GetBidById_ShouldReturnOkResult_WhenBidExists","DisplayName":"P7CreateRestApi.Tests.BidListControllerTests.GetBidById_ShouldReturnOkResult_WhenBidExists","ExecutorUri":"executor://xunit/VsTestRunner2/netcoreapp","Source":"C:\\Users\\brandon.ku\\source\\repos\\OCProjet7_Findexium\\P7CreateRestApi.Tests\\bin\\Debug\\net8.0\\fine-code-coverage\\build-output\\P7CreateRestApi.Tests.dll","CodeFilePath":null,"LineNumber":0,"Properties":[]},{"Id":"9d2662ac-6bbc-bada-05bd-44e5dc7ca47c","FullyQualifiedName":"P7CreateRestApi.Tests.CurveControllerTests.GetAllCurvePoints_ShouldReturnNotFound_WhenNoCurvePointsExist","DisplayName":"P7CreateRestApi.Tests.CurveControllerTests.GetAllCurvePoints_ShouldReturnNotFound_WhenNoCurvePointsExist","ExecutorUri":"executor://xunit/VsTestRunner2/netcoreapp","Source":"C:\\Users\\brandon.ku\\source\\repos\\OCProjet7_Findexium\\P7CreateRestApi.Tests\\bin\\Debug\\net8.0\\fine-code-coverage\\build-output\\P7CreateRestApi.Tests.dll","CodeFilePath":null,"LineNumber":0,"Properties":[]},{"Id":"0eb69bc3-2ce2-882b-b36c-1e33e49071a2","FullyQualifiedName":"P7CreateRestApi.Tests.RuleNameControllerTests.CreateRuleName_ShouldReturnInternalServerError_WhenExceptionIsThrown","DisplayName":"P7CreateRestApi.Tests.RuleNameControllerTests.CreateRuleName_ShouldReturnInternalServerError_WhenExceptionIsThrown","ExecutorUri":"executor://xunit/VsTestRunner2/netcoreapp","Source":"C:\\Users\\brandon.ku\\source\\repos\\OCProjet7_Findexium\\P7CreateRestApi.Tests\\bin\\Debug\\net8.0\\fine-code-coverage\\build-output\\P7CreateRestApi.Tests.dll","CodeFilePath":null,"LineNumber":0,"Properties":[]}]}}
TpTrace Verbose: 0 : 19260, 16, 2024/07/03, 22:41:27.916, 355543125740, testhost.dll, TestRunCache: OnNewTestResult: Notified the onCacheHit callback.
TpTrace Verbose: 0 : 19260, 16, 2024/07/03, 22:41:27.917, 355543139665, testhost.dll, MulticastDelegateUtilities.SafeInvoke: TestCaseEventsHandler.RaiseTestCaseStart: Invoking callback 1/1 for Microsoft.VisualStudio.TestPlatform.CrossPlatEngine.DataCollection.ProxyOutOfProcDataCollectionManager., took 1 ms.
TpTrace Verbose: 0 : 19260, 16, 2024/07/03, 22:41:27.918, 355543142016, testhost.dll, TestExecutionRecorder.RecordResult: Received result for test: P7CreateRestApi.Tests.RatingControllerTests.GetRatingById_ShouldReturnInternalServerError_WhenExceptionIsThrown.
TpTrace Verbose: 0 : 19260, 16, 2024/07/03, 22:41:27.919, 355543160774, testhost.dll, MulticastDelegateUtilities.SafeInvoke: TestCaseEventsHandler.RaiseTestCaseEnd: Invoking callback 1/1 for Microsoft.VisualStudio.TestPlatform.CrossPlatEngine.DataCollection.ProxyOutOfProcDataCollectionManager., took 1 ms.
TpTrace Verbose: 0 : 19260, 16, 2024/07/03, 22:41:27.919, 355543161443, testhost.dll, MulticastDelegateUtilities.SafeInvoke: TestCaseEventsHandler.RaiseTestCaseEnd: Invoking callback 1/1 for Microsoft.VisualStudio.TestPlatform.CrossPlatEngine.DataCollection.ProxyOutOfProcDataCollectionManager., took 0 ms.
TpTrace Warning: 0 : 19260, 16, 2024/07/03, 22:41:27.920, 355543162084, testhost.dll, TestRunCache: InProgressTests is null
TpTrace Warning: 0 : 19260, 16, 2024/07/03, 22:41:27.920, 355543162696, testhost.dll, TestRunCache: No test found corresponding to testResult 'P7CreateRestApi.Tests.RatingControllerTests.GetRatingById_ShouldReturnInternalServerError_WhenExceptionIsThrown' in inProgress list.
TpTrace Verbose: 0 : 19260, 16, 2024/07/03, 22:41:27.920, 355543163359, testhost.dll, TestExecutionRecorder.RecordEnd: test: P7CreateRestApi.Tests.RatingControllerTests.GetRatingById_ShouldReturnInternalServerError_WhenExceptionIsThrown execution completed.
TpTrace Warning: 0 : 19260, 16, 2024/07/03, 22:41:27.920, 355543163558, testhost.dll, TestRunCache: InProgressTests is null
TpTrace Verbose: 0 : 19260, 16, 2024/07/03, 22:41:27.920, 355543163959, testhost.dll, TestExecutionRecorder.RecordStart: Starting test: P7CreateRestApi.Tests.RatingControllerTests.CreateRating_ShouldReturnInternalServerError_WhenExceptionIsThrown.
TpTrace Verbose: 0 : 19260, 16, 2024/07/03, 22:41:27.921, 355543179410, testhost.dll, MulticastDelegateUtilities.SafeInvoke: TestCaseEventsHandler.RaiseTestCaseStart: Invoking callback 1/1 for Microsoft.VisualStudio.TestPlatform.CrossPlatEngine.DataCollection.ProxyOutOfProcDataCollectionManager., took 1 ms.
TpTrace Verbose: 0 : 19260, 16, 2024/07/03, 22:41:27.921, 355543181118, testhost.dll, TestExecutionRecorder.RecordResult: Received result for test: P7CreateRestApi.Tests.BidListControllerTests.GetBidById_ShouldReturnOkResult_WhenBidExists.
TpTrace Verbose: 0 : 19260, 16, 2024/07/03, 22:41:27.923, 355543194551, testhost.dll, MulticastDelegateUtilities.SafeInvoke: TestCaseEventsHandler.RaiseTestCaseEnd: Invoking callback 1/1 for Microsoft.VisualStudio.TestPlatform.CrossPlatEngine.DataCollection.ProxyOutOfProcDataCollectionManager., took 1 ms.
TpTrace Verbose: 0 : 19260, 16, 2024/07/03, 22:41:27.923, 355543195388, testhost.dll, MulticastDelegateUtilities.SafeInvoke: TestCaseEventsHandler.RaiseTestCaseEnd: Invoking callback 1/1 for Microsoft.VisualStudio.TestPlatform.CrossPlatEngine.DataCollection.ProxyOutOfProcDataCollectionManager., took 0 ms.
TpTrace Warning: 0 : 19260, 16, 2024/07/03, 22:41:27.923, 355543196030, testhost.dll, TestRunCache: No test found corresponding to testResult 'P7CreateRestApi.Tests.BidListControllerTests.GetBidById_ShouldReturnOkResult_WhenBidExists' in inProgress list.
TpTrace Verbose: 0 : 19260, 16, 2024/07/03, 22:41:27.923, 355543197044, testhost.dll, TestExecutionRecorder.RecordEnd: test: P7CreateRestApi.Tests.BidListControllerTests.GetBidById_ShouldReturnOkResult_WhenBidExists execution completed.
TpTrace Verbose: 0 : 19260, 16, 2024/07/03, 22:41:27.923, 355543197396, testhost.dll, TestExecutionRecorder.RecordStart: Starting test: P7CreateRestApi.Tests.BidListControllerTests.GetBidById_ShouldReturnNotFound_WhenBidDoesNotExist.
TpTrace Verbose: 0 : 19260, 16, 2024/07/03, 22:41:27.924, 355543210934, testhost.dll, MulticastDelegateUtilities.SafeInvoke: TestCaseEventsHandler.RaiseTestCaseStart: Invoking callback 1/1 for Microsoft.VisualStudio.TestPlatform.CrossPlatEngine.DataCollection.ProxyOutOfProcDataCollectionManager., took 1 ms.
TpTrace Verbose: 0 : 19260, 16, 2024/07/03, 22:41:27.925, 355543211962, testhost.dll, TestExecutionRecorder.RecordResult: Received result for test: P7CreateRestApi.Tests.CurveControllerTests.GetAllCurvePoints_ShouldReturnNotFound_WhenNoCurvePointsExist.
TpTrace Verbose: 0 : 19260, 16, 2024/07/03, 22:41:27.925, 355543220898, testhost.dll, MulticastDelegateUtilities.SafeInvoke: TestCaseEventsHandler.RaiseTestCaseEnd: Invoking callback 1/1 for Microsoft.VisualStudio.TestPlatform.CrossPlatEngine.DataCollection.ProxyOutOfProcDataCollectionManager., took 0 ms.
TpTrace Verbose: 0 : 19260, 16, 2024/07/03, 22:41:27.925, 355543221554, testhost.dll, MulticastDelegateUtilities.SafeInvoke: TestCaseEventsHandler.RaiseTestCaseEnd: Invoking callback 1/1 for Microsoft.VisualStudio.TestPlatform.CrossPlatEngine.DataCollection.ProxyOutOfProcDataCollectionManager., took 0 ms.
TpTrace Warning: 0 : 19260, 16, 2024/07/03, 22:41:27.926, 355543221787, testhost.dll, TestRunCache: No test found corresponding to testResult 'P7CreateRestApi.Tests.CurveControllerTests.GetAllCurvePoints_ShouldReturnNotFound_WhenNoCurvePointsExist' in inProgress list.
TpTrace Verbose: 0 : 19260, 16, 2024/07/03, 22:41:27.926, 355543222074, testhost.dll, TestExecutionRecorder.RecordEnd: test: P7CreateRestApi.Tests.CurveControllerTests.GetAllCurvePoints_ShouldReturnNotFound_WhenNoCurvePointsExist execution completed.
TpTrace Verbose: 0 : 19260, 16, 2024/07/03, 22:41:27.926, 355543222345, testhost.dll, TestExecutionRecorder.RecordStart: Starting test: P7CreateRestApi.Tests.CurveControllerTests.GetAllCurvePoints_ShouldReturnOk_WhenCurvePointsExist.
TpTrace Verbose: 0 : 19260, 16, 2024/07/03, 22:41:27.926, 355543230727, testhost.dll, MulticastDelegateUtilities.SafeInvoke: TestCaseEventsHandler.RaiseTestCaseStart: Invoking callback 1/1 for Microsoft.VisualStudio.TestPlatform.CrossPlatEngine.DataCollection.ProxyOutOfProcDataCollectionManager., took 0 ms.
TpTrace Verbose: 0 : 19260, 16, 2024/07/03, 22:41:27.927, 355543232057, testhost.dll, TestExecutionRecorder.RecordResult: Received result for test: P7CreateRestApi.Tests.RatingControllerTests.CreateRating_ShouldReturnInternalServerError_WhenExceptionIsThrown.
TpTrace Verbose: 0 : 19260, 16, 2024/07/03, 22:41:27.927, 355543240707, testhost.dll, MulticastDelegateUtilities.SafeInvoke: TestCaseEventsHandler.RaiseTestCaseEnd: Invoking callback 1/1 for Microsoft.VisualStudio.TestPlatform.CrossPlatEngine.DataCollection.ProxyOutOfProcDataCollectionManager., took 0 ms.
TpTrace Verbose: 0 : 19260, 16, 2024/07/03, 22:41:27.927, 355543241513, testhost.dll, MulticastDelegateUtilities.SafeInvoke: TestCaseEventsHandler.RaiseTestCaseEnd: Invoking callback 1/1 for Microsoft.VisualStudio.TestPlatform.CrossPlatEngine.DataCollection.ProxyOutOfProcDataCollectionManager., took 0 ms.
TpTrace Verbose: 0 : 19260, 16, 2024/07/03, 22:41:27.928, 355543242267, testhost.dll, TestExecutionRecorder.RecordEnd: test: P7CreateRestApi.Tests.RatingControllerTests.CreateRating_ShouldReturnInternalServerError_WhenExceptionIsThrown execution completed.
TpTrace Verbose: 0 : 19260, 16, 2024/07/03, 22:41:27.928, 355543242582, testhost.dll, TestExecutionRecorder.RecordStart: Starting test: P7CreateRestApi.Tests.RatingControllerTests.GetRatingById_ShouldReturnNotFound_WhenRatingDoesNotExist.
TpTrace Verbose: 0 : 19260, 16, 2024/07/03, 22:41:27.929, 355543253353, testhost.dll, MulticastDelegateUtilities.SafeInvoke: TestCaseEventsHandler.RaiseTestCaseStart: Invoking callback 1/1 for Microsoft.VisualStudio.TestPlatform.CrossPlatEngine.DataCollection.ProxyOutOfProcDataCollectionManager., took 1 ms.
TpTrace Verbose: 0 : 19260, 16, 2024/07/03, 22:41:27.929, 355543254227, testhost.dll, TestExecutionRecorder.RecordResult: Received result for test: P7CreateRestApi.Tests.BidListControllerTests.GetBidById_ShouldReturnNotFound_WhenBidDoesNotExist.
TpTrace Verbose: 0 : 19260, 16, 2024/07/03, 22:41:27.930, 355543263442, testhost.dll, MulticastDelegateUtilities.SafeInvoke: TestCaseEventsHandler.RaiseTestCaseEnd: Invoking callback 1/1 for Microsoft.VisualStudio.TestPlatform.CrossPlatEngine.DataCollection.ProxyOutOfProcDataCollectionManager., took 0 ms.
TpTrace Verbose: 0 : 19260, 16, 2024/07/03, 22:41:27.930, 355543264077, testhost.dll, MulticastDelegateUtilities.SafeInvoke: TestCaseEventsHandler.RaiseTestCaseEnd: Invoking callback 1/1 for Microsoft.VisualStudio.TestPlatform.CrossPlatEngine.DataCollection.ProxyOutOfProcDataCollectionManager., took 0 ms.
TpTrace Verbose: 0 : 19260, 16, 2024/07/03, 22:41:27.930, 355543265048, testhost.dll, TestExecutionRecorder.RecordEnd: test: P7CreateRestApi.Tests.BidListControllerTests.GetBidById_ShouldReturnNotFound_WhenBidDoesNotExist execution completed.
TpTrace Verbose: 0 : 19260, 16, 2024/07/03, 22:41:27.930, 355543265595, testhost.dll, TestExecutionRecorder.RecordStart: Starting test: P7CreateRestApi.Tests.BidListControllerTests.DeleteBid_ShouldReturnNotFound_WhenBidDoesNotExist.
TpTrace Verbose: 0 : 19260, 16, 2024/07/03, 22:41:27.931, 355543274081, testhost.dll, MulticastDelegateUtilities.SafeInvoke: TestCaseEventsHandler.RaiseTestCaseStart: Invoking callback 1/1 for Microsoft.VisualStudio.TestPlatform.CrossPlatEngine.DataCollection.ProxyOutOfProcDataCollectionManager., took 0 ms.
TpTrace Verbose: 0 : 19260, 16, 2024/07/03, 22:41:27.931, 355543274976, testhost.dll, TestExecutionRecorder.RecordResult: Received result for test: P7CreateRestApi.Tests.RuleNameControllerTests.CreateRuleName_ShouldReturnInternalServerError_WhenExceptionIsThrown.
TpTrace Verbose: 0 : 19260, 16, 2024/07/03, 22:41:27.932, 355543284265, testhost.dll, MulticastDelegateUtilities.SafeInvoke: TestCaseEventsHandler.RaiseTestCaseEnd: Invoking callback 1/1 for Microsoft.VisualStudio.TestPlatform.CrossPlatEngine.DataCollection.ProxyOutOfProcDataCollectionManager., took 0 ms.
TpTrace Verbose: 0 : 19260, 16, 2024/07/03, 22:41:27.932, 355543284928, testhost.dll, MulticastDelegateUtilities.SafeInvoke: TestCaseEventsHandler.RaiseTestCaseEnd: Invoking callback 1/1 for Microsoft.VisualStudio.TestPlatform.CrossPlatEngine.DataCollection.ProxyOutOfProcDataCollectionManager., took 0 ms.
TpTrace Warning: 0 : 19260, 16, 2024/07/03, 22:41:27.932, 355543285227, testhost.dll, TestRunCache: No test found corresponding to testResult 'P7CreateRestApi.Tests.RuleNameControllerTests.CreateRuleName_ShouldReturnInternalServerError_WhenExceptionIsThrown' in inProgress list.
TpTrace Verbose: 0 : 19260, 16, 2024/07/03, 22:41:27.932, 355543285585, testhost.dll, TestExecutionRecorder.RecordEnd: test: P7CreateRestApi.Tests.RuleNameControllerTests.CreateRuleName_ShouldReturnInternalServerError_WhenExceptionIsThrown execution completed.
TpTrace Verbose: 0 : 19260, 16, 2024/07/03, 22:41:27.932, 355543285880, testhost.dll, TestExecutionRecorder.RecordStart: Starting test: P7CreateRestApi.Tests.RuleNameControllerTests.DeleteRuleName_ShouldReturnNoContent_WhenDeleteIsSuccessful.
TpTrace Information: 0 : 19260, 16, 2024/07/03, 22:41:27.932, 355543286374, testhost.dll, Sending test run statistics
TpTrace Verbose: 0 : 19260, 16, 2024/07/03, 22:41:27.934, 355543302264, testhost.dll, TestRequestHandler.SendData: sending data from testhost: {"Version":7,"MessageType":"TestExecution.StatsChange","Payload":{"NewTestResults":[{"TestCase":{"Id":"ca5c2052-a368-50ed-9a9e-6f1898ad3699","FullyQualifiedName":"P7CreateRestApi.Tests.RatingControllerTests.GetRatingById_ShouldReturnInternalServerError_WhenExceptionIsThrown","DisplayName":"P7CreateRestApi.Tests.RatingControllerTests.GetRatingById_ShouldReturnInternalServerError_WhenExceptionIsThrown","ExecutorUri":"executor://xunit/VsTestRunner2/netcoreapp","Source":"C:\\Users\\brandon.ku\\source\\repos\\OCProjet7_Findexium\\P7CreateRestApi.Tests\\bin\\Debug\\net8.0\\fine-code-coverage\\build-output\\P7CreateRestApi.Tests.dll","CodeFilePath":null,"LineNumber":0,"Properties":[]},"Attachments":[],"Outcome":1,"ErrorMessage":null,"ErrorStackTrace":null,"DisplayName":"P7CreateRestApi.Tests.RatingControllerTests.GetRatingById_ShouldReturnInternalServerError_WhenExceptionIsThrown","Messages":[],"ComputerName":"PB22039","Duration":"00:00:00.0032275","StartTime":"2024-07-03T20:41:27.9180302+00:00","EndTime":"2024-07-03T20:41:27.9180304+00:00","Properties":[]},{"TestCase":{"Id":"10c5f168-5d72-0a7a-2050-f6d963d2cf31","FullyQualifiedName":"P7CreateRestApi.Tests.BidListControllerTests.GetBidById_ShouldReturnOkResult_WhenBidExists","DisplayName":"P7CreateRestApi.Tests.BidListControllerTests.GetBidById_ShouldReturnOkResult_WhenBidExists","ExecutorUri":"executor://xunit/VsTestRunner2/netcoreapp","Source":"C:\\Users\\brandon.ku\\source\\repos\\OCProjet7_Findexium\\P7CreateRestApi.Tests\\bin\\Debug\\net8.0\\fine-code-coverage\\build-output\\P7CreateRestApi.Tests.dll","CodeFilePath":null,"LineNumber":0,"Properties":[]},"Attachments":[],"Outcome":1,"ErrorMessage":null,"ErrorStackTrace":null,"DisplayName":"P7CreateRestApi.Tests.BidListControllerTests.GetBidById_ShouldReturnOkResult_WhenBidExists","Messages":[],"ComputerName":"PB22039","Duration":"00:00:00.0029234","StartTime":"2024-07-03T20:41:27.9219421+00:00","EndTime":"2024-07-03T20:41:27.9219422+00:00","Properties":[]},{"TestCase":{"Id":"9d2662ac-6bbc-bada-05bd-44e5dc7ca47c","FullyQualifiedName":"P7CreateRestApi.Tests.CurveControllerTests.GetAllCurvePoints_ShouldReturnNotFound_WhenNoCurvePointsExist","DisplayName":"P7CreateRestApi.Tests.CurveControllerTests.GetAllCurvePoints_ShouldReturnNotFound_WhenNoCurvePointsExist","ExecutorUri":"executor://xunit/VsTestRunner2/netcoreapp","Source":"C:\\Users\\brandon.ku\\source\\repos\\OCProjet7_Findexium\\P7CreateRestApi.Tests\\bin\\Debug\\net8.0\\fine-code-coverage\\build-output\\P7CreateRestApi.Tests.dll","CodeFilePath":null,"LineNumber":0,"Properties":[]},"Attachments":[],"Outcome":1,"ErrorMessage":null,"ErrorStackTrace":null,"DisplayName":"P7CreateRestApi.Tests.CurveControllerTests.GetAllCurvePoints_ShouldReturnNotFound_WhenNoCurvePointsExist","Messages":[],"ComputerName":"PB22039","Duration":"00:00:00.0026428","StartTime":"2024-07-03T20:41:27.9250284+00:00","EndTime":"2024-07-03T20:41:27.9250285+00:00","Properties":[]},{"TestCase":{"Id":"e0912312-0c28-ab99-e524-1399dc0d2284","FullyQualifiedName":"P7CreateRestApi.Tests.RatingControllerTests.CreateRating_ShouldReturnInternalServerError_WhenExceptionIsThrown","DisplayName":"P7CreateRestApi.Tests.RatingControllerTests.CreateRating_ShouldReturnInternalServerError_WhenExceptionIsThrown","ExecutorUri":"executor://xunit/VsTestRunner2/netcoreapp","Source":"C:\\Users\\brandon.ku\\source\\repos\\OCProjet7_Findexium\\P7CreateRestApi.Tests\\bin\\Debug\\net8.0\\fine-code-coverage\\build-output\\P7CreateRestApi.Tests.dll","CodeFilePath":null,"LineNumber":0,"Properties":[]},"Attachments":[],"Outcome":1,"ErrorMessage":null,"ErrorStackTrace":null,"DisplayName":"P7CreateRestApi.Tests.RatingControllerTests.CreateRating_ShouldReturnInternalServerError_WhenExceptionIsThrown","Messages":[],"ComputerName":"PB22039","Duration":"00:00:00.0027566","StartTime":"2024-07-03T20:41:27.927039+00:00","EndTime":"2024-07-03T20:41:27.927039+00:00","Properties":[]},{"TestCase":{"Id":"7c615cc4-c2d8-e4b8-86b0-8ec73f01a4da","FullyQualifiedName":"P7CreateRestApi.Tests.BidListControllerTests.GetBidById_ShouldReturnNotFound_WhenBidDoesNotExist","DisplayName":"P7CreateRestApi.Tests.BidListControllerTests.GetBidById_ShouldReturnNotFound_WhenBidDoesNotExist","ExecutorUri":"executor://xunit/VsTestRunner2/netcoreapp","Source":"C:\\Users\\brandon.ku\\source\\repos\\OCProjet7_Findexium\\P7CreateRestApi.Tests\\bin\\Debug\\net8.0\\fine-code-coverage\\build-output\\P7CreateRestApi.Tests.dll","CodeFilePath":null,"LineNumber":0,"Properties":[]},"Attachments":[],"Outcome":1,"ErrorMessage":null,"ErrorStackTrace":null,"DisplayName":"P7CreateRestApi.Tests.BidListControllerTests.GetBidById_ShouldReturnNotFound_WhenBidDoesNotExist","Messages":[],"ComputerName":"PB22039","Duration":"00:00:00.0007880","StartTime":"2024-07-03T20:41:27.9292549+00:00","EndTime":"2024-07-03T20:41:27.9292549+00:00","Properties":[]},{"TestCase":{"Id":"0eb69bc3-2ce2-882b-b36c-1e33e49071a2","FullyQualifiedName":"P7CreateRestApi.Tests.RuleNameControllerTests.CreateRuleName_ShouldReturnInternalServerError_WhenExceptionIsThrown","DisplayName":"P7CreateRestApi.Tests.RuleNameControllerTests.CreateRuleName_ShouldReturnInternalServerError_WhenExceptionIsThrown","ExecutorUri":"executor://xunit/VsTestRunner2/netcoreapp","Source":"C:\\Users\\brandon.ku\\source\\repos\\OCProjet7_Findexium\\P7CreateRestApi.Tests\\bin\\Debug\\net8.0\\fine-code-coverage\\build-output\\P7CreateRestApi.Tests.dll","CodeFilePath":null,"LineNumber":0,"Properties":[]},"Attachments":[],"Outcome":1,"ErrorMessage":null,"ErrorStackTrace":null,"DisplayName":"P7CreateRestApi.Tests.RuleNameControllerTests.CreateRuleName_ShouldReturnInternalServerError_WhenExceptionIsThrown","Messages":[],"ComputerName":"PB22039","Duration":"00:00:00.0032664","StartTime":"2024-07-03T20:41:27.9313299+00:00","EndTime":"2024-07-03T20:41:27.9313299+00:00","Properties":[]}],"TestRunStatistics":{"ExecutedTests":12,"Stats":{"Passed":12}},"ActiveTests":[{"Id":"f92623e0-a1d8-9f96-fb61-fcd8650227c0","FullyQualifiedName":"P7CreateRestApi.Tests.CurveControllerTests.GetAllCurvePoints_ShouldReturnOk_WhenCurvePointsExist","DisplayName":"P7CreateRestApi.Tests.CurveControllerTests.GetAllCurvePoints_ShouldReturnOk_WhenCurvePointsExist","ExecutorUri":"executor://xunit/VsTestRunner2/netcoreapp","Source":"C:\\Users\\brandon.ku\\source\\repos\\OCProjet7_Findexium\\P7CreateRestApi.Tests\\bin\\Debug\\net8.0\\fine-code-coverage\\build-output\\P7CreateRestApi.Tests.dll","CodeFilePath":null,"LineNumber":0,"Properties":[]},{"Id":"459fe1c8-27b8-b5f7-3589-e3fe594225b8","FullyQualifiedName":"P7CreateRestApi.Tests.RatingControllerTests.GetRatingById_ShouldReturnNotFound_WhenRatingDoesNotExist","DisplayName":"P7CreateRestApi.Tests.RatingControllerTests.GetRatingById_ShouldReturnNotFound_WhenRatingDoesNotExist","ExecutorUri":"executor://xunit/VsTestRunner2/netcoreapp","Source":"C:\\Users\\brandon.ku\\source\\repos\\OCProjet7_Findexium\\P7CreateRestApi.Tests\\bin\\Debug\\net8.0\\fine-code-coverage\\build-output\\P7CreateRestApi.Tests.dll","CodeFilePath":null,"LineNumber":0,"Properties":[]},{"Id":"baa7d328-c5e1-9359-c854-92e8c2cdb70d","FullyQualifiedName":"P7CreateRestApi.Tests.BidListControllerTests.DeleteBid_ShouldReturnNotFound_WhenBidDoesNotExist","DisplayName":"P7CreateRestApi.Tests.BidListControllerTests.DeleteBid_ShouldReturnNotFound_WhenBidDoesNotExist","ExecutorUri":"executor://xunit/VsTestRunner2/netcoreapp","Source":"C:\\Users\\brandon.ku\\source\\repos\\OCProjet7_Findexium\\P7CreateRestApi.Tests\\bin\\Debug\\net8.0\\fine-code-coverage\\build-output\\P7CreateRestApi.Tests.dll","CodeFilePath":null,"LineNumber":0,"Properties":[]},{"Id":"2572f979-391c-17b1-267a-2f6b905da488","FullyQualifiedName":"P7CreateRestApi.Tests.RuleNameControllerTests.DeleteRuleName_ShouldReturnNoContent_WhenDeleteIsSuccessful","DisplayName":"P7CreateRestApi.Tests.RuleNameControllerTests.DeleteRuleName_ShouldReturnNoContent_WhenDeleteIsSuccessful","ExecutorUri":"executor://xunit/VsTestRunner2/netcoreapp","Source":"C:\\Users\\brandon.ku\\source\\repos\\OCProjet7_Findexium\\P7CreateRestApi.Tests\\bin\\Debug\\net8.0\\fine-code-coverage\\build-output\\P7CreateRestApi.Tests.dll","CodeFilePath":null,"LineNumber":0,"Properties":[]}]}}
TpTrace Verbose: 0 : 19260, 16, 2024/07/03, 22:41:27.934, 355543304553, testhost.dll, TestRunCache: OnNewTestResult: Notified the onCacheHit callback.
TpTrace Verbose: 0 : 19260, 16, 2024/07/03, 22:41:27.935, 355543316301, testhost.dll, MulticastDelegateUtilities.SafeInvoke: TestCaseEventsHandler.RaiseTestCaseStart: Invoking callback 1/1 for Microsoft.VisualStudio.TestPlatform.CrossPlatEngine.DataCollection.ProxyOutOfProcDataCollectionManager., took 1 ms.
TpTrace Verbose: 0 : 19260, 16, 2024/07/03, 22:41:27.935, 355543317201, testhost.dll, TestExecutionRecorder.RecordResult: Received result for test: P7CreateRestApi.Tests.RatingControllerTests.GetRatingById_ShouldReturnNotFound_WhenRatingDoesNotExist.
TpTrace Verbose: 0 : 19260, 16, 2024/07/03, 22:41:27.936, 355543327512, testhost.dll, MulticastDelegateUtilities.SafeInvoke: TestCaseEventsHandler.RaiseTestCaseEnd: Invoking callback 1/1 for Microsoft.VisualStudio.TestPlatform.CrossPlatEngine.DataCollection.ProxyOutOfProcDataCollectionManager., took 1 ms.
TpTrace Verbose: 0 : 19260, 16, 2024/07/03, 22:41:27.936, 355543328130, testhost.dll, MulticastDelegateUtilities.SafeInvoke: TestCaseEventsHandler.RaiseTestCaseEnd: Invoking callback 1/1 for Microsoft.VisualStudio.TestPlatform.CrossPlatEngine.DataCollection.ProxyOutOfProcDataCollectionManager., took 0 ms.
TpTrace Warning: 0 : 19260, 16, 2024/07/03, 22:41:27.936, 355543328539, testhost.dll, TestRunCache: InProgressTests is null
TpTrace Warning: 0 : 19260, 16, 2024/07/03, 22:41:27.936, 355543328698, testhost.dll, TestRunCache: No test found corresponding to testResult 'P7CreateRestApi.Tests.RatingControllerTests.GetRatingById_ShouldReturnNotFound_WhenRatingDoesNotExist' in inProgress list.
TpTrace Verbose: 0 : 19260, 16, 2024/07/03, 22:41:27.936, 355543330141, testhost.dll, TestExecutionRecorder.RecordEnd: test: P7CreateRestApi.Tests.RatingControllerTests.GetRatingById_ShouldReturnNotFound_WhenRatingDoesNotExist execution completed.
TpTrace Warning: 0 : 19260, 16, 2024/07/03, 22:41:27.936, 355543330305, testhost.dll, TestRunCache: InProgressTests is null
TpTrace Verbose: 0 : 19260, 16, 2024/07/03, 22:41:27.936, 355543330595, testhost.dll, TestExecutionRecorder.RecordStart: Starting test: P7CreateRestApi.Tests.RatingControllerTests.DeleteRating_ShouldReturnNoContent_WhenDeleteIsSuccessful.
TpTrace Verbose: 0 : 19260, 16, 2024/07/03, 22:41:27.938, 355543346503, testhost.dll, MulticastDelegateUtilities.SafeInvoke: TestCaseEventsHandler.RaiseTestCaseStart: Invoking callback 1/1 for Microsoft.VisualStudio.TestPlatform.CrossPlatEngine.DataCollection.ProxyOutOfProcDataCollectionManager., took 1 ms.
TpTrace Verbose: 0 : 19260, 16, 2024/07/03, 22:41:27.938, 355543349026, testhost.dll, TestExecutionRecorder.RecordResult: Received result for test: P7CreateRestApi.Tests.BidListControllerTests.DeleteBid_ShouldReturnNotFound_WhenBidDoesNotExist.
TpTrace Verbose: 0 : 19260, 16, 2024/07/03, 22:41:27.939, 355543360585, testhost.dll, MulticastDelegateUtilities.SafeInvoke: TestCaseEventsHandler.RaiseTestCaseEnd: Invoking callback 1/1 for Microsoft.VisualStudio.TestPlatform.CrossPlatEngine.DataCollection.ProxyOutOfProcDataCollectionManager., took 1 ms.
TpTrace Verbose: 0 : 19260, 16, 2024/07/03, 22:41:27.939, 355543361514, testhost.dll, MulticastDelegateUtilities.SafeInvoke: TestCaseEventsHandler.RaiseTestCaseEnd: Invoking callback 1/1 for Microsoft.VisualStudio.TestPlatform.CrossPlatEngine.DataCollection.ProxyOutOfProcDataCollectionManager., took 0 ms.
TpTrace Warning: 0 : 19260, 16, 2024/07/03, 22:41:27.940, 355543361779, testhost.dll, TestRunCache: No test found corresponding to testResult 'P7CreateRestApi.Tests.BidListControllerTests.DeleteBid_ShouldReturnNotFound_WhenBidDoesNotExist' in inProgress list.
TpTrace Verbose: 0 : 19260, 16, 2024/07/03, 22:41:27.940, 355543362256, testhost.dll, TestExecutionRecorder.RecordEnd: test: P7CreateRestApi.Tests.BidListControllerTests.DeleteBid_ShouldReturnNotFound_WhenBidDoesNotExist execution completed.
TpTrace Verbose: 0 : 19260, 16, 2024/07/03, 22:41:27.940, 355543362487, testhost.dll, TestExecutionRecorder.RecordStart: Starting test: P7CreateRestApi.Tests.BidListControllerTests.CreateBid_ShouldReturnCreatedAtActionResult_WhenBidIsValid.
TpTrace Verbose: 0 : 19260, 16, 2024/07/03, 22:41:27.941, 355543371673, testhost.dll, MulticastDelegateUtilities.SafeInvoke: TestCaseEventsHandler.RaiseTestCaseStart: Invoking callback 1/1 for Microsoft.VisualStudio.TestPlatform.CrossPlatEngine.DataCollection.ProxyOutOfProcDataCollectionManager., took 0 ms.
TpTrace Verbose: 0 : 19260, 16, 2024/07/03, 22:41:27.941, 355543372662, testhost.dll, TestExecutionRecorder.RecordResult: Received result for test: P7CreateRestApi.Tests.CurveControllerTests.GetAllCurvePoints_ShouldReturnOk_WhenCurvePointsExist.
TpTrace Verbose: 0 : 19260, 16, 2024/07/03, 22:41:27.942, 355543383807, testhost.dll, MulticastDelegateUtilities.SafeInvoke: TestCaseEventsHandler.RaiseTestCaseEnd: Invoking callback 1/1 for Microsoft.VisualStudio.TestPlatform.CrossPlatEngine.DataCollection.ProxyOutOfProcDataCollectionManager., took 1 ms.
TpTrace Verbose: 0 : 19260, 16, 2024/07/03, 22:41:27.942, 355543384950, testhost.dll, MulticastDelegateUtilities.SafeInvoke: TestCaseEventsHandler.RaiseTestCaseEnd: Invoking callback 1/1 for Microsoft.VisualStudio.TestPlatform.CrossPlatEngine.DataCollection.ProxyOutOfProcDataCollectionManager., took 0 ms.
TpTrace Warning: 0 : 19260, 16, 2024/07/03, 22:41:27.942, 355543385513, testhost.dll, TestRunCache: No test found corresponding to testResult 'P7CreateRestApi.Tests.CurveControllerTests.GetAllCurvePoints_ShouldReturnOk_WhenCurvePointsExist' in inProgress list.
TpTrace Verbose: 0 : 19260, 16, 2024/07/03, 22:41:27.942, 355543386369, testhost.dll, TestExecutionRecorder.RecordEnd: test: P7CreateRestApi.Tests.CurveControllerTests.GetAllCurvePoints_ShouldReturnOk_WhenCurvePointsExist execution completed.
TpTrace Verbose: 0 : 19260, 16, 2024/07/03, 22:41:27.942, 355543386865, testhost.dll, TestExecutionRecorder.RecordStart: Starting test: P7CreateRestApi.Tests.CurveControllerTests.CreateCurvePoint_ShouldReturnCreated_WhenCurvePointIsValid.
TpTrace Verbose: 0 : 19260, 16, 2024/07/03, 22:41:27.943, 355543398365, testhost.dll, MulticastDelegateUtilities.SafeInvoke: TestCaseEventsHandler.RaiseTestCaseStart: Invoking callback 1/1 for Microsoft.VisualStudio.TestPlatform.CrossPlatEngine.DataCollection.ProxyOutOfProcDataCollectionManager., took 1 ms.
TpTrace Verbose: 0 : 19260, 16, 2024/07/03, 22:41:27.943, 355543399693, testhost.dll, TestExecutionRecorder.RecordResult: Received result for test: P7CreateRestApi.Tests.RatingControllerTests.DeleteRating_ShouldReturnNoContent_WhenDeleteIsSuccessful.
TpTrace Verbose: 0 : 19260, 16, 2024/07/03, 22:41:27.944, 355543410578, testhost.dll, MulticastDelegateUtilities.SafeInvoke: TestCaseEventsHandler.RaiseTestCaseEnd: Invoking callback 1/1 for Microsoft.VisualStudio.TestPlatform.CrossPlatEngine.DataCollection.ProxyOutOfProcDataCollectionManager., took 1 ms.
TpTrace Verbose: 0 : 19260, 16, 2024/07/03, 22:41:27.944, 355543411288, testhost.dll, MulticastDelegateUtilities.SafeInvoke: TestCaseEventsHandler.RaiseTestCaseEnd: Invoking callback 1/1 for Microsoft.VisualStudio.TestPlatform.CrossPlatEngine.DataCollection.ProxyOutOfProcDataCollectionManager., took 0 ms.
TpTrace Verbose: 0 : 19260, 16, 2024/07/03, 22:41:27.945, 355543412212, testhost.dll, TestExecutionRecorder.RecordEnd: test: P7CreateRestApi.Tests.RatingControllerTests.DeleteRating_ShouldReturnNoContent_WhenDeleteIsSuccessful execution completed.
TpTrace Verbose: 0 : 19260, 16, 2024/07/03, 22:41:27.945, 355543412671, testhost.dll, TestExecutionRecorder.RecordResult: Received result for test: P7CreateRestApi.Tests.RuleNameControllerTests.DeleteRuleName_ShouldReturnNoContent_WhenDeleteIsSuccessful.
TpTrace Verbose: 0 : 19260, 16, 2024/07/03, 22:41:27.946, 355543424691, testhost.dll, MulticastDelegateUtilities.SafeInvoke: TestCaseEventsHandler.RaiseTestCaseEnd: Invoking callback 1/1 for Microsoft.VisualStudio.TestPlatform.CrossPlatEngine.DataCollection.ProxyOutOfProcDataCollectionManager., took 1 ms.
TpTrace Verbose: 0 : 19260, 16, 2024/07/03, 22:41:27.946, 355543425622, testhost.dll, MulticastDelegateUtilities.SafeInvoke: TestCaseEventsHandler.RaiseTestCaseEnd: Invoking callback 1/1 for Microsoft.VisualStudio.TestPlatform.CrossPlatEngine.DataCollection.ProxyOutOfProcDataCollectionManager., took 0 ms.
TpTrace Warning: 0 : 19260, 16, 2024/07/03, 22:41:27.946, 355543425884, testhost.dll, TestRunCache: No test found corresponding to testResult 'P7CreateRestApi.Tests.RuleNameControllerTests.DeleteRuleName_ShouldReturnNoContent_WhenDeleteIsSuccessful' in inProgress list.
TpTrace Verbose: 0 : 19260, 16, 2024/07/03, 22:41:27.946, 355543426682, testhost.dll, TestExecutionRecorder.RecordEnd: test: P7CreateRestApi.Tests.RuleNameControllerTests.DeleteRuleName_ShouldReturnNoContent_WhenDeleteIsSuccessful execution completed.
TpTrace Verbose: 0 : 19260, 16, 2024/07/03, 22:41:27.946, 355543427680, testhost.dll, TestExecutionRecorder.RecordStart: Starting test: P7CreateRestApi.Tests.RatingControllerTests.CreateRating_ShouldReturnCreated_WhenRatingIsValid.
TpTrace Verbose: 0 : 19260, 16, 2024/07/03, 22:41:27.947, 355543438221, testhost.dll, MulticastDelegateUtilities.SafeInvoke: TestCaseEventsHandler.RaiseTestCaseStart: Invoking callback 1/1 for Microsoft.VisualStudio.TestPlatform.CrossPlatEngine.DataCollection.ProxyOutOfProcDataCollectionManager., took 1 ms.
TpTrace Verbose: 0 : 19260, 16, 2024/07/03, 22:41:27.947, 355543438796, testhost.dll, TestExecutionRecorder.RecordStart: Starting test: P7CreateRestApi.Tests.RuleNameControllerTests.CreateRuleName_ShouldReturnBadRequest_WhenRuleNameIsNull.
TpTrace Verbose: 0 : 19260, 16, 2024/07/03, 22:41:27.948, 355543449568, testhost.dll, MulticastDelegateUtilities.SafeInvoke: TestCaseEventsHandler.RaiseTestCaseStart: Invoking callback 1/1 for Microsoft.VisualStudio.TestPlatform.CrossPlatEngine.DataCollection.ProxyOutOfProcDataCollectionManager., took 1 ms.
TpTrace Verbose: 0 : 19260, 16, 2024/07/03, 22:41:27.948, 355543450938, testhost.dll, TestExecutionRecorder.RecordResult: Received result for test: P7CreateRestApi.Tests.RuleNameControllerTests.CreateRuleName_ShouldReturnBadRequest_WhenRuleNameIsNull.
TpTrace Verbose: 0 : 19260, 16, 2024/07/03, 22:41:27.949, 355543461591, testhost.dll, MulticastDelegateUtilities.SafeInvoke: TestCaseEventsHandler.RaiseTestCaseEnd: Invoking callback 1/1 for Microsoft.VisualStudio.TestPlatform.CrossPlatEngine.DataCollection.ProxyOutOfProcDataCollectionManager., took 1 ms.
TpTrace Verbose: 0 : 19260, 16, 2024/07/03, 22:41:27.950, 355543462190, testhost.dll, MulticastDelegateUtilities.SafeInvoke: TestCaseEventsHandler.RaiseTestCaseEnd: Invoking callback 1/1 for Microsoft.VisualStudio.TestPlatform.CrossPlatEngine.DataCollection.ProxyOutOfProcDataCollectionManager., took 0 ms.
TpTrace Verbose: 0 : 19260, 16, 2024/07/03, 22:41:27.950, 355543462677, testhost.dll, TestExecutionRecorder.RecordEnd: test: P7CreateRestApi.Tests.RuleNameControllerTests.CreateRuleName_ShouldReturnBadRequest_WhenRuleNameIsNull execution completed.
TpTrace Verbose: 0 : 19260, 16, 2024/07/03, 22:41:27.950, 355543463067, testhost.dll, TestExecutionRecorder.RecordStart: Starting test: P7CreateRestApi.Tests.RuleNameControllerTests.CreateRuleName_ShouldReturnCreated_WhenRuleNameIsValid.
TpTrace Information: 0 : 19260, 16, 2024/07/03, 22:41:27.950, 355543463656, testhost.dll, Sending test run statistics
TpTrace Verbose: 0 : 19260, 16, 2024/07/03, 22:41:27.950, 355543467792, testhost.dll, TestRequestHandler.SendData: sending data from testhost: {"Version":7,"MessageType":"TestExecution.StatsChange","Payload":{"NewTestResults":[{"TestCase":{"Id":"459fe1c8-27b8-b5f7-3589-e3fe594225b8","FullyQualifiedName":"P7CreateRestApi.Tests.RatingControllerTests.GetRatingById_ShouldReturnNotFound_WhenRatingDoesNotExist","DisplayName":"P7CreateRestApi.Tests.RatingControllerTests.GetRatingById_ShouldReturnNotFound_WhenRatingDoesNotExist","ExecutorUri":"executor://xunit/VsTestRunner2/netcoreapp","Source":"C:\\Users\\brandon.ku\\source\\repos\\OCProjet7_Findexium\\P7CreateRestApi.Tests\\bin\\Debug\\net8.0\\fine-code-coverage\\build-output\\P7CreateRestApi.Tests.dll","CodeFilePath":null,"LineNumber":0,"Properties":[]},"Attachments":[],"Outcome":1,"ErrorMessage":null,"ErrorStackTrace":null,"DisplayName":"P7CreateRestApi.Tests.RatingControllerTests.GetRatingById_ShouldReturnNotFound_WhenRatingDoesNotExist","Messages":[],"ComputerName":"PB22039","Duration":"00:00:00.0005509","StartTime":"2024-07-03T20:41:27.9355531+00:00","EndTime":"2024-07-03T20:41:27.9355531+00:00","Properties":[]},{"TestCase":{"Id":"baa7d328-c5e1-9359-c854-92e8c2cdb70d","FullyQualifiedName":"P7CreateRestApi.Tests.BidListControllerTests.DeleteBid_ShouldReturnNotFound_WhenBidDoesNotExist","DisplayName":"P7CreateRestApi.Tests.BidListControllerTests.DeleteBid_ShouldReturnNotFound_WhenBidDoesNotExist","ExecutorUri":"executor://xunit/VsTestRunner2/netcoreapp","Source":"C:\\Users\\brandon.ku\\source\\repos\\OCProjet7_Findexium\\P7CreateRestApi.Tests\\bin\\Debug\\net8.0\\fine-code-coverage\\build-output\\P7CreateRestApi.Tests.dll","CodeFilePath":null,"LineNumber":0,"Properties":[]},"Attachments":[],"Outcome":1,"ErrorMessage":null,"ErrorStackTrace":null,"DisplayName":"P7CreateRestApi.Tests.BidListControllerTests.DeleteBid_ShouldReturnNotFound_WhenBidDoesNotExist","Messages":[],"ComputerName":"PB22039","Duration":"00:00:00.0008095","StartTime":"2024-07-03T20:41:27.9387232+00:00","EndTime":"2024-07-03T20:41:27.938734+00:00","Properties":[]},{"TestCase":{"Id":"f92623e0-a1d8-9f96-fb61-fcd8650227c0","FullyQualifiedName":"P7CreateRestApi.Tests.CurveControllerTests.GetAllCurvePoints_ShouldReturnOk_WhenCurvePointsExist","DisplayName":"P7CreateRestApi.Tests.CurveControllerTests.GetAllCurvePoints_ShouldReturnOk_WhenCurvePointsExist","ExecutorUri":"executor://xunit/VsTestRunner2/netcoreapp","Source":"C:\\Users\\brandon.ku\\source\\repos\\OCProjet7_Findexium\\P7CreateRestApi.Tests\\bin\\Debug\\net8.0\\fine-code-coverage\\build-output\\P7CreateRestApi.Tests.dll","CodeFilePath":null,"LineNumber":0,"Properties":[]},"Attachments":[],"Outcome":1,"ErrorMessage":null,"ErrorStackTrace":null,"DisplayName":"P7CreateRestApi.Tests.CurveControllerTests.GetAllCurvePoints_ShouldReturnOk_WhenCurvePointsExist","Messages":[],"ComputerName":"PB22039","Duration":"00:00:00.0028914","StartTime":"2024-07-03T20:41:27.941098+00:00","EndTime":"2024-07-03T20:41:27.9410981+00:00","Properties":[]},{"TestCase":{"Id":"4f0b5aa7-f6b1-2b3e-929f-3ed705be73d2","FullyQualifiedName":"P7CreateRestApi.Tests.RatingControllerTests.DeleteRating_ShouldReturnNoContent_WhenDeleteIsSuccessful","DisplayName":"P7CreateRestApi.Tests.RatingControllerTests.DeleteRating_ShouldReturnNoContent_WhenDeleteIsSuccessful","ExecutorUri":"executor://xunit/VsTestRunner2/netcoreapp","Source":"C:\\Users\\brandon.ku\\source\\repos\\OCProjet7_Findexium\\P7CreateRestApi.Tests\\bin\\Debug\\net8.0\\fine-code-coverage\\build-output\\P7CreateRestApi.Tests.dll","CodeFilePath":null,"LineNumber":0,"Properties":[]},"Attachments":[],"Outcome":1,"ErrorMessage":null,"ErrorStackTrace":null,"DisplayName":"P7CreateRestApi.Tests.RatingControllerTests.DeleteRating_ShouldReturnNoContent_WhenDeleteIsSuccessful","Messages":[],"ComputerName":"PB22039","Duration":"00:00:00.0024411","StartTime":"2024-07-03T20:41:27.9438009+00:00","EndTime":"2024-07-03T20:41:27.943801+00:00","Properties":[]},{"TestCase":{"Id":"2572f979-391c-17b1-267a-2f6b905da488","FullyQualifiedName":"P7CreateRestApi.Tests.RuleNameControllerTests.DeleteRuleName_ShouldReturnNoContent_WhenDeleteIsSuccessful","DisplayName":"P7CreateRestApi.Tests.RuleNameControllerTests.DeleteRuleName_ShouldReturnNoContent_WhenDeleteIsSuccessful","ExecutorUri":"executor://xunit/VsTestRunner2/netcoreapp","Source":"C:\\Users\\brandon.ku\\source\\repos\\OCProjet7_Findexium\\P7CreateRestApi.Tests\\bin\\Debug\\net8.0\\fine-code-coverage\\build-output\\P7CreateRestApi.Tests.dll","CodeFilePath":null,"LineNumber":0,"Properties":[]},"Attachments":[],"Outcome":1,"ErrorMessage":null,"ErrorStackTrace":null,"DisplayName":"P7CreateRestApi.Tests.RuleNameControllerTests.DeleteRuleName_ShouldReturnNoContent_WhenDeleteIsSuccessful","Messages":[],"ComputerName":"PB22039","Duration":"00:00:00.0026244","StartTime":"2024-07-03T20:41:27.9451006+00:00","EndTime":"2024-07-03T20:41:27.9451006+00:00","Properties":[]},{"TestCase":{"Id":"417195a2-abd5-823e-dddb-78aaab2e69cc","FullyQualifiedName":"P7CreateRestApi.Tests.RuleNameControllerTests.CreateRuleName_ShouldReturnBadRequest_WhenRuleNameIsNull","DisplayName":"P7CreateRestApi.Tests.RuleNameControllerTests.CreateRuleName_ShouldReturnBadRequest_WhenRuleNameIsNull","ExecutorUri":"executor://xunit/VsTestRunner2/netcoreapp","Source":"C:\\Users\\brandon.ku\\source\\repos\\OCProjet7_Findexium\\P7CreateRestApi.Tests\\bin\\Debug\\net8.0\\fine-code-coverage\\build-output\\P7CreateRestApi.Tests.dll","CodeFilePath":null,"LineNumber":0,"Properties":[]},"Attachments":[],"Outcome":1,"ErrorMessage":null,"ErrorStackTrace":null,"DisplayName":"P7CreateRestApi.Tests.RuleNameControllerTests.CreateRuleName_ShouldReturnBadRequest_WhenRuleNameIsNull","Messages":[],"ComputerName":"PB22039","Duration":"00:00:00.0004498","StartTime":"2024-07-03T20:41:27.948927+00:00","EndTime":"2024-07-03T20:41:27.9489271+00:00","Properties":[]}],"TestRunStatistics":{"ExecutedTests":18,"Stats":{"Passed":18}},"ActiveTests":[{"Id":"4bc50b7e-0b61-f118-5932-06c21b0d7c49","FullyQualifiedName":"P7CreateRestApi.Tests.BidListControllerTests.CreateBid_ShouldReturnCreatedAtActionResult_WhenBidIsValid","DisplayName":"P7CreateRestApi.Tests.BidListControllerTests.CreateBid_ShouldReturnCreatedAtActionResult_WhenBidIsValid","ExecutorUri":"executor://xunit/VsTestRunner2/netcoreapp","Source":"C:\\Users\\brandon.ku\\source\\repos\\OCProjet7_Findexium\\P7CreateRestApi.Tests\\bin\\Debug\\net8.0\\fine-code-coverage\\build-output\\P7CreateRestApi.Tests.dll","CodeFilePath":null,"LineNumber":0,"Properties":[]},{"Id":"a1ca303c-dbfe-01e3-445a-b2746f60d716","FullyQualifiedName":"P7CreateRestApi.Tests.CurveControllerTests.CreateCurvePoint_ShouldReturnCreated_WhenCurvePointIsValid","DisplayName":"P7CreateRestApi.Tests.CurveControllerTests.CreateCurvePoint_ShouldReturnCreated_WhenCurvePointIsValid","ExecutorUri":"executor://xunit/VsTestRunner2/netcoreapp","Source":"C:\\Users\\brandon.ku\\source\\repos\\OCProjet7_Findexium\\P7CreateRestApi.Tests\\bin\\Debug\\net8.0\\fine-code-coverage\\build-output\\P7CreateRestApi.Tests.dll","CodeFilePath":null,"LineNumber":0,"Properties":[]},{"Id":"f88fe1f4-d2d9-c6bc-c591-58b79ced9cbd","FullyQualifiedName":"P7CreateRestApi.Tests.RatingControllerTests.CreateRating_ShouldReturnCreated_WhenRatingIsValid","DisplayName":"P7CreateRestApi.Tests.RatingControllerTests.CreateRating_ShouldReturnCreated_WhenRatingIsValid","ExecutorUri":"executor://xunit/VsTestRunner2/netcoreapp","Source":"C:\\Users\\brandon.ku\\source\\repos\\OCProjet7_Findexium\\P7CreateRestApi.Tests\\bin\\Debug\\net8.0\\fine-code-coverage\\build-output\\P7CreateRestApi.Tests.dll","CodeFilePath":null,"LineNumber":0,"Properties":[]},{"Id":"1e146ca5-9051-6cdd-879f-8b69d0ec552a","FullyQualifiedName":"P7CreateRestApi.Tests.RuleNameControllerTests.CreateRuleName_ShouldReturnCreated_WhenRuleNameIsValid","DisplayName":"P7CreateRestApi.Tests.RuleNameControllerTests.CreateRuleName_ShouldReturnCreated_WhenRuleNameIsValid","ExecutorUri":"executor://xunit/VsTestRunner2/netcoreapp","Source":"C:\\Users\\brandon.ku\\source\\repos\\OCProjet7_Findexium\\P7CreateRestApi.Tests\\bin\\Debug\\net8.0\\fine-code-coverage\\build-output\\P7CreateRestApi.Tests.dll","CodeFilePath":null,"LineNumber":0,"Properties":[]}]}}
TpTrace Verbose: 0 : 19260, 16, 2024/07/03, 22:41:27.950, 355543469636, testhost.dll, TestRunCache: OnNewTestResult: Notified the onCacheHit callback.
TpTrace Verbose: 0 : 19260, 16, 2024/07/03, 22:41:27.951, 355543478711, testhost.dll, MulticastDelegateUtilities.SafeInvoke: TestCaseEventsHandler.RaiseTestCaseStart: Invoking callback 1/1 for Microsoft.VisualStudio.TestPlatform.CrossPlatEngine.DataCollection.ProxyOutOfProcDataCollectionManager., took 0 ms.
TpTrace Verbose: 0 : 19260, 16, 2024/07/03, 22:41:27.951, 355543480197, testhost.dll, TestExecutionRecorder.RecordResult: Received result for test: P7CreateRestApi.Tests.RuleNameControllerTests.CreateRuleName_ShouldReturnCreated_WhenRuleNameIsValid.
TpTrace Verbose: 0 : 19260, 16, 2024/07/03, 22:41:27.952, 355543488914, testhost.dll, MulticastDelegateUtilities.SafeInvoke: TestCaseEventsHandler.RaiseTestCaseEnd: Invoking callback 1/1 for Microsoft.VisualStudio.TestPlatform.CrossPlatEngine.DataCollection.ProxyOutOfProcDataCollectionManager., took 0 ms.
TpTrace Verbose: 0 : 19260, 16, 2024/07/03, 22:41:27.952, 355543489649, testhost.dll, MulticastDelegateUtilities.SafeInvoke: TestCaseEventsHandler.RaiseTestCaseEnd: Invoking callback 1/1 for Microsoft.VisualStudio.TestPlatform.CrossPlatEngine.DataCollection.ProxyOutOfProcDataCollectionManager., took 0 ms.
TpTrace Warning: 0 : 19260, 16, 2024/07/03, 22:41:27.952, 355543489871, testhost.dll, TestRunCache: InProgressTests is null
TpTrace Warning: 0 : 19260, 16, 2024/07/03, 22:41:27.952, 355543490118, testhost.dll, TestRunCache: No test found corresponding to testResult 'P7CreateRestApi.Tests.RuleNameControllerTests.CreateRuleName_ShouldReturnCreated_WhenRuleNameIsValid' in inProgress list.
TpTrace Verbose: 0 : 19260, 16, 2024/07/03, 22:41:27.952, 355543490562, testhost.dll, TestExecutionRecorder.RecordEnd: test: P7CreateRestApi.Tests.RuleNameControllerTests.CreateRuleName_ShouldReturnCreated_WhenRuleNameIsValid execution completed.
TpTrace Warning: 0 : 19260, 16, 2024/07/03, 22:41:27.952, 355543490713, testhost.dll, TestRunCache: InProgressTests is null
TpTrace Verbose: 0 : 19260, 16, 2024/07/03, 22:41:27.952, 355543490991, testhost.dll, TestExecutionRecorder.RecordResult: Received result for test: P7CreateRestApi.Tests.RatingControllerTests.CreateRating_ShouldReturnCreated_WhenRatingIsValid.
TpTrace Verbose: 0 : 19260, 16, 2024/07/03, 22:41:27.953, 355543501076, testhost.dll, MulticastDelegateUtilities.SafeInvoke: TestCaseEventsHandler.RaiseTestCaseEnd: Invoking callback 1/1 for Microsoft.VisualStudio.TestPlatform.CrossPlatEngine.DataCollection.ProxyOutOfProcDataCollectionManager., took 0 ms.
TpTrace Verbose: 0 : 19260, 16, 2024/07/03, 22:41:27.954, 355543502075, testhost.dll, MulticastDelegateUtilities.SafeInvoke: TestCaseEventsHandler.RaiseTestCaseEnd: Invoking callback 1/1 for Microsoft.VisualStudio.TestPlatform.CrossPlatEngine.DataCollection.ProxyOutOfProcDataCollectionManager., took 0 ms.
TpTrace Warning: 0 : 19260, 16, 2024/07/03, 22:41:27.954, 355543502404, testhost.dll, TestRunCache: InProgressTests is null
TpTrace Warning: 0 : 19260, 16, 2024/07/03, 22:41:27.954, 355543502897, testhost.dll, TestRunCache: No test found corresponding to testResult 'P7CreateRestApi.Tests.RatingControllerTests.CreateRating_ShouldReturnCreated_WhenRatingIsValid' in inProgress list.
TpTrace Verbose: 0 : 19260, 16, 2024/07/03, 22:41:27.954, 355543503404, testhost.dll, TestExecutionRecorder.RecordStart: Starting test: P7CreateRestApi.Tests.RuleNameControllerTests.UpdateRuleName_ShouldReturnOk_WhenUpdateIsSuccessful.
TpTrace Verbose: 0 : 19260, 16, 2024/07/03, 22:41:27.955, 355543513396, testhost.dll, MulticastDelegateUtilities.SafeInvoke: TestCaseEventsHandler.RaiseTestCaseStart: Invoking callback 1/1 for Microsoft.VisualStudio.TestPlatform.CrossPlatEngine.DataCollection.ProxyOutOfProcDataCollectionManager., took 0 ms.
TpTrace Verbose: 0 : 19260, 16, 2024/07/03, 22:41:27.955, 355543514503, testhost.dll, TestExecutionRecorder.RecordEnd: test: P7CreateRestApi.Tests.RatingControllerTests.CreateRating_ShouldReturnCreated_WhenRatingIsValid execution completed.
TpTrace Verbose: 0 : 19260, 16, 2024/07/03, 22:41:27.955, 355543515178, testhost.dll, TestExecutionRecorder.RecordStart: Starting test: P7CreateRestApi.Tests.RatingControllerTests.UpdateRating_ShouldReturnInternalServerError_WhenExceptionIsThrown.
TpTrace Verbose: 0 : 19260, 16, 2024/07/03, 22:41:27.960, 355543569092, testhost.dll, MulticastDelegateUtilities.SafeInvoke: TestCaseEventsHandler.RaiseTestCaseStart: Invoking callback 1/1 for Microsoft.VisualStudio.TestPlatform.CrossPlatEngine.DataCollection.ProxyOutOfProcDataCollectionManager., took 5 ms.
TpTrace Verbose: 0 : 19260, 16, 2024/07/03, 22:41:27.960, 355543570536, testhost.dll, TestExecutionRecorder.RecordResult: Received result for test: P7CreateRestApi.Tests.CurveControllerTests.CreateCurvePoint_ShouldReturnCreated_WhenCurvePointIsValid.
TpTrace Verbose: 0 : 19260, 16, 2024/07/03, 22:41:27.962, 355543582606, testhost.dll, MulticastDelegateUtilities.SafeInvoke: TestCaseEventsHandler.RaiseTestCaseEnd: Invoking callback 1/1 for Microsoft.VisualStudio.TestPlatform.CrossPlatEngine.DataCollection.ProxyOutOfProcDataCollectionManager., took 1 ms.
TpTrace Verbose: 0 : 19260, 16, 2024/07/03, 22:41:27.962, 355543583699, testhost.dll, MulticastDelegateUtilities.SafeInvoke: TestCaseEventsHandler.RaiseTestCaseEnd: Invoking callback 1/1 for Microsoft.VisualStudio.TestPlatform.CrossPlatEngine.DataCollection.ProxyOutOfProcDataCollectionManager., took 0 ms.
TpTrace Warning: 0 : 19260, 16, 2024/07/03, 22:41:27.962, 355543583965, testhost.dll, TestRunCache: No test found corresponding to testResult 'P7CreateRestApi.Tests.CurveControllerTests.CreateCurvePoint_ShouldReturnCreated_WhenCurvePointIsValid' in inProgress list.
TpTrace Verbose: 0 : 19260, 16, 2024/07/03, 22:41:27.962, 355543584346, testhost.dll, TestExecutionRecorder.RecordEnd: test: P7CreateRestApi.Tests.CurveControllerTests.CreateCurvePoint_ShouldReturnCreated_WhenCurvePointIsValid execution completed.
TpTrace Verbose: 0 : 19260, 16, 2024/07/03, 22:41:27.962, 355543584573, testhost.dll, TestExecutionRecorder.RecordStart: Starting test: P7CreateRestApi.Tests.CurveControllerTests.GetAllCurvePoints_ShouldReturnInternalServerError_WhenExceptionIsThrown.
TpTrace Verbose: 0 : 19260, 16, 2024/07/03, 22:41:27.963, 355543592281, testhost.dll, MulticastDelegateUtilities.SafeInvoke: TestCaseEventsHandler.RaiseTestCaseStart: Invoking callback 1/1 for Microsoft.VisualStudio.TestPlatform.CrossPlatEngine.DataCollection.ProxyOutOfProcDataCollectionManager., took 0 ms.
TpTrace Verbose: 0 : 19260, 16, 2024/07/03, 22:41:27.963, 355543593512, testhost.dll, TestExecutionRecorder.RecordResult: Received result for test: P7CreateRestApi.Tests.BidListControllerTests.CreateBid_ShouldReturnCreatedAtActionResult_WhenBidIsValid.
TpTrace Verbose: 0 : 19260, 16, 2024/07/03, 22:41:27.964, 355543601727, testhost.dll, MulticastDelegateUtilities.SafeInvoke: TestCaseEventsHandler.RaiseTestCaseEnd: Invoking callback 1/1 for Microsoft.VisualStudio.TestPlatform.CrossPlatEngine.DataCollection.ProxyOutOfProcDataCollectionManager., took 0 ms.
TpTrace Verbose: 0 : 19260, 16, 2024/07/03, 22:41:27.964, 355543602595, testhost.dll, MulticastDelegateUtilities.SafeInvoke: TestCaseEventsHandler.RaiseTestCaseEnd: Invoking callback 1/1 for Microsoft.VisualStudio.TestPlatform.CrossPlatEngine.DataCollection.ProxyOutOfProcDataCollectionManager., took 0 ms.
TpTrace Warning: 0 : 19260, 16, 2024/07/03, 22:41:27.964, 355543602842, testhost.dll, TestRunCache: No test found corresponding to testResult 'P7CreateRestApi.Tests.BidListControllerTests.CreateBid_ShouldReturnCreatedAtActionResult_WhenBidIsValid' in inProgress list.
TpTrace Verbose: 0 : 19260, 16, 2024/07/03, 22:41:27.964, 355543603102, testhost.dll, TestExecutionRecorder.RecordEnd: test: P7CreateRestApi.Tests.BidListControllerTests.CreateBid_ShouldReturnCreatedAtActionResult_WhenBidIsValid execution completed.
TpTrace Verbose: 0 : 19260, 16, 2024/07/03, 22:41:27.964, 355543603332, testhost.dll, TestExecutionRecorder.RecordStart: Starting test: P7CreateRestApi.Tests.BidListControllerTests.UpdateBid_ShouldReturnNoContent_WhenBidIsValid.
TpTrace Verbose: 0 : 19260, 16, 2024/07/03, 22:41:27.964, 355543609976, testhost.dll, MulticastDelegateUtilities.SafeInvoke: TestCaseEventsHandler.RaiseTestCaseStart: Invoking callback 1/1 for Microsoft.VisualStudio.TestPlatform.CrossPlatEngine.DataCollection.ProxyOutOfProcDataCollectionManager., took 0 ms.
TpTrace Verbose: 0 : 19260, 16, 2024/07/03, 22:41:27.964, 355543610659, testhost.dll, TestExecutionRecorder.RecordResult: Received result for test: P7CreateRestApi.Tests.CurveControllerTests.GetAllCurvePoints_ShouldReturnInternalServerError_WhenExceptionIsThrown.
TpTrace Verbose: 0 : 19260, 16, 2024/07/03, 22:41:27.965, 355543619795, testhost.dll, MulticastDelegateUtilities.SafeInvoke: TestCaseEventsHandler.RaiseTestCaseEnd: Invoking callback 1/1 for Microsoft.VisualStudio.TestPlatform.CrossPlatEngine.DataCollection.ProxyOutOfProcDataCollectionManager., took 0 ms.
TpTrace Verbose: 0 : 19260, 16, 2024/07/03, 22:41:27.965, 355543620697, testhost.dll, MulticastDelegateUtilities.SafeInvoke: TestCaseEventsHandler.RaiseTestCaseEnd: Invoking callback 1/1 for Microsoft.VisualStudio.TestPlatform.CrossPlatEngine.DataCollection.ProxyOutOfProcDataCollectionManager., took 0 ms.
TpTrace Verbose: 0 : 19260, 16, 2024/07/03, 22:41:27.965, 355543621015, testhost.dll, TestExecutionRecorder.RecordEnd: test: P7CreateRestApi.Tests.CurveControllerTests.GetAllCurvePoints_ShouldReturnInternalServerError_WhenExceptionIsThrown execution completed.
TpTrace Verbose: 0 : 19260, 16, 2024/07/03, 22:41:27.965, 355543621590, testhost.dll, TestExecutionRecorder.RecordStart: Starting test: P7CreateRestApi.Tests.CurveControllerTests.CreateCurvePoint_ShouldReturnBadRequest_WhenCurvePointIsNull.
TpTrace Verbose: 0 : 19260, 16, 2024/07/03, 22:41:27.966, 355543629502, testhost.dll, MulticastDelegateUtilities.SafeInvoke: TestCaseEventsHandler.RaiseTestCaseStart: Invoking callback 1/1 for Microsoft.VisualStudio.TestPlatform.CrossPlatEngine.DataCollection.ProxyOutOfProcDataCollectionManager., took 0 ms.
TpTrace Verbose: 0 : 19260, 16, 2024/07/03, 22:41:27.966, 355543630477, testhost.dll, TestExecutionRecorder.RecordResult: Received result for test: P7CreateRestApi.Tests.RatingControllerTests.UpdateRating_ShouldReturnInternalServerError_WhenExceptionIsThrown.
TpTrace Verbose: 0 : 19260, 16, 2024/07/03, 22:41:27.967, 355543638287, testhost.dll, MulticastDelegateUtilities.SafeInvoke: TestCaseEventsHandler.RaiseTestCaseEnd: Invoking callback 1/1 for Microsoft.VisualStudio.TestPlatform.CrossPlatEngine.DataCollection.ProxyOutOfProcDataCollectionManager., took 0 ms.
TpTrace Verbose: 0 : 19260, 16, 2024/07/03, 22:41:27.967, 355543638741, testhost.dll, MulticastDelegateUtilities.SafeInvoke: TestCaseEventsHandler.RaiseTestCaseEnd: Invoking callback 1/1 for Microsoft.VisualStudio.TestPlatform.CrossPlatEngine.DataCollection.ProxyOutOfProcDataCollectionManager., took 0 ms.
TpTrace Verbose: 0 : 19260, 16, 2024/07/03, 22:41:27.967, 355543639044, testhost.dll, TestExecutionRecorder.RecordEnd: test: P7CreateRestApi.Tests.RatingControllerTests.UpdateRating_ShouldReturnInternalServerError_WhenExceptionIsThrown execution completed.
TpTrace Verbose: 0 : 19260, 16, 2024/07/03, 22:41:27.967, 355543639272, testhost.dll, TestExecutionRecorder.RecordStart: Starting test: P7CreateRestApi.Tests.RatingControllerTests.DeleteRating_ShouldReturnNotFound_WhenRatingDoesNotExist.
TpTrace Information: 0 : 19260, 16, 2024/07/03, 22:41:27.967, 355543639437, testhost.dll, Sending test run statistics
TpTrace Verbose: 0 : 19260, 16, 2024/07/03, 22:41:27.968, 355543641930, testhost.dll, TestRequestHandler.SendData: sending data from testhost: {"Version":7,"MessageType":"TestExecution.StatsChange","Payload":{"NewTestResults":[{"TestCase":{"Id":"1e146ca5-9051-6cdd-879f-8b69d0ec552a","FullyQualifiedName":"P7CreateRestApi.Tests.RuleNameControllerTests.CreateRuleName_ShouldReturnCreated_WhenRuleNameIsValid","DisplayName":"P7CreateRestApi.Tests.RuleNameControllerTests.CreateRuleName_ShouldReturnCreated_WhenRuleNameIsValid","ExecutorUri":"executor://xunit/VsTestRunner2/netcoreapp","Source":"C:\\Users\\brandon.ku\\source\\repos\\OCProjet7_Findexium\\P7CreateRestApi.Tests\\bin\\Debug\\net8.0\\fine-code-coverage\\build-output\\P7CreateRestApi.Tests.dll","CodeFilePath":null,"LineNumber":0,"Properties":[]},"Attachments":[],"Outcome":1,"ErrorMessage":null,"ErrorStackTrace":null,"DisplayName":"P7CreateRestApi.Tests.RuleNameControllerTests.CreateRuleName_ShouldReturnCreated_WhenRuleNameIsValid","Messages":[],"ComputerName":"PB22039","Duration":"00:00:00.0043092","StartTime":"2024-07-03T20:41:27.9518149+00:00","EndTime":"2024-07-03T20:41:27.951815+00:00","Properties":[]},{"TestCase":{"Id":"f88fe1f4-d2d9-c6bc-c591-58b79ced9cbd","FullyQualifiedName":"P7CreateRestApi.Tests.RatingControllerTests.CreateRating_ShouldReturnCreated_WhenRatingIsValid","DisplayName":"P7CreateRestApi.Tests.RatingControllerTests.CreateRating_ShouldReturnCreated_WhenRatingIsValid","ExecutorUri":"executor://xunit/VsTestRunner2/netcoreapp","Source":"C:\\Users\\brandon.ku\\source\\repos\\OCProjet7_Findexium\\P7CreateRestApi.Tests\\bin\\Debug\\net8.0\\fine-code-coverage\\build-output\\P7CreateRestApi.Tests.dll","CodeFilePath":null,"LineNumber":0,"Properties":[]},"Attachments":[],"Outcome":1,"ErrorMessage":null,"ErrorStackTrace":null,"DisplayName":"P7CreateRestApi.Tests.RatingControllerTests.CreateRating_ShouldReturnCreated_WhenRatingIsValid","Messages":[],"ComputerName":"PB22039","Duration":"00:00:00.0048256","StartTime":"2024-07-03T20:41:27.9529338+00:00","EndTime":"2024-07-03T20:41:27.9529339+00:00","Properties":[]},{"TestCase":{"Id":"a1ca303c-dbfe-01e3-445a-b2746f60d716","FullyQualifiedName":"P7CreateRestApi.Tests.CurveControllerTests.CreateCurvePoint_ShouldReturnCreated_WhenCurvePointIsValid","DisplayName":"P7CreateRestApi.Tests.CurveControllerTests.CreateCurvePoint_ShouldReturnCreated_WhenCurvePointIsValid","ExecutorUri":"executor://xunit/VsTestRunner2/netcoreapp","Source":"C:\\Users\\brandon.ku\\source\\repos\\OCProjet7_Findexium\\P7CreateRestApi.Tests\\bin\\Debug\\net8.0\\fine-code-coverage\\build-output\\P7CreateRestApi.Tests.dll","CodeFilePath":null,"LineNumber":0,"Properties":[]},"Attachments":[],"Outcome":1,"ErrorMessage":null,"ErrorStackTrace":null,"DisplayName":"P7CreateRestApi.Tests.CurveControllerTests.CreateCurvePoint_ShouldReturnCreated_WhenCurvePointIsValid","Messages":[],"ComputerName":"PB22039","Duration":"00:00:00.0051633","StartTime":"2024-07-03T20:41:27.9608814+00:00","EndTime":"2024-07-03T20:41:27.9608816+00:00","Properties":[]},{"TestCase":{"Id":"4bc50b7e-0b61-f118-5932-06c21b0d7c49","FullyQualifiedName":"P7CreateRestApi.Tests.BidListControllerTests.CreateBid_ShouldReturnCreatedAtActionResult_WhenBidIsValid","DisplayName":"P7CreateRestApi.Tests.BidListControllerTests.CreateBid_ShouldReturnCreatedAtActionResult_WhenBidIsValid","ExecutorUri":"executor://xunit/VsTestRunner2/netcoreapp","Source":"C:\\Users\\brandon.ku\\source\\repos\\OCProjet7_Findexium\\P7CreateRestApi.Tests\\bin\\Debug\\net8.0\\fine-code-coverage\\build-output\\P7CreateRestApi.Tests.dll","CodeFilePath":null,"LineNumber":0,"Properties":[]},"Attachments":[],"Outcome":1,"ErrorMessage":null,"ErrorStackTrace":null,"DisplayName":"P7CreateRestApi.Tests.BidListControllerTests.CreateBid_ShouldReturnCreatedAtActionResult_WhenBidIsValid","Messages":[],"ComputerName":"PB22039","Duration":"00:00:00.0074633","StartTime":"2024-07-03T20:41:27.9631839+00:00","EndTime":"2024-07-03T20:41:27.963184+00:00","Properties":[]},{"TestCase":{"Id":"a342305e-36ac-e63f-90b5-ccd74c773abb","FullyQualifiedName":"P7CreateRestApi.Tests.CurveControllerTests.GetAllCurvePoints_ShouldReturnInternalServerError_WhenExceptionIsThrown","DisplayName":"P7CreateRestApi.Tests.CurveControllerTests.GetAllCurvePoints_ShouldReturnInternalServerError_WhenExceptionIsThrown","ExecutorUri":"executor://xunit/VsTestRunner2/netcoreapp","Source":"C:\\Users\\brandon.ku\\source\\repos\\OCProjet7_Findexium\\P7CreateRestApi.Tests\\bin\\Debug\\net8.0\\fine-code-coverage\\build-output\\P7CreateRestApi.Tests.dll","CodeFilePath":null,"LineNumber":0,"Properties":[]},"Attachments":[],"Outcome":1,"ErrorMessage":null,"ErrorStackTrace":null,"DisplayName":"P7CreateRestApi.Tests.CurveControllerTests.GetAllCurvePoints_ShouldReturnInternalServerError_WhenExceptionIsThrown","Messages":[],"ComputerName":"PB22039","Duration":"00:00:00.0007465","StartTime":"2024-07-03T20:41:27.9649005+00:00","EndTime":"2024-07-03T20:41:27.9649006+00:00","Properties":[]},{"TestCase":{"Id":"60dcd57a-6ee1-2569-cfd0-cc7bb42e0cd8","FullyQualifiedName":"P7CreateRestApi.Tests.RatingControllerTests.UpdateRating_ShouldReturnInternalServerError_WhenExceptionIsThrown","DisplayName":"P7CreateRestApi.Tests.RatingControllerTests.UpdateRating_ShouldReturnInternalServerError_WhenExceptionIsThrown","ExecutorUri":"executor://xunit/VsTestRunner2/netcoreapp","Source":"C:\\Users\\brandon.ku\\source\\repos\\OCProjet7_Findexium\\P7CreateRestApi.Tests\\bin\\Debug\\net8.0\\fine-code-coverage\\build-output\\P7CreateRestApi.Tests.dll","CodeFilePath":null,"LineNumber":0,"Properties":[]},"Attachments":[],"Outcome":1,"ErrorMessage":null,"ErrorStackTrace":null,"DisplayName":"P7CreateRestApi.Tests.RatingControllerTests.UpdateRating_ShouldReturnInternalServerError_WhenExceptionIsThrown","Messages":[],"ComputerName":"PB22039","Duration":"00:00:00.0012796","StartTime":"2024-07-03T20:41:27.9668829+00:00","EndTime":"2024-07-03T20:41:27.9668829+00:00","Properties":[]}],"TestRunStatistics":{"ExecutedTests":24,"Stats":{"Passed":24}},"ActiveTests":[{"Id":"98eb1b57-80d0-fe3f-19dd-c662eb2e09d4","FullyQualifiedName":"P7CreateRestApi.Tests.RuleNameControllerTests.UpdateRuleName_ShouldReturnOk_WhenUpdateIsSuccessful","DisplayName":"P7CreateRestApi.Tests.RuleNameControllerTests.UpdateRuleName_ShouldReturnOk_WhenUpdateIsSuccessful","ExecutorUri":"executor://xunit/VsTestRunner2/netcoreapp","Source":"C:\\Users\\brandon.ku\\source\\repos\\OCProjet7_Findexium\\P7CreateRestApi.Tests\\bin\\Debug\\net8.0\\fine-code-coverage\\build-output\\P7CreateRestApi.Tests.dll","CodeFilePath":null,"LineNumber":0,"Properties":[]},{"Id":"12c6e959-9a79-5ab3-cd1c-736fd703afae","FullyQualifiedName":"P7CreateRestApi.Tests.BidListControllerTests.UpdateBid_ShouldReturnNoContent_WhenBidIsValid","DisplayName":"P7CreateRestApi.Tests.BidListControllerTests.UpdateBid_ShouldReturnNoContent_WhenBidIsValid","ExecutorUri":"executor://xunit/VsTestRunner2/netcoreapp","Source":"C:\\Users\\brandon.ku\\source\\repos\\OCProjet7_Findexium\\P7CreateRestApi.Tests\\bin\\Debug\\net8.0\\fine-code-coverage\\build-output\\P7CreateRestApi.Tests.dll","CodeFilePath":null,"LineNumber":0,"Properties":[]},{"Id":"8954d1d3-1f9b-4e6e-b610-98a33f188d0c","FullyQualifiedName":"P7CreateRestApi.Tests.CurveControllerTests.CreateCurvePoint_ShouldReturnBadRequest_WhenCurvePointIsNull","DisplayName":"P7CreateRestApi.Tests.CurveControllerTests.CreateCurvePoint_ShouldReturnBadRequest_WhenCurvePointIsNull","ExecutorUri":"executor://xunit/VsTestRunner2/netcoreapp","Source":"C:\\Users\\brandon.ku\\source\\repos\\OCProjet7_Findexium\\P7CreateRestApi.Tests\\bin\\Debug\\net8.0\\fine-code-coverage\\build-output\\P7CreateRestApi.Tests.dll","CodeFilePath":null,"LineNumber":0,"Properties":[]},{"Id":"8671fad5-a89c-9249-5bcb-1e185b89ade7","FullyQualifiedName":"P7CreateRestApi.Tests.RatingControllerTests.DeleteRating_ShouldReturnNotFound_WhenRatingDoesNotExist","DisplayName":"P7CreateRestApi.Tests.RatingControllerTests.DeleteRating_ShouldReturnNotFound_WhenRatingDoesNotExist","ExecutorUri":"executor://xunit/VsTestRunner2/netcoreapp","Source":"C:\\Users\\brandon.ku\\source\\repos\\OCProjet7_Findexium\\P7CreateRestApi.Tests\\bin\\Debug\\net8.0\\fine-code-coverage\\build-output\\P7CreateRestApi.Tests.dll","CodeFilePath":null,"LineNumber":0,"Properties":[]}]}}
TpTrace Verbose: 0 : 19260, 16, 2024/07/03, 22:41:27.968, 355543644091, testhost.dll, TestRunCache: OnNewTestResult: Notified the onCacheHit callback.
TpTrace Verbose: 0 : 19260, 16, 2024/07/03, 22:41:27.968, 355543650349, testhost.dll, MulticastDelegateUtilities.SafeInvoke: TestCaseEventsHandler.RaiseTestCaseStart: Invoking callback 1/1 for Microsoft.VisualStudio.TestPlatform.CrossPlatEngine.DataCollection.ProxyOutOfProcDataCollectionManager., took 0 ms.
TpTrace Verbose: 0 : 19260, 16, 2024/07/03, 22:41:27.968, 355543651232, testhost.dll, TestExecutionRecorder.RecordResult: Received result for test: P7CreateRestApi.Tests.CurveControllerTests.CreateCurvePoint_ShouldReturnBadRequest_WhenCurvePointIsNull.
TpTrace Verbose: 0 : 19260, 16, 2024/07/03, 22:41:27.969, 355543661149, testhost.dll, MulticastDelegateUtilities.SafeInvoke: TestCaseEventsHandler.RaiseTestCaseEnd: Invoking callback 1/1 for Microsoft.VisualStudio.TestPlatform.CrossPlatEngine.DataCollection.ProxyOutOfProcDataCollectionManager., took 0 ms.
TpTrace Verbose: 0 : 19260, 16, 2024/07/03, 22:41:27.970, 355543661799, testhost.dll, MulticastDelegateUtilities.SafeInvoke: TestCaseEventsHandler.RaiseTestCaseEnd: Invoking callback 1/1 for Microsoft.VisualStudio.TestPlatform.CrossPlatEngine.DataCollection.ProxyOutOfProcDataCollectionManager., took 0 ms.
TpTrace Warning: 0 : 19260, 16, 2024/07/03, 22:41:27.970, 355543662033, testhost.dll, TestRunCache: InProgressTests is null
TpTrace Warning: 0 : 19260, 16, 2024/07/03, 22:41:27.970, 355543662196, testhost.dll, TestRunCache: No test found corresponding to testResult 'P7CreateRestApi.Tests.CurveControllerTests.CreateCurvePoint_ShouldReturnBadRequest_WhenCurvePointIsNull' in inProgress list.
TpTrace Verbose: 0 : 19260, 16, 2024/07/03, 22:41:27.970, 355543662517, testhost.dll, TestExecutionRecorder.RecordEnd: test: P7CreateRestApi.Tests.CurveControllerTests.CreateCurvePoint_ShouldReturnBadRequest_WhenCurvePointIsNull execution completed.
TpTrace Warning: 0 : 19260, 16, 2024/07/03, 22:41:27.970, 355543662662, testhost.dll, TestRunCache: InProgressTests is null
TpTrace Verbose: 0 : 19260, 16, 2024/07/03, 22:41:27.970, 355543662898, testhost.dll, TestExecutionRecorder.RecordStart: Starting test: P7CreateRestApi.Tests.CurveControllerTests.GetCurvePointById_ShouldReturnInternalServerError_WhenExceptionIsThrown.
TpTrace Verbose: 0 : 19260, 16, 2024/07/03, 22:41:27.970, 355543671525, testhost.dll, MulticastDelegateUtilities.SafeInvoke: TestCaseEventsHandler.RaiseTestCaseStart: Invoking callback 1/1 for Microsoft.VisualStudio.TestPlatform.CrossPlatEngine.DataCollection.ProxyOutOfProcDataCollectionManager., took 0 ms.
TpTrace Verbose: 0 : 19260, 16, 2024/07/03, 22:41:27.971, 355543672694, testhost.dll, TestExecutionRecorder.RecordResult: Received result for test: P7CreateRestApi.Tests.RuleNameControllerTests.UpdateRuleName_ShouldReturnOk_WhenUpdateIsSuccessful.
TpTrace Verbose: 0 : 19260, 16, 2024/07/03, 22:41:27.972, 355543681685, testhost.dll, MulticastDelegateUtilities.SafeInvoke: TestCaseEventsHandler.RaiseTestCaseEnd: Invoking callback 1/1 for Microsoft.VisualStudio.TestPlatform.CrossPlatEngine.DataCollection.ProxyOutOfProcDataCollectionManager., took 0 ms.
TpTrace Verbose: 0 : 19260, 16, 2024/07/03, 22:41:27.972, 355543682283, testhost.dll, MulticastDelegateUtilities.SafeInvoke: TestCaseEventsHandler.RaiseTestCaseEnd: Invoking callback 1/1 for Microsoft.VisualStudio.TestPlatform.CrossPlatEngine.DataCollection.ProxyOutOfProcDataCollectionManager., took 0 ms.
TpTrace Warning: 0 : 19260, 16, 2024/07/03, 22:41:27.972, 355543683573, testhost.dll, TestRunCache: No test found corresponding to testResult 'P7CreateRestApi.Tests.RuleNameControllerTests.UpdateRuleName_ShouldReturnOk_WhenUpdateIsSuccessful' in inProgress list.
TpTrace Verbose: 0 : 19260, 16, 2024/07/03, 22:41:27.972, 355543684188, testhost.dll, TestExecutionRecorder.RecordEnd: test: P7CreateRestApi.Tests.RuleNameControllerTests.UpdateRuleName_ShouldReturnOk_WhenUpdateIsSuccessful execution completed.
TpTrace Verbose: 0 : 19260, 16, 2024/07/03, 22:41:27.972, 355543684454, testhost.dll, TestExecutionRecorder.RecordStart: Starting test: P7CreateRestApi.Tests.RuleNameControllerTests.DeleteRuleName_ShouldReturnNotFound_WhenRuleNameDoesNotExist.
TpTrace Verbose: 0 : 19260, 16, 2024/07/03, 22:41:27.972, 355543691528, testhost.dll, MulticastDelegateUtilities.SafeInvoke: TestCaseEventsHandler.RaiseTestCaseStart: Invoking callback 1/1 for Microsoft.VisualStudio.TestPlatform.CrossPlatEngine.DataCollection.ProxyOutOfProcDataCollectionManager., took 0 ms.
TpTrace Verbose: 0 : 19260, 16, 2024/07/03, 22:41:27.973, 355543692381, testhost.dll, TestExecutionRecorder.RecordResult: Received result for test: P7CreateRestApi.Tests.RatingControllerTests.DeleteRating_ShouldReturnNotFound_WhenRatingDoesNotExist.
TpTrace Verbose: 0 : 19260, 16, 2024/07/03, 22:41:27.973, 355543700182, testhost.dll, MulticastDelegateUtilities.SafeInvoke: TestCaseEventsHandler.RaiseTestCaseEnd: Invoking callback 1/1 for Microsoft.VisualStudio.TestPlatform.CrossPlatEngine.DataCollection.ProxyOutOfProcDataCollectionManager., took 0 ms.
TpTrace Verbose: 0 : 19260, 16, 2024/07/03, 22:41:27.973, 355543700995, testhost.dll, MulticastDelegateUtilities.SafeInvoke: TestCaseEventsHandler.RaiseTestCaseEnd: Invoking callback 1/1 for Microsoft.VisualStudio.TestPlatform.CrossPlatEngine.DataCollection.ProxyOutOfProcDataCollectionManager., took 0 ms.
TpTrace Warning: 0 : 19260, 16, 2024/07/03, 22:41:27.973, 355543701412, testhost.dll, TestRunCache: No test found corresponding to testResult 'P7CreateRestApi.Tests.RatingControllerTests.DeleteRating_ShouldReturnNotFound_WhenRatingDoesNotExist' in inProgress list.
TpTrace Verbose: 0 : 19260, 16, 2024/07/03, 22:41:27.974, 355543701769, testhost.dll, TestExecutionRecorder.RecordEnd: test: P7CreateRestApi.Tests.RatingControllerTests.DeleteRating_ShouldReturnNotFound_WhenRatingDoesNotExist execution completed.
TpTrace Verbose: 0 : 19260, 16, 2024/07/03, 22:41:27.974, 355543702154, testhost.dll, TestExecutionRecorder.RecordStart: Starting test: P7CreateRestApi.Tests.RatingControllerTests.CreateRating_ShouldReturnBadRequest_WhenRatingIsNull.
TpTrace Verbose: 0 : 19260, 16, 2024/07/03, 22:41:27.974, 355543710160, testhost.dll, MulticastDelegateUtilities.SafeInvoke: TestCaseEventsHandler.RaiseTestCaseStart: Invoking callback 1/1 for Microsoft.VisualStudio.TestPlatform.CrossPlatEngine.DataCollection.ProxyOutOfProcDataCollectionManager., took 0 ms.
TpTrace Verbose: 0 : 19260, 16, 2024/07/03, 22:41:27.974, 355543710912, testhost.dll, TestExecutionRecorder.RecordResult: Received result for test: P7CreateRestApi.Tests.RatingControllerTests.CreateRating_ShouldReturnBadRequest_WhenRatingIsNull.
TpTrace Verbose: 0 : 19260, 16, 2024/07/03, 22:41:27.975, 355543718658, testhost.dll, MulticastDelegateUtilities.SafeInvoke: TestCaseEventsHandler.RaiseTestCaseEnd: Invoking callback 1/1 for Microsoft.VisualStudio.TestPlatform.CrossPlatEngine.DataCollection.ProxyOutOfProcDataCollectionManager., took 0 ms.
TpTrace Verbose: 0 : 19260, 16, 2024/07/03, 22:41:27.975, 355543719270, testhost.dll, MulticastDelegateUtilities.SafeInvoke: TestCaseEventsHandler.RaiseTestCaseEnd: Invoking callback 1/1 for Microsoft.VisualStudio.TestPlatform.CrossPlatEngine.DataCollection.ProxyOutOfProcDataCollectionManager., took 0 ms.
TpTrace Verbose: 0 : 19260, 16, 2024/07/03, 22:41:27.975, 355543719615, testhost.dll, TestExecutionRecorder.RecordEnd: test: P7CreateRestApi.Tests.RatingControllerTests.CreateRating_ShouldReturnBadRequest_WhenRatingIsNull execution completed.
TpTrace Verbose: 0 : 19260, 16, 2024/07/03, 22:41:27.975, 355543719894, testhost.dll, TestExecutionRecorder.RecordStart: Starting test: P7CreateRestApi.Tests.RatingControllerTests.DeleteRating_ShouldReturnInternalServerError_WhenExceptionIsThrown.
TpTrace Verbose: 0 : 19260, 16, 2024/07/03, 22:41:27.976, 355543727330, testhost.dll, MulticastDelegateUtilities.SafeInvoke: TestCaseEventsHandler.RaiseTestCaseStart: Invoking callback 1/1 for Microsoft.VisualStudio.TestPlatform.CrossPlatEngine.DataCollection.ProxyOutOfProcDataCollectionManager., took 0 ms.
TpTrace Verbose: 0 : 19260, 16, 2024/07/03, 22:41:27.976, 355543728904, testhost.dll, TestExecutionRecorder.RecordResult: Received result for test: P7CreateRestApi.Tests.CurveControllerTests.GetCurvePointById_ShouldReturnInternalServerError_WhenExceptionIsThrown.
TpTrace Verbose: 0 : 19260, 16, 2024/07/03, 22:41:27.977, 355543736270, testhost.dll, MulticastDelegateUtilities.SafeInvoke: TestCaseEventsHandler.RaiseTestCaseEnd: Invoking callback 1/1 for Microsoft.VisualStudio.TestPlatform.CrossPlatEngine.DataCollection.ProxyOutOfProcDataCollectionManager., took 0 ms.
TpTrace Verbose: 0 : 19260, 16, 2024/07/03, 22:41:27.977, 355543736910, testhost.dll, MulticastDelegateUtilities.SafeInvoke: TestCaseEventsHandler.RaiseTestCaseEnd: Invoking callback 1/1 for Microsoft.VisualStudio.TestPlatform.CrossPlatEngine.DataCollection.ProxyOutOfProcDataCollectionManager., took 0 ms.
TpTrace Verbose: 0 : 19260, 16, 2024/07/03, 22:41:27.977, 355543737273, testhost.dll, TestExecutionRecorder.RecordEnd: test: P7CreateRestApi.Tests.CurveControllerTests.GetCurvePointById_ShouldReturnInternalServerError_WhenExceptionIsThrown execution completed.
TpTrace Verbose: 0 : 19260, 16, 2024/07/03, 22:41:27.977, 355543737556, testhost.dll, TestExecutionRecorder.RecordStart: Starting test: P7CreateRestApi.Tests.CurveControllerTests.GetCurvePointById_ShouldReturnOk_WhenCurvePointExists.
TpTrace Verbose: 0 : 19260, 16, 2024/07/03, 22:41:27.978, 355543743257, testhost.dll, MulticastDelegateUtilities.SafeInvoke: TestCaseEventsHandler.RaiseTestCaseStart: Invoking callback 1/1 for Microsoft.VisualStudio.TestPlatform.CrossPlatEngine.DataCollection.ProxyOutOfProcDataCollectionManager., took 0 ms.
TpTrace Verbose: 0 : 19260, 16, 2024/07/03, 22:41:27.978, 355543744004, testhost.dll, TestExecutionRecorder.RecordResult: Received result for test: P7CreateRestApi.Tests.RuleNameControllerTests.DeleteRuleName_ShouldReturnNotFound_WhenRuleNameDoesNotExist.
TpTrace Verbose: 0 : 19260, 16, 2024/07/03, 22:41:27.979, 355543753390, testhost.dll, MulticastDelegateUtilities.SafeInvoke: TestCaseEventsHandler.RaiseTestCaseEnd: Invoking callback 1/1 for Microsoft.VisualStudio.TestPlatform.CrossPlatEngine.DataCollection.ProxyOutOfProcDataCollectionManager., took 0 ms.
TpTrace Verbose: 0 : 19260, 16, 2024/07/03, 22:41:27.979, 355543753951, testhost.dll, MulticastDelegateUtilities.SafeInvoke: TestCaseEventsHandler.RaiseTestCaseEnd: Invoking callback 1/1 for Microsoft.VisualStudio.TestPlatform.CrossPlatEngine.DataCollection.ProxyOutOfProcDataCollectionManager., took 0 ms.
TpTrace Verbose: 0 : 19260, 16, 2024/07/03, 22:41:27.979, 355543754242, testhost.dll, TestExecutionRecorder.RecordEnd: test: P7CreateRestApi.Tests.RuleNameControllerTests.DeleteRuleName_ShouldReturnNotFound_WhenRuleNameDoesNotExist execution completed.
TpTrace Verbose: 0 : 19260, 16, 2024/07/03, 22:41:27.979, 355543754478, testhost.dll, TestExecutionRecorder.RecordStart: Starting test: P7CreateRestApi.Tests.RuleNameControllerTests.UpdateRuleName_ShouldReturnBadRequest_WhenIdMismatchOccurs.
TpTrace Verbose: 0 : 19260, 16, 2024/07/03, 22:41:27.984, 355543809145, testhost.dll, MulticastDelegateUtilities.SafeInvoke: TestCaseEventsHandler.RaiseTestCaseStart: Invoking callback 1/1 for Microsoft.VisualStudio.TestPlatform.CrossPlatEngine.DataCollection.ProxyOutOfProcDataCollectionManager., took 5 ms.
TpTrace Verbose: 0 : 19260, 16, 2024/07/03, 22:41:27.984, 355543810384, testhost.dll, TestExecutionRecorder.RecordResult: Received result for test: P7CreateRestApi.Tests.RuleNameControllerTests.UpdateRuleName_ShouldReturnBadRequest_WhenIdMismatchOccurs.
TpTrace Verbose: 0 : 19260, 16, 2024/07/03, 22:41:27.985, 355543817312, testhost.dll, MulticastDelegateUtilities.SafeInvoke: TestCaseEventsHandler.RaiseTestCaseEnd: Invoking callback 1/1 for Microsoft.VisualStudio.TestPlatform.CrossPlatEngine.DataCollection.ProxyOutOfProcDataCollectionManager., took 0 ms.
TpTrace Verbose: 0 : 19260, 16, 2024/07/03, 22:41:27.985, 355543817830, testhost.dll, MulticastDelegateUtilities.SafeInvoke: TestCaseEventsHandler.RaiseTestCaseEnd: Invoking callback 1/1 for Microsoft.VisualStudio.TestPlatform.CrossPlatEngine.DataCollection.ProxyOutOfProcDataCollectionManager., took 0 ms.
TpTrace Verbose: 0 : 19260, 16, 2024/07/03, 22:41:27.985, 355543818187, testhost.dll, TestExecutionRecorder.RecordEnd: test: P7CreateRestApi.Tests.RuleNameControllerTests.UpdateRuleName_ShouldReturnBadRequest_WhenIdMismatchOccurs execution completed.
TpTrace Verbose: 0 : 19260, 16, 2024/07/03, 22:41:27.985, 355543818434, testhost.dll, TestExecutionRecorder.RecordStart: Starting test: P7CreateRestApi.Tests.RuleNameControllerTests.GetRuleNameById_ShouldReturnNotFound_WhenRuleNameDoesNotExist.
TpTrace Information: 0 : 19260, 16, 2024/07/03, 22:41:27.985, 355543818608, testhost.dll, Sending test run statistics
TpTrace Verbose: 0 : 19260, 16, 2024/07/03, 22:41:27.985, 355543820821, testhost.dll, TestRequestHandler.SendData: sending data from testhost: {"Version":7,"MessageType":"TestExecution.StatsChange","Payload":{"NewTestResults":[{"TestCase":{"Id":"8954d1d3-1f9b-4e6e-b610-98a33f188d0c","FullyQualifiedName":"P7CreateRestApi.Tests.CurveControllerTests.CreateCurvePoint_ShouldReturnBadRequest_WhenCurvePointIsNull","DisplayName":"P7CreateRestApi.Tests.CurveControllerTests.CreateCurvePoint_ShouldReturnBadRequest_WhenCurvePointIsNull","ExecutorUri":"executor://xunit/VsTestRunner2/netcoreapp","Source":"C:\\Users\\brandon.ku\\source\\repos\\OCProjet7_Findexium\\P7CreateRestApi.Tests\\bin\\Debug\\net8.0\\fine-code-coverage\\build-output\\P7CreateRestApi.Tests.dll","CodeFilePath":null,"LineNumber":0,"Properties":[]},"Attachments":[],"Outcome":1,"ErrorMessage":null,"ErrorStackTrace":null,"DisplayName":"P7CreateRestApi.Tests.CurveControllerTests.CreateCurvePoint_ShouldReturnBadRequest_WhenCurvePointIsNull","Messages":[],"ComputerName":"PB22039","Duration":"00:00:00.0005586","StartTime":"2024-07-03T20:41:27.9689571+00:00","EndTime":"2024-07-03T20:41:27.9689572+00:00","Properties":[]},{"TestCase":{"Id":"98eb1b57-80d0-fe3f-19dd-c662eb2e09d4","FullyQualifiedName":"P7CreateRestApi.Tests.RuleNameControllerTests.UpdateRuleName_ShouldReturnOk_WhenUpdateIsSuccessful","DisplayName":"P7CreateRestApi.Tests.RuleNameControllerTests.UpdateRuleName_ShouldReturnOk_WhenUpdateIsSuccessful","ExecutorUri":"executor://xunit/VsTestRunner2/netcoreapp","Source":"C:\\Users\\brandon.ku\\source\\repos\\OCProjet7_Findexium\\P7CreateRestApi.Tests\\bin\\Debug\\net8.0\\fine-code-coverage\\build-output\\P7CreateRestApi.Tests.dll","CodeFilePath":null,"LineNumber":0,"Properties":[]},"Attachments":[],"Outcome":1,"ErrorMessage":null,"ErrorStackTrace":null,"DisplayName":"P7CreateRestApi.Tests.RuleNameControllerTests.UpdateRuleName_ShouldReturnOk_WhenUpdateIsSuccessful","Messages":[],"ComputerName":"PB22039","Duration":"00:00:00.0021145","StartTime":"2024-07-03T20:41:27.9711031+00:00","EndTime":"2024-07-03T20:41:27.9711032+00:00","Properties":[]},{"TestCase":{"Id":"8671fad5-a89c-9249-5bcb-1e185b89ade7","FullyQualifiedName":"P7CreateRestApi.Tests.RatingControllerTests.DeleteRating_ShouldReturnNotFound_WhenRatingDoesNotExist","DisplayName":"P7CreateRestApi.Tests.RatingControllerTests.DeleteRating_ShouldReturnNotFound_WhenRatingDoesNotExist","ExecutorUri":"executor://xunit/VsTestRunner2/netcoreapp","Source":"C:\\Users\\brandon.ku\\source\\repos\\OCProjet7_Findexium\\P7CreateRestApi.Tests\\bin\\Debug\\net8.0\\fine-code-coverage\\build-output\\P7CreateRestApi.Tests.dll","CodeFilePath":null,"LineNumber":0,"Properties":[]},"Attachments":[],"Outcome":1,"ErrorMessage":null,"ErrorStackTrace":null,"DisplayName":"P7CreateRestApi.Tests.RatingControllerTests.DeleteRating_ShouldReturnNotFound_WhenRatingDoesNotExist","Messages":[],"ComputerName":"PB22039","Duration":"00:00:00.0009295","StartTime":"2024-07-03T20:41:27.9730713+00:00","EndTime":"2024-07-03T20:41:27.9730714+00:00","Properties":[]},{"TestCase":{"Id":"735f8d46-bbd7-df3b-9e37-01272c5d0b5c","FullyQualifiedName":"P7CreateRestApi.Tests.RatingControllerTests.CreateRating_ShouldReturnBadRequest_WhenRatingIsNull","DisplayName":"P7CreateRestApi.Tests.RatingControllerTests.CreateRating_ShouldReturnBadRequest_WhenRatingIsNull","ExecutorUri":"executor://xunit/VsTestRunner2/netcoreapp","Source":"C:\\Users\\brandon.ku\\source\\repos\\OCProjet7_Findexium\\P7CreateRestApi.Tests\\bin\\Debug\\net8.0\\fine-code-coverage\\build-output\\P7CreateRestApi.Tests.dll","CodeFilePath":null,"LineNumber":0,"Properties":[]},"Attachments":[],"Outcome":1,"ErrorMessage":null,"ErrorStackTrace":null,"DisplayName":"P7CreateRestApi.Tests.RatingControllerTests.CreateRating_ShouldReturnBadRequest_WhenRatingIsNull","Messages":[],"ComputerName":"PB22039","Duration":"00:00:00.0006417","StartTime":"2024-07-03T20:41:27.9749254+00:00","EndTime":"2024-07-03T20:41:27.9749254+00:00","Properties":[]},{"TestCase":{"Id":"80c0d35d-724c-9422-f5e1-925e0f0f9560","FullyQualifiedName":"P7CreateRestApi.Tests.CurveControllerTests.GetCurvePointById_ShouldReturnInternalServerError_WhenExceptionIsThrown","DisplayName":"P7CreateRestApi.Tests.CurveControllerTests.GetCurvePointById_ShouldReturnInternalServerError_WhenExceptionIsThrown","ExecutorUri":"executor://xunit/VsTestRunner2/netcoreapp","Source":"C:\\Users\\brandon.ku\\source\\repos\\OCProjet7_Findexium\\P7CreateRestApi.Tests\\bin\\Debug\\net8.0\\fine-code-coverage\\build-output\\P7CreateRestApi.Tests.dll","CodeFilePath":null,"LineNumber":0,"Properties":[]},"Attachments":[],"Outcome":1,"ErrorMessage":null,"ErrorStackTrace":null,"DisplayName":"P7CreateRestApi.Tests.CurveControllerTests.GetCurvePointById_ShouldReturnInternalServerError_WhenExceptionIsThrown","Messages":[],"ComputerName":"PB22039","Duration":"00:00:00.0016656","StartTime":"2024-07-03T20:41:27.9767218+00:00","EndTime":"2024-07-03T20:41:27.9767219+00:00","Properties":[]},{"TestCase":{"Id":"5ac6b9e9-abe2-d841-b5c4-2dbf62242aa9","FullyQualifiedName":"P7CreateRestApi.Tests.RuleNameControllerTests.DeleteRuleName_ShouldReturnNotFound_WhenRuleNameDoesNotExist","DisplayName":"P7CreateRestApi.Tests.RuleNameControllerTests.DeleteRuleName_ShouldReturnNotFound_WhenRuleNameDoesNotExist","ExecutorUri":"executor://xunit/VsTestRunner2/netcoreapp","Source":"C:\\Users\\brandon.ku\\source\\repos\\OCProjet7_Findexium\\P7CreateRestApi.Tests\\bin\\Debug\\net8.0\\fine-code-coverage\\build-output\\P7CreateRestApi.Tests.dll","CodeFilePath":null,"LineNumber":0,"Properties":[]},"Attachments":[],"Outcome":1,"ErrorMessage":null,"ErrorStackTrace":null,"DisplayName":"P7CreateRestApi.Tests.RuleNameControllerTests.DeleteRuleName_ShouldReturnNotFound_WhenRuleNameDoesNotExist","Messages":[],"ComputerName":"PB22039","Duration":"00:00:00.0013885","StartTime":"2024-07-03T20:41:27.9782351+00:00","EndTime":"2024-07-03T20:41:27.9782352+00:00","Properties":[]},{"TestCase":{"Id":"f4a2b944-2126-6681-e14d-1585955cc8bf","FullyQualifiedName":"P7CreateRestApi.Tests.RuleNameControllerTests.UpdateRuleName_ShouldReturnBadRequest_WhenIdMismatchOccurs","DisplayName":"P7CreateRestApi.Tests.RuleNameControllerTests.UpdateRuleName_ShouldReturnBadRequest_WhenIdMismatchOccurs","ExecutorUri":"executor://xunit/VsTestRunner2/netcoreapp","Source":"C:\\Users\\brandon.ku\\source\\repos\\OCProjet7_Findexium\\P7CreateRestApi.Tests\\bin\\Debug\\net8.0\\fine-code-coverage\\build-output\\P7CreateRestApi.Tests.dll","CodeFilePath":null,"LineNumber":0,"Properties":[]},"Attachments":[],"Outcome":1,"ErrorMessage":null,"ErrorStackTrace":null,"DisplayName":"P7CreateRestApi.Tests.RuleNameControllerTests.UpdateRuleName_ShouldReturnBadRequest_WhenIdMismatchOccurs","Messages":[],"ComputerName":"PB22039","Duration":"00:00:00.0008360","StartTime":"2024-07-03T20:41:27.9848707+00:00","EndTime":"2024-07-03T20:41:27.9848708+00:00","Properties":[]}],"TestRunStatistics":{"ExecutedTests":31,"Stats":{"Passed":31}},"ActiveTests":[{"Id":"8e90ced0-ad6f-0f34-2311-fcf76f59a638","FullyQualifiedName":"P7CreateRestApi.Tests.RatingControllerTests.DeleteRating_ShouldReturnInternalServerError_WhenExceptionIsThrown","DisplayName":"P7CreateRestApi.Tests.RatingControllerTests.DeleteRating_ShouldReturnInternalServerError_WhenExceptionIsThrown","ExecutorUri":"executor://xunit/VsTestRunner2/netcoreapp","Source":"C:\\Users\\brandon.ku\\source\\repos\\OCProjet7_Findexium\\P7CreateRestApi.Tests\\bin\\Debug\\net8.0\\fine-code-coverage\\build-output\\P7CreateRestApi.Tests.dll","CodeFilePath":null,"LineNumber":0,"Properties":[]},{"Id":"43ad2954-1427-403a-982e-02d035cc5056","FullyQualifiedName":"P7CreateRestApi.Tests.CurveControllerTests.GetCurvePointById_ShouldReturnOk_WhenCurvePointExists","DisplayName":"P7CreateRestApi.Tests.CurveControllerTests.GetCurvePointById_ShouldReturnOk_WhenCurvePointExists","ExecutorUri":"executor://xunit/VsTestRunner2/netcoreapp","Source":"C:\\Users\\brandon.ku\\source\\repos\\OCProjet7_Findexium\\P7CreateRestApi.Tests\\bin\\Debug\\net8.0\\fine-code-coverage\\build-output\\P7CreateRestApi.Tests.dll","CodeFilePath":null,"LineNumber":0,"Properties":[]},{"Id":"6833dcf9-d0e5-2bcc-0bbc-8cf2c86e54b0","FullyQualifiedName":"P7CreateRestApi.Tests.RuleNameControllerTests.GetRuleNameById_ShouldReturnNotFound_WhenRuleNameDoesNotExist","DisplayName":"P7CreateRestApi.Tests.RuleNameControllerTests.GetRuleNameById_ShouldReturnNotFound_WhenRuleNameDoesNotExist","ExecutorUri":"executor://xunit/VsTestRunner2/netcoreapp","Source":"C:\\Users\\brandon.ku\\source\\repos\\OCProjet7_Findexium\\P7CreateRestApi.Tests\\bin\\Debug\\net8.0\\fine-code-coverage\\build-output\\P7CreateRestApi.Tests.dll","CodeFilePath":null,"LineNumber":0,"Properties":[]}]}}
TpTrace Verbose: 0 : 19260, 16, 2024/07/03, 22:41:27.986, 355543821991, testhost.dll, TestRunCache: OnNewTestResult: Notified the onCacheHit callback.
TpTrace Verbose: 0 : 19260, 16, 2024/07/03, 22:41:27.986, 355543827935, testhost.dll, MulticastDelegateUtilities.SafeInvoke: TestCaseEventsHandler.RaiseTestCaseStart: Invoking callback 1/1 for Microsoft.VisualStudio.TestPlatform.CrossPlatEngine.DataCollection.ProxyOutOfProcDataCollectionManager., took 0 ms.
TpTrace Verbose: 0 : 19260, 16, 2024/07/03, 22:41:27.986, 355543828564, testhost.dll, TestExecutionRecorder.RecordResult: Received result for test: P7CreateRestApi.Tests.RatingControllerTests.DeleteRating_ShouldReturnInternalServerError_WhenExceptionIsThrown.
TpTrace Verbose: 0 : 19260, 16, 2024/07/03, 22:41:27.987, 355543833997, testhost.dll, MulticastDelegateUtilities.SafeInvoke: TestCaseEventsHandler.RaiseTestCaseEnd: Invoking callback 1/1 for Microsoft.VisualStudio.TestPlatform.CrossPlatEngine.DataCollection.ProxyOutOfProcDataCollectionManager., took 0 ms.
TpTrace Verbose: 0 : 19260, 16, 2024/07/03, 22:41:27.987, 355543834775, testhost.dll, MulticastDelegateUtilities.SafeInvoke: TestCaseEventsHandler.RaiseTestCaseEnd: Invoking callback 1/1 for Microsoft.VisualStudio.TestPlatform.CrossPlatEngine.DataCollection.ProxyOutOfProcDataCollectionManager., took 0 ms.
TpTrace Warning: 0 : 19260, 16, 2024/07/03, 22:41:27.987, 355543834965, testhost.dll, TestRunCache: InProgressTests is null
TpTrace Warning: 0 : 19260, 16, 2024/07/03, 22:41:27.987, 355543835116, testhost.dll, TestRunCache: No test found corresponding to testResult 'P7CreateRestApi.Tests.RatingControllerTests.DeleteRating_ShouldReturnInternalServerError_WhenExceptionIsThrown' in inProgress list.
TpTrace Verbose: 0 : 19260, 16, 2024/07/03, 22:41:27.987, 355543835366, testhost.dll, TestExecutionRecorder.RecordEnd: test: P7CreateRestApi.Tests.RatingControllerTests.DeleteRating_ShouldReturnInternalServerError_WhenExceptionIsThrown execution completed.
TpTrace Warning: 0 : 19260, 16, 2024/07/03, 22:41:27.987, 355543835637, testhost.dll, TestRunCache: InProgressTests is null
TpTrace Verbose: 0 : 19260, 16, 2024/07/03, 22:41:27.987, 355543835851, testhost.dll, TestExecutionRecorder.RecordStart: Starting test: P7CreateRestApi.Tests.RatingControllerTests.CreateRating_ShouldReturnBadRequest_WhenModelStateIsInvalid.
TpTrace Verbose: 0 : 19260, 16, 2024/07/03, 22:41:27.987, 355543841422, testhost.dll, MulticastDelegateUtilities.SafeInvoke: TestCaseEventsHandler.RaiseTestCaseStart: Invoking callback 1/1 for Microsoft.VisualStudio.TestPlatform.CrossPlatEngine.DataCollection.ProxyOutOfProcDataCollectionManager., took 0 ms.
TpTrace Verbose: 0 : 19260, 16, 2024/07/03, 22:41:27.988, 355543842187, testhost.dll, TestExecutionRecorder.RecordResult: Received result for test: P7CreateRestApi.Tests.RuleNameControllerTests.GetRuleNameById_ShouldReturnNotFound_WhenRuleNameDoesNotExist.
TpTrace Verbose: 0 : 19260, 16, 2024/07/03, 22:41:27.988, 355543848251, testhost.dll, MulticastDelegateUtilities.SafeInvoke: TestCaseEventsHandler.RaiseTestCaseEnd: Invoking callback 1/1 for Microsoft.VisualStudio.TestPlatform.CrossPlatEngine.DataCollection.ProxyOutOfProcDataCollectionManager., took 0 ms.
TpTrace Verbose: 0 : 19260, 16, 2024/07/03, 22:41:27.988, 355543848799, testhost.dll, MulticastDelegateUtilities.SafeInvoke: TestCaseEventsHandler.RaiseTestCaseEnd: Invoking callback 1/1 for Microsoft.VisualStudio.TestPlatform.CrossPlatEngine.DataCollection.ProxyOutOfProcDataCollectionManager., took 0 ms.
TpTrace Warning: 0 : 19260, 16, 2024/07/03, 22:41:27.988, 355543849004, testhost.dll, TestRunCache: No test found corresponding to testResult 'P7CreateRestApi.Tests.RuleNameControllerTests.GetRuleNameById_ShouldReturnNotFound_WhenRuleNameDoesNotExist' in inProgress list.
TpTrace Verbose: 0 : 19260, 16, 2024/07/03, 22:41:27.988, 355543849246, testhost.dll, TestExecutionRecorder.RecordEnd: test: P7CreateRestApi.Tests.RuleNameControllerTests.GetRuleNameById_ShouldReturnNotFound_WhenRuleNameDoesNotExist execution completed.
TpTrace Verbose: 0 : 19260, 16, 2024/07/03, 22:41:27.988, 355543849462, testhost.dll, TestExecutionRecorder.RecordStart: Starting test: P7CreateRestApi.Tests.RuleNameControllerTests.CreateRuleName_ShouldReturnBadRequest_WhenModelStateIsInvalid.
TpTrace Verbose: 0 : 19260, 16, 2024/07/03, 22:41:27.989, 355543856383, testhost.dll, MulticastDelegateUtilities.SafeInvoke: TestCaseEventsHandler.RaiseTestCaseStart: Invoking callback 1/1 for Microsoft.VisualStudio.TestPlatform.CrossPlatEngine.DataCollection.ProxyOutOfProcDataCollectionManager., took 0 ms.
TpTrace Verbose: 0 : 19260, 16, 2024/07/03, 22:41:27.989, 355543857152, testhost.dll, TestExecutionRecorder.RecordResult: Received result for test: P7CreateRestApi.Tests.RatingControllerTests.CreateRating_ShouldReturnBadRequest_WhenModelStateIsInvalid.
TpTrace Verbose: 0 : 19260, 16, 2024/07/03, 22:41:27.990, 355543865286, testhost.dll, MulticastDelegateUtilities.SafeInvoke: TestCaseEventsHandler.RaiseTestCaseEnd: Invoking callback 1/1 for Microsoft.VisualStudio.TestPlatform.CrossPlatEngine.DataCollection.ProxyOutOfProcDataCollectionManager., took 0 ms.
TpTrace Verbose: 0 : 19260, 16, 2024/07/03, 22:41:27.990, 355543865779, testhost.dll, MulticastDelegateUtilities.SafeInvoke: TestCaseEventsHandler.RaiseTestCaseEnd: Invoking callback 1/1 for Microsoft.VisualStudio.TestPlatform.CrossPlatEngine.DataCollection.ProxyOutOfProcDataCollectionManager., took 0 ms.
TpTrace Verbose: 0 : 19260, 16, 2024/07/03, 22:41:27.990, 355543866113, testhost.dll, TestExecutionRecorder.RecordEnd: test: P7CreateRestApi.Tests.RatingControllerTests.CreateRating_ShouldReturnBadRequest_WhenModelStateIsInvalid execution completed.
TpTrace Verbose: 0 : 19260, 16, 2024/07/03, 22:41:27.990, 355543866401, testhost.dll, TestExecutionRecorder.RecordStart: Starting test: P7CreateRestApi.Tests.RatingControllerTests.UpdateRating_ShouldReturnOk_WhenUpdateIsSuccessful.
TpTrace Verbose: 0 : 19260, 16, 2024/07/03, 22:41:27.991, 355543873239, testhost.dll, MulticastDelegateUtilities.SafeInvoke: TestCaseEventsHandler.RaiseTestCaseStart: Invoking callback 1/1 for Microsoft.VisualStudio.TestPlatform.CrossPlatEngine.DataCollection.ProxyOutOfProcDataCollectionManager., took 0 ms.
TpTrace Verbose: 0 : 19260, 16, 2024/07/03, 22:41:27.991, 355543873987, testhost.dll, TestExecutionRecorder.RecordResult: Received result for test: P7CreateRestApi.Tests.RuleNameControllerTests.CreateRuleName_ShouldReturnBadRequest_WhenModelStateIsInvalid.
TpTrace Verbose: 0 : 19260, 16, 2024/07/03, 22:41:27.991, 355543880826, testhost.dll, MulticastDelegateUtilities.SafeInvoke: TestCaseEventsHandler.RaiseTestCaseEnd: Invoking callback 1/1 for Microsoft.VisualStudio.TestPlatform.CrossPlatEngine.DataCollection.ProxyOutOfProcDataCollectionManager., took 0 ms.
TpTrace Verbose: 0 : 19260, 16, 2024/07/03, 22:41:27.991, 355543881451, testhost.dll, MulticastDelegateUtilities.SafeInvoke: TestCaseEventsHandler.RaiseTestCaseEnd: Invoking callback 1/1 for Microsoft.VisualStudio.TestPlatform.CrossPlatEngine.DataCollection.ProxyOutOfProcDataCollectionManager., took 0 ms.
TpTrace Verbose: 0 : 19260, 16, 2024/07/03, 22:41:27.992, 355543881795, testhost.dll, TestExecutionRecorder.RecordEnd: test: P7CreateRestApi.Tests.RuleNameControllerTests.CreateRuleName_ShouldReturnBadRequest_WhenModelStateIsInvalid execution completed.
TpTrace Verbose: 0 : 19260, 16, 2024/07/03, 22:41:27.992, 355543882040, testhost.dll, TestExecutionRecorder.RecordStart: Starting test: P7CreateRestApi.Tests.RuleNameControllerTests.UpdateRuleName_ShouldReturnInternalServerError_WhenExceptionIsThrown.
TpTrace Verbose: 0 : 19260, 16, 2024/07/03, 22:41:27.992, 355543889505, testhost.dll, MulticastDelegateUtilities.SafeInvoke: TestCaseEventsHandler.RaiseTestCaseStart: Invoking callback 1/1 for Microsoft.VisualStudio.TestPlatform.CrossPlatEngine.DataCollection.ProxyOutOfProcDataCollectionManager., took 0 ms.
TpTrace Verbose: 0 : 19260, 16, 2024/07/03, 22:41:27.992, 355543890234, testhost.dll, TestExecutionRecorder.RecordResult: Received result for test: P7CreateRestApi.Tests.RatingControllerTests.UpdateRating_ShouldReturnOk_WhenUpdateIsSuccessful.
TpTrace Verbose: 0 : 19260, 16, 2024/07/03, 22:41:27.993, 355543897592, testhost.dll, MulticastDelegateUtilities.SafeInvoke: TestCaseEventsHandler.RaiseTestCaseEnd: Invoking callback 1/1 for Microsoft.VisualStudio.TestPlatform.CrossPlatEngine.DataCollection.ProxyOutOfProcDataCollectionManager., took 0 ms.
TpTrace Verbose: 0 : 19260, 16, 2024/07/03, 22:41:27.993, 355543898202, testhost.dll, MulticastDelegateUtilities.SafeInvoke: TestCaseEventsHandler.RaiseTestCaseEnd: Invoking callback 1/1 for Microsoft.VisualStudio.TestPlatform.CrossPlatEngine.DataCollection.ProxyOutOfProcDataCollectionManager., took 0 ms.
TpTrace Verbose: 0 : 19260, 16, 2024/07/03, 22:41:27.993, 355543898552, testhost.dll, TestExecutionRecorder.RecordEnd: test: P7CreateRestApi.Tests.RatingControllerTests.UpdateRating_ShouldReturnOk_WhenUpdateIsSuccessful execution completed.
TpTrace Verbose: 0 : 19260, 16, 2024/07/03, 22:41:27.993, 355543898811, testhost.dll, TestExecutionRecorder.RecordStart: Starting test: P7CreateRestApi.Tests.RatingControllerTests.UpdateRating_ShouldReturnBadRequest_WhenRatingIsNull.
TpTrace Verbose: 0 : 19260, 16, 2024/07/03, 22:41:27.994, 355543906722, testhost.dll, MulticastDelegateUtilities.SafeInvoke: TestCaseEventsHandler.RaiseTestCaseStart: Invoking callback 1/1 for Microsoft.VisualStudio.TestPlatform.CrossPlatEngine.DataCollection.ProxyOutOfProcDataCollectionManager., took 0 ms.
TpTrace Verbose: 0 : 19260, 16, 2024/07/03, 22:41:27.994, 355543907454, testhost.dll, TestExecutionRecorder.RecordResult: Received result for test: P7CreateRestApi.Tests.RatingControllerTests.UpdateRating_ShouldReturnBadRequest_WhenRatingIsNull.
TpTrace Verbose: 0 : 19260, 16, 2024/07/03, 22:41:27.995, 355543915590, testhost.dll, MulticastDelegateUtilities.SafeInvoke: TestCaseEventsHandler.RaiseTestCaseEnd: Invoking callback 1/1 for Microsoft.VisualStudio.TestPlatform.CrossPlatEngine.DataCollection.ProxyOutOfProcDataCollectionManager., took 0 ms.
TpTrace Verbose: 0 : 19260, 16, 2024/07/03, 22:41:27.995, 355543916120, testhost.dll, MulticastDelegateUtilities.SafeInvoke: TestCaseEventsHandler.RaiseTestCaseEnd: Invoking callback 1/1 for Microsoft.VisualStudio.TestPlatform.CrossPlatEngine.DataCollection.ProxyOutOfProcDataCollectionManager., took 0 ms.
TpTrace Verbose: 0 : 19260, 16, 2024/07/03, 22:41:27.995, 355543916509, testhost.dll, TestExecutionRecorder.RecordEnd: test: P7CreateRestApi.Tests.RatingControllerTests.UpdateRating_ShouldReturnBadRequest_WhenRatingIsNull execution completed.
TpTrace Verbose: 0 : 19260, 16, 2024/07/03, 22:41:27.995, 355543916784, testhost.dll, TestExecutionRecorder.RecordStart: Starting test: P7CreateRestApi.Tests.RatingControllerTests.GetRatingById_ShouldReturnOk_WhenRatingExists.
TpTrace Verbose: 0 : 19260, 16, 2024/07/03, 22:41:27.996, 355543924505, testhost.dll, MulticastDelegateUtilities.SafeInvoke: TestCaseEventsHandler.RaiseTestCaseStart: Invoking callback 1/1 for Microsoft.VisualStudio.TestPlatform.CrossPlatEngine.DataCollection.ProxyOutOfProcDataCollectionManager., took 0 ms.
TpTrace Verbose: 0 : 19260, 16, 2024/07/03, 22:41:27.996, 355543925264, testhost.dll, TestExecutionRecorder.RecordResult: Received result for test: P7CreateRestApi.Tests.RuleNameControllerTests.UpdateRuleName_ShouldReturnInternalServerError_WhenExceptionIsThrown.
TpTrace Verbose: 0 : 19260, 16, 2024/07/03, 22:41:27.997, 355543933497, testhost.dll, MulticastDelegateUtilities.SafeInvoke: TestCaseEventsHandler.RaiseTestCaseEnd: Invoking callback 1/1 for Microsoft.VisualStudio.TestPlatform.CrossPlatEngine.DataCollection.ProxyOutOfProcDataCollectionManager., took 0 ms.
TpTrace Verbose: 0 : 19260, 16, 2024/07/03, 22:41:27.997, 355543934142, testhost.dll, MulticastDelegateUtilities.SafeInvoke: TestCaseEventsHandler.RaiseTestCaseEnd: Invoking callback 1/1 for Microsoft.VisualStudio.TestPlatform.CrossPlatEngine.DataCollection.ProxyOutOfProcDataCollectionManager., took 0 ms.
TpTrace Verbose: 0 : 19260, 16, 2024/07/03, 22:41:27.997, 355543934485, testhost.dll, TestExecutionRecorder.RecordEnd: test: P7CreateRestApi.Tests.RuleNameControllerTests.UpdateRuleName_ShouldReturnInternalServerError_WhenExceptionIsThrown execution completed.
TpTrace Verbose: 0 : 19260, 16, 2024/07/03, 22:41:27.997, 355543934811, testhost.dll, TestExecutionRecorder.RecordStart: Starting test: P7CreateRestApi.Tests.RuleNameControllerTests.DeleteRuleName_ShouldReturnInternalServerError_WhenExceptionIsThrown.
TpTrace Verbose: 0 : 19260, 16, 2024/07/03, 22:41:27.998, 355543942795, testhost.dll, MulticastDelegateUtilities.SafeInvoke: TestCaseEventsHandler.RaiseTestCaseStart: Invoking callback 1/1 for Microsoft.VisualStudio.TestPlatform.CrossPlatEngine.DataCollection.ProxyOutOfProcDataCollectionManager., took 0 ms.
TpTrace Verbose: 0 : 19260, 16, 2024/07/03, 22:41:27.998, 355543943497, testhost.dll, TestExecutionRecorder.RecordResult: Received result for test: P7CreateRestApi.Tests.RatingControllerTests.GetRatingById_ShouldReturnOk_WhenRatingExists.
TpTrace Verbose: 0 : 19260, 16, 2024/07/03, 22:41:27.999, 355543951790, testhost.dll, MulticastDelegateUtilities.SafeInvoke: TestCaseEventsHandler.RaiseTestCaseEnd: Invoking callback 1/1 for Microsoft.VisualStudio.TestPlatform.CrossPlatEngine.DataCollection.ProxyOutOfProcDataCollectionManager., took 0 ms.
TpTrace Verbose: 0 : 19260, 16, 2024/07/03, 22:41:27.999, 355543952298, testhost.dll, MulticastDelegateUtilities.SafeInvoke: TestCaseEventsHandler.RaiseTestCaseEnd: Invoking callback 1/1 for Microsoft.VisualStudio.TestPlatform.CrossPlatEngine.DataCollection.ProxyOutOfProcDataCollectionManager., took 0 ms.
TpTrace Verbose: 0 : 19260, 16, 2024/07/03, 22:41:27.999, 355543952664, testhost.dll, TestExecutionRecorder.RecordEnd: test: P7CreateRestApi.Tests.RatingControllerTests.GetRatingById_ShouldReturnOk_WhenRatingExists execution completed.
TpTrace Verbose: 0 : 19260, 16, 2024/07/03, 22:41:27.999, 355543952924, testhost.dll, TestExecutionRecorder.RecordStart: Starting test: P7CreateRestApi.Tests.RatingControllerTests.UpdateRating_ShouldReturnNotFound_WhenRatingDoesNotExist.
TpTrace Information: 0 : 19260, 16, 2024/07/03, 22:41:27.999, 355543953138, testhost.dll, Sending test run statistics
TpTrace Verbose: 0 : 19260, 16, 2024/07/03, 22:41:27.999, 355543955509, testhost.dll, TestRequestHandler.SendData: sending data from testhost: {"Version":7,"MessageType":"TestExecution.StatsChange","Payload":{"NewTestResults":[{"TestCase":{"Id":"8e90ced0-ad6f-0f34-2311-fcf76f59a638","FullyQualifiedName":"P7CreateRestApi.Tests.RatingControllerTests.DeleteRating_ShouldReturnInternalServerError_WhenExceptionIsThrown","DisplayName":"P7CreateRestApi.Tests.RatingControllerTests.DeleteRating_ShouldReturnInternalServerError_WhenExceptionIsThrown","ExecutorUri":"executor://xunit/VsTestRunner2/netcoreapp","Source":"C:\\Users\\brandon.ku\\source\\repos\\OCProjet7_Findexium\\P7CreateRestApi.Tests\\bin\\Debug\\net8.0\\fine-code-coverage\\build-output\\P7CreateRestApi.Tests.dll","CodeFilePath":null,"LineNumber":0,"Properties":[]},"Attachments":[],"Outcome":1,"ErrorMessage":null,"ErrorStackTrace":null,"DisplayName":"P7CreateRestApi.Tests.RatingControllerTests.DeleteRating_ShouldReturnInternalServerError_WhenExceptionIsThrown","Messages":[],"ComputerName":"PB22039","Duration":"00:00:00.0017451","StartTime":"2024-07-03T20:41:27.9866908+00:00","EndTime":"2024-07-03T20:41:27.9866909+00:00","Properties":[]},{"TestCase":{"Id":"6833dcf9-d0e5-2bcc-0bbc-8cf2c86e54b0","FullyQualifiedName":"P7CreateRestApi.Tests.RuleNameControllerTests.GetRuleNameById_ShouldReturnNotFound_WhenRuleNameDoesNotExist","DisplayName":"P7CreateRestApi.Tests.RuleNameControllerTests.GetRuleNameById_ShouldReturnNotFound_WhenRuleNameDoesNotExist","ExecutorUri":"executor://xunit/VsTestRunner2/netcoreapp","Source":"C:\\Users\\brandon.ku\\source\\repos\\OCProjet7_Findexium\\P7CreateRestApi.Tests\\bin\\Debug\\net8.0\\fine-code-coverage\\build-output\\P7CreateRestApi.Tests.dll","CodeFilePath":null,"LineNumber":0,"Properties":[]},"Attachments":[],"Outcome":1,"ErrorMessage":null,"ErrorStackTrace":null,"DisplayName":"P7CreateRestApi.Tests.RuleNameControllerTests.GetRuleNameById_ShouldReturnNotFound_WhenRuleNameDoesNotExist","Messages":[],"ComputerName":"PB22039","Duration":"00:00:00.0010115","StartTime":"2024-07-03T20:41:27.9880534+00:00","EndTime":"2024-07-03T20:41:27.9880535+00:00","Properties":[]},{"TestCase":{"Id":"64c28af0-617e-7d1a-2385-de993d1aca5d","FullyQualifiedName":"P7CreateRestApi.Tests.RatingControllerTests.CreateRating_ShouldReturnBadRequest_WhenModelStateIsInvalid","DisplayName":"P7CreateRestApi.Tests.RatingControllerTests.CreateRating_ShouldReturnBadRequest_WhenModelStateIsInvalid","ExecutorUri":"executor://xunit/VsTestRunner2/netcoreapp","Source":"C:\\Users\\brandon.ku\\source\\repos\\OCProjet7_Findexium\\P7CreateRestApi.Tests\\bin\\Debug\\net8.0\\fine-code-coverage\\build-output\\P7CreateRestApi.Tests.dll","CodeFilePath":null,"LineNumber":0,"Properties":[]},"Attachments":[],"Outcome":1,"ErrorMessage":null,"ErrorStackTrace":null,"DisplayName":"P7CreateRestApi.Tests.RatingControllerTests.CreateRating_ShouldReturnBadRequest_WhenModelStateIsInvalid","Messages":[],"ComputerName":"PB22039","Duration":"00:00:00.0007880","StartTime":"2024-07-03T20:41:27.9895495+00:00","EndTime":"2024-07-03T20:41:27.9895496+00:00","Properties":[]},{"TestCase":{"Id":"d8b7842e-0325-f51a-53ca-71685f2a93a8","FullyQualifiedName":"P7CreateRestApi.Tests.RuleNameControllerTests.CreateRuleName_ShouldReturnBadRequest_WhenModelStateIsInvalid","DisplayName":"P7CreateRestApi.Tests.RuleNameControllerTests.CreateRuleName_ShouldReturnBadRequest_WhenModelStateIsInvalid","ExecutorUri":"executor://xunit/VsTestRunner2/netcoreapp","Source":"C:\\Users\\brandon.ku\\source\\repos\\OCProjet7_Findexium\\P7CreateRestApi.Tests\\bin\\Debug\\net8.0\\fine-code-coverage\\build-output\\P7CreateRestApi.Tests.dll","CodeFilePath":null,"LineNumber":0,"Properties":[]},"Attachments":[],"Outcome":1,"ErrorMessage":null,"ErrorStackTrace":null,"DisplayName":"P7CreateRestApi.Tests.RuleNameControllerTests.CreateRuleName_ShouldReturnBadRequest_WhenModelStateIsInvalid","Messages":[],"ComputerName":"PB22039","Duration":"00:00:00.0009476","StartTime":"2024-07-03T20:41:27.9912333+00:00","EndTime":"2024-07-03T20:41:27.9912334+00:00","Properties":[]},{"TestCase":{"Id":"baa4f1e6-b8e5-e956-8ef8-06093465870c","FullyQualifiedName":"P7CreateRestApi.Tests.RatingControllerTests.UpdateRating_ShouldReturnOk_WhenUpdateIsSuccessful","DisplayName":"P7CreateRestApi.Tests.RatingControllerTests.UpdateRating_ShouldReturnOk_WhenUpdateIsSuccessful","ExecutorUri":"executor://xunit/VsTestRunner2/netcoreapp","Source":"C:\\Users\\brandon.ku\\source\\repos\\OCProjet7_Findexium\\P7CreateRestApi.Tests\\bin\\Debug\\net8.0\\fine-code-coverage\\build-output\\P7CreateRestApi.Tests.dll","CodeFilePath":null,"LineNumber":0,"Properties":[]},"Attachments":[],"Outcome":1,"ErrorMessage":null,"ErrorStackTrace":null,"DisplayName":"P7CreateRestApi.Tests.RatingControllerTests.UpdateRating_ShouldReturnOk_WhenUpdateIsSuccessful","Messages":[],"ComputerName":"PB22039","Duration":"00:00:00.0015248","StartTime":"2024-07-03T20:41:27.9928584+00:00","EndTime":"2024-07-03T20:41:27.9928585+00:00","Properties":[]},{"TestCase":{"Id":"d98fbddd-58ff-de9c-af84-bac7101fe18e","FullyQualifiedName":"P7CreateRestApi.Tests.RatingControllerTests.UpdateRating_ShouldReturnBadRequest_WhenRatingIsNull","DisplayName":"P7CreateRestApi.Tests.RatingControllerTests.UpdateRating_ShouldReturnBadRequest_WhenRatingIsNull","ExecutorUri":"executor://xunit/VsTestRunner2/netcoreapp","Source":"C:\\Users\\brandon.ku\\source\\repos\\OCProjet7_Findexium\\P7CreateRestApi.Tests\\bin\\Debug\\net8.0\\fine-code-coverage\\build-output\\P7CreateRestApi.Tests.dll","CodeFilePath":null,"LineNumber":0,"Properties":[]},"Attachments":[],"Outcome":1,"ErrorMessage":null,"ErrorStackTrace":null,"DisplayName":"P7CreateRestApi.Tests.RatingControllerTests.UpdateRating_ShouldReturnBadRequest_WhenRatingIsNull","Messages":[],"ComputerName":"PB22039","Duration":"00:00:00.0004004","StartTime":"2024-07-03T20:41:27.9945802+00:00","EndTime":"2024-07-03T20:41:27.9945802+00:00","Properties":[]},{"TestCase":{"Id":"031001cc-5d0b-6238-e79b-f4c13cb7ca37","FullyQualifiedName":"P7CreateRestApi.Tests.RuleNameControllerTests.UpdateRuleName_ShouldReturnInternalServerError_WhenExceptionIsThrown","DisplayName":"P7CreateRestApi.Tests.RuleNameControllerTests.UpdateRuleName_ShouldReturnInternalServerError_WhenExceptionIsThrown","ExecutorUri":"executor://xunit/VsTestRunner2/netcoreapp","Source":"C:\\Users\\brandon.ku\\source\\repos\\OCProjet7_Findexium\\P7CreateRestApi.Tests\\bin\\Debug\\net8.0\\fine-code-coverage\\build-output\\P7CreateRestApi.Tests.dll","CodeFilePath":null,"LineNumber":0,"Properties":[]},"Attachments":[],"Outcome":1,"ErrorMessage":null,"ErrorStackTrace":null,"DisplayName":"P7CreateRestApi.Tests.RuleNameControllerTests.UpdateRuleName_ShouldReturnInternalServerError_WhenExceptionIsThrown","Messages":[],"ComputerName":"PB22039","Duration":"00:00:00.0010855","StartTime":"2024-07-03T20:41:27.9963607+00:00","EndTime":"2024-07-03T20:41:27.9963608+00:00","Properties":[]},{"TestCase":{"Id":"f76dd0b3-63e8-03e8-08c5-6836856a8d9b","FullyQualifiedName":"P7CreateRestApi.Tests.RatingControllerTests.GetRatingById_ShouldReturnOk_WhenRatingExists","DisplayName":"P7CreateRestApi.Tests.RatingControllerTests.GetRatingById_ShouldReturnOk_WhenRatingExists","ExecutorUri":"executor://xunit/VsTestRunner2/netcoreapp","Source":"C:\\Users\\brandon.ku\\source\\repos\\OCProjet7_Findexium\\P7CreateRestApi.Tests\\bin\\Debug\\net8.0\\fine-code-coverage\\build-output\\P7CreateRestApi.Tests.dll","CodeFilePath":null,"LineNumber":0,"Properties":[]},"Attachments":[],"Outcome":1,"ErrorMessage":null,"ErrorStackTrace":null,"DisplayName":"P7CreateRestApi.Tests.RatingControllerTests.GetRatingById_ShouldReturnOk_WhenRatingExists","Messages":[],"ComputerName":"PB22039","Duration":"00:00:00.0006788","StartTime":"2024-07-03T20:41:27.9981848+00:00","EndTime":"2024-07-03T20:41:27.9981848+00:00","Properties":[]}],"TestRunStatistics":{"ExecutedTests":39,"Stats":{"Passed":39}},"ActiveTests":[{"Id":"cae32895-b18d-1836-1da3-df1ada44f746","FullyQualifiedName":"P7CreateRestApi.Tests.RuleNameControllerTests.DeleteRuleName_ShouldReturnInternalServerError_WhenExceptionIsThrown","DisplayName":"P7CreateRestApi.Tests.RuleNameControllerTests.DeleteRuleName_ShouldReturnInternalServerError_WhenExceptionIsThrown","ExecutorUri":"executor://xunit/VsTestRunner2/netcoreapp","Source":"C:\\Users\\brandon.ku\\source\\repos\\OCProjet7_Findexium\\P7CreateRestApi.Tests\\bin\\Debug\\net8.0\\fine-code-coverage\\build-output\\P7CreateRestApi.Tests.dll","CodeFilePath":null,"LineNumber":0,"Properties":[]},{"Id":"dbca75b3-336f-a32a-97e5-95b1fe92e15d","FullyQualifiedName":"P7CreateRestApi.Tests.RatingControllerTests.UpdateRating_ShouldReturnNotFound_WhenRatingDoesNotExist","DisplayName":"P7CreateRestApi.Tests.RatingControllerTests.UpdateRating_ShouldReturnNotFound_WhenRatingDoesNotExist","ExecutorUri":"executor://xunit/VsTestRunner2/netcoreapp","Source":"C:\\Users\\brandon.ku\\source\\repos\\OCProjet7_Findexium\\P7CreateRestApi.Tests\\bin\\Debug\\net8.0\\fine-code-coverage\\build-output\\P7CreateRestApi.Tests.dll","CodeFilePath":null,"LineNumber":0,"Properties":[]}]}}
TpTrace Verbose: 0 : 19260, 16, 2024/07/03, 22:41:27.999, 355543956687, testhost.dll, TestRunCache: OnNewTestResult: Notified the onCacheHit callback.
TpTrace Verbose: 0 : 19260, 16, 2024/07/03, 22:41:28.000, 355543964620, testhost.dll, MulticastDelegateUtilities.SafeInvoke: TestCaseEventsHandler.RaiseTestCaseStart: Invoking callback 1/1 for Microsoft.VisualStudio.TestPlatform.CrossPlatEngine.DataCollection.ProxyOutOfProcDataCollectionManager., took 0 ms.
TpTrace Verbose: 0 : 19260, 16, 2024/07/03, 22:41:28.000, 355543965492, testhost.dll, TestExecutionRecorder.RecordResult: Received result for test: P7CreateRestApi.Tests.RatingControllerTests.UpdateRating_ShouldReturnNotFound_WhenRatingDoesNotExist.
TpTrace Verbose: 0 : 19260, 16, 2024/07/03, 22:41:28.001, 355543974440, testhost.dll, MulticastDelegateUtilities.SafeInvoke: TestCaseEventsHandler.RaiseTestCaseEnd: Invoking callback 1/1 for Microsoft.VisualStudio.TestPlatform.CrossPlatEngine.DataCollection.ProxyOutOfProcDataCollectionManager., took 0 ms.
TpTrace Verbose: 0 : 19260, 16, 2024/07/03, 22:41:28.001, 355543974843, testhost.dll, MulticastDelegateUtilities.SafeInvoke: TestCaseEventsHandler.RaiseTestCaseEnd: Invoking callback 1/1 for Microsoft.VisualStudio.TestPlatform.CrossPlatEngine.DataCollection.ProxyOutOfProcDataCollectionManager., took 0 ms.
TpTrace Warning: 0 : 19260, 16, 2024/07/03, 22:41:28.001, 355543975066, testhost.dll, TestRunCache: InProgressTests is null
TpTrace Warning: 0 : 19260, 16, 2024/07/03, 22:41:28.001, 355543975197, testhost.dll, TestRunCache: No test found corresponding to testResult 'P7CreateRestApi.Tests.RatingControllerTests.UpdateRating_ShouldReturnNotFound_WhenRatingDoesNotExist' in inProgress list.
TpTrace Verbose: 0 : 19260, 16, 2024/07/03, 22:41:28.001, 355543975471, testhost.dll, TestExecutionRecorder.RecordEnd: test: P7CreateRestApi.Tests.RatingControllerTests.UpdateRating_ShouldReturnNotFound_WhenRatingDoesNotExist execution completed.
TpTrace Warning: 0 : 19260, 16, 2024/07/03, 22:41:28.001, 355543975632, testhost.dll, TestRunCache: InProgressTests is null
TpTrace Verbose: 0 : 19260, 16, 2024/07/03, 22:41:28.001, 355543975932, testhost.dll, TestExecutionRecorder.RecordResult: Received result for test: P7CreateRestApi.Tests.BidListControllerTests.UpdateBid_ShouldReturnNoContent_WhenBidIsValid.
TpTrace Verbose: 0 : 19260, 16, 2024/07/03, 22:41:28.002, 355543984371, testhost.dll, MulticastDelegateUtilities.SafeInvoke: TestCaseEventsHandler.RaiseTestCaseEnd: Invoking callback 1/1 for Microsoft.VisualStudio.TestPlatform.CrossPlatEngine.DataCollection.ProxyOutOfProcDataCollectionManager., took 0 ms.
TpTrace Verbose: 0 : 19260, 16, 2024/07/03, 22:41:28.002, 355543984889, testhost.dll, MulticastDelegateUtilities.SafeInvoke: TestCaseEventsHandler.RaiseTestCaseEnd: Invoking callback 1/1 for Microsoft.VisualStudio.TestPlatform.CrossPlatEngine.DataCollection.ProxyOutOfProcDataCollectionManager., took 0 ms.
TpTrace Warning: 0 : 19260, 16, 2024/07/03, 22:41:28.002, 355543985078, testhost.dll, TestRunCache: InProgressTests is null
TpTrace Warning: 0 : 19260, 16, 2024/07/03, 22:41:28.002, 355543985286, testhost.dll, TestRunCache: No test found corresponding to testResult 'P7CreateRestApi.Tests.BidListControllerTests.UpdateBid_ShouldReturnNoContent_WhenBidIsValid' in inProgress list.
TpTrace Verbose: 0 : 19260, 16, 2024/07/03, 22:41:28.002, 355543985562, testhost.dll, TestExecutionRecorder.RecordEnd: test: P7CreateRestApi.Tests.BidListControllerTests.UpdateBid_ShouldReturnNoContent_WhenBidIsValid execution completed.
TpTrace Warning: 0 : 19260, 16, 2024/07/03, 22:41:28.002, 355543985692, testhost.dll, TestRunCache: InProgressTests is null
TpTrace Verbose: 0 : 19260, 16, 2024/07/03, 22:41:28.002, 355543985960, testhost.dll, TestExecutionRecorder.RecordStart: Starting test: P7CreateRestApi.Tests.BidListControllerTests.UpdateBid_ShouldReturnBadRequest_WhenBidIsInvalid.
TpTrace Verbose: 0 : 19260, 16, 2024/07/03, 22:41:28.003, 355543991722, testhost.dll, MulticastDelegateUtilities.SafeInvoke: TestCaseEventsHandler.RaiseTestCaseStart: Invoking callback 1/1 for Microsoft.VisualStudio.TestPlatform.CrossPlatEngine.DataCollection.ProxyOutOfProcDataCollectionManager., took 0 ms.
TpTrace Verbose: 0 : 19260, 16, 2024/07/03, 22:41:28.003, 355543992301, testhost.dll, TestExecutionRecorder.RecordResult: Received result for test: P7CreateRestApi.Tests.RuleNameControllerTests.DeleteRuleName_ShouldReturnInternalServerError_WhenExceptionIsThrown.
TpTrace Verbose: 0 : 19260, 16, 2024/07/03, 22:41:28.003, 355544000260, testhost.dll, MulticastDelegateUtilities.SafeInvoke: TestCaseEventsHandler.RaiseTestCaseEnd: Invoking callback 1/1 for Microsoft.VisualStudio.TestPlatform.CrossPlatEngine.DataCollection.ProxyOutOfProcDataCollectionManager., took 0 ms.
TpTrace Verbose: 0 : 19260, 16, 2024/07/03, 22:41:28.003, 355544000897, testhost.dll, MulticastDelegateUtilities.SafeInvoke: TestCaseEventsHandler.RaiseTestCaseEnd: Invoking callback 1/1 for Microsoft.VisualStudio.TestPlatform.CrossPlatEngine.DataCollection.ProxyOutOfProcDataCollectionManager., took 0 ms.
TpTrace Warning: 0 : 19260, 16, 2024/07/03, 22:41:28.003, 355544001102, testhost.dll, TestRunCache: No test found corresponding to testResult 'P7CreateRestApi.Tests.RuleNameControllerTests.DeleteRuleName_ShouldReturnInternalServerError_WhenExceptionIsThrown' in inProgress list.
TpTrace Verbose: 0 : 19260, 16, 2024/07/03, 22:41:28.003, 355544001357, testhost.dll, TestExecutionRecorder.RecordEnd: test: P7CreateRestApi.Tests.RuleNameControllerTests.DeleteRuleName_ShouldReturnInternalServerError_WhenExceptionIsThrown execution completed.
TpTrace Verbose: 0 : 19260, 16, 2024/07/03, 22:41:28.004, 355544001676, testhost.dll, TestExecutionRecorder.RecordStart: Starting test: P7CreateRestApi.Tests.RuleNameControllerTests.GetRuleNameById_ShouldReturnOk_WhenRuleNameExists.
TpTrace Verbose: 0 : 19260, 16, 2024/07/03, 22:41:28.004, 355544007912, testhost.dll, MulticastDelegateUtilities.SafeInvoke: TestCaseEventsHandler.RaiseTestCaseStart: Invoking callback 1/1 for Microsoft.VisualStudio.TestPlatform.CrossPlatEngine.DataCollection.ProxyOutOfProcDataCollectionManager., took 0 ms.
TpTrace Verbose: 0 : 19260, 16, 2024/07/03, 22:41:28.004, 355544008486, testhost.dll, TestExecutionRecorder.RecordResult: Received result for test: P7CreateRestApi.Tests.BidListControllerTests.UpdateBid_ShouldReturnBadRequest_WhenBidIsInvalid.
TpTrace Verbose: 0 : 19260, 16, 2024/07/03, 22:41:28.005, 355544014337, testhost.dll, MulticastDelegateUtilities.SafeInvoke: TestCaseEventsHandler.RaiseTestCaseEnd: Invoking callback 1/1 for Microsoft.VisualStudio.TestPlatform.CrossPlatEngine.DataCollection.ProxyOutOfProcDataCollectionManager., took 0 ms.
TpTrace Verbose: 0 : 19260, 16, 2024/07/03, 22:41:28.005, 355544014811, testhost.dll, MulticastDelegateUtilities.SafeInvoke: TestCaseEventsHandler.RaiseTestCaseEnd: Invoking callback 1/1 for Microsoft.VisualStudio.TestPlatform.CrossPlatEngine.DataCollection.ProxyOutOfProcDataCollectionManager., took 0 ms.
TpTrace Verbose: 0 : 19260, 16, 2024/07/03, 22:41:28.005, 355544015210, testhost.dll, TestExecutionRecorder.RecordEnd: test: P7CreateRestApi.Tests.BidListControllerTests.UpdateBid_ShouldReturnBadRequest_WhenBidIsInvalid execution completed.
TpTrace Verbose: 0 : 19260, 16, 2024/07/03, 22:41:28.005, 355544015938, testhost.dll, TestExecutionRecorder.RecordResult: Received result for test: P7CreateRestApi.Tests.RuleNameControllerTests.GetRuleNameById_ShouldReturnOk_WhenRuleNameExists.
TpTrace Verbose: 0 : 19260, 16, 2024/07/03, 22:41:28.006, 355544023200, testhost.dll, MulticastDelegateUtilities.SafeInvoke: TestCaseEventsHandler.RaiseTestCaseEnd: Invoking callback 1/1 for Microsoft.VisualStudio.TestPlatform.CrossPlatEngine.DataCollection.ProxyOutOfProcDataCollectionManager., took 0 ms.
TpTrace Verbose: 0 : 19260, 16, 2024/07/03, 22:41:28.006, 355544023657, testhost.dll, MulticastDelegateUtilities.SafeInvoke: TestCaseEventsHandler.RaiseTestCaseEnd: Invoking callback 1/1 for Microsoft.VisualStudio.TestPlatform.CrossPlatEngine.DataCollection.ProxyOutOfProcDataCollectionManager., took 0 ms.
TpTrace Verbose: 0 : 19260, 16, 2024/07/03, 22:41:28.006, 355544024161, testhost.dll, TestExecutionRecorder.RecordEnd: test: P7CreateRestApi.Tests.RuleNameControllerTests.GetRuleNameById_ShouldReturnOk_WhenRuleNameExists execution completed.
TpTrace Warning: 0 : 19260, 16, 2024/07/03, 22:41:28.006, 355544024564, testhost.dll, TestRunCache: InProgressTests is null
TpTrace Verbose: 0 : 19260, 16, 2024/07/03, 22:41:28.006, 355544024824, testhost.dll, TestExecutionRecorder.RecordStart: Starting test: P7CreateRestApi.Tests.RuleNameControllerTests.UpdateRuleName_ShouldReturnNotFound_WhenRuleNameDoesNotExist.
TpTrace Verbose: 0 : 19260, 16, 2024/07/03, 22:41:28.007, 355544031732, testhost.dll, MulticastDelegateUtilities.SafeInvoke: TestCaseEventsHandler.RaiseTestCaseStart: Invoking callback 1/1 for Microsoft.VisualStudio.TestPlatform.CrossPlatEngine.DataCollection.ProxyOutOfProcDataCollectionManager., took 0 ms.
TpTrace Verbose: 0 : 19260, 16, 2024/07/03, 22:41:28.007, 355544032337, testhost.dll, TestExecutionRecorder.RecordResult: Received result for test: P7CreateRestApi.Tests.CurveControllerTests.GetCurvePointById_ShouldReturnOk_WhenCurvePointExists.
TpTrace Verbose: 0 : 19260, 16, 2024/07/03, 22:41:28.007, 355544039098, testhost.dll, MulticastDelegateUtilities.SafeInvoke: TestCaseEventsHandler.RaiseTestCaseEnd: Invoking callback 1/1 for Microsoft.VisualStudio.TestPlatform.CrossPlatEngine.DataCollection.ProxyOutOfProcDataCollectionManager., took 0 ms.
TpTrace Verbose: 0 : 19260, 16, 2024/07/03, 22:41:28.007, 355544039554, testhost.dll, MulticastDelegateUtilities.SafeInvoke: TestCaseEventsHandler.RaiseTestCaseEnd: Invoking callback 1/1 for Microsoft.VisualStudio.TestPlatform.CrossPlatEngine.DataCollection.ProxyOutOfProcDataCollectionManager., took 0 ms.
TpTrace Warning: 0 : 19260, 16, 2024/07/03, 22:41:28.007, 355544039746, testhost.dll, TestRunCache: No test found corresponding to testResult 'P7CreateRestApi.Tests.CurveControllerTests.GetCurvePointById_ShouldReturnOk_WhenCurvePointExists' in inProgress list.
TpTrace Verbose: 0 : 19260, 16, 2024/07/03, 22:41:28.007, 355544039974, testhost.dll, TestExecutionRecorder.RecordEnd: test: P7CreateRestApi.Tests.CurveControllerTests.GetCurvePointById_ShouldReturnOk_WhenCurvePointExists execution completed.
TpTrace Verbose: 0 : 19260, 16, 2024/07/03, 22:41:28.007, 355544040178, testhost.dll, TestExecutionRecorder.RecordStart: Starting test: P7CreateRestApi.Tests.CurveControllerTests.GetCurvePointById_ShouldReturnNotFound_WhenCurvePointDoesNotExist.
TpTrace Verbose: 0 : 19260, 16, 2024/07/03, 22:41:28.008, 355544046373, testhost.dll, MulticastDelegateUtilities.SafeInvoke: TestCaseEventsHandler.RaiseTestCaseStart: Invoking callback 1/1 for Microsoft.VisualStudio.TestPlatform.CrossPlatEngine.DataCollection.ProxyOutOfProcDataCollectionManager., took 0 ms.
TpTrace Verbose: 0 : 19260, 16, 2024/07/03, 22:41:28.008, 355544047311, testhost.dll, TestExecutionRecorder.RecordResult: Received result for test: P7CreateRestApi.Tests.CurveControllerTests.GetCurvePointById_ShouldReturnNotFound_WhenCurvePointDoesNotExist.
TpTrace Verbose: 0 : 19260, 16, 2024/07/03, 22:41:28.009, 355544055780, testhost.dll, MulticastDelegateUtilities.SafeInvoke: TestCaseEventsHandler.RaiseTestCaseEnd: Invoking callback 1/1 for Microsoft.VisualStudio.TestPlatform.CrossPlatEngine.DataCollection.ProxyOutOfProcDataCollectionManager., took 0 ms.
TpTrace Verbose: 0 : 19260, 16, 2024/07/03, 22:41:28.009, 355544056257, testhost.dll, MulticastDelegateUtilities.SafeInvoke: TestCaseEventsHandler.RaiseTestCaseEnd: Invoking callback 1/1 for Microsoft.VisualStudio.TestPlatform.CrossPlatEngine.DataCollection.ProxyOutOfProcDataCollectionManager., took 0 ms.
TpTrace Verbose: 0 : 19260, 16, 2024/07/03, 22:41:28.009, 355544056550, testhost.dll, TestExecutionRecorder.RecordEnd: test: P7CreateRestApi.Tests.CurveControllerTests.GetCurvePointById_ShouldReturnNotFound_WhenCurvePointDoesNotExist execution completed.
TpTrace Verbose: 0 : 19260, 16, 2024/07/03, 22:41:28.009, 355544056827, testhost.dll, TestExecutionRecorder.RecordResult: Received result for test: P7CreateRestApi.Tests.RuleNameControllerTests.UpdateRuleName_ShouldReturnNotFound_WhenRuleNameDoesNotExist.
TpTrace Verbose: 0 : 19260, 16, 2024/07/03, 22:41:28.010, 355544064540, testhost.dll, MulticastDelegateUtilities.SafeInvoke: TestCaseEventsHandler.RaiseTestCaseEnd: Invoking callback 1/1 for Microsoft.VisualStudio.TestPlatform.CrossPlatEngine.DataCollection.ProxyOutOfProcDataCollectionManager., took 0 ms.
TpTrace Verbose: 0 : 19260, 16, 2024/07/03, 22:41:28.010, 355544065097, testhost.dll, MulticastDelegateUtilities.SafeInvoke: TestCaseEventsHandler.RaiseTestCaseEnd: Invoking callback 1/1 for Microsoft.VisualStudio.TestPlatform.CrossPlatEngine.DataCollection.ProxyOutOfProcDataCollectionManager., took 0 ms.
TpTrace Verbose: 0 : 19260, 16, 2024/07/03, 22:41:28.010, 355544065415, testhost.dll, TestExecutionRecorder.RecordEnd: test: P7CreateRestApi.Tests.RuleNameControllerTests.UpdateRuleName_ShouldReturnNotFound_WhenRuleNameDoesNotExist execution completed.
TpTrace Warning: 0 : 19260, 16, 2024/07/03, 22:41:28.010, 355544065551, testhost.dll, TestRunCache: InProgressTests is null
TpTrace Information: 0 : 19260, 4, 2024/07/03, 22:41:28.011, 355544076147, testhost.dll, [xUnit.net 00:00:00.58]   Finished:    P7CreateRestApi.Tests
TpTrace Verbose: 0 : 19260, 4, 2024/07/03, 22:41:28.011, 355544076744, testhost.dll, TestRequestHandler.SendData: sending data from testhost: {"Version":7,"MessageType":"TestSession.Message","Payload":{"MessageLevel":0,"Message":"[xUnit.net 00:00:00.58]   Finished:    P7CreateRestApi.Tests"}}
TpTrace Verbose: 0 : 19260, 4, 2024/07/03, 22:41:28.011, 355544077597, testhost.dll, MulticastDelegateUtilities.SafeInvoke: TestRunMessageLoggerProxy.SendMessage: Invoking callback 1/1 for Microsoft.VisualStudio.TestPlatform.CrossPlatEngine.Execution.RunTestsWithSources., took 0 ms.
TpTrace Verbose: 0 : 19260, 4, 2024/07/03, 22:41:28.014, 355544102111, testhost.dll, BaseRunTests.RunTestInternalWithExecutors: Completed running tests for executor://xunit/VsTestRunner2/netcoreapp
TpTrace Verbose: 0 : 19260, 4, 2024/07/03, 22:41:28.015, 355544113208, testhost.dll, MulticastDelegateUtilities.SafeInvoke: TestCaseEventsHandler.RaiseSessionEnd: Invoking callback 1/1 for Microsoft.VisualStudio.TestPlatform.CrossPlatEngine.DataCollection.ProxyOutOfProcDataCollectionManager., took 0 ms.
TpTrace Information: 0 : 19260, 4, 2024/07/03, 22:41:28.017, 355544133312, testhost.dll, Sending test run complete
TpTrace Verbose: 0 : 19260, 4, 2024/07/03, 22:41:28.028, 355544242436, testhost.dll, TestRequestHandler.SendData: sending data from testhost: {"Version":7,"MessageType":"TestExecution.Completed","Payload":{"TestRunCompleteArgs":{"TestRunStatistics":{"ExecutedTests":47,"Stats":{"Passed":47}},"IsCanceled":false,"IsAborted":false,"Error":null,"AttachmentSets":[],"InvokedDataCollectors":[],"ElapsedTimeInRunningTests":"00:00:00.6047517","Metrics":{},"DiscoveredExtensions":{"TestDiscoverers":["Xunit.Runner.VisualStudio.VsTestRunner, xunit.runner.visualstudio.dotnetcore.testadapter, Version=2.5.0.0, Culture=neutral, PublicKeyToken=null","Xunit.Runner.VisualStudio.VsTestRunner, xunit.runner.visualstudio.testadapter, Version=2.8.1.0, Culture=neutral, PublicKeyToken=null"],"TestExecutors":["executor://xunit/VsTestRunner2/netcoreapp"],"TestExecutors2":[],"TestSettingsProviders":[]}},"LastRunTests":{"NewTestResults":[{"TestCase":{"Id":"dbca75b3-336f-a32a-97e5-95b1fe92e15d","FullyQualifiedName":"P7CreateRestApi.Tests.RatingControllerTests.UpdateRating_ShouldReturnNotFound_WhenRatingDoesNotExist","DisplayName":"P7CreateRestApi.Tests.RatingControllerTests.UpdateRating_ShouldReturnNotFound_WhenRatingDoesNotExist","ExecutorUri":"executor://xunit/VsTestRunner2/netcoreapp","Source":"C:\\Users\\brandon.ku\\source\\repos\\OCProjet7_Findexium\\P7CreateRestApi.Tests\\bin\\Debug\\net8.0\\fine-code-coverage\\build-output\\P7CreateRestApi.Tests.dll","CodeFilePath":null,"LineNumber":0,"Properties":[]},"Attachments":[],"Outcome":1,"ErrorMessage":null,"ErrorStackTrace":null,"DisplayName":"P7CreateRestApi.Tests.RatingControllerTests.UpdateRating_ShouldReturnNotFound_WhenRatingDoesNotExist","Messages":[],"ComputerName":"PB22039","Duration":"00:00:00.0005987","StartTime":"2024-07-03T20:41:28.0003826+00:00","EndTime":"2024-07-03T20:41:28.0003827+00:00","Properties":[]},{"TestCase":{"Id":"12c6e959-9a79-5ab3-cd1c-736fd703afae","FullyQualifiedName":"P7CreateRestApi.Tests.BidListControllerTests.UpdateBid_ShouldReturnNoContent_WhenBidIsValid","DisplayName":"P7CreateRestApi.Tests.BidListControllerTests.UpdateBid_ShouldReturnNoContent_WhenBidIsValid","ExecutorUri":"executor://xunit/VsTestRunner2/netcoreapp","Source":"C:\\Users\\brandon.ku\\source\\repos\\OCProjet7_Findexium\\P7CreateRestApi.Tests\\bin\\Debug\\net8.0\\fine-code-coverage\\build-output\\P7CreateRestApi.Tests.dll","CodeFilePath":null,"LineNumber":0,"Properties":[]},"Attachments":[],"Outcome":1,"ErrorMessage":null,"ErrorStackTrace":null,"DisplayName":"P7CreateRestApi.Tests.BidListControllerTests.UpdateBid_ShouldReturnNoContent_WhenBidIsValid","Messages":[],"ComputerName":"PB22039","Duration":"00:00:00.0082264","StartTime":"2024-07-03T20:41:28.0014277+00:00","EndTime":"2024-07-03T20:41:28.0014277+00:00","Properties":[]},{"TestCase":{"Id":"cae32895-b18d-1836-1da3-df1ada44f746","FullyQualifiedName":"P7CreateRestApi.Tests.RuleNameControllerTests.DeleteRuleName_ShouldReturnInternalServerError_WhenExceptionIsThrown","DisplayName":"P7CreateRestApi.Tests.RuleNameControllerTests.DeleteRuleName_ShouldReturnInternalServerError_WhenExceptionIsThrown","ExecutorUri":"executor://xunit/VsTestRunner2/netcoreapp","Source":"C:\\Users\\brandon.ku\\source\\repos\\OCProjet7_Findexium\\P7CreateRestApi.Tests\\bin\\Debug\\net8.0\\fine-code-coverage\\build-output\\P7CreateRestApi.Tests.dll","CodeFilePath":null,"LineNumber":0,"Properties":[]},"Attachments":[],"Outcome":1,"ErrorMessage":null,"ErrorStackTrace":null,"DisplayName":"P7CreateRestApi.Tests.RuleNameControllerTests.DeleteRuleName_ShouldReturnInternalServerError_WhenExceptionIsThrown","Messages":[],"ComputerName":"PB22039","Duration":"00:00:00.0015900","StartTime":"2024-07-03T20:41:28.0030647+00:00","EndTime":"2024-07-03T20:41:28.0030648+00:00","Properties":[]},{"TestCase":{"Id":"a3e7ad76-d15f-211f-1eea-c5ced5e83268","FullyQualifiedName":"P7CreateRestApi.Tests.BidListControllerTests.UpdateBid_ShouldReturnBadRequest_WhenBidIsInvalid","DisplayName":"P7CreateRestApi.Tests.BidListControllerTests.UpdateBid_ShouldReturnBadRequest_WhenBidIsInvalid","ExecutorUri":"executor://xunit/VsTestRunner2/netcoreapp","Source":"C:\\Users\\brandon.ku\\source\\repos\\OCProjet7_Findexium\\P7CreateRestApi.Tests\\bin\\Debug\\net8.0\\fine-code-coverage\\build-output\\P7CreateRestApi.Tests.dll","CodeFilePath":null,"LineNumber":0,"Properties":[]},"Attachments":[],"Outcome":1,"ErrorMessage":null,"ErrorStackTrace":null,"DisplayName":"P7CreateRestApi.Tests.BidListControllerTests.UpdateBid_ShouldReturnBadRequest_WhenBidIsInvalid","Messages":[],"ComputerName":"PB22039","Duration":"00:00:00.0009125","StartTime":"2024-07-03T20:41:28.0046836+00:00","EndTime":"2024-07-03T20:41:28.0046837+00:00","Properties":[]},{"TestCase":{"Id":"f9177806-8d67-96e6-835d-7d09aa32bbeb","FullyQualifiedName":"P7CreateRestApi.Tests.RuleNameControllerTests.GetRuleNameById_ShouldReturnOk_WhenRuleNameExists","DisplayName":"P7CreateRestApi.Tests.RuleNameControllerTests.GetRuleNameById_ShouldReturnOk_WhenRuleNameExists","ExecutorUri":"executor://xunit/VsTestRunner2/netcoreapp","Source":"C:\\Users\\brandon.ku\\source\\repos\\OCProjet7_Findexium\\P7CreateRestApi.Tests\\bin\\Debug\\net8.0\\fine-code-coverage\\build-output\\P7CreateRestApi.Tests.dll","CodeFilePath":null,"LineNumber":0,"Properties":[]},"Attachments":[],"Outcome":1,"ErrorMessage":null,"ErrorStackTrace":null,"DisplayName":"P7CreateRestApi.Tests.RuleNameControllerTests.GetRuleNameById_ShouldReturnOk_WhenRuleNameExists","Messages":[],"ComputerName":"PB22039","Duration":"00:00:00.0013234","StartTime":"2024-07-03T20:41:28.0054233+00:00","EndTime":"2024-07-03T20:41:28.0054233+00:00","Properties":[]},{"TestCase":{"Id":"43ad2954-1427-403a-982e-02d035cc5056","FullyQualifiedName":"P7CreateRestApi.Tests.CurveControllerTests.GetCurvePointById_ShouldReturnOk_WhenCurvePointExists","DisplayName":"P7CreateRestApi.Tests.CurveControllerTests.GetCurvePointById_ShouldReturnOk_WhenCurvePointExists","ExecutorUri":"executor://xunit/VsTestRunner2/netcoreapp","Source":"C:\\Users\\brandon.ku\\source\\repos\\OCProjet7_Findexium\\P7CreateRestApi.Tests\\bin\\Debug\\net8.0\\fine-code-coverage\\build-output\\P7CreateRestApi.Tests.dll","CodeFilePath":null,"LineNumber":0,"Properties":[]},"Attachments":[],"Outcome":1,"ErrorMessage":null,"ErrorStackTrace":null,"DisplayName":"P7CreateRestApi.Tests.CurveControllerTests.GetCurvePointById_ShouldReturnOk_WhenCurvePointExists","Messages":[],"ComputerName":"PB22039","Duration":"00:00:00.0078790","StartTime":"2024-07-03T20:41:28.0070687+00:00","EndTime":"2024-07-03T20:41:28.0070687+00:00","Properties":[]},{"TestCase":{"Id":"2c08be2e-5f1c-5e40-3858-1b034da14d4d","FullyQualifiedName":"P7CreateRestApi.Tests.CurveControllerTests.GetCurvePointById_ShouldReturnNotFound_WhenCurvePointDoesNotExist","DisplayName":"P7CreateRestApi.Tests.CurveControllerTests.GetCurvePointById_ShouldReturnNotFound_WhenCurvePointDoesNotExist","ExecutorUri":"executor://xunit/VsTestRunner2/netcoreapp","Source":"C:\\Users\\brandon.ku\\source\\repos\\OCProjet7_Findexium\\P7CreateRestApi.Tests\\bin\\Debug\\net8.0\\fine-code-coverage\\build-output\\P7CreateRestApi.Tests.dll","CodeFilePath":null,"LineNumber":0,"Properties":[]},"Attachments":[],"Outcome":1,"ErrorMessage":null,"ErrorStackTrace":null,"DisplayName":"P7CreateRestApi.Tests.CurveControllerTests.GetCurvePointById_ShouldReturnNotFound_WhenCurvePointDoesNotExist","Messages":[],"ComputerName":"PB22039","Duration":"00:00:00.0012499","StartTime":"2024-07-03T20:41:28.008562+00:00","EndTime":"2024-07-03T20:41:28.0085621+00:00","Properties":[]},{"TestCase":{"Id":"32521a47-69cb-9a7e-5671-e3bbb3fb3480","FullyQualifiedName":"P7CreateRestApi.Tests.RuleNameControllerTests.UpdateRuleName_ShouldReturnNotFound_WhenRuleNameDoesNotExist","DisplayName":"P7CreateRestApi.Tests.RuleNameControllerTests.UpdateRuleName_ShouldReturnNotFound_WhenRuleNameDoesNotExist","ExecutorUri":"executor://xunit/VsTestRunner2/netcoreapp","Source":"C:\\Users\\brandon.ku\\source\\repos\\OCProjet7_Findexium\\P7CreateRestApi.Tests\\bin\\Debug\\net8.0\\fine-code-coverage\\build-output\\P7CreateRestApi.Tests.dll","CodeFilePath":null,"LineNumber":0,"Properties":[]},"Attachments":[],"Outcome":1,"ErrorMessage":null,"ErrorStackTrace":null,"DisplayName":"P7CreateRestApi.Tests.RuleNameControllerTests.UpdateRuleName_ShouldReturnNotFound_WhenRuleNameDoesNotExist","Messages":[],"ComputerName":"PB22039","Duration":"00:00:00.0016011","StartTime":"2024-07-03T20:41:28.0095185+00:00","EndTime":"2024-07-03T20:41:28.0095185+00:00","Properties":[]}],"TestRunStatistics":{"ExecutedTests":47,"Stats":{"Passed":47}},"ActiveTests":[]},"RunAttachments":[],"ExecutorUris":["executor://xunit/VsTestRunner2/netcoreapp"]}}
TpTrace Verbose: 0 : 19260, 4, 2024/07/03, 22:41:28.028, 355544247068, testhost.dll, BaseRunTests.RunTests: Run is complete.
TpTrace Verbose: 0 : 19260, 9, 2024/07/03, 22:41:28.029, 355544254699, testhost.dll, TcpClientExtensions.MessageLoopAsync: NotifyDataAvailable remoteEndPoint: [::ffff:127.0.0.1]:50615 localEndPoint: [::ffff:127.0.0.1]:50616
TpTrace Information: 0 : 19260, 9, 2024/07/03, 22:41:28.029, 355544257713, testhost.dll, TestRequestHandler.OnMessageReceived: received message: (TestSession.Terminate) -> {"MessageType":"TestSession.Terminate","Payload":null}
TpTrace Information: 0 : 19260, 9, 2024/07/03, 22:41:28.029, 355544257977, testhost.dll, Session End message received from server. Closing the connection.
TpTrace Information: 0 : 19260, 9, 2024/07/03, 22:41:28.030, 355544262795, testhost.dll, SocketClient.Stop: Stop communication from server endpoint: 127.0.0.1:050615
TpTrace Information: 0 : 19260, 9, 2024/07/03, 22:41:28.030, 355544263204, testhost.dll, SocketClient: Stop: Cancellation requested. Stopping message loop.
TpTrace Verbose: 0 : 19260, 9, 2024/07/03, 22:41:28.030, 355544265199, testhost.dll, LengthPrefixCommunicationChannel.Dispose: Dispose reader and writer.
TpTrace Information: 0 : 19260, 9, 2024/07/03, 22:41:28.030, 355544265548, testhost.dll, Closing the connection !
TpTrace Verbose: 0 : 19260, 9, 2024/07/03, 22:41:28.030, 355544265803, testhost.dll, MulticastDelegateUtilities.SafeInvoke: LengthPrefixCommunicationChannel: MessageReceived: Invoking callback 1/1 for Microsoft.VisualStudio.TestPlatform.CommunicationUtilities.TestRequestHandler., took 0 ms.
TpTrace Information: 0 : 19260, 9, 2024/07/03, 22:41:28.030, 355544268393, testhost.dll, SocketClient.PrivateStop: Stop communication from server endpoint: 127.0.0.1:050615, error:
TpTrace Information: 0 : 19260, 1, 2024/07/03, 22:41:28.030, 355544269558, testhost.dll, Closing the connection!
TpTrace Verbose: 0 : 19260, 9, 2024/07/03, 22:41:28.030, 355544270058, testhost.dll, LengthPrefixCommunicationChannel.Dispose: Dispose reader and writer.
TpTrace Verbose: 0 : 19260, 9, 2024/07/03, 22:41:28.030, 355544270377, testhost.dll, TcpClientExtensions.MessageLoopAsync: exiting MessageLoopAsync remoteEndPoint: [::ffff:127.0.0.1]:50615 localEndPoint: [::ffff:127.0.0.1]:50616
TpTrace Information: 0 : 19260, 1, 2024/07/03, 22:41:28.030, 355544270771, testhost.dll, Testhost process exiting.
