TpTrace Verbose: 0 : 5848, 1, 2024/07/03, 23:10:02.805, 372692021553, testhost.dll, Version: 17.8.0 Current process architecture: X64
TpTrace Verbose: 0 : 5848, 1, 2024/07/03, 23:10:02.809, 372692059618, testhost.dll, Runtime location: C:\Program Files\dotnet\shared\Microsoft.NETCore.App\8.0.6
TpTrace Information: 0 : 5848, 1, 2024/07/03, 23:10:02.813, 372692092874, testhost.dll, DefaultEngineInvoker.Invoke: Testhost process started with args :[--port, 51240],[--endpoint, 127.0.0.1:051240],[--role, client],[--parentprocessid, 24104],[--diag, C:\Users\brandon.ku\source\repos\OCProjet7_Findexium\P7CreateRestApi.Tests\bin\Debug\net8.0\fine-code-coverage\coverage-tool-output\diagnostics.host.24-07-03_23-10-02_36598_5.log],[--tracelevel, 4],[--datacollectionport, 51238],[--telemetryoptedin, false]
TpTrace Information: 0 : 5848, 1, 2024/07/03, 23:10:02.813, 372692100480, testhost.dll, Setting up debug trace listener.
TpTrace Verbose: 0 : 5848, 1, 2024/07/03, 23:10:02.814, 372692102846, testhost.dll, TestPlatformTraceListener.Setup: Replacing listener System.Diagnostics.DefaultTraceListener with TestHostTraceListener.
TpTrace Verbose: 0 : 5848, 1, 2024/07/03, 23:10:02.814, 372692103848, testhost.dll, TestPlatformTraceListener.Setup: Added test platform trace listener.
TpTrace Information: 0 : 5848, 1, 2024/07/03, 23:10:02.814, 372692105823, testhost.dll, DefaultEngineInvoker.SetParentProcessExitCallback: Monitoring parent process with id: '24104'
TpTrace Information: 0 : 5848, 1, 2024/07/03, 23:10:02.827, 372692241064, testhost.dll, DefaultEngineInvoker.GetConnectionInfo: Initialize communication on endpoint address: '127.0.0.1:051240'
TpTrace Information: 0 : 5848, 1, 2024/07/03, 23:10:02.859, 372692559183, testhost.dll, SocketClient.Start: connecting to server endpoint: 127.0.0.1:051240
TpTrace Information: 0 : 5848, 7, 2024/07/03, 23:10:02.881, 372692780766, testhost.dll, SocketClient.OnServerConnected: connected to server endpoint: 127.0.0.1:051240
TpTrace Verbose: 0 : 5848, 7, 2024/07/03, 23:10:02.883, 372692801537, testhost.dll, MulticastDelegateUtilities.SafeInvoke: SocketClient: ServerConnected: Invoking callback 1/1 for Microsoft.VisualStudio.TestPlatform.CommunicationUtilities.TestRequestHandler., took 0 ms.
TpTrace Verbose: 0 : 5848, 7, 2024/07/03, 23:10:02.884, 372692802797, testhost.dll, Connected to server, and starting MessageLoopAsync
TpTrace Information: 0 : 5848, 1, 2024/07/03, 23:10:02.884, 372692811044, testhost.dll, DefaultEngineInvoker.ConnectToDatacollector: Connecting to datacollector, port: 51238
TpTrace Information: 0 : 5848, 1, 2024/07/03, 23:10:02.886, 372692824024, testhost.dll, Trying to connect to server on socket : 127.0.0.1:51238 
TpTrace Verbose: 0 : 5848, 1, 2024/07/03, 23:10:02.886, 372692827055, testhost.dll, SocketCommunicationManager : SetupClientAsync : Attempting to connect to the server.
TpTrace Information: 0 : 5848, 11, 2024/07/03, 23:10:02.889, 372692859886, testhost.dll, Connected to the server successfully 
TpTrace Information: 0 : 5848, 11, 2024/07/03, 23:10:02.890, 372692863608, testhost.dll, Using the buffer size of 16384 bytes
TpTrace Verbose: 0 : 5848, 1, 2024/07/03, 23:10:02.890, 372692864663, testhost.dll, SocketCommunicationManager.WaitForServerConnection took: 0 ms, with 90000 ms timeout, and finished with True.
TpTrace Information: 0 : 5848, 1, 2024/07/03, 23:10:02.890, 372692866805, testhost.dll, DefaultEngineInvoker.Invoke: Start Request Processing.
TpTrace Verbose: 0 : 5848, 7, 2024/07/03, 23:10:02.891, 372692876644, testhost.dll, TcpClientExtensions.MessageLoopAsync: Polling on remoteEndPoint: [::ffff:127.0.0.1]:51240 localEndPoint: [::ffff:127.0.0.1]:51241
TpTrace Information: 0 : 5848, 12, 2024/07/03, 23:10:02.891, 372692876917, testhost.dll, DefaultEngineInvoker.StartProcessingAsync: Connected to vstest.console, Starting process requests.
TpTrace Verbose: 0 : 5848, 7, 2024/07/03, 23:10:02.891, 372692877282, testhost.dll, TcpClientExtensions.MessageLoopAsync: NotifyDataAvailable remoteEndPoint: [::ffff:127.0.0.1]:51240 localEndPoint: [::ffff:127.0.0.1]:51241
TpTrace Information: 0 : 5848, 7, 2024/07/03, 23:10:02.893, 372692899215, testhost.dll, TestRequestHandler.OnMessageReceived: received message: (ProtocolVersion) -> {"MessageType":"ProtocolVersion","Payload":7}
TpTrace Verbose: 0 : 5848, 7, 2024/07/03, 23:10:03.122, 372695190344, testhost.dll, TestRequestHandler.SendData: sending data from testhost: {"Version":7,"MessageType":"TestSession.Message","Payload":{"MessageLevel":0,"Message":"Journalisation des diagnostics TestHost dans le fichier : C:\\Users\\brandon.ku\\source\\repos\\OCProjet7_Findexium\\P7CreateRestApi.Tests\\bin\\Debug\\net8.0\\fine-code-coverage\\coverage-tool-output\\diagnostics.host.24-07-03_23-10-02_36598_5.log"}}
TpTrace Verbose: 0 : 5848, 7, 2024/07/03, 23:10:03.123, 372695193720, testhost.dll, MulticastDelegateUtilities.SafeInvoke: LengthPrefixCommunicationChannel: MessageReceived: Invoking callback 1/1 for Microsoft.VisualStudio.TestPlatform.CommunicationUtilities.TestRequestHandler., took 231 ms.
TpTrace Verbose: 0 : 5848, 7, 2024/07/03, 23:10:03.123, 372695194093, testhost.dll, TcpClientExtensions.MessageLoopAsync: Polling on remoteEndPoint: [::ffff:127.0.0.1]:51240 localEndPoint: [::ffff:127.0.0.1]:51241
TpTrace Verbose: 0 : 5848, 7, 2024/07/03, 23:10:03.123, 372695194408, testhost.dll, TcpClientExtensions.MessageLoopAsync: NotifyDataAvailable remoteEndPoint: [::ffff:127.0.0.1]:51240 localEndPoint: [::ffff:127.0.0.1]:51241
TpTrace Information: 0 : 5848, 7, 2024/07/03, 23:10:03.123, 372695196879, testhost.dll, TestRequestHandler.OnMessageReceived: received message: (TestExecution.Initialize) -> {"Version":7,"MessageType":"TestExecution.Initialize","Payload":["C:\\Users\\brandon.ku\\source\\repos\\OCProjet7_Findexium\\P7CreateRestApi.Tests\\bin\\Debug\\net8.0\\fine-code-coverage\\build-output\\xunit.runner.visualstudio.dotnetcore.testadapter.dll","C:\\Users\\brandon.ku\\source\\repos\\OCProjet7_Findexium\\P7CreateRestApi.Tests\\bin\\Debug\\net8.0\\fine-code-coverage\\build-output\\xunit.runner.visualstudio.testadapter.dll"]}
TpTrace Verbose: 0 : 5848, 7, 2024/07/03, 23:10:03.131, 372695273730, testhost.dll, MulticastDelegateUtilities.SafeInvoke: LengthPrefixCommunicationChannel: MessageReceived: Invoking callback 1/1 for Microsoft.VisualStudio.TestPlatform.CommunicationUtilities.TestRequestHandler., took 7 ms.
TpTrace Verbose: 0 : 5848, 7, 2024/07/03, 23:10:03.131, 372695275223, testhost.dll, TcpClientExtensions.MessageLoopAsync: Polling on remoteEndPoint: [::ffff:127.0.0.1]:51240 localEndPoint: [::ffff:127.0.0.1]:51241
TpTrace Verbose: 0 : 5848, 7, 2024/07/03, 23:10:03.131, 372695275749, testhost.dll, TcpClientExtensions.MessageLoopAsync: NotifyDataAvailable remoteEndPoint: [::ffff:127.0.0.1]:51240 localEndPoint: [::ffff:127.0.0.1]:51241
TpTrace Information: 0 : 5848, 7, 2024/07/03, 23:10:03.131, 372695276765, testhost.dll, TestRequestHandler.OnMessageReceived: received message: (TestExecution.StartWithSources) -> {"Version":7,"MessageType":"TestExecution.StartWithSources","Payload":{"AdapterSourceMap":{"_none_":["C:\\Users\\brandon.ku\\source\\repos\\OCProjet7_Findexium\\P7CreateRestApi.Tests\\bin\\Debug\\net8.0\\fine-code-coverage\\build-output\\P7CreateRestApi.Tests.dll"]},"RunSettings":"<RunSettings>\r\n  <RunConfiguration>\r\n    <ResultsDirectory>C:\\Users\\brandon.ku\\source\\repos\\OCProjet7_Findexium\\P7CreateRestApi.Tests\\bin\\Debug\\net8.0\\fine-code-coverage\\coverage-tool-output</ResultsDirectory>\r\n    <TargetFrameworkVersion>.NETCoreApp,Version=v8.0</TargetFrameworkVersion>\r\n    <DesignMode>False</DesignMode>\r\n    <CollectSourceInformation>False</CollectSourceInformation>\r\n  </RunConfiguration>\r\n  <LoggerRunSettings>\r\n    <Loggers>\r\n      <Logger friendlyName=\"blame\" enabled=\"True\" />\r\n      <Logger friendlyName=\"Console\" uri=\"logger://microsoft/TestPlatform/ConsoleLogger/v1\" assemblyQualifiedName=\"Microsoft.VisualStudio.TestPlatform.CommandLine.Internal.ConsoleLogger, vstest.console, Version=15.0.0.0, Culture=neutral, PublicKeyToken=b03f5f7f11d50a3a\" codeBase=\"C:\\Program Files\\dotnet\\sdk\\8.0.302\\vstest.console.dll\" enabled=\"True\" />\r\n    </Loggers>\r\n  </LoggerRunSettings>\r\n  <DataCollectionRunSettings>\r\n    <DataCollectors>\r\n      <DataCollector friendlyName=\"blame\" enabled=\"True\">\r\n        <Configuration>\r\n          <ResultsDirectory>C:\\Users\\brandon.ku\\source\\repos\\OCProjet7_Findexium\\P7CreateRestApi.Tests\\bin\\Debug\\net8.0\\fine-code-coverage\\coverage-tool-output</ResultsDirectory>\r\n        </Configuration>\r\n      </DataCollector>\r\n    </DataCollectors>\r\n  </DataCollectionRunSettings>\r\n</RunSettings>","TestExecutionContext":{"FrequencyOfRunStatsChangeEvent":10,"RunStatsChangeEventTimeout":"00:00:01.5000000","InIsolation":false,"KeepAlive":false,"AreTestCaseLevelEventsRequired":false,"IsDebug":false,"TestCaseFilter":null,"FilterOptions":null},"Package":null}}
TpTrace Information: 0 : 5848, 4, 2024/07/03, 23:10:03.131, 372695278334, testhost.dll, TestRequestHandler.OnMessageReceived: Running job 'TestExecution.Initialize'.
TpTrace Verbose: 0 : 5848, 4, 2024/07/03, 23:10:03.133, 372695297695, testhost.dll, TestExecutorService: Loading the extensions
TpTrace Verbose: 0 : 5848, 4, 2024/07/03, 23:10:03.134, 372695310286, testhost.dll, TestPluginCache.DiscoverTestExtensions: finding test extensions in assemblies ends with: TestAdapter.dll TPluginInfo: Microsoft.VisualStudio.TestPlatform.Common.ExtensionFramework.Utilities.TestExecutorPluginInformation TExtension: Microsoft.VisualStudio.TestPlatform.ObjectModel.Adapter.ITestExecutor
TpTrace Verbose: 0 : 5848, 4, 2024/07/03, 23:10:03.142, 372695389576, testhost.dll, TestPluginCache.GetExtensionPaths: Filtered extension paths: 
TpTrace Verbose: 0 : 5848, 4, 2024/07/03, 23:10:03.143, 372695396734, testhost.dll, TestPluginCache.GetExtensionPaths: Added default extension paths: C:\Users\brandon.ku\source\repos\OCProjet7_Findexium\P7CreateRestApi.Tests\bin\Debug\net8.0\fine-code-coverage\build-output\xunit.runner.visualstudio.dotnetcore.testadapter.dll
C:\Users\brandon.ku\source\repos\OCProjet7_Findexium\P7CreateRestApi.Tests\bin\Debug\net8.0\fine-code-coverage\build-output\xunit.runner.visualstudio.testadapter.dll
TpTrace Verbose: 0 : 5848, 4, 2024/07/03, 23:10:03.143, 372695397737, testhost.dll, TestPluginCache.GetExtensionPaths: Added unfilterableExtensionPaths: 
TpTrace Information: 0 : 5848, 4, 2024/07/03, 23:10:03.145, 372695418227, testhost.dll, AssemblyResolver.ctor: Creating AssemblyResolver with searchDirectories C:\Users\brandon.ku\source\repos\OCProjet7_Findexium\P7CreateRestApi.Tests\bin\Debug\net8.0\fine-code-coverage\build-output
TpTrace Verbose: 0 : 5848, 4, 2024/07/03, 23:10:03.152, 372695488978, testhost.dll, TestPluginCache.DiscoverTestExtensions: Discovering the extensions using extension path.
TpTrace Verbose: 0 : 5848, 4, 2024/07/03, 23:10:03.152, 372695490922, testhost.dll, TestPluginCache.GetExtensionPaths: Filtered extension paths: 
TpTrace Verbose: 0 : 5848, 4, 2024/07/03, 23:10:03.152, 372695491215, testhost.dll, TestPluginCache.GetExtensionPaths: Added default extension paths: C:\Users\brandon.ku\source\repos\OCProjet7_Findexium\P7CreateRestApi.Tests\bin\Debug\net8.0\fine-code-coverage\build-output\xunit.runner.visualstudio.dotnetcore.testadapter.dll
C:\Users\brandon.ku\source\repos\OCProjet7_Findexium\P7CreateRestApi.Tests\bin\Debug\net8.0\fine-code-coverage\build-output\xunit.runner.visualstudio.testadapter.dll
TpTrace Verbose: 0 : 5848, 4, 2024/07/03, 23:10:03.152, 372695491367, testhost.dll, TestPluginCache.GetExtensionPaths: Added unfilterableExtensionPaths: 
TpTrace Verbose: 0 : 5848, 4, 2024/07/03, 23:10:03.153, 372695491863, testhost.dll, TestPluginCache.DiscoverTestExtensions: Discovering the extensions using allExtensionPaths: C:\Users\brandon.ku\source\repos\OCProjet7_Findexium\P7CreateRestApi.Tests\bin\Debug\net8.0\fine-code-coverage\build-output\xunit.runner.visualstudio.dotnetcore.testadapter.dll
C:\Users\brandon.ku\source\repos\OCProjet7_Findexium\P7CreateRestApi.Tests\bin\Debug\net8.0\fine-code-coverage\build-output\xunit.runner.visualstudio.testadapter.dll
TpTrace Information: 0 : 5848, 4, 2024/07/03, 23:10:03.153, 372695496581, testhost.dll, AssemblyResolver.AddSearchDirectories: Adding more searchDirectories C:\Users\brandon.ku\source\repos\OCProjet7_Findexium\P7CreateRestApi.Tests\bin\Debug\net8.0\fine-code-coverage\build-output
TpTrace Information: 0 : 5848, 4, 2024/07/03, 23:10:03.153, 372695497545, testhost.dll, AssemblyResolver.AddSearchDirectories: Adding more searchDirectories C:\Users\brandon.ku\source\repos\OCProjet7_Findexium\P7CreateRestApi.Tests\bin\Debug\net8.0\fine-code-coverage\build-output
TpTrace Information: 0 : 5848, 4, 2024/07/03, 23:10:03.155, 372695514375, testhost.dll, AssemblyResolver.OnResolve: xunit.runner.visualstudio.dotnetcore.testadapter: Resolving assembly.
TpTrace Information: 0 : 5848, 4, 2024/07/03, 23:10:03.155, 372695515402, testhost.dll, AssemblyResolver.OnResolve: xunit.runner.visualstudio.dotnetcore.testadapter: Searching in: 'C:\Users\brandon.ku\source\repos\OCProjet7_Findexium\P7CreateRestApi.Tests\bin\Debug\net8.0\fine-code-coverage\build-output'.
TpTrace Verbose: 0 : 5848, 7, 2024/07/03, 23:10:03.156, 372695526103, testhost.dll, MulticastDelegateUtilities.SafeInvoke: LengthPrefixCommunicationChannel: MessageReceived: Invoking callback 1/1 for Microsoft.VisualStudio.TestPlatform.CommunicationUtilities.TestRequestHandler., took 24 ms.
TpTrace Verbose: 0 : 5848, 7, 2024/07/03, 23:10:03.156, 372695526678, testhost.dll, TcpClientExtensions.MessageLoopAsync: Polling on remoteEndPoint: [::ffff:127.0.0.1]:51240 localEndPoint: [::ffff:127.0.0.1]:51241
TpTrace Information: 0 : 5848, 4, 2024/07/03, 23:10:03.185, 372695812563, testhost.dll, AssemblyResolver.OnResolve: xunit.runner.visualstudio.dotnetcore.testadapter: Loading assembly 'C:\Users\brandon.ku\source\repos\OCProjet7_Findexium\P7CreateRestApi.Tests\bin\Debug\net8.0\fine-code-coverage\build-output\xunit.runner.visualstudio.dotnetcore.testadapter.dll'.
TpTrace Information: 0 : 5848, 4, 2024/07/03, 23:10:03.187, 372695839784, testhost.dll, AssemblyResolver.OnResolve: Resolved assembly: xunit.runner.visualstudio.dotnetcore.testadapter, from path: C:\Users\brandon.ku\source\repos\OCProjet7_Findexium\P7CreateRestApi.Tests\bin\Debug\net8.0\fine-code-coverage\build-output\xunit.runner.visualstudio.dotnetcore.testadapter.dll
TpTrace Verbose: 0 : 5848, 4, 2024/07/03, 23:10:03.202, 372695991188, testhost.dll, MetadataReaderExtensionsHelper: Discovering extensions inside assembly 'xunit.runner.visualstudio.dotnetcore.testadapter, Version=2.5.0.0, Culture=neutral, PublicKeyToken=null' file path 'C:\Users\brandon.ku\source\repos\OCProjet7_Findexium\P7CreateRestApi.Tests\bin\Debug\net8.0\fine-code-coverage\build-output\xunit.runner.visualstudio.dotnetcore.testadapter.dll'
TpTrace Information: 0 : 5848, 4, 2024/07/03, 23:10:03.208, 372696049497, testhost.dll, AssemblyResolver.OnResolve: xunit.runner.utility.netcoreapp10: Resolving assembly.
TpTrace Information: 0 : 5848, 4, 2024/07/03, 23:10:03.208, 372696051580, testhost.dll, AssemblyResolver.OnResolve: xunit.runner.utility.netcoreapp10: Searching in: 'C:\Users\brandon.ku\source\repos\OCProjet7_Findexium\P7CreateRestApi.Tests\bin\Debug\net8.0\fine-code-coverage\build-output'.
TpTrace Information: 0 : 5848, 4, 2024/07/03, 23:10:03.212, 372696085974, testhost.dll, AssemblyResolver.OnResolve: xunit.runner.utility.netcoreapp10: Loading assembly 'C:\Users\brandon.ku\source\repos\OCProjet7_Findexium\P7CreateRestApi.Tests\bin\Debug\net8.0\fine-code-coverage\build-output\xunit.runner.utility.netcoreapp10.dll'.
TpTrace Information: 0 : 5848, 4, 2024/07/03, 23:10:03.216, 372696122780, testhost.dll, AssemblyResolver.OnResolve: Resolved assembly: xunit.runner.utility.netcoreapp10, from path: C:\Users\brandon.ku\source\repos\OCProjet7_Findexium\P7CreateRestApi.Tests\bin\Debug\net8.0\fine-code-coverage\build-output\xunit.runner.utility.netcoreapp10.dll
TpTrace Information: 0 : 5848, 4, 2024/07/03, 23:10:03.224, 372696206277, testhost.dll, GetTestExtensionFromType: Register extension with identifier data 'executor://xunit/VsTestRunner2/netcoreapp' and type 'Xunit.Runner.VisualStudio.VsTestRunner, xunit.runner.visualstudio.dotnetcore.testadapter, Version=2.5.0.0, Culture=neutral, PublicKeyToken=null' inside file 'C:\Users\brandon.ku\source\repos\OCProjet7_Findexium\P7CreateRestApi.Tests\bin\Debug\net8.0\fine-code-coverage\build-output\xunit.runner.visualstudio.dotnetcore.testadapter.dll'
TpTrace Information: 0 : 5848, 4, 2024/07/03, 23:10:03.224, 372696208806, testhost.dll, AssemblyResolver.OnResolve: xunit.runner.visualstudio.testadapter: Resolving assembly.
TpTrace Information: 0 : 5848, 4, 2024/07/03, 23:10:03.224, 372696209432, testhost.dll, AssemblyResolver.OnResolve: xunit.runner.visualstudio.testadapter: Searching in: 'C:\Users\brandon.ku\source\repos\OCProjet7_Findexium\P7CreateRestApi.Tests\bin\Debug\net8.0\fine-code-coverage\build-output'.
TpTrace Information: 0 : 5848, 4, 2024/07/03, 23:10:03.227, 372696233243, testhost.dll, AssemblyResolver.OnResolve: xunit.runner.visualstudio.testadapter: Loading assembly 'C:\Users\brandon.ku\source\repos\OCProjet7_Findexium\P7CreateRestApi.Tests\bin\Debug\net8.0\fine-code-coverage\build-output\xunit.runner.visualstudio.testadapter.dll'.
TpTrace Information: 0 : 5848, 4, 2024/07/03, 23:10:03.228, 372696249684, testhost.dll, AssemblyResolver.OnResolve: Resolved assembly: xunit.runner.visualstudio.testadapter, from path: C:\Users\brandon.ku\source\repos\OCProjet7_Findexium\P7CreateRestApi.Tests\bin\Debug\net8.0\fine-code-coverage\build-output\xunit.runner.visualstudio.testadapter.dll
TpTrace Verbose: 0 : 5848, 4, 2024/07/03, 23:10:03.228, 372696250675, testhost.dll, MetadataReaderExtensionsHelper: Discovering extensions inside assembly 'xunit.runner.visualstudio.testadapter, Version=2.8.1.0, Culture=neutral, PublicKeyToken=null' file path 'C:\Users\brandon.ku\source\repos\OCProjet7_Findexium\P7CreateRestApi.Tests\bin\Debug\net8.0\fine-code-coverage\build-output\xunit.runner.visualstudio.testadapter.dll'
TpTrace Information: 0 : 5848, 4, 2024/07/03, 23:10:03.232, 372696284117, testhost.dll, AssemblyResolver.OnResolve: xunit.runner.utility.netcoreapp10: Resolving assembly.
TpTrace Information: 0 : 5848, 4, 2024/07/03, 23:10:03.232, 372696285939, testhost.dll, AssemblyResolver.OnResolve: xunit.runner.utility.netcoreapp10: Resolved from cache.
TpTrace Warning: 0 : 5848, 4, 2024/07/03, 23:10:03.254, 372696501909, testhost.dll, TestPluginDiscoverer: Failed to get types from assembly 'xunit.runner.visualstudio.testadapter, Version=2.8.1.0, Culture=neutral, PublicKeyToken=null'. Error: System.Reflection.ReflectionTypeLoadException: Unable to load one or more of the requested types.
Could not load type 'Xunit.ParallelAlgorithm' from assembly 'xunit.runner.utility.netcoreapp10, Version=2.5.2.0, Culture=neutral, PublicKeyToken=8d05b1bb7a6fdb6c'.
   at System.Reflection.RuntimeModule.GetTypes(RuntimeModule module)
   at System.Reflection.RuntimeModule.GetTypes()
   at Microsoft.VisualStudio.TestPlatform.Common.ExtensionFramework.TestPluginDiscoverer.GetTestExtensionsFromAssembly[TPluginInfo,TExtension](Assembly assembly, Dictionary`2 pluginInfos, String filePath) in /_/src/Microsoft.TestPlatform.Common/ExtensionFramework/TestPluginDiscoverer.cs:line 158
System.TypeLoadException: Could not load type 'Xunit.ParallelAlgorithm' from assembly 'xunit.runner.utility.netcoreapp10, Version=2.5.2.0, Culture=neutral, PublicKeyToken=8d05b1bb7a6fdb6c'.
TpTrace Warning: 0 : 5848, 4, 2024/07/03, 23:10:03.254, 372696504267, testhost.dll, LoaderExceptions: System.TypeLoadException: Could not load type 'Xunit.ParallelAlgorithm' from assembly 'xunit.runner.utility.netcoreapp10, Version=2.5.2.0, Culture=neutral, PublicKeyToken=8d05b1bb7a6fdb6c'.
TpTrace Warning: 0 : 5848, 4, 2024/07/03, 23:10:03.254, 372696507826, testhost.dll, GetTestExtensionFromType: Discovered multiple test extensions with identifier data 'executor://xunit/VsTestRunner2/netcoreapp' and type 'Xunit.Runner.VisualStudio.VsTestRunner, xunit.runner.visualstudio.testadapter, Version=2.8.1.0, Culture=neutral, PublicKeyToken=null' inside file 'C:\Users\brandon.ku\source\repos\OCProjet7_Findexium\P7CreateRestApi.Tests\bin\Debug\net8.0\fine-code-coverage\build-output\xunit.runner.visualstudio.testadapter.dll'; keeping the first one 'Xunit.Runner.VisualStudio.VsTestRunner, xunit.runner.visualstudio.dotnetcore.testadapter, Version=2.5.0.0, Culture=neutral, PublicKeyToken=null'.
TpTrace Verbose: 0 : 5848, 4, 2024/07/03, 23:10:03.255, 372696520667, testhost.dll, TestPluginCache: Discovered the extensions using extension path ''.
TpTrace Verbose: 0 : 5848, 4, 2024/07/03, 23:10:03.256, 372696523837, testhost.dll, TestPluginCache: Discoverers are ''.
TpTrace Verbose: 0 : 5848, 4, 2024/07/03, 23:10:03.256, 372696524371, testhost.dll, TestPluginCache: Executors are 'executor://xunit/VsTestRunner2/netcoreapp'.
TpTrace Verbose: 0 : 5848, 4, 2024/07/03, 23:10:03.256, 372696524689, testhost.dll, TestPluginCache: Executors2 are ''.
TpTrace Verbose: 0 : 5848, 4, 2024/07/03, 23:10:03.256, 372696524957, testhost.dll, TestPluginCache: Setting providers are ''.
TpTrace Verbose: 0 : 5848, 4, 2024/07/03, 23:10:03.256, 372696525210, testhost.dll, TestPluginCache: Loggers are ''.
TpTrace Verbose: 0 : 5848, 4, 2024/07/03, 23:10:03.256, 372696525575, testhost.dll, TestPluginCache: TestHosts are ''.
TpTrace Verbose: 0 : 5848, 4, 2024/07/03, 23:10:03.256, 372696525811, testhost.dll, TestPluginCache: DataCollectors are ''.
TpTrace Verbose: 0 : 5848, 4, 2024/07/03, 23:10:03.258, 372696543384, testhost.dll, TestPluginCache.DiscoverTestExtensions: finding test extensions in assemblies ends with: TestAdapter.dll TPluginInfo: Microsoft.VisualStudio.TestPlatform.Common.ExtensionFramework.Utilities.TestExecutorPluginInformation2 TExtension: Microsoft.VisualStudio.TestPlatform.ObjectModel.Adapter.ITestExecutor2
TpTrace Verbose: 0 : 5848, 4, 2024/07/03, 23:10:03.258, 372696546141, testhost.dll, TestPluginCache.GetExtensionPaths: Filtered extension paths: 
TpTrace Verbose: 0 : 5848, 4, 2024/07/03, 23:10:03.258, 372696547323, testhost.dll, TestPluginCache.GetExtensionPaths: Added default extension paths: C:\Users\brandon.ku\source\repos\OCProjet7_Findexium\P7CreateRestApi.Tests\bin\Debug\net8.0\fine-code-coverage\build-output\xunit.runner.visualstudio.dotnetcore.testadapter.dll
C:\Users\brandon.ku\source\repos\OCProjet7_Findexium\P7CreateRestApi.Tests\bin\Debug\net8.0\fine-code-coverage\build-output\xunit.runner.visualstudio.testadapter.dll
TpTrace Verbose: 0 : 5848, 4, 2024/07/03, 23:10:03.258, 372696547626, testhost.dll, TestPluginCache.GetExtensionPaths: Added unfilterableExtensionPaths: 
TpTrace Information: 0 : 5848, 4, 2024/07/03, 23:10:03.259, 372696552367, testhost.dll, AssemblyResolver.AddSearchDirectories: Adding more searchDirectories C:\Users\brandon.ku\source\repos\OCProjet7_Findexium\P7CreateRestApi.Tests\bin\Debug\net8.0\fine-code-coverage\build-output
TpTrace Verbose: 0 : 5848, 4, 2024/07/03, 23:10:03.259, 372696553080, testhost.dll, TestPluginCache.DiscoverTestExtensions: Discovering the extensions using extension path.
TpTrace Verbose: 0 : 5848, 4, 2024/07/03, 23:10:03.259, 372696553379, testhost.dll, TestPluginCache.GetExtensionPaths: Filtered extension paths: 
TpTrace Verbose: 0 : 5848, 4, 2024/07/03, 23:10:03.259, 372696553617, testhost.dll, TestPluginCache.GetExtensionPaths: Added default extension paths: C:\Users\brandon.ku\source\repos\OCProjet7_Findexium\P7CreateRestApi.Tests\bin\Debug\net8.0\fine-code-coverage\build-output\xunit.runner.visualstudio.dotnetcore.testadapter.dll
C:\Users\brandon.ku\source\repos\OCProjet7_Findexium\P7CreateRestApi.Tests\bin\Debug\net8.0\fine-code-coverage\build-output\xunit.runner.visualstudio.testadapter.dll
TpTrace Verbose: 0 : 5848, 4, 2024/07/03, 23:10:03.259, 372696553892, testhost.dll, TestPluginCache.GetExtensionPaths: Added unfilterableExtensionPaths: 
TpTrace Verbose: 0 : 5848, 4, 2024/07/03, 23:10:03.259, 372696554197, testhost.dll, TestPluginCache.DiscoverTestExtensions: Discovering the extensions using allExtensionPaths: C:\Users\brandon.ku\source\repos\OCProjet7_Findexium\P7CreateRestApi.Tests\bin\Debug\net8.0\fine-code-coverage\build-output\xunit.runner.visualstudio.dotnetcore.testadapter.dll
C:\Users\brandon.ku\source\repos\OCProjet7_Findexium\P7CreateRestApi.Tests\bin\Debug\net8.0\fine-code-coverage\build-output\xunit.runner.visualstudio.testadapter.dll
TpTrace Information: 0 : 5848, 4, 2024/07/03, 23:10:03.259, 372696554791, testhost.dll, AssemblyResolver.AddSearchDirectories: Adding more searchDirectories C:\Users\brandon.ku\source\repos\OCProjet7_Findexium\P7CreateRestApi.Tests\bin\Debug\net8.0\fine-code-coverage\build-output
TpTrace Information: 0 : 5848, 4, 2024/07/03, 23:10:03.259, 372696555224, testhost.dll, AssemblyResolver.AddSearchDirectories: Adding more searchDirectories C:\Users\brandon.ku\source\repos\OCProjet7_Findexium\P7CreateRestApi.Tests\bin\Debug\net8.0\fine-code-coverage\build-output
TpTrace Verbose: 0 : 5848, 4, 2024/07/03, 23:10:03.259, 372696556014, testhost.dll, MetadataReaderExtensionsHelper: Discovering extensions inside assembly 'xunit.runner.visualstudio.dotnetcore.testadapter, Version=2.5.0.0, Culture=neutral, PublicKeyToken=null' file path 'C:\Users\brandon.ku\source\repos\OCProjet7_Findexium\P7CreateRestApi.Tests\bin\Debug\net8.0\fine-code-coverage\build-output\xunit.runner.visualstudio.dotnetcore.testadapter.dll'
TpTrace Verbose: 0 : 5848, 4, 2024/07/03, 23:10:03.262, 372696583684, testhost.dll, MetadataReaderExtensionsHelper: Discovering extensions inside assembly 'xunit.runner.visualstudio.testadapter, Version=2.8.1.0, Culture=neutral, PublicKeyToken=null' file path 'C:\Users\brandon.ku\source\repos\OCProjet7_Findexium\P7CreateRestApi.Tests\bin\Debug\net8.0\fine-code-coverage\build-output\xunit.runner.visualstudio.testadapter.dll'
TpTrace Warning: 0 : 5848, 4, 2024/07/03, 23:10:03.267, 372696636642, testhost.dll, TestPluginDiscoverer: Failed to get types from assembly 'xunit.runner.visualstudio.testadapter, Version=2.8.1.0, Culture=neutral, PublicKeyToken=null'. Error: System.Reflection.ReflectionTypeLoadException: Unable to load one or more of the requested types.
Could not load type 'Xunit.ParallelAlgorithm' from assembly 'xunit.runner.utility.netcoreapp10, Version=2.5.2.0, Culture=neutral, PublicKeyToken=8d05b1bb7a6fdb6c'.
   at System.Reflection.RuntimeModule.GetTypes(RuntimeModule module)
   at System.Reflection.RuntimeModule.GetTypes()
   at Microsoft.VisualStudio.TestPlatform.Common.ExtensionFramework.TestPluginDiscoverer.GetTestExtensionsFromAssembly[TPluginInfo,TExtension](Assembly assembly, Dictionary`2 pluginInfos, String filePath) in /_/src/Microsoft.TestPlatform.Common/ExtensionFramework/TestPluginDiscoverer.cs:line 158
System.TypeLoadException: Could not load type 'Xunit.ParallelAlgorithm' from assembly 'xunit.runner.utility.netcoreapp10, Version=2.5.2.0, Culture=neutral, PublicKeyToken=8d05b1bb7a6fdb6c'.
TpTrace Warning: 0 : 5848, 4, 2024/07/03, 23:10:03.267, 372696638528, testhost.dll, LoaderExceptions: System.TypeLoadException: Could not load type 'Xunit.ParallelAlgorithm' from assembly 'xunit.runner.utility.netcoreapp10, Version=2.5.2.0, Culture=neutral, PublicKeyToken=8d05b1bb7a6fdb6c'.
TpTrace Verbose: 0 : 5848, 4, 2024/07/03, 23:10:03.268, 372696642679, testhost.dll, TestPluginCache: Discovered the extensions using extension path ''.
TpTrace Verbose: 0 : 5848, 4, 2024/07/03, 23:10:03.268, 372696643454, testhost.dll, TestPluginCache: Discoverers are ''.
TpTrace Verbose: 0 : 5848, 4, 2024/07/03, 23:10:03.268, 372696644003, testhost.dll, TestPluginCache: Executors are 'executor://xunit/VsTestRunner2/netcoreapp'.
TpTrace Verbose: 0 : 5848, 4, 2024/07/03, 23:10:03.268, 372696644729, testhost.dll, TestPluginCache: Executors2 are ''.
TpTrace Verbose: 0 : 5848, 4, 2024/07/03, 23:10:03.268, 372696645080, testhost.dll, TestPluginCache: Setting providers are ''.
TpTrace Verbose: 0 : 5848, 4, 2024/07/03, 23:10:03.268, 372696645286, testhost.dll, TestPluginCache: Loggers are ''.
TpTrace Verbose: 0 : 5848, 4, 2024/07/03, 23:10:03.268, 372696645476, testhost.dll, TestPluginCache: TestHosts are ''.
TpTrace Verbose: 0 : 5848, 4, 2024/07/03, 23:10:03.268, 372696645823, testhost.dll, TestPluginCache: DataCollectors are ''.
TpTrace Information: 0 : 5848, 4, 2024/07/03, 23:10:03.272, 372696688390, testhost.dll, TestPluginManager.CreateTestExtension: Attempting to load test extension: Xunit.Runner.VisualStudio.VsTestRunner
TpTrace Verbose: 0 : 5848, 4, 2024/07/03, 23:10:03.273, 372696691905, testhost.dll, TestExecutorExtensionManager: Loading executor Microsoft.VisualStudio.TestPlatform.Common.ExtensionDecorators.SerialTestRunDecorator
TpTrace Verbose: 0 : 5848, 4, 2024/07/03, 23:10:03.273, 372696692443, testhost.dll, TestExecutorService: Loaded the executors
TpTrace Verbose: 0 : 5848, 4, 2024/07/03, 23:10:03.273, 372696696178, testhost.dll, TestPluginCache.DiscoverTestExtensions: finding test extensions in assemblies ends with: TestAdapter.dll TPluginInfo: Microsoft.VisualStudio.TestPlatform.Common.ExtensionFramework.Utilities.TestSettingsProviderPluginInformation TExtension: Microsoft.VisualStudio.TestPlatform.ObjectModel.Adapter.ISettingsProvider
TpTrace Verbose: 0 : 5848, 4, 2024/07/03, 23:10:03.273, 372696696884, testhost.dll, TestPluginCache.GetExtensionPaths: Filtered extension paths: 
TpTrace Verbose: 0 : 5848, 4, 2024/07/03, 23:10:03.273, 372696697095, testhost.dll, TestPluginCache.GetExtensionPaths: Added default extension paths: C:\Users\brandon.ku\source\repos\OCProjet7_Findexium\P7CreateRestApi.Tests\bin\Debug\net8.0\fine-code-coverage\build-output\xunit.runner.visualstudio.dotnetcore.testadapter.dll
C:\Users\brandon.ku\source\repos\OCProjet7_Findexium\P7CreateRestApi.Tests\bin\Debug\net8.0\fine-code-coverage\build-output\xunit.runner.visualstudio.testadapter.dll
TpTrace Verbose: 0 : 5848, 4, 2024/07/03, 23:10:03.273, 372696697311, testhost.dll, TestPluginCache.GetExtensionPaths: Added unfilterableExtensionPaths: 
TpTrace Information: 0 : 5848, 4, 2024/07/03, 23:10:03.273, 372696699660, testhost.dll, AssemblyResolver.AddSearchDirectories: Adding more searchDirectories C:\Users\brandon.ku\source\repos\OCProjet7_Findexium\P7CreateRestApi.Tests\bin\Debug\net8.0\fine-code-coverage\build-output
TpTrace Verbose: 0 : 5848, 4, 2024/07/03, 23:10:03.273, 372696700125, testhost.dll, TestPluginCache.DiscoverTestExtensions: Discovering the extensions using extension path.
TpTrace Verbose: 0 : 5848, 4, 2024/07/03, 23:10:03.273, 372696700298, testhost.dll, TestPluginCache.GetExtensionPaths: Filtered extension paths: 
TpTrace Verbose: 0 : 5848, 4, 2024/07/03, 23:10:03.273, 372696700442, testhost.dll, TestPluginCache.GetExtensionPaths: Added default extension paths: C:\Users\brandon.ku\source\repos\OCProjet7_Findexium\P7CreateRestApi.Tests\bin\Debug\net8.0\fine-code-coverage\build-output\xunit.runner.visualstudio.dotnetcore.testadapter.dll
C:\Users\brandon.ku\source\repos\OCProjet7_Findexium\P7CreateRestApi.Tests\bin\Debug\net8.0\fine-code-coverage\build-output\xunit.runner.visualstudio.testadapter.dll
TpTrace Verbose: 0 : 5848, 4, 2024/07/03, 23:10:03.273, 372696700579, testhost.dll, TestPluginCache.GetExtensionPaths: Added unfilterableExtensionPaths: 
TpTrace Verbose: 0 : 5848, 4, 2024/07/03, 23:10:03.273, 372696700786, testhost.dll, TestPluginCache.DiscoverTestExtensions: Discovering the extensions using allExtensionPaths: C:\Users\brandon.ku\source\repos\OCProjet7_Findexium\P7CreateRestApi.Tests\bin\Debug\net8.0\fine-code-coverage\build-output\xunit.runner.visualstudio.dotnetcore.testadapter.dll
C:\Users\brandon.ku\source\repos\OCProjet7_Findexium\P7CreateRestApi.Tests\bin\Debug\net8.0\fine-code-coverage\build-output\xunit.runner.visualstudio.testadapter.dll
TpTrace Information: 0 : 5848, 4, 2024/07/03, 23:10:03.273, 372696701098, testhost.dll, AssemblyResolver.AddSearchDirectories: Adding more searchDirectories C:\Users\brandon.ku\source\repos\OCProjet7_Findexium\P7CreateRestApi.Tests\bin\Debug\net8.0\fine-code-coverage\build-output
TpTrace Information: 0 : 5848, 4, 2024/07/03, 23:10:03.273, 372696701289, testhost.dll, AssemblyResolver.AddSearchDirectories: Adding more searchDirectories C:\Users\brandon.ku\source\repos\OCProjet7_Findexium\P7CreateRestApi.Tests\bin\Debug\net8.0\fine-code-coverage\build-output
TpTrace Verbose: 0 : 5848, 4, 2024/07/03, 23:10:03.274, 372696702350, testhost.dll, MetadataReaderExtensionsHelper: Discovering extensions inside assembly 'xunit.runner.visualstudio.dotnetcore.testadapter, Version=2.5.0.0, Culture=neutral, PublicKeyToken=null' file path 'C:\Users\brandon.ku\source\repos\OCProjet7_Findexium\P7CreateRestApi.Tests\bin\Debug\net8.0\fine-code-coverage\build-output\xunit.runner.visualstudio.dotnetcore.testadapter.dll'
TpTrace Verbose: 0 : 5848, 4, 2024/07/03, 23:10:03.279, 372696754261, testhost.dll, MetadataReaderExtensionsHelper: Discovering extensions inside assembly 'xunit.runner.visualstudio.testadapter, Version=2.8.1.0, Culture=neutral, PublicKeyToken=null' file path 'C:\Users\brandon.ku\source\repos\OCProjet7_Findexium\P7CreateRestApi.Tests\bin\Debug\net8.0\fine-code-coverage\build-output\xunit.runner.visualstudio.testadapter.dll'
TpTrace Warning: 0 : 5848, 4, 2024/07/03, 23:10:03.283, 372696796063, testhost.dll, TestPluginDiscoverer: Failed to get types from assembly 'xunit.runner.visualstudio.testadapter, Version=2.8.1.0, Culture=neutral, PublicKeyToken=null'. Error: System.Reflection.ReflectionTypeLoadException: Unable to load one or more of the requested types.
Could not load type 'Xunit.ParallelAlgorithm' from assembly 'xunit.runner.utility.netcoreapp10, Version=2.5.2.0, Culture=neutral, PublicKeyToken=8d05b1bb7a6fdb6c'.
   at System.Reflection.RuntimeModule.GetTypes(RuntimeModule module)
   at System.Reflection.RuntimeModule.GetTypes()
   at Microsoft.VisualStudio.TestPlatform.Common.ExtensionFramework.TestPluginDiscoverer.GetTestExtensionsFromAssembly[TPluginInfo,TExtension](Assembly assembly, Dictionary`2 pluginInfos, String filePath) in /_/src/Microsoft.TestPlatform.Common/ExtensionFramework/TestPluginDiscoverer.cs:line 158
System.TypeLoadException: Could not load type 'Xunit.ParallelAlgorithm' from assembly 'xunit.runner.utility.netcoreapp10, Version=2.5.2.0, Culture=neutral, PublicKeyToken=8d05b1bb7a6fdb6c'.
TpTrace Warning: 0 : 5848, 4, 2024/07/03, 23:10:03.283, 372696797174, testhost.dll, LoaderExceptions: System.TypeLoadException: Could not load type 'Xunit.ParallelAlgorithm' from assembly 'xunit.runner.utility.netcoreapp10, Version=2.5.2.0, Culture=neutral, PublicKeyToken=8d05b1bb7a6fdb6c'.
TpTrace Verbose: 0 : 5848, 4, 2024/07/03, 23:10:03.283, 372696798798, testhost.dll, TestPluginCache: Discovered the extensions using extension path ''.
TpTrace Verbose: 0 : 5848, 4, 2024/07/03, 23:10:03.283, 372696799015, testhost.dll, TestPluginCache: Discoverers are ''.
TpTrace Verbose: 0 : 5848, 4, 2024/07/03, 23:10:03.283, 372696799185, testhost.dll, TestPluginCache: Executors are 'executor://xunit/VsTestRunner2/netcoreapp'.
TpTrace Verbose: 0 : 5848, 4, 2024/07/03, 23:10:03.283, 372696799339, testhost.dll, TestPluginCache: Executors2 are ''.
TpTrace Verbose: 0 : 5848, 4, 2024/07/03, 23:10:03.283, 372696799596, testhost.dll, TestPluginCache: Setting providers are ''.
TpTrace Verbose: 0 : 5848, 4, 2024/07/03, 23:10:03.283, 372696799756, testhost.dll, TestPluginCache: Loggers are ''.
TpTrace Verbose: 0 : 5848, 4, 2024/07/03, 23:10:03.283, 372696799872, testhost.dll, TestPluginCache: TestHosts are ''.
TpTrace Verbose: 0 : 5848, 4, 2024/07/03, 23:10:03.283, 372696799987, testhost.dll, TestPluginCache: DataCollectors are ''.
TpTrace Verbose: 0 : 5848, 4, 2024/07/03, 23:10:03.284, 372696804909, testhost.dll, TestExecutorService: Loaded the settings providers
TpTrace Information: 0 : 5848, 4, 2024/07/03, 23:10:03.284, 372696805460, testhost.dll, TestExecutorService: Loaded the extensions
TpTrace Information: 0 : 5848, 4, 2024/07/03, 23:10:03.284, 372696808228, testhost.dll, TestRequestHandler.OnMessageReceived: Running job 'TestExecution.StartWithSources'.
TpTrace Verbose: 0 : 5848, 4, 2024/07/03, 23:10:03.328, 372697246971, testhost.dll, MulticastDelegateUtilities.SafeInvoke: TestCaseEventsHandler.RaiseSessionStart: Invoking callbacks was skipped because there are no subscribers.
TpTrace Information: 0 : 5848, 4, 2024/07/03, 23:10:03.330, 372697263578, testhost.dll, TestDiscoveryManager: Discovering tests from sources C:\Users\brandon.ku\source\repos\OCProjet7_Findexium\P7CreateRestApi.Tests\bin\Debug\net8.0\fine-code-coverage\build-output\P7CreateRestApi.Tests.dll
TpTrace Verbose: 0 : 5848, 4, 2024/07/03, 23:10:03.331, 372697275840, testhost.dll, TestPluginCache.DiscoverTestExtensions: finding test extensions in assemblies ends with: TestAdapter.dll TPluginInfo: Microsoft.VisualStudio.TestPlatform.Common.ExtensionFramework.Utilities.TestDiscovererPluginInformation TExtension: Microsoft.VisualStudio.TestPlatform.ObjectModel.Adapter.ITestDiscoverer
TpTrace Verbose: 0 : 5848, 4, 2024/07/03, 23:10:03.331, 372697276958, testhost.dll, TestPluginCache.GetExtensionPaths: Filtered extension paths: 
TpTrace Verbose: 0 : 5848, 4, 2024/07/03, 23:10:03.331, 372697277187, testhost.dll, TestPluginCache.GetExtensionPaths: Added default extension paths: C:\Users\brandon.ku\source\repos\OCProjet7_Findexium\P7CreateRestApi.Tests\bin\Debug\net8.0\fine-code-coverage\build-output\xunit.runner.visualstudio.dotnetcore.testadapter.dll
C:\Users\brandon.ku\source\repos\OCProjet7_Findexium\P7CreateRestApi.Tests\bin\Debug\net8.0\fine-code-coverage\build-output\xunit.runner.visualstudio.testadapter.dll
TpTrace Verbose: 0 : 5848, 4, 2024/07/03, 23:10:03.331, 372697277362, testhost.dll, TestPluginCache.GetExtensionPaths: Added unfilterableExtensionPaths: 
TpTrace Information: 0 : 5848, 4, 2024/07/03, 23:10:03.331, 372697279430, testhost.dll, AssemblyResolver.AddSearchDirectories: Adding more searchDirectories C:\Users\brandon.ku\source\repos\OCProjet7_Findexium\P7CreateRestApi.Tests\bin\Debug\net8.0\fine-code-coverage\build-output
TpTrace Verbose: 0 : 5848, 4, 2024/07/03, 23:10:03.331, 372697279751, testhost.dll, TestPluginCache.DiscoverTestExtensions: Discovering the extensions using extension path.
TpTrace Verbose: 0 : 5848, 4, 2024/07/03, 23:10:03.331, 372697279990, testhost.dll, TestPluginCache.GetExtensionPaths: Filtered extension paths: 
TpTrace Verbose: 0 : 5848, 4, 2024/07/03, 23:10:03.331, 372697280127, testhost.dll, TestPluginCache.GetExtensionPaths: Added default extension paths: C:\Users\brandon.ku\source\repos\OCProjet7_Findexium\P7CreateRestApi.Tests\bin\Debug\net8.0\fine-code-coverage\build-output\xunit.runner.visualstudio.dotnetcore.testadapter.dll
C:\Users\brandon.ku\source\repos\OCProjet7_Findexium\P7CreateRestApi.Tests\bin\Debug\net8.0\fine-code-coverage\build-output\xunit.runner.visualstudio.testadapter.dll
TpTrace Verbose: 0 : 5848, 4, 2024/07/03, 23:10:03.331, 372697280259, testhost.dll, TestPluginCache.GetExtensionPaths: Added unfilterableExtensionPaths: 
TpTrace Verbose: 0 : 5848, 4, 2024/07/03, 23:10:03.331, 372697280449, testhost.dll, TestPluginCache.DiscoverTestExtensions: Discovering the extensions using allExtensionPaths: C:\Users\brandon.ku\source\repos\OCProjet7_Findexium\P7CreateRestApi.Tests\bin\Debug\net8.0\fine-code-coverage\build-output\xunit.runner.visualstudio.dotnetcore.testadapter.dll
C:\Users\brandon.ku\source\repos\OCProjet7_Findexium\P7CreateRestApi.Tests\bin\Debug\net8.0\fine-code-coverage\build-output\xunit.runner.visualstudio.testadapter.dll
TpTrace Information: 0 : 5848, 4, 2024/07/03, 23:10:03.331, 372697280771, testhost.dll, AssemblyResolver.AddSearchDirectories: Adding more searchDirectories C:\Users\brandon.ku\source\repos\OCProjet7_Findexium\P7CreateRestApi.Tests\bin\Debug\net8.0\fine-code-coverage\build-output
TpTrace Information: 0 : 5848, 4, 2024/07/03, 23:10:03.331, 372697280928, testhost.dll, AssemblyResolver.AddSearchDirectories: Adding more searchDirectories C:\Users\brandon.ku\source\repos\OCProjet7_Findexium\P7CreateRestApi.Tests\bin\Debug\net8.0\fine-code-coverage\build-output
TpTrace Verbose: 0 : 5848, 4, 2024/07/03, 23:10:03.331, 372697281458, testhost.dll, MetadataReaderExtensionsHelper: Discovering extensions inside assembly 'xunit.runner.visualstudio.dotnetcore.testadapter, Version=2.5.0.0, Culture=neutral, PublicKeyToken=null' file path 'C:\Users\brandon.ku\source\repos\OCProjet7_Findexium\P7CreateRestApi.Tests\bin\Debug\net8.0\fine-code-coverage\build-output\xunit.runner.visualstudio.dotnetcore.testadapter.dll'
TpTrace Information: 0 : 5848, 4, 2024/07/03, 23:10:03.338, 372697349515, testhost.dll, GetTestExtensionFromType: Register extension with identifier data 'Xunit.Runner.VisualStudio.VsTestRunner, xunit.runner.visualstudio.dotnetcore.testadapter, Version=2.5.0.0, Culture=neutral, PublicKeyToken=null' and type 'Xunit.Runner.VisualStudio.VsTestRunner, xunit.runner.visualstudio.dotnetcore.testadapter, Version=2.5.0.0, Culture=neutral, PublicKeyToken=null' inside file 'C:\Users\brandon.ku\source\repos\OCProjet7_Findexium\P7CreateRestApi.Tests\bin\Debug\net8.0\fine-code-coverage\build-output\xunit.runner.visualstudio.dotnetcore.testadapter.dll'
TpTrace Verbose: 0 : 5848, 4, 2024/07/03, 23:10:03.338, 372697351056, testhost.dll, MetadataReaderExtensionsHelper: Discovering extensions inside assembly 'xunit.runner.visualstudio.testadapter, Version=2.8.1.0, Culture=neutral, PublicKeyToken=null' file path 'C:\Users\brandon.ku\source\repos\OCProjet7_Findexium\P7CreateRestApi.Tests\bin\Debug\net8.0\fine-code-coverage\build-output\xunit.runner.visualstudio.testadapter.dll'
TpTrace Warning: 0 : 5848, 4, 2024/07/03, 23:10:03.341, 372697373501, testhost.dll, TestPluginDiscoverer: Failed to get types from assembly 'xunit.runner.visualstudio.testadapter, Version=2.8.1.0, Culture=neutral, PublicKeyToken=null'. Error: System.Reflection.ReflectionTypeLoadException: Unable to load one or more of the requested types.
Could not load type 'Xunit.ParallelAlgorithm' from assembly 'xunit.runner.utility.netcoreapp10, Version=2.5.2.0, Culture=neutral, PublicKeyToken=8d05b1bb7a6fdb6c'.
   at System.Reflection.RuntimeModule.GetTypes(RuntimeModule module)
   at System.Reflection.RuntimeModule.GetTypes()
   at Microsoft.VisualStudio.TestPlatform.Common.ExtensionFramework.TestPluginDiscoverer.GetTestExtensionsFromAssembly[TPluginInfo,TExtension](Assembly assembly, Dictionary`2 pluginInfos, String filePath) in /_/src/Microsoft.TestPlatform.Common/ExtensionFramework/TestPluginDiscoverer.cs:line 158
System.TypeLoadException: Could not load type 'Xunit.ParallelAlgorithm' from assembly 'xunit.runner.utility.netcoreapp10, Version=2.5.2.0, Culture=neutral, PublicKeyToken=8d05b1bb7a6fdb6c'.
TpTrace Warning: 0 : 5848, 4, 2024/07/03, 23:10:03.341, 372697374202, testhost.dll, LoaderExceptions: System.TypeLoadException: Could not load type 'Xunit.ParallelAlgorithm' from assembly 'xunit.runner.utility.netcoreapp10, Version=2.5.2.0, Culture=neutral, PublicKeyToken=8d05b1bb7a6fdb6c'.
TpTrace Information: 0 : 5848, 4, 2024/07/03, 23:10:03.341, 372697376851, testhost.dll, GetTestExtensionFromType: Register extension with identifier data 'Xunit.Runner.VisualStudio.VsTestRunner, xunit.runner.visualstudio.testadapter, Version=2.8.1.0, Culture=neutral, PublicKeyToken=null' and type 'Xunit.Runner.VisualStudio.VsTestRunner, xunit.runner.visualstudio.testadapter, Version=2.8.1.0, Culture=neutral, PublicKeyToken=null' inside file 'C:\Users\brandon.ku\source\repos\OCProjet7_Findexium\P7CreateRestApi.Tests\bin\Debug\net8.0\fine-code-coverage\build-output\xunit.runner.visualstudio.testadapter.dll'
TpTrace Verbose: 0 : 5848, 4, 2024/07/03, 23:10:03.341, 372697378398, testhost.dll, TestPluginCache: Discovered the extensions using extension path ''.
TpTrace Verbose: 0 : 5848, 4, 2024/07/03, 23:10:03.341, 372697378877, testhost.dll, TestPluginCache: Discoverers are 'Xunit.Runner.VisualStudio.VsTestRunner, xunit.runner.visualstudio.dotnetcore.testadapter, Version=2.5.0.0, Culture=neutral, PublicKeyToken=null,Xunit.Runner.VisualStudio.VsTestRunner, xunit.runner.visualstudio.testadapter, Version=2.8.1.0, Culture=neutral, PublicKeyToken=null'.
TpTrace Verbose: 0 : 5848, 4, 2024/07/03, 23:10:03.341, 372697379056, testhost.dll, TestPluginCache: Executors are 'executor://xunit/VsTestRunner2/netcoreapp'.
TpTrace Verbose: 0 : 5848, 4, 2024/07/03, 23:10:03.341, 372697379206, testhost.dll, TestPluginCache: Executors2 are ''.
TpTrace Verbose: 0 : 5848, 4, 2024/07/03, 23:10:03.341, 372697379339, testhost.dll, TestPluginCache: Setting providers are ''.
TpTrace Verbose: 0 : 5848, 4, 2024/07/03, 23:10:03.341, 372697379493, testhost.dll, TestPluginCache: Loggers are ''.
TpTrace Verbose: 0 : 5848, 4, 2024/07/03, 23:10:03.341, 372697379637, testhost.dll, TestPluginCache: TestHosts are ''.
TpTrace Verbose: 0 : 5848, 4, 2024/07/03, 23:10:03.341, 372697379760, testhost.dll, TestPluginCache: DataCollectors are ''.
TpTrace Information: 0 : 5848, 4, 2024/07/03, 23:10:03.345, 372697416938, testhost.dll, PEReaderHelper.GetAssemblyType: Determined assemblyType:'Managed' for source: 'C:\Users\brandon.ku\source\repos\OCProjet7_Findexium\P7CreateRestApi.Tests\bin\Debug\net8.0\fine-code-coverage\build-output\P7CreateRestApi.Tests.dll'
TpTrace Information: 0 : 5848, 4, 2024/07/03, 23:10:03.346, 372697429546, testhost.dll, TestPluginManager.CreateTestExtension: Attempting to load test extension: Xunit.Runner.VisualStudio.VsTestRunner
TpTrace Warning: 0 : 5848, 4, 2024/07/03, 23:10:03.347, 372697433880, testhost.dll, Plusieurs adaptateurs de tests ayant le même URI 'executor://xunit/VsTestRunner2/netcoreapp' ont été trouvés. Adaptateur 'Xunit.Runner.VisualStudio.VsTestRunner' ignoré. Désinstallez les adaptateurs en conflit pour éviter cet avertissement.
TpTrace Verbose: 0 : 5848, 4, 2024/07/03, 23:10:03.347, 372697435388, testhost.dll, TestRequestHandler.SendData: sending data from testhost: {"Version":7,"MessageType":"TestSession.Message","Payload":{"MessageLevel":1,"Message":"Plusieurs adaptateurs de tests ayant le même URI 'executor://xunit/VsTestRunner2/netcoreapp' ont été trouvés. Adaptateur 'Xunit.Runner.VisualStudio.VsTestRunner' ignoré. Désinstallez les adaptateurs en conflit pour éviter cet avertissement."}}
TpTrace Verbose: 0 : 5848, 4, 2024/07/03, 23:10:03.347, 372697437223, testhost.dll, MulticastDelegateUtilities.SafeInvoke: TestRunMessageLoggerProxy.SendMessage: Invoking callback 1/1 for Microsoft.VisualStudio.TestPlatform.CrossPlatEngine.Execution.RunTestsWithSources., took 0 ms.
TpTrace Verbose: 0 : 5848, 4, 2024/07/03, 23:10:03.349, 372697459058, testhost.dll, BaseRunTests.RunTestInternalWithExecutors: Running tests for executor://xunit/VsTestRunner2/netcoreapp
TpTrace Information: 0 : 5848, 4, 2024/07/03, 23:10:03.363, 372697601278, testhost.dll, [xUnit.net 00:00:00.00] xUnit.net VSTest Adapter v2.5.3.1+6b60a9e56a (64-bit .NET 8.0.6)
TpTrace Verbose: 0 : 5848, 4, 2024/07/03, 23:10:03.364, 372697602769, testhost.dll, TestRequestHandler.SendData: sending data from testhost: {"Version":7,"MessageType":"TestSession.Message","Payload":{"MessageLevel":0,"Message":"[xUnit.net 00:00:00.00] xUnit.net VSTest Adapter v2.5.3.1+6b60a9e56a (64-bit .NET 8.0.6)"}}
TpTrace Verbose: 0 : 5848, 4, 2024/07/03, 23:10:03.364, 372697604129, testhost.dll, MulticastDelegateUtilities.SafeInvoke: TestRunMessageLoggerProxy.SendMessage: Invoking callback 1/1 for Microsoft.VisualStudio.TestPlatform.CrossPlatEngine.Execution.RunTestsWithSources., took 0 ms.
TpTrace Information: 0 : 5848, 4, 2024/07/03, 23:10:03.388, 372697851618, testhost.dll, AssemblyResolver.OnResolve: xunit.runner.reporters.netcoreapp10: Resolving assembly.
TpTrace Information: 0 : 5848, 4, 2024/07/03, 23:10:03.389, 372697853809, testhost.dll, AssemblyResolver.OnResolve: xunit.runner.reporters.netcoreapp10: Searching in: 'C:\Users\brandon.ku\source\repos\OCProjet7_Findexium\P7CreateRestApi.Tests\bin\Debug\net8.0\fine-code-coverage\build-output'.
TpTrace Information: 0 : 5848, 4, 2024/07/03, 23:10:03.391, 372697874482, testhost.dll, AssemblyResolver.OnResolve: xunit.runner.reporters.netcoreapp10: Loading assembly 'C:\Users\brandon.ku\source\repos\OCProjet7_Findexium\P7CreateRestApi.Tests\bin\Debug\net8.0\fine-code-coverage\build-output\xunit.runner.reporters.netcoreapp10.dll'.
TpTrace Information: 0 : 5848, 4, 2024/07/03, 23:10:03.393, 372697897757, testhost.dll, AssemblyResolver.OnResolve: Resolved assembly: xunit.runner.reporters.netcoreapp10, from path: C:\Users\brandon.ku\source\repos\OCProjet7_Findexium\P7CreateRestApi.Tests\bin\Debug\net8.0\fine-code-coverage\build-output\xunit.runner.reporters.netcoreapp10.dll
TpTrace Information: 0 : 5848, 4, 2024/07/03, 23:10:03.509, 372699061093, testhost.dll, [xUnit.net 00:00:00.14]   Discovering: P7CreateRestApi.Tests
TpTrace Verbose: 0 : 5848, 4, 2024/07/03, 23:10:03.510, 372699062333, testhost.dll, TestRequestHandler.SendData: sending data from testhost: {"Version":7,"MessageType":"TestSession.Message","Payload":{"MessageLevel":0,"Message":"[xUnit.net 00:00:00.14]   Discovering: P7CreateRestApi.Tests"}}
TpTrace Verbose: 0 : 5848, 4, 2024/07/03, 23:10:03.510, 372699064018, testhost.dll, MulticastDelegateUtilities.SafeInvoke: TestRunMessageLoggerProxy.SendMessage: Invoking callback 1/1 for Microsoft.VisualStudio.TestPlatform.CrossPlatEngine.Execution.RunTestsWithSources., took 0 ms.
TpTrace Information: 0 : 5848, 4, 2024/07/03, 23:10:03.562, 372699589139, testhost.dll, [xUnit.net 00:00:00.20]   Discovered:  P7CreateRestApi.Tests
TpTrace Verbose: 0 : 5848, 4, 2024/07/03, 23:10:03.566, 372699621965, testhost.dll, TestRequestHandler.SendData: sending data from testhost: {"Version":7,"MessageType":"TestSession.Message","Payload":{"MessageLevel":0,"Message":"[xUnit.net 00:00:00.20]   Discovered:  P7CreateRestApi.Tests"}}
TpTrace Verbose: 0 : 5848, 4, 2024/07/03, 23:10:03.566, 372699623497, testhost.dll, MulticastDelegateUtilities.SafeInvoke: TestRunMessageLoggerProxy.SendMessage: Invoking callback 1/1 for Microsoft.VisualStudio.TestPlatform.CrossPlatEngine.Execution.RunTestsWithSources., took 3 ms.
TpTrace Information: 0 : 5848, 4, 2024/07/03, 23:10:03.568, 372699642696, testhost.dll, [xUnit.net 00:00:00.20]   Starting:    P7CreateRestApi.Tests
TpTrace Verbose: 0 : 5848, 4, 2024/07/03, 23:10:03.568, 372699643426, testhost.dll, TestRequestHandler.SendData: sending data from testhost: {"Version":7,"MessageType":"TestSession.Message","Payload":{"MessageLevel":0,"Message":"[xUnit.net 00:00:00.20]   Starting:    P7CreateRestApi.Tests"}}
TpTrace Verbose: 0 : 5848, 4, 2024/07/03, 23:10:03.568, 372699644251, testhost.dll, MulticastDelegateUtilities.SafeInvoke: TestRunMessageLoggerProxy.SendMessage: Invoking callback 1/1 for Microsoft.VisualStudio.TestPlatform.CrossPlatEngine.Execution.RunTestsWithSources., took 0 ms.
TpTrace Verbose: 0 : 5848, 16, 2024/07/03, 23:10:03.605, 372700012607, testhost.dll, TestExecutionRecorder.RecordStart: Starting test: P7CreateRestApi.Tests.BidListControllerTests.CreateBid_ShouldReturnBadRequest_WhenBidIsNull.
TpTrace Verbose: 0 : 5848, 16, 2024/07/03, 23:10:03.631, 372700272866, testhost.dll, MulticastDelegateUtilities.SafeInvoke: TestCaseEventsHandler.RaiseTestCaseStart: Invoking callback 1/1 for Microsoft.VisualStudio.TestPlatform.CrossPlatEngine.DataCollection.ProxyOutOfProcDataCollectionManager., took 24 ms.
TpTrace Verbose: 0 : 5848, 16, 2024/07/03, 23:10:03.631, 372700275575, testhost.dll, TestExecutionRecorder.RecordStart: Starting test: P7CreateRestApi.Tests.RuleNameControllerTests.GetRuleNameById_ShouldReturnInternalServerError_WhenExceptionIsThrown.
TpTrace Verbose: 0 : 5848, 16, 2024/07/03, 23:10:03.634, 372700302255, testhost.dll, MulticastDelegateUtilities.SafeInvoke: TestCaseEventsHandler.RaiseTestCaseStart: Invoking callback 1/1 for Microsoft.VisualStudio.TestPlatform.CrossPlatEngine.DataCollection.ProxyOutOfProcDataCollectionManager., took 2 ms.
TpTrace Verbose: 0 : 5848, 16, 2024/07/03, 23:10:03.634, 372700303878, testhost.dll, TestExecutionRecorder.RecordStart: Starting test: P7CreateRestApi.Tests.RatingControllerTests.UpdateRating_ShouldReturnBadRequest_WhenIdDoesNotMatch.
TpTrace Verbose: 0 : 5848, 16, 2024/07/03, 23:10:03.635, 372700318603, testhost.dll, MulticastDelegateUtilities.SafeInvoke: TestCaseEventsHandler.RaiseTestCaseStart: Invoking callback 1/1 for Microsoft.VisualStudio.TestPlatform.CrossPlatEngine.DataCollection.ProxyOutOfProcDataCollectionManager., took 1 ms.
TpTrace Verbose: 0 : 5848, 16, 2024/07/03, 23:10:03.635, 372700319932, testhost.dll, TestExecutionRecorder.RecordStart: Starting test: P7CreateRestApi.Tests.CurveControllerTests.CreateCurvePoint_ShouldReturnInternalServerError_WhenExceptionIsThrown.
TpTrace Verbose: 0 : 5848, 16, 2024/07/03, 23:10:03.636, 372700329121, testhost.dll, MulticastDelegateUtilities.SafeInvoke: TestCaseEventsHandler.RaiseTestCaseStart: Invoking callback 1/1 for Microsoft.VisualStudio.TestPlatform.CrossPlatEngine.DataCollection.ProxyOutOfProcDataCollectionManager., took 0 ms.
TpTrace Verbose: 0 : 5848, 16, 2024/07/03, 23:10:03.636, 372700329708, testhost.dll, TestExecutionRecorder.RecordStart: Starting test: P7CreateRestApi.Tests.TradeControllerTests.UpdateTrade_ShouldReturnOk_WhenUpdateIsSuccessful.
TpTrace Verbose: 0 : 5848, 16, 2024/07/03, 23:10:03.637, 372700339263, testhost.dll, MulticastDelegateUtilities.SafeInvoke: TestCaseEventsHandler.RaiseTestCaseStart: Invoking callback 1/1 for Microsoft.VisualStudio.TestPlatform.CrossPlatEngine.DataCollection.ProxyOutOfProcDataCollectionManager., took 0 ms.
TpTrace Verbose: 0 : 5848, 16, 2024/07/03, 23:10:04.117, 372705139839, testhost.dll, TestExecutionRecorder.RecordResult: Received result for test: P7CreateRestApi.Tests.BidListControllerTests.CreateBid_ShouldReturnBadRequest_WhenBidIsNull.
TpTrace Verbose: 0 : 5848, 16, 2024/07/03, 23:10:04.134, 372705302080, testhost.dll, MulticastDelegateUtilities.SafeInvoke: TestCaseEventsHandler.RaiseTestCaseEnd: Invoking callback 1/1 for Microsoft.VisualStudio.TestPlatform.CrossPlatEngine.DataCollection.ProxyOutOfProcDataCollectionManager., took 14 ms.
TpTrace Verbose: 0 : 5848, 16, 2024/07/03, 23:10:04.135, 372705319769, testhost.dll, MulticastDelegateUtilities.SafeInvoke: TestCaseEventsHandler.RaiseTestCaseEnd: Invoking callback 1/1 for Microsoft.VisualStudio.TestPlatform.CrossPlatEngine.DataCollection.ProxyOutOfProcDataCollectionManager., took 0 ms.
TpTrace Verbose: 0 : 5848, 16, 2024/07/03, 23:10:04.138, 372705344430, testhost.dll, TestExecutionRecorder.RecordResult: Received result for test: P7CreateRestApi.Tests.RatingControllerTests.UpdateRating_ShouldReturnBadRequest_WhenIdDoesNotMatch.
TpTrace Verbose: 0 : 5848, 16, 2024/07/03, 23:10:04.140, 372705367454, testhost.dll, MulticastDelegateUtilities.SafeInvoke: TestCaseEventsHandler.RaiseTestCaseEnd: Invoking callback 1/1 for Microsoft.VisualStudio.TestPlatform.CrossPlatEngine.DataCollection.ProxyOutOfProcDataCollectionManager., took 2 ms.
TpTrace Verbose: 0 : 5848, 16, 2024/07/03, 23:10:04.140, 372705369677, testhost.dll, MulticastDelegateUtilities.SafeInvoke: TestCaseEventsHandler.RaiseTestCaseEnd: Invoking callback 1/1 for Microsoft.VisualStudio.TestPlatform.CrossPlatEngine.DataCollection.ProxyOutOfProcDataCollectionManager., took 0 ms.
TpTrace Verbose: 0 : 5848, 16, 2024/07/03, 23:10:04.141, 372705378127, testhost.dll, TestExecutionRecorder.RecordEnd: test: P7CreateRestApi.Tests.RatingControllerTests.UpdateRating_ShouldReturnBadRequest_WhenIdDoesNotMatch execution completed.
TpTrace Verbose: 0 : 5848, 16, 2024/07/03, 23:10:04.141, 372705380791, testhost.dll, TestExecutionRecorder.RecordEnd: test: P7CreateRestApi.Tests.BidListControllerTests.CreateBid_ShouldReturnBadRequest_WhenBidIsNull execution completed.
TpTrace Verbose: 0 : 5848, 16, 2024/07/03, 23:10:04.141, 372705381530, testhost.dll, TestExecutionRecorder.RecordStart: Starting test: P7CreateRestApi.Tests.RatingControllerTests.GetRatingById_ShouldReturnInternalServerError_WhenExceptionIsThrown.
TpTrace Verbose: 0 : 5848, 16, 2024/07/03, 23:10:04.143, 372705392318, testhost.dll, MulticastDelegateUtilities.SafeInvoke: TestCaseEventsHandler.RaiseTestCaseStart: Invoking callback 1/1 for Microsoft.VisualStudio.TestPlatform.CrossPlatEngine.DataCollection.ProxyOutOfProcDataCollectionManager., took 1 ms.
TpTrace Verbose: 0 : 5848, 16, 2024/07/03, 23:10:04.143, 372705394077, testhost.dll, TestExecutionRecorder.RecordStart: Starting test: P7CreateRestApi.Tests.BidListControllerTests.CreateBid_ShouldReturnBadRequest_WhenBidIsInvalid.
TpTrace Verbose: 0 : 5848, 16, 2024/07/03, 23:10:04.144, 372705405201, testhost.dll, MulticastDelegateUtilities.SafeInvoke: TestCaseEventsHandler.RaiseTestCaseStart: Invoking callback 1/1 for Microsoft.VisualStudio.TestPlatform.CrossPlatEngine.DataCollection.ProxyOutOfProcDataCollectionManager., took 1 ms.
TpTrace Verbose: 0 : 5848, 16, 2024/07/03, 23:10:04.144, 372705406681, testhost.dll, TestExecutionRecorder.RecordResult: Received result for test: P7CreateRestApi.Tests.BidListControllerTests.CreateBid_ShouldReturnBadRequest_WhenBidIsInvalid.
TpTrace Verbose: 0 : 5848, 16, 2024/07/03, 23:10:04.145, 372705416453, testhost.dll, MulticastDelegateUtilities.SafeInvoke: TestCaseEventsHandler.RaiseTestCaseEnd: Invoking callback 1/1 for Microsoft.VisualStudio.TestPlatform.CrossPlatEngine.DataCollection.ProxyOutOfProcDataCollectionManager., took 0 ms.
TpTrace Verbose: 0 : 5848, 16, 2024/07/03, 23:10:04.145, 372705417436, testhost.dll, MulticastDelegateUtilities.SafeInvoke: TestCaseEventsHandler.RaiseTestCaseEnd: Invoking callback 1/1 for Microsoft.VisualStudio.TestPlatform.CrossPlatEngine.DataCollection.ProxyOutOfProcDataCollectionManager., took 0 ms.
TpTrace Verbose: 0 : 5848, 16, 2024/07/03, 23:10:04.145, 372705418330, testhost.dll, TestExecutionRecorder.RecordEnd: test: P7CreateRestApi.Tests.BidListControllerTests.CreateBid_ShouldReturnBadRequest_WhenBidIsInvalid execution completed.
TpTrace Verbose: 0 : 5848, 16, 2024/07/03, 23:10:04.145, 372705418661, testhost.dll, TestExecutionRecorder.RecordStart: Starting test: P7CreateRestApi.Tests.BidListControllerTests.DeleteBid_ShouldReturnNoContent_WhenBidExists.
TpTrace Verbose: 0 : 5848, 16, 2024/07/03, 23:10:04.146, 372705430320, testhost.dll, MulticastDelegateUtilities.SafeInvoke: TestCaseEventsHandler.RaiseTestCaseStart: Invoking callback 1/1 for Microsoft.VisualStudio.TestPlatform.CrossPlatEngine.DataCollection.ProxyOutOfProcDataCollectionManager., took 1 ms.
TpTrace Verbose: 0 : 5848, 16, 2024/07/03, 23:10:04.146, 372705431386, testhost.dll, TestExecutionRecorder.RecordResult: Received result for test: P7CreateRestApi.Tests.BidListControllerTests.DeleteBid_ShouldReturnNoContent_WhenBidExists.
TpTrace Verbose: 0 : 5848, 7, 2024/07/03, 23:10:04.147, 372705435042, testhost.dll, TcpClientExtensions.MessageLoopAsync: Polling on remoteEndPoint: [::ffff:127.0.0.1]:51240 localEndPoint: [::ffff:127.0.0.1]:51241
TpTrace Verbose: 0 : 5848, 16, 2024/07/03, 23:10:04.148, 372705442901, testhost.dll, MulticastDelegateUtilities.SafeInvoke: TestCaseEventsHandler.RaiseTestCaseEnd: Invoking callback 1/1 for Microsoft.VisualStudio.TestPlatform.CrossPlatEngine.DataCollection.ProxyOutOfProcDataCollectionManager., took 1 ms.
TpTrace Verbose: 0 : 5848, 16, 2024/07/03, 23:10:04.148, 372705444149, testhost.dll, MulticastDelegateUtilities.SafeInvoke: TestCaseEventsHandler.RaiseTestCaseEnd: Invoking callback 1/1 for Microsoft.VisualStudio.TestPlatform.CrossPlatEngine.DataCollection.ProxyOutOfProcDataCollectionManager., took 0 ms.
TpTrace Verbose: 0 : 5848, 16, 2024/07/03, 23:10:04.148, 372705445244, testhost.dll, TestExecutionRecorder.RecordEnd: test: P7CreateRestApi.Tests.BidListControllerTests.DeleteBid_ShouldReturnNoContent_WhenBidExists execution completed.
TpTrace Verbose: 0 : 5848, 16, 2024/07/03, 23:10:04.148, 372705445627, testhost.dll, TestExecutionRecorder.RecordStart: Starting test: P7CreateRestApi.Tests.BidListControllerTests.GetBidById_ShouldReturnOkResult_WhenBidExists.
TpTrace Verbose: 0 : 5848, 16, 2024/07/03, 23:10:04.149, 372705455991, testhost.dll, MulticastDelegateUtilities.SafeInvoke: TestCaseEventsHandler.RaiseTestCaseStart: Invoking callback 1/1 for Microsoft.VisualStudio.TestPlatform.CrossPlatEngine.DataCollection.ProxyOutOfProcDataCollectionManager., took 0 ms.
TpTrace Verbose: 0 : 5848, 16, 2024/07/03, 23:10:04.149, 372705457376, testhost.dll, TestExecutionRecorder.RecordResult: Received result for test: P7CreateRestApi.Tests.TradeControllerTests.UpdateTrade_ShouldReturnOk_WhenUpdateIsSuccessful.
TpTrace Verbose: 0 : 5848, 16, 2024/07/03, 23:10:04.151, 372705474388, testhost.dll, MulticastDelegateUtilities.SafeInvoke: TestCaseEventsHandler.RaiseTestCaseEnd: Invoking callback 1/1 for Microsoft.VisualStudio.TestPlatform.CrossPlatEngine.DataCollection.ProxyOutOfProcDataCollectionManager., took 1 ms.
TpTrace Verbose: 0 : 5848, 16, 2024/07/03, 23:10:04.151, 372705475220, testhost.dll, MulticastDelegateUtilities.SafeInvoke: TestCaseEventsHandler.RaiseTestCaseEnd: Invoking callback 1/1 for Microsoft.VisualStudio.TestPlatform.CrossPlatEngine.DataCollection.ProxyOutOfProcDataCollectionManager., took 0 ms.
TpTrace Verbose: 0 : 5848, 16, 2024/07/03, 23:10:04.151, 372705475938, testhost.dll, TestExecutionRecorder.RecordEnd: test: P7CreateRestApi.Tests.TradeControllerTests.UpdateTrade_ShouldReturnOk_WhenUpdateIsSuccessful execution completed.
TpTrace Verbose: 0 : 5848, 16, 2024/07/03, 23:10:04.151, 372705476297, testhost.dll, TestExecutionRecorder.RecordStart: Starting test: P7CreateRestApi.Tests.TradeControllerTests.DeleteTrade_ShouldReturnNotFound_WhenTradeDoesNotExist.
TpTrace Information: 0 : 5848, 16, 2024/07/03, 23:10:04.152, 372705491266, testhost.dll, Sending test run statistics
TpTrace Verbose: 0 : 5848, 16, 2024/07/03, 23:10:04.172, 372705685447, testhost.dll, TestRequestHandler.SendData: sending data from testhost: {"Version":7,"MessageType":"TestExecution.StatsChange","Payload":{"NewTestResults":[{"TestCase":{"Id":"cf42d8ef-66e1-fd5e-7181-e3671b12e6a5","FullyQualifiedName":"P7CreateRestApi.Tests.BidListControllerTests.CreateBid_ShouldReturnBadRequest_WhenBidIsNull","DisplayName":"P7CreateRestApi.Tests.BidListControllerTests.CreateBid_ShouldReturnBadRequest_WhenBidIsNull","ExecutorUri":"executor://xunit/VsTestRunner2/netcoreapp","Source":"C:\\Users\\brandon.ku\\source\\repos\\OCProjet7_Findexium\\P7CreateRestApi.Tests\\bin\\Debug\\net8.0\\fine-code-coverage\\build-output\\P7CreateRestApi.Tests.dll","CodeFilePath":null,"LineNumber":0,"Properties":[]},"Attachments":[],"Outcome":1,"ErrorMessage":null,"ErrorStackTrace":null,"DisplayName":"P7CreateRestApi.Tests.BidListControllerTests.CreateBid_ShouldReturnBadRequest_WhenBidIsNull","Messages":[],"ComputerName":"PB22039","Duration":"00:00:00.4998455","StartTime":"2024-07-03T21:10:04.1171632+00:00","EndTime":"2024-07-03T21:10:04.1171817+00:00","Properties":[]},{"TestCase":{"Id":"dce18ec3-456e-8194-e43e-c34562f8901b","FullyQualifiedName":"P7CreateRestApi.Tests.RatingControllerTests.UpdateRating_ShouldReturnBadRequest_WhenIdDoesNotMatch","DisplayName":"P7CreateRestApi.Tests.RatingControllerTests.UpdateRating_ShouldReturnBadRequest_WhenIdDoesNotMatch","ExecutorUri":"executor://xunit/VsTestRunner2/netcoreapp","Source":"C:\\Users\\brandon.ku\\source\\repos\\OCProjet7_Findexium\\P7CreateRestApi.Tests\\bin\\Debug\\net8.0\\fine-code-coverage\\build-output\\P7CreateRestApi.Tests.dll","CodeFilePath":null,"LineNumber":0,"Properties":[]},"Attachments":[],"Outcome":1,"ErrorMessage":null,"ErrorStackTrace":null,"DisplayName":"P7CreateRestApi.Tests.RatingControllerTests.UpdateRating_ShouldReturnBadRequest_WhenIdDoesNotMatch","Messages":[],"ComputerName":"PB22039","Duration":"00:00:00.5029628","StartTime":"2024-07-03T21:10:04.1382584+00:00","EndTime":"2024-07-03T21:10:04.1382585+00:00","Properties":[]},{"TestCase":{"Id":"de09029b-99f8-60a0-2987-13014700db54","FullyQualifiedName":"P7CreateRestApi.Tests.BidListControllerTests.CreateBid_ShouldReturnBadRequest_WhenBidIsInvalid","DisplayName":"P7CreateRestApi.Tests.BidListControllerTests.CreateBid_ShouldReturnBadRequest_WhenBidIsInvalid","ExecutorUri":"executor://xunit/VsTestRunner2/netcoreapp","Source":"C:\\Users\\brandon.ku\\source\\repos\\OCProjet7_Findexium\\P7CreateRestApi.Tests\\bin\\Debug\\net8.0\\fine-code-coverage\\build-output\\P7CreateRestApi.Tests.dll","CodeFilePath":null,"LineNumber":0,"Properties":[]},"Attachments":[],"Outcome":1,"ErrorMessage":null,"ErrorStackTrace":null,"DisplayName":"P7CreateRestApi.Tests.BidListControllerTests.CreateBid_ShouldReturnBadRequest_WhenBidIsInvalid","Messages":[],"ComputerName":"PB22039","Duration":"00:00:00.0026329","StartTime":"2024-07-03T21:10:04.1444946+00:00","EndTime":"2024-07-03T21:10:04.1444948+00:00","Properties":[]},{"TestCase":{"Id":"c1bb44ca-a071-44e2-41ef-9b9e0a553f74","FullyQualifiedName":"P7CreateRestApi.Tests.BidListControllerTests.DeleteBid_ShouldReturnNoContent_WhenBidExists","DisplayName":"P7CreateRestApi.Tests.BidListControllerTests.DeleteBid_ShouldReturnNoContent_WhenBidExists","ExecutorUri":"executor://xunit/VsTestRunner2/netcoreapp","Source":"C:\\Users\\brandon.ku\\source\\repos\\OCProjet7_Findexium\\P7CreateRestApi.Tests\\bin\\Debug\\net8.0\\fine-code-coverage\\build-output\\P7CreateRestApi.Tests.dll","CodeFilePath":null,"LineNumber":0,"Properties":[]},"Attachments":[],"Outcome":1,"ErrorMessage":null,"ErrorStackTrace":null,"DisplayName":"P7CreateRestApi.Tests.BidListControllerTests.DeleteBid_ShouldReturnNoContent_WhenBidExists","Messages":[],"ComputerName":"PB22039","Duration":"00:00:00.0024689","StartTime":"2024-07-03T21:10:04.1469693+00:00","EndTime":"2024-07-03T21:10:04.1469693+00:00","Properties":[]},{"TestCase":{"Id":"68f01d5a-6440-c3d6-168d-928110c16275","FullyQualifiedName":"P7CreateRestApi.Tests.TradeControllerTests.UpdateTrade_ShouldReturnOk_WhenUpdateIsSuccessful","DisplayName":"P7CreateRestApi.Tests.TradeControllerTests.UpdateTrade_ShouldReturnOk_WhenUpdateIsSuccessful","ExecutorUri":"executor://xunit/VsTestRunner2/netcoreapp","Source":"C:\\Users\\brandon.ku\\source\\repos\\OCProjet7_Findexium\\P7CreateRestApi.Tests\\bin\\Debug\\net8.0\\fine-code-coverage\\build-output\\P7CreateRestApi.Tests.dll","CodeFilePath":null,"LineNumber":0,"Properties":[]},"Attachments":[],"Outcome":1,"ErrorMessage":null,"ErrorStackTrace":null,"DisplayName":"P7CreateRestApi.Tests.TradeControllerTests.UpdateTrade_ShouldReturnOk_WhenUpdateIsSuccessful","Messages":[],"ComputerName":"PB22039","Duration":"00:00:00.5062132","StartTime":"2024-07-03T21:10:04.1495686+00:00","EndTime":"2024-07-03T21:10:04.1495688+00:00","Properties":[]}],"TestRunStatistics":{"ExecutedTests":5,"Stats":{"Passed":5}},"ActiveTests":[{"Id":"7a4cb83f-0ac6-ea57-ae32-ce1d3adbaf40","FullyQualifiedName":"P7CreateRestApi.Tests.RuleNameControllerTests.GetRuleNameById_ShouldReturnInternalServerError_WhenExceptionIsThrown","DisplayName":"P7CreateRestApi.Tests.RuleNameControllerTests.GetRuleNameById_ShouldReturnInternalServerError_WhenExceptionIsThrown","ExecutorUri":"executor://xunit/VsTestRunner2/netcoreapp","Source":"C:\\Users\\brandon.ku\\source\\repos\\OCProjet7_Findexium\\P7CreateRestApi.Tests\\bin\\Debug\\net8.0\\fine-code-coverage\\build-output\\P7CreateRestApi.Tests.dll","CodeFilePath":null,"LineNumber":0,"Properties":[]},{"Id":"9e3cb094-b470-9a8b-7db7-414a45b03a0f","FullyQualifiedName":"P7CreateRestApi.Tests.CurveControllerTests.CreateCurvePoint_ShouldReturnInternalServerError_WhenExceptionIsThrown","DisplayName":"P7CreateRestApi.Tests.CurveControllerTests.CreateCurvePoint_ShouldReturnInternalServerError_WhenExceptionIsThrown","ExecutorUri":"executor://xunit/VsTestRunner2/netcoreapp","Source":"C:\\Users\\brandon.ku\\source\\repos\\OCProjet7_Findexium\\P7CreateRestApi.Tests\\bin\\Debug\\net8.0\\fine-code-coverage\\build-output\\P7CreateRestApi.Tests.dll","CodeFilePath":null,"LineNumber":0,"Properties":[]},{"Id":"ca5c2052-a368-50ed-9a9e-6f1898ad3699","FullyQualifiedName":"P7CreateRestApi.Tests.RatingControllerTests.GetRatingById_ShouldReturnInternalServerError_WhenExceptionIsThrown","DisplayName":"P7CreateRestApi.Tests.RatingControllerTests.GetRatingById_ShouldReturnInternalServerError_WhenExceptionIsThrown","ExecutorUri":"executor://xunit/VsTestRunner2/netcoreapp","Source":"C:\\Users\\brandon.ku\\source\\repos\\OCProjet7_Findexium\\P7CreateRestApi.Tests\\bin\\Debug\\net8.0\\fine-code-coverage\\build-output\\P7CreateRestApi.Tests.dll","CodeFilePath":null,"LineNumber":0,"Properties":[]},{"Id":"10c5f168-5d72-0a7a-2050-f6d963d2cf31","FullyQualifiedName":"P7CreateRestApi.Tests.BidListControllerTests.GetBidById_ShouldReturnOkResult_WhenBidExists","DisplayName":"P7CreateRestApi.Tests.BidListControllerTests.GetBidById_ShouldReturnOkResult_WhenBidExists","ExecutorUri":"executor://xunit/VsTestRunner2/netcoreapp","Source":"C:\\Users\\brandon.ku\\source\\repos\\OCProjet7_Findexium\\P7CreateRestApi.Tests\\bin\\Debug\\net8.0\\fine-code-coverage\\build-output\\P7CreateRestApi.Tests.dll","CodeFilePath":null,"LineNumber":0,"Properties":[]},{"Id":"ae71afbd-a63e-526d-7ce8-af9d9aab0e2a","FullyQualifiedName":"P7CreateRestApi.Tests.TradeControllerTests.DeleteTrade_ShouldReturnNotFound_WhenTradeDoesNotExist","DisplayName":"P7CreateRestApi.Tests.TradeControllerTests.DeleteTrade_ShouldReturnNotFound_WhenTradeDoesNotExist","ExecutorUri":"executor://xunit/VsTestRunner2/netcoreapp","Source":"C:\\Users\\brandon.ku\\source\\repos\\OCProjet7_Findexium\\P7CreateRestApi.Tests\\bin\\Debug\\net8.0\\fine-code-coverage\\build-output\\P7CreateRestApi.Tests.dll","CodeFilePath":null,"LineNumber":0,"Properties":[]}]}}
TpTrace Verbose: 0 : 5848, 16, 2024/07/03, 23:10:04.172, 372705688669, testhost.dll, TestRunCache: OnNewTestResult: Notified the onCacheHit callback.
TpTrace Verbose: 0 : 5848, 16, 2024/07/03, 23:10:04.173, 372705700697, testhost.dll, MulticastDelegateUtilities.SafeInvoke: TestCaseEventsHandler.RaiseTestCaseStart: Invoking callback 1/1 for Microsoft.VisualStudio.TestPlatform.CrossPlatEngine.DataCollection.ProxyOutOfProcDataCollectionManager., took 1 ms.
TpTrace Verbose: 0 : 5848, 16, 2024/07/03, 23:10:04.174, 372705702367, testhost.dll, TestExecutionRecorder.RecordResult: Received result for test: P7CreateRestApi.Tests.RatingControllerTests.GetRatingById_ShouldReturnInternalServerError_WhenExceptionIsThrown.
TpTrace Verbose: 0 : 5848, 16, 2024/07/03, 23:10:04.175, 372705712457, testhost.dll, MulticastDelegateUtilities.SafeInvoke: TestCaseEventsHandler.RaiseTestCaseEnd: Invoking callback 1/1 for Microsoft.VisualStudio.TestPlatform.CrossPlatEngine.DataCollection.ProxyOutOfProcDataCollectionManager., took 0 ms.
TpTrace Verbose: 0 : 5848, 16, 2024/07/03, 23:10:04.175, 372705713079, testhost.dll, MulticastDelegateUtilities.SafeInvoke: TestCaseEventsHandler.RaiseTestCaseEnd: Invoking callback 1/1 for Microsoft.VisualStudio.TestPlatform.CrossPlatEngine.DataCollection.ProxyOutOfProcDataCollectionManager., took 0 ms.
TpTrace Warning: 0 : 5848, 16, 2024/07/03, 23:10:04.175, 372705713342, testhost.dll, TestRunCache: InProgressTests is null
TpTrace Warning: 0 : 5848, 16, 2024/07/03, 23:10:04.175, 372705713852, testhost.dll, TestRunCache: No test found corresponding to testResult 'P7CreateRestApi.Tests.RatingControllerTests.GetRatingById_ShouldReturnInternalServerError_WhenExceptionIsThrown' in inProgress list.
TpTrace Verbose: 0 : 5848, 16, 2024/07/03, 23:10:04.175, 372705714366, testhost.dll, TestExecutionRecorder.RecordEnd: test: P7CreateRestApi.Tests.RatingControllerTests.GetRatingById_ShouldReturnInternalServerError_WhenExceptionIsThrown execution completed.
TpTrace Warning: 0 : 5848, 16, 2024/07/03, 23:10:04.175, 372705714515, testhost.dll, TestRunCache: InProgressTests is null
TpTrace Verbose: 0 : 5848, 16, 2024/07/03, 23:10:04.175, 372705715079, testhost.dll, TestExecutionRecorder.RecordResult: Received result for test: P7CreateRestApi.Tests.RuleNameControllerTests.GetRuleNameById_ShouldReturnInternalServerError_WhenExceptionIsThrown.
TpTrace Verbose: 0 : 5848, 16, 2024/07/03, 23:10:04.176, 372705724826, testhost.dll, MulticastDelegateUtilities.SafeInvoke: TestCaseEventsHandler.RaiseTestCaseEnd: Invoking callback 1/1 for Microsoft.VisualStudio.TestPlatform.CrossPlatEngine.DataCollection.ProxyOutOfProcDataCollectionManager., took 0 ms.
TpTrace Verbose: 0 : 5848, 16, 2024/07/03, 23:10:04.176, 372705725464, testhost.dll, MulticastDelegateUtilities.SafeInvoke: TestCaseEventsHandler.RaiseTestCaseEnd: Invoking callback 1/1 for Microsoft.VisualStudio.TestPlatform.CrossPlatEngine.DataCollection.ProxyOutOfProcDataCollectionManager., took 0 ms.
TpTrace Warning: 0 : 5848, 16, 2024/07/03, 23:10:04.176, 372705725692, testhost.dll, TestRunCache: InProgressTests is null
TpTrace Warning: 0 : 5848, 16, 2024/07/03, 23:10:04.176, 372705725852, testhost.dll, TestRunCache: No test found corresponding to testResult 'P7CreateRestApi.Tests.RuleNameControllerTests.GetRuleNameById_ShouldReturnInternalServerError_WhenExceptionIsThrown' in inProgress list.
TpTrace Verbose: 0 : 5848, 16, 2024/07/03, 23:10:04.176, 372705726237, testhost.dll, TestExecutionRecorder.RecordStart: Starting test: P7CreateRestApi.Tests.RatingControllerTests.CreateRating_ShouldReturnInternalServerError_WhenExceptionIsThrown.
TpTrace Verbose: 0 : 5848, 16, 2024/07/03, 23:10:04.177, 372705734185, testhost.dll, MulticastDelegateUtilities.SafeInvoke: TestCaseEventsHandler.RaiseTestCaseStart: Invoking callback 1/1 for Microsoft.VisualStudio.TestPlatform.CrossPlatEngine.DataCollection.ProxyOutOfProcDataCollectionManager., took 0 ms.
TpTrace Verbose: 0 : 5848, 16, 2024/07/03, 23:10:04.177, 372705734827, testhost.dll, TestExecutionRecorder.RecordEnd: test: P7CreateRestApi.Tests.RuleNameControllerTests.GetRuleNameById_ShouldReturnInternalServerError_WhenExceptionIsThrown execution completed.
TpTrace Verbose: 0 : 5848, 16, 2024/07/03, 23:10:04.177, 372705735195, testhost.dll, TestExecutionRecorder.RecordStart: Starting test: P7CreateRestApi.Tests.RuleNameControllerTests.CreateRuleName_ShouldReturnInternalServerError_WhenExceptionIsThrown.
TpTrace Verbose: 0 : 5848, 16, 2024/07/03, 23:10:04.178, 372705743264, testhost.dll, MulticastDelegateUtilities.SafeInvoke: TestCaseEventsHandler.RaiseTestCaseStart: Invoking callback 1/1 for Microsoft.VisualStudio.TestPlatform.CrossPlatEngine.DataCollection.ProxyOutOfProcDataCollectionManager., took 0 ms.
TpTrace Verbose: 0 : 5848, 16, 2024/07/03, 23:10:04.178, 372705744039, testhost.dll, TestExecutionRecorder.RecordResult: Received result for test: P7CreateRestApi.Tests.CurveControllerTests.CreateCurvePoint_ShouldReturnInternalServerError_WhenExceptionIsThrown.
TpTrace Verbose: 0 : 5848, 16, 2024/07/03, 23:10:04.179, 372705753520, testhost.dll, MulticastDelegateUtilities.SafeInvoke: TestCaseEventsHandler.RaiseTestCaseEnd: Invoking callback 1/1 for Microsoft.VisualStudio.TestPlatform.CrossPlatEngine.DataCollection.ProxyOutOfProcDataCollectionManager., took 0 ms.
TpTrace Verbose: 0 : 5848, 16, 2024/07/03, 23:10:04.179, 372705754331, testhost.dll, MulticastDelegateUtilities.SafeInvoke: TestCaseEventsHandler.RaiseTestCaseEnd: Invoking callback 1/1 for Microsoft.VisualStudio.TestPlatform.CrossPlatEngine.DataCollection.ProxyOutOfProcDataCollectionManager., took 0 ms.
TpTrace Warning: 0 : 5848, 16, 2024/07/03, 23:10:04.179, 372705754751, testhost.dll, TestRunCache: No test found corresponding to testResult 'P7CreateRestApi.Tests.CurveControllerTests.CreateCurvePoint_ShouldReturnInternalServerError_WhenExceptionIsThrown' in inProgress list.
TpTrace Verbose: 0 : 5848, 16, 2024/07/03, 23:10:04.179, 372705755251, testhost.dll, TestExecutionRecorder.RecordEnd: test: P7CreateRestApi.Tests.CurveControllerTests.CreateCurvePoint_ShouldReturnInternalServerError_WhenExceptionIsThrown execution completed.
TpTrace Verbose: 0 : 5848, 16, 2024/07/03, 23:10:04.179, 372705755665, testhost.dll, TestExecutionRecorder.RecordResult: Received result for test: P7CreateRestApi.Tests.BidListControllerTests.GetBidById_ShouldReturnOkResult_WhenBidExists.
TpTrace Verbose: 0 : 5848, 16, 2024/07/03, 23:10:04.180, 372705769580, testhost.dll, MulticastDelegateUtilities.SafeInvoke: TestCaseEventsHandler.RaiseTestCaseEnd: Invoking callback 1/1 for Microsoft.VisualStudio.TestPlatform.CrossPlatEngine.DataCollection.ProxyOutOfProcDataCollectionManager., took 1 ms.
TpTrace Verbose: 0 : 5848, 16, 2024/07/03, 23:10:04.180, 372705770742, testhost.dll, MulticastDelegateUtilities.SafeInvoke: TestCaseEventsHandler.RaiseTestCaseEnd: Invoking callback 1/1 for Microsoft.VisualStudio.TestPlatform.CrossPlatEngine.DataCollection.ProxyOutOfProcDataCollectionManager., took 0 ms.
TpTrace Warning: 0 : 5848, 16, 2024/07/03, 23:10:04.180, 372705771133, testhost.dll, TestRunCache: No test found corresponding to testResult 'P7CreateRestApi.Tests.BidListControllerTests.GetBidById_ShouldReturnOkResult_WhenBidExists' in inProgress list.
TpTrace Verbose: 0 : 5848, 16, 2024/07/03, 23:10:04.181, 372705772165, testhost.dll, TestExecutionRecorder.RecordEnd: test: P7CreateRestApi.Tests.BidListControllerTests.GetBidById_ShouldReturnOkResult_WhenBidExists execution completed.
TpTrace Verbose: 0 : 5848, 16, 2024/07/03, 23:10:04.181, 372705772503, testhost.dll, TestExecutionRecorder.RecordStart: Starting test: P7CreateRestApi.Tests.CurveControllerTests.GetAllCurvePoints_ShouldReturnNotFound_WhenNoCurvePointsExist.
TpTrace Verbose: 0 : 5848, 16, 2024/07/03, 23:10:04.182, 372705784220, testhost.dll, MulticastDelegateUtilities.SafeInvoke: TestCaseEventsHandler.RaiseTestCaseStart: Invoking callback 1/1 for Microsoft.VisualStudio.TestPlatform.CrossPlatEngine.DataCollection.ProxyOutOfProcDataCollectionManager., took 1 ms.
TpTrace Verbose: 0 : 5848, 16, 2024/07/03, 23:10:04.182, 372705785942, testhost.dll, TestExecutionRecorder.RecordStart: Starting test: P7CreateRestApi.Tests.BidListControllerTests.GetBidById_ShouldReturnNotFound_WhenBidDoesNotExist.
TpTrace Verbose: 0 : 5848, 16, 2024/07/03, 23:10:04.183, 372705801486, testhost.dll, MulticastDelegateUtilities.SafeInvoke: TestCaseEventsHandler.RaiseTestCaseStart: Invoking callback 1/1 for Microsoft.VisualStudio.TestPlatform.CrossPlatEngine.DataCollection.ProxyOutOfProcDataCollectionManager., took 1 ms.
TpTrace Verbose: 0 : 5848, 16, 2024/07/03, 23:10:04.184, 372705802787, testhost.dll, TestExecutionRecorder.RecordResult: Received result for test: P7CreateRestApi.Tests.BidListControllerTests.GetBidById_ShouldReturnNotFound_WhenBidDoesNotExist.
TpTrace Verbose: 0 : 5848, 16, 2024/07/03, 23:10:04.185, 372705813189, testhost.dll, MulticastDelegateUtilities.SafeInvoke: TestCaseEventsHandler.RaiseTestCaseEnd: Invoking callback 1/1 for Microsoft.VisualStudio.TestPlatform.CrossPlatEngine.DataCollection.ProxyOutOfProcDataCollectionManager., took 1 ms.
TpTrace Verbose: 0 : 5848, 16, 2024/07/03, 23:10:04.185, 372705813845, testhost.dll, MulticastDelegateUtilities.SafeInvoke: TestCaseEventsHandler.RaiseTestCaseEnd: Invoking callback 1/1 for Microsoft.VisualStudio.TestPlatform.CrossPlatEngine.DataCollection.ProxyOutOfProcDataCollectionManager., took 0 ms.
TpTrace Verbose: 0 : 5848, 16, 2024/07/03, 23:10:04.185, 372705814399, testhost.dll, TestExecutionRecorder.RecordEnd: test: P7CreateRestApi.Tests.BidListControllerTests.GetBidById_ShouldReturnNotFound_WhenBidDoesNotExist execution completed.
TpTrace Verbose: 0 : 5848, 16, 2024/07/03, 23:10:04.185, 372705814736, testhost.dll, TestExecutionRecorder.RecordStart: Starting test: P7CreateRestApi.Tests.BidListControllerTests.DeleteBid_ShouldReturnNotFound_WhenBidDoesNotExist.
TpTrace Verbose: 0 : 5848, 16, 2024/07/03, 23:10:04.186, 372705823320, testhost.dll, MulticastDelegateUtilities.SafeInvoke: TestCaseEventsHandler.RaiseTestCaseStart: Invoking callback 1/1 for Microsoft.VisualStudio.TestPlatform.CrossPlatEngine.DataCollection.ProxyOutOfProcDataCollectionManager., took 0 ms.
TpTrace Verbose: 0 : 5848, 16, 2024/07/03, 23:10:04.186, 372705824258, testhost.dll, TestExecutionRecorder.RecordResult: Received result for test: P7CreateRestApi.Tests.BidListControllerTests.DeleteBid_ShouldReturnNotFound_WhenBidDoesNotExist.
TpTrace Verbose: 0 : 5848, 16, 2024/07/03, 23:10:04.187, 372705832683, testhost.dll, MulticastDelegateUtilities.SafeInvoke: TestCaseEventsHandler.RaiseTestCaseEnd: Invoking callback 1/1 for Microsoft.VisualStudio.TestPlatform.CrossPlatEngine.DataCollection.ProxyOutOfProcDataCollectionManager., took 0 ms.
TpTrace Verbose: 0 : 5848, 16, 2024/07/03, 23:10:04.187, 372705833264, testhost.dll, MulticastDelegateUtilities.SafeInvoke: TestCaseEventsHandler.RaiseTestCaseEnd: Invoking callback 1/1 for Microsoft.VisualStudio.TestPlatform.CrossPlatEngine.DataCollection.ProxyOutOfProcDataCollectionManager., took 0 ms.
TpTrace Verbose: 0 : 5848, 16, 2024/07/03, 23:10:04.187, 372705833696, testhost.dll, TestExecutionRecorder.RecordEnd: test: P7CreateRestApi.Tests.BidListControllerTests.DeleteBid_ShouldReturnNotFound_WhenBidDoesNotExist execution completed.
TpTrace Verbose: 0 : 5848, 16, 2024/07/03, 23:10:04.187, 372705833991, testhost.dll, TestExecutionRecorder.RecordStart: Starting test: P7CreateRestApi.Tests.BidListControllerTests.CreateBid_ShouldReturnCreatedAtActionResult_WhenBidIsValid.
TpTrace Information: 0 : 5848, 16, 2024/07/03, 23:10:04.187, 372705835028, testhost.dll, Sending test run statistics
TpTrace Verbose: 0 : 5848, 16, 2024/07/03, 23:10:04.188, 372705846020, testhost.dll, TestRequestHandler.SendData: sending data from testhost: {"Version":7,"MessageType":"TestExecution.StatsChange","Payload":{"NewTestResults":[{"TestCase":{"Id":"ca5c2052-a368-50ed-9a9e-6f1898ad3699","FullyQualifiedName":"P7CreateRestApi.Tests.RatingControllerTests.GetRatingById_ShouldReturnInternalServerError_WhenExceptionIsThrown","DisplayName":"P7CreateRestApi.Tests.RatingControllerTests.GetRatingById_ShouldReturnInternalServerError_WhenExceptionIsThrown","ExecutorUri":"executor://xunit/VsTestRunner2/netcoreapp","Source":"C:\\Users\\brandon.ku\\source\\repos\\OCProjet7_Findexium\\P7CreateRestApi.Tests\\bin\\Debug\\net8.0\\fine-code-coverage\\build-output\\P7CreateRestApi.Tests.dll","CodeFilePath":null,"LineNumber":0,"Properties":[]},"Attachments":[],"Outcome":1,"ErrorMessage":null,"ErrorStackTrace":null,"DisplayName":"P7CreateRestApi.Tests.RatingControllerTests.GetRatingById_ShouldReturnInternalServerError_WhenExceptionIsThrown","Messages":[],"ComputerName":"PB22039","Duration":"00:00:00.0075632","StartTime":"2024-07-03T21:10:04.1740664+00:00","EndTime":"2024-07-03T21:10:04.1740665+00:00","Properties":[]},{"TestCase":{"Id":"7a4cb83f-0ac6-ea57-ae32-ce1d3adbaf40","FullyQualifiedName":"P7CreateRestApi.Tests.RuleNameControllerTests.GetRuleNameById_ShouldReturnInternalServerError_WhenExceptionIsThrown","DisplayName":"P7CreateRestApi.Tests.RuleNameControllerTests.GetRuleNameById_ShouldReturnInternalServerError_WhenExceptionIsThrown","ExecutorUri":"executor://xunit/VsTestRunner2/netcoreapp","Source":"C:\\Users\\brandon.ku\\source\\repos\\OCProjet7_Findexium\\P7CreateRestApi.Tests\\bin\\Debug\\net8.0\\fine-code-coverage\\build-output\\P7CreateRestApi.Tests.dll","CodeFilePath":null,"LineNumber":0,"Properties":[]},"Attachments":[],"Outcome":1,"ErrorMessage":null,"ErrorStackTrace":null,"DisplayName":"P7CreateRestApi.Tests.RuleNameControllerTests.GetRuleNameById_ShouldReturnInternalServerError_WhenExceptionIsThrown","Messages":[],"ComputerName":"PB22039","Duration":"00:00:00.5111583","StartTime":"2024-07-03T21:10:04.1753217+00:00","EndTime":"2024-07-03T21:10:04.1753218+00:00","Properties":[]},{"TestCase":{"Id":"9e3cb094-b470-9a8b-7db7-414a45b03a0f","FullyQualifiedName":"P7CreateRestApi.Tests.CurveControllerTests.CreateCurvePoint_ShouldReturnInternalServerError_WhenExceptionIsThrown","DisplayName":"P7CreateRestApi.Tests.CurveControllerTests.CreateCurvePoint_ShouldReturnInternalServerError_WhenExceptionIsThrown","ExecutorUri":"executor://xunit/VsTestRunner2/netcoreapp","Source":"C:\\Users\\brandon.ku\\source\\repos\\OCProjet7_Findexium\\P7CreateRestApi.Tests\\bin\\Debug\\net8.0\\fine-code-coverage\\build-output\\P7CreateRestApi.Tests.dll","CodeFilePath":null,"LineNumber":0,"Properties":[]},"Attachments":[],"Outcome":1,"ErrorMessage":null,"ErrorStackTrace":null,"DisplayName":"P7CreateRestApi.Tests.CurveControllerTests.CreateCurvePoint_ShouldReturnInternalServerError_WhenExceptionIsThrown","Messages":[],"ComputerName":"PB22039","Duration":"00:00:00.5104557","StartTime":"2024-07-03T21:10:04.1782355+00:00","EndTime":"2024-07-03T21:10:04.1782356+00:00","Properties":[]},{"TestCase":{"Id":"10c5f168-5d72-0a7a-2050-f6d963d2cf31","FullyQualifiedName":"P7CreateRestApi.Tests.BidListControllerTests.GetBidById_ShouldReturnOkResult_WhenBidExists","DisplayName":"P7CreateRestApi.Tests.BidListControllerTests.GetBidById_ShouldReturnOkResult_WhenBidExists","ExecutorUri":"executor://xunit/VsTestRunner2/netcoreapp","Source":"C:\\Users\\brandon.ku\\source\\repos\\OCProjet7_Findexium\\P7CreateRestApi.Tests\\bin\\Debug\\net8.0\\fine-code-coverage\\build-output\\P7CreateRestApi.Tests.dll","CodeFilePath":null,"LineNumber":0,"Properties":[]},"Attachments":[],"Outcome":1,"ErrorMessage":null,"ErrorStackTrace":null,"DisplayName":"P7CreateRestApi.Tests.BidListControllerTests.GetBidById_ShouldReturnOkResult_WhenBidExists","Messages":[],"ComputerName":"PB22039","Duration":"00:00:00.0022271","StartTime":"2024-07-03T21:10:04.179399+00:00","EndTime":"2024-07-03T21:10:04.179399+00:00","Properties":[]},{"TestCase":{"Id":"7c615cc4-c2d8-e4b8-86b0-8ec73f01a4da","FullyQualifiedName":"P7CreateRestApi.Tests.BidListControllerTests.GetBidById_ShouldReturnNotFound_WhenBidDoesNotExist","DisplayName":"P7CreateRestApi.Tests.BidListControllerTests.GetBidById_ShouldReturnNotFound_WhenBidDoesNotExist","ExecutorUri":"executor://xunit/VsTestRunner2/netcoreapp","Source":"C:\\Users\\brandon.ku\\source\\repos\\OCProjet7_Findexium\\P7CreateRestApi.Tests\\bin\\Debug\\net8.0\\fine-code-coverage\\build-output\\P7CreateRestApi.Tests.dll","CodeFilePath":null,"LineNumber":0,"Properties":[]},"Attachments":[],"Outcome":1,"ErrorMessage":null,"ErrorStackTrace":null,"DisplayName":"P7CreateRestApi.Tests.BidListControllerTests.GetBidById_ShouldReturnNotFound_WhenBidDoesNotExist","Messages":[],"ComputerName":"PB22039","Duration":"00:00:00.0006646","StartTime":"2024-07-03T21:10:04.1841089+00:00","EndTime":"2024-07-03T21:10:04.184109+00:00","Properties":[]},{"TestCase":{"Id":"baa7d328-c5e1-9359-c854-92e8c2cdb70d","FullyQualifiedName":"P7CreateRestApi.Tests.BidListControllerTests.DeleteBid_ShouldReturnNotFound_WhenBidDoesNotExist","DisplayName":"P7CreateRestApi.Tests.BidListControllerTests.DeleteBid_ShouldReturnNotFound_WhenBidDoesNotExist","ExecutorUri":"executor://xunit/VsTestRunner2/netcoreapp","Source":"C:\\Users\\brandon.ku\\source\\repos\\OCProjet7_Findexium\\P7CreateRestApi.Tests\\bin\\Debug\\net8.0\\fine-code-coverage\\build-output\\P7CreateRestApi.Tests.dll","CodeFilePath":null,"LineNumber":0,"Properties":[]},"Attachments":[],"Outcome":1,"ErrorMessage":null,"ErrorStackTrace":null,"DisplayName":"P7CreateRestApi.Tests.BidListControllerTests.DeleteBid_ShouldReturnNotFound_WhenBidDoesNotExist","Messages":[],"ComputerName":"PB22039","Duration":"00:00:00.0006118","StartTime":"2024-07-03T21:10:04.1862573+00:00","EndTime":"2024-07-03T21:10:04.1862574+00:00","Properties":[]}],"TestRunStatistics":{"ExecutedTests":11,"Stats":{"Passed":11}},"ActiveTests":[{"Id":"e0912312-0c28-ab99-e524-1399dc0d2284","FullyQualifiedName":"P7CreateRestApi.Tests.RatingControllerTests.CreateRating_ShouldReturnInternalServerError_WhenExceptionIsThrown","DisplayName":"P7CreateRestApi.Tests.RatingControllerTests.CreateRating_ShouldReturnInternalServerError_WhenExceptionIsThrown","ExecutorUri":"executor://xunit/VsTestRunner2/netcoreapp","Source":"C:\\Users\\brandon.ku\\source\\repos\\OCProjet7_Findexium\\P7CreateRestApi.Tests\\bin\\Debug\\net8.0\\fine-code-coverage\\build-output\\P7CreateRestApi.Tests.dll","CodeFilePath":null,"LineNumber":0,"Properties":[]},{"Id":"0eb69bc3-2ce2-882b-b36c-1e33e49071a2","FullyQualifiedName":"P7CreateRestApi.Tests.RuleNameControllerTests.CreateRuleName_ShouldReturnInternalServerError_WhenExceptionIsThrown","DisplayName":"P7CreateRestApi.Tests.RuleNameControllerTests.CreateRuleName_ShouldReturnInternalServerError_WhenExceptionIsThrown","ExecutorUri":"executor://xunit/VsTestRunner2/netcoreapp","Source":"C:\\Users\\brandon.ku\\source\\repos\\OCProjet7_Findexium\\P7CreateRestApi.Tests\\bin\\Debug\\net8.0\\fine-code-coverage\\build-output\\P7CreateRestApi.Tests.dll","CodeFilePath":null,"LineNumber":0,"Properties":[]},{"Id":"9d2662ac-6bbc-bada-05bd-44e5dc7ca47c","FullyQualifiedName":"P7CreateRestApi.Tests.CurveControllerTests.GetAllCurvePoints_ShouldReturnNotFound_WhenNoCurvePointsExist","DisplayName":"P7CreateRestApi.Tests.CurveControllerTests.GetAllCurvePoints_ShouldReturnNotFound_WhenNoCurvePointsExist","ExecutorUri":"executor://xunit/VsTestRunner2/netcoreapp","Source":"C:\\Users\\brandon.ku\\source\\repos\\OCProjet7_Findexium\\P7CreateRestApi.Tests\\bin\\Debug\\net8.0\\fine-code-coverage\\build-output\\P7CreateRestApi.Tests.dll","CodeFilePath":null,"LineNumber":0,"Properties":[]},{"Id":"4bc50b7e-0b61-f118-5932-06c21b0d7c49","FullyQualifiedName":"P7CreateRestApi.Tests.BidListControllerTests.CreateBid_ShouldReturnCreatedAtActionResult_WhenBidIsValid","DisplayName":"P7CreateRestApi.Tests.BidListControllerTests.CreateBid_ShouldReturnCreatedAtActionResult_WhenBidIsValid","ExecutorUri":"executor://xunit/VsTestRunner2/netcoreapp","Source":"C:\\Users\\brandon.ku\\source\\repos\\OCProjet7_Findexium\\P7CreateRestApi.Tests\\bin\\Debug\\net8.0\\fine-code-coverage\\build-output\\P7CreateRestApi.Tests.dll","CodeFilePath":null,"LineNumber":0,"Properties":[]}]}}
TpTrace Verbose: 0 : 5848, 16, 2024/07/03, 23:10:04.188, 372705847565, testhost.dll, TestRunCache: OnNewTestResult: Notified the onCacheHit callback.
TpTrace Verbose: 0 : 5848, 16, 2024/07/03, 23:10:04.189, 372705856629, testhost.dll, MulticastDelegateUtilities.SafeInvoke: TestCaseEventsHandler.RaiseTestCaseStart: Invoking callback 1/1 for Microsoft.VisualStudio.TestPlatform.CrossPlatEngine.DataCollection.ProxyOutOfProcDataCollectionManager., took 0 ms.
TpTrace Verbose: 0 : 5848, 16, 2024/07/03, 23:10:04.189, 372705857588, testhost.dll, TestExecutionRecorder.RecordResult: Received result for test: P7CreateRestApi.Tests.CurveControllerTests.GetAllCurvePoints_ShouldReturnNotFound_WhenNoCurvePointsExist.
TpTrace Verbose: 0 : 5848, 16, 2024/07/03, 23:10:04.190, 372705867103, testhost.dll, MulticastDelegateUtilities.SafeInvoke: TestCaseEventsHandler.RaiseTestCaseEnd: Invoking callback 1/1 for Microsoft.VisualStudio.TestPlatform.CrossPlatEngine.DataCollection.ProxyOutOfProcDataCollectionManager., took 0 ms.
TpTrace Verbose: 0 : 5848, 16, 2024/07/03, 23:10:04.190, 372705867718, testhost.dll, MulticastDelegateUtilities.SafeInvoke: TestCaseEventsHandler.RaiseTestCaseEnd: Invoking callback 1/1 for Microsoft.VisualStudio.TestPlatform.CrossPlatEngine.DataCollection.ProxyOutOfProcDataCollectionManager., took 0 ms.
TpTrace Warning: 0 : 5848, 16, 2024/07/03, 23:10:04.190, 372705867988, testhost.dll, TestRunCache: InProgressTests is null
TpTrace Warning: 0 : 5848, 16, 2024/07/03, 23:10:04.190, 372705868180, testhost.dll, TestRunCache: No test found corresponding to testResult 'P7CreateRestApi.Tests.CurveControllerTests.GetAllCurvePoints_ShouldReturnNotFound_WhenNoCurvePointsExist' in inProgress list.
TpTrace Verbose: 0 : 5848, 16, 2024/07/03, 23:10:04.190, 372705868566, testhost.dll, TestExecutionRecorder.RecordEnd: test: P7CreateRestApi.Tests.CurveControllerTests.GetAllCurvePoints_ShouldReturnNotFound_WhenNoCurvePointsExist execution completed.
TpTrace Warning: 0 : 5848, 16, 2024/07/03, 23:10:04.190, 372705868739, testhost.dll, TestRunCache: InProgressTests is null
TpTrace Verbose: 0 : 5848, 16, 2024/07/03, 23:10:04.190, 372705869019, testhost.dll, TestExecutionRecorder.RecordStart: Starting test: P7CreateRestApi.Tests.CurveControllerTests.GetAllCurvePoints_ShouldReturnOk_WhenCurvePointsExist.
TpTrace Verbose: 0 : 5848, 16, 2024/07/03, 23:10:04.191, 372705876840, testhost.dll, MulticastDelegateUtilities.SafeInvoke: TestCaseEventsHandler.RaiseTestCaseStart: Invoking callback 1/1 for Microsoft.VisualStudio.TestPlatform.CrossPlatEngine.DataCollection.ProxyOutOfProcDataCollectionManager., took 0 ms.
TpTrace Verbose: 0 : 5848, 16, 2024/07/03, 23:10:04.191, 372705877632, testhost.dll, TestExecutionRecorder.RecordResult: Received result for test: P7CreateRestApi.Tests.RatingControllerTests.CreateRating_ShouldReturnInternalServerError_WhenExceptionIsThrown.
TpTrace Verbose: 0 : 5848, 16, 2024/07/03, 23:10:04.192, 372705887491, testhost.dll, MulticastDelegateUtilities.SafeInvoke: TestCaseEventsHandler.RaiseTestCaseEnd: Invoking callback 1/1 for Microsoft.VisualStudio.TestPlatform.CrossPlatEngine.DataCollection.ProxyOutOfProcDataCollectionManager., took 0 ms.
TpTrace Verbose: 0 : 5848, 16, 2024/07/03, 23:10:04.192, 372705888226, testhost.dll, MulticastDelegateUtilities.SafeInvoke: TestCaseEventsHandler.RaiseTestCaseEnd: Invoking callback 1/1 for Microsoft.VisualStudio.TestPlatform.CrossPlatEngine.DataCollection.ProxyOutOfProcDataCollectionManager., took 0 ms.
TpTrace Warning: 0 : 5848, 16, 2024/07/03, 23:10:04.192, 372705888578, testhost.dll, TestRunCache: No test found corresponding to testResult 'P7CreateRestApi.Tests.RatingControllerTests.CreateRating_ShouldReturnInternalServerError_WhenExceptionIsThrown' in inProgress list.
TpTrace Verbose: 0 : 5848, 16, 2024/07/03, 23:10:04.192, 372705889019, testhost.dll, TestExecutionRecorder.RecordEnd: test: P7CreateRestApi.Tests.RatingControllerTests.CreateRating_ShouldReturnInternalServerError_WhenExceptionIsThrown execution completed.
TpTrace Verbose: 0 : 5848, 16, 2024/07/03, 23:10:04.192, 372705889466, testhost.dll, TestExecutionRecorder.RecordStart: Starting test: P7CreateRestApi.Tests.RatingControllerTests.GetRatingById_ShouldReturnNotFound_WhenRatingDoesNotExist.
TpTrace Verbose: 0 : 5848, 16, 2024/07/03, 23:10:04.193, 372705897601, testhost.dll, MulticastDelegateUtilities.SafeInvoke: TestCaseEventsHandler.RaiseTestCaseStart: Invoking callback 1/1 for Microsoft.VisualStudio.TestPlatform.CrossPlatEngine.DataCollection.ProxyOutOfProcDataCollectionManager., took 0 ms.
TpTrace Verbose: 0 : 5848, 16, 2024/07/03, 23:10:04.193, 372705898872, testhost.dll, TestExecutionRecorder.RecordResult: Received result for test: P7CreateRestApi.Tests.TradeControllerTests.DeleteTrade_ShouldReturnNotFound_WhenTradeDoesNotExist.
TpTrace Verbose: 0 : 5848, 16, 2024/07/03, 23:10:04.194, 372705907866, testhost.dll, MulticastDelegateUtilities.SafeInvoke: TestCaseEventsHandler.RaiseTestCaseEnd: Invoking callback 1/1 for Microsoft.VisualStudio.TestPlatform.CrossPlatEngine.DataCollection.ProxyOutOfProcDataCollectionManager., took 0 ms.
TpTrace Verbose: 0 : 5848, 16, 2024/07/03, 23:10:04.194, 372705908533, testhost.dll, MulticastDelegateUtilities.SafeInvoke: TestCaseEventsHandler.RaiseTestCaseEnd: Invoking callback 1/1 for Microsoft.VisualStudio.TestPlatform.CrossPlatEngine.DataCollection.ProxyOutOfProcDataCollectionManager., took 0 ms.
TpTrace Warning: 0 : 5848, 16, 2024/07/03, 23:10:04.194, 372705908858, testhost.dll, TestRunCache: No test found corresponding to testResult 'P7CreateRestApi.Tests.TradeControllerTests.DeleteTrade_ShouldReturnNotFound_WhenTradeDoesNotExist' in inProgress list.
TpTrace Verbose: 0 : 5848, 16, 2024/07/03, 23:10:04.194, 372705909449, testhost.dll, TestExecutionRecorder.RecordEnd: test: P7CreateRestApi.Tests.TradeControllerTests.DeleteTrade_ShouldReturnNotFound_WhenTradeDoesNotExist execution completed.
TpTrace Verbose: 0 : 5848, 16, 2024/07/03, 23:10:04.194, 372705909805, testhost.dll, TestExecutionRecorder.RecordStart: Starting test: P7CreateRestApi.Tests.TradeControllerTests.DeleteTrade_ShouldReturnInternalServerError_WhenExceptionIsThrown.
TpTrace Verbose: 0 : 5848, 16, 2024/07/03, 23:10:04.195, 372705918602, testhost.dll, MulticastDelegateUtilities.SafeInvoke: TestCaseEventsHandler.RaiseTestCaseStart: Invoking callback 1/1 for Microsoft.VisualStudio.TestPlatform.CrossPlatEngine.DataCollection.ProxyOutOfProcDataCollectionManager., took 0 ms.
TpTrace Verbose: 0 : 5848, 16, 2024/07/03, 23:10:04.195, 372705919445, testhost.dll, TestExecutionRecorder.RecordResult: Received result for test: P7CreateRestApi.Tests.RatingControllerTests.GetRatingById_ShouldReturnNotFound_WhenRatingDoesNotExist.
TpTrace Verbose: 0 : 5848, 16, 2024/07/03, 23:10:04.196, 372705929732, testhost.dll, MulticastDelegateUtilities.SafeInvoke: TestCaseEventsHandler.RaiseTestCaseEnd: Invoking callback 1/1 for Microsoft.VisualStudio.TestPlatform.CrossPlatEngine.DataCollection.ProxyOutOfProcDataCollectionManager., took 0 ms.
TpTrace Verbose: 0 : 5848, 16, 2024/07/03, 23:10:04.196, 372705930326, testhost.dll, MulticastDelegateUtilities.SafeInvoke: TestCaseEventsHandler.RaiseTestCaseEnd: Invoking callback 1/1 for Microsoft.VisualStudio.TestPlatform.CrossPlatEngine.DataCollection.ProxyOutOfProcDataCollectionManager., took 0 ms.
TpTrace Verbose: 0 : 5848, 16, 2024/07/03, 23:10:04.196, 372705930769, testhost.dll, TestExecutionRecorder.RecordEnd: test: P7CreateRestApi.Tests.RatingControllerTests.GetRatingById_ShouldReturnNotFound_WhenRatingDoesNotExist execution completed.
TpTrace Verbose: 0 : 5848, 16, 2024/07/03, 23:10:04.196, 372705931055, testhost.dll, TestExecutionRecorder.RecordStart: Starting test: P7CreateRestApi.Tests.RatingControllerTests.DeleteRating_ShouldReturnNoContent_WhenDeleteIsSuccessful.
TpTrace Verbose: 0 : 5848, 16, 2024/07/03, 23:10:04.197, 372705941295, testhost.dll, MulticastDelegateUtilities.SafeInvoke: TestCaseEventsHandler.RaiseTestCaseStart: Invoking callback 1/1 for Microsoft.VisualStudio.TestPlatform.CrossPlatEngine.DataCollection.ProxyOutOfProcDataCollectionManager., took 0 ms.
TpTrace Verbose: 0 : 5848, 16, 2024/07/03, 23:10:04.198, 372705942775, testhost.dll, TestExecutionRecorder.RecordResult: Received result for test: P7CreateRestApi.Tests.RuleNameControllerTests.CreateRuleName_ShouldReturnInternalServerError_WhenExceptionIsThrown.
TpTrace Verbose: 0 : 5848, 16, 2024/07/03, 23:10:04.199, 372705953780, testhost.dll, MulticastDelegateUtilities.SafeInvoke: TestCaseEventsHandler.RaiseTestCaseEnd: Invoking callback 1/1 for Microsoft.VisualStudio.TestPlatform.CrossPlatEngine.DataCollection.ProxyOutOfProcDataCollectionManager., took 1 ms.
TpTrace Verbose: 0 : 5848, 16, 2024/07/03, 23:10:04.199, 372705954516, testhost.dll, MulticastDelegateUtilities.SafeInvoke: TestCaseEventsHandler.RaiseTestCaseEnd: Invoking callback 1/1 for Microsoft.VisualStudio.TestPlatform.CrossPlatEngine.DataCollection.ProxyOutOfProcDataCollectionManager., took 0 ms.
TpTrace Warning: 0 : 5848, 16, 2024/07/03, 23:10:04.199, 372705955497, testhost.dll, TestRunCache: No test found corresponding to testResult 'P7CreateRestApi.Tests.RuleNameControllerTests.CreateRuleName_ShouldReturnInternalServerError_WhenExceptionIsThrown' in inProgress list.
TpTrace Verbose: 0 : 5848, 16, 2024/07/03, 23:10:04.199, 372705956071, testhost.dll, TestExecutionRecorder.RecordEnd: test: P7CreateRestApi.Tests.RuleNameControllerTests.CreateRuleName_ShouldReturnInternalServerError_WhenExceptionIsThrown execution completed.
TpTrace Verbose: 0 : 5848, 16, 2024/07/03, 23:10:04.199, 372705956439, testhost.dll, TestExecutionRecorder.RecordStart: Starting test: P7CreateRestApi.Tests.RuleNameControllerTests.DeleteRuleName_ShouldReturnNoContent_WhenDeleteIsSuccessful.
TpTrace Verbose: 0 : 5848, 16, 2024/07/03, 23:10:04.200, 372705970077, testhost.dll, MulticastDelegateUtilities.SafeInvoke: TestCaseEventsHandler.RaiseTestCaseStart: Invoking callback 1/1 for Microsoft.VisualStudio.TestPlatform.CrossPlatEngine.DataCollection.ProxyOutOfProcDataCollectionManager., took 1 ms.
TpTrace Verbose: 0 : 5848, 16, 2024/07/03, 23:10:04.200, 372705971315, testhost.dll, TestExecutionRecorder.RecordResult: Received result for test: P7CreateRestApi.Tests.CurveControllerTests.GetAllCurvePoints_ShouldReturnOk_WhenCurvePointsExist.
TpTrace Verbose: 0 : 5848, 16, 2024/07/03, 23:10:04.201, 372705979850, testhost.dll, MulticastDelegateUtilities.SafeInvoke: TestCaseEventsHandler.RaiseTestCaseEnd: Invoking callback 1/1 for Microsoft.VisualStudio.TestPlatform.CrossPlatEngine.DataCollection.ProxyOutOfProcDataCollectionManager., took 0 ms.
TpTrace Verbose: 0 : 5848, 16, 2024/07/03, 23:10:04.201, 372705980500, testhost.dll, MulticastDelegateUtilities.SafeInvoke: TestCaseEventsHandler.RaiseTestCaseEnd: Invoking callback 1/1 for Microsoft.VisualStudio.TestPlatform.CrossPlatEngine.DataCollection.ProxyOutOfProcDataCollectionManager., took 0 ms.
TpTrace Verbose: 0 : 5848, 16, 2024/07/03, 23:10:04.201, 372705981043, testhost.dll, TestExecutionRecorder.RecordEnd: test: P7CreateRestApi.Tests.CurveControllerTests.GetAllCurvePoints_ShouldReturnOk_WhenCurvePointsExist execution completed.
TpTrace Verbose: 0 : 5848, 16, 2024/07/03, 23:10:04.201, 372705981389, testhost.dll, TestExecutionRecorder.RecordStart: Starting test: P7CreateRestApi.Tests.CurveControllerTests.CreateCurvePoint_ShouldReturnCreated_WhenCurvePointIsValid.
TpTrace Information: 0 : 5848, 16, 2024/07/03, 23:10:04.201, 372705981616, testhost.dll, Sending test run statistics
TpTrace Verbose: 0 : 5848, 16, 2024/07/03, 23:10:04.202, 372705984689, testhost.dll, TestRequestHandler.SendData: sending data from testhost: {"Version":7,"MessageType":"TestExecution.StatsChange","Payload":{"NewTestResults":[{"TestCase":{"Id":"9d2662ac-6bbc-bada-05bd-44e5dc7ca47c","FullyQualifiedName":"P7CreateRestApi.Tests.CurveControllerTests.GetAllCurvePoints_ShouldReturnNotFound_WhenNoCurvePointsExist","DisplayName":"P7CreateRestApi.Tests.CurveControllerTests.GetAllCurvePoints_ShouldReturnNotFound_WhenNoCurvePointsExist","ExecutorUri":"executor://xunit/VsTestRunner2/netcoreapp","Source":"C:\\Users\\brandon.ku\\source\\repos\\OCProjet7_Findexium\\P7CreateRestApi.Tests\\bin\\Debug\\net8.0\\fine-code-coverage\\build-output\\P7CreateRestApi.Tests.dll","CodeFilePath":null,"LineNumber":0,"Properties":[]},"Attachments":[],"Outcome":1,"ErrorMessage":null,"ErrorStackTrace":null,"DisplayName":"P7CreateRestApi.Tests.CurveControllerTests.GetAllCurvePoints_ShouldReturnNotFound_WhenNoCurvePointsExist","Messages":[],"ComputerName":"PB22039","Duration":"00:00:00.0022267","StartTime":"2024-07-03T21:10:04.1895901+00:00","EndTime":"2024-07-03T21:10:04.1895902+00:00","Properties":[]},{"TestCase":{"Id":"e0912312-0c28-ab99-e524-1399dc0d2284","FullyQualifiedName":"P7CreateRestApi.Tests.RatingControllerTests.CreateRating_ShouldReturnInternalServerError_WhenExceptionIsThrown","DisplayName":"P7CreateRestApi.Tests.RatingControllerTests.CreateRating_ShouldReturnInternalServerError_WhenExceptionIsThrown","ExecutorUri":"executor://xunit/VsTestRunner2/netcoreapp","Source":"C:\\Users\\brandon.ku\\source\\repos\\OCProjet7_Findexium\\P7CreateRestApi.Tests\\bin\\Debug\\net8.0\\fine-code-coverage\\build-output\\P7CreateRestApi.Tests.dll","CodeFilePath":null,"LineNumber":0,"Properties":[]},"Attachments":[],"Outcome":1,"ErrorMessage":null,"ErrorStackTrace":null,"DisplayName":"P7CreateRestApi.Tests.RatingControllerTests.CreateRating_ShouldReturnInternalServerError_WhenExceptionIsThrown","Messages":[],"ComputerName":"PB22039","Duration":"00:00:00.0023831","StartTime":"2024-07-03T21:10:04.1915958+00:00","EndTime":"2024-07-03T21:10:04.1915959+00:00","Properties":[]},{"TestCase":{"Id":"ae71afbd-a63e-526d-7ce8-af9d9aab0e2a","FullyQualifiedName":"P7CreateRestApi.Tests.TradeControllerTests.DeleteTrade_ShouldReturnNotFound_WhenTradeDoesNotExist","DisplayName":"P7CreateRestApi.Tests.TradeControllerTests.DeleteTrade_ShouldReturnNotFound_WhenTradeDoesNotExist","ExecutorUri":"executor://xunit/VsTestRunner2/netcoreapp","Source":"C:\\Users\\brandon.ku\\source\\repos\\OCProjet7_Findexium\\P7CreateRestApi.Tests\\bin\\Debug\\net8.0\\fine-code-coverage\\build-output\\P7CreateRestApi.Tests.dll","CodeFilePath":null,"LineNumber":0,"Properties":[]},"Attachments":[],"Outcome":1,"ErrorMessage":null,"ErrorStackTrace":null,"DisplayName":"P7CreateRestApi.Tests.TradeControllerTests.DeleteTrade_ShouldReturnNotFound_WhenTradeDoesNotExist","Messages":[],"ComputerName":"PB22039","Duration":"00:00:00.0050379","StartTime":"2024-07-03T21:10:04.1937182+00:00","EndTime":"2024-07-03T21:10:04.1937183+00:00","Properties":[]},{"TestCase":{"Id":"459fe1c8-27b8-b5f7-3589-e3fe594225b8","FullyQualifiedName":"P7CreateRestApi.Tests.RatingControllerTests.GetRatingById_ShouldReturnNotFound_WhenRatingDoesNotExist","DisplayName":"P7CreateRestApi.Tests.RatingControllerTests.GetRatingById_ShouldReturnNotFound_WhenRatingDoesNotExist","ExecutorUri":"executor://xunit/VsTestRunner2/netcoreapp","Source":"C:\\Users\\brandon.ku\\source\\repos\\OCProjet7_Findexium\\P7CreateRestApi.Tests\\bin\\Debug\\net8.0\\fine-code-coverage\\build-output\\P7CreateRestApi.Tests.dll","CodeFilePath":null,"LineNumber":0,"Properties":[]},"Attachments":[],"Outcome":1,"ErrorMessage":null,"ErrorStackTrace":null,"DisplayName":"P7CreateRestApi.Tests.RatingControllerTests.GetRatingById_ShouldReturnNotFound_WhenRatingDoesNotExist","Messages":[],"ComputerName":"PB22039","Duration":"00:00:00.0009184","StartTime":"2024-07-03T21:10:04.1957776+00:00","EndTime":"2024-07-03T21:10:04.1957777+00:00","Properties":[]},{"TestCase":{"Id":"0eb69bc3-2ce2-882b-b36c-1e33e49071a2","FullyQualifiedName":"P7CreateRestApi.Tests.RuleNameControllerTests.CreateRuleName_ShouldReturnInternalServerError_WhenExceptionIsThrown","DisplayName":"P7CreateRestApi.Tests.RuleNameControllerTests.CreateRuleName_ShouldReturnInternalServerError_WhenExceptionIsThrown","ExecutorUri":"executor://xunit/VsTestRunner2/netcoreapp","Source":"C:\\Users\\brandon.ku\\source\\repos\\OCProjet7_Findexium\\P7CreateRestApi.Tests\\bin\\Debug\\net8.0\\fine-code-coverage\\build-output\\P7CreateRestApi.Tests.dll","CodeFilePath":null,"LineNumber":0,"Properties":[]},"Attachments":[],"Outcome":1,"ErrorMessage":null,"ErrorStackTrace":null,"DisplayName":"P7CreateRestApi.Tests.RuleNameControllerTests.CreateRuleName_ShouldReturnInternalServerError_WhenExceptionIsThrown","Messages":[],"ComputerName":"PB22039","Duration":"00:00:00.0033828","StartTime":"2024-07-03T21:10:04.1981081+00:00","EndTime":"2024-07-03T21:10:04.1981083+00:00","Properties":[]},{"TestCase":{"Id":"f92623e0-a1d8-9f96-fb61-fcd8650227c0","FullyQualifiedName":"P7CreateRestApi.Tests.CurveControllerTests.GetAllCurvePoints_ShouldReturnOk_WhenCurvePointsExist","DisplayName":"P7CreateRestApi.Tests.CurveControllerTests.GetAllCurvePoints_ShouldReturnOk_WhenCurvePointsExist","ExecutorUri":"executor://xunit/VsTestRunner2/netcoreapp","Source":"C:\\Users\\brandon.ku\\source\\repos\\OCProjet7_Findexium\\P7CreateRestApi.Tests\\bin\\Debug\\net8.0\\fine-code-coverage\\build-output\\P7CreateRestApi.Tests.dll","CodeFilePath":null,"LineNumber":0,"Properties":[]},"Attachments":[],"Outcome":1,"ErrorMessage":null,"ErrorStackTrace":null,"DisplayName":"P7CreateRestApi.Tests.CurveControllerTests.GetAllCurvePoints_ShouldReturnOk_WhenCurvePointsExist","Messages":[],"ComputerName":"PB22039","Duration":"00:00:00.0011685","StartTime":"2024-07-03T21:10:04.2009607+00:00","EndTime":"2024-07-03T21:10:04.2009608+00:00","Properties":[]}],"TestRunStatistics":{"ExecutedTests":17,"Stats":{"Passed":17}},"ActiveTests":[{"Id":"1ff933b4-f1c4-47f8-1eb8-cc7f6d618242","FullyQualifiedName":"P7CreateRestApi.Tests.TradeControllerTests.DeleteTrade_ShouldReturnInternalServerError_WhenExceptionIsThrown","DisplayName":"P7CreateRestApi.Tests.TradeControllerTests.DeleteTrade_ShouldReturnInternalServerError_WhenExceptionIsThrown","ExecutorUri":"executor://xunit/VsTestRunner2/netcoreapp","Source":"C:\\Users\\brandon.ku\\source\\repos\\OCProjet7_Findexium\\P7CreateRestApi.Tests\\bin\\Debug\\net8.0\\fine-code-coverage\\build-output\\P7CreateRestApi.Tests.dll","CodeFilePath":null,"LineNumber":0,"Properties":[]},{"Id":"4f0b5aa7-f6b1-2b3e-929f-3ed705be73d2","FullyQualifiedName":"P7CreateRestApi.Tests.RatingControllerTests.DeleteRating_ShouldReturnNoContent_WhenDeleteIsSuccessful","DisplayName":"P7CreateRestApi.Tests.RatingControllerTests.DeleteRating_ShouldReturnNoContent_WhenDeleteIsSuccessful","ExecutorUri":"executor://xunit/VsTestRunner2/netcoreapp","Source":"C:\\Users\\brandon.ku\\source\\repos\\OCProjet7_Findexium\\P7CreateRestApi.Tests\\bin\\Debug\\net8.0\\fine-code-coverage\\build-output\\P7CreateRestApi.Tests.dll","CodeFilePath":null,"LineNumber":0,"Properties":[]},{"Id":"2572f979-391c-17b1-267a-2f6b905da488","FullyQualifiedName":"P7CreateRestApi.Tests.RuleNameControllerTests.DeleteRuleName_ShouldReturnNoContent_WhenDeleteIsSuccessful","DisplayName":"P7CreateRestApi.Tests.RuleNameControllerTests.DeleteRuleName_ShouldReturnNoContent_WhenDeleteIsSuccessful","ExecutorUri":"executor://xunit/VsTestRunner2/netcoreapp","Source":"C:\\Users\\brandon.ku\\source\\repos\\OCProjet7_Findexium\\P7CreateRestApi.Tests\\bin\\Debug\\net8.0\\fine-code-coverage\\build-output\\P7CreateRestApi.Tests.dll","CodeFilePath":null,"LineNumber":0,"Properties":[]},{"Id":"a1ca303c-dbfe-01e3-445a-b2746f60d716","FullyQualifiedName":"P7CreateRestApi.Tests.CurveControllerTests.CreateCurvePoint_ShouldReturnCreated_WhenCurvePointIsValid","DisplayName":"P7CreateRestApi.Tests.CurveControllerTests.CreateCurvePoint_ShouldReturnCreated_WhenCurvePointIsValid","ExecutorUri":"executor://xunit/VsTestRunner2/netcoreapp","Source":"C:\\Users\\brandon.ku\\source\\repos\\OCProjet7_Findexium\\P7CreateRestApi.Tests\\bin\\Debug\\net8.0\\fine-code-coverage\\build-output\\P7CreateRestApi.Tests.dll","CodeFilePath":null,"LineNumber":0,"Properties":[]}]}}
TpTrace Verbose: 0 : 5848, 16, 2024/07/03, 23:10:04.202, 372705986043, testhost.dll, TestRunCache: OnNewTestResult: Notified the onCacheHit callback.
TpTrace Verbose: 0 : 5848, 16, 2024/07/03, 23:10:04.203, 372705993923, testhost.dll, MulticastDelegateUtilities.SafeInvoke: TestCaseEventsHandler.RaiseTestCaseStart: Invoking callback 1/1 for Microsoft.VisualStudio.TestPlatform.CrossPlatEngine.DataCollection.ProxyOutOfProcDataCollectionManager., took 0 ms.
TpTrace Verbose: 0 : 5848, 16, 2024/07/03, 23:10:04.203, 372705994783, testhost.dll, TestExecutionRecorder.RecordResult: Received result for test: P7CreateRestApi.Tests.TradeControllerTests.DeleteTrade_ShouldReturnInternalServerError_WhenExceptionIsThrown.
TpTrace Verbose: 0 : 5848, 16, 2024/07/03, 23:10:04.204, 372706003459, testhost.dll, MulticastDelegateUtilities.SafeInvoke: TestCaseEventsHandler.RaiseTestCaseEnd: Invoking callback 1/1 for Microsoft.VisualStudio.TestPlatform.CrossPlatEngine.DataCollection.ProxyOutOfProcDataCollectionManager., took 0 ms.
TpTrace Verbose: 0 : 5848, 16, 2024/07/03, 23:10:04.204, 372706004080, testhost.dll, MulticastDelegateUtilities.SafeInvoke: TestCaseEventsHandler.RaiseTestCaseEnd: Invoking callback 1/1 for Microsoft.VisualStudio.TestPlatform.CrossPlatEngine.DataCollection.ProxyOutOfProcDataCollectionManager., took 0 ms.
TpTrace Warning: 0 : 5848, 16, 2024/07/03, 23:10:04.204, 372706004333, testhost.dll, TestRunCache: InProgressTests is null
TpTrace Warning: 0 : 5848, 16, 2024/07/03, 23:10:04.204, 372706004522, testhost.dll, TestRunCache: No test found corresponding to testResult 'P7CreateRestApi.Tests.TradeControllerTests.DeleteTrade_ShouldReturnInternalServerError_WhenExceptionIsThrown' in inProgress list.
TpTrace Verbose: 0 : 5848, 16, 2024/07/03, 23:10:04.204, 372706005015, testhost.dll, TestExecutionRecorder.RecordEnd: test: P7CreateRestApi.Tests.TradeControllerTests.DeleteTrade_ShouldReturnInternalServerError_WhenExceptionIsThrown execution completed.
TpTrace Warning: 0 : 5848, 16, 2024/07/03, 23:10:04.204, 372706005179, testhost.dll, TestRunCache: InProgressTests is null
TpTrace Verbose: 0 : 5848, 16, 2024/07/03, 23:10:04.204, 372706005447, testhost.dll, TestExecutionRecorder.RecordStart: Starting test: P7CreateRestApi.Tests.TradeControllerTests.CreateTrade_ShouldReturnBadRequest_WhenTradeIsNull.
TpTrace Verbose: 0 : 5848, 16, 2024/07/03, 23:10:04.205, 372706013847, testhost.dll, MulticastDelegateUtilities.SafeInvoke: TestCaseEventsHandler.RaiseTestCaseStart: Invoking callback 1/1 for Microsoft.VisualStudio.TestPlatform.CrossPlatEngine.DataCollection.ProxyOutOfProcDataCollectionManager., took 0 ms.
TpTrace Verbose: 0 : 5848, 16, 2024/07/03, 23:10:04.205, 372706014833, testhost.dll, TestExecutionRecorder.RecordResult: Received result for test: P7CreateRestApi.Tests.RatingControllerTests.DeleteRating_ShouldReturnNoContent_WhenDeleteIsSuccessful.
TpTrace Verbose: 0 : 5848, 16, 2024/07/03, 23:10:04.206, 372706023820, testhost.dll, MulticastDelegateUtilities.SafeInvoke: TestCaseEventsHandler.RaiseTestCaseEnd: Invoking callback 1/1 for Microsoft.VisualStudio.TestPlatform.CrossPlatEngine.DataCollection.ProxyOutOfProcDataCollectionManager., took 0 ms.
TpTrace Verbose: 0 : 5848, 16, 2024/07/03, 23:10:04.206, 372706024440, testhost.dll, MulticastDelegateUtilities.SafeInvoke: TestCaseEventsHandler.RaiseTestCaseEnd: Invoking callback 1/1 for Microsoft.VisualStudio.TestPlatform.CrossPlatEngine.DataCollection.ProxyOutOfProcDataCollectionManager., took 0 ms.
TpTrace Warning: 0 : 5848, 16, 2024/07/03, 23:10:04.206, 372706024718, testhost.dll, TestRunCache: No test found corresponding to testResult 'P7CreateRestApi.Tests.RatingControllerTests.DeleteRating_ShouldReturnNoContent_WhenDeleteIsSuccessful' in inProgress list.
TpTrace Verbose: 0 : 5848, 16, 2024/07/03, 23:10:04.206, 372706025061, testhost.dll, TestExecutionRecorder.RecordEnd: test: P7CreateRestApi.Tests.RatingControllerTests.DeleteRating_ShouldReturnNoContent_WhenDeleteIsSuccessful execution completed.
TpTrace Verbose: 0 : 5848, 16, 2024/07/03, 23:10:04.206, 372706025348, testhost.dll, TestExecutionRecorder.RecordStart: Starting test: P7CreateRestApi.Tests.RatingControllerTests.CreateRating_ShouldReturnCreated_WhenRatingIsValid.
TpTrace Verbose: 0 : 5848, 16, 2024/07/03, 23:10:04.207, 372706033463, testhost.dll, MulticastDelegateUtilities.SafeInvoke: TestCaseEventsHandler.RaiseTestCaseStart: Invoking callback 1/1 for Microsoft.VisualStudio.TestPlatform.CrossPlatEngine.DataCollection.ProxyOutOfProcDataCollectionManager., took 0 ms.
TpTrace Verbose: 0 : 5848, 16, 2024/07/03, 23:10:04.207, 372706034675, testhost.dll, TestExecutionRecorder.RecordResult: Received result for test: P7CreateRestApi.Tests.RuleNameControllerTests.DeleteRuleName_ShouldReturnNoContent_WhenDeleteIsSuccessful.
TpTrace Verbose: 0 : 5848, 16, 2024/07/03, 23:10:04.210, 372706067245, testhost.dll, MulticastDelegateUtilities.SafeInvoke: TestCaseEventsHandler.RaiseTestCaseEnd: Invoking callback 1/1 for Microsoft.VisualStudio.TestPlatform.CrossPlatEngine.DataCollection.ProxyOutOfProcDataCollectionManager., took 3 ms.
TpTrace Verbose: 0 : 5848, 16, 2024/07/03, 23:10:04.210, 372706068080, testhost.dll, MulticastDelegateUtilities.SafeInvoke: TestCaseEventsHandler.RaiseTestCaseEnd: Invoking callback 1/1 for Microsoft.VisualStudio.TestPlatform.CrossPlatEngine.DataCollection.ProxyOutOfProcDataCollectionManager., took 0 ms.
TpTrace Warning: 0 : 5848, 16, 2024/07/03, 23:10:04.210, 372706068389, testhost.dll, TestRunCache: No test found corresponding to testResult 'P7CreateRestApi.Tests.RuleNameControllerTests.DeleteRuleName_ShouldReturnNoContent_WhenDeleteIsSuccessful' in inProgress list.
TpTrace Verbose: 0 : 5848, 16, 2024/07/03, 23:10:04.210, 372706068807, testhost.dll, TestExecutionRecorder.RecordEnd: test: P7CreateRestApi.Tests.RuleNameControllerTests.DeleteRuleName_ShouldReturnNoContent_WhenDeleteIsSuccessful execution completed.
TpTrace Verbose: 0 : 5848, 16, 2024/07/03, 23:10:04.210, 372706069226, testhost.dll, TestExecutionRecorder.RecordStart: Starting test: P7CreateRestApi.Tests.RuleNameControllerTests.CreateRuleName_ShouldReturnBadRequest_WhenRuleNameIsNull.
TpTrace Verbose: 0 : 5848, 16, 2024/07/03, 23:10:04.211, 372706077157, testhost.dll, MulticastDelegateUtilities.SafeInvoke: TestCaseEventsHandler.RaiseTestCaseStart: Invoking callback 1/1 for Microsoft.VisualStudio.TestPlatform.CrossPlatEngine.DataCollection.ProxyOutOfProcDataCollectionManager., took 0 ms.
TpTrace Verbose: 0 : 5848, 16, 2024/07/03, 23:10:04.211, 372706078069, testhost.dll, TestExecutionRecorder.RecordResult: Received result for test: P7CreateRestApi.Tests.TradeControllerTests.CreateTrade_ShouldReturnBadRequest_WhenTradeIsNull.
TpTrace Verbose: 0 : 5848, 16, 2024/07/03, 23:10:04.212, 372706087807, testhost.dll, MulticastDelegateUtilities.SafeInvoke: TestCaseEventsHandler.RaiseTestCaseEnd: Invoking callback 1/1 for Microsoft.VisualStudio.TestPlatform.CrossPlatEngine.DataCollection.ProxyOutOfProcDataCollectionManager., took 0 ms.
TpTrace Verbose: 0 : 5848, 16, 2024/07/03, 23:10:04.212, 372706088510, testhost.dll, MulticastDelegateUtilities.SafeInvoke: TestCaseEventsHandler.RaiseTestCaseEnd: Invoking callback 1/1 for Microsoft.VisualStudio.TestPlatform.CrossPlatEngine.DataCollection.ProxyOutOfProcDataCollectionManager., took 0 ms.
TpTrace Verbose: 0 : 5848, 16, 2024/07/03, 23:10:04.212, 372706128814, testhost.dll, TestExecutionRecorder.RecordEnd: test: P7CreateRestApi.Tests.TradeControllerTests.CreateTrade_ShouldReturnBadRequest_WhenTradeIsNull execution completed.
TpTrace Verbose: 0 : 5848, 16, 2024/07/03, 23:10:04.216, 372706130401, testhost.dll, TestExecutionRecorder.RecordStart: Starting test: P7CreateRestApi.Tests.TradeControllerTests.UpdateTrade_ShouldReturnInternalServerError_WhenExceptionIsThrown.
TpTrace Verbose: 0 : 5848, 16, 2024/07/03, 23:10:04.217, 372706140635, testhost.dll, MulticastDelegateUtilities.SafeInvoke: TestCaseEventsHandler.RaiseTestCaseStart: Invoking callback 1/1 for Microsoft.VisualStudio.TestPlatform.CrossPlatEngine.DataCollection.ProxyOutOfProcDataCollectionManager., took 0 ms.
TpTrace Verbose: 0 : 5848, 16, 2024/07/03, 23:10:04.217, 372706141528, testhost.dll, TestExecutionRecorder.RecordResult: Received result for test: P7CreateRestApi.Tests.RuleNameControllerTests.CreateRuleName_ShouldReturnBadRequest_WhenRuleNameIsNull.
TpTrace Verbose: 0 : 5848, 16, 2024/07/03, 23:10:04.218, 372706149866, testhost.dll, MulticastDelegateUtilities.SafeInvoke: TestCaseEventsHandler.RaiseTestCaseEnd: Invoking callback 1/1 for Microsoft.VisualStudio.TestPlatform.CrossPlatEngine.DataCollection.ProxyOutOfProcDataCollectionManager., took 0 ms.
TpTrace Verbose: 0 : 5848, 16, 2024/07/03, 23:10:04.218, 372706150455, testhost.dll, MulticastDelegateUtilities.SafeInvoke: TestCaseEventsHandler.RaiseTestCaseEnd: Invoking callback 1/1 for Microsoft.VisualStudio.TestPlatform.CrossPlatEngine.DataCollection.ProxyOutOfProcDataCollectionManager., took 0 ms.
TpTrace Verbose: 0 : 5848, 16, 2024/07/03, 23:10:04.218, 372706150906, testhost.dll, TestExecutionRecorder.RecordEnd: test: P7CreateRestApi.Tests.RuleNameControllerTests.CreateRuleName_ShouldReturnBadRequest_WhenRuleNameIsNull execution completed.
TpTrace Verbose: 0 : 5848, 16, 2024/07/03, 23:10:04.218, 372706151228, testhost.dll, TestExecutionRecorder.RecordStart: Starting test: P7CreateRestApi.Tests.RuleNameControllerTests.CreateRuleName_ShouldReturnCreated_WhenRuleNameIsValid.
TpTrace Verbose: 0 : 5848, 16, 2024/07/03, 23:10:04.219, 372706158670, testhost.dll, MulticastDelegateUtilities.SafeInvoke: TestCaseEventsHandler.RaiseTestCaseStart: Invoking callback 1/1 for Microsoft.VisualStudio.TestPlatform.CrossPlatEngine.DataCollection.ProxyOutOfProcDataCollectionManager., took 0 ms.
TpTrace Verbose: 0 : 5848, 16, 2024/07/03, 23:10:04.219, 372706159473, testhost.dll, TestExecutionRecorder.RecordResult: Received result for test: P7CreateRestApi.Tests.TradeControllerTests.UpdateTrade_ShouldReturnInternalServerError_WhenExceptionIsThrown.
TpTrace Verbose: 0 : 5848, 16, 2024/07/03, 23:10:04.220, 372706167437, testhost.dll, MulticastDelegateUtilities.SafeInvoke: TestCaseEventsHandler.RaiseTestCaseEnd: Invoking callback 1/1 for Microsoft.VisualStudio.TestPlatform.CrossPlatEngine.DataCollection.ProxyOutOfProcDataCollectionManager., took 0 ms.
TpTrace Verbose: 0 : 5848, 16, 2024/07/03, 23:10:04.220, 372706167940, testhost.dll, MulticastDelegateUtilities.SafeInvoke: TestCaseEventsHandler.RaiseTestCaseEnd: Invoking callback 1/1 for Microsoft.VisualStudio.TestPlatform.CrossPlatEngine.DataCollection.ProxyOutOfProcDataCollectionManager., took 0 ms.
TpTrace Verbose: 0 : 5848, 16, 2024/07/03, 23:10:04.220, 372706168307, testhost.dll, TestExecutionRecorder.RecordEnd: test: P7CreateRestApi.Tests.TradeControllerTests.UpdateTrade_ShouldReturnInternalServerError_WhenExceptionIsThrown execution completed.
TpTrace Verbose: 0 : 5848, 16, 2024/07/03, 23:10:04.220, 372706168606, testhost.dll, TestExecutionRecorder.RecordResult: Received result for test: P7CreateRestApi.Tests.RatingControllerTests.CreateRating_ShouldReturnCreated_WhenRatingIsValid.
TpTrace Verbose: 0 : 5848, 16, 2024/07/03, 23:10:04.221, 372706176261, testhost.dll, MulticastDelegateUtilities.SafeInvoke: TestCaseEventsHandler.RaiseTestCaseEnd: Invoking callback 1/1 for Microsoft.VisualStudio.TestPlatform.CrossPlatEngine.DataCollection.ProxyOutOfProcDataCollectionManager., took 0 ms.
TpTrace Verbose: 0 : 5848, 16, 2024/07/03, 23:10:04.221, 372706176792, testhost.dll, MulticastDelegateUtilities.SafeInvoke: TestCaseEventsHandler.RaiseTestCaseEnd: Invoking callback 1/1 for Microsoft.VisualStudio.TestPlatform.CrossPlatEngine.DataCollection.ProxyOutOfProcDataCollectionManager., took 0 ms.
TpTrace Verbose: 0 : 5848, 16, 2024/07/03, 23:10:04.221, 372706177147, testhost.dll, TestExecutionRecorder.RecordEnd: test: P7CreateRestApi.Tests.RatingControllerTests.CreateRating_ShouldReturnCreated_WhenRatingIsValid execution completed.
TpTrace Verbose: 0 : 5848, 16, 2024/07/03, 23:10:04.221, 372706177475, testhost.dll, TestExecutionRecorder.RecordResult: Received result for test: P7CreateRestApi.Tests.CurveControllerTests.CreateCurvePoint_ShouldReturnCreated_WhenCurvePointIsValid.
TpTrace Verbose: 0 : 5848, 16, 2024/07/03, 23:10:04.222, 372706185373, testhost.dll, MulticastDelegateUtilities.SafeInvoke: TestCaseEventsHandler.RaiseTestCaseEnd: Invoking callback 1/1 for Microsoft.VisualStudio.TestPlatform.CrossPlatEngine.DataCollection.ProxyOutOfProcDataCollectionManager., took 0 ms.
TpTrace Verbose: 0 : 5848, 16, 2024/07/03, 23:10:04.222, 372706185934, testhost.dll, MulticastDelegateUtilities.SafeInvoke: TestCaseEventsHandler.RaiseTestCaseEnd: Invoking callback 1/1 for Microsoft.VisualStudio.TestPlatform.CrossPlatEngine.DataCollection.ProxyOutOfProcDataCollectionManager., took 0 ms.
TpTrace Warning: 0 : 5848, 16, 2024/07/03, 23:10:04.222, 372706186196, testhost.dll, TestRunCache: No test found corresponding to testResult 'P7CreateRestApi.Tests.CurveControllerTests.CreateCurvePoint_ShouldReturnCreated_WhenCurvePointIsValid' in inProgress list.
TpTrace Verbose: 0 : 5848, 16, 2024/07/03, 23:10:04.222, 372706186510, testhost.dll, TestExecutionRecorder.RecordEnd: test: P7CreateRestApi.Tests.CurveControllerTests.CreateCurvePoint_ShouldReturnCreated_WhenCurvePointIsValid execution completed.
TpTrace Verbose: 0 : 5848, 16, 2024/07/03, 23:10:04.222, 372706186762, testhost.dll, TestExecutionRecorder.RecordResult: Received result for test: P7CreateRestApi.Tests.RuleNameControllerTests.CreateRuleName_ShouldReturnCreated_WhenRuleNameIsValid.
TpTrace Verbose: 0 : 5848, 16, 2024/07/03, 23:10:04.223, 372706194895, testhost.dll, MulticastDelegateUtilities.SafeInvoke: TestCaseEventsHandler.RaiseTestCaseEnd: Invoking callback 1/1 for Microsoft.VisualStudio.TestPlatform.CrossPlatEngine.DataCollection.ProxyOutOfProcDataCollectionManager., took 0 ms.
TpTrace Verbose: 0 : 5848, 16, 2024/07/03, 23:10:04.223, 372706195428, testhost.dll, MulticastDelegateUtilities.SafeInvoke: TestCaseEventsHandler.RaiseTestCaseEnd: Invoking callback 1/1 for Microsoft.VisualStudio.TestPlatform.CrossPlatEngine.DataCollection.ProxyOutOfProcDataCollectionManager., took 0 ms.
TpTrace Verbose: 0 : 5848, 16, 2024/07/03, 23:10:04.223, 372706195865, testhost.dll, TestExecutionRecorder.RecordEnd: test: P7CreateRestApi.Tests.RuleNameControllerTests.CreateRuleName_ShouldReturnCreated_WhenRuleNameIsValid execution completed.
TpTrace Warning: 0 : 5848, 16, 2024/07/03, 23:10:04.223, 372706196030, testhost.dll, TestRunCache: InProgressTests is null
TpTrace Verbose: 0 : 5848, 16, 2024/07/03, 23:10:04.223, 372706196246, testhost.dll, TestExecutionRecorder.RecordStart: Starting test: P7CreateRestApi.Tests.RatingControllerTests.UpdateRating_ShouldReturnInternalServerError_WhenExceptionIsThrown.
TpTrace Information: 0 : 5848, 16, 2024/07/03, 23:10:04.223, 372706196435, testhost.dll, Sending test run statistics
TpTrace Verbose: 0 : 5848, 16, 2024/07/03, 23:10:04.223, 372706199387, testhost.dll, TestRequestHandler.SendData: sending data from testhost: {"Version":7,"MessageType":"TestExecution.StatsChange","Payload":{"NewTestResults":[{"TestCase":{"Id":"1ff933b4-f1c4-47f8-1eb8-cc7f6d618242","FullyQualifiedName":"P7CreateRestApi.Tests.TradeControllerTests.DeleteTrade_ShouldReturnInternalServerError_WhenExceptionIsThrown","DisplayName":"P7CreateRestApi.Tests.TradeControllerTests.DeleteTrade_ShouldReturnInternalServerError_WhenExceptionIsThrown","ExecutorUri":"executor://xunit/VsTestRunner2/netcoreapp","Source":"C:\\Users\\brandon.ku\\source\\repos\\OCProjet7_Findexium\\P7CreateRestApi.Tests\\bin\\Debug\\net8.0\\fine-code-coverage\\build-output\\P7CreateRestApi.Tests.dll","CodeFilePath":null,"LineNumber":0,"Properties":[]},"Attachments":[],"Outcome":1,"ErrorMessage":null,"ErrorStackTrace":null,"DisplayName":"P7CreateRestApi.Tests.TradeControllerTests.DeleteTrade_ShouldReturnInternalServerError_WhenExceptionIsThrown","Messages":[],"ComputerName":"PB22039","Duration":"00:00:00.0020002","StartTime":"2024-07-03T21:10:04.203311+00:00","EndTime":"2024-07-03T21:10:04.2033111+00:00","Properties":[]},{"TestCase":{"Id":"4f0b5aa7-f6b1-2b3e-929f-3ed705be73d2","FullyQualifiedName":"P7CreateRestApi.Tests.RatingControllerTests.DeleteRating_ShouldReturnNoContent_WhenDeleteIsSuccessful","DisplayName":"P7CreateRestApi.Tests.RatingControllerTests.DeleteRating_ShouldReturnNoContent_WhenDeleteIsSuccessful","ExecutorUri":"executor://xunit/VsTestRunner2/netcoreapp","Source":"C:\\Users\\brandon.ku\\source\\repos\\OCProjet7_Findexium\\P7CreateRestApi.Tests\\bin\\Debug\\net8.0\\fine-code-coverage\\build-output\\P7CreateRestApi.Tests.dll","CodeFilePath":null,"LineNumber":0,"Properties":[]},"Attachments":[],"Outcome":1,"ErrorMessage":null,"ErrorStackTrace":null,"DisplayName":"P7CreateRestApi.Tests.RatingControllerTests.DeleteRating_ShouldReturnNoContent_WhenDeleteIsSuccessful","Messages":[],"ComputerName":"PB22039","Duration":"00:00:00.0024195","StartTime":"2024-07-03T21:10:04.2053159+00:00","EndTime":"2024-07-03T21:10:04.2053161+00:00","Properties":[]},{"TestCase":{"Id":"2572f979-391c-17b1-267a-2f6b905da488","FullyQualifiedName":"P7CreateRestApi.Tests.RuleNameControllerTests.DeleteRuleName_ShouldReturnNoContent_WhenDeleteIsSuccessful","DisplayName":"P7CreateRestApi.Tests.RuleNameControllerTests.DeleteRuleName_ShouldReturnNoContent_WhenDeleteIsSuccessful","ExecutorUri":"executor://xunit/VsTestRunner2/netcoreapp","Source":"C:\\Users\\brandon.ku\\source\\repos\\OCProjet7_Findexium\\P7CreateRestApi.Tests\\bin\\Debug\\net8.0\\fine-code-coverage\\build-output\\P7CreateRestApi.Tests.dll","CodeFilePath":null,"LineNumber":0,"Properties":[]},"Attachments":[],"Outcome":1,"ErrorMessage":null,"ErrorStackTrace":null,"DisplayName":"P7CreateRestApi.Tests.RuleNameControllerTests.DeleteRuleName_ShouldReturnNoContent_WhenDeleteIsSuccessful","Messages":[],"ComputerName":"PB22039","Duration":"00:00:00.0027174","StartTime":"2024-07-03T21:10:04.2073001+00:00","EndTime":"2024-07-03T21:10:04.2073003+00:00","Properties":[]},{"TestCase":{"Id":"c0102c96-7b9c-1a34-f31e-b441ce4f5b13","FullyQualifiedName":"P7CreateRestApi.Tests.TradeControllerTests.CreateTrade_ShouldReturnBadRequest_WhenTradeIsNull","DisplayName":"P7CreateRestApi.Tests.TradeControllerTests.CreateTrade_ShouldReturnBadRequest_WhenTradeIsNull","ExecutorUri":"executor://xunit/VsTestRunner2/netcoreapp","Source":"C:\\Users\\brandon.ku\\source\\repos\\OCProjet7_Findexium\\P7CreateRestApi.Tests\\bin\\Debug\\net8.0\\fine-code-coverage\\build-output\\P7CreateRestApi.Tests.dll","CodeFilePath":null,"LineNumber":0,"Properties":[]},"Attachments":[],"Outcome":1,"ErrorMessage":null,"ErrorStackTrace":null,"DisplayName":"P7CreateRestApi.Tests.TradeControllerTests.CreateTrade_ShouldReturnBadRequest_WhenTradeIsNull","Messages":[],"ComputerName":"PB22039","Duration":"00:00:00.0016672","StartTime":"2024-07-03T21:10:04.2116399+00:00","EndTime":"2024-07-03T21:10:04.21164+00:00","Properties":[]},{"TestCase":{"Id":"417195a2-abd5-823e-dddb-78aaab2e69cc","FullyQualifiedName":"P7CreateRestApi.Tests.RuleNameControllerTests.CreateRuleName_ShouldReturnBadRequest_WhenRuleNameIsNull","DisplayName":"P7CreateRestApi.Tests.RuleNameControllerTests.CreateRuleName_ShouldReturnBadRequest_WhenRuleNameIsNull","ExecutorUri":"executor://xunit/VsTestRunner2/netcoreapp","Source":"C:\\Users\\brandon.ku\\source\\repos\\OCProjet7_Findexium\\P7CreateRestApi.Tests\\bin\\Debug\\net8.0\\fine-code-coverage\\build-output\\P7CreateRestApi.Tests.dll","CodeFilePath":null,"LineNumber":0,"Properties":[]},"Attachments":[],"Outcome":1,"ErrorMessage":null,"ErrorStackTrace":null,"DisplayName":"P7CreateRestApi.Tests.RuleNameControllerTests.CreateRuleName_ShouldReturnBadRequest_WhenRuleNameIsNull","Messages":[],"ComputerName":"PB22039","Duration":"00:00:00.0008732","StartTime":"2024-07-03T21:10:04.2179837+00:00","EndTime":"2024-07-03T21:10:04.2179838+00:00","Properties":[]},{"TestCase":{"Id":"92d7d4b8-4e64-6c22-5fd2-40b2686a1a46","FullyQualifiedName":"P7CreateRestApi.Tests.TradeControllerTests.UpdateTrade_ShouldReturnInternalServerError_WhenExceptionIsThrown","DisplayName":"P7CreateRestApi.Tests.TradeControllerTests.UpdateTrade_ShouldReturnInternalServerError_WhenExceptionIsThrown","ExecutorUri":"executor://xunit/VsTestRunner2/netcoreapp","Source":"C:\\Users\\brandon.ku\\source\\repos\\OCProjet7_Findexium\\P7CreateRestApi.Tests\\bin\\Debug\\net8.0\\fine-code-coverage\\build-output\\P7CreateRestApi.Tests.dll","CodeFilePath":null,"LineNumber":0,"Properties":[]},"Attachments":[],"Outcome":1,"ErrorMessage":null,"ErrorStackTrace":null,"DisplayName":"P7CreateRestApi.Tests.TradeControllerTests.UpdateTrade_ShouldReturnInternalServerError_WhenExceptionIsThrown","Messages":[],"ComputerName":"PB22039","Duration":"00:00:00.0021115","StartTime":"2024-07-03T21:10:04.2197808+00:00","EndTime":"2024-07-03T21:10:04.2197809+00:00","Properties":[]},{"TestCase":{"Id":"f88fe1f4-d2d9-c6bc-c591-58b79ced9cbd","FullyQualifiedName":"P7CreateRestApi.Tests.RatingControllerTests.CreateRating_ShouldReturnCreated_WhenRatingIsValid","DisplayName":"P7CreateRestApi.Tests.RatingControllerTests.CreateRating_ShouldReturnCreated_WhenRatingIsValid","ExecutorUri":"executor://xunit/VsTestRunner2/netcoreapp","Source":"C:\\Users\\brandon.ku\\source\\repos\\OCProjet7_Findexium\\P7CreateRestApi.Tests\\bin\\Debug\\net8.0\\fine-code-coverage\\build-output\\P7CreateRestApi.Tests.dll","CodeFilePath":null,"LineNumber":0,"Properties":[]},"Attachments":[],"Outcome":1,"ErrorMessage":null,"ErrorStackTrace":null,"DisplayName":"P7CreateRestApi.Tests.RatingControllerTests.CreateRating_ShouldReturnCreated_WhenRatingIsValid","Messages":[],"ComputerName":"PB22039","Duration":"00:00:00.0031871","StartTime":"2024-07-03T21:10:04.220695+00:00","EndTime":"2024-07-03T21:10:04.220695+00:00","Properties":[]},{"TestCase":{"Id":"a1ca303c-dbfe-01e3-445a-b2746f60d716","FullyQualifiedName":"P7CreateRestApi.Tests.CurveControllerTests.CreateCurvePoint_ShouldReturnCreated_WhenCurvePointIsValid","DisplayName":"P7CreateRestApi.Tests.CurveControllerTests.CreateCurvePoint_ShouldReturnCreated_WhenCurvePointIsValid","ExecutorUri":"executor://xunit/VsTestRunner2/netcoreapp","Source":"C:\\Users\\brandon.ku\\source\\repos\\OCProjet7_Findexium\\P7CreateRestApi.Tests\\bin\\Debug\\net8.0\\fine-code-coverage\\build-output\\P7CreateRestApi.Tests.dll","CodeFilePath":null,"LineNumber":0,"Properties":[]},"Attachments":[],"Outcome":1,"ErrorMessage":null,"ErrorStackTrace":null,"DisplayName":"P7CreateRestApi.Tests.CurveControllerTests.CreateCurvePoint_ShouldReturnCreated_WhenCurvePointIsValid","Messages":[],"ComputerName":"PB22039","Duration":"00:00:00.0056467","StartTime":"2024-07-03T21:10:04.2215823+00:00","EndTime":"2024-07-03T21:10:04.2215824+00:00","Properties":[]},{"TestCase":{"Id":"1e146ca5-9051-6cdd-879f-8b69d0ec552a","FullyQualifiedName":"P7CreateRestApi.Tests.RuleNameControllerTests.CreateRuleName_ShouldReturnCreated_WhenRuleNameIsValid","DisplayName":"P7CreateRestApi.Tests.RuleNameControllerTests.CreateRuleName_ShouldReturnCreated_WhenRuleNameIsValid","ExecutorUri":"executor://xunit/VsTestRunner2/netcoreapp","Source":"C:\\Users\\brandon.ku\\source\\repos\\OCProjet7_Findexium\\P7CreateRestApi.Tests\\bin\\Debug\\net8.0\\fine-code-coverage\\build-output\\P7CreateRestApi.Tests.dll","CodeFilePath":null,"LineNumber":0,"Properties":[]},"Attachments":[],"Outcome":1,"ErrorMessage":null,"ErrorStackTrace":null,"DisplayName":"P7CreateRestApi.Tests.RuleNameControllerTests.CreateRuleName_ShouldReturnCreated_WhenRuleNameIsValid","Messages":[],"ComputerName":"PB22039","Duration":"00:00:00.0020243","StartTime":"2024-07-03T21:10:04.2225115+00:00","EndTime":"2024-07-03T21:10:04.2225115+00:00","Properties":[]}],"TestRunStatistics":{"ExecutedTests":26,"Stats":{"Passed":26}},"ActiveTests":[{"Id":"60dcd57a-6ee1-2569-cfd0-cc7bb42e0cd8","FullyQualifiedName":"P7CreateRestApi.Tests.RatingControllerTests.UpdateRating_ShouldReturnInternalServerError_WhenExceptionIsThrown","DisplayName":"P7CreateRestApi.Tests.RatingControllerTests.UpdateRating_ShouldReturnInternalServerError_WhenExceptionIsThrown","ExecutorUri":"executor://xunit/VsTestRunner2/netcoreapp","Source":"C:\\Users\\brandon.ku\\source\\repos\\OCProjet7_Findexium\\P7CreateRestApi.Tests\\bin\\Debug\\net8.0\\fine-code-coverage\\build-output\\P7CreateRestApi.Tests.dll","CodeFilePath":null,"LineNumber":0,"Properties":[]}]}}
TpTrace Verbose: 0 : 5848, 16, 2024/07/03, 23:10:04.223, 372706201315, testhost.dll, TestRunCache: OnNewTestResult: Notified the onCacheHit callback.
TpTrace Verbose: 0 : 5848, 16, 2024/07/03, 23:10:04.224, 372706209795, testhost.dll, MulticastDelegateUtilities.SafeInvoke: TestCaseEventsHandler.RaiseTestCaseStart: Invoking callback 1/1 for Microsoft.VisualStudio.TestPlatform.CrossPlatEngine.DataCollection.ProxyOutOfProcDataCollectionManager., took 0 ms.
TpTrace Verbose: 0 : 5848, 16, 2024/07/03, 23:10:04.224, 372706210852, testhost.dll, TestExecutionRecorder.RecordStart: Starting test: P7CreateRestApi.Tests.TradeControllerTests.CreateTrade_ShouldReturnBadRequest_WhenModelStateIsInvalid.
TpTrace Verbose: 0 : 5848, 16, 2024/07/03, 23:10:04.225, 372706218504, testhost.dll, MulticastDelegateUtilities.SafeInvoke: TestCaseEventsHandler.RaiseTestCaseStart: Invoking callback 1/1 for Microsoft.VisualStudio.TestPlatform.CrossPlatEngine.DataCollection.ProxyOutOfProcDataCollectionManager., took 0 ms.
TpTrace Verbose: 0 : 5848, 16, 2024/07/03, 23:10:04.225, 372706219179, testhost.dll, TestExecutionRecorder.RecordStart: Starting test: P7CreateRestApi.Tests.CurveControllerTests.GetAllCurvePoints_ShouldReturnInternalServerError_WhenExceptionIsThrown.
TpTrace Verbose: 0 : 5848, 16, 2024/07/03, 23:10:04.226, 372706227142, testhost.dll, MulticastDelegateUtilities.SafeInvoke: TestCaseEventsHandler.RaiseTestCaseStart: Invoking callback 1/1 for Microsoft.VisualStudio.TestPlatform.CrossPlatEngine.DataCollection.ProxyOutOfProcDataCollectionManager., took 0 ms.
TpTrace Verbose: 0 : 5848, 16, 2024/07/03, 23:10:04.226, 372706227780, testhost.dll, TestExecutionRecorder.RecordStart: Starting test: P7CreateRestApi.Tests.RuleNameControllerTests.UpdateRuleName_ShouldReturnOk_WhenUpdateIsSuccessful.
TpTrace Verbose: 0 : 5848, 16, 2024/07/03, 23:10:04.227, 372706235678, testhost.dll, MulticastDelegateUtilities.SafeInvoke: TestCaseEventsHandler.RaiseTestCaseStart: Invoking callback 1/1 for Microsoft.VisualStudio.TestPlatform.CrossPlatEngine.DataCollection.ProxyOutOfProcDataCollectionManager., took 0 ms.
TpTrace Verbose: 0 : 5848, 16, 2024/07/03, 23:10:04.227, 372706236583, testhost.dll, TestExecutionRecorder.RecordResult: Received result for test: P7CreateRestApi.Tests.BidListControllerTests.CreateBid_ShouldReturnCreatedAtActionResult_WhenBidIsValid.
TpTrace Verbose: 0 : 5848, 16, 2024/07/03, 23:10:04.228, 372706245007, testhost.dll, MulticastDelegateUtilities.SafeInvoke: TestCaseEventsHandler.RaiseTestCaseEnd: Invoking callback 1/1 for Microsoft.VisualStudio.TestPlatform.CrossPlatEngine.DataCollection.ProxyOutOfProcDataCollectionManager., took 0 ms.
TpTrace Verbose: 0 : 5848, 16, 2024/07/03, 23:10:04.228, 372706245583, testhost.dll, MulticastDelegateUtilities.SafeInvoke: TestCaseEventsHandler.RaiseTestCaseEnd: Invoking callback 1/1 for Microsoft.VisualStudio.TestPlatform.CrossPlatEngine.DataCollection.ProxyOutOfProcDataCollectionManager., took 0 ms.
TpTrace Warning: 0 : 5848, 16, 2024/07/03, 23:10:04.228, 372706245859, testhost.dll, TestRunCache: No test found corresponding to testResult 'P7CreateRestApi.Tests.BidListControllerTests.CreateBid_ShouldReturnCreatedAtActionResult_WhenBidIsValid' in inProgress list.
TpTrace Verbose: 0 : 5848, 16, 2024/07/03, 23:10:04.228, 372706246143, testhost.dll, TestExecutionRecorder.RecordEnd: test: P7CreateRestApi.Tests.BidListControllerTests.CreateBid_ShouldReturnCreatedAtActionResult_WhenBidIsValid execution completed.
TpTrace Verbose: 0 : 5848, 16, 2024/07/03, 23:10:04.228, 372706246388, testhost.dll, TestExecutionRecorder.RecordStart: Starting test: P7CreateRestApi.Tests.BidListControllerTests.UpdateBid_ShouldReturnNoContent_WhenBidIsValid.
TpTrace Verbose: 0 : 5848, 16, 2024/07/03, 23:10:04.229, 372706254188, testhost.dll, MulticastDelegateUtilities.SafeInvoke: TestCaseEventsHandler.RaiseTestCaseStart: Invoking callback 1/1 for Microsoft.VisualStudio.TestPlatform.CrossPlatEngine.DataCollection.ProxyOutOfProcDataCollectionManager., took 0 ms.
TpTrace Verbose: 0 : 5848, 16, 2024/07/03, 23:10:04.229, 372706255334, testhost.dll, TestExecutionRecorder.RecordResult: Received result for test: P7CreateRestApi.Tests.TradeControllerTests.CreateTrade_ShouldReturnBadRequest_WhenModelStateIsInvalid.
TpTrace Verbose: 0 : 5848, 16, 2024/07/03, 23:10:04.230, 372706265513, testhost.dll, MulticastDelegateUtilities.SafeInvoke: TestCaseEventsHandler.RaiseTestCaseEnd: Invoking callback 1/1 for Microsoft.VisualStudio.TestPlatform.CrossPlatEngine.DataCollection.ProxyOutOfProcDataCollectionManager., took 0 ms.
TpTrace Verbose: 0 : 5848, 16, 2024/07/03, 23:10:04.230, 372706266470, testhost.dll, MulticastDelegateUtilities.SafeInvoke: TestCaseEventsHandler.RaiseTestCaseEnd: Invoking callback 1/1 for Microsoft.VisualStudio.TestPlatform.CrossPlatEngine.DataCollection.ProxyOutOfProcDataCollectionManager., took 0 ms.
TpTrace Verbose: 0 : 5848, 16, 2024/07/03, 23:10:04.230, 372706266953, testhost.dll, TestExecutionRecorder.RecordEnd: test: P7CreateRestApi.Tests.TradeControllerTests.CreateTrade_ShouldReturnBadRequest_WhenModelStateIsInvalid execution completed.
TpTrace Verbose: 0 : 5848, 16, 2024/07/03, 23:10:04.230, 372706267222, testhost.dll, TestExecutionRecorder.RecordStart: Starting test: P7CreateRestApi.Tests.TradeControllerTests.GetTradeById_ShouldReturnInternalServerError_WhenExceptionIsThrown.
TpTrace Verbose: 0 : 5848, 16, 2024/07/03, 23:10:04.231, 372706276693, testhost.dll, MulticastDelegateUtilities.SafeInvoke: TestCaseEventsHandler.RaiseTestCaseStart: Invoking callback 1/1 for Microsoft.VisualStudio.TestPlatform.CrossPlatEngine.DataCollection.ProxyOutOfProcDataCollectionManager., took 0 ms.
TpTrace Verbose: 0 : 5848, 16, 2024/07/03, 23:10:04.231, 372706277503, testhost.dll, TestExecutionRecorder.RecordResult: Received result for test: P7CreateRestApi.Tests.CurveControllerTests.GetAllCurvePoints_ShouldReturnInternalServerError_WhenExceptionIsThrown.
TpTrace Verbose: 0 : 5848, 16, 2024/07/03, 23:10:04.232, 372706286931, testhost.dll, MulticastDelegateUtilities.SafeInvoke: TestCaseEventsHandler.RaiseTestCaseEnd: Invoking callback 1/1 for Microsoft.VisualStudio.TestPlatform.CrossPlatEngine.DataCollection.ProxyOutOfProcDataCollectionManager., took 0 ms.
TpTrace Verbose: 0 : 5848, 16, 2024/07/03, 23:10:04.232, 372706288076, testhost.dll, MulticastDelegateUtilities.SafeInvoke: TestCaseEventsHandler.RaiseTestCaseEnd: Invoking callback 1/1 for Microsoft.VisualStudio.TestPlatform.CrossPlatEngine.DataCollection.ProxyOutOfProcDataCollectionManager., took 0 ms.
TpTrace Verbose: 0 : 5848, 16, 2024/07/03, 23:10:04.232, 372706288637, testhost.dll, TestExecutionRecorder.RecordEnd: test: P7CreateRestApi.Tests.CurveControllerTests.GetAllCurvePoints_ShouldReturnInternalServerError_WhenExceptionIsThrown execution completed.
TpTrace Verbose: 0 : 5848, 16, 2024/07/03, 23:10:04.232, 372706288989, testhost.dll, TestExecutionRecorder.RecordStart: Starting test: P7CreateRestApi.Tests.CurveControllerTests.CreateCurvePoint_ShouldReturnBadRequest_WhenCurvePointIsNull.
TpTrace Verbose: 0 : 5848, 16, 2024/07/03, 23:10:04.233, 372706299980, testhost.dll, MulticastDelegateUtilities.SafeInvoke: TestCaseEventsHandler.RaiseTestCaseStart: Invoking callback 1/1 for Microsoft.VisualStudio.TestPlatform.CrossPlatEngine.DataCollection.ProxyOutOfProcDataCollectionManager., took 1 ms.
TpTrace Verbose: 0 : 5848, 16, 2024/07/03, 23:10:04.233, 372706300917, testhost.dll, TestExecutionRecorder.RecordResult: Received result for test: P7CreateRestApi.Tests.CurveControllerTests.CreateCurvePoint_ShouldReturnBadRequest_WhenCurvePointIsNull.
TpTrace Verbose: 0 : 5848, 16, 2024/07/03, 23:10:04.234, 372706308859, testhost.dll, MulticastDelegateUtilities.SafeInvoke: TestCaseEventsHandler.RaiseTestCaseEnd: Invoking callback 1/1 for Microsoft.VisualStudio.TestPlatform.CrossPlatEngine.DataCollection.ProxyOutOfProcDataCollectionManager., took 0 ms.
TpTrace Verbose: 0 : 5848, 16, 2024/07/03, 23:10:04.234, 372706309394, testhost.dll, MulticastDelegateUtilities.SafeInvoke: TestCaseEventsHandler.RaiseTestCaseEnd: Invoking callback 1/1 for Microsoft.VisualStudio.TestPlatform.CrossPlatEngine.DataCollection.ProxyOutOfProcDataCollectionManager., took 0 ms.
TpTrace Verbose: 0 : 5848, 16, 2024/07/03, 23:10:04.234, 372706309863, testhost.dll, TestExecutionRecorder.RecordEnd: test: P7CreateRestApi.Tests.CurveControllerTests.CreateCurvePoint_ShouldReturnBadRequest_WhenCurvePointIsNull execution completed.
TpTrace Verbose: 0 : 5848, 16, 2024/07/03, 23:10:04.234, 372706310750, testhost.dll, TestExecutionRecorder.RecordStart: Starting test: P7CreateRestApi.Tests.CurveControllerTests.GetCurvePointById_ShouldReturnInternalServerError_WhenExceptionIsThrown.
TpTrace Verbose: 0 : 5848, 16, 2024/07/03, 23:10:04.235, 372706318450, testhost.dll, MulticastDelegateUtilities.SafeInvoke: TestCaseEventsHandler.RaiseTestCaseStart: Invoking callback 1/1 for Microsoft.VisualStudio.TestPlatform.CrossPlatEngine.DataCollection.ProxyOutOfProcDataCollectionManager., took 0 ms.
TpTrace Verbose: 0 : 5848, 16, 2024/07/03, 23:10:04.235, 372706319152, testhost.dll, TestExecutionRecorder.RecordResult: Received result for test: P7CreateRestApi.Tests.RatingControllerTests.UpdateRating_ShouldReturnInternalServerError_WhenExceptionIsThrown.
TpTrace Verbose: 0 : 5848, 16, 2024/07/03, 23:10:04.236, 372706327543, testhost.dll, MulticastDelegateUtilities.SafeInvoke: TestCaseEventsHandler.RaiseTestCaseEnd: Invoking callback 1/1 for Microsoft.VisualStudio.TestPlatform.CrossPlatEngine.DataCollection.ProxyOutOfProcDataCollectionManager., took 0 ms.
TpTrace Verbose: 0 : 5848, 16, 2024/07/03, 23:10:04.236, 372706328094, testhost.dll, MulticastDelegateUtilities.SafeInvoke: TestCaseEventsHandler.RaiseTestCaseEnd: Invoking callback 1/1 for Microsoft.VisualStudio.TestPlatform.CrossPlatEngine.DataCollection.ProxyOutOfProcDataCollectionManager., took 0 ms.
TpTrace Warning: 0 : 5848, 16, 2024/07/03, 23:10:04.236, 372706328361, testhost.dll, TestRunCache: No test found corresponding to testResult 'P7CreateRestApi.Tests.RatingControllerTests.UpdateRating_ShouldReturnInternalServerError_WhenExceptionIsThrown' in inProgress list.
TpTrace Verbose: 0 : 5848, 16, 2024/07/03, 23:10:04.236, 372706328681, testhost.dll, TestExecutionRecorder.RecordEnd: test: P7CreateRestApi.Tests.RatingControllerTests.UpdateRating_ShouldReturnInternalServerError_WhenExceptionIsThrown execution completed.
TpTrace Verbose: 0 : 5848, 16, 2024/07/03, 23:10:04.236, 372706328934, testhost.dll, TestExecutionRecorder.RecordStart: Starting test: P7CreateRestApi.Tests.RatingControllerTests.DeleteRating_ShouldReturnNotFound_WhenRatingDoesNotExist.
TpTrace Information: 0 : 5848, 16, 2024/07/03, 23:10:04.236, 372706329130, testhost.dll, Sending test run statistics
TpTrace Verbose: 0 : 5848, 16, 2024/07/03, 23:10:04.236, 372706331581, testhost.dll, TestRequestHandler.SendData: sending data from testhost: {"Version":7,"MessageType":"TestExecution.StatsChange","Payload":{"NewTestResults":[{"TestCase":{"Id":"4bc50b7e-0b61-f118-5932-06c21b0d7c49","FullyQualifiedName":"P7CreateRestApi.Tests.BidListControllerTests.CreateBid_ShouldReturnCreatedAtActionResult_WhenBidIsValid","DisplayName":"P7CreateRestApi.Tests.BidListControllerTests.CreateBid_ShouldReturnCreatedAtActionResult_WhenBidIsValid","ExecutorUri":"executor://xunit/VsTestRunner2/netcoreapp","Source":"C:\\Users\\brandon.ku\\source\\repos\\OCProjet7_Findexium\\P7CreateRestApi.Tests\\bin\\Debug\\net8.0\\fine-code-coverage\\build-output\\P7CreateRestApi.Tests.dll","CodeFilePath":null,"LineNumber":0,"Properties":[]},"Attachments":[],"Outcome":1,"ErrorMessage":null,"ErrorStackTrace":null,"DisplayName":"P7CreateRestApi.Tests.BidListControllerTests.CreateBid_ShouldReturnCreatedAtActionResult_WhenBidIsValid","Messages":[],"ComputerName":"PB22039","Duration":"00:00:00.0085693","StartTime":"2024-07-03T21:10:04.2274911+00:00","EndTime":"2024-07-03T21:10:04.2274912+00:00","Properties":[]},{"TestCase":{"Id":"c930e757-cbec-2029-673c-b72cca119ee6","FullyQualifiedName":"P7CreateRestApi.Tests.TradeControllerTests.CreateTrade_ShouldReturnBadRequest_WhenModelStateIsInvalid","DisplayName":"P7CreateRestApi.Tests.TradeControllerTests.CreateTrade_ShouldReturnBadRequest_WhenModelStateIsInvalid","ExecutorUri":"executor://xunit/VsTestRunner2/netcoreapp","Source":"C:\\Users\\brandon.ku\\source\\repos\\OCProjet7_Findexium\\P7CreateRestApi.Tests\\bin\\Debug\\net8.0\\fine-code-coverage\\build-output\\P7CreateRestApi.Tests.dll","CodeFilePath":null,"LineNumber":0,"Properties":[]},"Attachments":[],"Outcome":1,"ErrorMessage":null,"ErrorStackTrace":null,"DisplayName":"P7CreateRestApi.Tests.TradeControllerTests.CreateTrade_ShouldReturnBadRequest_WhenModelStateIsInvalid","Messages":[],"ComputerName":"PB22039","Duration":"00:00:00.0013273","StartTime":"2024-07-03T21:10:04.229364+00:00","EndTime":"2024-07-03T21:10:04.2293641+00:00","Properties":[]},{"TestCase":{"Id":"a342305e-36ac-e63f-90b5-ccd74c773abb","FullyQualifiedName":"P7CreateRestApi.Tests.CurveControllerTests.GetAllCurvePoints_ShouldReturnInternalServerError_WhenExceptionIsThrown","DisplayName":"P7CreateRestApi.Tests.CurveControllerTests.GetAllCurvePoints_ShouldReturnInternalServerError_WhenExceptionIsThrown","ExecutorUri":"executor://xunit/VsTestRunner2/netcoreapp","Source":"C:\\Users\\brandon.ku\\source\\repos\\OCProjet7_Findexium\\P7CreateRestApi.Tests\\bin\\Debug\\net8.0\\fine-code-coverage\\build-output\\P7CreateRestApi.Tests.dll","CodeFilePath":null,"LineNumber":0,"Properties":[]},"Attachments":[],"Outcome":1,"ErrorMessage":null,"ErrorStackTrace":null,"DisplayName":"P7CreateRestApi.Tests.CurveControllerTests.GetAllCurvePoints_ShouldReturnInternalServerError_WhenExceptionIsThrown","Messages":[],"ComputerName":"PB22039","Duration":"00:00:00.0014806","StartTime":"2024-07-03T21:10:04.2315823+00:00","EndTime":"2024-07-03T21:10:04.2315825+00:00","Properties":[]},{"TestCase":{"Id":"8954d1d3-1f9b-4e6e-b610-98a33f188d0c","FullyQualifiedName":"P7CreateRestApi.Tests.CurveControllerTests.CreateCurvePoint_ShouldReturnBadRequest_WhenCurvePointIsNull","DisplayName":"P7CreateRestApi.Tests.CurveControllerTests.CreateCurvePoint_ShouldReturnBadRequest_WhenCurvePointIsNull","ExecutorUri":"executor://xunit/VsTestRunner2/netcoreapp","Source":"C:\\Users\\brandon.ku\\source\\repos\\OCProjet7_Findexium\\P7CreateRestApi.Tests\\bin\\Debug\\net8.0\\fine-code-coverage\\build-output\\P7CreateRestApi.Tests.dll","CodeFilePath":null,"LineNumber":0,"Properties":[]},"Attachments":[],"Outcome":1,"ErrorMessage":null,"ErrorStackTrace":null,"DisplayName":"P7CreateRestApi.Tests.CurveControllerTests.CreateCurvePoint_ShouldReturnBadRequest_WhenCurvePointIsNull","Messages":[],"ComputerName":"PB22039","Duration":"00:00:00.0007379","StartTime":"2024-07-03T21:10:04.2339218+00:00","EndTime":"2024-07-03T21:10:04.233922+00:00","Properties":[]},{"TestCase":{"Id":"60dcd57a-6ee1-2569-cfd0-cc7bb42e0cd8","FullyQualifiedName":"P7CreateRestApi.Tests.RatingControllerTests.UpdateRating_ShouldReturnInternalServerError_WhenExceptionIsThrown","DisplayName":"P7CreateRestApi.Tests.RatingControllerTests.UpdateRating_ShouldReturnInternalServerError_WhenExceptionIsThrown","ExecutorUri":"executor://xunit/VsTestRunner2/netcoreapp","Source":"C:\\Users\\brandon.ku\\source\\repos\\OCProjet7_Findexium\\P7CreateRestApi.Tests\\bin\\Debug\\net8.0\\fine-code-coverage\\build-output\\P7CreateRestApi.Tests.dll","CodeFilePath":null,"LineNumber":0,"Properties":[]},"Attachments":[],"Outcome":1,"ErrorMessage":null,"ErrorStackTrace":null,"DisplayName":"P7CreateRestApi.Tests.RatingControllerTests.UpdateRating_ShouldReturnInternalServerError_WhenExceptionIsThrown","Messages":[],"ComputerName":"PB22039","Duration":"00:00:00.0026097","StartTime":"2024-07-03T21:10:04.2357482+00:00","EndTime":"2024-07-03T21:10:04.2357483+00:00","Properties":[]}],"TestRunStatistics":{"ExecutedTests":31,"Stats":{"Passed":31}},"ActiveTests":[{"Id":"98eb1b57-80d0-fe3f-19dd-c662eb2e09d4","FullyQualifiedName":"P7CreateRestApi.Tests.RuleNameControllerTests.UpdateRuleName_ShouldReturnOk_WhenUpdateIsSuccessful","DisplayName":"P7CreateRestApi.Tests.RuleNameControllerTests.UpdateRuleName_ShouldReturnOk_WhenUpdateIsSuccessful","ExecutorUri":"executor://xunit/VsTestRunner2/netcoreapp","Source":"C:\\Users\\brandon.ku\\source\\repos\\OCProjet7_Findexium\\P7CreateRestApi.Tests\\bin\\Debug\\net8.0\\fine-code-coverage\\build-output\\P7CreateRestApi.Tests.dll","CodeFilePath":null,"LineNumber":0,"Properties":[]},{"Id":"12c6e959-9a79-5ab3-cd1c-736fd703afae","FullyQualifiedName":"P7CreateRestApi.Tests.BidListControllerTests.UpdateBid_ShouldReturnNoContent_WhenBidIsValid","DisplayName":"P7CreateRestApi.Tests.BidListControllerTests.UpdateBid_ShouldReturnNoContent_WhenBidIsValid","ExecutorUri":"executor://xunit/VsTestRunner2/netcoreapp","Source":"C:\\Users\\brandon.ku\\source\\repos\\OCProjet7_Findexium\\P7CreateRestApi.Tests\\bin\\Debug\\net8.0\\fine-code-coverage\\build-output\\P7CreateRestApi.Tests.dll","CodeFilePath":null,"LineNumber":0,"Properties":[]},{"Id":"42f21cab-01f3-50d5-3f55-7c904c750957","FullyQualifiedName":"P7CreateRestApi.Tests.TradeControllerTests.GetTradeById_ShouldReturnInternalServerError_WhenExceptionIsThrown","DisplayName":"P7CreateRestApi.Tests.TradeControllerTests.GetTradeById_ShouldReturnInternalServerError_WhenExceptionIsThrown","ExecutorUri":"executor://xunit/VsTestRunner2/netcoreapp","Source":"C:\\Users\\brandon.ku\\source\\repos\\OCProjet7_Findexium\\P7CreateRestApi.Tests\\bin\\Debug\\net8.0\\fine-code-coverage\\build-output\\P7CreateRestApi.Tests.dll","CodeFilePath":null,"LineNumber":0,"Properties":[]},{"Id":"80c0d35d-724c-9422-f5e1-925e0f0f9560","FullyQualifiedName":"P7CreateRestApi.Tests.CurveControllerTests.GetCurvePointById_ShouldReturnInternalServerError_WhenExceptionIsThrown","DisplayName":"P7CreateRestApi.Tests.CurveControllerTests.GetCurvePointById_ShouldReturnInternalServerError_WhenExceptionIsThrown","ExecutorUri":"executor://xunit/VsTestRunner2/netcoreapp","Source":"C:\\Users\\brandon.ku\\source\\repos\\OCProjet7_Findexium\\P7CreateRestApi.Tests\\bin\\Debug\\net8.0\\fine-code-coverage\\build-output\\P7CreateRestApi.Tests.dll","CodeFilePath":null,"LineNumber":0,"Properties":[]},{"Id":"8671fad5-a89c-9249-5bcb-1e185b89ade7","FullyQualifiedName":"P7CreateRestApi.Tests.RatingControllerTests.DeleteRating_ShouldReturnNotFound_WhenRatingDoesNotExist","DisplayName":"P7CreateRestApi.Tests.RatingControllerTests.DeleteRating_ShouldReturnNotFound_WhenRatingDoesNotExist","ExecutorUri":"executor://xunit/VsTestRunner2/netcoreapp","Source":"C:\\Users\\brandon.ku\\source\\repos\\OCProjet7_Findexium\\P7CreateRestApi.Tests\\bin\\Debug\\net8.0\\fine-code-coverage\\build-output\\P7CreateRestApi.Tests.dll","CodeFilePath":null,"LineNumber":0,"Properties":[]}]}}
TpTrace Verbose: 0 : 5848, 16, 2024/07/03, 23:10:04.238, 372706350230, testhost.dll, TestRunCache: OnNewTestResult: Notified the onCacheHit callback.
TpTrace Verbose: 0 : 5848, 16, 2024/07/03, 23:10:04.240, 372706362696, testhost.dll, MulticastDelegateUtilities.SafeInvoke: TestCaseEventsHandler.RaiseTestCaseStart: Invoking callback 1/1 for Microsoft.VisualStudio.TestPlatform.CrossPlatEngine.DataCollection.ProxyOutOfProcDataCollectionManager., took 1 ms.
TpTrace Verbose: 0 : 5848, 16, 2024/07/03, 23:10:04.240, 372706364063, testhost.dll, TestExecutionRecorder.RecordResult: Received result for test: P7CreateRestApi.Tests.RuleNameControllerTests.UpdateRuleName_ShouldReturnOk_WhenUpdateIsSuccessful.
TpTrace Verbose: 0 : 5848, 16, 2024/07/03, 23:10:04.241, 372706373015, testhost.dll, MulticastDelegateUtilities.SafeInvoke: TestCaseEventsHandler.RaiseTestCaseEnd: Invoking callback 1/1 for Microsoft.VisualStudio.TestPlatform.CrossPlatEngine.DataCollection.ProxyOutOfProcDataCollectionManager., took 0 ms.
TpTrace Verbose: 0 : 5848, 16, 2024/07/03, 23:10:04.241, 372706373563, testhost.dll, MulticastDelegateUtilities.SafeInvoke: TestCaseEventsHandler.RaiseTestCaseEnd: Invoking callback 1/1 for Microsoft.VisualStudio.TestPlatform.CrossPlatEngine.DataCollection.ProxyOutOfProcDataCollectionManager., took 0 ms.
TpTrace Warning: 0 : 5848, 16, 2024/07/03, 23:10:04.241, 372706373825, testhost.dll, TestRunCache: InProgressTests is null
TpTrace Warning: 0 : 5848, 16, 2024/07/03, 23:10:04.241, 372706374000, testhost.dll, TestRunCache: No test found corresponding to testResult 'P7CreateRestApi.Tests.RuleNameControllerTests.UpdateRuleName_ShouldReturnOk_WhenUpdateIsSuccessful' in inProgress list.
TpTrace Verbose: 0 : 5848, 16, 2024/07/03, 23:10:04.241, 372706374283, testhost.dll, TestExecutionRecorder.RecordEnd: test: P7CreateRestApi.Tests.RuleNameControllerTests.UpdateRuleName_ShouldReturnOk_WhenUpdateIsSuccessful execution completed.
TpTrace Warning: 0 : 5848, 16, 2024/07/03, 23:10:04.241, 372706374451, testhost.dll, TestRunCache: InProgressTests is null
TpTrace Verbose: 0 : 5848, 16, 2024/07/03, 23:10:04.241, 372706374700, testhost.dll, TestExecutionRecorder.RecordStart: Starting test: P7CreateRestApi.Tests.RuleNameControllerTests.DeleteRuleName_ShouldReturnNotFound_WhenRuleNameDoesNotExist.
TpTrace Verbose: 0 : 5848, 16, 2024/07/03, 23:10:04.242, 372706382265, testhost.dll, MulticastDelegateUtilities.SafeInvoke: TestCaseEventsHandler.RaiseTestCaseStart: Invoking callback 1/1 for Microsoft.VisualStudio.TestPlatform.CrossPlatEngine.DataCollection.ProxyOutOfProcDataCollectionManager., took 0 ms.
TpTrace Verbose: 0 : 5848, 16, 2024/07/03, 23:10:04.242, 372706382977, testhost.dll, TestExecutionRecorder.RecordResult: Received result for test: P7CreateRestApi.Tests.RatingControllerTests.DeleteRating_ShouldReturnNotFound_WhenRatingDoesNotExist.
TpTrace Verbose: 0 : 5848, 16, 2024/07/03, 23:10:04.242, 372706390737, testhost.dll, MulticastDelegateUtilities.SafeInvoke: TestCaseEventsHandler.RaiseTestCaseEnd: Invoking callback 1/1 for Microsoft.VisualStudio.TestPlatform.CrossPlatEngine.DataCollection.ProxyOutOfProcDataCollectionManager., took 0 ms.
TpTrace Verbose: 0 : 5848, 16, 2024/07/03, 23:10:04.242, 372706391248, testhost.dll, MulticastDelegateUtilities.SafeInvoke: TestCaseEventsHandler.RaiseTestCaseEnd: Invoking callback 1/1 for Microsoft.VisualStudio.TestPlatform.CrossPlatEngine.DataCollection.ProxyOutOfProcDataCollectionManager., took 0 ms.
TpTrace Warning: 0 : 5848, 16, 2024/07/03, 23:10:04.242, 372706391511, testhost.dll, TestRunCache: No test found corresponding to testResult 'P7CreateRestApi.Tests.RatingControllerTests.DeleteRating_ShouldReturnNotFound_WhenRatingDoesNotExist' in inProgress list.
TpTrace Verbose: 0 : 5848, 16, 2024/07/03, 23:10:04.243, 372706391794, testhost.dll, TestExecutionRecorder.RecordEnd: test: P7CreateRestApi.Tests.RatingControllerTests.DeleteRating_ShouldReturnNotFound_WhenRatingDoesNotExist execution completed.
TpTrace Verbose: 0 : 5848, 16, 2024/07/03, 23:10:04.243, 372706392038, testhost.dll, TestExecutionRecorder.RecordStart: Starting test: P7CreateRestApi.Tests.RatingControllerTests.CreateRating_ShouldReturnBadRequest_WhenRatingIsNull.
TpTrace Verbose: 0 : 5848, 16, 2024/07/03, 23:10:04.243, 372706399467, testhost.dll, MulticastDelegateUtilities.SafeInvoke: TestCaseEventsHandler.RaiseTestCaseStart: Invoking callback 1/1 for Microsoft.VisualStudio.TestPlatform.CrossPlatEngine.DataCollection.ProxyOutOfProcDataCollectionManager., took 0 ms.
TpTrace Verbose: 0 : 5848, 16, 2024/07/03, 23:10:04.243, 372706400210, testhost.dll, TestExecutionRecorder.RecordResult: Received result for test: P7CreateRestApi.Tests.CurveControllerTests.GetCurvePointById_ShouldReturnInternalServerError_WhenExceptionIsThrown.
TpTrace Verbose: 0 : 5848, 16, 2024/07/03, 23:10:04.244, 372706408408, testhost.dll, MulticastDelegateUtilities.SafeInvoke: TestCaseEventsHandler.RaiseTestCaseEnd: Invoking callback 1/1 for Microsoft.VisualStudio.TestPlatform.CrossPlatEngine.DataCollection.ProxyOutOfProcDataCollectionManager., took 0 ms.
TpTrace Verbose: 0 : 5848, 16, 2024/07/03, 23:10:04.244, 372706408962, testhost.dll, MulticastDelegateUtilities.SafeInvoke: TestCaseEventsHandler.RaiseTestCaseEnd: Invoking callback 1/1 for Microsoft.VisualStudio.TestPlatform.CrossPlatEngine.DataCollection.ProxyOutOfProcDataCollectionManager., took 0 ms.
TpTrace Warning: 0 : 5848, 16, 2024/07/03, 23:10:04.244, 372706409202, testhost.dll, TestRunCache: No test found corresponding to testResult 'P7CreateRestApi.Tests.CurveControllerTests.GetCurvePointById_ShouldReturnInternalServerError_WhenExceptionIsThrown' in inProgress list.
TpTrace Verbose: 0 : 5848, 16, 2024/07/03, 23:10:04.244, 372706409490, testhost.dll, TestExecutionRecorder.RecordEnd: test: P7CreateRestApi.Tests.CurveControllerTests.GetCurvePointById_ShouldReturnInternalServerError_WhenExceptionIsThrown execution completed.
TpTrace Verbose: 0 : 5848, 16, 2024/07/03, 23:10:04.244, 372706409738, testhost.dll, TestExecutionRecorder.RecordStart: Starting test: P7CreateRestApi.Tests.CurveControllerTests.GetCurvePointById_ShouldReturnOk_WhenCurvePointExists.
TpTrace Verbose: 0 : 5848, 16, 2024/07/03, 23:10:04.246, 372706424255, testhost.dll, MulticastDelegateUtilities.SafeInvoke: TestCaseEventsHandler.RaiseTestCaseStart: Invoking callback 1/1 for Microsoft.VisualStudio.TestPlatform.CrossPlatEngine.DataCollection.ProxyOutOfProcDataCollectionManager., took 1 ms.
TpTrace Verbose: 0 : 5848, 16, 2024/07/03, 23:10:04.246, 372706425022, testhost.dll, TestExecutionRecorder.RecordResult: Received result for test: P7CreateRestApi.Tests.RatingControllerTests.CreateRating_ShouldReturnBadRequest_WhenRatingIsNull.
TpTrace Verbose: 0 : 5848, 16, 2024/07/03, 23:10:04.247, 372706437883, testhost.dll, MulticastDelegateUtilities.SafeInvoke: TestCaseEventsHandler.RaiseTestCaseEnd: Invoking callback 1/1 for Microsoft.VisualStudio.TestPlatform.CrossPlatEngine.DataCollection.ProxyOutOfProcDataCollectionManager., took 1 ms.
TpTrace Verbose: 0 : 5848, 16, 2024/07/03, 23:10:04.247, 372706438394, testhost.dll, MulticastDelegateUtilities.SafeInvoke: TestCaseEventsHandler.RaiseTestCaseEnd: Invoking callback 1/1 for Microsoft.VisualStudio.TestPlatform.CrossPlatEngine.DataCollection.ProxyOutOfProcDataCollectionManager., took 0 ms.
TpTrace Verbose: 0 : 5848, 16, 2024/07/03, 23:10:04.247, 372706438778, testhost.dll, TestExecutionRecorder.RecordEnd: test: P7CreateRestApi.Tests.RatingControllerTests.CreateRating_ShouldReturnBadRequest_WhenRatingIsNull execution completed.
TpTrace Verbose: 0 : 5848, 16, 2024/07/03, 23:10:04.247, 372706439047, testhost.dll, TestExecutionRecorder.RecordStart: Starting test: P7CreateRestApi.Tests.RatingControllerTests.DeleteRating_ShouldReturnInternalServerError_WhenExceptionIsThrown.
TpTrace Verbose: 0 : 5848, 16, 2024/07/03, 23:10:04.248, 372706446401, testhost.dll, MulticastDelegateUtilities.SafeInvoke: TestCaseEventsHandler.RaiseTestCaseStart: Invoking callback 1/1 for Microsoft.VisualStudio.TestPlatform.CrossPlatEngine.DataCollection.ProxyOutOfProcDataCollectionManager., took 0 ms.
TpTrace Verbose: 0 : 5848, 16, 2024/07/03, 23:10:04.248, 372706447117, testhost.dll, TestExecutionRecorder.RecordResult: Received result for test: P7CreateRestApi.Tests.RuleNameControllerTests.DeleteRuleName_ShouldReturnNotFound_WhenRuleNameDoesNotExist.
TpTrace Verbose: 0 : 5848, 16, 2024/07/03, 23:10:04.249, 372706455428, testhost.dll, MulticastDelegateUtilities.SafeInvoke: TestCaseEventsHandler.RaiseTestCaseEnd: Invoking callback 1/1 for Microsoft.VisualStudio.TestPlatform.CrossPlatEngine.DataCollection.ProxyOutOfProcDataCollectionManager., took 0 ms.
TpTrace Verbose: 0 : 5848, 16, 2024/07/03, 23:10:04.249, 372706456013, testhost.dll, MulticastDelegateUtilities.SafeInvoke: TestCaseEventsHandler.RaiseTestCaseEnd: Invoking callback 1/1 for Microsoft.VisualStudio.TestPlatform.CrossPlatEngine.DataCollection.ProxyOutOfProcDataCollectionManager., took 0 ms.
TpTrace Verbose: 0 : 5848, 16, 2024/07/03, 23:10:04.249, 372706456407, testhost.dll, TestExecutionRecorder.RecordEnd: test: P7CreateRestApi.Tests.RuleNameControllerTests.DeleteRuleName_ShouldReturnNotFound_WhenRuleNameDoesNotExist execution completed.
TpTrace Verbose: 0 : 5848, 16, 2024/07/03, 23:10:04.249, 372706456669, testhost.dll, TestExecutionRecorder.RecordStart: Starting test: P7CreateRestApi.Tests.RuleNameControllerTests.UpdateRuleName_ShouldReturnBadRequest_WhenIdMismatchOccurs.
TpTrace Verbose: 0 : 5848, 16, 2024/07/03, 23:10:04.250, 372706464434, testhost.dll, MulticastDelegateUtilities.SafeInvoke: TestCaseEventsHandler.RaiseTestCaseStart: Invoking callback 1/1 for Microsoft.VisualStudio.TestPlatform.CrossPlatEngine.DataCollection.ProxyOutOfProcDataCollectionManager., took 0 ms.
TpTrace Verbose: 0 : 5848, 16, 2024/07/03, 23:10:04.250, 372706465205, testhost.dll, TestExecutionRecorder.RecordResult: Received result for test: P7CreateRestApi.Tests.RuleNameControllerTests.UpdateRuleName_ShouldReturnBadRequest_WhenIdMismatchOccurs.
TpTrace Verbose: 0 : 5848, 16, 2024/07/03, 23:10:04.251, 372706473409, testhost.dll, MulticastDelegateUtilities.SafeInvoke: TestCaseEventsHandler.RaiseTestCaseEnd: Invoking callback 1/1 for Microsoft.VisualStudio.TestPlatform.CrossPlatEngine.DataCollection.ProxyOutOfProcDataCollectionManager., took 0 ms.
TpTrace Verbose: 0 : 5848, 16, 2024/07/03, 23:10:04.251, 372706473972, testhost.dll, MulticastDelegateUtilities.SafeInvoke: TestCaseEventsHandler.RaiseTestCaseEnd: Invoking callback 1/1 for Microsoft.VisualStudio.TestPlatform.CrossPlatEngine.DataCollection.ProxyOutOfProcDataCollectionManager., took 0 ms.
TpTrace Verbose: 0 : 5848, 16, 2024/07/03, 23:10:04.251, 372706474375, testhost.dll, TestExecutionRecorder.RecordEnd: test: P7CreateRestApi.Tests.RuleNameControllerTests.UpdateRuleName_ShouldReturnBadRequest_WhenIdMismatchOccurs execution completed.
TpTrace Verbose: 0 : 5848, 16, 2024/07/03, 23:10:04.251, 372706474706, testhost.dll, TestExecutionRecorder.RecordStart: Starting test: P7CreateRestApi.Tests.RuleNameControllerTests.GetRuleNameById_ShouldReturnNotFound_WhenRuleNameDoesNotExist.
TpTrace Verbose: 0 : 5848, 16, 2024/07/03, 23:10:04.252, 372706482416, testhost.dll, MulticastDelegateUtilities.SafeInvoke: TestCaseEventsHandler.RaiseTestCaseStart: Invoking callback 1/1 for Microsoft.VisualStudio.TestPlatform.CrossPlatEngine.DataCollection.ProxyOutOfProcDataCollectionManager., took 0 ms.
TpTrace Verbose: 0 : 5848, 16, 2024/07/03, 23:10:04.252, 372706483107, testhost.dll, TestExecutionRecorder.RecordResult: Received result for test: P7CreateRestApi.Tests.RatingControllerTests.DeleteRating_ShouldReturnInternalServerError_WhenExceptionIsThrown.
TpTrace Verbose: 0 : 5848, 16, 2024/07/03, 23:10:04.253, 372706491752, testhost.dll, MulticastDelegateUtilities.SafeInvoke: TestCaseEventsHandler.RaiseTestCaseEnd: Invoking callback 1/1 for Microsoft.VisualStudio.TestPlatform.CrossPlatEngine.DataCollection.ProxyOutOfProcDataCollectionManager., took 0 ms.
TpTrace Verbose: 0 : 5848, 16, 2024/07/03, 23:10:04.253, 372706492295, testhost.dll, MulticastDelegateUtilities.SafeInvoke: TestCaseEventsHandler.RaiseTestCaseEnd: Invoking callback 1/1 for Microsoft.VisualStudio.TestPlatform.CrossPlatEngine.DataCollection.ProxyOutOfProcDataCollectionManager., took 0 ms.
TpTrace Verbose: 0 : 5848, 16, 2024/07/03, 23:10:04.253, 372706492675, testhost.dll, TestExecutionRecorder.RecordEnd: test: P7CreateRestApi.Tests.RatingControllerTests.DeleteRating_ShouldReturnInternalServerError_WhenExceptionIsThrown execution completed.
TpTrace Verbose: 0 : 5848, 16, 2024/07/03, 23:10:04.253, 372706492941, testhost.dll, TestExecutionRecorder.RecordStart: Starting test: P7CreateRestApi.Tests.RatingControllerTests.CreateRating_ShouldReturnBadRequest_WhenModelStateIsInvalid.
TpTrace Information: 0 : 5848, 16, 2024/07/03, 23:10:04.253, 372706493136, testhost.dll, Sending test run statistics
TpTrace Verbose: 0 : 5848, 16, 2024/07/03, 23:10:04.253, 372706495595, testhost.dll, TestRequestHandler.SendData: sending data from testhost: {"Version":7,"MessageType":"TestExecution.StatsChange","Payload":{"NewTestResults":[{"TestCase":{"Id":"98eb1b57-80d0-fe3f-19dd-c662eb2e09d4","FullyQualifiedName":"P7CreateRestApi.Tests.RuleNameControllerTests.UpdateRuleName_ShouldReturnOk_WhenUpdateIsSuccessful","DisplayName":"P7CreateRestApi.Tests.RuleNameControllerTests.UpdateRuleName_ShouldReturnOk_WhenUpdateIsSuccessful","ExecutorUri":"executor://xunit/VsTestRunner2/netcoreapp","Source":"C:\\Users\\brandon.ku\\source\\repos\\OCProjet7_Findexium\\P7CreateRestApi.Tests\\bin\\Debug\\net8.0\\fine-code-coverage\\build-output\\P7CreateRestApi.Tests.dll","CodeFilePath":null,"LineNumber":0,"Properties":[]},"Attachments":[],"Outcome":1,"ErrorMessage":null,"ErrorStackTrace":null,"DisplayName":"P7CreateRestApi.Tests.RuleNameControllerTests.UpdateRuleName_ShouldReturnOk_WhenUpdateIsSuccessful","Messages":[],"ComputerName":"PB22039","Duration":"00:00:00.0037388","StartTime":"2024-07-03T21:10:04.2402366+00:00","EndTime":"2024-07-03T21:10:04.2402367+00:00","Properties":[]},{"TestCase":{"Id":"8671fad5-a89c-9249-5bcb-1e185b89ade7","FullyQualifiedName":"P7CreateRestApi.Tests.RatingControllerTests.DeleteRating_ShouldReturnNotFound_WhenRatingDoesNotExist","DisplayName":"P7CreateRestApi.Tests.RatingControllerTests.DeleteRating_ShouldReturnNotFound_WhenRatingDoesNotExist","ExecutorUri":"executor://xunit/VsTestRunner2/netcoreapp","Source":"C:\\Users\\brandon.ku\\source\\repos\\OCProjet7_Findexium\\P7CreateRestApi.Tests\\bin\\Debug\\net8.0\\fine-code-coverage\\build-output\\P7CreateRestApi.Tests.dll","CodeFilePath":null,"LineNumber":0,"Properties":[]},"Attachments":[],"Outcome":1,"ErrorMessage":null,"ErrorStackTrace":null,"DisplayName":"P7CreateRestApi.Tests.RatingControllerTests.DeleteRating_ShouldReturnNotFound_WhenRatingDoesNotExist","Messages":[],"ComputerName":"PB22039","Duration":"00:00:00.0011474","StartTime":"2024-07-03T21:10:04.2421315+00:00","EndTime":"2024-07-03T21:10:04.2421316+00:00","Properties":[]},{"TestCase":{"Id":"80c0d35d-724c-9422-f5e1-925e0f0f9560","FullyQualifiedName":"P7CreateRestApi.Tests.CurveControllerTests.GetCurvePointById_ShouldReturnInternalServerError_WhenExceptionIsThrown","DisplayName":"P7CreateRestApi.Tests.CurveControllerTests.GetCurvePointById_ShouldReturnInternalServerError_WhenExceptionIsThrown","ExecutorUri":"executor://xunit/VsTestRunner2/netcoreapp","Source":"C:\\Users\\brandon.ku\\source\\repos\\OCProjet7_Findexium\\P7CreateRestApi.Tests\\bin\\Debug\\net8.0\\fine-code-coverage\\build-output\\P7CreateRestApi.Tests.dll","CodeFilePath":null,"LineNumber":0,"Properties":[]},"Attachments":[],"Outcome":1,"ErrorMessage":null,"ErrorStackTrace":null,"DisplayName":"P7CreateRestApi.Tests.CurveControllerTests.GetCurvePointById_ShouldReturnInternalServerError_WhenExceptionIsThrown","Messages":[],"ComputerName":"PB22039","Duration":"00:00:00.0015192","StartTime":"2024-07-03T21:10:04.2438549+00:00","EndTime":"2024-07-03T21:10:04.2438549+00:00","Properties":[]},{"TestCase":{"Id":"735f8d46-bbd7-df3b-9e37-01272c5d0b5c","FullyQualifiedName":"P7CreateRestApi.Tests.RatingControllerTests.CreateRating_ShouldReturnBadRequest_WhenRatingIsNull","DisplayName":"P7CreateRestApi.Tests.RatingControllerTests.CreateRating_ShouldReturnBadRequest_WhenRatingIsNull","ExecutorUri":"executor://xunit/VsTestRunner2/netcoreapp","Source":"C:\\Users\\brandon.ku\\source\\repos\\OCProjet7_Findexium\\P7CreateRestApi.Tests\\bin\\Debug\\net8.0\\fine-code-coverage\\build-output\\P7CreateRestApi.Tests.dll","CodeFilePath":null,"LineNumber":0,"Properties":[]},"Attachments":[],"Outcome":1,"ErrorMessage":null,"ErrorStackTrace":null,"DisplayName":"P7CreateRestApi.Tests.RatingControllerTests.CreateRating_ShouldReturnBadRequest_WhenRatingIsNull","Messages":[],"ComputerName":"PB22039","Duration":"00:00:00.0004469","StartTime":"2024-07-03T21:10:04.2463359+00:00","EndTime":"2024-07-03T21:10:04.246336+00:00","Properties":[]},{"TestCase":{"Id":"5ac6b9e9-abe2-d841-b5c4-2dbf62242aa9","FullyQualifiedName":"P7CreateRestApi.Tests.RuleNameControllerTests.DeleteRuleName_ShouldReturnNotFound_WhenRuleNameDoesNotExist","DisplayName":"P7CreateRestApi.Tests.RuleNameControllerTests.DeleteRuleName_ShouldReturnNotFound_WhenRuleNameDoesNotExist","ExecutorUri":"executor://xunit/VsTestRunner2/netcoreapp","Source":"C:\\Users\\brandon.ku\\source\\repos\\OCProjet7_Findexium\\P7CreateRestApi.Tests\\bin\\Debug\\net8.0\\fine-code-coverage\\build-output\\P7CreateRestApi.Tests.dll","CodeFilePath":null,"LineNumber":0,"Properties":[]},"Attachments":[],"Outcome":1,"ErrorMessage":null,"ErrorStackTrace":null,"DisplayName":"P7CreateRestApi.Tests.RuleNameControllerTests.DeleteRuleName_ShouldReturnNotFound_WhenRuleNameDoesNotExist","Messages":[],"ComputerName":"PB22039","Duration":"00:00:00.0009459","StartTime":"2024-07-03T21:10:04.2485453+00:00","EndTime":"2024-07-03T21:10:04.2485454+00:00","Properties":[]},{"TestCase":{"Id":"f4a2b944-2126-6681-e14d-1585955cc8bf","FullyQualifiedName":"P7CreateRestApi.Tests.RuleNameControllerTests.UpdateRuleName_ShouldReturnBadRequest_WhenIdMismatchOccurs","DisplayName":"P7CreateRestApi.Tests.RuleNameControllerTests.UpdateRuleName_ShouldReturnBadRequest_WhenIdMismatchOccurs","ExecutorUri":"executor://xunit/VsTestRunner2/netcoreapp","Source":"C:\\Users\\brandon.ku\\source\\repos\\OCProjet7_Findexium\\P7CreateRestApi.Tests\\bin\\Debug\\net8.0\\fine-code-coverage\\build-output\\P7CreateRestApi.Tests.dll","CodeFilePath":null,"LineNumber":0,"Properties":[]},"Attachments":[],"Outcome":1,"ErrorMessage":null,"ErrorStackTrace":null,"DisplayName":"P7CreateRestApi.Tests.RuleNameControllerTests.UpdateRuleName_ShouldReturnBadRequest_WhenIdMismatchOccurs","Messages":[],"ComputerName":"PB22039","Duration":"00:00:00.0005016","StartTime":"2024-07-03T21:10:04.2503542+00:00","EndTime":"2024-07-03T21:10:04.2503543+00:00","Properties":[]},{"TestCase":{"Id":"8e90ced0-ad6f-0f34-2311-fcf76f59a638","FullyQualifiedName":"P7CreateRestApi.Tests.RatingControllerTests.DeleteRating_ShouldReturnInternalServerError_WhenExceptionIsThrown","DisplayName":"P7CreateRestApi.Tests.RatingControllerTests.DeleteRating_ShouldReturnInternalServerError_WhenExceptionIsThrown","ExecutorUri":"executor://xunit/VsTestRunner2/netcoreapp","Source":"C:\\Users\\brandon.ku\\source\\repos\\OCProjet7_Findexium\\P7CreateRestApi.Tests\\bin\\Debug\\net8.0\\fine-code-coverage\\build-output\\P7CreateRestApi.Tests.dll","CodeFilePath":null,"LineNumber":0,"Properties":[]},"Attachments":[],"Outcome":1,"ErrorMessage":null,"ErrorStackTrace":null,"DisplayName":"P7CreateRestApi.Tests.RatingControllerTests.DeleteRating_ShouldReturnInternalServerError_WhenExceptionIsThrown","Messages":[],"ComputerName":"PB22039","Duration":"00:00:00.0010182","StartTime":"2024-07-03T21:10:04.2521449+00:00","EndTime":"2024-07-03T21:10:04.2521449+00:00","Properties":[]}],"TestRunStatistics":{"ExecutedTests":38,"Stats":{"Passed":38}},"ActiveTests":[{"Id":"43ad2954-1427-403a-982e-02d035cc5056","FullyQualifiedName":"P7CreateRestApi.Tests.CurveControllerTests.GetCurvePointById_ShouldReturnOk_WhenCurvePointExists","DisplayName":"P7CreateRestApi.Tests.CurveControllerTests.GetCurvePointById_ShouldReturnOk_WhenCurvePointExists","ExecutorUri":"executor://xunit/VsTestRunner2/netcoreapp","Source":"C:\\Users\\brandon.ku\\source\\repos\\OCProjet7_Findexium\\P7CreateRestApi.Tests\\bin\\Debug\\net8.0\\fine-code-coverage\\build-output\\P7CreateRestApi.Tests.dll","CodeFilePath":null,"LineNumber":0,"Properties":[]},{"Id":"6833dcf9-d0e5-2bcc-0bbc-8cf2c86e54b0","FullyQualifiedName":"P7CreateRestApi.Tests.RuleNameControllerTests.GetRuleNameById_ShouldReturnNotFound_WhenRuleNameDoesNotExist","DisplayName":"P7CreateRestApi.Tests.RuleNameControllerTests.GetRuleNameById_ShouldReturnNotFound_WhenRuleNameDoesNotExist","ExecutorUri":"executor://xunit/VsTestRunner2/netcoreapp","Source":"C:\\Users\\brandon.ku\\source\\repos\\OCProjet7_Findexium\\P7CreateRestApi.Tests\\bin\\Debug\\net8.0\\fine-code-coverage\\build-output\\P7CreateRestApi.Tests.dll","CodeFilePath":null,"LineNumber":0,"Properties":[]},{"Id":"64c28af0-617e-7d1a-2385-de993d1aca5d","FullyQualifiedName":"P7CreateRestApi.Tests.RatingControllerTests.CreateRating_ShouldReturnBadRequest_WhenModelStateIsInvalid","DisplayName":"P7CreateRestApi.Tests.RatingControllerTests.CreateRating_ShouldReturnBadRequest_WhenModelStateIsInvalid","ExecutorUri":"executor://xunit/VsTestRunner2/netcoreapp","Source":"C:\\Users\\brandon.ku\\source\\repos\\OCProjet7_Findexium\\P7CreateRestApi.Tests\\bin\\Debug\\net8.0\\fine-code-coverage\\build-output\\P7CreateRestApi.Tests.dll","CodeFilePath":null,"LineNumber":0,"Properties":[]}]}}
TpTrace Verbose: 0 : 5848, 16, 2024/07/03, 23:10:04.253, 372706496707, testhost.dll, TestRunCache: OnNewTestResult: Notified the onCacheHit callback.
TpTrace Verbose: 0 : 5848, 16, 2024/07/03, 23:10:04.254, 372706505013, testhost.dll, MulticastDelegateUtilities.SafeInvoke: TestCaseEventsHandler.RaiseTestCaseStart: Invoking callback 1/1 for Microsoft.VisualStudio.TestPlatform.CrossPlatEngine.DataCollection.ProxyOutOfProcDataCollectionManager., took 0 ms.
TpTrace Verbose: 0 : 5848, 16, 2024/07/03, 23:10:04.254, 372706505702, testhost.dll, TestExecutionRecorder.RecordResult: Received result for test: P7CreateRestApi.Tests.RuleNameControllerTests.GetRuleNameById_ShouldReturnNotFound_WhenRuleNameDoesNotExist.
TpTrace Verbose: 0 : 5848, 16, 2024/07/03, 23:10:04.255, 372706514078, testhost.dll, MulticastDelegateUtilities.SafeInvoke: TestCaseEventsHandler.RaiseTestCaseEnd: Invoking callback 1/1 for Microsoft.VisualStudio.TestPlatform.CrossPlatEngine.DataCollection.ProxyOutOfProcDataCollectionManager., took 0 ms.
TpTrace Verbose: 0 : 5848, 16, 2024/07/03, 23:10:04.255, 372706515086, testhost.dll, MulticastDelegateUtilities.SafeInvoke: TestCaseEventsHandler.RaiseTestCaseEnd: Invoking callback 1/1 for Microsoft.VisualStudio.TestPlatform.CrossPlatEngine.DataCollection.ProxyOutOfProcDataCollectionManager., took 0 ms.
TpTrace Warning: 0 : 5848, 16, 2024/07/03, 23:10:04.255, 372706515379, testhost.dll, TestRunCache: InProgressTests is null
TpTrace Warning: 0 : 5848, 16, 2024/07/03, 23:10:04.255, 372706515529, testhost.dll, TestRunCache: No test found corresponding to testResult 'P7CreateRestApi.Tests.RuleNameControllerTests.GetRuleNameById_ShouldReturnNotFound_WhenRuleNameDoesNotExist' in inProgress list.
TpTrace Verbose: 0 : 5848, 16, 2024/07/03, 23:10:04.255, 372706515836, testhost.dll, TestExecutionRecorder.RecordEnd: test: P7CreateRestApi.Tests.RuleNameControllerTests.GetRuleNameById_ShouldReturnNotFound_WhenRuleNameDoesNotExist execution completed.
TpTrace Warning: 0 : 5848, 16, 2024/07/03, 23:10:04.255, 372706515997, testhost.dll, TestRunCache: InProgressTests is null
TpTrace Verbose: 0 : 5848, 16, 2024/07/03, 23:10:04.255, 372706516231, testhost.dll, TestExecutionRecorder.RecordStart: Starting test: P7CreateRestApi.Tests.RuleNameControllerTests.CreateRuleName_ShouldReturnBadRequest_WhenModelStateIsInvalid.
TpTrace Verbose: 0 : 5848, 16, 2024/07/03, 23:10:04.256, 372706524331, testhost.dll, MulticastDelegateUtilities.SafeInvoke: TestCaseEventsHandler.RaiseTestCaseStart: Invoking callback 1/1 for Microsoft.VisualStudio.TestPlatform.CrossPlatEngine.DataCollection.ProxyOutOfProcDataCollectionManager., took 0 ms.
TpTrace Verbose: 0 : 5848, 16, 2024/07/03, 23:10:04.256, 372706525105, testhost.dll, TestExecutionRecorder.RecordResult: Received result for test: P7CreateRestApi.Tests.RatingControllerTests.CreateRating_ShouldReturnBadRequest_WhenModelStateIsInvalid.
TpTrace Verbose: 0 : 5848, 16, 2024/07/03, 23:10:04.257, 372706533619, testhost.dll, MulticastDelegateUtilities.SafeInvoke: TestCaseEventsHandler.RaiseTestCaseEnd: Invoking callback 1/1 for Microsoft.VisualStudio.TestPlatform.CrossPlatEngine.DataCollection.ProxyOutOfProcDataCollectionManager., took 0 ms.
TpTrace Verbose: 0 : 5848, 16, 2024/07/03, 23:10:04.257, 372706534176, testhost.dll, MulticastDelegateUtilities.SafeInvoke: TestCaseEventsHandler.RaiseTestCaseEnd: Invoking callback 1/1 for Microsoft.VisualStudio.TestPlatform.CrossPlatEngine.DataCollection.ProxyOutOfProcDataCollectionManager., took 0 ms.
TpTrace Warning: 0 : 5848, 16, 2024/07/03, 23:10:04.257, 372706534417, testhost.dll, TestRunCache: No test found corresponding to testResult 'P7CreateRestApi.Tests.RatingControllerTests.CreateRating_ShouldReturnBadRequest_WhenModelStateIsInvalid' in inProgress list.
TpTrace Verbose: 0 : 5848, 16, 2024/07/03, 23:10:04.257, 372706534758, testhost.dll, TestExecutionRecorder.RecordEnd: test: P7CreateRestApi.Tests.RatingControllerTests.CreateRating_ShouldReturnBadRequest_WhenModelStateIsInvalid execution completed.
TpTrace Verbose: 0 : 5848, 16, 2024/07/03, 23:10:04.257, 372706535010, testhost.dll, TestExecutionRecorder.RecordStart: Starting test: P7CreateRestApi.Tests.RatingControllerTests.UpdateRating_ShouldReturnOk_WhenUpdateIsSuccessful.
TpTrace Verbose: 0 : 5848, 16, 2024/07/03, 23:10:04.258, 372706542936, testhost.dll, MulticastDelegateUtilities.SafeInvoke: TestCaseEventsHandler.RaiseTestCaseStart: Invoking callback 1/1 for Microsoft.VisualStudio.TestPlatform.CrossPlatEngine.DataCollection.ProxyOutOfProcDataCollectionManager., took 0 ms.
TpTrace Verbose: 0 : 5848, 16, 2024/07/03, 23:10:04.258, 372706543634, testhost.dll, TestExecutionRecorder.RecordResult: Received result for test: P7CreateRestApi.Tests.RuleNameControllerTests.CreateRuleName_ShouldReturnBadRequest_WhenModelStateIsInvalid.
TpTrace Verbose: 0 : 5848, 16, 2024/07/03, 23:10:04.259, 372706552012, testhost.dll, MulticastDelegateUtilities.SafeInvoke: TestCaseEventsHandler.RaiseTestCaseEnd: Invoking callback 1/1 for Microsoft.VisualStudio.TestPlatform.CrossPlatEngine.DataCollection.ProxyOutOfProcDataCollectionManager., took 0 ms.
TpTrace Verbose: 0 : 5848, 16, 2024/07/03, 23:10:04.259, 372706552557, testhost.dll, MulticastDelegateUtilities.SafeInvoke: TestCaseEventsHandler.RaiseTestCaseEnd: Invoking callback 1/1 for Microsoft.VisualStudio.TestPlatform.CrossPlatEngine.DataCollection.ProxyOutOfProcDataCollectionManager., took 0 ms.
TpTrace Verbose: 0 : 5848, 16, 2024/07/03, 23:10:04.259, 372706552923, testhost.dll, TestExecutionRecorder.RecordEnd: test: P7CreateRestApi.Tests.RuleNameControllerTests.CreateRuleName_ShouldReturnBadRequest_WhenModelStateIsInvalid execution completed.
TpTrace Verbose: 0 : 5848, 16, 2024/07/03, 23:10:04.259, 372706553190, testhost.dll, TestExecutionRecorder.RecordStart: Starting test: P7CreateRestApi.Tests.RuleNameControllerTests.UpdateRuleName_ShouldReturnInternalServerError_WhenExceptionIsThrown.
TpTrace Verbose: 0 : 5848, 16, 2024/07/03, 23:10:04.259, 372706561376, testhost.dll, MulticastDelegateUtilities.SafeInvoke: TestCaseEventsHandler.RaiseTestCaseStart: Invoking callback 1/1 for Microsoft.VisualStudio.TestPlatform.CrossPlatEngine.DataCollection.ProxyOutOfProcDataCollectionManager., took 0 ms.
TpTrace Verbose: 0 : 5848, 16, 2024/07/03, 23:10:04.260, 372706562083, testhost.dll, TestExecutionRecorder.RecordResult: Received result for test: P7CreateRestApi.Tests.BidListControllerTests.UpdateBid_ShouldReturnNoContent_WhenBidIsValid.
TpTrace Verbose: 0 : 5848, 16, 2024/07/03, 23:10:04.260, 372706570310, testhost.dll, MulticastDelegateUtilities.SafeInvoke: TestCaseEventsHandler.RaiseTestCaseEnd: Invoking callback 1/1 for Microsoft.VisualStudio.TestPlatform.CrossPlatEngine.DataCollection.ProxyOutOfProcDataCollectionManager., took 0 ms.
TpTrace Verbose: 0 : 5848, 16, 2024/07/03, 23:10:04.260, 372706570854, testhost.dll, MulticastDelegateUtilities.SafeInvoke: TestCaseEventsHandler.RaiseTestCaseEnd: Invoking callback 1/1 for Microsoft.VisualStudio.TestPlatform.CrossPlatEngine.DataCollection.ProxyOutOfProcDataCollectionManager., took 0 ms.
TpTrace Warning: 0 : 5848, 16, 2024/07/03, 23:10:04.260, 372706571107, testhost.dll, TestRunCache: No test found corresponding to testResult 'P7CreateRestApi.Tests.BidListControllerTests.UpdateBid_ShouldReturnNoContent_WhenBidIsValid' in inProgress list.
TpTrace Verbose: 0 : 5848, 16, 2024/07/03, 23:10:04.260, 372706571386, testhost.dll, TestExecutionRecorder.RecordEnd: test: P7CreateRestApi.Tests.BidListControllerTests.UpdateBid_ShouldReturnNoContent_WhenBidIsValid execution completed.
TpTrace Verbose: 0 : 5848, 16, 2024/07/03, 23:10:04.261, 372706571629, testhost.dll, TestExecutionRecorder.RecordStart: Starting test: P7CreateRestApi.Tests.BidListControllerTests.UpdateBid_ShouldReturnBadRequest_WhenBidIsInvalid.
TpTrace Verbose: 0 : 5848, 16, 2024/07/03, 23:10:04.261, 372706579534, testhost.dll, MulticastDelegateUtilities.SafeInvoke: TestCaseEventsHandler.RaiseTestCaseStart: Invoking callback 1/1 for Microsoft.VisualStudio.TestPlatform.CrossPlatEngine.DataCollection.ProxyOutOfProcDataCollectionManager., took 0 ms.
TpTrace Verbose: 0 : 5848, 16, 2024/07/03, 23:10:04.261, 372706580172, testhost.dll, TestExecutionRecorder.RecordResult: Received result for test: P7CreateRestApi.Tests.RatingControllerTests.UpdateRating_ShouldReturnOk_WhenUpdateIsSuccessful.
TpTrace Verbose: 0 : 5848, 16, 2024/07/03, 23:10:04.262, 372706590434, testhost.dll, MulticastDelegateUtilities.SafeInvoke: TestCaseEventsHandler.RaiseTestCaseEnd: Invoking callback 1/1 for Microsoft.VisualStudio.TestPlatform.CrossPlatEngine.DataCollection.ProxyOutOfProcDataCollectionManager., took 0 ms.
TpTrace Verbose: 0 : 5848, 16, 2024/07/03, 23:10:04.263, 372706591936, testhost.dll, MulticastDelegateUtilities.SafeInvoke: TestCaseEventsHandler.RaiseTestCaseEnd: Invoking callback 1/1 for Microsoft.VisualStudio.TestPlatform.CrossPlatEngine.DataCollection.ProxyOutOfProcDataCollectionManager., took 0 ms.
TpTrace Verbose: 0 : 5848, 16, 2024/07/03, 23:10:04.263, 372706592508, testhost.dll, TestExecutionRecorder.RecordEnd: test: P7CreateRestApi.Tests.RatingControllerTests.UpdateRating_ShouldReturnOk_WhenUpdateIsSuccessful execution completed.
TpTrace Verbose: 0 : 5848, 16, 2024/07/03, 23:10:04.263, 372706592920, testhost.dll, TestExecutionRecorder.RecordResult: Received result for test: P7CreateRestApi.Tests.RuleNameControllerTests.UpdateRuleName_ShouldReturnInternalServerError_WhenExceptionIsThrown.
TpTrace Verbose: 0 : 5848, 16, 2024/07/03, 23:10:04.264, 372706602824, testhost.dll, MulticastDelegateUtilities.SafeInvoke: TestCaseEventsHandler.RaiseTestCaseEnd: Invoking callback 1/1 for Microsoft.VisualStudio.TestPlatform.CrossPlatEngine.DataCollection.ProxyOutOfProcDataCollectionManager., took 0 ms.
TpTrace Verbose: 0 : 5848, 16, 2024/07/03, 23:10:04.264, 372706603379, testhost.dll, MulticastDelegateUtilities.SafeInvoke: TestCaseEventsHandler.RaiseTestCaseEnd: Invoking callback 1/1 for Microsoft.VisualStudio.TestPlatform.CrossPlatEngine.DataCollection.ProxyOutOfProcDataCollectionManager., took 0 ms.
TpTrace Verbose: 0 : 5848, 16, 2024/07/03, 23:10:04.264, 372706603784, testhost.dll, TestExecutionRecorder.RecordEnd: test: P7CreateRestApi.Tests.RuleNameControllerTests.UpdateRuleName_ShouldReturnInternalServerError_WhenExceptionIsThrown execution completed.
TpTrace Verbose: 0 : 5848, 16, 2024/07/03, 23:10:04.264, 372706604012, testhost.dll, TestExecutionRecorder.RecordStart: Starting test: P7CreateRestApi.Tests.RatingControllerTests.UpdateRating_ShouldReturnBadRequest_WhenRatingIsNull.
TpTrace Verbose: 0 : 5848, 16, 2024/07/03, 23:10:04.265, 372706613984, testhost.dll, MulticastDelegateUtilities.SafeInvoke: TestCaseEventsHandler.RaiseTestCaseStart: Invoking callback 1/1 for Microsoft.VisualStudio.TestPlatform.CrossPlatEngine.DataCollection.ProxyOutOfProcDataCollectionManager., took 0 ms.
TpTrace Verbose: 0 : 5848, 16, 2024/07/03, 23:10:04.265, 372706615246, testhost.dll, TestExecutionRecorder.RecordStart: Starting test: P7CreateRestApi.Tests.RuleNameControllerTests.DeleteRuleName_ShouldReturnInternalServerError_WhenExceptionIsThrown.
TpTrace Verbose: 0 : 5848, 16, 2024/07/03, 23:10:04.266, 372706630168, testhost.dll, MulticastDelegateUtilities.SafeInvoke: TestCaseEventsHandler.RaiseTestCaseStart: Invoking callback 1/1 for Microsoft.VisualStudio.TestPlatform.CrossPlatEngine.DataCollection.ProxyOutOfProcDataCollectionManager., took 1 ms.
TpTrace Verbose: 0 : 5848, 16, 2024/07/03, 23:10:04.266, 372706631627, testhost.dll, TestExecutionRecorder.RecordResult: Received result for test: P7CreateRestApi.Tests.RatingControllerTests.UpdateRating_ShouldReturnBadRequest_WhenRatingIsNull.
TpTrace Verbose: 0 : 5848, 16, 2024/07/03, 23:10:04.268, 372706646540, testhost.dll, MulticastDelegateUtilities.SafeInvoke: TestCaseEventsHandler.RaiseTestCaseEnd: Invoking callback 1/1 for Microsoft.VisualStudio.TestPlatform.CrossPlatEngine.DataCollection.ProxyOutOfProcDataCollectionManager., took 1 ms.
TpTrace Verbose: 0 : 5848, 16, 2024/07/03, 23:10:04.268, 372706647174, testhost.dll, MulticastDelegateUtilities.SafeInvoke: TestCaseEventsHandler.RaiseTestCaseEnd: Invoking callback 1/1 for Microsoft.VisualStudio.TestPlatform.CrossPlatEngine.DataCollection.ProxyOutOfProcDataCollectionManager., took 0 ms.
TpTrace Verbose: 0 : 5848, 16, 2024/07/03, 23:10:04.268, 372706647661, testhost.dll, TestExecutionRecorder.RecordEnd: test: P7CreateRestApi.Tests.RatingControllerTests.UpdateRating_ShouldReturnBadRequest_WhenRatingIsNull execution completed.
TpTrace Verbose: 0 : 5848, 16, 2024/07/03, 23:10:04.268, 372706647947, testhost.dll, TestExecutionRecorder.RecordStart: Starting test: P7CreateRestApi.Tests.RatingControllerTests.GetRatingById_ShouldReturnOk_WhenRatingExists.
TpTrace Information: 0 : 5848, 16, 2024/07/03, 23:10:04.268, 372706648151, testhost.dll, Sending test run statistics
TpTrace Verbose: 0 : 5848, 16, 2024/07/03, 23:10:04.268, 372706650647, testhost.dll, TestRequestHandler.SendData: sending data from testhost: {"Version":7,"MessageType":"TestExecution.StatsChange","Payload":{"NewTestResults":[{"TestCase":{"Id":"6833dcf9-d0e5-2bcc-0bbc-8cf2c86e54b0","FullyQualifiedName":"P7CreateRestApi.Tests.RuleNameControllerTests.GetRuleNameById_ShouldReturnNotFound_WhenRuleNameDoesNotExist","DisplayName":"P7CreateRestApi.Tests.RuleNameControllerTests.GetRuleNameById_ShouldReturnNotFound_WhenRuleNameDoesNotExist","ExecutorUri":"executor://xunit/VsTestRunner2/netcoreapp","Source":"C:\\Users\\brandon.ku\\source\\repos\\OCProjet7_Findexium\\P7CreateRestApi.Tests\\bin\\Debug\\net8.0\\fine-code-coverage\\build-output\\P7CreateRestApi.Tests.dll","CodeFilePath":null,"LineNumber":0,"Properties":[]},"Attachments":[],"Outcome":1,"ErrorMessage":null,"ErrorStackTrace":null,"DisplayName":"P7CreateRestApi.Tests.RuleNameControllerTests.GetRuleNameById_ShouldReturnNotFound_WhenRuleNameDoesNotExist","Messages":[],"ComputerName":"PB22039","Duration":"00:00:00.0004975","StartTime":"2024-07-03T21:10:04.2544044+00:00","EndTime":"2024-07-03T21:10:04.2544045+00:00","Properties":[]},{"TestCase":{"Id":"64c28af0-617e-7d1a-2385-de993d1aca5d","FullyQualifiedName":"P7CreateRestApi.Tests.RatingControllerTests.CreateRating_ShouldReturnBadRequest_WhenModelStateIsInvalid","DisplayName":"P7CreateRestApi.Tests.RatingControllerTests.CreateRating_ShouldReturnBadRequest_WhenModelStateIsInvalid","ExecutorUri":"executor://xunit/VsTestRunner2/netcoreapp","Source":"C:\\Users\\brandon.ku\\source\\repos\\OCProjet7_Findexium\\P7CreateRestApi.Tests\\bin\\Debug\\net8.0\\fine-code-coverage\\build-output\\P7CreateRestApi.Tests.dll","CodeFilePath":null,"LineNumber":0,"Properties":[]},"Attachments":[],"Outcome":1,"ErrorMessage":null,"ErrorStackTrace":null,"DisplayName":"P7CreateRestApi.Tests.RatingControllerTests.CreateRating_ShouldReturnBadRequest_WhenModelStateIsInvalid","Messages":[],"ComputerName":"PB22039","Duration":"00:00:00.0005328","StartTime":"2024-07-03T21:10:04.2563439+00:00","EndTime":"2024-07-03T21:10:04.2563439+00:00","Properties":[]},{"TestCase":{"Id":"d8b7842e-0325-f51a-53ca-71685f2a93a8","FullyQualifiedName":"P7CreateRestApi.Tests.RuleNameControllerTests.CreateRuleName_ShouldReturnBadRequest_WhenModelStateIsInvalid","DisplayName":"P7CreateRestApi.Tests.RuleNameControllerTests.CreateRuleName_ShouldReturnBadRequest_WhenModelStateIsInvalid","ExecutorUri":"executor://xunit/VsTestRunner2/netcoreapp","Source":"C:\\Users\\brandon.ku\\source\\repos\\OCProjet7_Findexium\\P7CreateRestApi.Tests\\bin\\Debug\\net8.0\\fine-code-coverage\\build-output\\P7CreateRestApi.Tests.dll","CodeFilePath":null,"LineNumber":0,"Properties":[]},"Attachments":[],"Outcome":1,"ErrorMessage":null,"ErrorStackTrace":null,"DisplayName":"P7CreateRestApi.Tests.RuleNameControllerTests.CreateRuleName_ShouldReturnBadRequest_WhenModelStateIsInvalid","Messages":[],"ComputerName":"PB22039","Duration":"00:00:00.0003995","StartTime":"2024-07-03T21:10:04.2581974+00:00","EndTime":"2024-07-03T21:10:04.2581975+00:00","Properties":[]},{"TestCase":{"Id":"12c6e959-9a79-5ab3-cd1c-736fd703afae","FullyQualifiedName":"P7CreateRestApi.Tests.BidListControllerTests.UpdateBid_ShouldReturnNoContent_WhenBidIsValid","DisplayName":"P7CreateRestApi.Tests.BidListControllerTests.UpdateBid_ShouldReturnNoContent_WhenBidIsValid","ExecutorUri":"executor://xunit/VsTestRunner2/netcoreapp","Source":"C:\\Users\\brandon.ku\\source\\repos\\OCProjet7_Findexium\\P7CreateRestApi.Tests\\bin\\Debug\\net8.0\\fine-code-coverage\\build-output\\P7CreateRestApi.Tests.dll","CodeFilePath":null,"LineNumber":0,"Properties":[]},"Attachments":[],"Outcome":1,"ErrorMessage":null,"ErrorStackTrace":null,"DisplayName":"P7CreateRestApi.Tests.BidListControllerTests.UpdateBid_ShouldReturnNoContent_WhenBidIsValid","Messages":[],"ComputerName":"PB22039","Duration":"00:00:00.0065742","StartTime":"2024-07-03T21:10:04.2600424+00:00","EndTime":"2024-07-03T21:10:04.2600425+00:00","Properties":[]},{"TestCase":{"Id":"baa4f1e6-b8e5-e956-8ef8-06093465870c","FullyQualifiedName":"P7CreateRestApi.Tests.RatingControllerTests.UpdateRating_ShouldReturnOk_WhenUpdateIsSuccessful","DisplayName":"P7CreateRestApi.Tests.RatingControllerTests.UpdateRating_ShouldReturnOk_WhenUpdateIsSuccessful","ExecutorUri":"executor://xunit/VsTestRunner2/netcoreapp","Source":"C:\\Users\\brandon.ku\\source\\repos\\OCProjet7_Findexium\\P7CreateRestApi.Tests\\bin\\Debug\\net8.0\\fine-code-coverage\\build-output\\P7CreateRestApi.Tests.dll","CodeFilePath":null,"LineNumber":0,"Properties":[]},"Attachments":[],"Outcome":1,"ErrorMessage":null,"ErrorStackTrace":null,"DisplayName":"P7CreateRestApi.Tests.RatingControllerTests.UpdateRating_ShouldReturnOk_WhenUpdateIsSuccessful","Messages":[],"ComputerName":"PB22039","Duration":"00:00:00.0013655","StartTime":"2024-07-03T21:10:04.2618513+00:00","EndTime":"2024-07-03T21:10:04.2618514+00:00","Properties":[]},{"TestCase":{"Id":"031001cc-5d0b-6238-e79b-f4c13cb7ca37","FullyQualifiedName":"P7CreateRestApi.Tests.RuleNameControllerTests.UpdateRuleName_ShouldReturnInternalServerError_WhenExceptionIsThrown","DisplayName":"P7CreateRestApi.Tests.RuleNameControllerTests.UpdateRuleName_ShouldReturnInternalServerError_WhenExceptionIsThrown","ExecutorUri":"executor://xunit/VsTestRunner2/netcoreapp","Source":"C:\\Users\\brandon.ku\\source\\repos\\OCProjet7_Findexium\\P7CreateRestApi.Tests\\bin\\Debug\\net8.0\\fine-code-coverage\\build-output\\P7CreateRestApi.Tests.dll","CodeFilePath":null,"LineNumber":0,"Properties":[]},"Attachments":[],"Outcome":1,"ErrorMessage":null,"ErrorStackTrace":null,"DisplayName":"P7CreateRestApi.Tests.RuleNameControllerTests.UpdateRuleName_ShouldReturnInternalServerError_WhenExceptionIsThrown","Messages":[],"ComputerName":"PB22039","Duration":"00:00:00.0011021","StartTime":"2024-07-03T21:10:04.2631259+00:00","EndTime":"2024-07-03T21:10:04.263126+00:00","Properties":[]},{"TestCase":{"Id":"d98fbddd-58ff-de9c-af84-bac7101fe18e","FullyQualifiedName":"P7CreateRestApi.Tests.RatingControllerTests.UpdateRating_ShouldReturnBadRequest_WhenRatingIsNull","DisplayName":"P7CreateRestApi.Tests.RatingControllerTests.UpdateRating_ShouldReturnBadRequest_WhenRatingIsNull","ExecutorUri":"executor://xunit/VsTestRunner2/netcoreapp","Source":"C:\\Users\\brandon.ku\\source\\repos\\OCProjet7_Findexium\\P7CreateRestApi.Tests\\bin\\Debug\\net8.0\\fine-code-coverage\\build-output\\P7CreateRestApi.Tests.dll","CodeFilePath":null,"LineNumber":0,"Properties":[]},"Attachments":[],"Outcome":1,"ErrorMessage":null,"ErrorStackTrace":null,"DisplayName":"P7CreateRestApi.Tests.RatingControllerTests.UpdateRating_ShouldReturnBadRequest_WhenRatingIsNull","Messages":[],"ComputerName":"PB22039","Duration":"00:00:00.0004113","StartTime":"2024-07-03T21:10:04.2669911+00:00","EndTime":"2024-07-03T21:10:04.2669912+00:00","Properties":[]}],"TestRunStatistics":{"ExecutedTests":45,"Stats":{"Passed":45}},"ActiveTests":[{"Id":"a3e7ad76-d15f-211f-1eea-c5ced5e83268","FullyQualifiedName":"P7CreateRestApi.Tests.BidListControllerTests.UpdateBid_ShouldReturnBadRequest_WhenBidIsInvalid","DisplayName":"P7CreateRestApi.Tests.BidListControllerTests.UpdateBid_ShouldReturnBadRequest_WhenBidIsInvalid","ExecutorUri":"executor://xunit/VsTestRunner2/netcoreapp","Source":"C:\\Users\\brandon.ku\\source\\repos\\OCProjet7_Findexium\\P7CreateRestApi.Tests\\bin\\Debug\\net8.0\\fine-code-coverage\\build-output\\P7CreateRestApi.Tests.dll","CodeFilePath":null,"LineNumber":0,"Properties":[]},{"Id":"cae32895-b18d-1836-1da3-df1ada44f746","FullyQualifiedName":"P7CreateRestApi.Tests.RuleNameControllerTests.DeleteRuleName_ShouldReturnInternalServerError_WhenExceptionIsThrown","DisplayName":"P7CreateRestApi.Tests.RuleNameControllerTests.DeleteRuleName_ShouldReturnInternalServerError_WhenExceptionIsThrown","ExecutorUri":"executor://xunit/VsTestRunner2/netcoreapp","Source":"C:\\Users\\brandon.ku\\source\\repos\\OCProjet7_Findexium\\P7CreateRestApi.Tests\\bin\\Debug\\net8.0\\fine-code-coverage\\build-output\\P7CreateRestApi.Tests.dll","CodeFilePath":null,"LineNumber":0,"Properties":[]},{"Id":"f76dd0b3-63e8-03e8-08c5-6836856a8d9b","FullyQualifiedName":"P7CreateRestApi.Tests.RatingControllerTests.GetRatingById_ShouldReturnOk_WhenRatingExists","DisplayName":"P7CreateRestApi.Tests.RatingControllerTests.GetRatingById_ShouldReturnOk_WhenRatingExists","ExecutorUri":"executor://xunit/VsTestRunner2/netcoreapp","Source":"C:\\Users\\brandon.ku\\source\\repos\\OCProjet7_Findexium\\P7CreateRestApi.Tests\\bin\\Debug\\net8.0\\fine-code-coverage\\build-output\\P7CreateRestApi.Tests.dll","CodeFilePath":null,"LineNumber":0,"Properties":[]}]}}
TpTrace Verbose: 0 : 5848, 16, 2024/07/03, 23:10:04.269, 372706651814, testhost.dll, TestRunCache: OnNewTestResult: Notified the onCacheHit callback.
TpTrace Verbose: 0 : 5848, 16, 2024/07/03, 23:10:04.269, 372706659498, testhost.dll, MulticastDelegateUtilities.SafeInvoke: TestCaseEventsHandler.RaiseTestCaseStart: Invoking callback 1/1 for Microsoft.VisualStudio.TestPlatform.CrossPlatEngine.DataCollection.ProxyOutOfProcDataCollectionManager., took 0 ms.
TpTrace Verbose: 0 : 5848, 16, 2024/07/03, 23:10:04.269, 372706660277, testhost.dll, TestExecutionRecorder.RecordResult: Received result for test: P7CreateRestApi.Tests.BidListControllerTests.UpdateBid_ShouldReturnBadRequest_WhenBidIsInvalid.
TpTrace Verbose: 0 : 5848, 16, 2024/07/03, 23:10:04.270, 372706670389, testhost.dll, MulticastDelegateUtilities.SafeInvoke: TestCaseEventsHandler.RaiseTestCaseEnd: Invoking callback 1/1 for Microsoft.VisualStudio.TestPlatform.CrossPlatEngine.DataCollection.ProxyOutOfProcDataCollectionManager., took 0 ms.
TpTrace Verbose: 0 : 5848, 16, 2024/07/03, 23:10:04.270, 372706670909, testhost.dll, MulticastDelegateUtilities.SafeInvoke: TestCaseEventsHandler.RaiseTestCaseEnd: Invoking callback 1/1 for Microsoft.VisualStudio.TestPlatform.CrossPlatEngine.DataCollection.ProxyOutOfProcDataCollectionManager., took 0 ms.
TpTrace Warning: 0 : 5848, 16, 2024/07/03, 23:10:04.270, 372706671148, testhost.dll, TestRunCache: InProgressTests is null
TpTrace Warning: 0 : 5848, 16, 2024/07/03, 23:10:04.270, 372706671306, testhost.dll, TestRunCache: No test found corresponding to testResult 'P7CreateRestApi.Tests.BidListControllerTests.UpdateBid_ShouldReturnBadRequest_WhenBidIsInvalid' in inProgress list.
TpTrace Verbose: 0 : 5848, 16, 2024/07/03, 23:10:04.270, 372706671593, testhost.dll, TestExecutionRecorder.RecordEnd: test: P7CreateRestApi.Tests.BidListControllerTests.UpdateBid_ShouldReturnBadRequest_WhenBidIsInvalid execution completed.
TpTrace Warning: 0 : 5848, 16, 2024/07/03, 23:10:04.271, 372706671737, testhost.dll, TestRunCache: InProgressTests is null
TpTrace Verbose: 0 : 5848, 16, 2024/07/03, 23:10:04.271, 372706672029, testhost.dll, TestExecutionRecorder.RecordResult: Received result for test: P7CreateRestApi.Tests.RatingControllerTests.GetRatingById_ShouldReturnOk_WhenRatingExists.
TpTrace Verbose: 0 : 5848, 16, 2024/07/03, 23:10:04.271, 372706679943, testhost.dll, MulticastDelegateUtilities.SafeInvoke: TestCaseEventsHandler.RaiseTestCaseEnd: Invoking callback 1/1 for Microsoft.VisualStudio.TestPlatform.CrossPlatEngine.DataCollection.ProxyOutOfProcDataCollectionManager., took 0 ms.
TpTrace Verbose: 0 : 5848, 16, 2024/07/03, 23:10:04.271, 372706680488, testhost.dll, MulticastDelegateUtilities.SafeInvoke: TestCaseEventsHandler.RaiseTestCaseEnd: Invoking callback 1/1 for Microsoft.VisualStudio.TestPlatform.CrossPlatEngine.DataCollection.ProxyOutOfProcDataCollectionManager., took 0 ms.
TpTrace Warning: 0 : 5848, 16, 2024/07/03, 23:10:04.271, 372706680715, testhost.dll, TestRunCache: InProgressTests is null
TpTrace Warning: 0 : 5848, 16, 2024/07/03, 23:10:04.271, 372706680863, testhost.dll, TestRunCache: No test found corresponding to testResult 'P7CreateRestApi.Tests.RatingControllerTests.GetRatingById_ShouldReturnOk_WhenRatingExists' in inProgress list.
TpTrace Verbose: 0 : 5848, 16, 2024/07/03, 23:10:04.271, 372706681139, testhost.dll, TestExecutionRecorder.RecordEnd: test: P7CreateRestApi.Tests.RatingControllerTests.GetRatingById_ShouldReturnOk_WhenRatingExists execution completed.
TpTrace Warning: 0 : 5848, 16, 2024/07/03, 23:10:04.271, 372706681282, testhost.dll, TestRunCache: InProgressTests is null
TpTrace Verbose: 0 : 5848, 16, 2024/07/03, 23:10:04.271, 372706681538, testhost.dll, TestExecutionRecorder.RecordStart: Starting test: P7CreateRestApi.Tests.RatingControllerTests.UpdateRating_ShouldReturnNotFound_WhenRatingDoesNotExist.
TpTrace Verbose: 0 : 5848, 16, 2024/07/03, 23:10:04.272, 372706689446, testhost.dll, MulticastDelegateUtilities.SafeInvoke: TestCaseEventsHandler.RaiseTestCaseStart: Invoking callback 1/1 for Microsoft.VisualStudio.TestPlatform.CrossPlatEngine.DataCollection.ProxyOutOfProcDataCollectionManager., took 0 ms.
TpTrace Verbose: 0 : 5848, 16, 2024/07/03, 23:10:04.272, 372706690083, testhost.dll, TestExecutionRecorder.RecordResult: Received result for test: P7CreateRestApi.Tests.RuleNameControllerTests.DeleteRuleName_ShouldReturnInternalServerError_WhenExceptionIsThrown.
TpTrace Verbose: 0 : 5848, 16, 2024/07/03, 23:10:04.273, 372706698319, testhost.dll, MulticastDelegateUtilities.SafeInvoke: TestCaseEventsHandler.RaiseTestCaseEnd: Invoking callback 1/1 for Microsoft.VisualStudio.TestPlatform.CrossPlatEngine.DataCollection.ProxyOutOfProcDataCollectionManager., took 0 ms.
TpTrace Verbose: 0 : 5848, 16, 2024/07/03, 23:10:04.273, 372706698866, testhost.dll, MulticastDelegateUtilities.SafeInvoke: TestCaseEventsHandler.RaiseTestCaseEnd: Invoking callback 1/1 for Microsoft.VisualStudio.TestPlatform.CrossPlatEngine.DataCollection.ProxyOutOfProcDataCollectionManager., took 0 ms.
TpTrace Warning: 0 : 5848, 16, 2024/07/03, 23:10:04.273, 372706699181, testhost.dll, TestRunCache: No test found corresponding to testResult 'P7CreateRestApi.Tests.RuleNameControllerTests.DeleteRuleName_ShouldReturnInternalServerError_WhenExceptionIsThrown' in inProgress list.
TpTrace Verbose: 0 : 5848, 16, 2024/07/03, 23:10:04.273, 372706699469, testhost.dll, TestExecutionRecorder.RecordEnd: test: P7CreateRestApi.Tests.RuleNameControllerTests.DeleteRuleName_ShouldReturnInternalServerError_WhenExceptionIsThrown execution completed.
TpTrace Verbose: 0 : 5848, 16, 2024/07/03, 23:10:04.273, 372706699753, testhost.dll, TestExecutionRecorder.RecordStart: Starting test: P7CreateRestApi.Tests.RuleNameControllerTests.GetRuleNameById_ShouldReturnOk_WhenRuleNameExists.
TpTrace Verbose: 0 : 5848, 16, 2024/07/03, 23:10:04.274, 372706707599, testhost.dll, MulticastDelegateUtilities.SafeInvoke: TestCaseEventsHandler.RaiseTestCaseStart: Invoking callback 1/1 for Microsoft.VisualStudio.TestPlatform.CrossPlatEngine.DataCollection.ProxyOutOfProcDataCollectionManager., took 0 ms.
TpTrace Verbose: 0 : 5848, 16, 2024/07/03, 23:10:04.274, 372706708850, testhost.dll, TestExecutionRecorder.RecordResult: Received result for test: P7CreateRestApi.Tests.RatingControllerTests.UpdateRating_ShouldReturnNotFound_WhenRatingDoesNotExist.
TpTrace Verbose: 0 : 5848, 16, 2024/07/03, 23:10:04.275, 372706717029, testhost.dll, MulticastDelegateUtilities.SafeInvoke: TestCaseEventsHandler.RaiseTestCaseEnd: Invoking callback 1/1 for Microsoft.VisualStudio.TestPlatform.CrossPlatEngine.DataCollection.ProxyOutOfProcDataCollectionManager., took 0 ms.
TpTrace Verbose: 0 : 5848, 16, 2024/07/03, 23:10:04.275, 372706717583, testhost.dll, MulticastDelegateUtilities.SafeInvoke: TestCaseEventsHandler.RaiseTestCaseEnd: Invoking callback 1/1 for Microsoft.VisualStudio.TestPlatform.CrossPlatEngine.DataCollection.ProxyOutOfProcDataCollectionManager., took 0 ms.
TpTrace Verbose: 0 : 5848, 16, 2024/07/03, 23:10:04.275, 372706717950, testhost.dll, TestExecutionRecorder.RecordEnd: test: P7CreateRestApi.Tests.RatingControllerTests.UpdateRating_ShouldReturnNotFound_WhenRatingDoesNotExist execution completed.
TpTrace Verbose: 0 : 5848, 16, 2024/07/03, 23:10:04.275, 372706718256, testhost.dll, TestExecutionRecorder.RecordResult: Received result for test: P7CreateRestApi.Tests.RuleNameControllerTests.GetRuleNameById_ShouldReturnOk_WhenRuleNameExists.
TpTrace Verbose: 0 : 5848, 16, 2024/07/03, 23:10:04.276, 372706726566, testhost.dll, MulticastDelegateUtilities.SafeInvoke: TestCaseEventsHandler.RaiseTestCaseEnd: Invoking callback 1/1 for Microsoft.VisualStudio.TestPlatform.CrossPlatEngine.DataCollection.ProxyOutOfProcDataCollectionManager., took 0 ms.
TpTrace Verbose: 0 : 5848, 16, 2024/07/03, 23:10:04.276, 372706727115, testhost.dll, MulticastDelegateUtilities.SafeInvoke: TestCaseEventsHandler.RaiseTestCaseEnd: Invoking callback 1/1 for Microsoft.VisualStudio.TestPlatform.CrossPlatEngine.DataCollection.ProxyOutOfProcDataCollectionManager., took 0 ms.
TpTrace Verbose: 0 : 5848, 16, 2024/07/03, 23:10:04.276, 372706727500, testhost.dll, TestExecutionRecorder.RecordEnd: test: P7CreateRestApi.Tests.RuleNameControllerTests.GetRuleNameById_ShouldReturnOk_WhenRuleNameExists execution completed.
TpTrace Warning: 0 : 5848, 16, 2024/07/03, 23:10:04.276, 372706727661, testhost.dll, TestRunCache: InProgressTests is null
TpTrace Verbose: 0 : 5848, 16, 2024/07/03, 23:10:04.276, 372706727892, testhost.dll, TestExecutionRecorder.RecordStart: Starting test: P7CreateRestApi.Tests.RuleNameControllerTests.UpdateRuleName_ShouldReturnNotFound_WhenRuleNameDoesNotExist.
TpTrace Verbose: 0 : 5848, 16, 2024/07/03, 23:10:04.277, 372706735886, testhost.dll, MulticastDelegateUtilities.SafeInvoke: TestCaseEventsHandler.RaiseTestCaseStart: Invoking callback 1/1 for Microsoft.VisualStudio.TestPlatform.CrossPlatEngine.DataCollection.ProxyOutOfProcDataCollectionManager., took 0 ms.
TpTrace Verbose: 0 : 5848, 16, 2024/07/03, 23:10:04.277, 372706736883, testhost.dll, TestExecutionRecorder.RecordResult: Received result for test: P7CreateRestApi.Tests.RuleNameControllerTests.UpdateRuleName_ShouldReturnNotFound_WhenRuleNameDoesNotExist.
TpTrace Verbose: 0 : 5848, 16, 2024/07/03, 23:10:04.278, 372706747270, testhost.dll, MulticastDelegateUtilities.SafeInvoke: TestCaseEventsHandler.RaiseTestCaseEnd: Invoking callback 1/1 for Microsoft.VisualStudio.TestPlatform.CrossPlatEngine.DataCollection.ProxyOutOfProcDataCollectionManager., took 1 ms.
TpTrace Verbose: 0 : 5848, 16, 2024/07/03, 23:10:04.278, 372706747821, testhost.dll, MulticastDelegateUtilities.SafeInvoke: TestCaseEventsHandler.RaiseTestCaseEnd: Invoking callback 1/1 for Microsoft.VisualStudio.TestPlatform.CrossPlatEngine.DataCollection.ProxyOutOfProcDataCollectionManager., took 0 ms.
TpTrace Verbose: 0 : 5848, 16, 2024/07/03, 23:10:04.278, 372706748220, testhost.dll, TestExecutionRecorder.RecordEnd: test: P7CreateRestApi.Tests.RuleNameControllerTests.UpdateRuleName_ShouldReturnNotFound_WhenRuleNameDoesNotExist execution completed.
TpTrace Warning: 0 : 5848, 16, 2024/07/03, 23:10:04.278, 372706748373, testhost.dll, TestRunCache: InProgressTests is null
TpTrace Verbose: 0 : 5848, 16, 2024/07/03, 23:10:04.278, 372706748755, testhost.dll, TestExecutionRecorder.RecordResult: Received result for test: P7CreateRestApi.Tests.CurveControllerTests.GetCurvePointById_ShouldReturnOk_WhenCurvePointExists.
TpTrace Verbose: 0 : 5848, 16, 2024/07/03, 23:10:04.280, 372706764162, testhost.dll, MulticastDelegateUtilities.SafeInvoke: TestCaseEventsHandler.RaiseTestCaseEnd: Invoking callback 1/1 for Microsoft.VisualStudio.TestPlatform.CrossPlatEngine.DataCollection.ProxyOutOfProcDataCollectionManager., took 1 ms.
TpTrace Verbose: 0 : 5848, 16, 2024/07/03, 23:10:04.280, 372706765230, testhost.dll, MulticastDelegateUtilities.SafeInvoke: TestCaseEventsHandler.RaiseTestCaseEnd: Invoking callback 1/1 for Microsoft.VisualStudio.TestPlatform.CrossPlatEngine.DataCollection.ProxyOutOfProcDataCollectionManager., took 0 ms.
TpTrace Warning: 0 : 5848, 16, 2024/07/03, 23:10:04.280, 372706765445, testhost.dll, TestRunCache: InProgressTests is null
TpTrace Warning: 0 : 5848, 16, 2024/07/03, 23:10:04.280, 372706765591, testhost.dll, TestRunCache: No test found corresponding to testResult 'P7CreateRestApi.Tests.CurveControllerTests.GetCurvePointById_ShouldReturnOk_WhenCurvePointExists' in inProgress list.
TpTrace Verbose: 0 : 5848, 16, 2024/07/03, 23:10:04.280, 372706765892, testhost.dll, TestExecutionRecorder.RecordEnd: test: P7CreateRestApi.Tests.CurveControllerTests.GetCurvePointById_ShouldReturnOk_WhenCurvePointExists execution completed.
TpTrace Warning: 0 : 5848, 16, 2024/07/03, 23:10:04.280, 372706766057, testhost.dll, TestRunCache: InProgressTests is null
TpTrace Verbose: 0 : 5848, 16, 2024/07/03, 23:10:04.280, 372706766293, testhost.dll, TestExecutionRecorder.RecordStart: Starting test: P7CreateRestApi.Tests.CurveControllerTests.GetCurvePointById_ShouldReturnNotFound_WhenCurvePointDoesNotExist.
TpTrace Verbose: 0 : 5848, 16, 2024/07/03, 23:10:04.281, 372706775485, testhost.dll, MulticastDelegateUtilities.SafeInvoke: TestCaseEventsHandler.RaiseTestCaseStart: Invoking callback 1/1 for Microsoft.VisualStudio.TestPlatform.CrossPlatEngine.DataCollection.ProxyOutOfProcDataCollectionManager., took 0 ms.
TpTrace Verbose: 0 : 5848, 16, 2024/07/03, 23:10:04.281, 372706776261, testhost.dll, TestExecutionRecorder.RecordResult: Received result for test: P7CreateRestApi.Tests.TradeControllerTests.GetTradeById_ShouldReturnInternalServerError_WhenExceptionIsThrown.
TpTrace Verbose: 0 : 5848, 16, 2024/07/03, 23:10:04.282, 372706784118, testhost.dll, MulticastDelegateUtilities.SafeInvoke: TestCaseEventsHandler.RaiseTestCaseEnd: Invoking callback 1/1 for Microsoft.VisualStudio.TestPlatform.CrossPlatEngine.DataCollection.ProxyOutOfProcDataCollectionManager., took 0 ms.
TpTrace Verbose: 0 : 5848, 16, 2024/07/03, 23:10:04.282, 372706784676, testhost.dll, MulticastDelegateUtilities.SafeInvoke: TestCaseEventsHandler.RaiseTestCaseEnd: Invoking callback 1/1 for Microsoft.VisualStudio.TestPlatform.CrossPlatEngine.DataCollection.ProxyOutOfProcDataCollectionManager., took 0 ms.
TpTrace Warning: 0 : 5848, 16, 2024/07/03, 23:10:04.282, 372706784919, testhost.dll, TestRunCache: No test found corresponding to testResult 'P7CreateRestApi.Tests.TradeControllerTests.GetTradeById_ShouldReturnInternalServerError_WhenExceptionIsThrown' in inProgress list.
TpTrace Verbose: 0 : 5848, 16, 2024/07/03, 23:10:04.282, 372706785212, testhost.dll, TestExecutionRecorder.RecordEnd: test: P7CreateRestApi.Tests.TradeControllerTests.GetTradeById_ShouldReturnInternalServerError_WhenExceptionIsThrown execution completed.
TpTrace Verbose: 0 : 5848, 16, 2024/07/03, 23:10:04.282, 372706785456, testhost.dll, TestExecutionRecorder.RecordStart: Starting test: P7CreateRestApi.Tests.TradeControllerTests.UpdateTrade_ShouldReturnNotFound_WhenTradeDoesNotExist.
TpTrace Information: 0 : 5848, 16, 2024/07/03, 23:10:04.282, 372706785653, testhost.dll, Sending test run statistics
TpTrace Verbose: 0 : 5848, 16, 2024/07/03, 23:10:04.282, 372706787992, testhost.dll, TestRequestHandler.SendData: sending data from testhost: {"Version":7,"MessageType":"TestExecution.StatsChange","Payload":{"NewTestResults":[{"TestCase":{"Id":"a3e7ad76-d15f-211f-1eea-c5ced5e83268","FullyQualifiedName":"P7CreateRestApi.Tests.BidListControllerTests.UpdateBid_ShouldReturnBadRequest_WhenBidIsInvalid","DisplayName":"P7CreateRestApi.Tests.BidListControllerTests.UpdateBid_ShouldReturnBadRequest_WhenBidIsInvalid","ExecutorUri":"executor://xunit/VsTestRunner2/netcoreapp","Source":"C:\\Users\\brandon.ku\\source\\repos\\OCProjet7_Findexium\\P7CreateRestApi.Tests\\bin\\Debug\\net8.0\\fine-code-coverage\\build-output\\P7CreateRestApi.Tests.dll","CodeFilePath":null,"LineNumber":0,"Properties":[]},"Attachments":[],"Outcome":1,"ErrorMessage":null,"ErrorStackTrace":null,"DisplayName":"P7CreateRestApi.Tests.BidListControllerTests.UpdateBid_ShouldReturnBadRequest_WhenBidIsInvalid","Messages":[],"ComputerName":"PB22039","Duration":"00:00:00.0004814","StartTime":"2024-07-03T21:10:04.2698605+00:00","EndTime":"2024-07-03T21:10:04.2698605+00:00","Properties":[]},{"TestCase":{"Id":"f76dd0b3-63e8-03e8-08c5-6836856a8d9b","FullyQualifiedName":"P7CreateRestApi.Tests.RatingControllerTests.GetRatingById_ShouldReturnOk_WhenRatingExists","DisplayName":"P7CreateRestApi.Tests.RatingControllerTests.GetRatingById_ShouldReturnOk_WhenRatingExists","ExecutorUri":"executor://xunit/VsTestRunner2/netcoreapp","Source":"C:\\Users\\brandon.ku\\source\\repos\\OCProjet7_Findexium\\P7CreateRestApi.Tests\\bin\\Debug\\net8.0\\fine-code-coverage\\build-output\\P7CreateRestApi.Tests.dll","CodeFilePath":null,"LineNumber":0,"Properties":[]},"Attachments":[],"Outcome":1,"ErrorMessage":null,"ErrorStackTrace":null,"DisplayName":"P7CreateRestApi.Tests.RatingControllerTests.GetRatingById_ShouldReturnOk_WhenRatingExists","Messages":[],"ComputerName":"PB22039","Duration":"00:00:00.0006009","StartTime":"2024-07-03T21:10:04.2710382+00:00","EndTime":"2024-07-03T21:10:04.2710383+00:00","Properties":[]},{"TestCase":{"Id":"cae32895-b18d-1836-1da3-df1ada44f746","FullyQualifiedName":"P7CreateRestApi.Tests.RuleNameControllerTests.DeleteRuleName_ShouldReturnInternalServerError_WhenExceptionIsThrown","DisplayName":"P7CreateRestApi.Tests.RuleNameControllerTests.DeleteRuleName_ShouldReturnInternalServerError_WhenExceptionIsThrown","ExecutorUri":"executor://xunit/VsTestRunner2/netcoreapp","Source":"C:\\Users\\brandon.ku\\source\\repos\\OCProjet7_Findexium\\P7CreateRestApi.Tests\\bin\\Debug\\net8.0\\fine-code-coverage\\build-output\\P7CreateRestApi.Tests.dll","CodeFilePath":null,"LineNumber":0,"Properties":[]},"Attachments":[],"Outcome":1,"ErrorMessage":null,"ErrorStackTrace":null,"DisplayName":"P7CreateRestApi.Tests.RuleNameControllerTests.DeleteRuleName_ShouldReturnInternalServerError_WhenExceptionIsThrown","Messages":[],"ComputerName":"PB22039","Duration":"00:00:00.0010699","StartTime":"2024-07-03T21:10:04.2728423+00:00","EndTime":"2024-07-03T21:10:04.2728424+00:00","Properties":[]},{"TestCase":{"Id":"dbca75b3-336f-a32a-97e5-95b1fe92e15d","FullyQualifiedName":"P7CreateRestApi.Tests.RatingControllerTests.UpdateRating_ShouldReturnNotFound_WhenRatingDoesNotExist","DisplayName":"P7CreateRestApi.Tests.RatingControllerTests.UpdateRating_ShouldReturnNotFound_WhenRatingDoesNotExist","ExecutorUri":"executor://xunit/VsTestRunner2/netcoreapp","Source":"C:\\Users\\brandon.ku\\source\\repos\\OCProjet7_Findexium\\P7CreateRestApi.Tests\\bin\\Debug\\net8.0\\fine-code-coverage\\build-output\\P7CreateRestApi.Tests.dll","CodeFilePath":null,"LineNumber":0,"Properties":[]},"Attachments":[],"Outcome":1,"ErrorMessage":null,"ErrorStackTrace":null,"DisplayName":"P7CreateRestApi.Tests.RatingControllerTests.UpdateRating_ShouldReturnNotFound_WhenRatingDoesNotExist","Messages":[],"ComputerName":"PB22039","Duration":"00:00:00.0006362","StartTime":"2024-07-03T21:10:04.2747177+00:00","EndTime":"2024-07-03T21:10:04.2747177+00:00","Properties":[]},{"TestCase":{"Id":"f9177806-8d67-96e6-835d-7d09aa32bbeb","FullyQualifiedName":"P7CreateRestApi.Tests.RuleNameControllerTests.GetRuleNameById_ShouldReturnOk_WhenRuleNameExists","DisplayName":"P7CreateRestApi.Tests.RuleNameControllerTests.GetRuleNameById_ShouldReturnOk_WhenRuleNameExists","ExecutorUri":"executor://xunit/VsTestRunner2/netcoreapp","Source":"C:\\Users\\brandon.ku\\source\\repos\\OCProjet7_Findexium\\P7CreateRestApi.Tests\\bin\\Debug\\net8.0\\fine-code-coverage\\build-output\\P7CreateRestApi.Tests.dll","CodeFilePath":null,"LineNumber":0,"Properties":[]},"Attachments":[],"Outcome":1,"ErrorMessage":null,"ErrorStackTrace":null,"DisplayName":"P7CreateRestApi.Tests.RuleNameControllerTests.GetRuleNameById_ShouldReturnOk_WhenRuleNameExists","Messages":[],"ComputerName":"PB22039","Duration":"00:00:00.0008324","StartTime":"2024-07-03T21:10:04.2756609+00:00","EndTime":"2024-07-03T21:10:04.2756609+00:00","Properties":[]},{"TestCase":{"Id":"32521a47-69cb-9a7e-5671-e3bbb3fb3480","FullyQualifiedName":"P7CreateRestApi.Tests.RuleNameControllerTests.UpdateRuleName_ShouldReturnNotFound_WhenRuleNameDoesNotExist","DisplayName":"P7CreateRestApi.Tests.RuleNameControllerTests.UpdateRuleName_ShouldReturnNotFound_WhenRuleNameDoesNotExist","ExecutorUri":"executor://xunit/VsTestRunner2/netcoreapp","Source":"C:\\Users\\brandon.ku\\source\\repos\\OCProjet7_Findexium\\P7CreateRestApi.Tests\\bin\\Debug\\net8.0\\fine-code-coverage\\build-output\\P7CreateRestApi.Tests.dll","CodeFilePath":null,"LineNumber":0,"Properties":[]},"Attachments":[],"Outcome":1,"ErrorMessage":null,"ErrorStackTrace":null,"DisplayName":"P7CreateRestApi.Tests.RuleNameControllerTests.UpdateRuleName_ShouldReturnNotFound_WhenRuleNameDoesNotExist","Messages":[],"ComputerName":"PB22039","Duration":"00:00:00.0010778","StartTime":"2024-07-03T21:10:04.2775219+00:00","EndTime":"2024-07-03T21:10:04.277522+00:00","Properties":[]},{"TestCase":{"Id":"43ad2954-1427-403a-982e-02d035cc5056","FullyQualifiedName":"P7CreateRestApi.Tests.CurveControllerTests.GetCurvePointById_ShouldReturnOk_WhenCurvePointExists","DisplayName":"P7CreateRestApi.Tests.CurveControllerTests.GetCurvePointById_ShouldReturnOk_WhenCurvePointExists","ExecutorUri":"executor://xunit/VsTestRunner2/netcoreapp","Source":"C:\\Users\\brandon.ku\\source\\repos\\OCProjet7_Findexium\\P7CreateRestApi.Tests\\bin\\Debug\\net8.0\\fine-code-coverage\\build-output\\P7CreateRestApi.Tests.dll","CodeFilePath":null,"LineNumber":0,"Properties":[]},"Attachments":[],"Outcome":1,"ErrorMessage":null,"ErrorStackTrace":null,"DisplayName":"P7CreateRestApi.Tests.CurveControllerTests.GetCurvePointById_ShouldReturnOk_WhenCurvePointExists","Messages":[],"ComputerName":"PB22039","Duration":"00:00:00.0071222","StartTime":"2024-07-03T21:10:04.2787102+00:00","EndTime":"2024-07-03T21:10:04.2787102+00:00","Properties":[]},{"TestCase":{"Id":"42f21cab-01f3-50d5-3f55-7c904c750957","FullyQualifiedName":"P7CreateRestApi.Tests.TradeControllerTests.GetTradeById_ShouldReturnInternalServerError_WhenExceptionIsThrown","DisplayName":"P7CreateRestApi.Tests.TradeControllerTests.GetTradeById_ShouldReturnInternalServerError_WhenExceptionIsThrown","ExecutorUri":"executor://xunit/VsTestRunner2/netcoreapp","Source":"C:\\Users\\brandon.ku\\source\\repos\\OCProjet7_Findexium\\P7CreateRestApi.Tests\\bin\\Debug\\net8.0\\fine-code-coverage\\build-output\\P7CreateRestApi.Tests.dll","CodeFilePath":null,"LineNumber":0,"Properties":[]},"Attachments":[],"Outcome":1,"ErrorMessage":null,"ErrorStackTrace":null,"DisplayName":"P7CreateRestApi.Tests.TradeControllerTests.GetTradeById_ShouldReturnInternalServerError_WhenExceptionIsThrown","Messages":[],"ComputerName":"PB22039","Duration":"00:00:00.0103194","StartTime":"2024-07-03T21:10:04.281459+00:00","EndTime":"2024-07-03T21:10:04.2814591+00:00","Properties":[]}],"TestRunStatistics":{"ExecutedTests":53,"Stats":{"Passed":53}},"ActiveTests":[{"Id":"2c08be2e-5f1c-5e40-3858-1b034da14d4d","FullyQualifiedName":"P7CreateRestApi.Tests.CurveControllerTests.GetCurvePointById_ShouldReturnNotFound_WhenCurvePointDoesNotExist","DisplayName":"P7CreateRestApi.Tests.CurveControllerTests.GetCurvePointById_ShouldReturnNotFound_WhenCurvePointDoesNotExist","ExecutorUri":"executor://xunit/VsTestRunner2/netcoreapp","Source":"C:\\Users\\brandon.ku\\source\\repos\\OCProjet7_Findexium\\P7CreateRestApi.Tests\\bin\\Debug\\net8.0\\fine-code-coverage\\build-output\\P7CreateRestApi.Tests.dll","CodeFilePath":null,"LineNumber":0,"Properties":[]},{"Id":"764af8fe-1eb9-2373-ce29-4085a99b6227","FullyQualifiedName":"P7CreateRestApi.Tests.TradeControllerTests.UpdateTrade_ShouldReturnNotFound_WhenTradeDoesNotExist","DisplayName":"P7CreateRestApi.Tests.TradeControllerTests.UpdateTrade_ShouldReturnNotFound_WhenTradeDoesNotExist","ExecutorUri":"executor://xunit/VsTestRunner2/netcoreapp","Source":"C:\\Users\\brandon.ku\\source\\repos\\OCProjet7_Findexium\\P7CreateRestApi.Tests\\bin\\Debug\\net8.0\\fine-code-coverage\\build-output\\P7CreateRestApi.Tests.dll","CodeFilePath":null,"LineNumber":0,"Properties":[]}]}}
TpTrace Verbose: 0 : 5848, 16, 2024/07/03, 23:10:04.282, 372706789053, testhost.dll, TestRunCache: OnNewTestResult: Notified the onCacheHit callback.
TpTrace Verbose: 0 : 5848, 16, 2024/07/03, 23:10:04.283, 372706797129, testhost.dll, MulticastDelegateUtilities.SafeInvoke: TestCaseEventsHandler.RaiseTestCaseStart: Invoking callback 1/1 for Microsoft.VisualStudio.TestPlatform.CrossPlatEngine.DataCollection.ProxyOutOfProcDataCollectionManager., took 0 ms.
TpTrace Verbose: 0 : 5848, 16, 2024/07/03, 23:10:04.283, 372706798026, testhost.dll, TestExecutionRecorder.RecordResult: Received result for test: P7CreateRestApi.Tests.CurveControllerTests.GetCurvePointById_ShouldReturnNotFound_WhenCurvePointDoesNotExist.
TpTrace Verbose: 0 : 5848, 16, 2024/07/03, 23:10:04.284, 372706807145, testhost.dll, MulticastDelegateUtilities.SafeInvoke: TestCaseEventsHandler.RaiseTestCaseEnd: Invoking callback 1/1 for Microsoft.VisualStudio.TestPlatform.CrossPlatEngine.DataCollection.ProxyOutOfProcDataCollectionManager., took 0 ms.
TpTrace Verbose: 0 : 5848, 16, 2024/07/03, 23:10:04.284, 372706807705, testhost.dll, MulticastDelegateUtilities.SafeInvoke: TestCaseEventsHandler.RaiseTestCaseEnd: Invoking callback 1/1 for Microsoft.VisualStudio.TestPlatform.CrossPlatEngine.DataCollection.ProxyOutOfProcDataCollectionManager., took 0 ms.
TpTrace Warning: 0 : 5848, 16, 2024/07/03, 23:10:04.284, 372706807942, testhost.dll, TestRunCache: InProgressTests is null
TpTrace Warning: 0 : 5848, 16, 2024/07/03, 23:10:04.284, 372706808082, testhost.dll, TestRunCache: No test found corresponding to testResult 'P7CreateRestApi.Tests.CurveControllerTests.GetCurvePointById_ShouldReturnNotFound_WhenCurvePointDoesNotExist' in inProgress list.
TpTrace Verbose: 0 : 5848, 16, 2024/07/03, 23:10:04.284, 372706808357, testhost.dll, TestExecutionRecorder.RecordEnd: test: P7CreateRestApi.Tests.CurveControllerTests.GetCurvePointById_ShouldReturnNotFound_WhenCurvePointDoesNotExist execution completed.
TpTrace Warning: 0 : 5848, 16, 2024/07/03, 23:10:04.284, 372706808494, testhost.dll, TestRunCache: InProgressTests is null
TpTrace Verbose: 0 : 5848, 16, 2024/07/03, 23:10:04.284, 372706808792, testhost.dll, TestExecutionRecorder.RecordResult: Received result for test: P7CreateRestApi.Tests.TradeControllerTests.UpdateTrade_ShouldReturnNotFound_WhenTradeDoesNotExist.
TpTrace Verbose: 0 : 5848, 16, 2024/07/03, 23:10:04.285, 372706816536, testhost.dll, MulticastDelegateUtilities.SafeInvoke: TestCaseEventsHandler.RaiseTestCaseEnd: Invoking callback 1/1 for Microsoft.VisualStudio.TestPlatform.CrossPlatEngine.DataCollection.ProxyOutOfProcDataCollectionManager., took 0 ms.
TpTrace Verbose: 0 : 5848, 16, 2024/07/03, 23:10:04.285, 372706817078, testhost.dll, MulticastDelegateUtilities.SafeInvoke: TestCaseEventsHandler.RaiseTestCaseEnd: Invoking callback 1/1 for Microsoft.VisualStudio.TestPlatform.CrossPlatEngine.DataCollection.ProxyOutOfProcDataCollectionManager., took 0 ms.
TpTrace Warning: 0 : 5848, 16, 2024/07/03, 23:10:04.285, 372706817286, testhost.dll, TestRunCache: InProgressTests is null
TpTrace Warning: 0 : 5848, 16, 2024/07/03, 23:10:04.285, 372706817423, testhost.dll, TestRunCache: No test found corresponding to testResult 'P7CreateRestApi.Tests.TradeControllerTests.UpdateTrade_ShouldReturnNotFound_WhenTradeDoesNotExist' in inProgress list.
TpTrace Verbose: 0 : 5848, 16, 2024/07/03, 23:10:04.285, 372706817689, testhost.dll, TestExecutionRecorder.RecordEnd: test: P7CreateRestApi.Tests.TradeControllerTests.UpdateTrade_ShouldReturnNotFound_WhenTradeDoesNotExist execution completed.
TpTrace Warning: 0 : 5848, 16, 2024/07/03, 23:10:04.285, 372706817829, testhost.dll, TestRunCache: InProgressTests is null
TpTrace Verbose: 0 : 5848, 16, 2024/07/03, 23:10:04.285, 372706818085, testhost.dll, TestExecutionRecorder.RecordStart: Starting test: P7CreateRestApi.Tests.TradeControllerTests.UpdateTrade_ShouldReturnBadRequest_WhenIdMismatchOccurs.
TpTrace Verbose: 0 : 5848, 16, 2024/07/03, 23:10:04.286, 372706825749, testhost.dll, MulticastDelegateUtilities.SafeInvoke: TestCaseEventsHandler.RaiseTestCaseStart: Invoking callback 1/1 for Microsoft.VisualStudio.TestPlatform.CrossPlatEngine.DataCollection.ProxyOutOfProcDataCollectionManager., took 0 ms.
TpTrace Verbose: 0 : 5848, 16, 2024/07/03, 23:10:04.286, 372706826449, testhost.dll, TestExecutionRecorder.RecordResult: Received result for test: P7CreateRestApi.Tests.TradeControllerTests.UpdateTrade_ShouldReturnBadRequest_WhenIdMismatchOccurs.
TpTrace Verbose: 0 : 5848, 16, 2024/07/03, 23:10:04.287, 372706834797, testhost.dll, MulticastDelegateUtilities.SafeInvoke: TestCaseEventsHandler.RaiseTestCaseEnd: Invoking callback 1/1 for Microsoft.VisualStudio.TestPlatform.CrossPlatEngine.DataCollection.ProxyOutOfProcDataCollectionManager., took 0 ms.
TpTrace Verbose: 0 : 5848, 16, 2024/07/03, 23:10:04.287, 372706835332, testhost.dll, MulticastDelegateUtilities.SafeInvoke: TestCaseEventsHandler.RaiseTestCaseEnd: Invoking callback 1/1 for Microsoft.VisualStudio.TestPlatform.CrossPlatEngine.DataCollection.ProxyOutOfProcDataCollectionManager., took 0 ms.
TpTrace Verbose: 0 : 5848, 16, 2024/07/03, 23:10:04.287, 372706835720, testhost.dll, TestExecutionRecorder.RecordEnd: test: P7CreateRestApi.Tests.TradeControllerTests.UpdateTrade_ShouldReturnBadRequest_WhenIdMismatchOccurs execution completed.
TpTrace Warning: 0 : 5848, 16, 2024/07/03, 23:10:04.287, 372706835898, testhost.dll, TestRunCache: InProgressTests is null
TpTrace Verbose: 0 : 5848, 16, 2024/07/03, 23:10:04.287, 372706836130, testhost.dll, TestExecutionRecorder.RecordStart: Starting test: P7CreateRestApi.Tests.TradeControllerTests.GetTradeById_ShouldReturnNotFound_WhenTradeDoesNotExist.
TpTrace Verbose: 0 : 5848, 16, 2024/07/03, 23:10:04.288, 372706844139, testhost.dll, MulticastDelegateUtilities.SafeInvoke: TestCaseEventsHandler.RaiseTestCaseStart: Invoking callback 1/1 for Microsoft.VisualStudio.TestPlatform.CrossPlatEngine.DataCollection.ProxyOutOfProcDataCollectionManager., took 0 ms.
TpTrace Verbose: 0 : 5848, 16, 2024/07/03, 23:10:04.288, 372706844836, testhost.dll, TestExecutionRecorder.RecordResult: Received result for test: P7CreateRestApi.Tests.TradeControllerTests.GetTradeById_ShouldReturnNotFound_WhenTradeDoesNotExist.
TpTrace Verbose: 0 : 5848, 16, 2024/07/03, 23:10:04.289, 372706853093, testhost.dll, MulticastDelegateUtilities.SafeInvoke: TestCaseEventsHandler.RaiseTestCaseEnd: Invoking callback 1/1 for Microsoft.VisualStudio.TestPlatform.CrossPlatEngine.DataCollection.ProxyOutOfProcDataCollectionManager., took 0 ms.
TpTrace Verbose: 0 : 5848, 16, 2024/07/03, 23:10:04.289, 372706853629, testhost.dll, MulticastDelegateUtilities.SafeInvoke: TestCaseEventsHandler.RaiseTestCaseEnd: Invoking callback 1/1 for Microsoft.VisualStudio.TestPlatform.CrossPlatEngine.DataCollection.ProxyOutOfProcDataCollectionManager., took 0 ms.
TpTrace Verbose: 0 : 5848, 16, 2024/07/03, 23:10:04.289, 372706854006, testhost.dll, TestExecutionRecorder.RecordEnd: test: P7CreateRestApi.Tests.TradeControllerTests.GetTradeById_ShouldReturnNotFound_WhenTradeDoesNotExist execution completed.
TpTrace Warning: 0 : 5848, 16, 2024/07/03, 23:10:04.289, 372706854159, testhost.dll, TestRunCache: InProgressTests is null
TpTrace Verbose: 0 : 5848, 16, 2024/07/03, 23:10:04.289, 372706854383, testhost.dll, TestExecutionRecorder.RecordStart: Starting test: P7CreateRestApi.Tests.TradeControllerTests.CreateTrade_ShouldReturnInternalServerError_WhenExceptionIsThrown.
TpTrace Verbose: 0 : 5848, 16, 2024/07/03, 23:10:04.290, 372706862425, testhost.dll, MulticastDelegateUtilities.SafeInvoke: TestCaseEventsHandler.RaiseTestCaseStart: Invoking callback 1/1 for Microsoft.VisualStudio.TestPlatform.CrossPlatEngine.DataCollection.ProxyOutOfProcDataCollectionManager., took 0 ms.
TpTrace Verbose: 0 : 5848, 16, 2024/07/03, 23:10:04.290, 372706863122, testhost.dll, TestExecutionRecorder.RecordResult: Received result for test: P7CreateRestApi.Tests.TradeControllerTests.CreateTrade_ShouldReturnInternalServerError_WhenExceptionIsThrown.
TpTrace Verbose: 0 : 5848, 16, 2024/07/03, 23:10:04.290, 372706871463, testhost.dll, MulticastDelegateUtilities.SafeInvoke: TestCaseEventsHandler.RaiseTestCaseEnd: Invoking callback 1/1 for Microsoft.VisualStudio.TestPlatform.CrossPlatEngine.DataCollection.ProxyOutOfProcDataCollectionManager., took 0 ms.
TpTrace Verbose: 0 : 5848, 16, 2024/07/03, 23:10:04.291, 372706871999, testhost.dll, MulticastDelegateUtilities.SafeInvoke: TestCaseEventsHandler.RaiseTestCaseEnd: Invoking callback 1/1 for Microsoft.VisualStudio.TestPlatform.CrossPlatEngine.DataCollection.ProxyOutOfProcDataCollectionManager., took 0 ms.
TpTrace Verbose: 0 : 5848, 16, 2024/07/03, 23:10:04.291, 372706872381, testhost.dll, TestExecutionRecorder.RecordEnd: test: P7CreateRestApi.Tests.TradeControllerTests.CreateTrade_ShouldReturnInternalServerError_WhenExceptionIsThrown execution completed.
TpTrace Warning: 0 : 5848, 16, 2024/07/03, 23:10:04.291, 372706872549, testhost.dll, TestRunCache: InProgressTests is null
TpTrace Verbose: 0 : 5848, 16, 2024/07/03, 23:10:04.291, 372706872785, testhost.dll, TestExecutionRecorder.RecordStart: Starting test: P7CreateRestApi.Tests.TradeControllerTests.DeleteTrade_ShouldReturnNoContent_WhenDeleteIsSuccessful.
TpTrace Verbose: 0 : 5848, 16, 2024/07/03, 23:10:04.291, 372706880792, testhost.dll, MulticastDelegateUtilities.SafeInvoke: TestCaseEventsHandler.RaiseTestCaseStart: Invoking callback 1/1 for Microsoft.VisualStudio.TestPlatform.CrossPlatEngine.DataCollection.ProxyOutOfProcDataCollectionManager., took 0 ms.
TpTrace Verbose: 0 : 5848, 16, 2024/07/03, 23:10:04.292, 372706881631, testhost.dll, TestExecutionRecorder.RecordResult: Received result for test: P7CreateRestApi.Tests.TradeControllerTests.DeleteTrade_ShouldReturnNoContent_WhenDeleteIsSuccessful.
TpTrace Verbose: 0 : 5848, 16, 2024/07/03, 23:10:04.292, 372706890005, testhost.dll, MulticastDelegateUtilities.SafeInvoke: TestCaseEventsHandler.RaiseTestCaseEnd: Invoking callback 1/1 for Microsoft.VisualStudio.TestPlatform.CrossPlatEngine.DataCollection.ProxyOutOfProcDataCollectionManager., took 0 ms.
TpTrace Verbose: 0 : 5848, 16, 2024/07/03, 23:10:04.292, 372706890551, testhost.dll, MulticastDelegateUtilities.SafeInvoke: TestCaseEventsHandler.RaiseTestCaseEnd: Invoking callback 1/1 for Microsoft.VisualStudio.TestPlatform.CrossPlatEngine.DataCollection.ProxyOutOfProcDataCollectionManager., took 0 ms.
TpTrace Verbose: 0 : 5848, 16, 2024/07/03, 23:10:04.292, 372706890928, testhost.dll, TestExecutionRecorder.RecordEnd: test: P7CreateRestApi.Tests.TradeControllerTests.DeleteTrade_ShouldReturnNoContent_WhenDeleteIsSuccessful execution completed.
TpTrace Warning: 0 : 5848, 16, 2024/07/03, 23:10:04.292, 372706891079, testhost.dll, TestRunCache: InProgressTests is null
TpTrace Verbose: 0 : 5848, 16, 2024/07/03, 23:10:04.292, 372706891299, testhost.dll, TestExecutionRecorder.RecordStart: Starting test: P7CreateRestApi.Tests.TradeControllerTests.GetTradeById_ShouldReturnOk_WhenTradeExists.
TpTrace Verbose: 0 : 5848, 16, 2024/07/03, 23:10:04.293, 372706899144, testhost.dll, MulticastDelegateUtilities.SafeInvoke: TestCaseEventsHandler.RaiseTestCaseStart: Invoking callback 1/1 for Microsoft.VisualStudio.TestPlatform.CrossPlatEngine.DataCollection.ProxyOutOfProcDataCollectionManager., took 0 ms.
TpTrace Verbose: 0 : 5848, 16, 2024/07/03, 23:10:04.293, 372706899843, testhost.dll, TestExecutionRecorder.RecordResult: Received result for test: P7CreateRestApi.Tests.TradeControllerTests.GetTradeById_ShouldReturnOk_WhenTradeExists.
TpTrace Verbose: 0 : 5848, 16, 2024/07/03, 23:10:04.294, 372706908217, testhost.dll, MulticastDelegateUtilities.SafeInvoke: TestCaseEventsHandler.RaiseTestCaseEnd: Invoking callback 1/1 for Microsoft.VisualStudio.TestPlatform.CrossPlatEngine.DataCollection.ProxyOutOfProcDataCollectionManager., took 0 ms.
TpTrace Verbose: 0 : 5848, 16, 2024/07/03, 23:10:04.294, 372706908858, testhost.dll, MulticastDelegateUtilities.SafeInvoke: TestCaseEventsHandler.RaiseTestCaseEnd: Invoking callback 1/1 for Microsoft.VisualStudio.TestPlatform.CrossPlatEngine.DataCollection.ProxyOutOfProcDataCollectionManager., took 0 ms.
TpTrace Verbose: 0 : 5848, 16, 2024/07/03, 23:10:04.294, 372706910532, testhost.dll, TestExecutionRecorder.RecordEnd: test: P7CreateRestApi.Tests.TradeControllerTests.GetTradeById_ShouldReturnOk_WhenTradeExists execution completed.
TpTrace Warning: 0 : 5848, 16, 2024/07/03, 23:10:04.294, 372706911105, testhost.dll, TestRunCache: InProgressTests is null
TpTrace Verbose: 0 : 5848, 16, 2024/07/03, 23:10:04.295, 372706911818, testhost.dll, TestExecutionRecorder.RecordStart: Starting test: P7CreateRestApi.Tests.TradeControllerTests.CreateTrade_ShouldReturnCreated_WhenTradeIsValid.
TpTrace Verbose: 0 : 5848, 16, 2024/07/03, 23:10:04.295, 372706921567, testhost.dll, MulticastDelegateUtilities.SafeInvoke: TestCaseEventsHandler.RaiseTestCaseStart: Invoking callback 1/1 for Microsoft.VisualStudio.TestPlatform.CrossPlatEngine.DataCollection.ProxyOutOfProcDataCollectionManager., took 0 ms.
TpTrace Verbose: 0 : 5848, 16, 2024/07/03, 23:10:04.296, 372706922326, testhost.dll, TestExecutionRecorder.RecordResult: Received result for test: P7CreateRestApi.Tests.TradeControllerTests.CreateTrade_ShouldReturnCreated_WhenTradeIsValid.
TpTrace Verbose: 0 : 5848, 16, 2024/07/03, 23:10:04.297, 372706932725, testhost.dll, MulticastDelegateUtilities.SafeInvoke: TestCaseEventsHandler.RaiseTestCaseEnd: Invoking callback 1/1 for Microsoft.VisualStudio.TestPlatform.CrossPlatEngine.DataCollection.ProxyOutOfProcDataCollectionManager., took 0 ms.
TpTrace Verbose: 0 : 5848, 16, 2024/07/03, 23:10:04.297, 372706933247, testhost.dll, MulticastDelegateUtilities.SafeInvoke: TestCaseEventsHandler.RaiseTestCaseEnd: Invoking callback 1/1 for Microsoft.VisualStudio.TestPlatform.CrossPlatEngine.DataCollection.ProxyOutOfProcDataCollectionManager., took 0 ms.
TpTrace Verbose: 0 : 5848, 16, 2024/07/03, 23:10:04.297, 372706933632, testhost.dll, TestExecutionRecorder.RecordEnd: test: P7CreateRestApi.Tests.TradeControllerTests.CreateTrade_ShouldReturnCreated_WhenTradeIsValid execution completed.
TpTrace Warning: 0 : 5848, 16, 2024/07/03, 23:10:04.297, 372706933787, testhost.dll, TestRunCache: InProgressTests is null
TpTrace Information: 0 : 5848, 4, 2024/07/03, 23:10:04.298, 372706949034, testhost.dll, [xUnit.net 00:00:00.93]   Finished:    P7CreateRestApi.Tests
TpTrace Verbose: 0 : 5848, 4, 2024/07/03, 23:10:04.298, 372706951441, testhost.dll, TestRequestHandler.SendData: sending data from testhost: {"Version":7,"MessageType":"TestSession.Message","Payload":{"MessageLevel":0,"Message":"[xUnit.net 00:00:00.93]   Finished:    P7CreateRestApi.Tests"}}
TpTrace Verbose: 0 : 5848, 4, 2024/07/03, 23:10:04.299, 372706955527, testhost.dll, MulticastDelegateUtilities.SafeInvoke: TestRunMessageLoggerProxy.SendMessage: Invoking callback 1/1 for Microsoft.VisualStudio.TestPlatform.CrossPlatEngine.Execution.RunTestsWithSources., took 0 ms.
TpTrace Verbose: 0 : 5848, 4, 2024/07/03, 23:10:04.302, 372706990822, testhost.dll, BaseRunTests.RunTestInternalWithExecutors: Completed running tests for executor://xunit/VsTestRunner2/netcoreapp
TpTrace Verbose: 0 : 5848, 4, 2024/07/03, 23:10:04.304, 372707002980, testhost.dll, MulticastDelegateUtilities.SafeInvoke: TestCaseEventsHandler.RaiseSessionEnd: Invoking callback 1/1 for Microsoft.VisualStudio.TestPlatform.CrossPlatEngine.DataCollection.ProxyOutOfProcDataCollectionManager., took 0 ms.
TpTrace Information: 0 : 5848, 4, 2024/07/03, 23:10:04.305, 372707020725, testhost.dll, Sending test run complete
TpTrace Verbose: 0 : 5848, 4, 2024/07/03, 23:10:04.314, 372707104063, testhost.dll, TestRequestHandler.SendData: sending data from testhost: {"Version":7,"MessageType":"TestExecution.Completed","Payload":{"TestRunCompleteArgs":{"TestRunStatistics":{"ExecutedTests":61,"Stats":{"Passed":61}},"IsCanceled":false,"IsAborted":false,"Error":null,"AttachmentSets":[],"InvokedDataCollectors":[],"ElapsedTimeInRunningTests":"00:00:00.9553594","Metrics":{},"DiscoveredExtensions":{"TestDiscoverers":["Xunit.Runner.VisualStudio.VsTestRunner, xunit.runner.visualstudio.dotnetcore.testadapter, Version=2.5.0.0, Culture=neutral, PublicKeyToken=null","Xunit.Runner.VisualStudio.VsTestRunner, xunit.runner.visualstudio.testadapter, Version=2.8.1.0, Culture=neutral, PublicKeyToken=null"],"TestExecutors":["executor://xunit/VsTestRunner2/netcoreapp"],"TestExecutors2":[],"TestSettingsProviders":[]}},"LastRunTests":{"NewTestResults":[{"TestCase":{"Id":"2c08be2e-5f1c-5e40-3858-1b034da14d4d","FullyQualifiedName":"P7CreateRestApi.Tests.CurveControllerTests.GetCurvePointById_ShouldReturnNotFound_WhenCurvePointDoesNotExist","DisplayName":"P7CreateRestApi.Tests.CurveControllerTests.GetCurvePointById_ShouldReturnNotFound_WhenCurvePointDoesNotExist","ExecutorUri":"executor://xunit/VsTestRunner2/netcoreapp","Source":"C:\\Users\\brandon.ku\\source\\repos\\OCProjet7_Findexium\\P7CreateRestApi.Tests\\bin\\Debug\\net8.0\\fine-code-coverage\\build-output\\P7CreateRestApi.Tests.dll","CodeFilePath":null,"LineNumber":0,"Properties":[]},"Attachments":[],"Outcome":1,"ErrorMessage":null,"ErrorStackTrace":null,"DisplayName":"P7CreateRestApi.Tests.CurveControllerTests.GetCurvePointById_ShouldReturnNotFound_WhenCurvePointDoesNotExist","Messages":[],"ComputerName":"PB22039","Duration":"00:00:00.0008118","StartTime":"2024-07-03T21:10:04.2836364+00:00","EndTime":"2024-07-03T21:10:04.2836365+00:00","Properties":[]},{"TestCase":{"Id":"764af8fe-1eb9-2373-ce29-4085a99b6227","FullyQualifiedName":"P7CreateRestApi.Tests.TradeControllerTests.UpdateTrade_ShouldReturnNotFound_WhenTradeDoesNotExist","DisplayName":"P7CreateRestApi.Tests.TradeControllerTests.UpdateTrade_ShouldReturnNotFound_WhenTradeDoesNotExist","ExecutorUri":"executor://xunit/VsTestRunner2/netcoreapp","Source":"C:\\Users\\brandon.ku\\source\\repos\\OCProjet7_Findexium\\P7CreateRestApi.Tests\\bin\\Debug\\net8.0\\fine-code-coverage\\build-output\\P7CreateRestApi.Tests.dll","CodeFilePath":null,"LineNumber":0,"Properties":[]},"Attachments":[],"Outcome":1,"ErrorMessage":null,"ErrorStackTrace":null,"DisplayName":"P7CreateRestApi.Tests.TradeControllerTests.UpdateTrade_ShouldReturnNotFound_WhenTradeDoesNotExist","Messages":[],"ComputerName":"PB22039","Duration":"00:00:00.0015799","StartTime":"2024-07-03T21:10:04.2847137+00:00","EndTime":"2024-07-03T21:10:04.2847137+00:00","Properties":[]},{"TestCase":{"Id":"240f1483-e42d-fe40-7eda-cd94da104be3","FullyQualifiedName":"P7CreateRestApi.Tests.TradeControllerTests.UpdateTrade_ShouldReturnBadRequest_WhenIdMismatchOccurs","DisplayName":"P7CreateRestApi.Tests.TradeControllerTests.UpdateTrade_ShouldReturnBadRequest_WhenIdMismatchOccurs","ExecutorUri":"executor://xunit/VsTestRunner2/netcoreapp","Source":"C:\\Users\\brandon.ku\\source\\repos\\OCProjet7_Findexium\\P7CreateRestApi.Tests\\bin\\Debug\\net8.0\\fine-code-coverage\\build-output\\P7CreateRestApi.Tests.dll","CodeFilePath":null,"LineNumber":0,"Properties":[]},"Attachments":[],"Outcome":1,"ErrorMessage":null,"ErrorStackTrace":null,"DisplayName":"P7CreateRestApi.Tests.TradeControllerTests.UpdateTrade_ShouldReturnBadRequest_WhenIdMismatchOccurs","Messages":[],"ComputerName":"PB22039","Duration":"00:00:00.0010101","StartTime":"2024-07-03T21:10:04.2864787+00:00","EndTime":"2024-07-03T21:10:04.2864788+00:00","Properties":[]},{"TestCase":{"Id":"e807ae07-af3d-fd74-0915-89fd24240306","FullyQualifiedName":"P7CreateRestApi.Tests.TradeControllerTests.GetTradeById_ShouldReturnNotFound_WhenTradeDoesNotExist","DisplayName":"P7CreateRestApi.Tests.TradeControllerTests.GetTradeById_ShouldReturnNotFound_WhenTradeDoesNotExist","ExecutorUri":"executor://xunit/VsTestRunner2/netcoreapp","Source":"C:\\Users\\brandon.ku\\source\\repos\\OCProjet7_Findexium\\P7CreateRestApi.Tests\\bin\\Debug\\net8.0\\fine-code-coverage\\build-output\\P7CreateRestApi.Tests.dll","CodeFilePath":null,"LineNumber":0,"Properties":[]},"Attachments":[],"Outcome":1,"ErrorMessage":null,"ErrorStackTrace":null,"DisplayName":"P7CreateRestApi.Tests.TradeControllerTests.GetTradeById_ShouldReturnNotFound_WhenTradeDoesNotExist","Messages":[],"ComputerName":"PB22039","Duration":"00:00:00.0008364","StartTime":"2024-07-03T21:10:04.2883173+00:00","EndTime":"2024-07-03T21:10:04.2883174+00:00","Properties":[]},{"TestCase":{"Id":"bad56a2e-e521-b2af-334c-5913cd9a4f13","FullyQualifiedName":"P7CreateRestApi.Tests.TradeControllerTests.CreateTrade_ShouldReturnInternalServerError_WhenExceptionIsThrown","DisplayName":"P7CreateRestApi.Tests.TradeControllerTests.CreateTrade_ShouldReturnInternalServerError_WhenExceptionIsThrown","ExecutorUri":"executor://xunit/VsTestRunner2/netcoreapp","Source":"C:\\Users\\brandon.ku\\source\\repos\\OCProjet7_Findexium\\P7CreateRestApi.Tests\\bin\\Debug\\net8.0\\fine-code-coverage\\build-output\\P7CreateRestApi.Tests.dll","CodeFilePath":null,"LineNumber":0,"Properties":[]},"Attachments":[],"Outcome":1,"ErrorMessage":null,"ErrorStackTrace":null,"DisplayName":"P7CreateRestApi.Tests.TradeControllerTests.CreateTrade_ShouldReturnInternalServerError_WhenExceptionIsThrown","Messages":[],"ComputerName":"PB22039","Duration":"00:00:00.0021751","StartTime":"2024-07-03T21:10:04.2901461+00:00","EndTime":"2024-07-03T21:10:04.2901462+00:00","Properties":[]},{"TestCase":{"Id":"78e787b6-3082-aaaa-0024-a895ac2f670b","FullyQualifiedName":"P7CreateRestApi.Tests.TradeControllerTests.DeleteTrade_ShouldReturnNoContent_WhenDeleteIsSuccessful","DisplayName":"P7CreateRestApi.Tests.TradeControllerTests.DeleteTrade_ShouldReturnNoContent_WhenDeleteIsSuccessful","ExecutorUri":"executor://xunit/VsTestRunner2/netcoreapp","Source":"C:\\Users\\brandon.ku\\source\\repos\\OCProjet7_Findexium\\P7CreateRestApi.Tests\\bin\\Debug\\net8.0\\fine-code-coverage\\build-output\\P7CreateRestApi.Tests.dll","CodeFilePath":null,"LineNumber":0,"Properties":[]},"Attachments":[],"Outcome":1,"ErrorMessage":null,"ErrorStackTrace":null,"DisplayName":"P7CreateRestApi.Tests.TradeControllerTests.DeleteTrade_ShouldReturnNoContent_WhenDeleteIsSuccessful","Messages":[],"ComputerName":"PB22039","Duration":"00:00:00.0008900","StartTime":"2024-07-03T21:10:04.291997+00:00","EndTime":"2024-07-03T21:10:04.2919971+00:00","Properties":[]},{"TestCase":{"Id":"78c6afcb-c555-6a1a-b039-d47b8bcddea4","FullyQualifiedName":"P7CreateRestApi.Tests.TradeControllerTests.GetTradeById_ShouldReturnOk_WhenTradeExists","DisplayName":"P7CreateRestApi.Tests.TradeControllerTests.GetTradeById_ShouldReturnOk_WhenTradeExists","ExecutorUri":"executor://xunit/VsTestRunner2/netcoreapp","Source":"C:\\Users\\brandon.ku\\source\\repos\\OCProjet7_Findexium\\P7CreateRestApi.Tests\\bin\\Debug\\net8.0\\fine-code-coverage\\build-output\\P7CreateRestApi.Tests.dll","CodeFilePath":null,"LineNumber":0,"Properties":[]},"Attachments":[],"Outcome":1,"ErrorMessage":null,"ErrorStackTrace":null,"DisplayName":"P7CreateRestApi.Tests.TradeControllerTests.GetTradeById_ShouldReturnOk_WhenTradeExists","Messages":[],"ComputerName":"PB22039","Duration":"00:00:00.0019880","StartTime":"2024-07-03T21:10:04.2938183+00:00","EndTime":"2024-07-03T21:10:04.2938184+00:00","Properties":[]},{"TestCase":{"Id":"f0ee02b0-bfa8-f1ab-3dfa-cfaf31c2ef5c","FullyQualifiedName":"P7CreateRestApi.Tests.TradeControllerTests.CreateTrade_ShouldReturnCreated_WhenTradeIsValid","DisplayName":"P7CreateRestApi.Tests.TradeControllerTests.CreateTrade_ShouldReturnCreated_WhenTradeIsValid","ExecutorUri":"executor://xunit/VsTestRunner2/netcoreapp","Source":"C:\\Users\\brandon.ku\\source\\repos\\OCProjet7_Findexium\\P7CreateRestApi.Tests\\bin\\Debug\\net8.0\\fine-code-coverage\\build-output\\P7CreateRestApi.Tests.dll","CodeFilePath":null,"LineNumber":0,"Properties":[]},"Attachments":[],"Outcome":1,"ErrorMessage":null,"ErrorStackTrace":null,"DisplayName":"P7CreateRestApi.Tests.TradeControllerTests.CreateTrade_ShouldReturnCreated_WhenTradeIsValid","Messages":[],"ComputerName":"PB22039","Duration":"00:00:00.0009724","StartTime":"2024-07-03T21:10:04.2960643+00:00","EndTime":"2024-07-03T21:10:04.2960644+00:00","Properties":[]}],"TestRunStatistics":{"ExecutedTests":61,"Stats":{"Passed":61}},"ActiveTests":[]},"RunAttachments":[],"ExecutorUris":["executor://xunit/VsTestRunner2/netcoreapp"]}}
TpTrace Verbose: 0 : 5848, 4, 2024/07/03, 23:10:04.314, 372707106859, testhost.dll, BaseRunTests.RunTests: Run is complete.
TpTrace Verbose: 0 : 5848, 7, 2024/07/03, 23:10:04.315, 372707114158, testhost.dll, TcpClientExtensions.MessageLoopAsync: NotifyDataAvailable remoteEndPoint: [::ffff:127.0.0.1]:51240 localEndPoint: [::ffff:127.0.0.1]:51241
TpTrace Information: 0 : 5848, 7, 2024/07/03, 23:10:04.315, 372707115496, testhost.dll, TestRequestHandler.OnMessageReceived: received message: (TestSession.Terminate) -> {"MessageType":"TestSession.Terminate","Payload":null}
TpTrace Information: 0 : 5848, 7, 2024/07/03, 23:10:04.315, 372707115795, testhost.dll, Session End message received from server. Closing the connection.
TpTrace Information: 0 : 5848, 7, 2024/07/03, 23:10:04.315, 372707118518, testhost.dll, SocketClient.Stop: Stop communication from server endpoint: 127.0.0.1:051240
TpTrace Information: 0 : 5848, 7, 2024/07/03, 23:10:04.315, 372707118907, testhost.dll, SocketClient: Stop: Cancellation requested. Stopping message loop.
TpTrace Verbose: 0 : 5848, 7, 2024/07/03, 23:10:04.315, 372707120335, testhost.dll, LengthPrefixCommunicationChannel.Dispose: Dispose reader and writer.
TpTrace Information: 0 : 5848, 7, 2024/07/03, 23:10:04.315, 372707120709, testhost.dll, Closing the connection !
TpTrace Verbose: 0 : 5848, 7, 2024/07/03, 23:10:04.315, 372707120978, testhost.dll, MulticastDelegateUtilities.SafeInvoke: LengthPrefixCommunicationChannel: MessageReceived: Invoking callback 1/1 for Microsoft.VisualStudio.TestPlatform.CommunicationUtilities.TestRequestHandler., took 0 ms.
TpTrace Information: 0 : 5848, 7, 2024/07/03, 23:10:04.316, 372707123364, testhost.dll, SocketClient.PrivateStop: Stop communication from server endpoint: 127.0.0.1:051240, error:
TpTrace Information: 0 : 5848, 1, 2024/07/03, 23:10:04.316, 372707125238, testhost.dll, Closing the connection!
TpTrace Verbose: 0 : 5848, 7, 2024/07/03, 23:10:04.316, 372707125435, testhost.dll, LengthPrefixCommunicationChannel.Dispose: Dispose reader and writer.
TpTrace Verbose: 0 : 5848, 7, 2024/07/03, 23:10:04.316, 372707126284, testhost.dll, TcpClientExtensions.MessageLoopAsync: exiting MessageLoopAsync remoteEndPoint: [::ffff:127.0.0.1]:51240 localEndPoint: [::ffff:127.0.0.1]:51241
TpTrace Information: 0 : 5848, 1, 2024/07/03, 23:10:04.316, 372707126332, testhost.dll, Testhost process exiting.
