TpTrace Verbose: 0 : 13832, 1, 2024/07/03, 20:47:11.393, 286977893002, testhost.dll, Version: 17.8.0 Current process architecture: X64
TpTrace Verbose: 0 : 13832, 1, 2024/07/03, 20:47:11.396, 286977925162, testhost.dll, Runtime location: C:\Program Files\dotnet\shared\Microsoft.NETCore.App\8.0.6
TpTrace Information: 0 : 13832, 1, 2024/07/03, 20:47:11.398, 286977945643, testhost.dll, DefaultEngineInvoker.Invoke: Testhost process started with args :[--port, 65248],[--endpoint, 127.0.0.1:065248],[--role, client],[--parentprocessid, 22172],[--diag, C:\Users\brandon.ku\source\repos\OCProjet7_Findexium\P7CreateRestApi.Tests\bin\Debug\net8.0\fine-code-coverage\coverage-tool-output\diagnostics.host.24-07-03_20-47-10_73614_5.log],[--tracelevel, 4],[--datacollectionport, 65247],[--telemetryoptedin, false]
TpTrace Information: 0 : 13832, 1, 2024/07/03, 20:47:11.399, 286977953567, testhost.dll, Setting up debug trace listener.
TpTrace Verbose: 0 : 13832, 1, 2024/07/03, 20:47:11.399, 286977954555, testhost.dll, TestPlatformTraceListener.Setup: Replacing listener System.Diagnostics.DefaultTraceListener with TestHostTraceListener.
TpTrace Verbose: 0 : 13832, 1, 2024/07/03, 20:47:11.399, 286977955033, testhost.dll, TestPlatformTraceListener.Setup: Added test platform trace listener.
TpTrace Information: 0 : 13832, 1, 2024/07/03, 20:47:11.399, 286977956994, testhost.dll, DefaultEngineInvoker.SetParentProcessExitCallback: Monitoring parent process with id: '22172'
TpTrace Information: 0 : 13832, 1, 2024/07/03, 20:47:11.411, 286978072251, testhost.dll, DefaultEngineInvoker.GetConnectionInfo: Initialize communication on endpoint address: '127.0.0.1:065248'
TpTrace Information: 0 : 13832, 1, 2024/07/03, 20:47:11.437, 286978332839, testhost.dll, SocketClient.Start: connecting to server endpoint: 127.0.0.1:065248
TpTrace Information: 0 : 13832, 10, 2024/07/03, 20:47:11.450, 286978465817, testhost.dll, SocketClient.OnServerConnected: connected to server endpoint: 127.0.0.1:065248
TpTrace Information: 0 : 13832, 1, 2024/07/03, 20:47:11.451, 286978475085, testhost.dll, DefaultEngineInvoker.ConnectToDatacollector: Connecting to datacollector, port: 65247
TpTrace Verbose: 0 : 13832, 10, 2024/07/03, 20:47:11.451, 286978479671, testhost.dll, MulticastDelegateUtilities.SafeInvoke: SocketClient: ServerConnected: Invoking callback 1/1 for Microsoft.VisualStudio.TestPlatform.CommunicationUtilities.TestRequestHandler., took 0 ms.
TpTrace Verbose: 0 : 13832, 10, 2024/07/03, 20:47:11.451, 286978480649, testhost.dll, Connected to server, and starting MessageLoopAsync
TpTrace Information: 0 : 13832, 1, 2024/07/03, 20:47:11.452, 286978482176, testhost.dll, Trying to connect to server on socket : 127.0.0.1:65247 
TpTrace Verbose: 0 : 13832, 1, 2024/07/03, 20:47:11.452, 286978484191, testhost.dll, SocketCommunicationManager : SetupClientAsync : Attempting to connect to the server.
TpTrace Information: 0 : 13832, 11, 2024/07/03, 20:47:11.454, 286978506187, testhost.dll, Connected to the server successfully 
TpTrace Information: 0 : 13832, 11, 2024/07/03, 20:47:11.454, 286978506818, testhost.dll, Using the buffer size of 16384 bytes
TpTrace Verbose: 0 : 13832, 1, 2024/07/03, 20:47:11.454, 286978508838, testhost.dll, SocketCommunicationManager.WaitForServerConnection took: 0 ms, with 90000 ms timeout, and finished with True.
TpTrace Information: 0 : 13832, 1, 2024/07/03, 20:47:11.454, 286978510642, testhost.dll, DefaultEngineInvoker.Invoke: Start Request Processing.
TpTrace Information: 0 : 13832, 12, 2024/07/03, 20:47:11.455, 286978519948, testhost.dll, DefaultEngineInvoker.StartProcessingAsync: Connected to vstest.console, Starting process requests.
TpTrace Verbose: 0 : 13832, 10, 2024/07/03, 20:47:11.456, 286978531614, testhost.dll, TcpClientExtensions.MessageLoopAsync: Polling on remoteEndPoint: [::ffff:127.0.0.1]:65248 localEndPoint: [::ffff:127.0.0.1]:65249
TpTrace Verbose: 0 : 13832, 10, 2024/07/03, 20:47:11.457, 286978532145, testhost.dll, TcpClientExtensions.MessageLoopAsync: NotifyDataAvailable remoteEndPoint: [::ffff:127.0.0.1]:65248 localEndPoint: [::ffff:127.0.0.1]:65249
TpTrace Information: 0 : 13832, 10, 2024/07/03, 20:47:11.458, 286978549102, testhost.dll, TestRequestHandler.OnMessageReceived: received message: (ProtocolVersion) -> {"MessageType":"ProtocolVersion","Payload":7}
TpTrace Verbose: 0 : 13832, 10, 2024/07/03, 20:47:11.602, 286979984757, testhost.dll, TestRequestHandler.SendData: sending data from testhost: {"Version":7,"MessageType":"TestSession.Message","Payload":{"MessageLevel":0,"Message":"Journalisation des diagnostics TestHost dans le fichier : C:\\Users\\brandon.ku\\source\\repos\\OCProjet7_Findexium\\P7CreateRestApi.Tests\\bin\\Debug\\net8.0\\fine-code-coverage\\coverage-tool-output\\diagnostics.host.24-07-03_20-47-10_73614_5.log"}}
TpTrace Verbose: 0 : 13832, 10, 2024/07/03, 20:47:11.602, 286979986638, testhost.dll, MulticastDelegateUtilities.SafeInvoke: LengthPrefixCommunicationChannel: MessageReceived: Invoking callback 1/1 for Microsoft.VisualStudio.TestPlatform.CommunicationUtilities.TestRequestHandler., took 145 ms.
TpTrace Verbose: 0 : 13832, 10, 2024/07/03, 20:47:11.602, 286979986897, testhost.dll, TcpClientExtensions.MessageLoopAsync: Polling on remoteEndPoint: [::ffff:127.0.0.1]:65248 localEndPoint: [::ffff:127.0.0.1]:65249
TpTrace Verbose: 0 : 13832, 10, 2024/07/03, 20:47:11.602, 286979987110, testhost.dll, TcpClientExtensions.MessageLoopAsync: NotifyDataAvailable remoteEndPoint: [::ffff:127.0.0.1]:65248 localEndPoint: [::ffff:127.0.0.1]:65249
TpTrace Information: 0 : 13832, 10, 2024/07/03, 20:47:11.602, 286979988981, testhost.dll, TestRequestHandler.OnMessageReceived: received message: (TestExecution.Initialize) -> {"Version":7,"MessageType":"TestExecution.Initialize","Payload":["C:\\Users\\brandon.ku\\source\\repos\\OCProjet7_Findexium\\P7CreateRestApi.Tests\\bin\\Debug\\net8.0\\fine-code-coverage\\build-output\\xunit.runner.visualstudio.dotnetcore.testadapter.dll","C:\\Users\\brandon.ku\\source\\repos\\OCProjet7_Findexium\\P7CreateRestApi.Tests\\bin\\Debug\\net8.0\\fine-code-coverage\\build-output\\xunit.runner.visualstudio.testadapter.dll"]}
TpTrace Verbose: 0 : 13832, 10, 2024/07/03, 20:47:11.611, 286980073348, testhost.dll, MulticastDelegateUtilities.SafeInvoke: LengthPrefixCommunicationChannel: MessageReceived: Invoking callback 1/1 for Microsoft.VisualStudio.TestPlatform.CommunicationUtilities.TestRequestHandler., took 8 ms.
TpTrace Verbose: 0 : 13832, 10, 2024/07/03, 20:47:11.611, 286980074277, testhost.dll, TcpClientExtensions.MessageLoopAsync: Polling on remoteEndPoint: [::ffff:127.0.0.1]:65248 localEndPoint: [::ffff:127.0.0.1]:65249
TpTrace Verbose: 0 : 13832, 10, 2024/07/03, 20:47:11.611, 286980074588, testhost.dll, TcpClientExtensions.MessageLoopAsync: NotifyDataAvailable remoteEndPoint: [::ffff:127.0.0.1]:65248 localEndPoint: [::ffff:127.0.0.1]:65249
TpTrace Information: 0 : 13832, 10, 2024/07/03, 20:47:11.611, 286980075324, testhost.dll, TestRequestHandler.OnMessageReceived: received message: (TestExecution.StartWithSources) -> {"Version":7,"MessageType":"TestExecution.StartWithSources","Payload":{"AdapterSourceMap":{"_none_":["C:\\Users\\brandon.ku\\source\\repos\\OCProjet7_Findexium\\P7CreateRestApi.Tests\\bin\\Debug\\net8.0\\fine-code-coverage\\build-output\\P7CreateRestApi.Tests.dll"]},"RunSettings":"<RunSettings>\r\n  <RunConfiguration>\r\n    <ResultsDirectory>C:\\Users\\brandon.ku\\source\\repos\\OCProjet7_Findexium\\P7CreateRestApi.Tests\\bin\\Debug\\net8.0\\fine-code-coverage\\coverage-tool-output</ResultsDirectory>\r\n    <TargetFrameworkVersion>.NETCoreApp,Version=v8.0</TargetFrameworkVersion>\r\n    <DesignMode>False</DesignMode>\r\n    <CollectSourceInformation>False</CollectSourceInformation>\r\n  </RunConfiguration>\r\n  <LoggerRunSettings>\r\n    <Loggers>\r\n      <Logger friendlyName=\"blame\" enabled=\"True\" />\r\n      <Logger friendlyName=\"Console\" uri=\"logger://microsoft/TestPlatform/ConsoleLogger/v1\" assemblyQualifiedName=\"Microsoft.VisualStudio.TestPlatform.CommandLine.Internal.ConsoleLogger, vstest.console, Version=15.0.0.0, Culture=neutral, PublicKeyToken=b03f5f7f11d50a3a\" codeBase=\"C:\\Program Files\\dotnet\\sdk\\8.0.302\\vstest.console.dll\" enabled=\"True\" />\r\n    </Loggers>\r\n  </LoggerRunSettings>\r\n  <DataCollectionRunSettings>\r\n    <DataCollectors>\r\n      <DataCollector friendlyName=\"blame\" enabled=\"True\">\r\n        <Configuration>\r\n          <ResultsDirectory>C:\\Users\\brandon.ku\\source\\repos\\OCProjet7_Findexium\\P7CreateRestApi.Tests\\bin\\Debug\\net8.0\\fine-code-coverage\\coverage-tool-output</ResultsDirectory>\r\n        </Configuration>\r\n      </DataCollector>\r\n    </DataCollectors>\r\n  </DataCollectionRunSettings>\r\n</RunSettings>","TestExecutionContext":{"FrequencyOfRunStatsChangeEvent":10,"RunStatsChangeEventTimeout":"00:00:01.5000000","InIsolation":false,"KeepAlive":false,"AreTestCaseLevelEventsRequired":false,"IsDebug":false,"TestCaseFilter":null,"FilterOptions":null},"Package":null}}
TpTrace Information: 0 : 13832, 4, 2024/07/03, 20:47:11.611, 286980078522, testhost.dll, TestRequestHandler.OnMessageReceived: Running job 'TestExecution.Initialize'.
TpTrace Verbose: 0 : 13832, 4, 2024/07/03, 20:47:11.613, 286980096924, testhost.dll, TestExecutorService: Loading the extensions
TpTrace Verbose: 0 : 13832, 4, 2024/07/03, 20:47:11.614, 286980107627, testhost.dll, TestPluginCache.DiscoverTestExtensions: finding test extensions in assemblies ends with: TestAdapter.dll TPluginInfo: Microsoft.VisualStudio.TestPlatform.Common.ExtensionFramework.Utilities.TestExecutorPluginInformation TExtension: Microsoft.VisualStudio.TestPlatform.ObjectModel.Adapter.ITestExecutor
TpTrace Verbose: 0 : 13832, 4, 2024/07/03, 20:47:11.620, 286980166836, testhost.dll, TestPluginCache.GetExtensionPaths: Filtered extension paths: 
TpTrace Verbose: 0 : 13832, 4, 2024/07/03, 20:47:11.620, 286980169770, testhost.dll, TestPluginCache.GetExtensionPaths: Added default extension paths: C:\Users\brandon.ku\source\repos\OCProjet7_Findexium\P7CreateRestApi.Tests\bin\Debug\net8.0\fine-code-coverage\build-output\xunit.runner.visualstudio.dotnetcore.testadapter.dll
C:\Users\brandon.ku\source\repos\OCProjet7_Findexium\P7CreateRestApi.Tests\bin\Debug\net8.0\fine-code-coverage\build-output\xunit.runner.visualstudio.testadapter.dll
TpTrace Verbose: 0 : 13832, 4, 2024/07/03, 20:47:11.620, 286980170103, testhost.dll, TestPluginCache.GetExtensionPaths: Added unfilterableExtensionPaths: 
TpTrace Information: 0 : 13832, 4, 2024/07/03, 20:47:11.622, 286980184005, testhost.dll, AssemblyResolver.ctor: Creating AssemblyResolver with searchDirectories C:\Users\brandon.ku\source\repos\OCProjet7_Findexium\P7CreateRestApi.Tests\bin\Debug\net8.0\fine-code-coverage\build-output
TpTrace Verbose: 0 : 13832, 4, 2024/07/03, 20:47:11.626, 286980225351, testhost.dll, TestPluginCache.DiscoverTestExtensions: Discovering the extensions using extension path.
TpTrace Verbose: 0 : 13832, 4, 2024/07/03, 20:47:11.626, 286980227460, testhost.dll, TestPluginCache.GetExtensionPaths: Filtered extension paths: 
TpTrace Verbose: 0 : 13832, 4, 2024/07/03, 20:47:11.626, 286980228138, testhost.dll, TestPluginCache.GetExtensionPaths: Added default extension paths: C:\Users\brandon.ku\source\repos\OCProjet7_Findexium\P7CreateRestApi.Tests\bin\Debug\net8.0\fine-code-coverage\build-output\xunit.runner.visualstudio.dotnetcore.testadapter.dll
C:\Users\brandon.ku\source\repos\OCProjet7_Findexium\P7CreateRestApi.Tests\bin\Debug\net8.0\fine-code-coverage\build-output\xunit.runner.visualstudio.testadapter.dll
TpTrace Verbose: 0 : 13832, 4, 2024/07/03, 20:47:11.626, 286980228285, testhost.dll, TestPluginCache.GetExtensionPaths: Added unfilterableExtensionPaths: 
TpTrace Verbose: 0 : 13832, 4, 2024/07/03, 20:47:11.626, 286980228878, testhost.dll, TestPluginCache.DiscoverTestExtensions: Discovering the extensions using allExtensionPaths: C:\Users\brandon.ku\source\repos\OCProjet7_Findexium\P7CreateRestApi.Tests\bin\Debug\net8.0\fine-code-coverage\build-output\xunit.runner.visualstudio.dotnetcore.testadapter.dll
C:\Users\brandon.ku\source\repos\OCProjet7_Findexium\P7CreateRestApi.Tests\bin\Debug\net8.0\fine-code-coverage\build-output\xunit.runner.visualstudio.testadapter.dll
TpTrace Verbose: 0 : 13832, 10, 2024/07/03, 20:47:11.627, 286980232896, testhost.dll, MulticastDelegateUtilities.SafeInvoke: LengthPrefixCommunicationChannel: MessageReceived: Invoking callback 1/1 for Microsoft.VisualStudio.TestPlatform.CommunicationUtilities.TestRequestHandler., took 15 ms.
TpTrace Verbose: 0 : 13832, 10, 2024/07/03, 20:47:11.627, 286980233359, testhost.dll, TcpClientExtensions.MessageLoopAsync: Polling on remoteEndPoint: [::ffff:127.0.0.1]:65248 localEndPoint: [::ffff:127.0.0.1]:65249
TpTrace Information: 0 : 13832, 4, 2024/07/03, 20:47:11.627, 286980234741, testhost.dll, AssemblyResolver.AddSearchDirectories: Adding more searchDirectories C:\Users\brandon.ku\source\repos\OCProjet7_Findexium\P7CreateRestApi.Tests\bin\Debug\net8.0\fine-code-coverage\build-output
TpTrace Information: 0 : 13832, 4, 2024/07/03, 20:47:11.627, 286980235207, testhost.dll, AssemblyResolver.AddSearchDirectories: Adding more searchDirectories C:\Users\brandon.ku\source\repos\OCProjet7_Findexium\P7CreateRestApi.Tests\bin\Debug\net8.0\fine-code-coverage\build-output
TpTrace Information: 0 : 13832, 4, 2024/07/03, 20:47:11.628, 286980247607, testhost.dll, AssemblyResolver.OnResolve: xunit.runner.visualstudio.dotnetcore.testadapter: Resolving assembly.
TpTrace Information: 0 : 13832, 4, 2024/07/03, 20:47:11.628, 286980248116, testhost.dll, AssemblyResolver.OnResolve: xunit.runner.visualstudio.dotnetcore.testadapter: Searching in: 'C:\Users\brandon.ku\source\repos\OCProjet7_Findexium\P7CreateRestApi.Tests\bin\Debug\net8.0\fine-code-coverage\build-output'.
TpTrace Information: 0 : 13832, 4, 2024/07/03, 20:47:11.649, 286980459268, testhost.dll, AssemblyResolver.OnResolve: xunit.runner.visualstudio.dotnetcore.testadapter: Loading assembly 'C:\Users\brandon.ku\source\repos\OCProjet7_Findexium\P7CreateRestApi.Tests\bin\Debug\net8.0\fine-code-coverage\build-output\xunit.runner.visualstudio.dotnetcore.testadapter.dll'.
TpTrace Information: 0 : 13832, 4, 2024/07/03, 20:47:11.652, 286980485764, testhost.dll, AssemblyResolver.OnResolve: Resolved assembly: xunit.runner.visualstudio.dotnetcore.testadapter, from path: C:\Users\brandon.ku\source\repos\OCProjet7_Findexium\P7CreateRestApi.Tests\bin\Debug\net8.0\fine-code-coverage\build-output\xunit.runner.visualstudio.dotnetcore.testadapter.dll
TpTrace Verbose: 0 : 13832, 4, 2024/07/03, 20:47:11.663, 286980592696, testhost.dll, MetadataReaderExtensionsHelper: Discovering extensions inside assembly 'xunit.runner.visualstudio.dotnetcore.testadapter, Version=2.5.0.0, Culture=neutral, PublicKeyToken=null' file path 'C:\Users\brandon.ku\source\repos\OCProjet7_Findexium\P7CreateRestApi.Tests\bin\Debug\net8.0\fine-code-coverage\build-output\xunit.runner.visualstudio.dotnetcore.testadapter.dll'
TpTrace Information: 0 : 13832, 4, 2024/07/03, 20:47:11.668, 286980645359, testhost.dll, AssemblyResolver.OnResolve: xunit.runner.utility.netcoreapp10: Resolving assembly.
TpTrace Information: 0 : 13832, 4, 2024/07/03, 20:47:11.668, 286980648006, testhost.dll, AssemblyResolver.OnResolve: xunit.runner.utility.netcoreapp10: Searching in: 'C:\Users\brandon.ku\source\repos\OCProjet7_Findexium\P7CreateRestApi.Tests\bin\Debug\net8.0\fine-code-coverage\build-output'.
TpTrace Information: 0 : 13832, 4, 2024/07/03, 20:47:11.671, 286980674247, testhost.dll, AssemblyResolver.OnResolve: xunit.runner.utility.netcoreapp10: Loading assembly 'C:\Users\brandon.ku\source\repos\OCProjet7_Findexium\P7CreateRestApi.Tests\bin\Debug\net8.0\fine-code-coverage\build-output\xunit.runner.utility.netcoreapp10.dll'.
TpTrace Information: 0 : 13832, 4, 2024/07/03, 20:47:11.674, 286980704131, testhost.dll, AssemblyResolver.OnResolve: Resolved assembly: xunit.runner.utility.netcoreapp10, from path: C:\Users\brandon.ku\source\repos\OCProjet7_Findexium\P7CreateRestApi.Tests\bin\Debug\net8.0\fine-code-coverage\build-output\xunit.runner.utility.netcoreapp10.dll
TpTrace Information: 0 : 13832, 4, 2024/07/03, 20:47:11.680, 286980762507, testhost.dll, GetTestExtensionFromType: Register extension with identifier data 'executor://xunit/VsTestRunner2/netcoreapp' and type 'Xunit.Runner.VisualStudio.VsTestRunner, xunit.runner.visualstudio.dotnetcore.testadapter, Version=2.5.0.0, Culture=neutral, PublicKeyToken=null' inside file 'C:\Users\brandon.ku\source\repos\OCProjet7_Findexium\P7CreateRestApi.Tests\bin\Debug\net8.0\fine-code-coverage\build-output\xunit.runner.visualstudio.dotnetcore.testadapter.dll'
TpTrace Information: 0 : 13832, 4, 2024/07/03, 20:47:11.680, 286980764178, testhost.dll, AssemblyResolver.OnResolve: xunit.runner.visualstudio.testadapter: Resolving assembly.
TpTrace Information: 0 : 13832, 4, 2024/07/03, 20:47:11.680, 286980764562, testhost.dll, AssemblyResolver.OnResolve: xunit.runner.visualstudio.testadapter: Searching in: 'C:\Users\brandon.ku\source\repos\OCProjet7_Findexium\P7CreateRestApi.Tests\bin\Debug\net8.0\fine-code-coverage\build-output'.
TpTrace Information: 0 : 13832, 4, 2024/07/03, 20:47:11.683, 286980797290, testhost.dll, AssemblyResolver.OnResolve: xunit.runner.visualstudio.testadapter: Loading assembly 'C:\Users\brandon.ku\source\repos\OCProjet7_Findexium\P7CreateRestApi.Tests\bin\Debug\net8.0\fine-code-coverage\build-output\xunit.runner.visualstudio.testadapter.dll'.
TpTrace Information: 0 : 13832, 4, 2024/07/03, 20:47:11.686, 286980826672, testhost.dll, AssemblyResolver.OnResolve: Resolved assembly: xunit.runner.visualstudio.testadapter, from path: C:\Users\brandon.ku\source\repos\OCProjet7_Findexium\P7CreateRestApi.Tests\bin\Debug\net8.0\fine-code-coverage\build-output\xunit.runner.visualstudio.testadapter.dll
TpTrace Verbose: 0 : 13832, 4, 2024/07/03, 20:47:11.686, 286980827785, testhost.dll, MetadataReaderExtensionsHelper: Discovering extensions inside assembly 'xunit.runner.visualstudio.testadapter, Version=2.8.1.0, Culture=neutral, PublicKeyToken=null' file path 'C:\Users\brandon.ku\source\repos\OCProjet7_Findexium\P7CreateRestApi.Tests\bin\Debug\net8.0\fine-code-coverage\build-output\xunit.runner.visualstudio.testadapter.dll'
TpTrace Information: 0 : 13832, 4, 2024/07/03, 20:47:11.689, 286980856995, testhost.dll, AssemblyResolver.OnResolve: xunit.runner.utility.netcoreapp10: Resolving assembly.
TpTrace Information: 0 : 13832, 4, 2024/07/03, 20:47:11.689, 286980857477, testhost.dll, AssemblyResolver.OnResolve: xunit.runner.utility.netcoreapp10: Resolved from cache.
TpTrace Warning: 0 : 13832, 4, 2024/07/03, 20:47:11.708, 286981047692, testhost.dll, TestPluginDiscoverer: Failed to get types from assembly 'xunit.runner.visualstudio.testadapter, Version=2.8.1.0, Culture=neutral, PublicKeyToken=null'. Error: System.Reflection.ReflectionTypeLoadException: Unable to load one or more of the requested types.
Could not load type 'Xunit.ParallelAlgorithm' from assembly 'xunit.runner.utility.netcoreapp10, Version=2.5.2.0, Culture=neutral, PublicKeyToken=8d05b1bb7a6fdb6c'.
   at System.Reflection.RuntimeModule.GetTypes(RuntimeModule module)
   at System.Reflection.RuntimeModule.GetTypes()
   at Microsoft.VisualStudio.TestPlatform.Common.ExtensionFramework.TestPluginDiscoverer.GetTestExtensionsFromAssembly[TPluginInfo,TExtension](Assembly assembly, Dictionary`2 pluginInfos, String filePath) in /_/src/Microsoft.TestPlatform.Common/ExtensionFramework/TestPluginDiscoverer.cs:line 158
System.TypeLoadException: Could not load type 'Xunit.ParallelAlgorithm' from assembly 'xunit.runner.utility.netcoreapp10, Version=2.5.2.0, Culture=neutral, PublicKeyToken=8d05b1bb7a6fdb6c'.
TpTrace Warning: 0 : 13832, 4, 2024/07/03, 20:47:11.708, 286981049549, testhost.dll, LoaderExceptions: System.TypeLoadException: Could not load type 'Xunit.ParallelAlgorithm' from assembly 'xunit.runner.utility.netcoreapp10, Version=2.5.2.0, Culture=neutral, PublicKeyToken=8d05b1bb7a6fdb6c'.
TpTrace Warning: 0 : 13832, 4, 2024/07/03, 20:47:11.709, 286981052996, testhost.dll, GetTestExtensionFromType: Discovered multiple test extensions with identifier data 'executor://xunit/VsTestRunner2/netcoreapp' and type 'Xunit.Runner.VisualStudio.VsTestRunner, xunit.runner.visualstudio.testadapter, Version=2.8.1.0, Culture=neutral, PublicKeyToken=null' inside file 'C:\Users\brandon.ku\source\repos\OCProjet7_Findexium\P7CreateRestApi.Tests\bin\Debug\net8.0\fine-code-coverage\build-output\xunit.runner.visualstudio.testadapter.dll'; keeping the first one 'Xunit.Runner.VisualStudio.VsTestRunner, xunit.runner.visualstudio.dotnetcore.testadapter, Version=2.5.0.0, Culture=neutral, PublicKeyToken=null'.
TpTrace Verbose: 0 : 13832, 4, 2024/07/03, 20:47:11.710, 286981070840, testhost.dll, TestPluginCache: Discovered the extensions using extension path ''.
TpTrace Verbose: 0 : 13832, 4, 2024/07/03, 20:47:11.711, 286981075956, testhost.dll, TestPluginCache: Discoverers are ''.
TpTrace Verbose: 0 : 13832, 4, 2024/07/03, 20:47:11.711, 286981076738, testhost.dll, TestPluginCache: Executors are 'executor://xunit/VsTestRunner2/netcoreapp'.
TpTrace Verbose: 0 : 13832, 4, 2024/07/03, 20:47:11.711, 286981077597, testhost.dll, TestPluginCache: Executors2 are ''.
TpTrace Verbose: 0 : 13832, 4, 2024/07/03, 20:47:11.711, 286981078652, testhost.dll, TestPluginCache: Setting providers are ''.
TpTrace Verbose: 0 : 13832, 4, 2024/07/03, 20:47:11.711, 286981080206, testhost.dll, TestPluginCache: Loggers are ''.
TpTrace Verbose: 0 : 13832, 4, 2024/07/03, 20:47:11.711, 286981080682, testhost.dll, TestPluginCache: TestHosts are ''.
TpTrace Verbose: 0 : 13832, 4, 2024/07/03, 20:47:11.711, 286981081265, testhost.dll, TestPluginCache: DataCollectors are ''.
TpTrace Verbose: 0 : 13832, 4, 2024/07/03, 20:47:11.715, 286981113148, testhost.dll, TestPluginCache.DiscoverTestExtensions: finding test extensions in assemblies ends with: TestAdapter.dll TPluginInfo: Microsoft.VisualStudio.TestPlatform.Common.ExtensionFramework.Utilities.TestExecutorPluginInformation2 TExtension: Microsoft.VisualStudio.TestPlatform.ObjectModel.Adapter.ITestExecutor2
TpTrace Verbose: 0 : 13832, 4, 2024/07/03, 20:47:11.715, 286981118310, testhost.dll, TestPluginCache.GetExtensionPaths: Filtered extension paths: 
TpTrace Verbose: 0 : 13832, 4, 2024/07/03, 20:47:11.715, 286981119521, testhost.dll, TestPluginCache.GetExtensionPaths: Added default extension paths: C:\Users\brandon.ku\source\repos\OCProjet7_Findexium\P7CreateRestApi.Tests\bin\Debug\net8.0\fine-code-coverage\build-output\xunit.runner.visualstudio.dotnetcore.testadapter.dll
C:\Users\brandon.ku\source\repos\OCProjet7_Findexium\P7CreateRestApi.Tests\bin\Debug\net8.0\fine-code-coverage\build-output\xunit.runner.visualstudio.testadapter.dll
TpTrace Verbose: 0 : 13832, 4, 2024/07/03, 20:47:11.715, 286981119848, testhost.dll, TestPluginCache.GetExtensionPaths: Added unfilterableExtensionPaths: 
TpTrace Information: 0 : 13832, 4, 2024/07/03, 20:47:11.716, 286981129963, testhost.dll, AssemblyResolver.AddSearchDirectories: Adding more searchDirectories C:\Users\brandon.ku\source\repos\OCProjet7_Findexium\P7CreateRestApi.Tests\bin\Debug\net8.0\fine-code-coverage\build-output
TpTrace Verbose: 0 : 13832, 4, 2024/07/03, 20:47:11.717, 286981132874, testhost.dll, TestPluginCache.DiscoverTestExtensions: Discovering the extensions using extension path.
TpTrace Verbose: 0 : 13832, 4, 2024/07/03, 20:47:11.717, 286981133801, testhost.dll, TestPluginCache.GetExtensionPaths: Filtered extension paths: 
TpTrace Verbose: 0 : 13832, 4, 2024/07/03, 20:47:11.717, 286981134121, testhost.dll, TestPluginCache.GetExtensionPaths: Added default extension paths: C:\Users\brandon.ku\source\repos\OCProjet7_Findexium\P7CreateRestApi.Tests\bin\Debug\net8.0\fine-code-coverage\build-output\xunit.runner.visualstudio.dotnetcore.testadapter.dll
C:\Users\brandon.ku\source\repos\OCProjet7_Findexium\P7CreateRestApi.Tests\bin\Debug\net8.0\fine-code-coverage\build-output\xunit.runner.visualstudio.testadapter.dll
TpTrace Verbose: 0 : 13832, 4, 2024/07/03, 20:47:11.717, 286981134993, testhost.dll, TestPluginCache.GetExtensionPaths: Added unfilterableExtensionPaths: 
TpTrace Verbose: 0 : 13832, 4, 2024/07/03, 20:47:11.717, 286981136410, testhost.dll, TestPluginCache.DiscoverTestExtensions: Discovering the extensions using allExtensionPaths: C:\Users\brandon.ku\source\repos\OCProjet7_Findexium\P7CreateRestApi.Tests\bin\Debug\net8.0\fine-code-coverage\build-output\xunit.runner.visualstudio.dotnetcore.testadapter.dll
C:\Users\brandon.ku\source\repos\OCProjet7_Findexium\P7CreateRestApi.Tests\bin\Debug\net8.0\fine-code-coverage\build-output\xunit.runner.visualstudio.testadapter.dll
TpTrace Information: 0 : 13832, 4, 2024/07/03, 20:47:11.717, 286981137308, testhost.dll, AssemblyResolver.AddSearchDirectories: Adding more searchDirectories C:\Users\brandon.ku\source\repos\OCProjet7_Findexium\P7CreateRestApi.Tests\bin\Debug\net8.0\fine-code-coverage\build-output
TpTrace Information: 0 : 13832, 4, 2024/07/03, 20:47:11.717, 286981138223, testhost.dll, AssemblyResolver.AddSearchDirectories: Adding more searchDirectories C:\Users\brandon.ku\source\repos\OCProjet7_Findexium\P7CreateRestApi.Tests\bin\Debug\net8.0\fine-code-coverage\build-output
TpTrace Verbose: 0 : 13832, 4, 2024/07/03, 20:47:11.717, 286981138721, testhost.dll, MetadataReaderExtensionsHelper: Discovering extensions inside assembly 'xunit.runner.visualstudio.dotnetcore.testadapter, Version=2.5.0.0, Culture=neutral, PublicKeyToken=null' file path 'C:\Users\brandon.ku\source\repos\OCProjet7_Findexium\P7CreateRestApi.Tests\bin\Debug\net8.0\fine-code-coverage\build-output\xunit.runner.visualstudio.dotnetcore.testadapter.dll'
TpTrace Verbose: 0 : 13832, 4, 2024/07/03, 20:47:11.720, 286981169630, testhost.dll, MetadataReaderExtensionsHelper: Discovering extensions inside assembly 'xunit.runner.visualstudio.testadapter, Version=2.8.1.0, Culture=neutral, PublicKeyToken=null' file path 'C:\Users\brandon.ku\source\repos\OCProjet7_Findexium\P7CreateRestApi.Tests\bin\Debug\net8.0\fine-code-coverage\build-output\xunit.runner.visualstudio.testadapter.dll'
TpTrace Warning: 0 : 13832, 4, 2024/07/03, 20:47:11.723, 286981195992, testhost.dll, TestPluginDiscoverer: Failed to get types from assembly 'xunit.runner.visualstudio.testadapter, Version=2.8.1.0, Culture=neutral, PublicKeyToken=null'. Error: System.Reflection.ReflectionTypeLoadException: Unable to load one or more of the requested types.
Could not load type 'Xunit.ParallelAlgorithm' from assembly 'xunit.runner.utility.netcoreapp10, Version=2.5.2.0, Culture=neutral, PublicKeyToken=8d05b1bb7a6fdb6c'.
   at System.Reflection.RuntimeModule.GetTypes(RuntimeModule module)
   at System.Reflection.RuntimeModule.GetTypes()
   at Microsoft.VisualStudio.TestPlatform.Common.ExtensionFramework.TestPluginDiscoverer.GetTestExtensionsFromAssembly[TPluginInfo,TExtension](Assembly assembly, Dictionary`2 pluginInfos, String filePath) in /_/src/Microsoft.TestPlatform.Common/ExtensionFramework/TestPluginDiscoverer.cs:line 158
System.TypeLoadException: Could not load type 'Xunit.ParallelAlgorithm' from assembly 'xunit.runner.utility.netcoreapp10, Version=2.5.2.0, Culture=neutral, PublicKeyToken=8d05b1bb7a6fdb6c'.
TpTrace Warning: 0 : 13832, 4, 2024/07/03, 20:47:11.723, 286981197223, testhost.dll, LoaderExceptions: System.TypeLoadException: Could not load type 'Xunit.ParallelAlgorithm' from assembly 'xunit.runner.utility.netcoreapp10, Version=2.5.2.0, Culture=neutral, PublicKeyToken=8d05b1bb7a6fdb6c'.
TpTrace Verbose: 0 : 13832, 4, 2024/07/03, 20:47:11.723, 286981199123, testhost.dll, TestPluginCache: Discovered the extensions using extension path ''.
TpTrace Verbose: 0 : 13832, 4, 2024/07/03, 20:47:11.723, 286981199332, testhost.dll, TestPluginCache: Discoverers are ''.
TpTrace Verbose: 0 : 13832, 4, 2024/07/03, 20:47:11.723, 286981199575, testhost.dll, TestPluginCache: Executors are 'executor://xunit/VsTestRunner2/netcoreapp'.
TpTrace Verbose: 0 : 13832, 4, 2024/07/03, 20:47:11.723, 286981199984, testhost.dll, TestPluginCache: Executors2 are ''.
TpTrace Verbose: 0 : 13832, 4, 2024/07/03, 20:47:11.723, 286981200130, testhost.dll, TestPluginCache: Setting providers are ''.
TpTrace Verbose: 0 : 13832, 4, 2024/07/03, 20:47:11.723, 286981200257, testhost.dll, TestPluginCache: Loggers are ''.
TpTrace Verbose: 0 : 13832, 4, 2024/07/03, 20:47:11.723, 286981200383, testhost.dll, TestPluginCache: TestHosts are ''.
TpTrace Verbose: 0 : 13832, 4, 2024/07/03, 20:47:11.723, 286981200539, testhost.dll, TestPluginCache: DataCollectors are ''.
TpTrace Information: 0 : 13832, 4, 2024/07/03, 20:47:11.727, 286981238883, testhost.dll, TestPluginManager.CreateTestExtension: Attempting to load test extension: Xunit.Runner.VisualStudio.VsTestRunner
TpTrace Verbose: 0 : 13832, 4, 2024/07/03, 20:47:11.728, 286981243189, testhost.dll, TestExecutorExtensionManager: Loading executor Microsoft.VisualStudio.TestPlatform.Common.ExtensionDecorators.SerialTestRunDecorator
TpTrace Verbose: 0 : 13832, 4, 2024/07/03, 20:47:11.728, 286981243596, testhost.dll, TestExecutorService: Loaded the executors
TpTrace Verbose: 0 : 13832, 4, 2024/07/03, 20:47:11.728, 286981247660, testhost.dll, TestPluginCache.DiscoverTestExtensions: finding test extensions in assemblies ends with: TestAdapter.dll TPluginInfo: Microsoft.VisualStudio.TestPlatform.Common.ExtensionFramework.Utilities.TestSettingsProviderPluginInformation TExtension: Microsoft.VisualStudio.TestPlatform.ObjectModel.Adapter.ISettingsProvider
TpTrace Verbose: 0 : 13832, 4, 2024/07/03, 20:47:11.728, 286981248809, testhost.dll, TestPluginCache.GetExtensionPaths: Filtered extension paths: 
TpTrace Verbose: 0 : 13832, 4, 2024/07/03, 20:47:11.728, 286981249022, testhost.dll, TestPluginCache.GetExtensionPaths: Added default extension paths: C:\Users\brandon.ku\source\repos\OCProjet7_Findexium\P7CreateRestApi.Tests\bin\Debug\net8.0\fine-code-coverage\build-output\xunit.runner.visualstudio.dotnetcore.testadapter.dll
C:\Users\brandon.ku\source\repos\OCProjet7_Findexium\P7CreateRestApi.Tests\bin\Debug\net8.0\fine-code-coverage\build-output\xunit.runner.visualstudio.testadapter.dll
TpTrace Verbose: 0 : 13832, 4, 2024/07/03, 20:47:11.728, 286981249212, testhost.dll, TestPluginCache.GetExtensionPaths: Added unfilterableExtensionPaths: 
TpTrace Information: 0 : 13832, 4, 2024/07/03, 20:47:11.728, 286981251531, testhost.dll, AssemblyResolver.AddSearchDirectories: Adding more searchDirectories C:\Users\brandon.ku\source\repos\OCProjet7_Findexium\P7CreateRestApi.Tests\bin\Debug\net8.0\fine-code-coverage\build-output
TpTrace Verbose: 0 : 13832, 4, 2024/07/03, 20:47:11.729, 286981252023, testhost.dll, TestPluginCache.DiscoverTestExtensions: Discovering the extensions using extension path.
TpTrace Verbose: 0 : 13832, 4, 2024/07/03, 20:47:11.729, 286981252315, testhost.dll, TestPluginCache.GetExtensionPaths: Filtered extension paths: 
TpTrace Verbose: 0 : 13832, 4, 2024/07/03, 20:47:11.729, 286981252446, testhost.dll, TestPluginCache.GetExtensionPaths: Added default extension paths: C:\Users\brandon.ku\source\repos\OCProjet7_Findexium\P7CreateRestApi.Tests\bin\Debug\net8.0\fine-code-coverage\build-output\xunit.runner.visualstudio.dotnetcore.testadapter.dll
C:\Users\brandon.ku\source\repos\OCProjet7_Findexium\P7CreateRestApi.Tests\bin\Debug\net8.0\fine-code-coverage\build-output\xunit.runner.visualstudio.testadapter.dll
TpTrace Verbose: 0 : 13832, 4, 2024/07/03, 20:47:11.729, 286981252577, testhost.dll, TestPluginCache.GetExtensionPaths: Added unfilterableExtensionPaths: 
TpTrace Verbose: 0 : 13832, 4, 2024/07/03, 20:47:11.729, 286981253165, testhost.dll, TestPluginCache.DiscoverTestExtensions: Discovering the extensions using allExtensionPaths: C:\Users\brandon.ku\source\repos\OCProjet7_Findexium\P7CreateRestApi.Tests\bin\Debug\net8.0\fine-code-coverage\build-output\xunit.runner.visualstudio.dotnetcore.testadapter.dll
C:\Users\brandon.ku\source\repos\OCProjet7_Findexium\P7CreateRestApi.Tests\bin\Debug\net8.0\fine-code-coverage\build-output\xunit.runner.visualstudio.testadapter.dll
TpTrace Information: 0 : 13832, 4, 2024/07/03, 20:47:11.729, 286981253450, testhost.dll, AssemblyResolver.AddSearchDirectories: Adding more searchDirectories C:\Users\brandon.ku\source\repos\OCProjet7_Findexium\P7CreateRestApi.Tests\bin\Debug\net8.0\fine-code-coverage\build-output
TpTrace Information: 0 : 13832, 4, 2024/07/03, 20:47:11.729, 286981253592, testhost.dll, AssemblyResolver.AddSearchDirectories: Adding more searchDirectories C:\Users\brandon.ku\source\repos\OCProjet7_Findexium\P7CreateRestApi.Tests\bin\Debug\net8.0\fine-code-coverage\build-output
TpTrace Verbose: 0 : 13832, 4, 2024/07/03, 20:47:11.729, 286981254440, testhost.dll, MetadataReaderExtensionsHelper: Discovering extensions inside assembly 'xunit.runner.visualstudio.dotnetcore.testadapter, Version=2.5.0.0, Culture=neutral, PublicKeyToken=null' file path 'C:\Users\brandon.ku\source\repos\OCProjet7_Findexium\P7CreateRestApi.Tests\bin\Debug\net8.0\fine-code-coverage\build-output\xunit.runner.visualstudio.dotnetcore.testadapter.dll'
TpTrace Verbose: 0 : 13832, 4, 2024/07/03, 20:47:11.731, 286981278573, testhost.dll, MetadataReaderExtensionsHelper: Discovering extensions inside assembly 'xunit.runner.visualstudio.testadapter, Version=2.8.1.0, Culture=neutral, PublicKeyToken=null' file path 'C:\Users\brandon.ku\source\repos\OCProjet7_Findexium\P7CreateRestApi.Tests\bin\Debug\net8.0\fine-code-coverage\build-output\xunit.runner.visualstudio.testadapter.dll'
TpTrace Warning: 0 : 13832, 4, 2024/07/03, 20:47:11.735, 286981318271, testhost.dll, TestPluginDiscoverer: Failed to get types from assembly 'xunit.runner.visualstudio.testadapter, Version=2.8.1.0, Culture=neutral, PublicKeyToken=null'. Error: System.Reflection.ReflectionTypeLoadException: Unable to load one or more of the requested types.
Could not load type 'Xunit.ParallelAlgorithm' from assembly 'xunit.runner.utility.netcoreapp10, Version=2.5.2.0, Culture=neutral, PublicKeyToken=8d05b1bb7a6fdb6c'.
   at System.Reflection.RuntimeModule.GetTypes(RuntimeModule module)
   at System.Reflection.RuntimeModule.GetTypes()
   at Microsoft.VisualStudio.TestPlatform.Common.ExtensionFramework.TestPluginDiscoverer.GetTestExtensionsFromAssembly[TPluginInfo,TExtension](Assembly assembly, Dictionary`2 pluginInfos, String filePath) in /_/src/Microsoft.TestPlatform.Common/ExtensionFramework/TestPluginDiscoverer.cs:line 158
System.TypeLoadException: Could not load type 'Xunit.ParallelAlgorithm' from assembly 'xunit.runner.utility.netcoreapp10, Version=2.5.2.0, Culture=neutral, PublicKeyToken=8d05b1bb7a6fdb6c'.
TpTrace Warning: 0 : 13832, 4, 2024/07/03, 20:47:11.735, 286981319099, testhost.dll, LoaderExceptions: System.TypeLoadException: Could not load type 'Xunit.ParallelAlgorithm' from assembly 'xunit.runner.utility.netcoreapp10, Version=2.5.2.0, Culture=neutral, PublicKeyToken=8d05b1bb7a6fdb6c'.
TpTrace Verbose: 0 : 13832, 4, 2024/07/03, 20:47:11.735, 286981320564, testhost.dll, TestPluginCache: Discovered the extensions using extension path ''.
TpTrace Verbose: 0 : 13832, 4, 2024/07/03, 20:47:11.735, 286981321314, testhost.dll, TestPluginCache: Discoverers are ''.
TpTrace Verbose: 0 : 13832, 4, 2024/07/03, 20:47:11.735, 286981321517, testhost.dll, TestPluginCache: Executors are 'executor://xunit/VsTestRunner2/netcoreapp'.
TpTrace Verbose: 0 : 13832, 4, 2024/07/03, 20:47:11.736, 286981321697, testhost.dll, TestPluginCache: Executors2 are ''.
TpTrace Verbose: 0 : 13832, 4, 2024/07/03, 20:47:11.736, 286981321993, testhost.dll, TestPluginCache: Setting providers are ''.
TpTrace Verbose: 0 : 13832, 4, 2024/07/03, 20:47:11.736, 286981322163, testhost.dll, TestPluginCache: Loggers are ''.
TpTrace Verbose: 0 : 13832, 4, 2024/07/03, 20:47:11.736, 286981322321, testhost.dll, TestPluginCache: TestHosts are ''.
TpTrace Verbose: 0 : 13832, 4, 2024/07/03, 20:47:11.736, 286981322477, testhost.dll, TestPluginCache: DataCollectors are ''.
TpTrace Verbose: 0 : 13832, 4, 2024/07/03, 20:47:11.736, 286981329630, testhost.dll, TestExecutorService: Loaded the settings providers
TpTrace Information: 0 : 13832, 4, 2024/07/03, 20:47:11.736, 286981330148, testhost.dll, TestExecutorService: Loaded the extensions
TpTrace Information: 0 : 13832, 4, 2024/07/03, 20:47:11.737, 286981334373, testhost.dll, TestRequestHandler.OnMessageReceived: Running job 'TestExecution.StartWithSources'.
TpTrace Verbose: 0 : 13832, 4, 2024/07/03, 20:47:11.779, 286981757782, testhost.dll, MulticastDelegateUtilities.SafeInvoke: TestCaseEventsHandler.RaiseSessionStart: Invoking callbacks was skipped because there are no subscribers.
TpTrace Information: 0 : 13832, 4, 2024/07/03, 20:47:11.781, 286981773135, testhost.dll, TestDiscoveryManager: Discovering tests from sources C:\Users\brandon.ku\source\repos\OCProjet7_Findexium\P7CreateRestApi.Tests\bin\Debug\net8.0\fine-code-coverage\build-output\P7CreateRestApi.Tests.dll
TpTrace Verbose: 0 : 13832, 4, 2024/07/03, 20:47:11.782, 286981784816, testhost.dll, TestPluginCache.DiscoverTestExtensions: finding test extensions in assemblies ends with: TestAdapter.dll TPluginInfo: Microsoft.VisualStudio.TestPlatform.Common.ExtensionFramework.Utilities.TestDiscovererPluginInformation TExtension: Microsoft.VisualStudio.TestPlatform.ObjectModel.Adapter.ITestDiscoverer
TpTrace Verbose: 0 : 13832, 4, 2024/07/03, 20:47:11.782, 286981786812, testhost.dll, TestPluginCache.GetExtensionPaths: Filtered extension paths: 
TpTrace Verbose: 0 : 13832, 4, 2024/07/03, 20:47:11.782, 286981787234, testhost.dll, TestPluginCache.GetExtensionPaths: Added default extension paths: C:\Users\brandon.ku\source\repos\OCProjet7_Findexium\P7CreateRestApi.Tests\bin\Debug\net8.0\fine-code-coverage\build-output\xunit.runner.visualstudio.dotnetcore.testadapter.dll
C:\Users\brandon.ku\source\repos\OCProjet7_Findexium\P7CreateRestApi.Tests\bin\Debug\net8.0\fine-code-coverage\build-output\xunit.runner.visualstudio.testadapter.dll
TpTrace Verbose: 0 : 13832, 4, 2024/07/03, 20:47:11.782, 286981787433, testhost.dll, TestPluginCache.GetExtensionPaths: Added unfilterableExtensionPaths: 
TpTrace Information: 0 : 13832, 4, 2024/07/03, 20:47:11.782, 286981789463, testhost.dll, AssemblyResolver.AddSearchDirectories: Adding more searchDirectories C:\Users\brandon.ku\source\repos\OCProjet7_Findexium\P7CreateRestApi.Tests\bin\Debug\net8.0\fine-code-coverage\build-output
TpTrace Verbose: 0 : 13832, 4, 2024/07/03, 20:47:11.782, 286981789771, testhost.dll, TestPluginCache.DiscoverTestExtensions: Discovering the extensions using extension path.
TpTrace Verbose: 0 : 13832, 4, 2024/07/03, 20:47:11.782, 286981789950, testhost.dll, TestPluginCache.GetExtensionPaths: Filtered extension paths: 
TpTrace Verbose: 0 : 13832, 4, 2024/07/03, 20:47:11.782, 286981790083, testhost.dll, TestPluginCache.GetExtensionPaths: Added default extension paths: C:\Users\brandon.ku\source\repos\OCProjet7_Findexium\P7CreateRestApi.Tests\bin\Debug\net8.0\fine-code-coverage\build-output\xunit.runner.visualstudio.dotnetcore.testadapter.dll
C:\Users\brandon.ku\source\repos\OCProjet7_Findexium\P7CreateRestApi.Tests\bin\Debug\net8.0\fine-code-coverage\build-output\xunit.runner.visualstudio.testadapter.dll
TpTrace Verbose: 0 : 13832, 4, 2024/07/03, 20:47:11.782, 286981790219, testhost.dll, TestPluginCache.GetExtensionPaths: Added unfilterableExtensionPaths: 
TpTrace Verbose: 0 : 13832, 4, 2024/07/03, 20:47:11.782, 286981790421, testhost.dll, TestPluginCache.DiscoverTestExtensions: Discovering the extensions using allExtensionPaths: C:\Users\brandon.ku\source\repos\OCProjet7_Findexium\P7CreateRestApi.Tests\bin\Debug\net8.0\fine-code-coverage\build-output\xunit.runner.visualstudio.dotnetcore.testadapter.dll
C:\Users\brandon.ku\source\repos\OCProjet7_Findexium\P7CreateRestApi.Tests\bin\Debug\net8.0\fine-code-coverage\build-output\xunit.runner.visualstudio.testadapter.dll
TpTrace Information: 0 : 13832, 4, 2024/07/03, 20:47:11.782, 286981790718, testhost.dll, AssemblyResolver.AddSearchDirectories: Adding more searchDirectories C:\Users\brandon.ku\source\repos\OCProjet7_Findexium\P7CreateRestApi.Tests\bin\Debug\net8.0\fine-code-coverage\build-output
TpTrace Information: 0 : 13832, 4, 2024/07/03, 20:47:11.782, 286981790896, testhost.dll, AssemblyResolver.AddSearchDirectories: Adding more searchDirectories C:\Users\brandon.ku\source\repos\OCProjet7_Findexium\P7CreateRestApi.Tests\bin\Debug\net8.0\fine-code-coverage\build-output
TpTrace Verbose: 0 : 13832, 4, 2024/07/03, 20:47:11.782, 286981791406, testhost.dll, MetadataReaderExtensionsHelper: Discovering extensions inside assembly 'xunit.runner.visualstudio.dotnetcore.testadapter, Version=2.5.0.0, Culture=neutral, PublicKeyToken=null' file path 'C:\Users\brandon.ku\source\repos\OCProjet7_Findexium\P7CreateRestApi.Tests\bin\Debug\net8.0\fine-code-coverage\build-output\xunit.runner.visualstudio.dotnetcore.testadapter.dll'
TpTrace Information: 0 : 13832, 4, 2024/07/03, 20:47:11.789, 286981860560, testhost.dll, GetTestExtensionFromType: Register extension with identifier data 'Xunit.Runner.VisualStudio.VsTestRunner, xunit.runner.visualstudio.dotnetcore.testadapter, Version=2.5.0.0, Culture=neutral, PublicKeyToken=null' and type 'Xunit.Runner.VisualStudio.VsTestRunner, xunit.runner.visualstudio.dotnetcore.testadapter, Version=2.5.0.0, Culture=neutral, PublicKeyToken=null' inside file 'C:\Users\brandon.ku\source\repos\OCProjet7_Findexium\P7CreateRestApi.Tests\bin\Debug\net8.0\fine-code-coverage\build-output\xunit.runner.visualstudio.dotnetcore.testadapter.dll'
TpTrace Verbose: 0 : 13832, 4, 2024/07/03, 20:47:11.790, 286981861894, testhost.dll, MetadataReaderExtensionsHelper: Discovering extensions inside assembly 'xunit.runner.visualstudio.testadapter, Version=2.8.1.0, Culture=neutral, PublicKeyToken=null' file path 'C:\Users\brandon.ku\source\repos\OCProjet7_Findexium\P7CreateRestApi.Tests\bin\Debug\net8.0\fine-code-coverage\build-output\xunit.runner.visualstudio.testadapter.dll'
TpTrace Warning: 0 : 13832, 4, 2024/07/03, 20:47:11.793, 286981892089, testhost.dll, TestPluginDiscoverer: Failed to get types from assembly 'xunit.runner.visualstudio.testadapter, Version=2.8.1.0, Culture=neutral, PublicKeyToken=null'. Error: System.Reflection.ReflectionTypeLoadException: Unable to load one or more of the requested types.
Could not load type 'Xunit.ParallelAlgorithm' from assembly 'xunit.runner.utility.netcoreapp10, Version=2.5.2.0, Culture=neutral, PublicKeyToken=8d05b1bb7a6fdb6c'.
   at System.Reflection.RuntimeModule.GetTypes(RuntimeModule module)
   at System.Reflection.RuntimeModule.GetTypes()
   at Microsoft.VisualStudio.TestPlatform.Common.ExtensionFramework.TestPluginDiscoverer.GetTestExtensionsFromAssembly[TPluginInfo,TExtension](Assembly assembly, Dictionary`2 pluginInfos, String filePath) in /_/src/Microsoft.TestPlatform.Common/ExtensionFramework/TestPluginDiscoverer.cs:line 158
System.TypeLoadException: Could not load type 'Xunit.ParallelAlgorithm' from assembly 'xunit.runner.utility.netcoreapp10, Version=2.5.2.0, Culture=neutral, PublicKeyToken=8d05b1bb7a6fdb6c'.
TpTrace Warning: 0 : 13832, 4, 2024/07/03, 20:47:11.793, 286981894275, testhost.dll, LoaderExceptions: System.TypeLoadException: Could not load type 'Xunit.ParallelAlgorithm' from assembly 'xunit.runner.utility.netcoreapp10, Version=2.5.2.0, Culture=neutral, PublicKeyToken=8d05b1bb7a6fdb6c'.
TpTrace Information: 0 : 13832, 4, 2024/07/03, 20:47:11.793, 286981899369, testhost.dll, GetTestExtensionFromType: Register extension with identifier data 'Xunit.Runner.VisualStudio.VsTestRunner, xunit.runner.visualstudio.testadapter, Version=2.8.1.0, Culture=neutral, PublicKeyToken=null' and type 'Xunit.Runner.VisualStudio.VsTestRunner, xunit.runner.visualstudio.testadapter, Version=2.8.1.0, Culture=neutral, PublicKeyToken=null' inside file 'C:\Users\brandon.ku\source\repos\OCProjet7_Findexium\P7CreateRestApi.Tests\bin\Debug\net8.0\fine-code-coverage\build-output\xunit.runner.visualstudio.testadapter.dll'
TpTrace Verbose: 0 : 13832, 4, 2024/07/03, 20:47:11.793, 286981900787, testhost.dll, TestPluginCache: Discovered the extensions using extension path ''.
TpTrace Verbose: 0 : 13832, 4, 2024/07/03, 20:47:11.793, 286981901369, testhost.dll, TestPluginCache: Discoverers are 'Xunit.Runner.VisualStudio.VsTestRunner, xunit.runner.visualstudio.dotnetcore.testadapter, Version=2.5.0.0, Culture=neutral, PublicKeyToken=null,Xunit.Runner.VisualStudio.VsTestRunner, xunit.runner.visualstudio.testadapter, Version=2.8.1.0, Culture=neutral, PublicKeyToken=null'.
TpTrace Verbose: 0 : 13832, 4, 2024/07/03, 20:47:11.793, 286981901603, testhost.dll, TestPluginCache: Executors are 'executor://xunit/VsTestRunner2/netcoreapp'.
TpTrace Verbose: 0 : 13832, 4, 2024/07/03, 20:47:11.794, 286981901813, testhost.dll, TestPluginCache: Executors2 are ''.
TpTrace Verbose: 0 : 13832, 4, 2024/07/03, 20:47:11.794, 286981902032, testhost.dll, TestPluginCache: Setting providers are ''.
TpTrace Verbose: 0 : 13832, 4, 2024/07/03, 20:47:11.794, 286981902225, testhost.dll, TestPluginCache: Loggers are ''.
TpTrace Verbose: 0 : 13832, 4, 2024/07/03, 20:47:11.794, 286981902404, testhost.dll, TestPluginCache: TestHosts are ''.
TpTrace Verbose: 0 : 13832, 4, 2024/07/03, 20:47:11.794, 286981902577, testhost.dll, TestPluginCache: DataCollectors are ''.
TpTrace Information: 0 : 13832, 4, 2024/07/03, 20:47:11.800, 286981962837, testhost.dll, PEReaderHelper.GetAssemblyType: Determined assemblyType:'Managed' for source: 'C:\Users\brandon.ku\source\repos\OCProjet7_Findexium\P7CreateRestApi.Tests\bin\Debug\net8.0\fine-code-coverage\build-output\P7CreateRestApi.Tests.dll'
TpTrace Information: 0 : 13832, 4, 2024/07/03, 20:47:11.802, 286981983819, testhost.dll, TestPluginManager.CreateTestExtension: Attempting to load test extension: Xunit.Runner.VisualStudio.VsTestRunner
TpTrace Warning: 0 : 13832, 4, 2024/07/03, 20:47:11.802, 286981989935, testhost.dll, Plusieurs adaptateurs de tests ayant le même URI 'executor://xunit/VsTestRunner2/netcoreapp' ont été trouvés. Adaptateur 'Xunit.Runner.VisualStudio.VsTestRunner' ignoré. Désinstallez les adaptateurs en conflit pour éviter cet avertissement.
TpTrace Verbose: 0 : 13832, 4, 2024/07/03, 20:47:11.802, 286981991066, testhost.dll, TestRequestHandler.SendData: sending data from testhost: {"Version":7,"MessageType":"TestSession.Message","Payload":{"MessageLevel":1,"Message":"Plusieurs adaptateurs de tests ayant le même URI 'executor://xunit/VsTestRunner2/netcoreapp' ont été trouvés. Adaptateur 'Xunit.Runner.VisualStudio.VsTestRunner' ignoré. Désinstallez les adaptateurs en conflit pour éviter cet avertissement."}}
TpTrace Verbose: 0 : 13832, 4, 2024/07/03, 20:47:11.803, 286981992526, testhost.dll, MulticastDelegateUtilities.SafeInvoke: TestRunMessageLoggerProxy.SendMessage: Invoking callback 1/1 for Microsoft.VisualStudio.TestPlatform.CrossPlatEngine.Execution.RunTestsWithSources., took 0 ms.
TpTrace Verbose: 0 : 13832, 4, 2024/07/03, 20:47:11.806, 286982021726, testhost.dll, BaseRunTests.RunTestInternalWithExecutors: Running tests for executor://xunit/VsTestRunner2/netcoreapp
TpTrace Information: 0 : 13832, 4, 2024/07/03, 20:47:11.827, 286982233044, testhost.dll, [xUnit.net 00:00:00.00] xUnit.net VSTest Adapter v2.5.3.1+6b60a9e56a (64-bit .NET 8.0.6)
TpTrace Verbose: 0 : 13832, 4, 2024/07/03, 20:47:11.827, 286982234679, testhost.dll, TestRequestHandler.SendData: sending data from testhost: {"Version":7,"MessageType":"TestSession.Message","Payload":{"MessageLevel":0,"Message":"[xUnit.net 00:00:00.00] xUnit.net VSTest Adapter v2.5.3.1+6b60a9e56a (64-bit .NET 8.0.6)"}}
TpTrace Verbose: 0 : 13832, 4, 2024/07/03, 20:47:11.827, 286982236554, testhost.dll, MulticastDelegateUtilities.SafeInvoke: TestRunMessageLoggerProxy.SendMessage: Invoking callback 1/1 for Microsoft.VisualStudio.TestPlatform.CrossPlatEngine.Execution.RunTestsWithSources., took 0 ms.
TpTrace Information: 0 : 13832, 4, 2024/07/03, 20:47:11.857, 286982536973, testhost.dll, AssemblyResolver.OnResolve: xunit.runner.reporters.netcoreapp10: Resolving assembly.
TpTrace Information: 0 : 13832, 4, 2024/07/03, 20:47:11.857, 286982538156, testhost.dll, AssemblyResolver.OnResolve: xunit.runner.reporters.netcoreapp10: Searching in: 'C:\Users\brandon.ku\source\repos\OCProjet7_Findexium\P7CreateRestApi.Tests\bin\Debug\net8.0\fine-code-coverage\build-output'.
TpTrace Information: 0 : 13832, 4, 2024/07/03, 20:47:11.860, 286982569063, testhost.dll, AssemblyResolver.OnResolve: xunit.runner.reporters.netcoreapp10: Loading assembly 'C:\Users\brandon.ku\source\repos\OCProjet7_Findexium\P7CreateRestApi.Tests\bin\Debug\net8.0\fine-code-coverage\build-output\xunit.runner.reporters.netcoreapp10.dll'.
TpTrace Information: 0 : 13832, 4, 2024/07/03, 20:47:11.863, 286982599681, testhost.dll, AssemblyResolver.OnResolve: Resolved assembly: xunit.runner.reporters.netcoreapp10, from path: C:\Users\brandon.ku\source\repos\OCProjet7_Findexium\P7CreateRestApi.Tests\bin\Debug\net8.0\fine-code-coverage\build-output\xunit.runner.reporters.netcoreapp10.dll
TpTrace Information: 0 : 13832, 4, 2024/07/03, 20:47:12.015, 286984116703, testhost.dll, [xUnit.net 00:00:00.19]   Discovering: P7CreateRestApi.Tests
TpTrace Verbose: 0 : 13832, 4, 2024/07/03, 20:47:12.015, 286984119226, testhost.dll, TestRequestHandler.SendData: sending data from testhost: {"Version":7,"MessageType":"TestSession.Message","Payload":{"MessageLevel":0,"Message":"[xUnit.net 00:00:00.19]   Discovering: P7CreateRestApi.Tests"}}
TpTrace Verbose: 0 : 13832, 4, 2024/07/03, 20:47:12.015, 286984121019, testhost.dll, MulticastDelegateUtilities.SafeInvoke: TestRunMessageLoggerProxy.SendMessage: Invoking callback 1/1 for Microsoft.VisualStudio.TestPlatform.CrossPlatEngine.Execution.RunTestsWithSources., took 0 ms.
TpTrace Information: 0 : 13832, 4, 2024/07/03, 20:47:12.109, 286985055204, testhost.dll, [xUnit.net 00:00:00.28]   Discovered:  P7CreateRestApi.Tests
TpTrace Verbose: 0 : 13832, 4, 2024/07/03, 20:47:12.109, 286985057370, testhost.dll, TestRequestHandler.SendData: sending data from testhost: {"Version":7,"MessageType":"TestSession.Message","Payload":{"MessageLevel":0,"Message":"[xUnit.net 00:00:00.28]   Discovered:  P7CreateRestApi.Tests"}}
TpTrace Verbose: 0 : 13832, 4, 2024/07/03, 20:47:12.109, 286985058980, testhost.dll, MulticastDelegateUtilities.SafeInvoke: TestRunMessageLoggerProxy.SendMessage: Invoking callback 1/1 for Microsoft.VisualStudio.TestPlatform.CrossPlatEngine.Execution.RunTestsWithSources., took 0 ms.
TpTrace Information: 0 : 13832, 4, 2024/07/03, 20:47:12.113, 286985095651, testhost.dll, [xUnit.net 00:00:00.28]   Starting:    P7CreateRestApi.Tests
TpTrace Verbose: 0 : 13832, 4, 2024/07/03, 20:47:12.113, 286985098459, testhost.dll, TestRequestHandler.SendData: sending data from testhost: {"Version":7,"MessageType":"TestSession.Message","Payload":{"MessageLevel":0,"Message":"[xUnit.net 00:00:00.28]   Starting:    P7CreateRestApi.Tests"}}
TpTrace Verbose: 0 : 13832, 4, 2024/07/03, 20:47:12.113, 286985100177, testhost.dll, MulticastDelegateUtilities.SafeInvoke: TestRunMessageLoggerProxy.SendMessage: Invoking callback 1/1 for Microsoft.VisualStudio.TestPlatform.CrossPlatEngine.Execution.RunTestsWithSources., took 0 ms.
TpTrace Verbose: 0 : 13832, 16, 2024/07/03, 20:47:12.158, 286985545986, testhost.dll, TestExecutionRecorder.RecordStart: Starting test: P7CreateRestApi.Tests.CurveControllerTests.CreateCurvePoint_ShouldReturnInternalServerError_WhenExceptionIsThrown.
TpTrace Verbose: 0 : 13832, 16, 2024/07/03, 20:47:12.215, 286986117265, testhost.dll, MulticastDelegateUtilities.SafeInvoke: TestCaseEventsHandler.RaiseTestCaseStart: Invoking callback 1/1 for Microsoft.VisualStudio.TestPlatform.CrossPlatEngine.DataCollection.ProxyOutOfProcDataCollectionManager., took 54 ms.
TpTrace Verbose: 0 : 13832, 16, 2024/07/03, 20:47:12.216, 286986123461, testhost.dll, TestExecutionRecorder.RecordStart: Starting test: P7CreateRestApi.Tests.BidListControllerTests.UpdateBid_ShouldReturnNoContent_WhenUpdateIsSuccessful.
TpTrace Verbose: 0 : 13832, 16, 2024/07/03, 20:47:12.220, 286986164430, testhost.dll, MulticastDelegateUtilities.SafeInvoke: TestCaseEventsHandler.RaiseTestCaseStart: Invoking callback 1/1 for Microsoft.VisualStudio.TestPlatform.CrossPlatEngine.DataCollection.ProxyOutOfProcDataCollectionManager., took 3 ms.
TpTrace Verbose: 0 : 13832, 16, 2024/07/03, 20:47:12.220, 286986167916, testhost.dll, TestExecutionRecorder.RecordStart: Starting test: P7CreateRestApi.Tests.RatingControllerTests.UpdateRating_ShouldReturnBadRequest_WhenIdDoesNotMatch.
TpTrace Verbose: 0 : 13832, 16, 2024/07/03, 20:47:12.223, 286986193396, testhost.dll, MulticastDelegateUtilities.SafeInvoke: TestCaseEventsHandler.RaiseTestCaseStart: Invoking callback 1/1 for Microsoft.VisualStudio.TestPlatform.CrossPlatEngine.DataCollection.ProxyOutOfProcDataCollectionManager., took 2 ms.
TpTrace Verbose: 0 : 13832, 16, 2024/07/03, 20:47:12.336, 286987327412, testhost.dll, TestExecutionRecorder.RecordResult: Received result for test: P7CreateRestApi.Tests.RatingControllerTests.UpdateRating_ShouldReturnBadRequest_WhenIdDoesNotMatch.
TpTrace Verbose: 0 : 13832, 16, 2024/07/03, 20:47:12.351, 286987479495, testhost.dll, MulticastDelegateUtilities.SafeInvoke: TestCaseEventsHandler.RaiseTestCaseEnd: Invoking callback 1/1 for Microsoft.VisualStudio.TestPlatform.CrossPlatEngine.DataCollection.ProxyOutOfProcDataCollectionManager., took 14 ms.
TpTrace Verbose: 0 : 13832, 16, 2024/07/03, 20:47:12.353, 286987495698, testhost.dll, MulticastDelegateUtilities.SafeInvoke: TestCaseEventsHandler.RaiseTestCaseEnd: Invoking callback 1/1 for Microsoft.VisualStudio.TestPlatform.CrossPlatEngine.DataCollection.ProxyOutOfProcDataCollectionManager., took 0 ms.
TpTrace Verbose: 0 : 13832, 16, 2024/07/03, 20:47:12.356, 286987525098, testhost.dll, TestExecutionRecorder.RecordEnd: test: P7CreateRestApi.Tests.RatingControllerTests.UpdateRating_ShouldReturnBadRequest_WhenIdDoesNotMatch execution completed.
TpTrace Verbose: 0 : 13832, 16, 2024/07/03, 20:47:12.356, 286987528967, testhost.dll, TestExecutionRecorder.RecordStart: Starting test: P7CreateRestApi.Tests.RatingControllerTests.GetRatingById_ShouldReturnInternalServerError_WhenExceptionIsThrown.
TpTrace Verbose: 0 : 13832, 16, 2024/07/03, 20:47:12.358, 286987544712, testhost.dll, MulticastDelegateUtilities.SafeInvoke: TestCaseEventsHandler.RaiseTestCaseStart: Invoking callback 1/1 for Microsoft.VisualStudio.TestPlatform.CrossPlatEngine.DataCollection.ProxyOutOfProcDataCollectionManager., took 1 ms.
TpTrace Verbose: 0 : 13832, 16, 2024/07/03, 20:47:12.358, 286987546475, testhost.dll, TestExecutionRecorder.RecordResult: Received result for test: P7CreateRestApi.Tests.RatingControllerTests.GetRatingById_ShouldReturnInternalServerError_WhenExceptionIsThrown.
TpTrace Verbose: 0 : 13832, 16, 2024/07/03, 20:47:12.360, 286987562102, testhost.dll, MulticastDelegateUtilities.SafeInvoke: TestCaseEventsHandler.RaiseTestCaseEnd: Invoking callback 1/1 for Microsoft.VisualStudio.TestPlatform.CrossPlatEngine.DataCollection.ProxyOutOfProcDataCollectionManager., took 1 ms.
TpTrace Verbose: 0 : 13832, 16, 2024/07/03, 20:47:12.360, 286987564770, testhost.dll, MulticastDelegateUtilities.SafeInvoke: TestCaseEventsHandler.RaiseTestCaseEnd: Invoking callback 1/1 for Microsoft.VisualStudio.TestPlatform.CrossPlatEngine.DataCollection.ProxyOutOfProcDataCollectionManager., took 0 ms.
TpTrace Verbose: 0 : 13832, 16, 2024/07/03, 20:47:12.360, 286987567906, testhost.dll, TestExecutionRecorder.RecordEnd: test: P7CreateRestApi.Tests.RatingControllerTests.GetRatingById_ShouldReturnInternalServerError_WhenExceptionIsThrown execution completed.
TpTrace Verbose: 0 : 13832, 16, 2024/07/03, 20:47:12.360, 286987568537, testhost.dll, TestExecutionRecorder.RecordStart: Starting test: P7CreateRestApi.Tests.RatingControllerTests.CreateRating_ShouldReturnInternalServerError_WhenExceptionIsThrown.
TpTrace Verbose: 0 : 13832, 16, 2024/07/03, 20:47:12.361, 286987578769, testhost.dll, MulticastDelegateUtilities.SafeInvoke: TestCaseEventsHandler.RaiseTestCaseStart: Invoking callback 1/1 for Microsoft.VisualStudio.TestPlatform.CrossPlatEngine.DataCollection.ProxyOutOfProcDataCollectionManager., took 0 ms.
TpTrace Verbose: 0 : 13832, 16, 2024/07/03, 20:47:12.361, 286987579768, testhost.dll, TestExecutionRecorder.RecordResult: Received result for test: P7CreateRestApi.Tests.CurveControllerTests.CreateCurvePoint_ShouldReturnInternalServerError_WhenExceptionIsThrown.
TpTrace Verbose: 0 : 13832, 16, 2024/07/03, 20:47:12.362, 286987590002, testhost.dll, MulticastDelegateUtilities.SafeInvoke: TestCaseEventsHandler.RaiseTestCaseEnd: Invoking callback 1/1 for Microsoft.VisualStudio.TestPlatform.CrossPlatEngine.DataCollection.ProxyOutOfProcDataCollectionManager., took 0 ms.
TpTrace Verbose: 0 : 13832, 16, 2024/07/03, 20:47:12.362, 286987590889, testhost.dll, MulticastDelegateUtilities.SafeInvoke: TestCaseEventsHandler.RaiseTestCaseEnd: Invoking callback 1/1 for Microsoft.VisualStudio.TestPlatform.CrossPlatEngine.DataCollection.ProxyOutOfProcDataCollectionManager., took 0 ms.
TpTrace Verbose: 0 : 13832, 16, 2024/07/03, 20:47:12.363, 286987591627, testhost.dll, TestExecutionRecorder.RecordEnd: test: P7CreateRestApi.Tests.CurveControllerTests.CreateCurvePoint_ShouldReturnInternalServerError_WhenExceptionIsThrown execution completed.
TpTrace Verbose: 0 : 13832, 16, 2024/07/03, 20:47:12.363, 286987592129, testhost.dll, TestExecutionRecorder.RecordStart: Starting test: P7CreateRestApi.Tests.CurveControllerTests.GetAllCurvePoints_ShouldReturnNotFound_WhenNoCurvePointsExist.
TpTrace Verbose: 0 : 13832, 16, 2024/07/03, 20:47:12.363, 286987600687, testhost.dll, MulticastDelegateUtilities.SafeInvoke: TestCaseEventsHandler.RaiseTestCaseStart: Invoking callback 1/1 for Microsoft.VisualStudio.TestPlatform.CrossPlatEngine.DataCollection.ProxyOutOfProcDataCollectionManager., took 0 ms.
TpTrace Verbose: 0 : 13832, 16, 2024/07/03, 20:47:12.363, 286987601573, testhost.dll, TestExecutionRecorder.RecordResult: Received result for test: P7CreateRestApi.Tests.CurveControllerTests.GetAllCurvePoints_ShouldReturnNotFound_WhenNoCurvePointsExist.
TpTrace Verbose: 0 : 13832, 16, 2024/07/03, 20:47:12.364, 286987609203, testhost.dll, MulticastDelegateUtilities.SafeInvoke: TestCaseEventsHandler.RaiseTestCaseEnd: Invoking callback 1/1 for Microsoft.VisualStudio.TestPlatform.CrossPlatEngine.DataCollection.ProxyOutOfProcDataCollectionManager., took 0 ms.
TpTrace Verbose: 0 : 13832, 16, 2024/07/03, 20:47:12.364, 286987609948, testhost.dll, MulticastDelegateUtilities.SafeInvoke: TestCaseEventsHandler.RaiseTestCaseEnd: Invoking callback 1/1 for Microsoft.VisualStudio.TestPlatform.CrossPlatEngine.DataCollection.ProxyOutOfProcDataCollectionManager., took 0 ms.
TpTrace Verbose: 0 : 13832, 16, 2024/07/03, 20:47:12.364, 286987610459, testhost.dll, TestExecutionRecorder.RecordEnd: test: P7CreateRestApi.Tests.CurveControllerTests.GetAllCurvePoints_ShouldReturnNotFound_WhenNoCurvePointsExist execution completed.
TpTrace Verbose: 0 : 13832, 16, 2024/07/03, 20:47:12.364, 286987610769, testhost.dll, TestExecutionRecorder.RecordStart: Starting test: P7CreateRestApi.Tests.CurveControllerTests.GetAllCurvePoints_ShouldReturnOk_WhenCurvePointsExist.
TpTrace Verbose: 0 : 13832, 16, 2024/07/03, 20:47:12.365, 286987618925, testhost.dll, MulticastDelegateUtilities.SafeInvoke: TestCaseEventsHandler.RaiseTestCaseStart: Invoking callback 1/1 for Microsoft.VisualStudio.TestPlatform.CrossPlatEngine.DataCollection.ProxyOutOfProcDataCollectionManager., took 0 ms.
TpTrace Verbose: 0 : 13832, 16, 2024/07/03, 20:47:12.365, 286987619852, testhost.dll, TestExecutionRecorder.RecordResult: Received result for test: P7CreateRestApi.Tests.RatingControllerTests.CreateRating_ShouldReturnInternalServerError_WhenExceptionIsThrown.
TpTrace Verbose: 0 : 13832, 16, 2024/07/03, 20:47:12.366, 286987628917, testhost.dll, MulticastDelegateUtilities.SafeInvoke: TestCaseEventsHandler.RaiseTestCaseEnd: Invoking callback 1/1 for Microsoft.VisualStudio.TestPlatform.CrossPlatEngine.DataCollection.ProxyOutOfProcDataCollectionManager., took 0 ms.
TpTrace Verbose: 0 : 13832, 16, 2024/07/03, 20:47:12.366, 286987629705, testhost.dll, MulticastDelegateUtilities.SafeInvoke: TestCaseEventsHandler.RaiseTestCaseEnd: Invoking callback 1/1 for Microsoft.VisualStudio.TestPlatform.CrossPlatEngine.DataCollection.ProxyOutOfProcDataCollectionManager., took 0 ms.
TpTrace Verbose: 0 : 13832, 16, 2024/07/03, 20:47:12.366, 286987630204, testhost.dll, TestExecutionRecorder.RecordEnd: test: P7CreateRestApi.Tests.RatingControllerTests.CreateRating_ShouldReturnInternalServerError_WhenExceptionIsThrown execution completed.
TpTrace Verbose: 0 : 13832, 16, 2024/07/03, 20:47:12.366, 286987630512, testhost.dll, TestExecutionRecorder.RecordStart: Starting test: P7CreateRestApi.Tests.RatingControllerTests.GetRatingById_ShouldReturnNotFound_WhenRatingDoesNotExist.
TpTrace Verbose: 0 : 13832, 16, 2024/07/03, 20:47:12.367, 286987638381, testhost.dll, MulticastDelegateUtilities.SafeInvoke: TestCaseEventsHandler.RaiseTestCaseStart: Invoking callback 1/1 for Microsoft.VisualStudio.TestPlatform.CrossPlatEngine.DataCollection.ProxyOutOfProcDataCollectionManager., took 0 ms.
TpTrace Verbose: 0 : 13832, 16, 2024/07/03, 20:47:12.367, 286987639592, testhost.dll, TestExecutionRecorder.RecordResult: Received result for test: P7CreateRestApi.Tests.RatingControllerTests.GetRatingById_ShouldReturnNotFound_WhenRatingDoesNotExist.
TpTrace Verbose: 0 : 13832, 16, 2024/07/03, 20:47:12.368, 286987647850, testhost.dll, MulticastDelegateUtilities.SafeInvoke: TestCaseEventsHandler.RaiseTestCaseEnd: Invoking callback 1/1 for Microsoft.VisualStudio.TestPlatform.CrossPlatEngine.DataCollection.ProxyOutOfProcDataCollectionManager., took 0 ms.
TpTrace Verbose: 0 : 13832, 16, 2024/07/03, 20:47:12.368, 286987648476, testhost.dll, MulticastDelegateUtilities.SafeInvoke: TestCaseEventsHandler.RaiseTestCaseEnd: Invoking callback 1/1 for Microsoft.VisualStudio.TestPlatform.CrossPlatEngine.DataCollection.ProxyOutOfProcDataCollectionManager., took 0 ms.
TpTrace Verbose: 0 : 13832, 16, 2024/07/03, 20:47:12.368, 286987648922, testhost.dll, TestExecutionRecorder.RecordEnd: test: P7CreateRestApi.Tests.RatingControllerTests.GetRatingById_ShouldReturnNotFound_WhenRatingDoesNotExist execution completed.
TpTrace Verbose: 0 : 13832, 16, 2024/07/03, 20:47:12.368, 286987649207, testhost.dll, TestExecutionRecorder.RecordStart: Starting test: P7CreateRestApi.Tests.RatingControllerTests.DeleteRating_ShouldReturnNoContent_WhenDeleteIsSuccessful.
TpTrace Verbose: 0 : 13832, 16, 2024/07/03, 20:47:12.369, 286987655778, testhost.dll, MulticastDelegateUtilities.SafeInvoke: TestCaseEventsHandler.RaiseTestCaseStart: Invoking callback 1/1 for Microsoft.VisualStudio.TestPlatform.CrossPlatEngine.DataCollection.ProxyOutOfProcDataCollectionManager., took 0 ms.
TpTrace Verbose: 0 : 13832, 16, 2024/07/03, 20:47:12.369, 286987656424, testhost.dll, TestExecutionRecorder.RecordResult: Received result for test: P7CreateRestApi.Tests.BidListControllerTests.UpdateBid_ShouldReturnNoContent_WhenUpdateIsSuccessful.
TpTrace Verbose: 0 : 13832, 16, 2024/07/03, 20:47:12.370, 286987663009, testhost.dll, MulticastDelegateUtilities.SafeInvoke: TestCaseEventsHandler.RaiseTestCaseEnd: Invoking callback 1/1 for Microsoft.VisualStudio.TestPlatform.CrossPlatEngine.DataCollection.ProxyOutOfProcDataCollectionManager., took 0 ms.
TpTrace Verbose: 0 : 13832, 16, 2024/07/03, 20:47:12.370, 286987663573, testhost.dll, MulticastDelegateUtilities.SafeInvoke: TestCaseEventsHandler.RaiseTestCaseEnd: Invoking callback 1/1 for Microsoft.VisualStudio.TestPlatform.CrossPlatEngine.DataCollection.ProxyOutOfProcDataCollectionManager., took 0 ms.
TpTrace Verbose: 0 : 13832, 16, 2024/07/03, 20:47:12.370, 286987663976, testhost.dll, TestExecutionRecorder.RecordEnd: test: P7CreateRestApi.Tests.BidListControllerTests.UpdateBid_ShouldReturnNoContent_WhenUpdateIsSuccessful execution completed.
TpTrace Verbose: 0 : 13832, 16, 2024/07/03, 20:47:12.370, 286987664275, testhost.dll, TestExecutionRecorder.RecordStart: Starting test: P7CreateRestApi.Tests.BidListControllerTests.CreateBid_ShouldReturnBadRequest_WhenBidIsNull.
TpTrace Information: 0 : 13832, 16, 2024/07/03, 20:47:12.371, 286987681015, testhost.dll, Sending test run statistics
TpTrace Verbose: 0 : 13832, 16, 2024/07/03, 20:47:12.392, 286987886255, testhost.dll, TestRequestHandler.SendData: sending data from testhost: {"Version":7,"MessageType":"TestExecution.StatsChange","Payload":{"NewTestResults":[{"TestCase":{"Id":"dce18ec3-456e-8194-e43e-c34562f8901b","FullyQualifiedName":"P7CreateRestApi.Tests.RatingControllerTests.UpdateRating_ShouldReturnBadRequest_WhenIdDoesNotMatch","DisplayName":"P7CreateRestApi.Tests.RatingControllerTests.UpdateRating_ShouldReturnBadRequest_WhenIdDoesNotMatch","ExecutorUri":"executor://xunit/VsTestRunner2/netcoreapp","Source":"C:\\Users\\brandon.ku\\source\\repos\\OCProjet7_Findexium\\P7CreateRestApi.Tests\\bin\\Debug\\net8.0\\fine-code-coverage\\build-output\\P7CreateRestApi.Tests.dll","CodeFilePath":null,"LineNumber":0,"Properties":[]},"Attachments":[],"Outcome":1,"ErrorMessage":null,"ErrorStackTrace":null,"DisplayName":"P7CreateRestApi.Tests.RatingControllerTests.UpdateRating_ShouldReturnBadRequest_WhenIdDoesNotMatch","Messages":[],"ComputerName":"PB22039","Duration":"00:00:00.1608109","StartTime":"2024-07-03T18:47:12.3360695+00:00","EndTime":"2024-07-03T18:47:12.3360861+00:00","Properties":[]},{"TestCase":{"Id":"ca5c2052-a368-50ed-9a9e-6f1898ad3699","FullyQualifiedName":"P7CreateRestApi.Tests.RatingControllerTests.GetRatingById_ShouldReturnInternalServerError_WhenExceptionIsThrown","DisplayName":"P7CreateRestApi.Tests.RatingControllerTests.GetRatingById_ShouldReturnInternalServerError_WhenExceptionIsThrown","ExecutorUri":"executor://xunit/VsTestRunner2/netcoreapp","Source":"C:\\Users\\brandon.ku\\source\\repos\\OCProjet7_Findexium\\P7CreateRestApi.Tests\\bin\\Debug\\net8.0\\fine-code-coverage\\build-output\\P7CreateRestApi.Tests.dll","CodeFilePath":null,"LineNumber":0,"Properties":[]},"Attachments":[],"Outcome":1,"ErrorMessage":null,"ErrorStackTrace":null,"DisplayName":"P7CreateRestApi.Tests.RatingControllerTests.GetRatingById_ShouldReturnInternalServerError_WhenExceptionIsThrown","Messages":[],"ComputerName":"PB22039","Duration":"00:00:00.0097254","StartTime":"2024-07-03T18:47:12.3584719+00:00","EndTime":"2024-07-03T18:47:12.3584719+00:00","Properties":[]},{"TestCase":{"Id":"9e3cb094-b470-9a8b-7db7-414a45b03a0f","FullyQualifiedName":"P7CreateRestApi.Tests.CurveControllerTests.CreateCurvePoint_ShouldReturnInternalServerError_WhenExceptionIsThrown","DisplayName":"P7CreateRestApi.Tests.CurveControllerTests.CreateCurvePoint_ShouldReturnInternalServerError_WhenExceptionIsThrown","ExecutorUri":"executor://xunit/VsTestRunner2/netcoreapp","Source":"C:\\Users\\brandon.ku\\source\\repos\\OCProjet7_Findexium\\P7CreateRestApi.Tests\\bin\\Debug\\net8.0\\fine-code-coverage\\build-output\\P7CreateRestApi.Tests.dll","CodeFilePath":null,"LineNumber":0,"Properties":[]},"Attachments":[],"Outcome":1,"ErrorMessage":null,"ErrorStackTrace":null,"DisplayName":"P7CreateRestApi.Tests.CurveControllerTests.CreateCurvePoint_ShouldReturnInternalServerError_WhenExceptionIsThrown","Messages":[],"ComputerName":"PB22039","Duration":"00:00:00.1749760","StartTime":"2024-07-03T18:47:12.3618067+00:00","EndTime":"2024-07-03T18:47:12.3618068+00:00","Properties":[]},{"TestCase":{"Id":"9d2662ac-6bbc-bada-05bd-44e5dc7ca47c","FullyQualifiedName":"P7CreateRestApi.Tests.CurveControllerTests.GetAllCurvePoints_ShouldReturnNotFound_WhenNoCurvePointsExist","DisplayName":"P7CreateRestApi.Tests.CurveControllerTests.GetAllCurvePoints_ShouldReturnNotFound_WhenNoCurvePointsExist","ExecutorUri":"executor://xunit/VsTestRunner2/netcoreapp","Source":"C:\\Users\\brandon.ku\\source\\repos\\OCProjet7_Findexium\\P7CreateRestApi.Tests\\bin\\Debug\\net8.0\\fine-code-coverage\\build-output\\P7CreateRestApi.Tests.dll","CodeFilePath":null,"LineNumber":0,"Properties":[]},"Attachments":[],"Outcome":1,"ErrorMessage":null,"ErrorStackTrace":null,"DisplayName":"P7CreateRestApi.Tests.CurveControllerTests.GetAllCurvePoints_ShouldReturnNotFound_WhenNoCurvePointsExist","Messages":[],"ComputerName":"PB22039","Duration":"00:00:00.0029557","StartTime":"2024-07-03T18:47:12.3639892+00:00","EndTime":"2024-07-03T18:47:12.3639893+00:00","Properties":[]},{"TestCase":{"Id":"e0912312-0c28-ab99-e524-1399dc0d2284","FullyQualifiedName":"P7CreateRestApi.Tests.RatingControllerTests.CreateRating_ShouldReturnInternalServerError_WhenExceptionIsThrown","DisplayName":"P7CreateRestApi.Tests.RatingControllerTests.CreateRating_ShouldReturnInternalServerError_WhenExceptionIsThrown","ExecutorUri":"executor://xunit/VsTestRunner2/netcoreapp","Source":"C:\\Users\\brandon.ku\\source\\repos\\OCProjet7_Findexium\\P7CreateRestApi.Tests\\bin\\Debug\\net8.0\\fine-code-coverage\\build-output\\P7CreateRestApi.Tests.dll","CodeFilePath":null,"LineNumber":0,"Properties":[]},"Attachments":[],"Outcome":1,"ErrorMessage":null,"ErrorStackTrace":null,"DisplayName":"P7CreateRestApi.Tests.RatingControllerTests.CreateRating_ShouldReturnInternalServerError_WhenExceptionIsThrown","Messages":[],"ComputerName":"PB22039","Duration":"00:00:00.0038622","StartTime":"2024-07-03T18:47:12.3658172+00:00","EndTime":"2024-07-03T18:47:12.3658173+00:00","Properties":[]},{"TestCase":{"Id":"459fe1c8-27b8-b5f7-3589-e3fe594225b8","FullyQualifiedName":"P7CreateRestApi.Tests.RatingControllerTests.GetRatingById_ShouldReturnNotFound_WhenRatingDoesNotExist","DisplayName":"P7CreateRestApi.Tests.RatingControllerTests.GetRatingById_ShouldReturnNotFound_WhenRatingDoesNotExist","ExecutorUri":"executor://xunit/VsTestRunner2/netcoreapp","Source":"C:\\Users\\brandon.ku\\source\\repos\\OCProjet7_Findexium\\P7CreateRestApi.Tests\\bin\\Debug\\net8.0\\fine-code-coverage\\build-output\\P7CreateRestApi.Tests.dll","CodeFilePath":null,"LineNumber":0,"Properties":[]},"Attachments":[],"Outcome":1,"ErrorMessage":null,"ErrorStackTrace":null,"DisplayName":"P7CreateRestApi.Tests.RatingControllerTests.GetRatingById_ShouldReturnNotFound_WhenRatingDoesNotExist","Messages":[],"ComputerName":"PB22039","Duration":"00:00:00.0009148","StartTime":"2024-07-03T18:47:12.3677902+00:00","EndTime":"2024-07-03T18:47:12.3677903+00:00","Properties":[]},{"TestCase":{"Id":"638b88f7-1548-95a2-86e4-21f3d42948cb","FullyQualifiedName":"P7CreateRestApi.Tests.BidListControllerTests.UpdateBid_ShouldReturnNoContent_WhenUpdateIsSuccessful","DisplayName":"P7CreateRestApi.Tests.BidListControllerTests.UpdateBid_ShouldReturnNoContent_WhenUpdateIsSuccessful","ExecutorUri":"executor://xunit/VsTestRunner2/netcoreapp","Source":"C:\\Users\\brandon.ku\\source\\repos\\OCProjet7_Findexium\\P7CreateRestApi.Tests\\bin\\Debug\\net8.0\\fine-code-coverage\\build-output\\P7CreateRestApi.Tests.dll","CodeFilePath":null,"LineNumber":0,"Properties":[]},"Attachments":[],"Outcome":1,"ErrorMessage":null,"ErrorStackTrace":null,"DisplayName":"P7CreateRestApi.Tests.BidListControllerTests.UpdateBid_ShouldReturnNoContent_WhenUpdateIsSuccessful","Messages":[],"ComputerName":"PB22039","Duration":"00:00:00.1832927","StartTime":"2024-07-03T18:47:12.3694761+00:00","EndTime":"2024-07-03T18:47:12.3694762+00:00","Properties":[]}],"TestRunStatistics":{"ExecutedTests":7,"Stats":{"Passed":7}},"ActiveTests":[{"Id":"f92623e0-a1d8-9f96-fb61-fcd8650227c0","FullyQualifiedName":"P7CreateRestApi.Tests.CurveControllerTests.GetAllCurvePoints_ShouldReturnOk_WhenCurvePointsExist","DisplayName":"P7CreateRestApi.Tests.CurveControllerTests.GetAllCurvePoints_ShouldReturnOk_WhenCurvePointsExist","ExecutorUri":"executor://xunit/VsTestRunner2/netcoreapp","Source":"C:\\Users\\brandon.ku\\source\\repos\\OCProjet7_Findexium\\P7CreateRestApi.Tests\\bin\\Debug\\net8.0\\fine-code-coverage\\build-output\\P7CreateRestApi.Tests.dll","CodeFilePath":null,"LineNumber":0,"Properties":[]},{"Id":"4f0b5aa7-f6b1-2b3e-929f-3ed705be73d2","FullyQualifiedName":"P7CreateRestApi.Tests.RatingControllerTests.DeleteRating_ShouldReturnNoContent_WhenDeleteIsSuccessful","DisplayName":"P7CreateRestApi.Tests.RatingControllerTests.DeleteRating_ShouldReturnNoContent_WhenDeleteIsSuccessful","ExecutorUri":"executor://xunit/VsTestRunner2/netcoreapp","Source":"C:\\Users\\brandon.ku\\source\\repos\\OCProjet7_Findexium\\P7CreateRestApi.Tests\\bin\\Debug\\net8.0\\fine-code-coverage\\build-output\\P7CreateRestApi.Tests.dll","CodeFilePath":null,"LineNumber":0,"Properties":[]},{"Id":"cf42d8ef-66e1-fd5e-7181-e3671b12e6a5","FullyQualifiedName":"P7CreateRestApi.Tests.BidListControllerTests.CreateBid_ShouldReturnBadRequest_WhenBidIsNull","DisplayName":"P7CreateRestApi.Tests.BidListControllerTests.CreateBid_ShouldReturnBadRequest_WhenBidIsNull","ExecutorUri":"executor://xunit/VsTestRunner2/netcoreapp","Source":"C:\\Users\\brandon.ku\\source\\repos\\OCProjet7_Findexium\\P7CreateRestApi.Tests\\bin\\Debug\\net8.0\\fine-code-coverage\\build-output\\P7CreateRestApi.Tests.dll","CodeFilePath":null,"LineNumber":0,"Properties":[]}]}}
TpTrace Verbose: 0 : 13832, 16, 2024/07/03, 20:47:12.392, 286987890477, testhost.dll, TestRunCache: OnNewTestResult: Notified the onCacheHit callback.
TpTrace Verbose: 0 : 13832, 16, 2024/07/03, 20:47:12.394, 286987903661, testhost.dll, MulticastDelegateUtilities.SafeInvoke: TestCaseEventsHandler.RaiseTestCaseStart: Invoking callback 1/1 for Microsoft.VisualStudio.TestPlatform.CrossPlatEngine.DataCollection.ProxyOutOfProcDataCollectionManager., took 1 ms.
TpTrace Verbose: 0 : 13832, 16, 2024/07/03, 20:47:12.394, 286987905325, testhost.dll, TestExecutionRecorder.RecordResult: Received result for test: P7CreateRestApi.Tests.CurveControllerTests.GetAllCurvePoints_ShouldReturnOk_WhenCurvePointsExist.
TpTrace Verbose: 0 : 13832, 16, 2024/07/03, 20:47:12.395, 286987915091, testhost.dll, MulticastDelegateUtilities.SafeInvoke: TestCaseEventsHandler.RaiseTestCaseEnd: Invoking callback 1/1 for Microsoft.VisualStudio.TestPlatform.CrossPlatEngine.DataCollection.ProxyOutOfProcDataCollectionManager., took 0 ms.
TpTrace Verbose: 0 : 13832, 16, 2024/07/03, 20:47:12.395, 286987916242, testhost.dll, MulticastDelegateUtilities.SafeInvoke: TestCaseEventsHandler.RaiseTestCaseEnd: Invoking callback 1/1 for Microsoft.VisualStudio.TestPlatform.CrossPlatEngine.DataCollection.ProxyOutOfProcDataCollectionManager., took 0 ms.
TpTrace Warning: 0 : 13832, 16, 2024/07/03, 20:47:12.395, 286987916573, testhost.dll, TestRunCache: InProgressTests is null
TpTrace Warning: 0 : 13832, 16, 2024/07/03, 20:47:12.395, 286987917372, testhost.dll, TestRunCache: No test found corresponding to testResult 'P7CreateRestApi.Tests.CurveControllerTests.GetAllCurvePoints_ShouldReturnOk_WhenCurvePointsExist' in inProgress list.
TpTrace Verbose: 0 : 13832, 16, 2024/07/03, 20:47:12.395, 286987918022, testhost.dll, TestExecutionRecorder.RecordEnd: test: P7CreateRestApi.Tests.CurveControllerTests.GetAllCurvePoints_ShouldReturnOk_WhenCurvePointsExist execution completed.
TpTrace Warning: 0 : 13832, 16, 2024/07/03, 20:47:12.395, 286987918296, testhost.dll, TestRunCache: InProgressTests is null
TpTrace Verbose: 0 : 13832, 16, 2024/07/03, 20:47:12.395, 286987918643, testhost.dll, TestExecutionRecorder.RecordStart: Starting test: P7CreateRestApi.Tests.CurveControllerTests.CreateCurvePoint_ShouldReturnCreated_WhenCurvePointIsValid.
TpTrace Verbose: 0 : 13832, 16, 2024/07/03, 20:47:12.396, 286987928316, testhost.dll, MulticastDelegateUtilities.SafeInvoke: TestCaseEventsHandler.RaiseTestCaseStart: Invoking callback 1/1 for Microsoft.VisualStudio.TestPlatform.CrossPlatEngine.DataCollection.ProxyOutOfProcDataCollectionManager., took 0 ms.
TpTrace Verbose: 0 : 13832, 16, 2024/07/03, 20:47:12.396, 286987929364, testhost.dll, TestExecutionRecorder.RecordResult: Received result for test: P7CreateRestApi.Tests.BidListControllerTests.CreateBid_ShouldReturnBadRequest_WhenBidIsNull.
TpTrace Verbose: 0 : 13832, 16, 2024/07/03, 20:47:12.397, 286987938907, testhost.dll, MulticastDelegateUtilities.SafeInvoke: TestCaseEventsHandler.RaiseTestCaseEnd: Invoking callback 1/1 for Microsoft.VisualStudio.TestPlatform.CrossPlatEngine.DataCollection.ProxyOutOfProcDataCollectionManager., took 0 ms.
TpTrace Verbose: 0 : 13832, 16, 2024/07/03, 20:47:12.397, 286987939502, testhost.dll, MulticastDelegateUtilities.SafeInvoke: TestCaseEventsHandler.RaiseTestCaseEnd: Invoking callback 1/1 for Microsoft.VisualStudio.TestPlatform.CrossPlatEngine.DataCollection.ProxyOutOfProcDataCollectionManager., took 0 ms.
TpTrace Warning: 0 : 13832, 16, 2024/07/03, 20:47:12.397, 286987939947, testhost.dll, TestRunCache: No test found corresponding to testResult 'P7CreateRestApi.Tests.BidListControllerTests.CreateBid_ShouldReturnBadRequest_WhenBidIsNull' in inProgress list.
TpTrace Verbose: 0 : 13832, 16, 2024/07/03, 20:47:12.397, 286987940303, testhost.dll, TestExecutionRecorder.RecordEnd: test: P7CreateRestApi.Tests.BidListControllerTests.CreateBid_ShouldReturnBadRequest_WhenBidIsNull execution completed.
TpTrace Verbose: 0 : 13832, 16, 2024/07/03, 20:47:12.397, 286987940583, testhost.dll, TestExecutionRecorder.RecordStart: Starting test: P7CreateRestApi.Tests.BidListControllerTests.UpdateBid_ShouldReturnInternalServerError_WhenExceptionIsThrown.
TpTrace Verbose: 0 : 13832, 16, 2024/07/03, 20:47:12.398, 286987947718, testhost.dll, MulticastDelegateUtilities.SafeInvoke: TestCaseEventsHandler.RaiseTestCaseStart: Invoking callback 1/1 for Microsoft.VisualStudio.TestPlatform.CrossPlatEngine.DataCollection.ProxyOutOfProcDataCollectionManager., took 0 ms.
TpTrace Verbose: 0 : 13832, 16, 2024/07/03, 20:47:12.398, 286987948791, testhost.dll, TestExecutionRecorder.RecordResult: Received result for test: P7CreateRestApi.Tests.RatingControllerTests.DeleteRating_ShouldReturnNoContent_WhenDeleteIsSuccessful.
TpTrace Verbose: 0 : 13832, 16, 2024/07/03, 20:47:12.399, 286987959774, testhost.dll, MulticastDelegateUtilities.SafeInvoke: TestCaseEventsHandler.RaiseTestCaseEnd: Invoking callback 1/1 for Microsoft.VisualStudio.TestPlatform.CrossPlatEngine.DataCollection.ProxyOutOfProcDataCollectionManager., took 1 ms.
TpTrace Verbose: 0 : 13832, 16, 2024/07/03, 20:47:12.399, 286987960464, testhost.dll, MulticastDelegateUtilities.SafeInvoke: TestCaseEventsHandler.RaiseTestCaseEnd: Invoking callback 1/1 for Microsoft.VisualStudio.TestPlatform.CrossPlatEngine.DataCollection.ProxyOutOfProcDataCollectionManager., took 0 ms.
TpTrace Warning: 0 : 13832, 16, 2024/07/03, 20:47:12.399, 286987960856, testhost.dll, TestRunCache: No test found corresponding to testResult 'P7CreateRestApi.Tests.RatingControllerTests.DeleteRating_ShouldReturnNoContent_WhenDeleteIsSuccessful' in inProgress list.
TpTrace Verbose: 0 : 13832, 16, 2024/07/03, 20:47:12.399, 286987961243, testhost.dll, TestExecutionRecorder.RecordEnd: test: P7CreateRestApi.Tests.RatingControllerTests.DeleteRating_ShouldReturnNoContent_WhenDeleteIsSuccessful execution completed.
TpTrace Verbose: 0 : 13832, 16, 2024/07/03, 20:47:12.399, 286987961571, testhost.dll, TestExecutionRecorder.RecordStart: Starting test: P7CreateRestApi.Tests.RatingControllerTests.CreateRating_ShouldReturnCreated_WhenRatingIsValid.
TpTrace Verbose: 0 : 13832, 16, 2024/07/03, 20:47:12.400, 286987971311, testhost.dll, MulticastDelegateUtilities.SafeInvoke: TestCaseEventsHandler.RaiseTestCaseStart: Invoking callback 1/1 for Microsoft.VisualStudio.TestPlatform.CrossPlatEngine.DataCollection.ProxyOutOfProcDataCollectionManager., took 0 ms.
TpTrace Verbose: 0 : 13832, 16, 2024/07/03, 20:47:12.401, 286987972714, testhost.dll, TestExecutionRecorder.RecordResult: Received result for test: P7CreateRestApi.Tests.BidListControllerTests.UpdateBid_ShouldReturnInternalServerError_WhenExceptionIsThrown.
TpTrace Verbose: 0 : 13832, 16, 2024/07/03, 20:47:12.402, 286987982400, testhost.dll, MulticastDelegateUtilities.SafeInvoke: TestCaseEventsHandler.RaiseTestCaseEnd: Invoking callback 1/1 for Microsoft.VisualStudio.TestPlatform.CrossPlatEngine.DataCollection.ProxyOutOfProcDataCollectionManager., took 0 ms.
TpTrace Verbose: 0 : 13832, 16, 2024/07/03, 20:47:12.402, 286987983143, testhost.dll, MulticastDelegateUtilities.SafeInvoke: TestCaseEventsHandler.RaiseTestCaseEnd: Invoking callback 1/1 for Microsoft.VisualStudio.TestPlatform.CrossPlatEngine.DataCollection.ProxyOutOfProcDataCollectionManager., took 0 ms.
TpTrace Verbose: 0 : 13832, 16, 2024/07/03, 20:47:12.402, 286987983705, testhost.dll, TestExecutionRecorder.RecordEnd: test: P7CreateRestApi.Tests.BidListControllerTests.UpdateBid_ShouldReturnInternalServerError_WhenExceptionIsThrown execution completed.
TpTrace Verbose: 0 : 13832, 16, 2024/07/03, 20:47:12.402, 286987984144, testhost.dll, TestExecutionRecorder.RecordStart: Starting test: P7CreateRestApi.Tests.BidListControllerTests.DeleteBid_ShouldReturnNoContent_WhenDeleteIsSuccessful.
TpTrace Verbose: 0 : 13832, 16, 2024/07/03, 20:47:12.403, 286987998448, testhost.dll, MulticastDelegateUtilities.SafeInvoke: TestCaseEventsHandler.RaiseTestCaseStart: Invoking callback 1/1 for Microsoft.VisualStudio.TestPlatform.CrossPlatEngine.DataCollection.ProxyOutOfProcDataCollectionManager., took 1 ms.
TpTrace Verbose: 0 : 13832, 16, 2024/07/03, 20:47:12.403, 286988000034, testhost.dll, TestExecutionRecorder.RecordResult: Received result for test: P7CreateRestApi.Tests.BidListControllerTests.DeleteBid_ShouldReturnNoContent_WhenDeleteIsSuccessful.
TpTrace Verbose: 0 : 13832, 16, 2024/07/03, 20:47:12.404, 286988011157, testhost.dll, MulticastDelegateUtilities.SafeInvoke: TestCaseEventsHandler.RaiseTestCaseEnd: Invoking callback 1/1 for Microsoft.VisualStudio.TestPlatform.CrossPlatEngine.DataCollection.ProxyOutOfProcDataCollectionManager., took 1 ms.
TpTrace Verbose: 0 : 13832, 16, 2024/07/03, 20:47:12.405, 286988011953, testhost.dll, MulticastDelegateUtilities.SafeInvoke: TestCaseEventsHandler.RaiseTestCaseEnd: Invoking callback 1/1 for Microsoft.VisualStudio.TestPlatform.CrossPlatEngine.DataCollection.ProxyOutOfProcDataCollectionManager., took 0 ms.
TpTrace Verbose: 0 : 13832, 16, 2024/07/03, 20:47:12.405, 286988012693, testhost.dll, TestExecutionRecorder.RecordEnd: test: P7CreateRestApi.Tests.BidListControllerTests.DeleteBid_ShouldReturnNoContent_WhenDeleteIsSuccessful execution completed.
TpTrace Verbose: 0 : 13832, 16, 2024/07/03, 20:47:12.405, 286988013012, testhost.dll, TestExecutionRecorder.RecordStart: Starting test: P7CreateRestApi.Tests.BidListControllerTests.GetBidById_ShouldReturnNotFound_WhenBidDoesNotExist.
TpTrace Verbose: 0 : 13832, 16, 2024/07/03, 20:47:12.406, 286988023638, testhost.dll, MulticastDelegateUtilities.SafeInvoke: TestCaseEventsHandler.RaiseTestCaseStart: Invoking callback 1/1 for Microsoft.VisualStudio.TestPlatform.CrossPlatEngine.DataCollection.ProxyOutOfProcDataCollectionManager., took 1 ms.
TpTrace Verbose: 0 : 13832, 16, 2024/07/03, 20:47:12.406, 286988024687, testhost.dll, TestExecutionRecorder.RecordResult: Received result for test: P7CreateRestApi.Tests.BidListControllerTests.GetBidById_ShouldReturnNotFound_WhenBidDoesNotExist.
TpTrace Verbose: 0 : 13832, 16, 2024/07/03, 20:47:12.407, 286988033697, testhost.dll, MulticastDelegateUtilities.SafeInvoke: TestCaseEventsHandler.RaiseTestCaseEnd: Invoking callback 1/1 for Microsoft.VisualStudio.TestPlatform.CrossPlatEngine.DataCollection.ProxyOutOfProcDataCollectionManager., took 0 ms.
TpTrace Verbose: 0 : 13832, 16, 2024/07/03, 20:47:12.407, 286988034493, testhost.dll, MulticastDelegateUtilities.SafeInvoke: TestCaseEventsHandler.RaiseTestCaseEnd: Invoking callback 1/1 for Microsoft.VisualStudio.TestPlatform.CrossPlatEngine.DataCollection.ProxyOutOfProcDataCollectionManager., took 0 ms.
TpTrace Verbose: 0 : 13832, 16, 2024/07/03, 20:47:12.407, 286988035099, testhost.dll, TestExecutionRecorder.RecordEnd: test: P7CreateRestApi.Tests.BidListControllerTests.GetBidById_ShouldReturnNotFound_WhenBidDoesNotExist execution completed.
TpTrace Verbose: 0 : 13832, 16, 2024/07/03, 20:47:12.407, 286988035424, testhost.dll, TestExecutionRecorder.RecordStart: Starting test: P7CreateRestApi.Tests.BidListControllerTests.DeleteBid_ShouldReturnNotFound_WhenBidDoesNotExist.
TpTrace Verbose: 0 : 13832, 16, 2024/07/03, 20:47:12.408, 286988043210, testhost.dll, MulticastDelegateUtilities.SafeInvoke: TestCaseEventsHandler.RaiseTestCaseStart: Invoking callback 1/1 for Microsoft.VisualStudio.TestPlatform.CrossPlatEngine.DataCollection.ProxyOutOfProcDataCollectionManager., took 0 ms.
TpTrace Verbose: 0 : 13832, 16, 2024/07/03, 20:47:12.408, 286988044062, testhost.dll, TestExecutionRecorder.RecordResult: Received result for test: P7CreateRestApi.Tests.BidListControllerTests.DeleteBid_ShouldReturnNotFound_WhenBidDoesNotExist.
TpTrace Verbose: 0 : 13832, 16, 2024/07/03, 20:47:12.408, 286988051420, testhost.dll, MulticastDelegateUtilities.SafeInvoke: TestCaseEventsHandler.RaiseTestCaseEnd: Invoking callback 1/1 for Microsoft.VisualStudio.TestPlatform.CrossPlatEngine.DataCollection.ProxyOutOfProcDataCollectionManager., took 0 ms.
TpTrace Verbose: 0 : 13832, 16, 2024/07/03, 20:47:12.409, 286988051874, testhost.dll, MulticastDelegateUtilities.SafeInvoke: TestCaseEventsHandler.RaiseTestCaseEnd: Invoking callback 1/1 for Microsoft.VisualStudio.TestPlatform.CrossPlatEngine.DataCollection.ProxyOutOfProcDataCollectionManager., took 0 ms.
TpTrace Verbose: 0 : 13832, 16, 2024/07/03, 20:47:12.409, 286988052285, testhost.dll, TestExecutionRecorder.RecordEnd: test: P7CreateRestApi.Tests.BidListControllerTests.DeleteBid_ShouldReturnNotFound_WhenBidDoesNotExist execution completed.
TpTrace Verbose: 0 : 13832, 16, 2024/07/03, 20:47:12.409, 286988052826, testhost.dll, TestExecutionRecorder.RecordStart: Starting test: P7CreateRestApi.Tests.BidListControllerTests.GetBidById_ShouldReturnOk_WhenBidExists.
TpTrace Information: 0 : 13832, 16, 2024/07/03, 20:47:12.409, 286988053866, testhost.dll, Sending test run statistics
TpTrace Verbose: 0 : 13832, 16, 2024/07/03, 20:47:12.410, 286988064223, testhost.dll, TestRequestHandler.SendData: sending data from testhost: {"Version":7,"MessageType":"TestExecution.StatsChange","Payload":{"NewTestResults":[{"TestCase":{"Id":"f92623e0-a1d8-9f96-fb61-fcd8650227c0","FullyQualifiedName":"P7CreateRestApi.Tests.CurveControllerTests.GetAllCurvePoints_ShouldReturnOk_WhenCurvePointsExist","DisplayName":"P7CreateRestApi.Tests.CurveControllerTests.GetAllCurvePoints_ShouldReturnOk_WhenCurvePointsExist","ExecutorUri":"executor://xunit/VsTestRunner2/netcoreapp","Source":"C:\\Users\\brandon.ku\\source\\repos\\OCProjet7_Findexium\\P7CreateRestApi.Tests\\bin\\Debug\\net8.0\\fine-code-coverage\\build-output\\P7CreateRestApi.Tests.dll","CodeFilePath":null,"LineNumber":0,"Properties":[]},"Attachments":[],"Outcome":1,"ErrorMessage":null,"ErrorStackTrace":null,"DisplayName":"P7CreateRestApi.Tests.CurveControllerTests.GetAllCurvePoints_ShouldReturnOk_WhenCurvePointsExist","Messages":[],"ComputerName":"PB22039","Duration":"00:00:00.0035680","StartTime":"2024-07-03T18:47:12.3943614+00:00","EndTime":"2024-07-03T18:47:12.3943616+00:00","Properties":[]},{"TestCase":{"Id":"cf42d8ef-66e1-fd5e-7181-e3671b12e6a5","FullyQualifiedName":"P7CreateRestApi.Tests.BidListControllerTests.CreateBid_ShouldReturnBadRequest_WhenBidIsNull","DisplayName":"P7CreateRestApi.Tests.BidListControllerTests.CreateBid_ShouldReturnBadRequest_WhenBidIsNull","ExecutorUri":"executor://xunit/VsTestRunner2/netcoreapp","Source":"C:\\Users\\brandon.ku\\source\\repos\\OCProjet7_Findexium\\P7CreateRestApi.Tests\\bin\\Debug\\net8.0\\fine-code-coverage\\build-output\\P7CreateRestApi.Tests.dll","CodeFilePath":null,"LineNumber":0,"Properties":[]},"Attachments":[],"Outcome":1,"ErrorMessage":null,"ErrorStackTrace":null,"DisplayName":"P7CreateRestApi.Tests.BidListControllerTests.CreateBid_ShouldReturnBadRequest_WhenBidIsNull","Messages":[],"ComputerName":"PB22039","Duration":"00:00:00.0015462","StartTime":"2024-07-03T18:47:12.3967676+00:00","EndTime":"2024-07-03T18:47:12.3967678+00:00","Properties":[]},{"TestCase":{"Id":"4f0b5aa7-f6b1-2b3e-929f-3ed705be73d2","FullyQualifiedName":"P7CreateRestApi.Tests.RatingControllerTests.DeleteRating_ShouldReturnNoContent_WhenDeleteIsSuccessful","DisplayName":"P7CreateRestApi.Tests.RatingControllerTests.DeleteRating_ShouldReturnNoContent_WhenDeleteIsSuccessful","ExecutorUri":"executor://xunit/VsTestRunner2/netcoreapp","Source":"C:\\Users\\brandon.ku\\source\\repos\\OCProjet7_Findexium\\P7CreateRestApi.Tests\\bin\\Debug\\net8.0\\fine-code-coverage\\build-output\\P7CreateRestApi.Tests.dll","CodeFilePath":null,"LineNumber":0,"Properties":[]},"Attachments":[],"Outcome":1,"ErrorMessage":null,"ErrorStackTrace":null,"DisplayName":"P7CreateRestApi.Tests.RatingControllerTests.DeleteRating_ShouldReturnNoContent_WhenDeleteIsSuccessful","Messages":[],"ComputerName":"PB22039","Duration":"00:00:00.0034366","StartTime":"2024-07-03T18:47:12.39871+00:00","EndTime":"2024-07-03T18:47:12.39871+00:00","Properties":[]},{"TestCase":{"Id":"2b568100-75cd-f638-2f06-fdc1b6a7a5af","FullyQualifiedName":"P7CreateRestApi.Tests.BidListControllerTests.UpdateBid_ShouldReturnInternalServerError_WhenExceptionIsThrown","DisplayName":"P7CreateRestApi.Tests.BidListControllerTests.UpdateBid_ShouldReturnInternalServerError_WhenExceptionIsThrown","ExecutorUri":"executor://xunit/VsTestRunner2/netcoreapp","Source":"C:\\Users\\brandon.ku\\source\\repos\\OCProjet7_Findexium\\P7CreateRestApi.Tests\\bin\\Debug\\net8.0\\fine-code-coverage\\build-output\\P7CreateRestApi.Tests.dll","CodeFilePath":null,"LineNumber":0,"Properties":[]},"Attachments":[],"Outcome":1,"ErrorMessage":null,"ErrorStackTrace":null,"DisplayName":"P7CreateRestApi.Tests.BidListControllerTests.UpdateBid_ShouldReturnInternalServerError_WhenExceptionIsThrown","Messages":[],"ComputerName":"PB22039","Duration":"00:00:00.0017835","StartTime":"2024-07-03T18:47:12.4010987+00:00","EndTime":"2024-07-03T18:47:12.4010989+00:00","Properties":[]},{"TestCase":{"Id":"993d6e9e-e886-92ef-490a-00db11bde195","FullyQualifiedName":"P7CreateRestApi.Tests.BidListControllerTests.DeleteBid_ShouldReturnNoContent_WhenDeleteIsSuccessful","DisplayName":"P7CreateRestApi.Tests.BidListControllerTests.DeleteBid_ShouldReturnNoContent_WhenDeleteIsSuccessful","ExecutorUri":"executor://xunit/VsTestRunner2/netcoreapp","Source":"C:\\Users\\brandon.ku\\source\\repos\\OCProjet7_Findexium\\P7CreateRestApi.Tests\\bin\\Debug\\net8.0\\fine-code-coverage\\build-output\\P7CreateRestApi.Tests.dll","CodeFilePath":null,"LineNumber":0,"Properties":[]},"Attachments":[],"Outcome":1,"ErrorMessage":null,"ErrorStackTrace":null,"DisplayName":"P7CreateRestApi.Tests.BidListControllerTests.DeleteBid_ShouldReturnNoContent_WhenDeleteIsSuccessful","Messages":[],"ComputerName":"PB22039","Duration":"00:00:00.0023735","StartTime":"2024-07-03T18:47:12.4038303+00:00","EndTime":"2024-07-03T18:47:12.4038304+00:00","Properties":[]},{"TestCase":{"Id":"7c615cc4-c2d8-e4b8-86b0-8ec73f01a4da","FullyQualifiedName":"P7CreateRestApi.Tests.BidListControllerTests.GetBidById_ShouldReturnNotFound_WhenBidDoesNotExist","DisplayName":"P7CreateRestApi.Tests.BidListControllerTests.GetBidById_ShouldReturnNotFound_WhenBidDoesNotExist","ExecutorUri":"executor://xunit/VsTestRunner2/netcoreapp","Source":"C:\\Users\\brandon.ku\\source\\repos\\OCProjet7_Findexium\\P7CreateRestApi.Tests\\bin\\Debug\\net8.0\\fine-code-coverage\\build-output\\P7CreateRestApi.Tests.dll","CodeFilePath":null,"LineNumber":0,"Properties":[]},"Attachments":[],"Outcome":1,"ErrorMessage":null,"ErrorStackTrace":null,"DisplayName":"P7CreateRestApi.Tests.BidListControllerTests.GetBidById_ShouldReturnNotFound_WhenBidDoesNotExist","Messages":[],"ComputerName":"PB22039","Duration":"00:00:00.0013642","StartTime":"2024-07-03T18:47:12.4062992+00:00","EndTime":"2024-07-03T18:47:12.4062993+00:00","Properties":[]},{"TestCase":{"Id":"baa7d328-c5e1-9359-c854-92e8c2cdb70d","FullyQualifiedName":"P7CreateRestApi.Tests.BidListControllerTests.DeleteBid_ShouldReturnNotFound_WhenBidDoesNotExist","DisplayName":"P7CreateRestApi.Tests.BidListControllerTests.DeleteBid_ShouldReturnNotFound_WhenBidDoesNotExist","ExecutorUri":"executor://xunit/VsTestRunner2/netcoreapp","Source":"C:\\Users\\brandon.ku\\source\\repos\\OCProjet7_Findexium\\P7CreateRestApi.Tests\\bin\\Debug\\net8.0\\fine-code-coverage\\build-output\\P7CreateRestApi.Tests.dll","CodeFilePath":null,"LineNumber":0,"Properties":[]},"Attachments":[],"Outcome":1,"ErrorMessage":null,"ErrorStackTrace":null,"DisplayName":"P7CreateRestApi.Tests.BidListControllerTests.DeleteBid_ShouldReturnNotFound_WhenBidDoesNotExist","Messages":[],"ComputerName":"PB22039","Duration":"00:00:00.0009992","StartTime":"2024-07-03T18:47:12.4082378+00:00","EndTime":"2024-07-03T18:47:12.4082379+00:00","Properties":[]}],"TestRunStatistics":{"ExecutedTests":14,"Stats":{"Passed":14}},"ActiveTests":[{"Id":"a1ca303c-dbfe-01e3-445a-b2746f60d716","FullyQualifiedName":"P7CreateRestApi.Tests.CurveControllerTests.CreateCurvePoint_ShouldReturnCreated_WhenCurvePointIsValid","DisplayName":"P7CreateRestApi.Tests.CurveControllerTests.CreateCurvePoint_ShouldReturnCreated_WhenCurvePointIsValid","ExecutorUri":"executor://xunit/VsTestRunner2/netcoreapp","Source":"C:\\Users\\brandon.ku\\source\\repos\\OCProjet7_Findexium\\P7CreateRestApi.Tests\\bin\\Debug\\net8.0\\fine-code-coverage\\build-output\\P7CreateRestApi.Tests.dll","CodeFilePath":null,"LineNumber":0,"Properties":[]},{"Id":"f88fe1f4-d2d9-c6bc-c591-58b79ced9cbd","FullyQualifiedName":"P7CreateRestApi.Tests.RatingControllerTests.CreateRating_ShouldReturnCreated_WhenRatingIsValid","DisplayName":"P7CreateRestApi.Tests.RatingControllerTests.CreateRating_ShouldReturnCreated_WhenRatingIsValid","ExecutorUri":"executor://xunit/VsTestRunner2/netcoreapp","Source":"C:\\Users\\brandon.ku\\source\\repos\\OCProjet7_Findexium\\P7CreateRestApi.Tests\\bin\\Debug\\net8.0\\fine-code-coverage\\build-output\\P7CreateRestApi.Tests.dll","CodeFilePath":null,"LineNumber":0,"Properties":[]},{"Id":"0eeaa63f-dba6-fdda-c747-d7a89c4a95c8","FullyQualifiedName":"P7CreateRestApi.Tests.BidListControllerTests.GetBidById_ShouldReturnOk_WhenBidExists","DisplayName":"P7CreateRestApi.Tests.BidListControllerTests.GetBidById_ShouldReturnOk_WhenBidExists","ExecutorUri":"executor://xunit/VsTestRunner2/netcoreapp","Source":"C:\\Users\\brandon.ku\\source\\repos\\OCProjet7_Findexium\\P7CreateRestApi.Tests\\bin\\Debug\\net8.0\\fine-code-coverage\\build-output\\P7CreateRestApi.Tests.dll","CodeFilePath":null,"LineNumber":0,"Properties":[]}]}}
TpTrace Verbose: 0 : 13832, 16, 2024/07/03, 20:47:12.410, 286988065672, testhost.dll, TestRunCache: OnNewTestResult: Notified the onCacheHit callback.
TpTrace Verbose: 0 : 13832, 16, 2024/07/03, 20:47:12.411, 286988072453, testhost.dll, MulticastDelegateUtilities.SafeInvoke: TestCaseEventsHandler.RaiseTestCaseStart: Invoking callback 1/1 for Microsoft.VisualStudio.TestPlatform.CrossPlatEngine.DataCollection.ProxyOutOfProcDataCollectionManager., took 0 ms.
TpTrace Verbose: 0 : 13832, 16, 2024/07/03, 20:47:12.411, 286988073042, testhost.dll, TestExecutionRecorder.RecordResult: Received result for test: P7CreateRestApi.Tests.CurveControllerTests.CreateCurvePoint_ShouldReturnCreated_WhenCurvePointIsValid.
TpTrace Verbose: 0 : 13832, 16, 2024/07/03, 20:47:12.411, 286988078962, testhost.dll, MulticastDelegateUtilities.SafeInvoke: TestCaseEventsHandler.RaiseTestCaseEnd: Invoking callback 1/1 for Microsoft.VisualStudio.TestPlatform.CrossPlatEngine.DataCollection.ProxyOutOfProcDataCollectionManager., took 0 ms.
TpTrace Verbose: 0 : 13832, 16, 2024/07/03, 20:47:12.411, 286988079350, testhost.dll, MulticastDelegateUtilities.SafeInvoke: TestCaseEventsHandler.RaiseTestCaseEnd: Invoking callback 1/1 for Microsoft.VisualStudio.TestPlatform.CrossPlatEngine.DataCollection.ProxyOutOfProcDataCollectionManager., took 0 ms.
TpTrace Warning: 0 : 13832, 16, 2024/07/03, 20:47:12.411, 286988079561, testhost.dll, TestRunCache: InProgressTests is null
TpTrace Warning: 0 : 13832, 16, 2024/07/03, 20:47:12.411, 286988079703, testhost.dll, TestRunCache: No test found corresponding to testResult 'P7CreateRestApi.Tests.CurveControllerTests.CreateCurvePoint_ShouldReturnCreated_WhenCurvePointIsValid' in inProgress list.
TpTrace Verbose: 0 : 13832, 16, 2024/07/03, 20:47:12.411, 286988079978, testhost.dll, TestExecutionRecorder.RecordResult: Received result for test: P7CreateRestApi.Tests.RatingControllerTests.CreateRating_ShouldReturnCreated_WhenRatingIsValid.
TpTrace Verbose: 0 : 13832, 16, 2024/07/03, 20:47:12.412, 286988085875, testhost.dll, MulticastDelegateUtilities.SafeInvoke: TestCaseEventsHandler.RaiseTestCaseEnd: Invoking callback 1/1 for Microsoft.VisualStudio.TestPlatform.CrossPlatEngine.DataCollection.ProxyOutOfProcDataCollectionManager., took 0 ms.
TpTrace Verbose: 0 : 13832, 16, 2024/07/03, 20:47:12.412, 286988086434, testhost.dll, MulticastDelegateUtilities.SafeInvoke: TestCaseEventsHandler.RaiseTestCaseEnd: Invoking callback 1/1 for Microsoft.VisualStudio.TestPlatform.CrossPlatEngine.DataCollection.ProxyOutOfProcDataCollectionManager., took 0 ms.
TpTrace Warning: 0 : 13832, 16, 2024/07/03, 20:47:12.412, 286988086637, testhost.dll, TestRunCache: InProgressTests is null
TpTrace Warning: 0 : 13832, 16, 2024/07/03, 20:47:12.412, 286988086786, testhost.dll, TestRunCache: No test found corresponding to testResult 'P7CreateRestApi.Tests.RatingControllerTests.CreateRating_ShouldReturnCreated_WhenRatingIsValid' in inProgress list.
TpTrace Verbose: 0 : 13832, 16, 2024/07/03, 20:47:12.412, 286988087090, testhost.dll, TestExecutionRecorder.RecordEnd: test: P7CreateRestApi.Tests.CurveControllerTests.CreateCurvePoint_ShouldReturnCreated_WhenCurvePointIsValid execution completed.
TpTrace Warning: 0 : 13832, 16, 2024/07/03, 20:47:12.412, 286988087240, testhost.dll, TestRunCache: InProgressTests is null
TpTrace Verbose: 0 : 13832, 16, 2024/07/03, 20:47:12.412, 286988087457, testhost.dll, TestExecutionRecorder.RecordEnd: test: P7CreateRestApi.Tests.RatingControllerTests.CreateRating_ShouldReturnCreated_WhenRatingIsValid execution completed.
TpTrace Warning: 0 : 13832, 16, 2024/07/03, 20:47:12.412, 286988087618, testhost.dll, TestRunCache: InProgressTests is null
TpTrace Verbose: 0 : 13832, 16, 2024/07/03, 20:47:12.412, 286988087890, testhost.dll, TestExecutionRecorder.RecordStart: Starting test: P7CreateRestApi.Tests.CurveControllerTests.GetAllCurvePoints_ShouldReturnInternalServerError_WhenExceptionIsThrown.
TpTrace Verbose: 0 : 13832, 16, 2024/07/03, 20:47:12.413, 286988093934, testhost.dll, MulticastDelegateUtilities.SafeInvoke: TestCaseEventsHandler.RaiseTestCaseStart: Invoking callback 1/1 for Microsoft.VisualStudio.TestPlatform.CrossPlatEngine.DataCollection.ProxyOutOfProcDataCollectionManager., took 0 ms.
TpTrace Verbose: 0 : 13832, 16, 2024/07/03, 20:47:12.413, 286988094380, testhost.dll, TestExecutionRecorder.RecordStart: Starting test: P7CreateRestApi.Tests.RatingControllerTests.UpdateRating_ShouldReturnInternalServerError_WhenExceptionIsThrown.
TpTrace Verbose: 0 : 13832, 16, 2024/07/03, 20:47:12.413, 286988100248, testhost.dll, MulticastDelegateUtilities.SafeInvoke: TestCaseEventsHandler.RaiseTestCaseStart: Invoking callback 1/1 for Microsoft.VisualStudio.TestPlatform.CrossPlatEngine.DataCollection.ProxyOutOfProcDataCollectionManager., took 0 ms.
TpTrace Verbose: 0 : 13832, 16, 2024/07/03, 20:47:12.413, 286988100798, testhost.dll, TestExecutionRecorder.RecordResult: Received result for test: P7CreateRestApi.Tests.BidListControllerTests.GetBidById_ShouldReturnOk_WhenBidExists.
TpTrace Verbose: 0 : 13832, 16, 2024/07/03, 20:47:12.414, 286988106208, testhost.dll, MulticastDelegateUtilities.SafeInvoke: TestCaseEventsHandler.RaiseTestCaseEnd: Invoking callback 1/1 for Microsoft.VisualStudio.TestPlatform.CrossPlatEngine.DataCollection.ProxyOutOfProcDataCollectionManager., took 0 ms.
TpTrace Verbose: 0 : 13832, 16, 2024/07/03, 20:47:12.414, 286988106562, testhost.dll, MulticastDelegateUtilities.SafeInvoke: TestCaseEventsHandler.RaiseTestCaseEnd: Invoking callback 1/1 for Microsoft.VisualStudio.TestPlatform.CrossPlatEngine.DataCollection.ProxyOutOfProcDataCollectionManager., took 0 ms.
TpTrace Warning: 0 : 13832, 16, 2024/07/03, 20:47:12.414, 286988106776, testhost.dll, TestRunCache: No test found corresponding to testResult 'P7CreateRestApi.Tests.BidListControllerTests.GetBidById_ShouldReturnOk_WhenBidExists' in inProgress list.
TpTrace Verbose: 0 : 13832, 16, 2024/07/03, 20:47:12.414, 286988107030, testhost.dll, TestExecutionRecorder.RecordEnd: test: P7CreateRestApi.Tests.BidListControllerTests.GetBidById_ShouldReturnOk_WhenBidExists execution completed.
TpTrace Verbose: 0 : 13832, 16, 2024/07/03, 20:47:12.414, 286988107268, testhost.dll, TestExecutionRecorder.RecordStart: Starting test: P7CreateRestApi.Tests.BidListControllerTests.GetBidById_ShouldReturnInternalServerError_WhenExceptionIsThrown.
TpTrace Verbose: 0 : 13832, 16, 2024/07/03, 20:47:12.415, 286988112173, testhost.dll, MulticastDelegateUtilities.SafeInvoke: TestCaseEventsHandler.RaiseTestCaseStart: Invoking callback 1/1 for Microsoft.VisualStudio.TestPlatform.CrossPlatEngine.DataCollection.ProxyOutOfProcDataCollectionManager., took 0 ms.
TpTrace Verbose: 0 : 13832, 16, 2024/07/03, 20:47:12.415, 286988112661, testhost.dll, TestExecutionRecorder.RecordResult: Received result for test: P7CreateRestApi.Tests.BidListControllerTests.GetBidById_ShouldReturnInternalServerError_WhenExceptionIsThrown.
TpTrace Verbose: 0 : 13832, 16, 2024/07/03, 20:47:12.415, 286988117959, testhost.dll, MulticastDelegateUtilities.SafeInvoke: TestCaseEventsHandler.RaiseTestCaseEnd: Invoking callback 1/1 for Microsoft.VisualStudio.TestPlatform.CrossPlatEngine.DataCollection.ProxyOutOfProcDataCollectionManager., took 0 ms.
TpTrace Verbose: 0 : 13832, 16, 2024/07/03, 20:47:12.415, 286988118309, testhost.dll, MulticastDelegateUtilities.SafeInvoke: TestCaseEventsHandler.RaiseTestCaseEnd: Invoking callback 1/1 for Microsoft.VisualStudio.TestPlatform.CrossPlatEngine.DataCollection.ProxyOutOfProcDataCollectionManager., took 0 ms.
TpTrace Verbose: 0 : 13832, 16, 2024/07/03, 20:47:12.415, 286988118609, testhost.dll, TestExecutionRecorder.RecordEnd: test: P7CreateRestApi.Tests.BidListControllerTests.GetBidById_ShouldReturnInternalServerError_WhenExceptionIsThrown execution completed.
TpTrace Verbose: 0 : 13832, 16, 2024/07/03, 20:47:12.415, 286988118861, testhost.dll, TestExecutionRecorder.RecordStart: Starting test: P7CreateRestApi.Tests.BidListControllerTests.CreateBid_ShouldReturnCreated_WhenBidIsValid.
TpTrace Verbose: 0 : 13832, 16, 2024/07/03, 20:47:12.416, 286988123678, testhost.dll, MulticastDelegateUtilities.SafeInvoke: TestCaseEventsHandler.RaiseTestCaseStart: Invoking callback 1/1 for Microsoft.VisualStudio.TestPlatform.CrossPlatEngine.DataCollection.ProxyOutOfProcDataCollectionManager., took 0 ms.
TpTrace Verbose: 0 : 13832, 16, 2024/07/03, 20:47:12.416, 286988124153, testhost.dll, TestExecutionRecorder.RecordResult: Received result for test: P7CreateRestApi.Tests.CurveControllerTests.GetAllCurvePoints_ShouldReturnInternalServerError_WhenExceptionIsThrown.
TpTrace Verbose: 0 : 13832, 16, 2024/07/03, 20:47:12.417, 286988132698, testhost.dll, MulticastDelegateUtilities.SafeInvoke: TestCaseEventsHandler.RaiseTestCaseEnd: Invoking callback 1/1 for Microsoft.VisualStudio.TestPlatform.CrossPlatEngine.DataCollection.ProxyOutOfProcDataCollectionManager., took 0 ms.
TpTrace Verbose: 0 : 13832, 16, 2024/07/03, 20:47:12.417, 286988133732, testhost.dll, MulticastDelegateUtilities.SafeInvoke: TestCaseEventsHandler.RaiseTestCaseEnd: Invoking callback 1/1 for Microsoft.VisualStudio.TestPlatform.CrossPlatEngine.DataCollection.ProxyOutOfProcDataCollectionManager., took 0 ms.
TpTrace Verbose: 0 : 13832, 16, 2024/07/03, 20:47:12.417, 286988134436, testhost.dll, TestExecutionRecorder.RecordEnd: test: P7CreateRestApi.Tests.CurveControllerTests.GetAllCurvePoints_ShouldReturnInternalServerError_WhenExceptionIsThrown execution completed.
TpTrace Verbose: 0 : 13832, 16, 2024/07/03, 20:47:12.417, 286988134912, testhost.dll, TestExecutionRecorder.RecordStart: Starting test: P7CreateRestApi.Tests.CurveControllerTests.CreateCurvePoint_ShouldReturnBadRequest_WhenCurvePointIsNull.
TpTrace Verbose: 0 : 13832, 16, 2024/07/03, 20:47:12.418, 286988145900, testhost.dll, MulticastDelegateUtilities.SafeInvoke: TestCaseEventsHandler.RaiseTestCaseStart: Invoking callback 1/1 for Microsoft.VisualStudio.TestPlatform.CrossPlatEngine.DataCollection.ProxyOutOfProcDataCollectionManager., took 1 ms.
TpTrace Verbose: 0 : 13832, 16, 2024/07/03, 20:47:12.418, 286988146801, testhost.dll, TestExecutionRecorder.RecordResult: Received result for test: P7CreateRestApi.Tests.CurveControllerTests.CreateCurvePoint_ShouldReturnBadRequest_WhenCurvePointIsNull.
TpTrace Verbose: 0 : 13832, 16, 2024/07/03, 20:47:12.419, 286988155253, testhost.dll, MulticastDelegateUtilities.SafeInvoke: TestCaseEventsHandler.RaiseTestCaseEnd: Invoking callback 1/1 for Microsoft.VisualStudio.TestPlatform.CrossPlatEngine.DataCollection.ProxyOutOfProcDataCollectionManager., took 0 ms.
TpTrace Verbose: 0 : 13832, 16, 2024/07/03, 20:47:12.419, 286988155679, testhost.dll, MulticastDelegateUtilities.SafeInvoke: TestCaseEventsHandler.RaiseTestCaseEnd: Invoking callback 1/1 for Microsoft.VisualStudio.TestPlatform.CrossPlatEngine.DataCollection.ProxyOutOfProcDataCollectionManager., took 0 ms.
TpTrace Verbose: 0 : 13832, 16, 2024/07/03, 20:47:12.419, 286988156205, testhost.dll, TestExecutionRecorder.RecordEnd: test: P7CreateRestApi.Tests.CurveControllerTests.CreateCurvePoint_ShouldReturnBadRequest_WhenCurvePointIsNull execution completed.
TpTrace Verbose: 0 : 13832, 16, 2024/07/03, 20:47:12.419, 286988156477, testhost.dll, TestExecutionRecorder.RecordStart: Starting test: P7CreateRestApi.Tests.CurveControllerTests.GetCurvePointById_ShouldReturnInternalServerError_WhenExceptionIsThrown.
TpTrace Verbose: 0 : 13832, 16, 2024/07/03, 20:47:12.420, 286988162447, testhost.dll, MulticastDelegateUtilities.SafeInvoke: TestCaseEventsHandler.RaiseTestCaseStart: Invoking callback 1/1 for Microsoft.VisualStudio.TestPlatform.CrossPlatEngine.DataCollection.ProxyOutOfProcDataCollectionManager., took 0 ms.
TpTrace Verbose: 0 : 13832, 16, 2024/07/03, 20:47:12.420, 286988162929, testhost.dll, TestExecutionRecorder.RecordResult: Received result for test: P7CreateRestApi.Tests.RatingControllerTests.UpdateRating_ShouldReturnInternalServerError_WhenExceptionIsThrown.
TpTrace Verbose: 0 : 13832, 16, 2024/07/03, 20:47:12.423, 286988196008, testhost.dll, MulticastDelegateUtilities.SafeInvoke: TestCaseEventsHandler.RaiseTestCaseEnd: Invoking callback 1/1 for Microsoft.VisualStudio.TestPlatform.CrossPlatEngine.DataCollection.ProxyOutOfProcDataCollectionManager., took 3 ms.
TpTrace Verbose: 0 : 13832, 16, 2024/07/03, 20:47:12.423, 286988197339, testhost.dll, MulticastDelegateUtilities.SafeInvoke: TestCaseEventsHandler.RaiseTestCaseEnd: Invoking callback 1/1 for Microsoft.VisualStudio.TestPlatform.CrossPlatEngine.DataCollection.ProxyOutOfProcDataCollectionManager., took 0 ms.
TpTrace Verbose: 0 : 13832, 16, 2024/07/03, 20:47:12.423, 286988197987, testhost.dll, TestExecutionRecorder.RecordEnd: test: P7CreateRestApi.Tests.RatingControllerTests.UpdateRating_ShouldReturnInternalServerError_WhenExceptionIsThrown execution completed.
TpTrace Verbose: 0 : 13832, 16, 2024/07/03, 20:47:12.423, 286988198260, testhost.dll, TestExecutionRecorder.RecordStart: Starting test: P7CreateRestApi.Tests.RatingControllerTests.DeleteRating_ShouldReturnNotFound_WhenRatingDoesNotExist.
TpTrace Information: 0 : 13832, 16, 2024/07/03, 20:47:12.423, 286988198460, testhost.dll, Sending test run statistics
TpTrace Verbose: 0 : 13832, 16, 2024/07/03, 20:47:12.423, 286988201459, testhost.dll, TestRequestHandler.SendData: sending data from testhost: {"Version":7,"MessageType":"TestExecution.StatsChange","Payload":{"NewTestResults":[{"TestCase":{"Id":"a1ca303c-dbfe-01e3-445a-b2746f60d716","FullyQualifiedName":"P7CreateRestApi.Tests.CurveControllerTests.CreateCurvePoint_ShouldReturnCreated_WhenCurvePointIsValid","DisplayName":"P7CreateRestApi.Tests.CurveControllerTests.CreateCurvePoint_ShouldReturnCreated_WhenCurvePointIsValid","ExecutorUri":"executor://xunit/VsTestRunner2/netcoreapp","Source":"C:\\Users\\brandon.ku\\source\\repos\\OCProjet7_Findexium\\P7CreateRestApi.Tests\\bin\\Debug\\net8.0\\fine-code-coverage\\build-output\\P7CreateRestApi.Tests.dll","CodeFilePath":null,"LineNumber":0,"Properties":[]},"Attachments":[],"Outcome":1,"ErrorMessage":null,"ErrorStackTrace":null,"DisplayName":"P7CreateRestApi.Tests.CurveControllerTests.CreateCurvePoint_ShouldReturnCreated_WhenCurvePointIsValid","Messages":[],"ComputerName":"PB22039","Duration":"00:00:00.0086175","StartTime":"2024-07-03T18:47:12.4111378+00:00","EndTime":"2024-07-03T18:47:12.4111378+00:00","Properties":[]},{"TestCase":{"Id":"f88fe1f4-d2d9-c6bc-c591-58b79ced9cbd","FullyQualifiedName":"P7CreateRestApi.Tests.RatingControllerTests.CreateRating_ShouldReturnCreated_WhenRatingIsValid","DisplayName":"P7CreateRestApi.Tests.RatingControllerTests.CreateRating_ShouldReturnCreated_WhenRatingIsValid","ExecutorUri":"executor://xunit/VsTestRunner2/netcoreapp","Source":"C:\\Users\\brandon.ku\\source\\repos\\OCProjet7_Findexium\\P7CreateRestApi.Tests\\bin\\Debug\\net8.0\\fine-code-coverage\\build-output\\P7CreateRestApi.Tests.dll","CodeFilePath":null,"LineNumber":0,"Properties":[]},"Attachments":[],"Outcome":1,"ErrorMessage":null,"ErrorStackTrace":null,"DisplayName":"P7CreateRestApi.Tests.RatingControllerTests.CreateRating_ShouldReturnCreated_WhenRatingIsValid","Messages":[],"ComputerName":"PB22039","Duration":"00:00:00.0070353","StartTime":"2024-07-03T18:47:12.4118335+00:00","EndTime":"2024-07-03T18:47:12.4118336+00:00","Properties":[]},{"TestCase":{"Id":"0eeaa63f-dba6-fdda-c747-d7a89c4a95c8","FullyQualifiedName":"P7CreateRestApi.Tests.BidListControllerTests.GetBidById_ShouldReturnOk_WhenBidExists","DisplayName":"P7CreateRestApi.Tests.BidListControllerTests.GetBidById_ShouldReturnOk_WhenBidExists","ExecutorUri":"executor://xunit/VsTestRunner2/netcoreapp","Source":"C:\\Users\\brandon.ku\\source\\repos\\OCProjet7_Findexium\\P7CreateRestApi.Tests\\bin\\Debug\\net8.0\\fine-code-coverage\\build-output\\P7CreateRestApi.Tests.dll","CodeFilePath":null,"LineNumber":0,"Properties":[]},"Attachments":[],"Outcome":1,"ErrorMessage":null,"ErrorStackTrace":null,"DisplayName":"P7CreateRestApi.Tests.BidListControllerTests.GetBidById_ShouldReturnOk_WhenBidExists","Messages":[],"ComputerName":"PB22039","Duration":"00:00:00.0010464","StartTime":"2024-07-03T18:47:12.413914+00:00","EndTime":"2024-07-03T18:47:12.413914+00:00","Properties":[]},{"TestCase":{"Id":"167bc1b5-217f-abaa-253b-7016ac30ed08","FullyQualifiedName":"P7CreateRestApi.Tests.BidListControllerTests.GetBidById_ShouldReturnInternalServerError_WhenExceptionIsThrown","DisplayName":"P7CreateRestApi.Tests.BidListControllerTests.GetBidById_ShouldReturnInternalServerError_WhenExceptionIsThrown","ExecutorUri":"executor://xunit/VsTestRunner2/netcoreapp","Source":"C:\\Users\\brandon.ku\\source\\repos\\OCProjet7_Findexium\\P7CreateRestApi.Tests\\bin\\Debug\\net8.0\\fine-code-coverage\\build-output\\P7CreateRestApi.Tests.dll","CodeFilePath":null,"LineNumber":0,"Properties":[]},"Attachments":[],"Outcome":1,"ErrorMessage":null,"ErrorStackTrace":null,"DisplayName":"P7CreateRestApi.Tests.BidListControllerTests.GetBidById_ShouldReturnInternalServerError_WhenExceptionIsThrown","Messages":[],"ComputerName":"PB22039","Duration":"00:00:00.0006437","StartTime":"2024-07-03T18:47:12.4151015+00:00","EndTime":"2024-07-03T18:47:12.4151015+00:00","Properties":[]},{"TestCase":{"Id":"a342305e-36ac-e63f-90b5-ccd74c773abb","FullyQualifiedName":"P7CreateRestApi.Tests.CurveControllerTests.GetAllCurvePoints_ShouldReturnInternalServerError_WhenExceptionIsThrown","DisplayName":"P7CreateRestApi.Tests.CurveControllerTests.GetAllCurvePoints_ShouldReturnInternalServerError_WhenExceptionIsThrown","ExecutorUri":"executor://xunit/VsTestRunner2/netcoreapp","Source":"C:\\Users\\brandon.ku\\source\\repos\\OCProjet7_Findexium\\P7CreateRestApi.Tests\\bin\\Debug\\net8.0\\fine-code-coverage\\build-output\\P7CreateRestApi.Tests.dll","CodeFilePath":null,"LineNumber":0,"Properties":[]},"Attachments":[],"Outcome":1,"ErrorMessage":null,"ErrorStackTrace":null,"DisplayName":"P7CreateRestApi.Tests.CurveControllerTests.GetAllCurvePoints_ShouldReturnInternalServerError_WhenExceptionIsThrown","Messages":[],"ComputerName":"PB22039","Duration":"00:00:00.0007195","StartTime":"2024-07-03T18:47:12.4162511+00:00","EndTime":"2024-07-03T18:47:12.4162512+00:00","Properties":[]},{"TestCase":{"Id":"8954d1d3-1f9b-4e6e-b610-98a33f188d0c","FullyQualifiedName":"P7CreateRestApi.Tests.CurveControllerTests.CreateCurvePoint_ShouldReturnBadRequest_WhenCurvePointIsNull","DisplayName":"P7CreateRestApi.Tests.CurveControllerTests.CreateCurvePoint_ShouldReturnBadRequest_WhenCurvePointIsNull","ExecutorUri":"executor://xunit/VsTestRunner2/netcoreapp","Source":"C:\\Users\\brandon.ku\\source\\repos\\OCProjet7_Findexium\\P7CreateRestApi.Tests\\bin\\Debug\\net8.0\\fine-code-coverage\\build-output\\P7CreateRestApi.Tests.dll","CodeFilePath":null,"LineNumber":0,"Properties":[]},"Attachments":[],"Outcome":1,"ErrorMessage":null,"ErrorStackTrace":null,"DisplayName":"P7CreateRestApi.Tests.CurveControllerTests.CreateCurvePoint_ShouldReturnBadRequest_WhenCurvePointIsNull","Messages":[],"ComputerName":"PB22039","Duration":"00:00:00.0004350","StartTime":"2024-07-03T18:47:12.4185136+00:00","EndTime":"2024-07-03T18:47:12.4185137+00:00","Properties":[]},{"TestCase":{"Id":"60dcd57a-6ee1-2569-cfd0-cc7bb42e0cd8","FullyQualifiedName":"P7CreateRestApi.Tests.RatingControllerTests.UpdateRating_ShouldReturnInternalServerError_WhenExceptionIsThrown","DisplayName":"P7CreateRestApi.Tests.RatingControllerTests.UpdateRating_ShouldReturnInternalServerError_WhenExceptionIsThrown","ExecutorUri":"executor://xunit/VsTestRunner2/netcoreapp","Source":"C:\\Users\\brandon.ku\\source\\repos\\OCProjet7_Findexium\\P7CreateRestApi.Tests\\bin\\Debug\\net8.0\\fine-code-coverage\\build-output\\P7CreateRestApi.Tests.dll","CodeFilePath":null,"LineNumber":0,"Properties":[]},"Attachments":[],"Outcome":1,"ErrorMessage":null,"ErrorStackTrace":null,"DisplayName":"P7CreateRestApi.Tests.RatingControllerTests.UpdateRating_ShouldReturnInternalServerError_WhenExceptionIsThrown","Messages":[],"ComputerName":"PB22039","Duration":"00:00:00.0015475","StartTime":"2024-07-03T18:47:12.4201279+00:00","EndTime":"2024-07-03T18:47:12.420128+00:00","Properties":[]}],"TestRunStatistics":{"ExecutedTests":21,"Stats":{"Passed":21}},"ActiveTests":[{"Id":"70cd2c12-19b5-9143-0f3e-befbcf9abdd1","FullyQualifiedName":"P7CreateRestApi.Tests.BidListControllerTests.CreateBid_ShouldReturnCreated_WhenBidIsValid","DisplayName":"P7CreateRestApi.Tests.BidListControllerTests.CreateBid_ShouldReturnCreated_WhenBidIsValid","ExecutorUri":"executor://xunit/VsTestRunner2/netcoreapp","Source":"C:\\Users\\brandon.ku\\source\\repos\\OCProjet7_Findexium\\P7CreateRestApi.Tests\\bin\\Debug\\net8.0\\fine-code-coverage\\build-output\\P7CreateRestApi.Tests.dll","CodeFilePath":null,"LineNumber":0,"Properties":[]},{"Id":"80c0d35d-724c-9422-f5e1-925e0f0f9560","FullyQualifiedName":"P7CreateRestApi.Tests.CurveControllerTests.GetCurvePointById_ShouldReturnInternalServerError_WhenExceptionIsThrown","DisplayName":"P7CreateRestApi.Tests.CurveControllerTests.GetCurvePointById_ShouldReturnInternalServerError_WhenExceptionIsThrown","ExecutorUri":"executor://xunit/VsTestRunner2/netcoreapp","Source":"C:\\Users\\brandon.ku\\source\\repos\\OCProjet7_Findexium\\P7CreateRestApi.Tests\\bin\\Debug\\net8.0\\fine-code-coverage\\build-output\\P7CreateRestApi.Tests.dll","CodeFilePath":null,"LineNumber":0,"Properties":[]},{"Id":"8671fad5-a89c-9249-5bcb-1e185b89ade7","FullyQualifiedName":"P7CreateRestApi.Tests.RatingControllerTests.DeleteRating_ShouldReturnNotFound_WhenRatingDoesNotExist","DisplayName":"P7CreateRestApi.Tests.RatingControllerTests.DeleteRating_ShouldReturnNotFound_WhenRatingDoesNotExist","ExecutorUri":"executor://xunit/VsTestRunner2/netcoreapp","Source":"C:\\Users\\brandon.ku\\source\\repos\\OCProjet7_Findexium\\P7CreateRestApi.Tests\\bin\\Debug\\net8.0\\fine-code-coverage\\build-output\\P7CreateRestApi.Tests.dll","CodeFilePath":null,"LineNumber":0,"Properties":[]}]}}
TpTrace Verbose: 0 : 13832, 16, 2024/07/03, 20:47:12.424, 286988203055, testhost.dll, TestRunCache: OnNewTestResult: Notified the onCacheHit callback.
TpTrace Verbose: 0 : 13832, 16, 2024/07/03, 20:47:12.424, 286988210195, testhost.dll, MulticastDelegateUtilities.SafeInvoke: TestCaseEventsHandler.RaiseTestCaseStart: Invoking callback 1/1 for Microsoft.VisualStudio.TestPlatform.CrossPlatEngine.DataCollection.ProxyOutOfProcDataCollectionManager., took 0 ms.
TpTrace Verbose: 0 : 13832, 16, 2024/07/03, 20:47:12.424, 286988210903, testhost.dll, TestExecutionRecorder.RecordResult: Received result for test: P7CreateRestApi.Tests.BidListControllerTests.CreateBid_ShouldReturnCreated_WhenBidIsValid.
TpTrace Verbose: 0 : 13832, 16, 2024/07/03, 20:47:12.425, 286988216889, testhost.dll, MulticastDelegateUtilities.SafeInvoke: TestCaseEventsHandler.RaiseTestCaseEnd: Invoking callback 1/1 for Microsoft.VisualStudio.TestPlatform.CrossPlatEngine.DataCollection.ProxyOutOfProcDataCollectionManager., took 0 ms.
TpTrace Verbose: 0 : 13832, 16, 2024/07/03, 20:47:12.425, 286988217284, testhost.dll, MulticastDelegateUtilities.SafeInvoke: TestCaseEventsHandler.RaiseTestCaseEnd: Invoking callback 1/1 for Microsoft.VisualStudio.TestPlatform.CrossPlatEngine.DataCollection.ProxyOutOfProcDataCollectionManager., took 0 ms.
TpTrace Warning: 0 : 13832, 16, 2024/07/03, 20:47:12.425, 286988217530, testhost.dll, TestRunCache: InProgressTests is null
TpTrace Warning: 0 : 13832, 16, 2024/07/03, 20:47:12.425, 286988217710, testhost.dll, TestRunCache: No test found corresponding to testResult 'P7CreateRestApi.Tests.BidListControllerTests.CreateBid_ShouldReturnCreated_WhenBidIsValid' in inProgress list.
TpTrace Verbose: 0 : 13832, 16, 2024/07/03, 20:47:12.425, 286988217977, testhost.dll, TestExecutionRecorder.RecordEnd: test: P7CreateRestApi.Tests.BidListControllerTests.CreateBid_ShouldReturnCreated_WhenBidIsValid execution completed.
TpTrace Warning: 0 : 13832, 16, 2024/07/03, 20:47:12.425, 286988218312, testhost.dll, TestRunCache: InProgressTests is null
TpTrace Verbose: 0 : 13832, 16, 2024/07/03, 20:47:12.425, 286988218571, testhost.dll, TestExecutionRecorder.RecordStart: Starting test: P7CreateRestApi.Tests.BidListControllerTests.DeleteBid_ShouldReturnInternalServerError_WhenExceptionIsThrown.
TpTrace Verbose: 0 : 13832, 16, 2024/07/03, 20:47:12.426, 286988228036, testhost.dll, MulticastDelegateUtilities.SafeInvoke: TestCaseEventsHandler.RaiseTestCaseStart: Invoking callback 1/1 for Microsoft.VisualStudio.TestPlatform.CrossPlatEngine.DataCollection.ProxyOutOfProcDataCollectionManager., took 0 ms.
TpTrace Verbose: 0 : 13832, 16, 2024/07/03, 20:47:12.426, 286988228927, testhost.dll, TestExecutionRecorder.RecordResult: Received result for test: P7CreateRestApi.Tests.RatingControllerTests.DeleteRating_ShouldReturnNotFound_WhenRatingDoesNotExist.
TpTrace Verbose: 0 : 13832, 16, 2024/07/03, 20:47:12.427, 286988235772, testhost.dll, MulticastDelegateUtilities.SafeInvoke: TestCaseEventsHandler.RaiseTestCaseEnd: Invoking callback 1/1 for Microsoft.VisualStudio.TestPlatform.CrossPlatEngine.DataCollection.ProxyOutOfProcDataCollectionManager., took 0 ms.
TpTrace Verbose: 0 : 13832, 16, 2024/07/03, 20:47:12.427, 286988236194, testhost.dll, MulticastDelegateUtilities.SafeInvoke: TestCaseEventsHandler.RaiseTestCaseEnd: Invoking callback 1/1 for Microsoft.VisualStudio.TestPlatform.CrossPlatEngine.DataCollection.ProxyOutOfProcDataCollectionManager., took 0 ms.
TpTrace Warning: 0 : 13832, 16, 2024/07/03, 20:47:12.427, 286988236447, testhost.dll, TestRunCache: No test found corresponding to testResult 'P7CreateRestApi.Tests.RatingControllerTests.DeleteRating_ShouldReturnNotFound_WhenRatingDoesNotExist' in inProgress list.
TpTrace Verbose: 0 : 13832, 16, 2024/07/03, 20:47:12.427, 286988236741, testhost.dll, TestExecutionRecorder.RecordEnd: test: P7CreateRestApi.Tests.RatingControllerTests.DeleteRating_ShouldReturnNotFound_WhenRatingDoesNotExist execution completed.
TpTrace Verbose: 0 : 13832, 16, 2024/07/03, 20:47:12.427, 286988237013, testhost.dll, TestExecutionRecorder.RecordStart: Starting test: P7CreateRestApi.Tests.RatingControllerTests.CreateRating_ShouldReturnBadRequest_WhenRatingIsNull.
TpTrace Verbose: 0 : 13832, 16, 2024/07/03, 20:47:12.428, 286988242645, testhost.dll, MulticastDelegateUtilities.SafeInvoke: TestCaseEventsHandler.RaiseTestCaseStart: Invoking callback 1/1 for Microsoft.VisualStudio.TestPlatform.CrossPlatEngine.DataCollection.ProxyOutOfProcDataCollectionManager., took 0 ms.
TpTrace Verbose: 0 : 13832, 16, 2024/07/03, 20:47:12.428, 286988243036, testhost.dll, TestExecutionRecorder.RecordResult: Received result for test: P7CreateRestApi.Tests.CurveControllerTests.GetCurvePointById_ShouldReturnInternalServerError_WhenExceptionIsThrown.
TpTrace Verbose: 0 : 13832, 16, 2024/07/03, 20:47:12.428, 286988247618, testhost.dll, MulticastDelegateUtilities.SafeInvoke: TestCaseEventsHandler.RaiseTestCaseEnd: Invoking callback 1/1 for Microsoft.VisualStudio.TestPlatform.CrossPlatEngine.DataCollection.ProxyOutOfProcDataCollectionManager., took 0 ms.
TpTrace Verbose: 0 : 13832, 16, 2024/07/03, 20:47:12.428, 286988247922, testhost.dll, MulticastDelegateUtilities.SafeInvoke: TestCaseEventsHandler.RaiseTestCaseEnd: Invoking callback 1/1 for Microsoft.VisualStudio.TestPlatform.CrossPlatEngine.DataCollection.ProxyOutOfProcDataCollectionManager., took 0 ms.
TpTrace Warning: 0 : 13832, 16, 2024/07/03, 20:47:12.428, 286988248102, testhost.dll, TestRunCache: No test found corresponding to testResult 'P7CreateRestApi.Tests.CurveControllerTests.GetCurvePointById_ShouldReturnInternalServerError_WhenExceptionIsThrown' in inProgress list.
TpTrace Verbose: 0 : 13832, 16, 2024/07/03, 20:47:12.428, 286988248327, testhost.dll, TestExecutionRecorder.RecordEnd: test: P7CreateRestApi.Tests.CurveControllerTests.GetCurvePointById_ShouldReturnInternalServerError_WhenExceptionIsThrown execution completed.
TpTrace Verbose: 0 : 13832, 16, 2024/07/03, 20:47:12.428, 286988248550, testhost.dll, TestExecutionRecorder.RecordStart: Starting test: P7CreateRestApi.Tests.CurveControllerTests.GetCurvePointById_ShouldReturnOk_WhenCurvePointExists.
TpTrace Verbose: 0 : 13832, 16, 2024/07/03, 20:47:12.429, 286988252849, testhost.dll, MulticastDelegateUtilities.SafeInvoke: TestCaseEventsHandler.RaiseTestCaseStart: Invoking callback 1/1 for Microsoft.VisualStudio.TestPlatform.CrossPlatEngine.DataCollection.ProxyOutOfProcDataCollectionManager., took 0 ms.
TpTrace Verbose: 0 : 13832, 16, 2024/07/03, 20:47:12.429, 286988253253, testhost.dll, TestExecutionRecorder.RecordResult: Received result for test: P7CreateRestApi.Tests.RatingControllerTests.CreateRating_ShouldReturnBadRequest_WhenRatingIsNull.
TpTrace Verbose: 0 : 13832, 16, 2024/07/03, 20:47:12.429, 286988258227, testhost.dll, MulticastDelegateUtilities.SafeInvoke: TestCaseEventsHandler.RaiseTestCaseEnd: Invoking callback 1/1 for Microsoft.VisualStudio.TestPlatform.CrossPlatEngine.DataCollection.ProxyOutOfProcDataCollectionManager., took 0 ms.
TpTrace Verbose: 0 : 13832, 16, 2024/07/03, 20:47:12.429, 286988258549, testhost.dll, MulticastDelegateUtilities.SafeInvoke: TestCaseEventsHandler.RaiseTestCaseEnd: Invoking callback 1/1 for Microsoft.VisualStudio.TestPlatform.CrossPlatEngine.DataCollection.ProxyOutOfProcDataCollectionManager., took 0 ms.
TpTrace Verbose: 0 : 13832, 16, 2024/07/03, 20:47:12.429, 286988258830, testhost.dll, TestExecutionRecorder.RecordEnd: test: P7CreateRestApi.Tests.RatingControllerTests.CreateRating_ShouldReturnBadRequest_WhenRatingIsNull execution completed.
TpTrace Verbose: 0 : 13832, 16, 2024/07/03, 20:47:12.429, 286988259055, testhost.dll, TestExecutionRecorder.RecordStart: Starting test: P7CreateRestApi.Tests.RatingControllerTests.DeleteRating_ShouldReturnInternalServerError_WhenExceptionIsThrown.
TpTrace Verbose: 0 : 13832, 16, 2024/07/03, 20:47:12.430, 286988263785, testhost.dll, MulticastDelegateUtilities.SafeInvoke: TestCaseEventsHandler.RaiseTestCaseStart: Invoking callback 1/1 for Microsoft.VisualStudio.TestPlatform.CrossPlatEngine.DataCollection.ProxyOutOfProcDataCollectionManager., took 0 ms.
TpTrace Verbose: 0 : 13832, 16, 2024/07/03, 20:47:12.430, 286988264257, testhost.dll, TestExecutionRecorder.RecordResult: Received result for test: P7CreateRestApi.Tests.BidListControllerTests.DeleteBid_ShouldReturnInternalServerError_WhenExceptionIsThrown.
TpTrace Verbose: 0 : 13832, 16, 2024/07/03, 20:47:12.430, 286988269211, testhost.dll, MulticastDelegateUtilities.SafeInvoke: TestCaseEventsHandler.RaiseTestCaseEnd: Invoking callback 1/1 for Microsoft.VisualStudio.TestPlatform.CrossPlatEngine.DataCollection.ProxyOutOfProcDataCollectionManager., took 0 ms.
TpTrace Verbose: 0 : 13832, 16, 2024/07/03, 20:47:12.430, 286988269802, testhost.dll, MulticastDelegateUtilities.SafeInvoke: TestCaseEventsHandler.RaiseTestCaseEnd: Invoking callback 1/1 for Microsoft.VisualStudio.TestPlatform.CrossPlatEngine.DataCollection.ProxyOutOfProcDataCollectionManager., took 0 ms.
TpTrace Verbose: 0 : 13832, 16, 2024/07/03, 20:47:12.430, 286988270213, testhost.dll, TestExecutionRecorder.RecordEnd: test: P7CreateRestApi.Tests.BidListControllerTests.DeleteBid_ShouldReturnInternalServerError_WhenExceptionIsThrown execution completed.
TpTrace Verbose: 0 : 13832, 16, 2024/07/03, 20:47:12.430, 286988270508, testhost.dll, TestExecutionRecorder.RecordStart: Starting test: P7CreateRestApi.Tests.BidListControllerTests.UpdateBid_ShouldReturnNotFound_WhenBidDoesNotExist.
TpTrace Verbose: 0 : 13832, 16, 2024/07/03, 20:47:12.431, 286988276097, testhost.dll, MulticastDelegateUtilities.SafeInvoke: TestCaseEventsHandler.RaiseTestCaseStart: Invoking callback 1/1 for Microsoft.VisualStudio.TestPlatform.CrossPlatEngine.DataCollection.ProxyOutOfProcDataCollectionManager., took 0 ms.
TpTrace Verbose: 0 : 13832, 16, 2024/07/03, 20:47:12.431, 286988276758, testhost.dll, TestExecutionRecorder.RecordResult: Received result for test: P7CreateRestApi.Tests.BidListControllerTests.UpdateBid_ShouldReturnNotFound_WhenBidDoesNotExist.
TpTrace Verbose: 0 : 13832, 16, 2024/07/03, 20:47:12.432, 286988281673, testhost.dll, MulticastDelegateUtilities.SafeInvoke: TestCaseEventsHandler.RaiseTestCaseEnd: Invoking callback 1/1 for Microsoft.VisualStudio.TestPlatform.CrossPlatEngine.DataCollection.ProxyOutOfProcDataCollectionManager., took 0 ms.
TpTrace Verbose: 0 : 13832, 16, 2024/07/03, 20:47:12.432, 286988282135, testhost.dll, MulticastDelegateUtilities.SafeInvoke: TestCaseEventsHandler.RaiseTestCaseEnd: Invoking callback 1/1 for Microsoft.VisualStudio.TestPlatform.CrossPlatEngine.DataCollection.ProxyOutOfProcDataCollectionManager., took 0 ms.
TpTrace Verbose: 0 : 13832, 16, 2024/07/03, 20:47:12.432, 286988282569, testhost.dll, TestExecutionRecorder.RecordEnd: test: P7CreateRestApi.Tests.BidListControllerTests.UpdateBid_ShouldReturnNotFound_WhenBidDoesNotExist execution completed.
TpTrace Verbose: 0 : 13832, 16, 2024/07/03, 20:47:12.432, 286988282895, testhost.dll, TestExecutionRecorder.RecordStart: Starting test: P7CreateRestApi.Tests.BidListControllerTests.CreateBid_ShouldReturnInternalServerError_WhenExceptionIsThrown.
TpTrace Verbose: 0 : 13832, 16, 2024/07/03, 20:47:12.432, 286988288383, testhost.dll, MulticastDelegateUtilities.SafeInvoke: TestCaseEventsHandler.RaiseTestCaseStart: Invoking callback 1/1 for Microsoft.VisualStudio.TestPlatform.CrossPlatEngine.DataCollection.ProxyOutOfProcDataCollectionManager., took 0 ms.
TpTrace Verbose: 0 : 13832, 16, 2024/07/03, 20:47:12.432, 286988288806, testhost.dll, TestExecutionRecorder.RecordResult: Received result for test: P7CreateRestApi.Tests.RatingControllerTests.DeleteRating_ShouldReturnInternalServerError_WhenExceptionIsThrown.
TpTrace Verbose: 0 : 13832, 16, 2024/07/03, 20:47:12.433, 286988293514, testhost.dll, MulticastDelegateUtilities.SafeInvoke: TestCaseEventsHandler.RaiseTestCaseEnd: Invoking callback 1/1 for Microsoft.VisualStudio.TestPlatform.CrossPlatEngine.DataCollection.ProxyOutOfProcDataCollectionManager., took 0 ms.
TpTrace Verbose: 0 : 13832, 16, 2024/07/03, 20:47:12.433, 286988293818, testhost.dll, MulticastDelegateUtilities.SafeInvoke: TestCaseEventsHandler.RaiseTestCaseEnd: Invoking callback 1/1 for Microsoft.VisualStudio.TestPlatform.CrossPlatEngine.DataCollection.ProxyOutOfProcDataCollectionManager., took 0 ms.
TpTrace Verbose: 0 : 13832, 16, 2024/07/03, 20:47:12.433, 286988294078, testhost.dll, TestExecutionRecorder.RecordEnd: test: P7CreateRestApi.Tests.RatingControllerTests.DeleteRating_ShouldReturnInternalServerError_WhenExceptionIsThrown execution completed.
TpTrace Verbose: 0 : 13832, 16, 2024/07/03, 20:47:12.433, 286988294302, testhost.dll, TestExecutionRecorder.RecordStart: Starting test: P7CreateRestApi.Tests.RatingControllerTests.CreateRating_ShouldReturnBadRequest_WhenModelStateIsInvalid.
TpTrace Information: 0 : 13832, 16, 2024/07/03, 20:47:12.433, 286988294477, testhost.dll, Sending test run statistics
TpTrace Verbose: 0 : 13832, 16, 2024/07/03, 20:47:12.433, 286988296677, testhost.dll, TestRequestHandler.SendData: sending data from testhost: {"Version":7,"MessageType":"TestExecution.StatsChange","Payload":{"NewTestResults":[{"TestCase":{"Id":"70cd2c12-19b5-9143-0f3e-befbcf9abdd1","FullyQualifiedName":"P7CreateRestApi.Tests.BidListControllerTests.CreateBid_ShouldReturnCreated_WhenBidIsValid","DisplayName":"P7CreateRestApi.Tests.BidListControllerTests.CreateBid_ShouldReturnCreated_WhenBidIsValid","ExecutorUri":"executor://xunit/VsTestRunner2/netcoreapp","Source":"C:\\Users\\brandon.ku\\source\\repos\\OCProjet7_Findexium\\P7CreateRestApi.Tests\\bin\\Debug\\net8.0\\fine-code-coverage\\build-output\\P7CreateRestApi.Tests.dll","CodeFilePath":null,"LineNumber":0,"Properties":[]},"Attachments":[],"Outcome":1,"ErrorMessage":null,"ErrorStackTrace":null,"DisplayName":"P7CreateRestApi.Tests.BidListControllerTests.CreateBid_ShouldReturnCreated_WhenBidIsValid","Messages":[],"ComputerName":"PB22039","Duration":"00:00:00.0012267","StartTime":"2024-07-03T18:47:12.4249229+00:00","EndTime":"2024-07-03T18:47:12.424923+00:00","Properties":[]},{"TestCase":{"Id":"8671fad5-a89c-9249-5bcb-1e185b89ade7","FullyQualifiedName":"P7CreateRestApi.Tests.RatingControllerTests.DeleteRating_ShouldReturnNotFound_WhenRatingDoesNotExist","DisplayName":"P7CreateRestApi.Tests.RatingControllerTests.DeleteRating_ShouldReturnNotFound_WhenRatingDoesNotExist","ExecutorUri":"executor://xunit/VsTestRunner2/netcoreapp","Source":"C:\\Users\\brandon.ku\\source\\repos\\OCProjet7_Findexium\\P7CreateRestApi.Tests\\bin\\Debug\\net8.0\\fine-code-coverage\\build-output\\P7CreateRestApi.Tests.dll","CodeFilePath":null,"LineNumber":0,"Properties":[]},"Attachments":[],"Outcome":1,"ErrorMessage":null,"ErrorStackTrace":null,"DisplayName":"P7CreateRestApi.Tests.RatingControllerTests.DeleteRating_ShouldReturnNotFound_WhenRatingDoesNotExist","Messages":[],"ComputerName":"PB22039","Duration":"00:00:00.0009488","StartTime":"2024-07-03T18:47:12.4267272+00:00","EndTime":"2024-07-03T18:47:12.4267272+00:00","Properties":[]},{"TestCase":{"Id":"80c0d35d-724c-9422-f5e1-925e0f0f9560","FullyQualifiedName":"P7CreateRestApi.Tests.CurveControllerTests.GetCurvePointById_ShouldReturnInternalServerError_WhenExceptionIsThrown","DisplayName":"P7CreateRestApi.Tests.CurveControllerTests.GetCurvePointById_ShouldReturnInternalServerError_WhenExceptionIsThrown","ExecutorUri":"executor://xunit/VsTestRunner2/netcoreapp","Source":"C:\\Users\\brandon.ku\\source\\repos\\OCProjet7_Findexium\\P7CreateRestApi.Tests\\bin\\Debug\\net8.0\\fine-code-coverage\\build-output\\P7CreateRestApi.Tests.dll","CodeFilePath":null,"LineNumber":0,"Properties":[]},"Attachments":[],"Outcome":1,"ErrorMessage":null,"ErrorStackTrace":null,"DisplayName":"P7CreateRestApi.Tests.CurveControllerTests.GetCurvePointById_ShouldReturnInternalServerError_WhenExceptionIsThrown","Messages":[],"ComputerName":"PB22039","Duration":"00:00:00.0013393","StartTime":"2024-07-03T18:47:12.428139+00:00","EndTime":"2024-07-03T18:47:12.428139+00:00","Properties":[]},{"TestCase":{"Id":"735f8d46-bbd7-df3b-9e37-01272c5d0b5c","FullyQualifiedName":"P7CreateRestApi.Tests.RatingControllerTests.CreateRating_ShouldReturnBadRequest_WhenRatingIsNull","DisplayName":"P7CreateRestApi.Tests.RatingControllerTests.CreateRating_ShouldReturnBadRequest_WhenRatingIsNull","ExecutorUri":"executor://xunit/VsTestRunner2/netcoreapp","Source":"C:\\Users\\brandon.ku\\source\\repos\\OCProjet7_Findexium\\P7CreateRestApi.Tests\\bin\\Debug\\net8.0\\fine-code-coverage\\build-output\\P7CreateRestApi.Tests.dll","CodeFilePath":null,"LineNumber":0,"Properties":[]},"Attachments":[],"Outcome":1,"ErrorMessage":null,"ErrorStackTrace":null,"DisplayName":"P7CreateRestApi.Tests.RatingControllerTests.CreateRating_ShouldReturnBadRequest_WhenRatingIsNull","Messages":[],"ComputerName":"PB22039","Duration":"00:00:00.0004191","StartTime":"2024-07-03T18:47:12.4291612+00:00","EndTime":"2024-07-03T18:47:12.4291613+00:00","Properties":[]},{"TestCase":{"Id":"7e782ff1-bc2a-fbcb-ad62-e569e404c91b","FullyQualifiedName":"P7CreateRestApi.Tests.BidListControllerTests.DeleteBid_ShouldReturnInternalServerError_WhenExceptionIsThrown","DisplayName":"P7CreateRestApi.Tests.BidListControllerTests.DeleteBid_ShouldReturnInternalServerError_WhenExceptionIsThrown","ExecutorUri":"executor://xunit/VsTestRunner2/netcoreapp","Source":"C:\\Users\\brandon.ku\\source\\repos\\OCProjet7_Findexium\\P7CreateRestApi.Tests\\bin\\Debug\\net8.0\\fine-code-coverage\\build-output\\P7CreateRestApi.Tests.dll","CodeFilePath":null,"LineNumber":0,"Properties":[]},"Attachments":[],"Outcome":1,"ErrorMessage":null,"ErrorStackTrace":null,"DisplayName":"P7CreateRestApi.Tests.BidListControllerTests.DeleteBid_ShouldReturnInternalServerError_WhenExceptionIsThrown","Messages":[],"ComputerName":"PB22039","Duration":"00:00:00.0012684","StartTime":"2024-07-03T18:47:12.4302614+00:00","EndTime":"2024-07-03T18:47:12.4302614+00:00","Properties":[]},{"TestCase":{"Id":"4fd1c301-834f-572b-a134-90de735a2217","FullyQualifiedName":"P7CreateRestApi.Tests.BidListControllerTests.UpdateBid_ShouldReturnNotFound_WhenBidDoesNotExist","DisplayName":"P7CreateRestApi.Tests.BidListControllerTests.UpdateBid_ShouldReturnNotFound_WhenBidDoesNotExist","ExecutorUri":"executor://xunit/VsTestRunner2/netcoreapp","Source":"C:\\Users\\brandon.ku\\source\\repos\\OCProjet7_Findexium\\P7CreateRestApi.Tests\\bin\\Debug\\net8.0\\fine-code-coverage\\build-output\\P7CreateRestApi.Tests.dll","CodeFilePath":null,"LineNumber":0,"Properties":[]},"Attachments":[],"Outcome":1,"ErrorMessage":null,"ErrorStackTrace":null,"DisplayName":"P7CreateRestApi.Tests.BidListControllerTests.UpdateBid_ShouldReturnNotFound_WhenBidDoesNotExist","Messages":[],"ComputerName":"PB22039","Duration":"00:00:00.0006151","StartTime":"2024-07-03T18:47:12.43151+00:00","EndTime":"2024-07-03T18:47:12.4315101+00:00","Properties":[]},{"TestCase":{"Id":"8e90ced0-ad6f-0f34-2311-fcf76f59a638","FullyQualifiedName":"P7CreateRestApi.Tests.RatingControllerTests.DeleteRating_ShouldReturnInternalServerError_WhenExceptionIsThrown","DisplayName":"P7CreateRestApi.Tests.RatingControllerTests.DeleteRating_ShouldReturnInternalServerError_WhenExceptionIsThrown","ExecutorUri":"executor://xunit/VsTestRunner2/netcoreapp","Source":"C:\\Users\\brandon.ku\\source\\repos\\OCProjet7_Findexium\\P7CreateRestApi.Tests\\bin\\Debug\\net8.0\\fine-code-coverage\\build-output\\P7CreateRestApi.Tests.dll","CodeFilePath":null,"LineNumber":0,"Properties":[]},"Attachments":[],"Outcome":1,"ErrorMessage":null,"ErrorStackTrace":null,"DisplayName":"P7CreateRestApi.Tests.RatingControllerTests.DeleteRating_ShouldReturnInternalServerError_WhenExceptionIsThrown","Messages":[],"ComputerName":"PB22039","Duration":"00:00:00.0010662","StartTime":"2024-07-03T18:47:12.4327163+00:00","EndTime":"2024-07-03T18:47:12.4327163+00:00","Properties":[]}],"TestRunStatistics":{"ExecutedTests":28,"Stats":{"Passed":28}},"ActiveTests":[{"Id":"43ad2954-1427-403a-982e-02d035cc5056","FullyQualifiedName":"P7CreateRestApi.Tests.CurveControllerTests.GetCurvePointById_ShouldReturnOk_WhenCurvePointExists","DisplayName":"P7CreateRestApi.Tests.CurveControllerTests.GetCurvePointById_ShouldReturnOk_WhenCurvePointExists","ExecutorUri":"executor://xunit/VsTestRunner2/netcoreapp","Source":"C:\\Users\\brandon.ku\\source\\repos\\OCProjet7_Findexium\\P7CreateRestApi.Tests\\bin\\Debug\\net8.0\\fine-code-coverage\\build-output\\P7CreateRestApi.Tests.dll","CodeFilePath":null,"LineNumber":0,"Properties":[]},{"Id":"7d3d9f83-b960-c84c-419e-08056b867878","FullyQualifiedName":"P7CreateRestApi.Tests.BidListControllerTests.CreateBid_ShouldReturnInternalServerError_WhenExceptionIsThrown","DisplayName":"P7CreateRestApi.Tests.BidListControllerTests.CreateBid_ShouldReturnInternalServerError_WhenExceptionIsThrown","ExecutorUri":"executor://xunit/VsTestRunner2/netcoreapp","Source":"C:\\Users\\brandon.ku\\source\\repos\\OCProjet7_Findexium\\P7CreateRestApi.Tests\\bin\\Debug\\net8.0\\fine-code-coverage\\build-output\\P7CreateRestApi.Tests.dll","CodeFilePath":null,"LineNumber":0,"Properties":[]},{"Id":"64c28af0-617e-7d1a-2385-de993d1aca5d","FullyQualifiedName":"P7CreateRestApi.Tests.RatingControllerTests.CreateRating_ShouldReturnBadRequest_WhenModelStateIsInvalid","DisplayName":"P7CreateRestApi.Tests.RatingControllerTests.CreateRating_ShouldReturnBadRequest_WhenModelStateIsInvalid","ExecutorUri":"executor://xunit/VsTestRunner2/netcoreapp","Source":"C:\\Users\\brandon.ku\\source\\repos\\OCProjet7_Findexium\\P7CreateRestApi.Tests\\bin\\Debug\\net8.0\\fine-code-coverage\\build-output\\P7CreateRestApi.Tests.dll","CodeFilePath":null,"LineNumber":0,"Properties":[]}]}}
TpTrace Verbose: 0 : 13832, 16, 2024/07/03, 20:47:12.433, 286988299497, testhost.dll, TestRunCache: OnNewTestResult: Notified the onCacheHit callback.
TpTrace Verbose: 0 : 13832, 16, 2024/07/03, 20:47:12.434, 286988307933, testhost.dll, MulticastDelegateUtilities.SafeInvoke: TestCaseEventsHandler.RaiseTestCaseStart: Invoking callback 1/1 for Microsoft.VisualStudio.TestPlatform.CrossPlatEngine.DataCollection.ProxyOutOfProcDataCollectionManager., took 0 ms.
TpTrace Verbose: 0 : 13832, 16, 2024/07/03, 20:47:12.434, 286988308754, testhost.dll, TestExecutionRecorder.RecordResult: Received result for test: P7CreateRestApi.Tests.RatingControllerTests.CreateRating_ShouldReturnBadRequest_WhenModelStateIsInvalid.
TpTrace Verbose: 0 : 13832, 16, 2024/07/03, 20:47:12.435, 286988315765, testhost.dll, MulticastDelegateUtilities.SafeInvoke: TestCaseEventsHandler.RaiseTestCaseEnd: Invoking callback 1/1 for Microsoft.VisualStudio.TestPlatform.CrossPlatEngine.DataCollection.ProxyOutOfProcDataCollectionManager., took 0 ms.
TpTrace Verbose: 0 : 13832, 16, 2024/07/03, 20:47:12.435, 286988316205, testhost.dll, MulticastDelegateUtilities.SafeInvoke: TestCaseEventsHandler.RaiseTestCaseEnd: Invoking callback 1/1 for Microsoft.VisualStudio.TestPlatform.CrossPlatEngine.DataCollection.ProxyOutOfProcDataCollectionManager., took 0 ms.
TpTrace Warning: 0 : 13832, 16, 2024/07/03, 20:47:12.435, 286988316432, testhost.dll, TestRunCache: InProgressTests is null
TpTrace Warning: 0 : 13832, 16, 2024/07/03, 20:47:12.435, 286988316596, testhost.dll, TestRunCache: No test found corresponding to testResult 'P7CreateRestApi.Tests.RatingControllerTests.CreateRating_ShouldReturnBadRequest_WhenModelStateIsInvalid' in inProgress list.
TpTrace Verbose: 0 : 13832, 16, 2024/07/03, 20:47:12.435, 286988316896, testhost.dll, TestExecutionRecorder.RecordEnd: test: P7CreateRestApi.Tests.RatingControllerTests.CreateRating_ShouldReturnBadRequest_WhenModelStateIsInvalid execution completed.
TpTrace Warning: 0 : 13832, 16, 2024/07/03, 20:47:12.435, 286988317057, testhost.dll, TestRunCache: InProgressTests is null
TpTrace Verbose: 0 : 13832, 16, 2024/07/03, 20:47:12.435, 286988317307, testhost.dll, TestExecutionRecorder.RecordStart: Starting test: P7CreateRestApi.Tests.RatingControllerTests.UpdateRating_ShouldReturnOk_WhenUpdateIsSuccessful.
TpTrace Verbose: 0 : 13832, 16, 2024/07/03, 20:47:12.436, 286988322433, testhost.dll, MulticastDelegateUtilities.SafeInvoke: TestCaseEventsHandler.RaiseTestCaseStart: Invoking callback 1/1 for Microsoft.VisualStudio.TestPlatform.CrossPlatEngine.DataCollection.ProxyOutOfProcDataCollectionManager., took 0 ms.
TpTrace Verbose: 0 : 13832, 16, 2024/07/03, 20:47:12.436, 286988322953, testhost.dll, TestExecutionRecorder.RecordResult: Received result for test: P7CreateRestApi.Tests.BidListControllerTests.CreateBid_ShouldReturnInternalServerError_WhenExceptionIsThrown.
TpTrace Verbose: 0 : 13832, 16, 2024/07/03, 20:47:12.436, 286988328556, testhost.dll, MulticastDelegateUtilities.SafeInvoke: TestCaseEventsHandler.RaiseTestCaseEnd: Invoking callback 1/1 for Microsoft.VisualStudio.TestPlatform.CrossPlatEngine.DataCollection.ProxyOutOfProcDataCollectionManager., took 0 ms.
TpTrace Verbose: 0 : 13832, 16, 2024/07/03, 20:47:12.436, 286988328954, testhost.dll, MulticastDelegateUtilities.SafeInvoke: TestCaseEventsHandler.RaiseTestCaseEnd: Invoking callback 1/1 for Microsoft.VisualStudio.TestPlatform.CrossPlatEngine.DataCollection.ProxyOutOfProcDataCollectionManager., took 0 ms.
TpTrace Warning: 0 : 13832, 16, 2024/07/03, 20:47:12.436, 286988329167, testhost.dll, TestRunCache: No test found corresponding to testResult 'P7CreateRestApi.Tests.BidListControllerTests.CreateBid_ShouldReturnInternalServerError_WhenExceptionIsThrown' in inProgress list.
TpTrace Verbose: 0 : 13832, 16, 2024/07/03, 20:47:12.436, 286988329442, testhost.dll, TestExecutionRecorder.RecordEnd: test: P7CreateRestApi.Tests.BidListControllerTests.CreateBid_ShouldReturnInternalServerError_WhenExceptionIsThrown execution completed.
TpTrace Verbose: 0 : 13832, 16, 2024/07/03, 20:47:12.436, 286988329704, testhost.dll, TestExecutionRecorder.RecordStart: Starting test: P7CreateRestApi.Tests.BidListControllerTests.UpdateBid_ShouldReturnBadRequest_WhenBidIsNullOrIdMismatch.
TpTrace Verbose: 0 : 13832, 16, 2024/07/03, 20:47:12.437, 286988334542, testhost.dll, MulticastDelegateUtilities.SafeInvoke: TestCaseEventsHandler.RaiseTestCaseStart: Invoking callback 1/1 for Microsoft.VisualStudio.TestPlatform.CrossPlatEngine.DataCollection.ProxyOutOfProcDataCollectionManager., took 0 ms.
TpTrace Verbose: 0 : 13832, 16, 2024/07/03, 20:47:12.437, 286988335019, testhost.dll, TestExecutionRecorder.RecordResult: Received result for test: P7CreateRestApi.Tests.BidListControllerTests.UpdateBid_ShouldReturnBadRequest_WhenBidIsNullOrIdMismatch.
TpTrace Verbose: 0 : 13832, 16, 2024/07/03, 20:47:12.437, 286988340018, testhost.dll, MulticastDelegateUtilities.SafeInvoke: TestCaseEventsHandler.RaiseTestCaseEnd: Invoking callback 1/1 for Microsoft.VisualStudio.TestPlatform.CrossPlatEngine.DataCollection.ProxyOutOfProcDataCollectionManager., took 0 ms.
TpTrace Verbose: 0 : 13832, 16, 2024/07/03, 20:47:12.437, 286988340387, testhost.dll, MulticastDelegateUtilities.SafeInvoke: TestCaseEventsHandler.RaiseTestCaseEnd: Invoking callback 1/1 for Microsoft.VisualStudio.TestPlatform.CrossPlatEngine.DataCollection.ProxyOutOfProcDataCollectionManager., took 0 ms.
TpTrace Verbose: 0 : 13832, 16, 2024/07/03, 20:47:12.437, 286988340693, testhost.dll, TestExecutionRecorder.RecordEnd: test: P7CreateRestApi.Tests.BidListControllerTests.UpdateBid_ShouldReturnBadRequest_WhenBidIsNullOrIdMismatch execution completed.
TpTrace Verbose: 0 : 13832, 16, 2024/07/03, 20:47:12.437, 286988340986, testhost.dll, TestExecutionRecorder.RecordResult: Received result for test: P7CreateRestApi.Tests.RatingControllerTests.UpdateRating_ShouldReturnOk_WhenUpdateIsSuccessful.
TpTrace Verbose: 0 : 13832, 16, 2024/07/03, 20:47:12.438, 286988346152, testhost.dll, MulticastDelegateUtilities.SafeInvoke: TestCaseEventsHandler.RaiseTestCaseEnd: Invoking callback 1/1 for Microsoft.VisualStudio.TestPlatform.CrossPlatEngine.DataCollection.ProxyOutOfProcDataCollectionManager., took 0 ms.
TpTrace Verbose: 0 : 13832, 16, 2024/07/03, 20:47:12.438, 286988346521, testhost.dll, MulticastDelegateUtilities.SafeInvoke: TestCaseEventsHandler.RaiseTestCaseEnd: Invoking callback 1/1 for Microsoft.VisualStudio.TestPlatform.CrossPlatEngine.DataCollection.ProxyOutOfProcDataCollectionManager., took 0 ms.
TpTrace Verbose: 0 : 13832, 16, 2024/07/03, 20:47:12.438, 286988346812, testhost.dll, TestExecutionRecorder.RecordEnd: test: P7CreateRestApi.Tests.RatingControllerTests.UpdateRating_ShouldReturnOk_WhenUpdateIsSuccessful execution completed.
TpTrace Warning: 0 : 13832, 16, 2024/07/03, 20:47:12.438, 286988346975, testhost.dll, TestRunCache: InProgressTests is null
TpTrace Verbose: 0 : 13832, 16, 2024/07/03, 20:47:12.438, 286988347250, testhost.dll, TestExecutionRecorder.RecordStart: Starting test: P7CreateRestApi.Tests.RatingControllerTests.UpdateRating_ShouldReturnBadRequest_WhenRatingIsNull.
TpTrace Verbose: 0 : 13832, 16, 2024/07/03, 20:47:12.438, 286988351353, testhost.dll, MulticastDelegateUtilities.SafeInvoke: TestCaseEventsHandler.RaiseTestCaseStart: Invoking callback 1/1 for Microsoft.VisualStudio.TestPlatform.CrossPlatEngine.DataCollection.ProxyOutOfProcDataCollectionManager., took 0 ms.
TpTrace Verbose: 0 : 13832, 16, 2024/07/03, 20:47:12.439, 286988352209, testhost.dll, TestExecutionRecorder.RecordResult: Received result for test: P7CreateRestApi.Tests.RatingControllerTests.UpdateRating_ShouldReturnBadRequest_WhenRatingIsNull.
TpTrace Verbose: 0 : 13832, 16, 2024/07/03, 20:47:12.439, 286988357930, testhost.dll, MulticastDelegateUtilities.SafeInvoke: TestCaseEventsHandler.RaiseTestCaseEnd: Invoking callback 1/1 for Microsoft.VisualStudio.TestPlatform.CrossPlatEngine.DataCollection.ProxyOutOfProcDataCollectionManager., took 0 ms.
TpTrace Verbose: 0 : 13832, 16, 2024/07/03, 20:47:12.439, 286988358460, testhost.dll, MulticastDelegateUtilities.SafeInvoke: TestCaseEventsHandler.RaiseTestCaseEnd: Invoking callback 1/1 for Microsoft.VisualStudio.TestPlatform.CrossPlatEngine.DataCollection.ProxyOutOfProcDataCollectionManager., took 0 ms.
TpTrace Verbose: 0 : 13832, 16, 2024/07/03, 20:47:12.439, 286988359010, testhost.dll, TestExecutionRecorder.RecordEnd: test: P7CreateRestApi.Tests.RatingControllerTests.UpdateRating_ShouldReturnBadRequest_WhenRatingIsNull execution completed.
TpTrace Warning: 0 : 13832, 16, 2024/07/03, 20:47:12.439, 286988359250, testhost.dll, TestRunCache: InProgressTests is null
TpTrace Verbose: 0 : 13832, 16, 2024/07/03, 20:47:12.439, 286988359550, testhost.dll, TestExecutionRecorder.RecordStart: Starting test: P7CreateRestApi.Tests.RatingControllerTests.GetRatingById_ShouldReturnOk_WhenRatingExists.
TpTrace Verbose: 0 : 13832, 16, 2024/07/03, 20:47:12.440, 286988365712, testhost.dll, MulticastDelegateUtilities.SafeInvoke: TestCaseEventsHandler.RaiseTestCaseStart: Invoking callback 1/1 for Microsoft.VisualStudio.TestPlatform.CrossPlatEngine.DataCollection.ProxyOutOfProcDataCollectionManager., took 0 ms.
TpTrace Verbose: 0 : 13832, 16, 2024/07/03, 20:47:12.440, 286988366599, testhost.dll, TestExecutionRecorder.RecordResult: Received result for test: P7CreateRestApi.Tests.CurveControllerTests.GetCurvePointById_ShouldReturnOk_WhenCurvePointExists.
TpTrace Verbose: 0 : 13832, 16, 2024/07/03, 20:47:12.440, 286988371313, testhost.dll, MulticastDelegateUtilities.SafeInvoke: TestCaseEventsHandler.RaiseTestCaseEnd: Invoking callback 1/1 for Microsoft.VisualStudio.TestPlatform.CrossPlatEngine.DataCollection.ProxyOutOfProcDataCollectionManager., took 0 ms.
TpTrace Verbose: 0 : 13832, 16, 2024/07/03, 20:47:12.441, 286988371764, testhost.dll, MulticastDelegateUtilities.SafeInvoke: TestCaseEventsHandler.RaiseTestCaseEnd: Invoking callback 1/1 for Microsoft.VisualStudio.TestPlatform.CrossPlatEngine.DataCollection.ProxyOutOfProcDataCollectionManager., took 0 ms.
TpTrace Warning: 0 : 13832, 16, 2024/07/03, 20:47:12.441, 286988371987, testhost.dll, TestRunCache: No test found corresponding to testResult 'P7CreateRestApi.Tests.CurveControllerTests.GetCurvePointById_ShouldReturnOk_WhenCurvePointExists' in inProgress list.
TpTrace Verbose: 0 : 13832, 16, 2024/07/03, 20:47:12.441, 286988372269, testhost.dll, TestExecutionRecorder.RecordEnd: test: P7CreateRestApi.Tests.CurveControllerTests.GetCurvePointById_ShouldReturnOk_WhenCurvePointExists execution completed.
TpTrace Verbose: 0 : 13832, 16, 2024/07/03, 20:47:12.441, 286988372537, testhost.dll, TestExecutionRecorder.RecordStart: Starting test: P7CreateRestApi.Tests.CurveControllerTests.GetCurvePointById_ShouldReturnNotFound_WhenCurvePointDoesNotExist.
TpTrace Verbose: 0 : 13832, 16, 2024/07/03, 20:47:12.441, 286988377316, testhost.dll, MulticastDelegateUtilities.SafeInvoke: TestCaseEventsHandler.RaiseTestCaseStart: Invoking callback 1/1 for Microsoft.VisualStudio.TestPlatform.CrossPlatEngine.DataCollection.ProxyOutOfProcDataCollectionManager., took 0 ms.
TpTrace Verbose: 0 : 13832, 16, 2024/07/03, 20:47:12.441, 286988377797, testhost.dll, TestExecutionRecorder.RecordResult: Received result for test: P7CreateRestApi.Tests.RatingControllerTests.GetRatingById_ShouldReturnOk_WhenRatingExists.
TpTrace Verbose: 0 : 13832, 16, 2024/07/03, 20:47:12.442, 286988382528, testhost.dll, MulticastDelegateUtilities.SafeInvoke: TestCaseEventsHandler.RaiseTestCaseEnd: Invoking callback 1/1 for Microsoft.VisualStudio.TestPlatform.CrossPlatEngine.DataCollection.ProxyOutOfProcDataCollectionManager., took 0 ms.
TpTrace Verbose: 0 : 13832, 16, 2024/07/03, 20:47:12.442, 286988382919, testhost.dll, MulticastDelegateUtilities.SafeInvoke: TestCaseEventsHandler.RaiseTestCaseEnd: Invoking callback 1/1 for Microsoft.VisualStudio.TestPlatform.CrossPlatEngine.DataCollection.ProxyOutOfProcDataCollectionManager., took 0 ms.
TpTrace Verbose: 0 : 13832, 16, 2024/07/03, 20:47:12.442, 286988383232, testhost.dll, TestExecutionRecorder.RecordEnd: test: P7CreateRestApi.Tests.RatingControllerTests.GetRatingById_ShouldReturnOk_WhenRatingExists execution completed.
TpTrace Verbose: 0 : 13832, 16, 2024/07/03, 20:47:12.442, 286988383500, testhost.dll, TestExecutionRecorder.RecordStart: Starting test: P7CreateRestApi.Tests.RatingControllerTests.UpdateRating_ShouldReturnNotFound_WhenRatingDoesNotExist.
TpTrace Verbose: 0 : 13832, 16, 2024/07/03, 20:47:12.442, 286988387692, testhost.dll, MulticastDelegateUtilities.SafeInvoke: TestCaseEventsHandler.RaiseTestCaseStart: Invoking callback 1/1 for Microsoft.VisualStudio.TestPlatform.CrossPlatEngine.DataCollection.ProxyOutOfProcDataCollectionManager., took 0 ms.
TpTrace Verbose: 0 : 13832, 16, 2024/07/03, 20:47:12.442, 286988388204, testhost.dll, TestExecutionRecorder.RecordResult: Received result for test: P7CreateRestApi.Tests.CurveControllerTests.GetCurvePointById_ShouldReturnNotFound_WhenCurvePointDoesNotExist.
TpTrace Verbose: 0 : 13832, 16, 2024/07/03, 20:47:12.443, 286988392829, testhost.dll, MulticastDelegateUtilities.SafeInvoke: TestCaseEventsHandler.RaiseTestCaseEnd: Invoking callback 1/1 for Microsoft.VisualStudio.TestPlatform.CrossPlatEngine.DataCollection.ProxyOutOfProcDataCollectionManager., took 0 ms.
TpTrace Verbose: 0 : 13832, 16, 2024/07/03, 20:47:12.443, 286988393315, testhost.dll, MulticastDelegateUtilities.SafeInvoke: TestCaseEventsHandler.RaiseTestCaseEnd: Invoking callback 1/1 for Microsoft.VisualStudio.TestPlatform.CrossPlatEngine.DataCollection.ProxyOutOfProcDataCollectionManager., took 0 ms.
TpTrace Verbose: 0 : 13832, 16, 2024/07/03, 20:47:12.443, 286988393719, testhost.dll, TestExecutionRecorder.RecordEnd: test: P7CreateRestApi.Tests.CurveControllerTests.GetCurvePointById_ShouldReturnNotFound_WhenCurvePointDoesNotExist execution completed.
TpTrace Verbose: 0 : 13832, 16, 2024/07/03, 20:47:12.443, 286988394068, testhost.dll, TestExecutionRecorder.RecordResult: Received result for test: P7CreateRestApi.Tests.RatingControllerTests.UpdateRating_ShouldReturnNotFound_WhenRatingDoesNotExist.
TpTrace Verbose: 0 : 13832, 16, 2024/07/03, 20:47:12.443, 286988398892, testhost.dll, MulticastDelegateUtilities.SafeInvoke: TestCaseEventsHandler.RaiseTestCaseEnd: Invoking callback 1/1 for Microsoft.VisualStudio.TestPlatform.CrossPlatEngine.DataCollection.ProxyOutOfProcDataCollectionManager., took 0 ms.
TpTrace Verbose: 0 : 13832, 16, 2024/07/03, 20:47:12.443, 286988399374, testhost.dll, MulticastDelegateUtilities.SafeInvoke: TestCaseEventsHandler.RaiseTestCaseEnd: Invoking callback 1/1 for Microsoft.VisualStudio.TestPlatform.CrossPlatEngine.DataCollection.ProxyOutOfProcDataCollectionManager., took 0 ms.
TpTrace Verbose: 0 : 13832, 16, 2024/07/03, 20:47:12.443, 286988399700, testhost.dll, TestExecutionRecorder.RecordEnd: test: P7CreateRestApi.Tests.RatingControllerTests.UpdateRating_ShouldReturnNotFound_WhenRatingDoesNotExist execution completed.
TpTrace Warning: 0 : 13832, 16, 2024/07/03, 20:47:12.443, 286988399872, testhost.dll, TestRunCache: InProgressTests is null
TpTrace Information: 0 : 13832, 4, 2024/07/03, 20:47:12.444, 286988411644, testhost.dll, [xUnit.net 00:00:00.62]   Finished:    P7CreateRestApi.Tests
TpTrace Verbose: 0 : 13832, 4, 2024/07/03, 20:47:12.445, 286988413191, testhost.dll, TestRequestHandler.SendData: sending data from testhost: {"Version":7,"MessageType":"TestSession.Message","Payload":{"MessageLevel":0,"Message":"[xUnit.net 00:00:00.62]   Finished:    P7CreateRestApi.Tests"}}
TpTrace Verbose: 0 : 13832, 4, 2024/07/03, 20:47:12.445, 286988414220, testhost.dll, MulticastDelegateUtilities.SafeInvoke: TestRunMessageLoggerProxy.SendMessage: Invoking callback 1/1 for Microsoft.VisualStudio.TestPlatform.CrossPlatEngine.Execution.RunTestsWithSources., took 0 ms.
TpTrace Verbose: 0 : 13832, 4, 2024/07/03, 20:47:12.447, 286988438393, testhost.dll, BaseRunTests.RunTestInternalWithExecutors: Completed running tests for executor://xunit/VsTestRunner2/netcoreapp
TpTrace Verbose: 0 : 13832, 4, 2024/07/03, 20:47:12.448, 286988449628, testhost.dll, MulticastDelegateUtilities.SafeInvoke: TestCaseEventsHandler.RaiseSessionEnd: Invoking callback 1/1 for Microsoft.VisualStudio.TestPlatform.CrossPlatEngine.DataCollection.ProxyOutOfProcDataCollectionManager., took 0 ms.
TpTrace Information: 0 : 13832, 4, 2024/07/03, 20:47:12.451, 286988473794, testhost.dll, Sending test run complete
TpTrace Verbose: 0 : 13832, 4, 2024/07/03, 20:47:12.462, 286988583358, testhost.dll, TestRequestHandler.SendData: sending data from testhost: {"Version":7,"MessageType":"TestExecution.Completed","Payload":{"TestRunCompleteArgs":{"TestRunStatistics":{"ExecutedTests":37,"Stats":{"Passed":37}},"IsCanceled":false,"IsAborted":false,"Error":null,"AttachmentSets":[],"InvokedDataCollectors":[],"ElapsedTimeInRunningTests":"00:00:00.6445429","Metrics":{},"DiscoveredExtensions":{"TestDiscoverers":["Xunit.Runner.VisualStudio.VsTestRunner, xunit.runner.visualstudio.dotnetcore.testadapter, Version=2.5.0.0, Culture=neutral, PublicKeyToken=null","Xunit.Runner.VisualStudio.VsTestRunner, xunit.runner.visualstudio.testadapter, Version=2.8.1.0, Culture=neutral, PublicKeyToken=null"],"TestExecutors":["executor://xunit/VsTestRunner2/netcoreapp"],"TestExecutors2":[],"TestSettingsProviders":[]}},"LastRunTests":{"NewTestResults":[{"TestCase":{"Id":"64c28af0-617e-7d1a-2385-de993d1aca5d","FullyQualifiedName":"P7CreateRestApi.Tests.RatingControllerTests.CreateRating_ShouldReturnBadRequest_WhenModelStateIsInvalid","DisplayName":"P7CreateRestApi.Tests.RatingControllerTests.CreateRating_ShouldReturnBadRequest_WhenModelStateIsInvalid","ExecutorUri":"executor://xunit/VsTestRunner2/netcoreapp","Source":"C:\\Users\\brandon.ku\\source\\repos\\OCProjet7_Findexium\\P7CreateRestApi.Tests\\bin\\Debug\\net8.0\\fine-code-coverage\\build-output\\P7CreateRestApi.Tests.dll","CodeFilePath":null,"LineNumber":0,"Properties":[]},"Attachments":[],"Outcome":1,"ErrorMessage":null,"ErrorStackTrace":null,"DisplayName":"P7CreateRestApi.Tests.RatingControllerTests.CreateRating_ShouldReturnBadRequest_WhenModelStateIsInvalid","Messages":[],"ComputerName":"PB22039","Duration":"00:00:00.0006665","StartTime":"2024-07-03T18:47:12.4347095+00:00","EndTime":"2024-07-03T18:47:12.4347096+00:00","Properties":[]},{"TestCase":{"Id":"7d3d9f83-b960-c84c-419e-08056b867878","FullyQualifiedName":"P7CreateRestApi.Tests.BidListControllerTests.CreateBid_ShouldReturnInternalServerError_WhenExceptionIsThrown","DisplayName":"P7CreateRestApi.Tests.BidListControllerTests.CreateBid_ShouldReturnInternalServerError_WhenExceptionIsThrown","ExecutorUri":"executor://xunit/VsTestRunner2/netcoreapp","Source":"C:\\Users\\brandon.ku\\source\\repos\\OCProjet7_Findexium\\P7CreateRestApi.Tests\\bin\\Debug\\net8.0\\fine-code-coverage\\build-output\\P7CreateRestApi.Tests.dll","CodeFilePath":null,"LineNumber":0,"Properties":[]},"Attachments":[],"Outcome":1,"ErrorMessage":null,"ErrorStackTrace":null,"DisplayName":"P7CreateRestApi.Tests.BidListControllerTests.CreateBid_ShouldReturnInternalServerError_WhenExceptionIsThrown","Messages":[],"ComputerName":"PB22039","Duration":"00:00:00.0011502","StartTime":"2024-07-03T18:47:12.4361301+00:00","EndTime":"2024-07-03T18:47:12.4361301+00:00","Properties":[]},{"TestCase":{"Id":"45e54721-1dbf-1b53-6f16-0251de6b2e1f","FullyQualifiedName":"P7CreateRestApi.Tests.BidListControllerTests.UpdateBid_ShouldReturnBadRequest_WhenBidIsNullOrIdMismatch","DisplayName":"P7CreateRestApi.Tests.BidListControllerTests.UpdateBid_ShouldReturnBadRequest_WhenBidIsNullOrIdMismatch","ExecutorUri":"executor://xunit/VsTestRunner2/netcoreapp","Source":"C:\\Users\\brandon.ku\\source\\repos\\OCProjet7_Findexium\\P7CreateRestApi.Tests\\bin\\Debug\\net8.0\\fine-code-coverage\\build-output\\P7CreateRestApi.Tests.dll","CodeFilePath":null,"LineNumber":0,"Properties":[]},"Attachments":[],"Outcome":1,"ErrorMessage":null,"ErrorStackTrace":null,"DisplayName":"P7CreateRestApi.Tests.BidListControllerTests.UpdateBid_ShouldReturnBadRequest_WhenBidIsNullOrIdMismatch","Messages":[],"ComputerName":"PB22039","Duration":"00:00:00.0005439","StartTime":"2024-07-03T18:47:12.4373373+00:00","EndTime":"2024-07-03T18:47:12.4373374+00:00","Properties":[]},{"TestCase":{"Id":"baa4f1e6-b8e5-e956-8ef8-06093465870c","FullyQualifiedName":"P7CreateRestApi.Tests.RatingControllerTests.UpdateRating_ShouldReturnOk_WhenUpdateIsSuccessful","DisplayName":"P7CreateRestApi.Tests.RatingControllerTests.UpdateRating_ShouldReturnOk_WhenUpdateIsSuccessful","ExecutorUri":"executor://xunit/VsTestRunner2/netcoreapp","Source":"C:\\Users\\brandon.ku\\source\\repos\\OCProjet7_Findexium\\P7CreateRestApi.Tests\\bin\\Debug\\net8.0\\fine-code-coverage\\build-output\\P7CreateRestApi.Tests.dll","CodeFilePath":null,"LineNumber":0,"Properties":[]},"Attachments":[],"Outcome":1,"ErrorMessage":null,"ErrorStackTrace":null,"DisplayName":"P7CreateRestApi.Tests.RatingControllerTests.UpdateRating_ShouldReturnOk_WhenUpdateIsSuccessful","Messages":[],"ComputerName":"PB22039","Duration":"00:00:00.0015188","StartTime":"2024-07-03T18:47:12.4379343+00:00","EndTime":"2024-07-03T18:47:12.4379344+00:00","Properties":[]},{"TestCase":{"Id":"d98fbddd-58ff-de9c-af84-bac7101fe18e","FullyQualifiedName":"P7CreateRestApi.Tests.RatingControllerTests.UpdateRating_ShouldReturnBadRequest_WhenRatingIsNull","DisplayName":"P7CreateRestApi.Tests.RatingControllerTests.UpdateRating_ShouldReturnBadRequest_WhenRatingIsNull","ExecutorUri":"executor://xunit/VsTestRunner2/netcoreapp","Source":"C:\\Users\\brandon.ku\\source\\repos\\OCProjet7_Findexium\\P7CreateRestApi.Tests\\bin\\Debug\\net8.0\\fine-code-coverage\\build-output\\P7CreateRestApi.Tests.dll","CodeFilePath":null,"LineNumber":0,"Properties":[]},"Attachments":[],"Outcome":1,"ErrorMessage":null,"ErrorStackTrace":null,"DisplayName":"P7CreateRestApi.Tests.RatingControllerTests.UpdateRating_ShouldReturnBadRequest_WhenRatingIsNull","Messages":[],"ComputerName":"PB22039","Duration":"00:00:00.0006214","StartTime":"2024-07-03T18:47:12.4390524+00:00","EndTime":"2024-07-03T18:47:12.4390525+00:00","Properties":[]},{"TestCase":{"Id":"43ad2954-1427-403a-982e-02d035cc5056","FullyQualifiedName":"P7CreateRestApi.Tests.CurveControllerTests.GetCurvePointById_ShouldReturnOk_WhenCurvePointExists","DisplayName":"P7CreateRestApi.Tests.CurveControllerTests.GetCurvePointById_ShouldReturnOk_WhenCurvePointExists","ExecutorUri":"executor://xunit/VsTestRunner2/netcoreapp","Source":"C:\\Users\\brandon.ku\\source\\repos\\OCProjet7_Findexium\\P7CreateRestApi.Tests\\bin\\Debug\\net8.0\\fine-code-coverage\\build-output\\P7CreateRestApi.Tests.dll","CodeFilePath":null,"LineNumber":0,"Properties":[]},"Attachments":[],"Outcome":1,"ErrorMessage":null,"ErrorStackTrace":null,"DisplayName":"P7CreateRestApi.Tests.CurveControllerTests.GetCurvePointById_ShouldReturnOk_WhenCurvePointExists","Messages":[],"ComputerName":"PB22039","Duration":"00:00:00.0048380","StartTime":"2024-07-03T18:47:12.4404935+00:00","EndTime":"2024-07-03T18:47:12.4404936+00:00","Properties":[]},{"TestCase":{"Id":"f76dd0b3-63e8-03e8-08c5-6836856a8d9b","FullyQualifiedName":"P7CreateRestApi.Tests.RatingControllerTests.GetRatingById_ShouldReturnOk_WhenRatingExists","DisplayName":"P7CreateRestApi.Tests.RatingControllerTests.GetRatingById_ShouldReturnOk_WhenRatingExists","ExecutorUri":"executor://xunit/VsTestRunner2/netcoreapp","Source":"C:\\Users\\brandon.ku\\source\\repos\\OCProjet7_Findexium\\P7CreateRestApi.Tests\\bin\\Debug\\net8.0\\fine-code-coverage\\build-output\\P7CreateRestApi.Tests.dll","CodeFilePath":null,"LineNumber":0,"Properties":[]},"Attachments":[],"Outcome":1,"ErrorMessage":null,"ErrorStackTrace":null,"DisplayName":"P7CreateRestApi.Tests.RatingControllerTests.GetRatingById_ShouldReturnOk_WhenRatingExists","Messages":[],"ComputerName":"PB22039","Duration":"00:00:00.0007648","StartTime":"2024-07-03T18:47:12.4416152+00:00","EndTime":"2024-07-03T18:47:12.4416153+00:00","Properties":[]},{"TestCase":{"Id":"2c08be2e-5f1c-5e40-3858-1b034da14d4d","FullyQualifiedName":"P7CreateRestApi.Tests.CurveControllerTests.GetCurvePointById_ShouldReturnNotFound_WhenCurvePointDoesNotExist","DisplayName":"P7CreateRestApi.Tests.CurveControllerTests.GetCurvePointById_ShouldReturnNotFound_WhenCurvePointDoesNotExist","ExecutorUri":"executor://xunit/VsTestRunner2/netcoreapp","Source":"C:\\Users\\brandon.ku\\source\\repos\\OCProjet7_Findexium\\P7CreateRestApi.Tests\\bin\\Debug\\net8.0\\fine-code-coverage\\build-output\\P7CreateRestApi.Tests.dll","CodeFilePath":null,"LineNumber":0,"Properties":[]},"Attachments":[],"Outcome":1,"ErrorMessage":null,"ErrorStackTrace":null,"DisplayName":"P7CreateRestApi.Tests.CurveControllerTests.GetCurvePointById_ShouldReturnNotFound_WhenCurvePointDoesNotExist","Messages":[],"ComputerName":"PB22039","Duration":"00:00:00.0005701","StartTime":"2024-07-03T18:47:12.4426558+00:00","EndTime":"2024-07-03T18:47:12.4426559+00:00","Properties":[]},{"TestCase":{"Id":"dbca75b3-336f-a32a-97e5-95b1fe92e15d","FullyQualifiedName":"P7CreateRestApi.Tests.RatingControllerTests.UpdateRating_ShouldReturnNotFound_WhenRatingDoesNotExist","DisplayName":"P7CreateRestApi.Tests.RatingControllerTests.UpdateRating_ShouldReturnNotFound_WhenRatingDoesNotExist","ExecutorUri":"executor://xunit/VsTestRunner2/netcoreapp","Source":"C:\\Users\\brandon.ku\\source\\repos\\OCProjet7_Findexium\\P7CreateRestApi.Tests\\bin\\Debug\\net8.0\\fine-code-coverage\\build-output\\P7CreateRestApi.Tests.dll","CodeFilePath":null,"LineNumber":0,"Properties":[]},"Attachments":[],"Outcome":1,"ErrorMessage":null,"ErrorStackTrace":null,"DisplayName":"P7CreateRestApi.Tests.RatingControllerTests.UpdateRating_ShouldReturnNotFound_WhenRatingDoesNotExist","Messages":[],"ComputerName":"PB22039","Duration":"00:00:00.0006611","StartTime":"2024-07-03T18:47:12.4432422+00:00","EndTime":"2024-07-03T18:47:12.4432423+00:00","Properties":[]}],"TestRunStatistics":{"ExecutedTests":37,"Stats":{"Passed":37}},"ActiveTests":[]},"RunAttachments":[],"ExecutorUris":["executor://xunit/VsTestRunner2/netcoreapp"]}}
TpTrace Verbose: 0 : 13832, 4, 2024/07/03, 20:47:12.462, 286988586837, testhost.dll, BaseRunTests.RunTests: Run is complete.
TpTrace Verbose: 0 : 13832, 10, 2024/07/03, 20:47:12.462, 286988591583, testhost.dll, TcpClientExtensions.MessageLoopAsync: NotifyDataAvailable remoteEndPoint: [::ffff:127.0.0.1]:65248 localEndPoint: [::ffff:127.0.0.1]:65249
TpTrace Information: 0 : 13832, 10, 2024/07/03, 20:47:12.463, 286988592222, testhost.dll, TestRequestHandler.OnMessageReceived: received message: (TestSession.Terminate) -> {"MessageType":"TestSession.Terminate","Payload":null}
TpTrace Information: 0 : 13832, 10, 2024/07/03, 20:47:12.463, 286988592393, testhost.dll, Session End message received from server. Closing the connection.
TpTrace Information: 0 : 13832, 10, 2024/07/03, 20:47:12.463, 286988594557, testhost.dll, SocketClient.Stop: Stop communication from server endpoint: 127.0.0.1:065248
TpTrace Information: 0 : 13832, 10, 2024/07/03, 20:47:12.463, 286988594932, testhost.dll, SocketClient: Stop: Cancellation requested. Stopping message loop.
TpTrace Verbose: 0 : 13832, 10, 2024/07/03, 20:47:12.463, 286988595661, testhost.dll, LengthPrefixCommunicationChannel.Dispose: Dispose reader and writer.
TpTrace Information: 0 : 13832, 10, 2024/07/03, 20:47:12.463, 286988595944, testhost.dll, Closing the connection !
TpTrace Verbose: 0 : 13832, 10, 2024/07/03, 20:47:12.463, 286988596187, testhost.dll, MulticastDelegateUtilities.SafeInvoke: LengthPrefixCommunicationChannel: MessageReceived: Invoking callback 1/1 for Microsoft.VisualStudio.TestPlatform.CommunicationUtilities.TestRequestHandler., took 0 ms.
TpTrace Information: 0 : 13832, 10, 2024/07/03, 20:47:12.463, 286988597475, testhost.dll, SocketClient.PrivateStop: Stop communication from server endpoint: 127.0.0.1:065248, error:
TpTrace Verbose: 0 : 13832, 10, 2024/07/03, 20:47:12.463, 286988600230, testhost.dll, LengthPrefixCommunicationChannel.Dispose: Dispose reader and writer.
TpTrace Information: 0 : 13832, 1, 2024/07/03, 20:47:12.463, 286988600449, testhost.dll, Closing the connection!
TpTrace Verbose: 0 : 13832, 10, 2024/07/03, 20:47:12.463, 286988600648, testhost.dll, TcpClientExtensions.MessageLoopAsync: exiting MessageLoopAsync remoteEndPoint: [::ffff:127.0.0.1]:65248 localEndPoint: [::ffff:127.0.0.1]:65249
TpTrace Information: 0 : 13832, 1, 2024/07/03, 20:47:12.463, 286988601612, testhost.dll, Testhost process exiting.
