TpTrace Verbose: 0 : 21512, 1, 2024/07/03, 16:25:51.808, 130181247892, testhost.dll, Version: 17.8.0 Current process architecture: X64
TpTrace Verbose: 0 : 21512, 1, 2024/07/03, 16:25:51.811, 130181278843, testhost.dll, Runtime location: C:\Program Files\dotnet\shared\Microsoft.NETCore.App\8.0.6
TpTrace Information: 0 : 21512, 1, 2024/07/03, 16:25:51.813, 130181299086, testhost.dll, DefaultEngineInvoker.Invoke: Testhost process started with args :[--port, 56547],[--endpoint, 127.0.0.1:056547],[--role, client],[--parentprocessid, 23316],[--diag, C:\Users\brandon.ku\source\repos\OCProjet7_Findexium\P7CreateRestApi.Tests\bin\Debug\net8.0\fine-code-coverage\coverage-tool-output\diagnostics.host.24-07-03_16-25-51_51593_5.log],[--tracelevel, 4],[--datacollectionport, 56546],[--telemetryoptedin, false]
TpTrace Information: 0 : 21512, 1, 2024/07/03, 16:25:51.813, 130181302091, testhost.dll, Setting up debug trace listener.
TpTrace Verbose: 0 : 21512, 1, 2024/07/03, 16:25:51.813, 130181302913, testhost.dll, TestPlatformTraceListener.Setup: Replacing listener System.Diagnostics.DefaultTraceListener with TestHostTraceListener.
TpTrace Verbose: 0 : 21512, 1, 2024/07/03, 16:25:51.813, 130181303405, testhost.dll, TestPlatformTraceListener.Setup: Added test platform trace listener.
TpTrace Information: 0 : 21512, 1, 2024/07/03, 16:25:51.814, 130181304845, testhost.dll, DefaultEngineInvoker.SetParentProcessExitCallback: Monitoring parent process with id: '23316'
TpTrace Information: 0 : 21512, 1, 2024/07/03, 16:25:51.819, 130181363394, testhost.dll, DefaultEngineInvoker.GetConnectionInfo: Initialize communication on endpoint address: '127.0.0.1:056547'
TpTrace Information: 0 : 21512, 1, 2024/07/03, 16:25:51.834, 130181510147, testhost.dll, SocketClient.Start: connecting to server endpoint: 127.0.0.1:056547
TpTrace Information: 0 : 21512, 7, 2024/07/03, 16:25:51.843, 130181597432, testhost.dll, SocketClient.OnServerConnected: connected to server endpoint: 127.0.0.1:056547
TpTrace Verbose: 0 : 21512, 7, 2024/07/03, 16:25:51.844, 130181609181, testhost.dll, MulticastDelegateUtilities.SafeInvoke: SocketClient: ServerConnected: Invoking callback 1/1 for Microsoft.VisualStudio.TestPlatform.CommunicationUtilities.TestRequestHandler., took 0 ms.
TpTrace Verbose: 0 : 21512, 7, 2024/07/03, 16:25:51.844, 130181609650, testhost.dll, Connected to server, and starting MessageLoopAsync
TpTrace Information: 0 : 21512, 1, 2024/07/03, 16:25:51.844, 130181610742, testhost.dll, DefaultEngineInvoker.ConnectToDatacollector: Connecting to datacollector, port: 56546
TpTrace Information: 0 : 21512, 1, 2024/07/03, 16:25:51.845, 130181616734, testhost.dll, Trying to connect to server on socket : 127.0.0.1:56546 
TpTrace Verbose: 0 : 21512, 1, 2024/07/03, 16:25:51.845, 130181618572, testhost.dll, SocketCommunicationManager : SetupClientAsync : Attempting to connect to the server.
TpTrace Information: 0 : 21512, 11, 2024/07/03, 16:25:51.846, 130181630309, testhost.dll, Connected to the server successfully 
TpTrace Information: 0 : 21512, 11, 2024/07/03, 16:25:51.846, 130181630777, testhost.dll, Using the buffer size of 16384 bytes
TpTrace Verbose: 0 : 21512, 1, 2024/07/03, 16:25:51.846, 130181631194, testhost.dll, SocketCommunicationManager.WaitForServerConnection took: 0 ms, with 90000 ms timeout, and finished with True.
TpTrace Information: 0 : 21512, 1, 2024/07/03, 16:25:51.846, 130181631962, testhost.dll, DefaultEngineInvoker.Invoke: Start Request Processing.
TpTrace Information: 0 : 21512, 12, 2024/07/03, 16:25:51.847, 130181636478, testhost.dll, DefaultEngineInvoker.StartProcessingAsync: Connected to vstest.console, Starting process requests.
TpTrace Verbose: 0 : 21512, 7, 2024/07/03, 16:25:51.848, 130181649927, testhost.dll, TcpClientExtensions.MessageLoopAsync: Polling on remoteEndPoint: [::ffff:127.0.0.1]:56547 localEndPoint: [::ffff:127.0.0.1]:56548
TpTrace Verbose: 0 : 21512, 7, 2024/07/03, 16:25:51.848, 130181650461, testhost.dll, TcpClientExtensions.MessageLoopAsync: NotifyDataAvailable remoteEndPoint: [::ffff:127.0.0.1]:56547 localEndPoint: [::ffff:127.0.0.1]:56548
TpTrace Information: 0 : 21512, 7, 2024/07/03, 16:25:51.850, 130181673851, testhost.dll, TestRequestHandler.OnMessageReceived: received message: (ProtocolVersion) -> {"MessageType":"ProtocolVersion","Payload":7}
TpTrace Verbose: 0 : 21512, 7, 2024/07/03, 16:25:51.967, 130182834978, testhost.dll, TestRequestHandler.SendData: sending data from testhost: {"Version":7,"MessageType":"TestSession.Message","Payload":{"MessageLevel":0,"Message":"Journalisation des diagnostics TestHost dans le fichier : C:\\Users\\brandon.ku\\source\\repos\\OCProjet7_Findexium\\P7CreateRestApi.Tests\\bin\\Debug\\net8.0\\fine-code-coverage\\coverage-tool-output\\diagnostics.host.24-07-03_16-25-51_51593_5.log"}}
TpTrace Verbose: 0 : 21512, 7, 2024/07/03, 16:25:51.967, 130182836808, testhost.dll, MulticastDelegateUtilities.SafeInvoke: LengthPrefixCommunicationChannel: MessageReceived: Invoking callback 1/1 for Microsoft.VisualStudio.TestPlatform.CommunicationUtilities.TestRequestHandler., took 118 ms.
TpTrace Verbose: 0 : 21512, 7, 2024/07/03, 16:25:51.967, 130182837076, testhost.dll, TcpClientExtensions.MessageLoopAsync: Polling on remoteEndPoint: [::ffff:127.0.0.1]:56547 localEndPoint: [::ffff:127.0.0.1]:56548
TpTrace Verbose: 0 : 21512, 7, 2024/07/03, 16:25:51.967, 130182837334, testhost.dll, TcpClientExtensions.MessageLoopAsync: NotifyDataAvailable remoteEndPoint: [::ffff:127.0.0.1]:56547 localEndPoint: [::ffff:127.0.0.1]:56548
TpTrace Information: 0 : 21512, 7, 2024/07/03, 16:25:51.967, 130182839341, testhost.dll, TestRequestHandler.OnMessageReceived: received message: (TestExecution.Initialize) -> {"Version":7,"MessageType":"TestExecution.Initialize","Payload":["C:\\Users\\brandon.ku\\source\\repos\\OCProjet7_Findexium\\P7CreateRestApi.Tests\\bin\\Debug\\net8.0\\fine-code-coverage\\build-output\\xunit.runner.visualstudio.dotnetcore.testadapter.dll","C:\\Users\\brandon.ku\\source\\repos\\OCProjet7_Findexium\\P7CreateRestApi.Tests\\bin\\Debug\\net8.0\\fine-code-coverage\\build-output\\xunit.runner.visualstudio.testadapter.dll"]}
TpTrace Verbose: 0 : 21512, 7, 2024/07/03, 16:25:51.972, 130182884127, testhost.dll, MulticastDelegateUtilities.SafeInvoke: LengthPrefixCommunicationChannel: MessageReceived: Invoking callback 1/1 for Microsoft.VisualStudio.TestPlatform.CommunicationUtilities.TestRequestHandler., took 4 ms.
TpTrace Verbose: 0 : 21512, 7, 2024/07/03, 16:25:51.972, 130182884780, testhost.dll, TcpClientExtensions.MessageLoopAsync: Polling on remoteEndPoint: [::ffff:127.0.0.1]:56547 localEndPoint: [::ffff:127.0.0.1]:56548
TpTrace Verbose: 0 : 21512, 7, 2024/07/03, 16:25:51.972, 130182885043, testhost.dll, TcpClientExtensions.MessageLoopAsync: NotifyDataAvailable remoteEndPoint: [::ffff:127.0.0.1]:56547 localEndPoint: [::ffff:127.0.0.1]:56548
TpTrace Information: 0 : 21512, 7, 2024/07/03, 16:25:51.972, 130182885644, testhost.dll, TestRequestHandler.OnMessageReceived: received message: (TestExecution.StartWithSources) -> {"Version":7,"MessageType":"TestExecution.StartWithSources","Payload":{"AdapterSourceMap":{"_none_":["C:\\Users\\brandon.ku\\source\\repos\\OCProjet7_Findexium\\P7CreateRestApi.Tests\\bin\\Debug\\net8.0\\fine-code-coverage\\build-output\\P7CreateRestApi.Tests.dll"]},"RunSettings":"<RunSettings>\r\n  <RunConfiguration>\r\n    <ResultsDirectory>C:\\Users\\brandon.ku\\source\\repos\\OCProjet7_Findexium\\P7CreateRestApi.Tests\\bin\\Debug\\net8.0\\fine-code-coverage\\coverage-tool-output</ResultsDirectory>\r\n    <TargetFrameworkVersion>.NETCoreApp,Version=v8.0</TargetFrameworkVersion>\r\n    <DesignMode>False</DesignMode>\r\n    <CollectSourceInformation>False</CollectSourceInformation>\r\n  </RunConfiguration>\r\n  <LoggerRunSettings>\r\n    <Loggers>\r\n      <Logger friendlyName=\"blame\" enabled=\"True\" />\r\n      <Logger friendlyName=\"Console\" uri=\"logger://microsoft/TestPlatform/ConsoleLogger/v1\" assemblyQualifiedName=\"Microsoft.VisualStudio.TestPlatform.CommandLine.Internal.ConsoleLogger, vstest.console, Version=15.0.0.0, Culture=neutral, PublicKeyToken=b03f5f7f11d50a3a\" codeBase=\"C:\\Program Files\\dotnet\\sdk\\8.0.302\\vstest.console.dll\" enabled=\"True\" />\r\n    </Loggers>\r\n  </LoggerRunSettings>\r\n  <DataCollectionRunSettings>\r\n    <DataCollectors>\r\n      <DataCollector friendlyName=\"blame\" enabled=\"True\">\r\n        <Configuration>\r\n          <ResultsDirectory>C:\\Users\\brandon.ku\\source\\repos\\OCProjet7_Findexium\\P7CreateRestApi.Tests\\bin\\Debug\\net8.0\\fine-code-coverage\\coverage-tool-output</ResultsDirectory>\r\n        </Configuration>\r\n      </DataCollector>\r\n    </DataCollectors>\r\n  </DataCollectionRunSettings>\r\n</RunSettings>","TestExecutionContext":{"FrequencyOfRunStatsChangeEvent":10,"RunStatsChangeEventTimeout":"00:00:01.5000000","InIsolation":false,"KeepAlive":false,"AreTestCaseLevelEventsRequired":false,"IsDebug":false,"TestCaseFilter":null,"FilterOptions":null},"Package":null}}
TpTrace Information: 0 : 21512, 4, 2024/07/03, 16:25:51.972, 130182887903, testhost.dll, TestRequestHandler.OnMessageReceived: Running job 'TestExecution.Initialize'.
TpTrace Verbose: 0 : 21512, 4, 2024/07/03, 16:25:51.973, 130182899652, testhost.dll, TestExecutorService: Loading the extensions
TpTrace Verbose: 0 : 21512, 4, 2024/07/03, 16:25:51.974, 130182907673, testhost.dll, TestPluginCache.DiscoverTestExtensions: finding test extensions in assemblies ends with: TestAdapter.dll TPluginInfo: Microsoft.VisualStudio.TestPlatform.Common.ExtensionFramework.Utilities.TestExecutorPluginInformation TExtension: Microsoft.VisualStudio.TestPlatform.ObjectModel.Adapter.ITestExecutor
TpTrace Verbose: 0 : 21512, 4, 2024/07/03, 16:25:51.979, 130182958450, testhost.dll, TestPluginCache.GetExtensionPaths: Filtered extension paths: 
TpTrace Verbose: 0 : 21512, 4, 2024/07/03, 16:25:51.979, 130182961111, testhost.dll, TestPluginCache.GetExtensionPaths: Added default extension paths: C:\Users\brandon.ku\source\repos\OCProjet7_Findexium\P7CreateRestApi.Tests\bin\Debug\net8.0\fine-code-coverage\build-output\xunit.runner.visualstudio.dotnetcore.testadapter.dll
C:\Users\brandon.ku\source\repos\OCProjet7_Findexium\P7CreateRestApi.Tests\bin\Debug\net8.0\fine-code-coverage\build-output\xunit.runner.visualstudio.testadapter.dll
TpTrace Verbose: 0 : 21512, 4, 2024/07/03, 16:25:51.979, 130182961383, testhost.dll, TestPluginCache.GetExtensionPaths: Added unfilterableExtensionPaths: 
TpTrace Information: 0 : 21512, 4, 2024/07/03, 16:25:51.980, 130182970173, testhost.dll, AssemblyResolver.ctor: Creating AssemblyResolver with searchDirectories C:\Users\brandon.ku\source\repos\OCProjet7_Findexium\P7CreateRestApi.Tests\bin\Debug\net8.0\fine-code-coverage\build-output
TpTrace Verbose: 0 : 21512, 4, 2024/07/03, 16:25:51.983, 130183003297, testhost.dll, TestPluginCache.DiscoverTestExtensions: Discovering the extensions using extension path.
TpTrace Verbose: 0 : 21512, 4, 2024/07/03, 16:25:51.984, 130183004340, testhost.dll, TestPluginCache.GetExtensionPaths: Filtered extension paths: 
TpTrace Verbose: 0 : 21512, 4, 2024/07/03, 16:25:51.984, 130183004604, testhost.dll, TestPluginCache.GetExtensionPaths: Added default extension paths: C:\Users\brandon.ku\source\repos\OCProjet7_Findexium\P7CreateRestApi.Tests\bin\Debug\net8.0\fine-code-coverage\build-output\xunit.runner.visualstudio.dotnetcore.testadapter.dll
C:\Users\brandon.ku\source\repos\OCProjet7_Findexium\P7CreateRestApi.Tests\bin\Debug\net8.0\fine-code-coverage\build-output\xunit.runner.visualstudio.testadapter.dll
TpTrace Verbose: 0 : 21512, 4, 2024/07/03, 16:25:51.984, 130183004785, testhost.dll, TestPluginCache.GetExtensionPaths: Added unfilterableExtensionPaths: 
TpTrace Verbose: 0 : 21512, 4, 2024/07/03, 16:25:51.984, 130183005135, testhost.dll, TestPluginCache.DiscoverTestExtensions: Discovering the extensions using allExtensionPaths: C:\Users\brandon.ku\source\repos\OCProjet7_Findexium\P7CreateRestApi.Tests\bin\Debug\net8.0\fine-code-coverage\build-output\xunit.runner.visualstudio.dotnetcore.testadapter.dll
C:\Users\brandon.ku\source\repos\OCProjet7_Findexium\P7CreateRestApi.Tests\bin\Debug\net8.0\fine-code-coverage\build-output\xunit.runner.visualstudio.testadapter.dll
TpTrace Information: 0 : 21512, 4, 2024/07/03, 16:25:51.984, 130183008900, testhost.dll, AssemblyResolver.AddSearchDirectories: Adding more searchDirectories C:\Users\brandon.ku\source\repos\OCProjet7_Findexium\P7CreateRestApi.Tests\bin\Debug\net8.0\fine-code-coverage\build-output
TpTrace Information: 0 : 21512, 4, 2024/07/03, 16:25:51.984, 130183009404, testhost.dll, AssemblyResolver.AddSearchDirectories: Adding more searchDirectories C:\Users\brandon.ku\source\repos\OCProjet7_Findexium\P7CreateRestApi.Tests\bin\Debug\net8.0\fine-code-coverage\build-output
TpTrace Verbose: 0 : 21512, 7, 2024/07/03, 16:25:51.985, 130183016199, testhost.dll, MulticastDelegateUtilities.SafeInvoke: LengthPrefixCommunicationChannel: MessageReceived: Invoking callback 1/1 for Microsoft.VisualStudio.TestPlatform.CommunicationUtilities.TestRequestHandler., took 13 ms.
TpTrace Verbose: 0 : 21512, 7, 2024/07/03, 16:25:51.985, 130183016680, testhost.dll, TcpClientExtensions.MessageLoopAsync: Polling on remoteEndPoint: [::ffff:127.0.0.1]:56547 localEndPoint: [::ffff:127.0.0.1]:56548
TpTrace Information: 0 : 21512, 4, 2024/07/03, 16:25:51.985, 130183022614, testhost.dll, AssemblyResolver.OnResolve: xunit.runner.visualstudio.dotnetcore.testadapter: Resolving assembly.
TpTrace Information: 0 : 21512, 4, 2024/07/03, 16:25:51.985, 130183023187, testhost.dll, AssemblyResolver.OnResolve: xunit.runner.visualstudio.dotnetcore.testadapter: Searching in: 'C:\Users\brandon.ku\source\repos\OCProjet7_Findexium\P7CreateRestApi.Tests\bin\Debug\net8.0\fine-code-coverage\build-output'.
TpTrace Information: 0 : 21512, 4, 2024/07/03, 16:25:52.000, 130183168576, testhost.dll, AssemblyResolver.OnResolve: xunit.runner.visualstudio.dotnetcore.testadapter: Loading assembly 'C:\Users\brandon.ku\source\repos\OCProjet7_Findexium\P7CreateRestApi.Tests\bin\Debug\net8.0\fine-code-coverage\build-output\xunit.runner.visualstudio.dotnetcore.testadapter.dll'.
TpTrace Information: 0 : 21512, 4, 2024/07/03, 16:25:52.001, 130183183307, testhost.dll, AssemblyResolver.OnResolve: Resolved assembly: xunit.runner.visualstudio.dotnetcore.testadapter, from path: C:\Users\brandon.ku\source\repos\OCProjet7_Findexium\P7CreateRestApi.Tests\bin\Debug\net8.0\fine-code-coverage\build-output\xunit.runner.visualstudio.dotnetcore.testadapter.dll
TpTrace Verbose: 0 : 21512, 4, 2024/07/03, 16:25:52.012, 130183291347, testhost.dll, MetadataReaderExtensionsHelper: Discovering extensions inside assembly 'xunit.runner.visualstudio.dotnetcore.testadapter, Version=2.5.0.0, Culture=neutral, PublicKeyToken=null' file path 'C:\Users\brandon.ku\source\repos\OCProjet7_Findexium\P7CreateRestApi.Tests\bin\Debug\net8.0\fine-code-coverage\build-output\xunit.runner.visualstudio.dotnetcore.testadapter.dll'
TpTrace Information: 0 : 21512, 4, 2024/07/03, 16:25:52.016, 130183324738, testhost.dll, AssemblyResolver.OnResolve: xunit.runner.utility.netcoreapp10: Resolving assembly.
TpTrace Information: 0 : 21512, 4, 2024/07/03, 16:25:52.016, 130183325646, testhost.dll, AssemblyResolver.OnResolve: xunit.runner.utility.netcoreapp10: Searching in: 'C:\Users\brandon.ku\source\repos\OCProjet7_Findexium\P7CreateRestApi.Tests\bin\Debug\net8.0\fine-code-coverage\build-output'.
TpTrace Information: 0 : 21512, 4, 2024/07/03, 16:25:52.017, 130183342314, testhost.dll, AssemblyResolver.OnResolve: xunit.runner.utility.netcoreapp10: Loading assembly 'C:\Users\brandon.ku\source\repos\OCProjet7_Findexium\P7CreateRestApi.Tests\bin\Debug\net8.0\fine-code-coverage\build-output\xunit.runner.utility.netcoreapp10.dll'.
TpTrace Information: 0 : 21512, 4, 2024/07/03, 16:25:52.019, 130183358020, testhost.dll, AssemblyResolver.OnResolve: Resolved assembly: xunit.runner.utility.netcoreapp10, from path: C:\Users\brandon.ku\source\repos\OCProjet7_Findexium\P7CreateRestApi.Tests\bin\Debug\net8.0\fine-code-coverage\build-output\xunit.runner.utility.netcoreapp10.dll
TpTrace Information: 0 : 21512, 4, 2024/07/03, 16:25:52.023, 130183401355, testhost.dll, GetTestExtensionFromType: Register extension with identifier data 'executor://xunit/VsTestRunner2/netcoreapp' and type 'Xunit.Runner.VisualStudio.VsTestRunner, xunit.runner.visualstudio.dotnetcore.testadapter, Version=2.5.0.0, Culture=neutral, PublicKeyToken=null' inside file 'C:\Users\brandon.ku\source\repos\OCProjet7_Findexium\P7CreateRestApi.Tests\bin\Debug\net8.0\fine-code-coverage\build-output\xunit.runner.visualstudio.dotnetcore.testadapter.dll'
TpTrace Information: 0 : 21512, 4, 2024/07/03, 16:25:52.023, 130183402735, testhost.dll, AssemblyResolver.OnResolve: xunit.runner.visualstudio.testadapter: Resolving assembly.
TpTrace Information: 0 : 21512, 4, 2024/07/03, 16:25:52.023, 130183403112, testhost.dll, AssemblyResolver.OnResolve: xunit.runner.visualstudio.testadapter: Searching in: 'C:\Users\brandon.ku\source\repos\OCProjet7_Findexium\P7CreateRestApi.Tests\bin\Debug\net8.0\fine-code-coverage\build-output'.
TpTrace Information: 0 : 21512, 4, 2024/07/03, 16:25:52.025, 130183417848, testhost.dll, AssemblyResolver.OnResolve: xunit.runner.visualstudio.testadapter: Loading assembly 'C:\Users\brandon.ku\source\repos\OCProjet7_Findexium\P7CreateRestApi.Tests\bin\Debug\net8.0\fine-code-coverage\build-output\xunit.runner.visualstudio.testadapter.dll'.
TpTrace Information: 0 : 21512, 4, 2024/07/03, 16:25:52.026, 130183430218, testhost.dll, AssemblyResolver.OnResolve: Resolved assembly: xunit.runner.visualstudio.testadapter, from path: C:\Users\brandon.ku\source\repos\OCProjet7_Findexium\P7CreateRestApi.Tests\bin\Debug\net8.0\fine-code-coverage\build-output\xunit.runner.visualstudio.testadapter.dll
TpTrace Verbose: 0 : 21512, 4, 2024/07/03, 16:25:52.026, 130183430721, testhost.dll, MetadataReaderExtensionsHelper: Discovering extensions inside assembly 'xunit.runner.visualstudio.testadapter, Version=2.8.1.0, Culture=neutral, PublicKeyToken=null' file path 'C:\Users\brandon.ku\source\repos\OCProjet7_Findexium\P7CreateRestApi.Tests\bin\Debug\net8.0\fine-code-coverage\build-output\xunit.runner.visualstudio.testadapter.dll'
TpTrace Information: 0 : 21512, 4, 2024/07/03, 16:25:52.028, 130183452931, testhost.dll, AssemblyResolver.OnResolve: xunit.runner.utility.netcoreapp10: Resolving assembly.
TpTrace Information: 0 : 21512, 4, 2024/07/03, 16:25:52.028, 130183453603, testhost.dll, AssemblyResolver.OnResolve: xunit.runner.utility.netcoreapp10: Resolved from cache.
TpTrace Warning: 0 : 21512, 4, 2024/07/03, 16:25:52.042, 130183587377, testhost.dll, TestPluginDiscoverer: Failed to get types from assembly 'xunit.runner.visualstudio.testadapter, Version=2.8.1.0, Culture=neutral, PublicKeyToken=null'. Error: System.Reflection.ReflectionTypeLoadException: Unable to load one or more of the requested types.
Could not load type 'Xunit.ParallelAlgorithm' from assembly 'xunit.runner.utility.netcoreapp10, Version=2.5.2.0, Culture=neutral, PublicKeyToken=8d05b1bb7a6fdb6c'.
   at System.Reflection.RuntimeModule.GetTypes(RuntimeModule module)
   at System.Reflection.RuntimeModule.GetTypes()
   at Microsoft.VisualStudio.TestPlatform.Common.ExtensionFramework.TestPluginDiscoverer.GetTestExtensionsFromAssembly[TPluginInfo,TExtension](Assembly assembly, Dictionary`2 pluginInfos, String filePath) in /_/src/Microsoft.TestPlatform.Common/ExtensionFramework/TestPluginDiscoverer.cs:line 158
System.TypeLoadException: Could not load type 'Xunit.ParallelAlgorithm' from assembly 'xunit.runner.utility.netcoreapp10, Version=2.5.2.0, Culture=neutral, PublicKeyToken=8d05b1bb7a6fdb6c'.
TpTrace Warning: 0 : 21512, 4, 2024/07/03, 16:25:52.042, 130183588751, testhost.dll, LoaderExceptions: System.TypeLoadException: Could not load type 'Xunit.ParallelAlgorithm' from assembly 'xunit.runner.utility.netcoreapp10, Version=2.5.2.0, Culture=neutral, PublicKeyToken=8d05b1bb7a6fdb6c'.
TpTrace Warning: 0 : 21512, 4, 2024/07/03, 16:25:52.042, 130183591030, testhost.dll, GetTestExtensionFromType: Discovered multiple test extensions with identifier data 'executor://xunit/VsTestRunner2/netcoreapp' and type 'Xunit.Runner.VisualStudio.VsTestRunner, xunit.runner.visualstudio.testadapter, Version=2.8.1.0, Culture=neutral, PublicKeyToken=null' inside file 'C:\Users\brandon.ku\source\repos\OCProjet7_Findexium\P7CreateRestApi.Tests\bin\Debug\net8.0\fine-code-coverage\build-output\xunit.runner.visualstudio.testadapter.dll'; keeping the first one 'Xunit.Runner.VisualStudio.VsTestRunner, xunit.runner.visualstudio.dotnetcore.testadapter, Version=2.5.0.0, Culture=neutral, PublicKeyToken=null'.
TpTrace Verbose: 0 : 21512, 4, 2024/07/03, 16:25:52.043, 130183601682, testhost.dll, TestPluginCache: Discovered the extensions using extension path ''.
TpTrace Verbose: 0 : 21512, 4, 2024/07/03, 16:25:52.044, 130183604565, testhost.dll, TestPluginCache: Discoverers are ''.
TpTrace Verbose: 0 : 21512, 4, 2024/07/03, 16:25:52.044, 130183605040, testhost.dll, TestPluginCache: Executors are 'executor://xunit/VsTestRunner2/netcoreapp'.
TpTrace Verbose: 0 : 21512, 4, 2024/07/03, 16:25:52.044, 130183605344, testhost.dll, TestPluginCache: Executors2 are ''.
TpTrace Verbose: 0 : 21512, 4, 2024/07/03, 16:25:52.044, 130183605605, testhost.dll, TestPluginCache: Setting providers are ''.
TpTrace Verbose: 0 : 21512, 4, 2024/07/03, 16:25:52.044, 130183605847, testhost.dll, TestPluginCache: Loggers are ''.
TpTrace Verbose: 0 : 21512, 4, 2024/07/03, 16:25:52.044, 130183606083, testhost.dll, TestPluginCache: TestHosts are ''.
TpTrace Verbose: 0 : 21512, 4, 2024/07/03, 16:25:52.044, 130183606387, testhost.dll, TestPluginCache: DataCollectors are ''.
TpTrace Verbose: 0 : 21512, 4, 2024/07/03, 16:25:52.045, 130183617584, testhost.dll, TestPluginCache.DiscoverTestExtensions: finding test extensions in assemblies ends with: TestAdapter.dll TPluginInfo: Microsoft.VisualStudio.TestPlatform.Common.ExtensionFramework.Utilities.TestExecutorPluginInformation2 TExtension: Microsoft.VisualStudio.TestPlatform.ObjectModel.Adapter.ITestExecutor2
TpTrace Verbose: 0 : 21512, 4, 2024/07/03, 16:25:52.045, 130183618808, testhost.dll, TestPluginCache.GetExtensionPaths: Filtered extension paths: 
TpTrace Verbose: 0 : 21512, 4, 2024/07/03, 16:25:52.045, 130183619111, testhost.dll, TestPluginCache.GetExtensionPaths: Added default extension paths: C:\Users\brandon.ku\source\repos\OCProjet7_Findexium\P7CreateRestApi.Tests\bin\Debug\net8.0\fine-code-coverage\build-output\xunit.runner.visualstudio.dotnetcore.testadapter.dll
C:\Users\brandon.ku\source\repos\OCProjet7_Findexium\P7CreateRestApi.Tests\bin\Debug\net8.0\fine-code-coverage\build-output\xunit.runner.visualstudio.testadapter.dll
TpTrace Verbose: 0 : 21512, 4, 2024/07/03, 16:25:52.045, 130183619257, testhost.dll, TestPluginCache.GetExtensionPaths: Added unfilterableExtensionPaths: 
TpTrace Information: 0 : 21512, 4, 2024/07/03, 16:25:52.045, 130183621256, testhost.dll, AssemblyResolver.AddSearchDirectories: Adding more searchDirectories C:\Users\brandon.ku\source\repos\OCProjet7_Findexium\P7CreateRestApi.Tests\bin\Debug\net8.0\fine-code-coverage\build-output
TpTrace Verbose: 0 : 21512, 4, 2024/07/03, 16:25:52.045, 130183621626, testhost.dll, TestPluginCache.DiscoverTestExtensions: Discovering the extensions using extension path.
TpTrace Verbose: 0 : 21512, 4, 2024/07/03, 16:25:52.045, 130183621793, testhost.dll, TestPluginCache.GetExtensionPaths: Filtered extension paths: 
TpTrace Verbose: 0 : 21512, 4, 2024/07/03, 16:25:52.045, 130183621934, testhost.dll, TestPluginCache.GetExtensionPaths: Added default extension paths: C:\Users\brandon.ku\source\repos\OCProjet7_Findexium\P7CreateRestApi.Tests\bin\Debug\net8.0\fine-code-coverage\build-output\xunit.runner.visualstudio.dotnetcore.testadapter.dll
C:\Users\brandon.ku\source\repos\OCProjet7_Findexium\P7CreateRestApi.Tests\bin\Debug\net8.0\fine-code-coverage\build-output\xunit.runner.visualstudio.testadapter.dll
TpTrace Verbose: 0 : 21512, 4, 2024/07/03, 16:25:52.045, 130183622064, testhost.dll, TestPluginCache.GetExtensionPaths: Added unfilterableExtensionPaths: 
TpTrace Verbose: 0 : 21512, 4, 2024/07/03, 16:25:52.045, 130183622241, testhost.dll, TestPluginCache.DiscoverTestExtensions: Discovering the extensions using allExtensionPaths: C:\Users\brandon.ku\source\repos\OCProjet7_Findexium\P7CreateRestApi.Tests\bin\Debug\net8.0\fine-code-coverage\build-output\xunit.runner.visualstudio.dotnetcore.testadapter.dll
C:\Users\brandon.ku\source\repos\OCProjet7_Findexium\P7CreateRestApi.Tests\bin\Debug\net8.0\fine-code-coverage\build-output\xunit.runner.visualstudio.testadapter.dll
TpTrace Information: 0 : 21512, 4, 2024/07/03, 16:25:52.045, 130183622518, testhost.dll, AssemblyResolver.AddSearchDirectories: Adding more searchDirectories C:\Users\brandon.ku\source\repos\OCProjet7_Findexium\P7CreateRestApi.Tests\bin\Debug\net8.0\fine-code-coverage\build-output
TpTrace Information: 0 : 21512, 4, 2024/07/03, 16:25:52.045, 130183622714, testhost.dll, AssemblyResolver.AddSearchDirectories: Adding more searchDirectories C:\Users\brandon.ku\source\repos\OCProjet7_Findexium\P7CreateRestApi.Tests\bin\Debug\net8.0\fine-code-coverage\build-output
TpTrace Verbose: 0 : 21512, 4, 2024/07/03, 16:25:52.045, 130183623095, testhost.dll, MetadataReaderExtensionsHelper: Discovering extensions inside assembly 'xunit.runner.visualstudio.dotnetcore.testadapter, Version=2.5.0.0, Culture=neutral, PublicKeyToken=null' file path 'C:\Users\brandon.ku\source\repos\OCProjet7_Findexium\P7CreateRestApi.Tests\bin\Debug\net8.0\fine-code-coverage\build-output\xunit.runner.visualstudio.dotnetcore.testadapter.dll'
TpTrace Verbose: 0 : 21512, 4, 2024/07/03, 16:25:52.047, 130183641076, testhost.dll, MetadataReaderExtensionsHelper: Discovering extensions inside assembly 'xunit.runner.visualstudio.testadapter, Version=2.8.1.0, Culture=neutral, PublicKeyToken=null' file path 'C:\Users\brandon.ku\source\repos\OCProjet7_Findexium\P7CreateRestApi.Tests\bin\Debug\net8.0\fine-code-coverage\build-output\xunit.runner.visualstudio.testadapter.dll'
TpTrace Warning: 0 : 21512, 4, 2024/07/03, 16:25:52.049, 130183657151, testhost.dll, TestPluginDiscoverer: Failed to get types from assembly 'xunit.runner.visualstudio.testadapter, Version=2.8.1.0, Culture=neutral, PublicKeyToken=null'. Error: System.Reflection.ReflectionTypeLoadException: Unable to load one or more of the requested types.
Could not load type 'Xunit.ParallelAlgorithm' from assembly 'xunit.runner.utility.netcoreapp10, Version=2.5.2.0, Culture=neutral, PublicKeyToken=8d05b1bb7a6fdb6c'.
   at System.Reflection.RuntimeModule.GetTypes(RuntimeModule module)
   at System.Reflection.RuntimeModule.GetTypes()
   at Microsoft.VisualStudio.TestPlatform.Common.ExtensionFramework.TestPluginDiscoverer.GetTestExtensionsFromAssembly[TPluginInfo,TExtension](Assembly assembly, Dictionary`2 pluginInfos, String filePath) in /_/src/Microsoft.TestPlatform.Common/ExtensionFramework/TestPluginDiscoverer.cs:line 158
System.TypeLoadException: Could not load type 'Xunit.ParallelAlgorithm' from assembly 'xunit.runner.utility.netcoreapp10, Version=2.5.2.0, Culture=neutral, PublicKeyToken=8d05b1bb7a6fdb6c'.
TpTrace Warning: 0 : 21512, 4, 2024/07/03, 16:25:52.049, 130183657684, testhost.dll, LoaderExceptions: System.TypeLoadException: Could not load type 'Xunit.ParallelAlgorithm' from assembly 'xunit.runner.utility.netcoreapp10, Version=2.5.2.0, Culture=neutral, PublicKeyToken=8d05b1bb7a6fdb6c'.
TpTrace Verbose: 0 : 21512, 4, 2024/07/03, 16:25:52.049, 130183658638, testhost.dll, TestPluginCache: Discovered the extensions using extension path ''.
TpTrace Verbose: 0 : 21512, 4, 2024/07/03, 16:25:52.049, 130183658849, testhost.dll, TestPluginCache: Discoverers are ''.
TpTrace Verbose: 0 : 21512, 4, 2024/07/03, 16:25:52.049, 130183659061, testhost.dll, TestPluginCache: Executors are 'executor://xunit/VsTestRunner2/netcoreapp'.
TpTrace Verbose: 0 : 21512, 4, 2024/07/03, 16:25:52.049, 130183659421, testhost.dll, TestPluginCache: Executors2 are ''.
TpTrace Verbose: 0 : 21512, 4, 2024/07/03, 16:25:52.049, 130183659564, testhost.dll, TestPluginCache: Setting providers are ''.
TpTrace Verbose: 0 : 21512, 4, 2024/07/03, 16:25:52.049, 130183659682, testhost.dll, TestPluginCache: Loggers are ''.
TpTrace Verbose: 0 : 21512, 4, 2024/07/03, 16:25:52.049, 130183659799, testhost.dll, TestPluginCache: TestHosts are ''.
TpTrace Verbose: 0 : 21512, 4, 2024/07/03, 16:25:52.049, 130183659939, testhost.dll, TestPluginCache: DataCollectors are ''.
TpTrace Information: 0 : 21512, 4, 2024/07/03, 16:25:52.052, 130183693992, testhost.dll, TestPluginManager.CreateTestExtension: Attempting to load test extension: Xunit.Runner.VisualStudio.VsTestRunner
TpTrace Verbose: 0 : 21512, 4, 2024/07/03, 16:25:52.053, 130183696616, testhost.dll, TestExecutorExtensionManager: Loading executor Microsoft.VisualStudio.TestPlatform.Common.ExtensionDecorators.SerialTestRunDecorator
TpTrace Verbose: 0 : 21512, 4, 2024/07/03, 16:25:52.053, 130183696998, testhost.dll, TestExecutorService: Loaded the executors
TpTrace Verbose: 0 : 21512, 4, 2024/07/03, 16:25:52.053, 130183700228, testhost.dll, TestPluginCache.DiscoverTestExtensions: finding test extensions in assemblies ends with: TestAdapter.dll TPluginInfo: Microsoft.VisualStudio.TestPlatform.Common.ExtensionFramework.Utilities.TestSettingsProviderPluginInformation TExtension: Microsoft.VisualStudio.TestPlatform.ObjectModel.Adapter.ISettingsProvider
TpTrace Verbose: 0 : 21512, 4, 2024/07/03, 16:25:52.053, 130183700797, testhost.dll, TestPluginCache.GetExtensionPaths: Filtered extension paths: 
TpTrace Verbose: 0 : 21512, 4, 2024/07/03, 16:25:52.053, 130183700995, testhost.dll, TestPluginCache.GetExtensionPaths: Added default extension paths: C:\Users\brandon.ku\source\repos\OCProjet7_Findexium\P7CreateRestApi.Tests\bin\Debug\net8.0\fine-code-coverage\build-output\xunit.runner.visualstudio.dotnetcore.testadapter.dll
C:\Users\brandon.ku\source\repos\OCProjet7_Findexium\P7CreateRestApi.Tests\bin\Debug\net8.0\fine-code-coverage\build-output\xunit.runner.visualstudio.testadapter.dll
TpTrace Verbose: 0 : 21512, 4, 2024/07/03, 16:25:52.053, 130183701162, testhost.dll, TestPluginCache.GetExtensionPaths: Added unfilterableExtensionPaths: 
TpTrace Information: 0 : 21512, 4, 2024/07/03, 16:25:52.053, 130183702725, testhost.dll, AssemblyResolver.AddSearchDirectories: Adding more searchDirectories C:\Users\brandon.ku\source\repos\OCProjet7_Findexium\P7CreateRestApi.Tests\bin\Debug\net8.0\fine-code-coverage\build-output
TpTrace Verbose: 0 : 21512, 4, 2024/07/03, 16:25:52.053, 130183703000, testhost.dll, TestPluginCache.DiscoverTestExtensions: Discovering the extensions using extension path.
TpTrace Verbose: 0 : 21512, 4, 2024/07/03, 16:25:52.053, 130183703210, testhost.dll, TestPluginCache.GetExtensionPaths: Filtered extension paths: 
TpTrace Verbose: 0 : 21512, 4, 2024/07/03, 16:25:52.053, 130183703345, testhost.dll, TestPluginCache.GetExtensionPaths: Added default extension paths: C:\Users\brandon.ku\source\repos\OCProjet7_Findexium\P7CreateRestApi.Tests\bin\Debug\net8.0\fine-code-coverage\build-output\xunit.runner.visualstudio.dotnetcore.testadapter.dll
C:\Users\brandon.ku\source\repos\OCProjet7_Findexium\P7CreateRestApi.Tests\bin\Debug\net8.0\fine-code-coverage\build-output\xunit.runner.visualstudio.testadapter.dll
TpTrace Verbose: 0 : 21512, 4, 2024/07/03, 16:25:52.053, 130183703477, testhost.dll, TestPluginCache.GetExtensionPaths: Added unfilterableExtensionPaths: 
TpTrace Verbose: 0 : 21512, 4, 2024/07/03, 16:25:52.053, 130183703664, testhost.dll, TestPluginCache.DiscoverTestExtensions: Discovering the extensions using allExtensionPaths: C:\Users\brandon.ku\source\repos\OCProjet7_Findexium\P7CreateRestApi.Tests\bin\Debug\net8.0\fine-code-coverage\build-output\xunit.runner.visualstudio.dotnetcore.testadapter.dll
C:\Users\brandon.ku\source\repos\OCProjet7_Findexium\P7CreateRestApi.Tests\bin\Debug\net8.0\fine-code-coverage\build-output\xunit.runner.visualstudio.testadapter.dll
TpTrace Information: 0 : 21512, 4, 2024/07/03, 16:25:52.053, 130183703918, testhost.dll, AssemblyResolver.AddSearchDirectories: Adding more searchDirectories C:\Users\brandon.ku\source\repos\OCProjet7_Findexium\P7CreateRestApi.Tests\bin\Debug\net8.0\fine-code-coverage\build-output
TpTrace Information: 0 : 21512, 4, 2024/07/03, 16:25:52.054, 130183704069, testhost.dll, AssemblyResolver.AddSearchDirectories: Adding more searchDirectories C:\Users\brandon.ku\source\repos\OCProjet7_Findexium\P7CreateRestApi.Tests\bin\Debug\net8.0\fine-code-coverage\build-output
TpTrace Verbose: 0 : 21512, 4, 2024/07/03, 16:25:52.054, 130183704829, testhost.dll, MetadataReaderExtensionsHelper: Discovering extensions inside assembly 'xunit.runner.visualstudio.dotnetcore.testadapter, Version=2.5.0.0, Culture=neutral, PublicKeyToken=null' file path 'C:\Users\brandon.ku\source\repos\OCProjet7_Findexium\P7CreateRestApi.Tests\bin\Debug\net8.0\fine-code-coverage\build-output\xunit.runner.visualstudio.dotnetcore.testadapter.dll'
TpTrace Verbose: 0 : 21512, 4, 2024/07/03, 16:25:52.056, 130183726140, testhost.dll, MetadataReaderExtensionsHelper: Discovering extensions inside assembly 'xunit.runner.visualstudio.testadapter, Version=2.8.1.0, Culture=neutral, PublicKeyToken=null' file path 'C:\Users\brandon.ku\source\repos\OCProjet7_Findexium\P7CreateRestApi.Tests\bin\Debug\net8.0\fine-code-coverage\build-output\xunit.runner.visualstudio.testadapter.dll'
TpTrace Warning: 0 : 21512, 4, 2024/07/03, 16:25:52.057, 130183742759, testhost.dll, TestPluginDiscoverer: Failed to get types from assembly 'xunit.runner.visualstudio.testadapter, Version=2.8.1.0, Culture=neutral, PublicKeyToken=null'. Error: System.Reflection.ReflectionTypeLoadException: Unable to load one or more of the requested types.
Could not load type 'Xunit.ParallelAlgorithm' from assembly 'xunit.runner.utility.netcoreapp10, Version=2.5.2.0, Culture=neutral, PublicKeyToken=8d05b1bb7a6fdb6c'.
   at System.Reflection.RuntimeModule.GetTypes(RuntimeModule module)
   at System.Reflection.RuntimeModule.GetTypes()
   at Microsoft.VisualStudio.TestPlatform.Common.ExtensionFramework.TestPluginDiscoverer.GetTestExtensionsFromAssembly[TPluginInfo,TExtension](Assembly assembly, Dictionary`2 pluginInfos, String filePath) in /_/src/Microsoft.TestPlatform.Common/ExtensionFramework/TestPluginDiscoverer.cs:line 158
System.TypeLoadException: Could not load type 'Xunit.ParallelAlgorithm' from assembly 'xunit.runner.utility.netcoreapp10, Version=2.5.2.0, Culture=neutral, PublicKeyToken=8d05b1bb7a6fdb6c'.
TpTrace Warning: 0 : 21512, 4, 2024/07/03, 16:25:52.057, 130183743393, testhost.dll, LoaderExceptions: System.TypeLoadException: Could not load type 'Xunit.ParallelAlgorithm' from assembly 'xunit.runner.utility.netcoreapp10, Version=2.5.2.0, Culture=neutral, PublicKeyToken=8d05b1bb7a6fdb6c'.
TpTrace Verbose: 0 : 21512, 4, 2024/07/03, 16:25:52.058, 130183744645, testhost.dll, TestPluginCache: Discovered the extensions using extension path ''.
TpTrace Verbose: 0 : 21512, 4, 2024/07/03, 16:25:52.058, 130183744906, testhost.dll, TestPluginCache: Discoverers are ''.
TpTrace Verbose: 0 : 21512, 4, 2024/07/03, 16:25:52.058, 130183745083, testhost.dll, TestPluginCache: Executors are 'executor://xunit/VsTestRunner2/netcoreapp'.
TpTrace Verbose: 0 : 21512, 4, 2024/07/03, 16:25:52.058, 130183745233, testhost.dll, TestPluginCache: Executors2 are ''.
TpTrace Verbose: 0 : 21512, 4, 2024/07/03, 16:25:52.058, 130183745479, testhost.dll, TestPluginCache: Setting providers are ''.
TpTrace Verbose: 0 : 21512, 4, 2024/07/03, 16:25:52.058, 130183745613, testhost.dll, TestPluginCache: Loggers are ''.
TpTrace Verbose: 0 : 21512, 4, 2024/07/03, 16:25:52.058, 130183745736, testhost.dll, TestPluginCache: TestHosts are ''.
TpTrace Verbose: 0 : 21512, 4, 2024/07/03, 16:25:52.058, 130183745856, testhost.dll, TestPluginCache: DataCollectors are ''.
TpTrace Verbose: 0 : 21512, 4, 2024/07/03, 16:25:52.058, 130183750152, testhost.dll, TestExecutorService: Loaded the settings providers
TpTrace Information: 0 : 21512, 4, 2024/07/03, 16:25:52.058, 130183750593, testhost.dll, TestExecutorService: Loaded the extensions
TpTrace Information: 0 : 21512, 4, 2024/07/03, 16:25:52.058, 130183753007, testhost.dll, TestRequestHandler.OnMessageReceived: Running job 'TestExecution.StartWithSources'.
TpTrace Verbose: 0 : 21512, 4, 2024/07/03, 16:25:52.096, 130184127512, testhost.dll, MulticastDelegateUtilities.SafeInvoke: TestCaseEventsHandler.RaiseSessionStart: Invoking callbacks was skipped because there are no subscribers.
TpTrace Information: 0 : 21512, 4, 2024/07/03, 16:25:52.097, 130184140722, testhost.dll, TestDiscoveryManager: Discovering tests from sources C:\Users\brandon.ku\source\repos\OCProjet7_Findexium\P7CreateRestApi.Tests\bin\Debug\net8.0\fine-code-coverage\build-output\P7CreateRestApi.Tests.dll
TpTrace Verbose: 0 : 21512, 4, 2024/07/03, 16:25:52.098, 130184151421, testhost.dll, TestPluginCache.DiscoverTestExtensions: finding test extensions in assemblies ends with: TestAdapter.dll TPluginInfo: Microsoft.VisualStudio.TestPlatform.Common.ExtensionFramework.Utilities.TestDiscovererPluginInformation TExtension: Microsoft.VisualStudio.TestPlatform.ObjectModel.Adapter.ITestDiscoverer
TpTrace Verbose: 0 : 21512, 4, 2024/07/03, 16:25:52.098, 130184152242, testhost.dll, TestPluginCache.GetExtensionPaths: Filtered extension paths: 
TpTrace Verbose: 0 : 21512, 4, 2024/07/03, 16:25:52.098, 130184152458, testhost.dll, TestPluginCache.GetExtensionPaths: Added default extension paths: C:\Users\brandon.ku\source\repos\OCProjet7_Findexium\P7CreateRestApi.Tests\bin\Debug\net8.0\fine-code-coverage\build-output\xunit.runner.visualstudio.dotnetcore.testadapter.dll
C:\Users\brandon.ku\source\repos\OCProjet7_Findexium\P7CreateRestApi.Tests\bin\Debug\net8.0\fine-code-coverage\build-output\xunit.runner.visualstudio.testadapter.dll
TpTrace Verbose: 0 : 21512, 4, 2024/07/03, 16:25:52.098, 130184152632, testhost.dll, TestPluginCache.GetExtensionPaths: Added unfilterableExtensionPaths: 
TpTrace Information: 0 : 21512, 4, 2024/07/03, 16:25:52.098, 130184154022, testhost.dll, AssemblyResolver.AddSearchDirectories: Adding more searchDirectories C:\Users\brandon.ku\source\repos\OCProjet7_Findexium\P7CreateRestApi.Tests\bin\Debug\net8.0\fine-code-coverage\build-output
TpTrace Verbose: 0 : 21512, 4, 2024/07/03, 16:25:52.099, 130184154340, testhost.dll, TestPluginCache.DiscoverTestExtensions: Discovering the extensions using extension path.
TpTrace Verbose: 0 : 21512, 4, 2024/07/03, 16:25:52.099, 130184154563, testhost.dll, TestPluginCache.GetExtensionPaths: Filtered extension paths: 
TpTrace Verbose: 0 : 21512, 4, 2024/07/03, 16:25:52.099, 130184154705, testhost.dll, TestPluginCache.GetExtensionPaths: Added default extension paths: C:\Users\brandon.ku\source\repos\OCProjet7_Findexium\P7CreateRestApi.Tests\bin\Debug\net8.0\fine-code-coverage\build-output\xunit.runner.visualstudio.dotnetcore.testadapter.dll
C:\Users\brandon.ku\source\repos\OCProjet7_Findexium\P7CreateRestApi.Tests\bin\Debug\net8.0\fine-code-coverage\build-output\xunit.runner.visualstudio.testadapter.dll
TpTrace Verbose: 0 : 21512, 4, 2024/07/03, 16:25:52.099, 130184154843, testhost.dll, TestPluginCache.GetExtensionPaths: Added unfilterableExtensionPaths: 
TpTrace Verbose: 0 : 21512, 4, 2024/07/03, 16:25:52.099, 130184155031, testhost.dll, TestPluginCache.DiscoverTestExtensions: Discovering the extensions using allExtensionPaths: C:\Users\brandon.ku\source\repos\OCProjet7_Findexium\P7CreateRestApi.Tests\bin\Debug\net8.0\fine-code-coverage\build-output\xunit.runner.visualstudio.dotnetcore.testadapter.dll
C:\Users\brandon.ku\source\repos\OCProjet7_Findexium\P7CreateRestApi.Tests\bin\Debug\net8.0\fine-code-coverage\build-output\xunit.runner.visualstudio.testadapter.dll
TpTrace Information: 0 : 21512, 4, 2024/07/03, 16:25:52.099, 130184155330, testhost.dll, AssemblyResolver.AddSearchDirectories: Adding more searchDirectories C:\Users\brandon.ku\source\repos\OCProjet7_Findexium\P7CreateRestApi.Tests\bin\Debug\net8.0\fine-code-coverage\build-output
TpTrace Information: 0 : 21512, 4, 2024/07/03, 16:25:52.099, 130184155509, testhost.dll, AssemblyResolver.AddSearchDirectories: Adding more searchDirectories C:\Users\brandon.ku\source\repos\OCProjet7_Findexium\P7CreateRestApi.Tests\bin\Debug\net8.0\fine-code-coverage\build-output
TpTrace Verbose: 0 : 21512, 4, 2024/07/03, 16:25:52.099, 130184155981, testhost.dll, MetadataReaderExtensionsHelper: Discovering extensions inside assembly 'xunit.runner.visualstudio.dotnetcore.testadapter, Version=2.5.0.0, Culture=neutral, PublicKeyToken=null' file path 'C:\Users\brandon.ku\source\repos\OCProjet7_Findexium\P7CreateRestApi.Tests\bin\Debug\net8.0\fine-code-coverage\build-output\xunit.runner.visualstudio.dotnetcore.testadapter.dll'
TpTrace Information: 0 : 21512, 4, 2024/07/03, 16:25:52.103, 130184202848, testhost.dll, GetTestExtensionFromType: Register extension with identifier data 'Xunit.Runner.VisualStudio.VsTestRunner, xunit.runner.visualstudio.dotnetcore.testadapter, Version=2.5.0.0, Culture=neutral, PublicKeyToken=null' and type 'Xunit.Runner.VisualStudio.VsTestRunner, xunit.runner.visualstudio.dotnetcore.testadapter, Version=2.5.0.0, Culture=neutral, PublicKeyToken=null' inside file 'C:\Users\brandon.ku\source\repos\OCProjet7_Findexium\P7CreateRestApi.Tests\bin\Debug\net8.0\fine-code-coverage\build-output\xunit.runner.visualstudio.dotnetcore.testadapter.dll'
TpTrace Verbose: 0 : 21512, 4, 2024/07/03, 16:25:52.103, 130184203654, testhost.dll, MetadataReaderExtensionsHelper: Discovering extensions inside assembly 'xunit.runner.visualstudio.testadapter, Version=2.8.1.0, Culture=neutral, PublicKeyToken=null' file path 'C:\Users\brandon.ku\source\repos\OCProjet7_Findexium\P7CreateRestApi.Tests\bin\Debug\net8.0\fine-code-coverage\build-output\xunit.runner.visualstudio.testadapter.dll'
TpTrace Warning: 0 : 21512, 4, 2024/07/03, 16:25:52.105, 130184221879, testhost.dll, TestPluginDiscoverer: Failed to get types from assembly 'xunit.runner.visualstudio.testadapter, Version=2.8.1.0, Culture=neutral, PublicKeyToken=null'. Error: System.Reflection.ReflectionTypeLoadException: Unable to load one or more of the requested types.
Could not load type 'Xunit.ParallelAlgorithm' from assembly 'xunit.runner.utility.netcoreapp10, Version=2.5.2.0, Culture=neutral, PublicKeyToken=8d05b1bb7a6fdb6c'.
   at System.Reflection.RuntimeModule.GetTypes(RuntimeModule module)
   at System.Reflection.RuntimeModule.GetTypes()
   at Microsoft.VisualStudio.TestPlatform.Common.ExtensionFramework.TestPluginDiscoverer.GetTestExtensionsFromAssembly[TPluginInfo,TExtension](Assembly assembly, Dictionary`2 pluginInfos, String filePath) in /_/src/Microsoft.TestPlatform.Common/ExtensionFramework/TestPluginDiscoverer.cs:line 158
System.TypeLoadException: Could not load type 'Xunit.ParallelAlgorithm' from assembly 'xunit.runner.utility.netcoreapp10, Version=2.5.2.0, Culture=neutral, PublicKeyToken=8d05b1bb7a6fdb6c'.
TpTrace Warning: 0 : 21512, 4, 2024/07/03, 16:25:52.105, 130184222458, testhost.dll, LoaderExceptions: System.TypeLoadException: Could not load type 'Xunit.ParallelAlgorithm' from assembly 'xunit.runner.utility.netcoreapp10, Version=2.5.2.0, Culture=neutral, PublicKeyToken=8d05b1bb7a6fdb6c'.
TpTrace Information: 0 : 21512, 4, 2024/07/03, 16:25:52.106, 130184224850, testhost.dll, GetTestExtensionFromType: Register extension with identifier data 'Xunit.Runner.VisualStudio.VsTestRunner, xunit.runner.visualstudio.testadapter, Version=2.8.1.0, Culture=neutral, PublicKeyToken=null' and type 'Xunit.Runner.VisualStudio.VsTestRunner, xunit.runner.visualstudio.testadapter, Version=2.8.1.0, Culture=neutral, PublicKeyToken=null' inside file 'C:\Users\brandon.ku\source\repos\OCProjet7_Findexium\P7CreateRestApi.Tests\bin\Debug\net8.0\fine-code-coverage\build-output\xunit.runner.visualstudio.testadapter.dll'
TpTrace Verbose: 0 : 21512, 4, 2024/07/03, 16:25:52.106, 130184225846, testhost.dll, TestPluginCache: Discovered the extensions using extension path ''.
TpTrace Verbose: 0 : 21512, 4, 2024/07/03, 16:25:52.106, 130184226264, testhost.dll, TestPluginCache: Discoverers are 'Xunit.Runner.VisualStudio.VsTestRunner, xunit.runner.visualstudio.dotnetcore.testadapter, Version=2.5.0.0, Culture=neutral, PublicKeyToken=null,Xunit.Runner.VisualStudio.VsTestRunner, xunit.runner.visualstudio.testadapter, Version=2.8.1.0, Culture=neutral, PublicKeyToken=null'.
TpTrace Verbose: 0 : 21512, 4, 2024/07/03, 16:25:52.106, 130184226433, testhost.dll, TestPluginCache: Executors are 'executor://xunit/VsTestRunner2/netcoreapp'.
TpTrace Verbose: 0 : 21512, 4, 2024/07/03, 16:25:52.106, 130184226589, testhost.dll, TestPluginCache: Executors2 are ''.
TpTrace Verbose: 0 : 21512, 4, 2024/07/03, 16:25:52.106, 130184226747, testhost.dll, TestPluginCache: Setting providers are ''.
TpTrace Verbose: 0 : 21512, 4, 2024/07/03, 16:25:52.106, 130184226890, testhost.dll, TestPluginCache: Loggers are ''.
TpTrace Verbose: 0 : 21512, 4, 2024/07/03, 16:25:52.106, 130184227017, testhost.dll, TestPluginCache: TestHosts are ''.
TpTrace Verbose: 0 : 21512, 4, 2024/07/03, 16:25:52.106, 130184227139, testhost.dll, TestPluginCache: DataCollectors are ''.
TpTrace Information: 0 : 21512, 4, 2024/07/03, 16:25:52.109, 130184258223, testhost.dll, PEReaderHelper.GetAssemblyType: Determined assemblyType:'Managed' for source: 'C:\Users\brandon.ku\source\repos\OCProjet7_Findexium\P7CreateRestApi.Tests\bin\Debug\net8.0\fine-code-coverage\build-output\P7CreateRestApi.Tests.dll'
TpTrace Information: 0 : 21512, 4, 2024/07/03, 16:25:52.110, 130184269628, testhost.dll, TestPluginManager.CreateTestExtension: Attempting to load test extension: Xunit.Runner.VisualStudio.VsTestRunner
TpTrace Warning: 0 : 21512, 4, 2024/07/03, 16:25:52.110, 130184273176, testhost.dll, Plusieurs adaptateurs de tests ayant le même URI 'executor://xunit/VsTestRunner2/netcoreapp' ont été trouvés. Adaptateur 'Xunit.Runner.VisualStudio.VsTestRunner' ignoré. Désinstallez les adaptateurs en conflit pour éviter cet avertissement.
TpTrace Verbose: 0 : 21512, 4, 2024/07/03, 16:25:52.111, 130184274211, testhost.dll, TestRequestHandler.SendData: sending data from testhost: {"Version":7,"MessageType":"TestSession.Message","Payload":{"MessageLevel":1,"Message":"Plusieurs adaptateurs de tests ayant le même URI 'executor://xunit/VsTestRunner2/netcoreapp' ont été trouvés. Adaptateur 'Xunit.Runner.VisualStudio.VsTestRunner' ignoré. Désinstallez les adaptateurs en conflit pour éviter cet avertissement."}}
TpTrace Verbose: 0 : 21512, 4, 2024/07/03, 16:25:52.111, 130184275476, testhost.dll, MulticastDelegateUtilities.SafeInvoke: TestRunMessageLoggerProxy.SendMessage: Invoking callback 1/1 for Microsoft.VisualStudio.TestPlatform.CrossPlatEngine.Execution.RunTestsWithSources., took 0 ms.
TpTrace Verbose: 0 : 21512, 4, 2024/07/03, 16:25:52.112, 130184293780, testhost.dll, BaseRunTests.RunTestInternalWithExecutors: Running tests for executor://xunit/VsTestRunner2/netcoreapp
TpTrace Information: 0 : 21512, 4, 2024/07/03, 16:25:52.125, 130184419311, testhost.dll, [xUnit.net 00:00:00.00] xUnit.net VSTest Adapter v2.5.3.1+6b60a9e56a (64-bit .NET 8.0.6)
TpTrace Verbose: 0 : 21512, 4, 2024/07/03, 16:25:52.125, 130184420482, testhost.dll, TestRequestHandler.SendData: sending data from testhost: {"Version":7,"MessageType":"TestSession.Message","Payload":{"MessageLevel":0,"Message":"[xUnit.net 00:00:00.00] xUnit.net VSTest Adapter v2.5.3.1+6b60a9e56a (64-bit .NET 8.0.6)"}}
TpTrace Verbose: 0 : 21512, 4, 2024/07/03, 16:25:52.125, 130184421482, testhost.dll, MulticastDelegateUtilities.SafeInvoke: TestRunMessageLoggerProxy.SendMessage: Invoking callback 1/1 for Microsoft.VisualStudio.TestPlatform.CrossPlatEngine.Execution.RunTestsWithSources., took 0 ms.
TpTrace Information: 0 : 21512, 4, 2024/07/03, 16:25:52.141, 130184582342, testhost.dll, AssemblyResolver.OnResolve: xunit.runner.reporters.netcoreapp10: Resolving assembly.
TpTrace Information: 0 : 21512, 4, 2024/07/03, 16:25:52.141, 130184583372, testhost.dll, AssemblyResolver.OnResolve: xunit.runner.reporters.netcoreapp10: Searching in: 'C:\Users\brandon.ku\source\repos\OCProjet7_Findexium\P7CreateRestApi.Tests\bin\Debug\net8.0\fine-code-coverage\build-output'.
TpTrace Information: 0 : 21512, 4, 2024/07/03, 16:25:52.143, 130184595630, testhost.dll, AssemblyResolver.OnResolve: xunit.runner.reporters.netcoreapp10: Loading assembly 'C:\Users\brandon.ku\source\repos\OCProjet7_Findexium\P7CreateRestApi.Tests\bin\Debug\net8.0\fine-code-coverage\build-output\xunit.runner.reporters.netcoreapp10.dll'.
TpTrace Information: 0 : 21512, 4, 2024/07/03, 16:25:52.144, 130184608074, testhost.dll, AssemblyResolver.OnResolve: Resolved assembly: xunit.runner.reporters.netcoreapp10, from path: C:\Users\brandon.ku\source\repos\OCProjet7_Findexium\P7CreateRestApi.Tests\bin\Debug\net8.0\fine-code-coverage\build-output\xunit.runner.reporters.netcoreapp10.dll
TpTrace Information: 0 : 21512, 4, 2024/07/03, 16:25:52.221, 130185381450, testhost.dll, [xUnit.net 00:00:00.09]   Discovering: P7CreateRestApi.Tests
TpTrace Verbose: 0 : 21512, 4, 2024/07/03, 16:25:52.221, 130185382679, testhost.dll, TestRequestHandler.SendData: sending data from testhost: {"Version":7,"MessageType":"TestSession.Message","Payload":{"MessageLevel":0,"Message":"[xUnit.net 00:00:00.09]   Discovering: P7CreateRestApi.Tests"}}
TpTrace Verbose: 0 : 21512, 4, 2024/07/03, 16:25:52.221, 130185383704, testhost.dll, MulticastDelegateUtilities.SafeInvoke: TestRunMessageLoggerProxy.SendMessage: Invoking callback 1/1 for Microsoft.VisualStudio.TestPlatform.CrossPlatEngine.Execution.RunTestsWithSources., took 0 ms.
TpTrace Information: 0 : 21512, 4, 2024/07/03, 16:25:52.258, 130185748301, testhost.dll, [xUnit.net 00:00:00.13]   Discovered:  P7CreateRestApi.Tests
TpTrace Verbose: 0 : 21512, 4, 2024/07/03, 16:25:52.258, 130185749613, testhost.dll, TestRequestHandler.SendData: sending data from testhost: {"Version":7,"MessageType":"TestSession.Message","Payload":{"MessageLevel":0,"Message":"[xUnit.net 00:00:00.13]   Discovered:  P7CreateRestApi.Tests"}}
TpTrace Verbose: 0 : 21512, 4, 2024/07/03, 16:25:52.258, 130185750572, testhost.dll, MulticastDelegateUtilities.SafeInvoke: TestRunMessageLoggerProxy.SendMessage: Invoking callback 1/1 for Microsoft.VisualStudio.TestPlatform.CrossPlatEngine.Execution.RunTestsWithSources., took 0 ms.
TpTrace Information: 0 : 21512, 4, 2024/07/03, 16:25:52.260, 130185766108, testhost.dll, [xUnit.net 00:00:00.13]   Starting:    P7CreateRestApi.Tests
TpTrace Verbose: 0 : 21512, 4, 2024/07/03, 16:25:52.260, 130185766781, testhost.dll, TestRequestHandler.SendData: sending data from testhost: {"Version":7,"MessageType":"TestSession.Message","Payload":{"MessageLevel":0,"Message":"[xUnit.net 00:00:00.13]   Starting:    P7CreateRestApi.Tests"}}
TpTrace Verbose: 0 : 21512, 4, 2024/07/03, 16:25:52.260, 130185767417, testhost.dll, MulticastDelegateUtilities.SafeInvoke: TestRunMessageLoggerProxy.SendMessage: Invoking callback 1/1 for Microsoft.VisualStudio.TestPlatform.CrossPlatEngine.Execution.RunTestsWithSources., took 0 ms.
TpTrace Verbose: 0 : 21512, 16, 2024/07/03, 16:25:52.282, 130185985619, testhost.dll, TestExecutionRecorder.RecordStart: Starting test: P7CreateRestApi.Tests.BidListControllerTests.UpdateBid_ShouldReturnNoContent_WhenUpdateIsSuccessful.
TpTrace Verbose: 0 : 21512, 16, 2024/07/03, 16:25:52.302, 130186187446, testhost.dll, MulticastDelegateUtilities.SafeInvoke: TestCaseEventsHandler.RaiseTestCaseStart: Invoking callback 1/1 for Microsoft.VisualStudio.TestPlatform.CrossPlatEngine.DataCollection.ProxyOutOfProcDataCollectionManager., took 19 ms.
TpTrace Verbose: 0 : 21512, 16, 2024/07/03, 16:25:52.302, 130186189898, testhost.dll, TestExecutionRecorder.RecordStart: Starting test: P7CreateRestApi.Tests.CurveControllerTests.CreateCurvePoint_ShouldReturnInternalServerError_WhenExceptionIsThrown.
TpTrace Verbose: 0 : 21512, 16, 2024/07/03, 16:25:52.304, 130186204323, testhost.dll, MulticastDelegateUtilities.SafeInvoke: TestCaseEventsHandler.RaiseTestCaseStart: Invoking callback 1/1 for Microsoft.VisualStudio.TestPlatform.CrossPlatEngine.DataCollection.ProxyOutOfProcDataCollectionManager., took 1 ms.
TpTrace Verbose: 0 : 21512, 16, 2024/07/03, 16:25:52.419, 130187362909, testhost.dll, TestExecutionRecorder.RecordResult: Received result for test: P7CreateRestApi.Tests.CurveControllerTests.CreateCurvePoint_ShouldReturnInternalServerError_WhenExceptionIsThrown.
TpTrace Verbose: 0 : 21512, 16, 2024/07/03, 16:25:52.427, 130187443834, testhost.dll, MulticastDelegateUtilities.SafeInvoke: TestCaseEventsHandler.RaiseTestCaseEnd: Invoking callback 1/1 for Microsoft.VisualStudio.TestPlatform.CrossPlatEngine.DataCollection.ProxyOutOfProcDataCollectionManager., took 7 ms.
TpTrace Verbose: 0 : 21512, 16, 2024/07/03, 16:25:52.428, 130187453099, testhost.dll, MulticastDelegateUtilities.SafeInvoke: TestCaseEventsHandler.RaiseTestCaseEnd: Invoking callback 1/1 for Microsoft.VisualStudio.TestPlatform.CrossPlatEngine.DataCollection.ProxyOutOfProcDataCollectionManager., took 0 ms.
TpTrace Verbose: 0 : 21512, 16, 2024/07/03, 16:25:52.430, 130187468971, testhost.dll, TestExecutionRecorder.RecordEnd: test: P7CreateRestApi.Tests.CurveControllerTests.CreateCurvePoint_ShouldReturnInternalServerError_WhenExceptionIsThrown execution completed.
TpTrace Verbose: 0 : 21512, 16, 2024/07/03, 16:25:52.430, 130187470936, testhost.dll, TestExecutionRecorder.RecordStart: Starting test: P7CreateRestApi.Tests.CurveControllerTests.GetAllCurvePoints_ShouldReturnNotFound_WhenNoCurvePointsExist.
TpTrace Verbose: 0 : 21512, 16, 2024/07/03, 16:25:52.431, 130187481091, testhost.dll, MulticastDelegateUtilities.SafeInvoke: TestCaseEventsHandler.RaiseTestCaseStart: Invoking callback 1/1 for Microsoft.VisualStudio.TestPlatform.CrossPlatEngine.DataCollection.ProxyOutOfProcDataCollectionManager., took 0 ms.
TpTrace Verbose: 0 : 21512, 16, 2024/07/03, 16:25:52.431, 130187482166, testhost.dll, TestExecutionRecorder.RecordResult: Received result for test: P7CreateRestApi.Tests.BidListControllerTests.UpdateBid_ShouldReturnNoContent_WhenUpdateIsSuccessful.
TpTrace Verbose: 0 : 21512, 16, 2024/07/03, 16:25:52.432, 130187493696, testhost.dll, MulticastDelegateUtilities.SafeInvoke: TestCaseEventsHandler.RaiseTestCaseEnd: Invoking callback 1/1 for Microsoft.VisualStudio.TestPlatform.CrossPlatEngine.DataCollection.ProxyOutOfProcDataCollectionManager., took 1 ms.
TpTrace Verbose: 0 : 21512, 16, 2024/07/03, 16:25:52.433, 130187495456, testhost.dll, MulticastDelegateUtilities.SafeInvoke: TestCaseEventsHandler.RaiseTestCaseEnd: Invoking callback 1/1 for Microsoft.VisualStudio.TestPlatform.CrossPlatEngine.DataCollection.ProxyOutOfProcDataCollectionManager., took 0 ms.
TpTrace Verbose: 0 : 21512, 16, 2024/07/03, 16:25:52.433, 130187498179, testhost.dll, TestExecutionRecorder.RecordEnd: test: P7CreateRestApi.Tests.BidListControllerTests.UpdateBid_ShouldReturnNoContent_WhenUpdateIsSuccessful execution completed.
TpTrace Verbose: 0 : 21512, 16, 2024/07/03, 16:25:52.433, 130187498620, testhost.dll, TestExecutionRecorder.RecordStart: Starting test: P7CreateRestApi.Tests.BidListControllerTests.CreateBid_ShouldReturnBadRequest_WhenBidIsNull.
TpTrace Verbose: 0 : 21512, 16, 2024/07/03, 16:25:52.434, 130187506286, testhost.dll, MulticastDelegateUtilities.SafeInvoke: TestCaseEventsHandler.RaiseTestCaseStart: Invoking callback 1/1 for Microsoft.VisualStudio.TestPlatform.CrossPlatEngine.DataCollection.ProxyOutOfProcDataCollectionManager., took 0 ms.
TpTrace Verbose: 0 : 21512, 16, 2024/07/03, 16:25:52.434, 130187507015, testhost.dll, TestExecutionRecorder.RecordResult: Received result for test: P7CreateRestApi.Tests.BidListControllerTests.CreateBid_ShouldReturnBadRequest_WhenBidIsNull.
TpTrace Verbose: 0 : 21512, 16, 2024/07/03, 16:25:52.434, 130187513680, testhost.dll, MulticastDelegateUtilities.SafeInvoke: TestCaseEventsHandler.RaiseTestCaseEnd: Invoking callback 1/1 for Microsoft.VisualStudio.TestPlatform.CrossPlatEngine.DataCollection.ProxyOutOfProcDataCollectionManager., took 0 ms.
TpTrace Verbose: 0 : 21512, 16, 2024/07/03, 16:25:52.435, 130187514188, testhost.dll, MulticastDelegateUtilities.SafeInvoke: TestCaseEventsHandler.RaiseTestCaseEnd: Invoking callback 1/1 for Microsoft.VisualStudio.TestPlatform.CrossPlatEngine.DataCollection.ProxyOutOfProcDataCollectionManager., took 0 ms.
TpTrace Verbose: 0 : 21512, 16, 2024/07/03, 16:25:52.435, 130187514495, testhost.dll, TestExecutionRecorder.RecordEnd: test: P7CreateRestApi.Tests.BidListControllerTests.CreateBid_ShouldReturnBadRequest_WhenBidIsNull execution completed.
TpTrace Verbose: 0 : 21512, 16, 2024/07/03, 16:25:52.435, 130187514744, testhost.dll, TestExecutionRecorder.RecordStart: Starting test: P7CreateRestApi.Tests.BidListControllerTests.UpdateBid_ShouldReturnInternalServerError_WhenExceptionIsThrown.
TpTrace Verbose: 0 : 21512, 16, 2024/07/03, 16:25:52.435, 130187523379, testhost.dll, MulticastDelegateUtilities.SafeInvoke: TestCaseEventsHandler.RaiseTestCaseStart: Invoking callback 1/1 for Microsoft.VisualStudio.TestPlatform.CrossPlatEngine.DataCollection.ProxyOutOfProcDataCollectionManager., took 0 ms.
TpTrace Verbose: 0 : 21512, 16, 2024/07/03, 16:25:52.436, 130187524415, testhost.dll, TestExecutionRecorder.RecordResult: Received result for test: P7CreateRestApi.Tests.CurveControllerTests.GetAllCurvePoints_ShouldReturnNotFound_WhenNoCurvePointsExist.
TpTrace Verbose: 0 : 21512, 16, 2024/07/03, 16:25:52.436, 130187532733, testhost.dll, MulticastDelegateUtilities.SafeInvoke: TestCaseEventsHandler.RaiseTestCaseEnd: Invoking callback 1/1 for Microsoft.VisualStudio.TestPlatform.CrossPlatEngine.DataCollection.ProxyOutOfProcDataCollectionManager., took 0 ms.
TpTrace Verbose: 0 : 21512, 16, 2024/07/03, 16:25:52.436, 130187533248, testhost.dll, MulticastDelegateUtilities.SafeInvoke: TestCaseEventsHandler.RaiseTestCaseEnd: Invoking callback 1/1 for Microsoft.VisualStudio.TestPlatform.CrossPlatEngine.DataCollection.ProxyOutOfProcDataCollectionManager., took 0 ms.
TpTrace Verbose: 0 : 21512, 16, 2024/07/03, 16:25:52.436, 130187533603, testhost.dll, TestExecutionRecorder.RecordEnd: test: P7CreateRestApi.Tests.CurveControllerTests.GetAllCurvePoints_ShouldReturnNotFound_WhenNoCurvePointsExist execution completed.
TpTrace Verbose: 0 : 21512, 16, 2024/07/03, 16:25:52.436, 130187533844, testhost.dll, TestExecutionRecorder.RecordStart: Starting test: P7CreateRestApi.Tests.CurveControllerTests.GetAllCurvePoints_ShouldReturnOk_WhenCurvePointsExist.
TpTrace Verbose: 0 : 21512, 16, 2024/07/03, 16:25:52.437, 130187540032, testhost.dll, MulticastDelegateUtilities.SafeInvoke: TestCaseEventsHandler.RaiseTestCaseStart: Invoking callback 1/1 for Microsoft.VisualStudio.TestPlatform.CrossPlatEngine.DataCollection.ProxyOutOfProcDataCollectionManager., took 0 ms.
TpTrace Verbose: 0 : 21512, 16, 2024/07/03, 16:25:52.437, 130187540762, testhost.dll, TestExecutionRecorder.RecordResult: Received result for test: P7CreateRestApi.Tests.BidListControllerTests.UpdateBid_ShouldReturnInternalServerError_WhenExceptionIsThrown.
TpTrace Verbose: 0 : 21512, 16, 2024/07/03, 16:25:52.438, 130187547098, testhost.dll, MulticastDelegateUtilities.SafeInvoke: TestCaseEventsHandler.RaiseTestCaseEnd: Invoking callback 1/1 for Microsoft.VisualStudio.TestPlatform.CrossPlatEngine.DataCollection.ProxyOutOfProcDataCollectionManager., took 0 ms.
TpTrace Verbose: 0 : 21512, 16, 2024/07/03, 16:25:52.438, 130187547575, testhost.dll, MulticastDelegateUtilities.SafeInvoke: TestCaseEventsHandler.RaiseTestCaseEnd: Invoking callback 1/1 for Microsoft.VisualStudio.TestPlatform.CrossPlatEngine.DataCollection.ProxyOutOfProcDataCollectionManager., took 0 ms.
TpTrace Verbose: 0 : 21512, 16, 2024/07/03, 16:25:52.438, 130187547916, testhost.dll, TestExecutionRecorder.RecordEnd: test: P7CreateRestApi.Tests.BidListControllerTests.UpdateBid_ShouldReturnInternalServerError_WhenExceptionIsThrown execution completed.
TpTrace Verbose: 0 : 21512, 16, 2024/07/03, 16:25:52.438, 130187548150, testhost.dll, TestExecutionRecorder.RecordStart: Starting test: P7CreateRestApi.Tests.BidListControllerTests.DeleteBid_ShouldReturnNoContent_WhenDeleteIsSuccessful.
TpTrace Verbose: 0 : 21512, 16, 2024/07/03, 16:25:52.439, 130187555677, testhost.dll, MulticastDelegateUtilities.SafeInvoke: TestCaseEventsHandler.RaiseTestCaseStart: Invoking callback 1/1 for Microsoft.VisualStudio.TestPlatform.CrossPlatEngine.DataCollection.ProxyOutOfProcDataCollectionManager., took 0 ms.
TpTrace Verbose: 0 : 21512, 16, 2024/07/03, 16:25:52.439, 130187556318, testhost.dll, TestExecutionRecorder.RecordResult: Received result for test: P7CreateRestApi.Tests.CurveControllerTests.GetAllCurvePoints_ShouldReturnOk_WhenCurvePointsExist.
TpTrace Verbose: 0 : 21512, 16, 2024/07/03, 16:25:52.439, 130187562651, testhost.dll, MulticastDelegateUtilities.SafeInvoke: TestCaseEventsHandler.RaiseTestCaseEnd: Invoking callback 1/1 for Microsoft.VisualStudio.TestPlatform.CrossPlatEngine.DataCollection.ProxyOutOfProcDataCollectionManager., took 0 ms.
TpTrace Verbose: 0 : 21512, 16, 2024/07/03, 16:25:52.439, 130187563144, testhost.dll, MulticastDelegateUtilities.SafeInvoke: TestCaseEventsHandler.RaiseTestCaseEnd: Invoking callback 1/1 for Microsoft.VisualStudio.TestPlatform.CrossPlatEngine.DataCollection.ProxyOutOfProcDataCollectionManager., took 0 ms.
TpTrace Verbose: 0 : 21512, 16, 2024/07/03, 16:25:52.439, 130187563478, testhost.dll, TestExecutionRecorder.RecordEnd: test: P7CreateRestApi.Tests.CurveControllerTests.GetAllCurvePoints_ShouldReturnOk_WhenCurvePointsExist execution completed.
TpTrace Verbose: 0 : 21512, 16, 2024/07/03, 16:25:52.439, 130187563711, testhost.dll, TestExecutionRecorder.RecordStart: Starting test: P7CreateRestApi.Tests.CurveControllerTests.CreateCurvePoint_ShouldReturnCreated_WhenCurvePointIsValid.
TpTrace Verbose: 0 : 21512, 16, 2024/07/03, 16:25:52.440, 130187569457, testhost.dll, MulticastDelegateUtilities.SafeInvoke: TestCaseEventsHandler.RaiseTestCaseStart: Invoking callback 1/1 for Microsoft.VisualStudio.TestPlatform.CrossPlatEngine.DataCollection.ProxyOutOfProcDataCollectionManager., took 0 ms.
TpTrace Verbose: 0 : 21512, 16, 2024/07/03, 16:25:52.440, 130187570055, testhost.dll, TestExecutionRecorder.RecordResult: Received result for test: P7CreateRestApi.Tests.BidListControllerTests.DeleteBid_ShouldReturnNoContent_WhenDeleteIsSuccessful.
TpTrace Verbose: 0 : 21512, 16, 2024/07/03, 16:25:52.441, 130187575801, testhost.dll, MulticastDelegateUtilities.SafeInvoke: TestCaseEventsHandler.RaiseTestCaseEnd: Invoking callback 1/1 for Microsoft.VisualStudio.TestPlatform.CrossPlatEngine.DataCollection.ProxyOutOfProcDataCollectionManager., took 0 ms.
TpTrace Verbose: 0 : 21512, 16, 2024/07/03, 16:25:52.441, 130187576256, testhost.dll, MulticastDelegateUtilities.SafeInvoke: TestCaseEventsHandler.RaiseTestCaseEnd: Invoking callback 1/1 for Microsoft.VisualStudio.TestPlatform.CrossPlatEngine.DataCollection.ProxyOutOfProcDataCollectionManager., took 0 ms.
TpTrace Verbose: 0 : 21512, 16, 2024/07/03, 16:25:52.441, 130187576562, testhost.dll, TestExecutionRecorder.RecordEnd: test: P7CreateRestApi.Tests.BidListControllerTests.DeleteBid_ShouldReturnNoContent_WhenDeleteIsSuccessful execution completed.
TpTrace Verbose: 0 : 21512, 16, 2024/07/03, 16:25:52.441, 130187576788, testhost.dll, TestExecutionRecorder.RecordStart: Starting test: P7CreateRestApi.Tests.BidListControllerTests.GetBidById_ShouldReturnNotFound_WhenBidDoesNotExist.
TpTrace Verbose: 0 : 21512, 16, 2024/07/03, 16:25:52.441, 130187581925, testhost.dll, MulticastDelegateUtilities.SafeInvoke: TestCaseEventsHandler.RaiseTestCaseStart: Invoking callback 1/1 for Microsoft.VisualStudio.TestPlatform.CrossPlatEngine.DataCollection.ProxyOutOfProcDataCollectionManager., took 0 ms.
TpTrace Verbose: 0 : 21512, 16, 2024/07/03, 16:25:52.441, 130187582507, testhost.dll, TestExecutionRecorder.RecordResult: Received result for test: P7CreateRestApi.Tests.BidListControllerTests.GetBidById_ShouldReturnNotFound_WhenBidDoesNotExist.
TpTrace Verbose: 0 : 21512, 16, 2024/07/03, 16:25:52.442, 130187588718, testhost.dll, MulticastDelegateUtilities.SafeInvoke: TestCaseEventsHandler.RaiseTestCaseEnd: Invoking callback 1/1 for Microsoft.VisualStudio.TestPlatform.CrossPlatEngine.DataCollection.ProxyOutOfProcDataCollectionManager., took 0 ms.
TpTrace Verbose: 0 : 21512, 16, 2024/07/03, 16:25:52.442, 130187589173, testhost.dll, MulticastDelegateUtilities.SafeInvoke: TestCaseEventsHandler.RaiseTestCaseEnd: Invoking callback 1/1 for Microsoft.VisualStudio.TestPlatform.CrossPlatEngine.DataCollection.ProxyOutOfProcDataCollectionManager., took 0 ms.
TpTrace Verbose: 0 : 21512, 16, 2024/07/03, 16:25:52.442, 130187589476, testhost.dll, TestExecutionRecorder.RecordEnd: test: P7CreateRestApi.Tests.BidListControllerTests.GetBidById_ShouldReturnNotFound_WhenBidDoesNotExist execution completed.
TpTrace Verbose: 0 : 21512, 16, 2024/07/03, 16:25:52.442, 130187589696, testhost.dll, TestExecutionRecorder.RecordStart: Starting test: P7CreateRestApi.Tests.BidListControllerTests.DeleteBid_ShouldReturnNotFound_WhenBidDoesNotExist.
TpTrace Information: 0 : 21512, 16, 2024/07/03, 16:25:52.443, 130187601722, testhost.dll, Sending test run statistics
TpTrace Verbose: 0 : 21512, 16, 2024/07/03, 16:25:52.461, 130187780762, testhost.dll, TestRequestHandler.SendData: sending data from testhost: {"Version":7,"MessageType":"TestExecution.StatsChange","Payload":{"NewTestResults":[{"TestCase":{"Id":"9e3cb094-b470-9a8b-7db7-414a45b03a0f","FullyQualifiedName":"P7CreateRestApi.Tests.CurveControllerTests.CreateCurvePoint_ShouldReturnInternalServerError_WhenExceptionIsThrown","DisplayName":"P7CreateRestApi.Tests.CurveControllerTests.CreateCurvePoint_ShouldReturnInternalServerError_WhenExceptionIsThrown","ExecutorUri":"executor://xunit/VsTestRunner2/netcoreapp","Source":"C:\\Users\\brandon.ku\\source\\repos\\OCProjet7_Findexium\\P7CreateRestApi.Tests\\bin\\Debug\\net8.0\\fine-code-coverage\\build-output\\P7CreateRestApi.Tests.dll","CodeFilePath":null,"LineNumber":0,"Properties":[]},"Attachments":[],"Outcome":1,"ErrorMessage":null,"ErrorStackTrace":null,"DisplayName":"P7CreateRestApi.Tests.CurveControllerTests.CreateCurvePoint_ShouldReturnInternalServerError_WhenExceptionIsThrown","Messages":[],"ComputerName":"PB22039","Duration":"00:00:00.1283394","StartTime":"2024-07-03T14:25:52.4196485+00:00","EndTime":"2024-07-03T14:25:52.4196674+00:00","Properties":[]},{"TestCase":{"Id":"638b88f7-1548-95a2-86e4-21f3d42948cb","FullyQualifiedName":"P7CreateRestApi.Tests.BidListControllerTests.UpdateBid_ShouldReturnNoContent_WhenUpdateIsSuccessful","DisplayName":"P7CreateRestApi.Tests.BidListControllerTests.UpdateBid_ShouldReturnNoContent_WhenUpdateIsSuccessful","ExecutorUri":"executor://xunit/VsTestRunner2/netcoreapp","Source":"C:\\Users\\brandon.ku\\source\\repos\\OCProjet7_Findexium\\P7CreateRestApi.Tests\\bin\\Debug\\net8.0\\fine-code-coverage\\build-output\\P7CreateRestApi.Tests.dll","CodeFilePath":null,"LineNumber":0,"Properties":[]},"Attachments":[],"Outcome":1,"ErrorMessage":null,"ErrorStackTrace":null,"DisplayName":"P7CreateRestApi.Tests.BidListControllerTests.UpdateBid_ShouldReturnNoContent_WhenUpdateIsSuccessful","Messages":[],"ComputerName":"PB22039","Duration":"00:00:00.1306523","StartTime":"2024-07-03T14:25:52.4317983+00:00","EndTime":"2024-07-03T14:25:52.4317984+00:00","Properties":[]},{"TestCase":{"Id":"cf42d8ef-66e1-fd5e-7181-e3671b12e6a5","FullyQualifiedName":"P7CreateRestApi.Tests.BidListControllerTests.CreateBid_ShouldReturnBadRequest_WhenBidIsNull","DisplayName":"P7CreateRestApi.Tests.BidListControllerTests.CreateBid_ShouldReturnBadRequest_WhenBidIsNull","ExecutorUri":"executor://xunit/VsTestRunner2/netcoreapp","Source":"C:\\Users\\brandon.ku\\source\\repos\\OCProjet7_Findexium\\P7CreateRestApi.Tests\\bin\\Debug\\net8.0\\fine-code-coverage\\build-output\\P7CreateRestApi.Tests.dll","CodeFilePath":null,"LineNumber":0,"Properties":[]},"Attachments":[],"Outcome":1,"ErrorMessage":null,"ErrorStackTrace":null,"DisplayName":"P7CreateRestApi.Tests.BidListControllerTests.CreateBid_ShouldReturnBadRequest_WhenBidIsNull","Messages":[],"ComputerName":"PB22039","Duration":"00:00:00.0015673","StartTime":"2024-07-03T14:25:52.4342916+00:00","EndTime":"2024-07-03T14:25:52.4342918+00:00","Properties":[]},{"TestCase":{"Id":"9d2662ac-6bbc-bada-05bd-44e5dc7ca47c","FullyQualifiedName":"P7CreateRestApi.Tests.CurveControllerTests.GetAllCurvePoints_ShouldReturnNotFound_WhenNoCurvePointsExist","DisplayName":"P7CreateRestApi.Tests.CurveControllerTests.GetAllCurvePoints_ShouldReturnNotFound_WhenNoCurvePointsExist","ExecutorUri":"executor://xunit/VsTestRunner2/netcoreapp","Source":"C:\\Users\\brandon.ku\\source\\repos\\OCProjet7_Findexium\\P7CreateRestApi.Tests\\bin\\Debug\\net8.0\\fine-code-coverage\\build-output\\P7CreateRestApi.Tests.dll","CodeFilePath":null,"LineNumber":0,"Properties":[]},"Attachments":[],"Outcome":1,"ErrorMessage":null,"ErrorStackTrace":null,"DisplayName":"P7CreateRestApi.Tests.CurveControllerTests.GetAllCurvePoints_ShouldReturnNotFound_WhenNoCurvePointsExist","Messages":[],"ComputerName":"PB22039","Duration":"00:00:00.0018334","StartTime":"2024-07-03T14:25:52.4360318+00:00","EndTime":"2024-07-03T14:25:52.436032+00:00","Properties":[]},{"TestCase":{"Id":"2b568100-75cd-f638-2f06-fdc1b6a7a5af","FullyQualifiedName":"P7CreateRestApi.Tests.BidListControllerTests.UpdateBid_ShouldReturnInternalServerError_WhenExceptionIsThrown","DisplayName":"P7CreateRestApi.Tests.BidListControllerTests.UpdateBid_ShouldReturnInternalServerError_WhenExceptionIsThrown","ExecutorUri":"executor://xunit/VsTestRunner2/netcoreapp","Source":"C:\\Users\\brandon.ku\\source\\repos\\OCProjet7_Findexium\\P7CreateRestApi.Tests\\bin\\Debug\\net8.0\\fine-code-coverage\\build-output\\P7CreateRestApi.Tests.dll","CodeFilePath":null,"LineNumber":0,"Properties":[]},"Attachments":[],"Outcome":1,"ErrorMessage":null,"ErrorStackTrace":null,"DisplayName":"P7CreateRestApi.Tests.BidListControllerTests.UpdateBid_ShouldReturnInternalServerError_WhenExceptionIsThrown","Messages":[],"ComputerName":"PB22039","Duration":"00:00:00.0012981","StartTime":"2024-07-03T14:25:52.4376661+00:00","EndTime":"2024-07-03T14:25:52.4376662+00:00","Properties":[]},{"TestCase":{"Id":"f92623e0-a1d8-9f96-fb61-fcd8650227c0","FullyQualifiedName":"P7CreateRestApi.Tests.CurveControllerTests.GetAllCurvePoints_ShouldReturnOk_WhenCurvePointsExist","DisplayName":"P7CreateRestApi.Tests.CurveControllerTests.GetAllCurvePoints_ShouldReturnOk_WhenCurvePointsExist","ExecutorUri":"executor://xunit/VsTestRunner2/netcoreapp","Source":"C:\\Users\\brandon.ku\\source\\repos\\OCProjet7_Findexium\\P7CreateRestApi.Tests\\bin\\Debug\\net8.0\\fine-code-coverage\\build-output\\P7CreateRestApi.Tests.dll","CodeFilePath":null,"LineNumber":0,"Properties":[]},"Attachments":[],"Outcome":1,"ErrorMessage":null,"ErrorStackTrace":null,"DisplayName":"P7CreateRestApi.Tests.CurveControllerTests.GetAllCurvePoints_ShouldReturnOk_WhenCurvePointsExist","Messages":[],"ComputerName":"PB22039","Duration":"00:00:00.0019758","StartTime":"2024-07-03T14:25:52.4392224+00:00","EndTime":"2024-07-03T14:25:52.4392226+00:00","Properties":[]},{"TestCase":{"Id":"993d6e9e-e886-92ef-490a-00db11bde195","FullyQualifiedName":"P7CreateRestApi.Tests.BidListControllerTests.DeleteBid_ShouldReturnNoContent_WhenDeleteIsSuccessful","DisplayName":"P7CreateRestApi.Tests.BidListControllerTests.DeleteBid_ShouldReturnNoContent_WhenDeleteIsSuccessful","ExecutorUri":"executor://xunit/VsTestRunner2/netcoreapp","Source":"C:\\Users\\brandon.ku\\source\\repos\\OCProjet7_Findexium\\P7CreateRestApi.Tests\\bin\\Debug\\net8.0\\fine-code-coverage\\build-output\\P7CreateRestApi.Tests.dll","CodeFilePath":null,"LineNumber":0,"Properties":[]},"Attachments":[],"Outcome":1,"ErrorMessage":null,"ErrorStackTrace":null,"DisplayName":"P7CreateRestApi.Tests.BidListControllerTests.DeleteBid_ShouldReturnNoContent_WhenDeleteIsSuccessful","Messages":[],"ComputerName":"PB22039","Duration":"00:00:00.0020006","StartTime":"2024-07-03T14:25:52.4405964+00:00","EndTime":"2024-07-03T14:25:52.4405965+00:00","Properties":[]},{"TestCase":{"Id":"7c615cc4-c2d8-e4b8-86b0-8ec73f01a4da","FullyQualifiedName":"P7CreateRestApi.Tests.BidListControllerTests.GetBidById_ShouldReturnNotFound_WhenBidDoesNotExist","DisplayName":"P7CreateRestApi.Tests.BidListControllerTests.GetBidById_ShouldReturnNotFound_WhenBidDoesNotExist","ExecutorUri":"executor://xunit/VsTestRunner2/netcoreapp","Source":"C:\\Users\\brandon.ku\\source\\repos\\OCProjet7_Findexium\\P7CreateRestApi.Tests\\bin\\Debug\\net8.0\\fine-code-coverage\\build-output\\P7CreateRestApi.Tests.dll","CodeFilePath":null,"LineNumber":0,"Properties":[]},"Attachments":[],"Outcome":1,"ErrorMessage":null,"ErrorStackTrace":null,"DisplayName":"P7CreateRestApi.Tests.BidListControllerTests.GetBidById_ShouldReturnNotFound_WhenBidDoesNotExist","Messages":[],"ComputerName":"PB22039","Duration":"00:00:00.0009869","StartTime":"2024-07-03T14:25:52.4418423+00:00","EndTime":"2024-07-03T14:25:52.4418424+00:00","Properties":[]}],"TestRunStatistics":{"ExecutedTests":8,"Stats":{"Passed":8}},"ActiveTests":[{"Id":"a1ca303c-dbfe-01e3-445a-b2746f60d716","FullyQualifiedName":"P7CreateRestApi.Tests.CurveControllerTests.CreateCurvePoint_ShouldReturnCreated_WhenCurvePointIsValid","DisplayName":"P7CreateRestApi.Tests.CurveControllerTests.CreateCurvePoint_ShouldReturnCreated_WhenCurvePointIsValid","ExecutorUri":"executor://xunit/VsTestRunner2/netcoreapp","Source":"C:\\Users\\brandon.ku\\source\\repos\\OCProjet7_Findexium\\P7CreateRestApi.Tests\\bin\\Debug\\net8.0\\fine-code-coverage\\build-output\\P7CreateRestApi.Tests.dll","CodeFilePath":null,"LineNumber":0,"Properties":[]},{"Id":"baa7d328-c5e1-9359-c854-92e8c2cdb70d","FullyQualifiedName":"P7CreateRestApi.Tests.BidListControllerTests.DeleteBid_ShouldReturnNotFound_WhenBidDoesNotExist","DisplayName":"P7CreateRestApi.Tests.BidListControllerTests.DeleteBid_ShouldReturnNotFound_WhenBidDoesNotExist","ExecutorUri":"executor://xunit/VsTestRunner2/netcoreapp","Source":"C:\\Users\\brandon.ku\\source\\repos\\OCProjet7_Findexium\\P7CreateRestApi.Tests\\bin\\Debug\\net8.0\\fine-code-coverage\\build-output\\P7CreateRestApi.Tests.dll","CodeFilePath":null,"LineNumber":0,"Properties":[]}]}}
TpTrace Verbose: 0 : 21512, 16, 2024/07/03, 16:25:52.461, 130187783797, testhost.dll, TestRunCache: OnNewTestResult: Notified the onCacheHit callback.
TpTrace Verbose: 0 : 21512, 16, 2024/07/03, 16:25:52.463, 130187796526, testhost.dll, MulticastDelegateUtilities.SafeInvoke: TestCaseEventsHandler.RaiseTestCaseStart: Invoking callback 1/1 for Microsoft.VisualStudio.TestPlatform.CrossPlatEngine.DataCollection.ProxyOutOfProcDataCollectionManager., took 1 ms.
TpTrace Verbose: 0 : 21512, 16, 2024/07/03, 16:25:52.463, 130187797646, testhost.dll, TestExecutionRecorder.RecordResult: Received result for test: P7CreateRestApi.Tests.BidListControllerTests.DeleteBid_ShouldReturnNotFound_WhenBidDoesNotExist.
TpTrace Verbose: 0 : 21512, 16, 2024/07/03, 16:25:52.464, 130187808924, testhost.dll, MulticastDelegateUtilities.SafeInvoke: TestCaseEventsHandler.RaiseTestCaseEnd: Invoking callback 1/1 for Microsoft.VisualStudio.TestPlatform.CrossPlatEngine.DataCollection.ProxyOutOfProcDataCollectionManager., took 1 ms.
TpTrace Verbose: 0 : 21512, 16, 2024/07/03, 16:25:52.464, 130187809594, testhost.dll, MulticastDelegateUtilities.SafeInvoke: TestCaseEventsHandler.RaiseTestCaseEnd: Invoking callback 1/1 for Microsoft.VisualStudio.TestPlatform.CrossPlatEngine.DataCollection.ProxyOutOfProcDataCollectionManager., took 0 ms.
TpTrace Warning: 0 : 21512, 16, 2024/07/03, 16:25:52.464, 130187809825, testhost.dll, TestRunCache: InProgressTests is null
TpTrace Warning: 0 : 21512, 16, 2024/07/03, 16:25:52.464, 130187810354, testhost.dll, TestRunCache: No test found corresponding to testResult 'P7CreateRestApi.Tests.BidListControllerTests.DeleteBid_ShouldReturnNotFound_WhenBidDoesNotExist' in inProgress list.
TpTrace Verbose: 0 : 21512, 16, 2024/07/03, 16:25:52.464, 130187810779, testhost.dll, TestExecutionRecorder.RecordEnd: test: P7CreateRestApi.Tests.BidListControllerTests.DeleteBid_ShouldReturnNotFound_WhenBidDoesNotExist execution completed.
TpTrace Warning: 0 : 21512, 16, 2024/07/03, 16:25:52.464, 130187810921, testhost.dll, TestRunCache: InProgressTests is null
TpTrace Verbose: 0 : 21512, 16, 2024/07/03, 16:25:52.464, 130187811165, testhost.dll, TestExecutionRecorder.RecordStart: Starting test: P7CreateRestApi.Tests.BidListControllerTests.GetBidById_ShouldReturnOk_WhenBidExists.
TpTrace Verbose: 0 : 21512, 16, 2024/07/03, 16:25:52.465, 130187818671, testhost.dll, MulticastDelegateUtilities.SafeInvoke: TestCaseEventsHandler.RaiseTestCaseStart: Invoking callback 1/1 for Microsoft.VisualStudio.TestPlatform.CrossPlatEngine.DataCollection.ProxyOutOfProcDataCollectionManager., took 0 ms.
TpTrace Verbose: 0 : 21512, 16, 2024/07/03, 16:25:52.465, 130187819361, testhost.dll, TestExecutionRecorder.RecordResult: Received result for test: P7CreateRestApi.Tests.BidListControllerTests.GetBidById_ShouldReturnOk_WhenBidExists.
TpTrace Verbose: 0 : 21512, 16, 2024/07/03, 16:25:52.466, 130187826419, testhost.dll, MulticastDelegateUtilities.SafeInvoke: TestCaseEventsHandler.RaiseTestCaseEnd: Invoking callback 1/1 for Microsoft.VisualStudio.TestPlatform.CrossPlatEngine.DataCollection.ProxyOutOfProcDataCollectionManager., took 0 ms.
TpTrace Verbose: 0 : 21512, 16, 2024/07/03, 16:25:52.466, 130187826926, testhost.dll, MulticastDelegateUtilities.SafeInvoke: TestCaseEventsHandler.RaiseTestCaseEnd: Invoking callback 1/1 for Microsoft.VisualStudio.TestPlatform.CrossPlatEngine.DataCollection.ProxyOutOfProcDataCollectionManager., took 0 ms.
TpTrace Verbose: 0 : 21512, 16, 2024/07/03, 16:25:52.466, 130187827277, testhost.dll, TestExecutionRecorder.RecordEnd: test: P7CreateRestApi.Tests.BidListControllerTests.GetBidById_ShouldReturnOk_WhenBidExists execution completed.
TpTrace Warning: 0 : 21512, 16, 2024/07/03, 16:25:52.466, 130187827418, testhost.dll, TestRunCache: InProgressTests is null
TpTrace Verbose: 0 : 21512, 16, 2024/07/03, 16:25:52.466, 130187827629, testhost.dll, TestExecutionRecorder.RecordStart: Starting test: P7CreateRestApi.Tests.BidListControllerTests.GetBidById_ShouldReturnInternalServerError_WhenExceptionIsThrown.
TpTrace Verbose: 0 : 21512, 16, 2024/07/03, 16:25:52.467, 130187834291, testhost.dll, MulticastDelegateUtilities.SafeInvoke: TestCaseEventsHandler.RaiseTestCaseStart: Invoking callback 1/1 for Microsoft.VisualStudio.TestPlatform.CrossPlatEngine.DataCollection.ProxyOutOfProcDataCollectionManager., took 0 ms.
TpTrace Verbose: 0 : 21512, 16, 2024/07/03, 16:25:52.467, 130187834907, testhost.dll, TestExecutionRecorder.RecordResult: Received result for test: P7CreateRestApi.Tests.BidListControllerTests.GetBidById_ShouldReturnInternalServerError_WhenExceptionIsThrown.
TpTrace Verbose: 0 : 21512, 16, 2024/07/03, 16:25:52.467, 130187843178, testhost.dll, MulticastDelegateUtilities.SafeInvoke: TestCaseEventsHandler.RaiseTestCaseEnd: Invoking callback 1/1 for Microsoft.VisualStudio.TestPlatform.CrossPlatEngine.DataCollection.ProxyOutOfProcDataCollectionManager., took 0 ms.
TpTrace Verbose: 0 : 21512, 16, 2024/07/03, 16:25:52.467, 130187843697, testhost.dll, MulticastDelegateUtilities.SafeInvoke: TestCaseEventsHandler.RaiseTestCaseEnd: Invoking callback 1/1 for Microsoft.VisualStudio.TestPlatform.CrossPlatEngine.DataCollection.ProxyOutOfProcDataCollectionManager., took 0 ms.
TpTrace Verbose: 0 : 21512, 16, 2024/07/03, 16:25:52.467, 130187844046, testhost.dll, TestExecutionRecorder.RecordEnd: test: P7CreateRestApi.Tests.BidListControllerTests.GetBidById_ShouldReturnInternalServerError_WhenExceptionIsThrown execution completed.
TpTrace Warning: 0 : 21512, 16, 2024/07/03, 16:25:52.468, 130187844187, testhost.dll, TestRunCache: InProgressTests is null
TpTrace Verbose: 0 : 21512, 16, 2024/07/03, 16:25:52.468, 130187844390, testhost.dll, TestExecutionRecorder.RecordStart: Starting test: P7CreateRestApi.Tests.BidListControllerTests.CreateBid_ShouldReturnCreated_WhenBidIsValid.
TpTrace Verbose: 0 : 21512, 16, 2024/07/03, 16:25:52.468, 130187850888, testhost.dll, MulticastDelegateUtilities.SafeInvoke: TestCaseEventsHandler.RaiseTestCaseStart: Invoking callback 1/1 for Microsoft.VisualStudio.TestPlatform.CrossPlatEngine.DataCollection.ProxyOutOfProcDataCollectionManager., took 0 ms.
TpTrace Verbose: 0 : 21512, 16, 2024/07/03, 16:25:52.468, 130187851528, testhost.dll, TestExecutionRecorder.RecordResult: Received result for test: P7CreateRestApi.Tests.CurveControllerTests.CreateCurvePoint_ShouldReturnCreated_WhenCurvePointIsValid.
TpTrace Verbose: 0 : 21512, 16, 2024/07/03, 16:25:52.469, 130187858437, testhost.dll, MulticastDelegateUtilities.SafeInvoke: TestCaseEventsHandler.RaiseTestCaseEnd: Invoking callback 1/1 for Microsoft.VisualStudio.TestPlatform.CrossPlatEngine.DataCollection.ProxyOutOfProcDataCollectionManager., took 0 ms.
TpTrace Verbose: 0 : 21512, 16, 2024/07/03, 16:25:52.469, 130187858903, testhost.dll, MulticastDelegateUtilities.SafeInvoke: TestCaseEventsHandler.RaiseTestCaseEnd: Invoking callback 1/1 for Microsoft.VisualStudio.TestPlatform.CrossPlatEngine.DataCollection.ProxyOutOfProcDataCollectionManager., took 0 ms.
TpTrace Warning: 0 : 21512, 16, 2024/07/03, 16:25:52.469, 130187859162, testhost.dll, TestRunCache: No test found corresponding to testResult 'P7CreateRestApi.Tests.CurveControllerTests.CreateCurvePoint_ShouldReturnCreated_WhenCurvePointIsValid' in inProgress list.
TpTrace Verbose: 0 : 21512, 16, 2024/07/03, 16:25:52.469, 130187859413, testhost.dll, TestExecutionRecorder.RecordEnd: test: P7CreateRestApi.Tests.CurveControllerTests.CreateCurvePoint_ShouldReturnCreated_WhenCurvePointIsValid execution completed.
TpTrace Verbose: 0 : 21512, 16, 2024/07/03, 16:25:52.469, 130187859626, testhost.dll, TestExecutionRecorder.RecordStart: Starting test: P7CreateRestApi.Tests.CurveControllerTests.GetAllCurvePoints_ShouldReturnInternalServerError_WhenExceptionIsThrown.
TpTrace Verbose: 0 : 21512, 16, 2024/07/03, 16:25:52.470, 130187866092, testhost.dll, MulticastDelegateUtilities.SafeInvoke: TestCaseEventsHandler.RaiseTestCaseStart: Invoking callback 1/1 for Microsoft.VisualStudio.TestPlatform.CrossPlatEngine.DataCollection.ProxyOutOfProcDataCollectionManager., took 0 ms.
TpTrace Verbose: 0 : 21512, 16, 2024/07/03, 16:25:52.470, 130187866644, testhost.dll, TestExecutionRecorder.RecordResult: Received result for test: P7CreateRestApi.Tests.BidListControllerTests.CreateBid_ShouldReturnCreated_WhenBidIsValid.
TpTrace Verbose: 0 : 21512, 16, 2024/07/03, 16:25:52.470, 130187873156, testhost.dll, MulticastDelegateUtilities.SafeInvoke: TestCaseEventsHandler.RaiseTestCaseEnd: Invoking callback 1/1 for Microsoft.VisualStudio.TestPlatform.CrossPlatEngine.DataCollection.ProxyOutOfProcDataCollectionManager., took 0 ms.
TpTrace Verbose: 0 : 21512, 16, 2024/07/03, 16:25:52.470, 130187873620, testhost.dll, MulticastDelegateUtilities.SafeInvoke: TestCaseEventsHandler.RaiseTestCaseEnd: Invoking callback 1/1 for Microsoft.VisualStudio.TestPlatform.CrossPlatEngine.DataCollection.ProxyOutOfProcDataCollectionManager., took 0 ms.
TpTrace Verbose: 0 : 21512, 16, 2024/07/03, 16:25:52.471, 130187874056, testhost.dll, TestExecutionRecorder.RecordEnd: test: P7CreateRestApi.Tests.BidListControllerTests.CreateBid_ShouldReturnCreated_WhenBidIsValid execution completed.
TpTrace Verbose: 0 : 21512, 16, 2024/07/03, 16:25:52.471, 130187874303, testhost.dll, TestExecutionRecorder.RecordStart: Starting test: P7CreateRestApi.Tests.BidListControllerTests.DeleteBid_ShouldReturnInternalServerError_WhenExceptionIsThrown.
TpTrace Verbose: 0 : 21512, 16, 2024/07/03, 16:25:52.471, 130187880871, testhost.dll, MulticastDelegateUtilities.SafeInvoke: TestCaseEventsHandler.RaiseTestCaseStart: Invoking callback 1/1 for Microsoft.VisualStudio.TestPlatform.CrossPlatEngine.DataCollection.ProxyOutOfProcDataCollectionManager., took 0 ms.
TpTrace Verbose: 0 : 21512, 16, 2024/07/03, 16:25:52.471, 130187881469, testhost.dll, TestExecutionRecorder.RecordResult: Received result for test: P7CreateRestApi.Tests.CurveControllerTests.GetAllCurvePoints_ShouldReturnInternalServerError_WhenExceptionIsThrown.
TpTrace Verbose: 0 : 21512, 16, 2024/07/03, 16:25:52.472, 130187888241, testhost.dll, MulticastDelegateUtilities.SafeInvoke: TestCaseEventsHandler.RaiseTestCaseEnd: Invoking callback 1/1 for Microsoft.VisualStudio.TestPlatform.CrossPlatEngine.DataCollection.ProxyOutOfProcDataCollectionManager., took 0 ms.
TpTrace Verbose: 0 : 21512, 16, 2024/07/03, 16:25:52.472, 130187888703, testhost.dll, MulticastDelegateUtilities.SafeInvoke: TestCaseEventsHandler.RaiseTestCaseEnd: Invoking callback 1/1 for Microsoft.VisualStudio.TestPlatform.CrossPlatEngine.DataCollection.ProxyOutOfProcDataCollectionManager., took 0 ms.
TpTrace Verbose: 0 : 21512, 16, 2024/07/03, 16:25:52.472, 130187888998, testhost.dll, TestExecutionRecorder.RecordEnd: test: P7CreateRestApi.Tests.CurveControllerTests.GetAllCurvePoints_ShouldReturnInternalServerError_WhenExceptionIsThrown execution completed.
TpTrace Verbose: 0 : 21512, 16, 2024/07/03, 16:25:52.472, 130187889222, testhost.dll, TestExecutionRecorder.RecordStart: Starting test: P7CreateRestApi.Tests.CurveControllerTests.CreateCurvePoint_ShouldReturnBadRequest_WhenCurvePointIsNull.
TpTrace Verbose: 0 : 21512, 16, 2024/07/03, 16:25:52.473, 130187896557, testhost.dll, MulticastDelegateUtilities.SafeInvoke: TestCaseEventsHandler.RaiseTestCaseStart: Invoking callback 1/1 for Microsoft.VisualStudio.TestPlatform.CrossPlatEngine.DataCollection.ProxyOutOfProcDataCollectionManager., took 0 ms.
TpTrace Verbose: 0 : 21512, 16, 2024/07/03, 16:25:52.473, 130187897288, testhost.dll, TestExecutionRecorder.RecordResult: Received result for test: P7CreateRestApi.Tests.CurveControllerTests.CreateCurvePoint_ShouldReturnBadRequest_WhenCurvePointIsNull.
TpTrace Verbose: 0 : 21512, 16, 2024/07/03, 16:25:52.473, 130187903874, testhost.dll, MulticastDelegateUtilities.SafeInvoke: TestCaseEventsHandler.RaiseTestCaseEnd: Invoking callback 1/1 for Microsoft.VisualStudio.TestPlatform.CrossPlatEngine.DataCollection.ProxyOutOfProcDataCollectionManager., took 0 ms.
TpTrace Verbose: 0 : 21512, 16, 2024/07/03, 16:25:52.474, 130187904363, testhost.dll, MulticastDelegateUtilities.SafeInvoke: TestCaseEventsHandler.RaiseTestCaseEnd: Invoking callback 1/1 for Microsoft.VisualStudio.TestPlatform.CrossPlatEngine.DataCollection.ProxyOutOfProcDataCollectionManager., took 0 ms.
TpTrace Verbose: 0 : 21512, 16, 2024/07/03, 16:25:52.474, 130187904679, testhost.dll, TestExecutionRecorder.RecordEnd: test: P7CreateRestApi.Tests.CurveControllerTests.CreateCurvePoint_ShouldReturnBadRequest_WhenCurvePointIsNull execution completed.
TpTrace Verbose: 0 : 21512, 16, 2024/07/03, 16:25:52.474, 130187904907, testhost.dll, TestExecutionRecorder.RecordStart: Starting test: P7CreateRestApi.Tests.CurveControllerTests.GetCurvePointById_ShouldReturnInternalServerError_WhenExceptionIsThrown.
TpTrace Verbose: 0 : 21512, 16, 2024/07/03, 16:25:52.474, 130187911378, testhost.dll, MulticastDelegateUtilities.SafeInvoke: TestCaseEventsHandler.RaiseTestCaseStart: Invoking callback 1/1 for Microsoft.VisualStudio.TestPlatform.CrossPlatEngine.DataCollection.ProxyOutOfProcDataCollectionManager., took 0 ms.
TpTrace Verbose: 0 : 21512, 16, 2024/07/03, 16:25:52.474, 130187911987, testhost.dll, TestExecutionRecorder.RecordResult: Received result for test: P7CreateRestApi.Tests.BidListControllerTests.DeleteBid_ShouldReturnInternalServerError_WhenExceptionIsThrown.
TpTrace Verbose: 0 : 21512, 16, 2024/07/03, 16:25:52.475, 130187918549, testhost.dll, MulticastDelegateUtilities.SafeInvoke: TestCaseEventsHandler.RaiseTestCaseEnd: Invoking callback 1/1 for Microsoft.VisualStudio.TestPlatform.CrossPlatEngine.DataCollection.ProxyOutOfProcDataCollectionManager., took 0 ms.
TpTrace Verbose: 0 : 21512, 16, 2024/07/03, 16:25:52.475, 130187919020, testhost.dll, MulticastDelegateUtilities.SafeInvoke: TestCaseEventsHandler.RaiseTestCaseEnd: Invoking callback 1/1 for Microsoft.VisualStudio.TestPlatform.CrossPlatEngine.DataCollection.ProxyOutOfProcDataCollectionManager., took 0 ms.
TpTrace Verbose: 0 : 21512, 16, 2024/07/03, 16:25:52.475, 130187919347, testhost.dll, TestExecutionRecorder.RecordEnd: test: P7CreateRestApi.Tests.BidListControllerTests.DeleteBid_ShouldReturnInternalServerError_WhenExceptionIsThrown execution completed.
TpTrace Verbose: 0 : 21512, 16, 2024/07/03, 16:25:52.475, 130187919573, testhost.dll, TestExecutionRecorder.RecordStart: Starting test: P7CreateRestApi.Tests.BidListControllerTests.UpdateBid_ShouldReturnNotFound_WhenBidDoesNotExist.
TpTrace Information: 0 : 21512, 16, 2024/07/03, 16:25:52.475, 130187920035, testhost.dll, Sending test run statistics
TpTrace Verbose: 0 : 21512, 16, 2024/07/03, 16:25:52.476, 130187928376, testhost.dll, TestRequestHandler.SendData: sending data from testhost: {"Version":7,"MessageType":"TestExecution.StatsChange","Payload":{"NewTestResults":[{"TestCase":{"Id":"baa7d328-c5e1-9359-c854-92e8c2cdb70d","FullyQualifiedName":"P7CreateRestApi.Tests.BidListControllerTests.DeleteBid_ShouldReturnNotFound_WhenBidDoesNotExist","DisplayName":"P7CreateRestApi.Tests.BidListControllerTests.DeleteBid_ShouldReturnNotFound_WhenBidDoesNotExist","ExecutorUri":"executor://xunit/VsTestRunner2/netcoreapp","Source":"C:\\Users\\brandon.ku\\source\\repos\\OCProjet7_Findexium\\P7CreateRestApi.Tests\\bin\\Debug\\net8.0\\fine-code-coverage\\build-output\\P7CreateRestApi.Tests.dll","CodeFilePath":null,"LineNumber":0,"Properties":[]},"Attachments":[],"Outcome":1,"ErrorMessage":null,"ErrorStackTrace":null,"DisplayName":"P7CreateRestApi.Tests.BidListControllerTests.DeleteBid_ShouldReturnNotFound_WhenBidDoesNotExist","Messages":[],"ComputerName":"PB22039","Duration":"00:00:00.0010177","StartTime":"2024-07-03T14:25:52.4633532+00:00","EndTime":"2024-07-03T14:25:52.4633533+00:00","Properties":[]},{"TestCase":{"Id":"0eeaa63f-dba6-fdda-c747-d7a89c4a95c8","FullyQualifiedName":"P7CreateRestApi.Tests.BidListControllerTests.GetBidById_ShouldReturnOk_WhenBidExists","DisplayName":"P7CreateRestApi.Tests.BidListControllerTests.GetBidById_ShouldReturnOk_WhenBidExists","ExecutorUri":"executor://xunit/VsTestRunner2/netcoreapp","Source":"C:\\Users\\brandon.ku\\source\\repos\\OCProjet7_Findexium\\P7CreateRestApi.Tests\\bin\\Debug\\net8.0\\fine-code-coverage\\build-output\\P7CreateRestApi.Tests.dll","CodeFilePath":null,"LineNumber":0,"Properties":[]},"Attachments":[],"Outcome":1,"ErrorMessage":null,"ErrorStackTrace":null,"DisplayName":"P7CreateRestApi.Tests.BidListControllerTests.GetBidById_ShouldReturnOk_WhenBidExists","Messages":[],"ComputerName":"PB22039","Duration":"00:00:00.0009103","StartTime":"2024-07-03T14:25:52.4655252+00:00","EndTime":"2024-07-03T14:25:52.4655253+00:00","Properties":[]},{"TestCase":{"Id":"167bc1b5-217f-abaa-253b-7016ac30ed08","FullyQualifiedName":"P7CreateRestApi.Tests.BidListControllerTests.GetBidById_ShouldReturnInternalServerError_WhenExceptionIsThrown","DisplayName":"P7CreateRestApi.Tests.BidListControllerTests.GetBidById_ShouldReturnInternalServerError_WhenExceptionIsThrown","ExecutorUri":"executor://xunit/VsTestRunner2/netcoreapp","Source":"C:\\Users\\brandon.ku\\source\\repos\\OCProjet7_Findexium\\P7CreateRestApi.Tests\\bin\\Debug\\net8.0\\fine-code-coverage\\build-output\\P7CreateRestApi.Tests.dll","CodeFilePath":null,"LineNumber":0,"Properties":[]},"Attachments":[],"Outcome":1,"ErrorMessage":null,"ErrorStackTrace":null,"DisplayName":"P7CreateRestApi.Tests.BidListControllerTests.GetBidById_ShouldReturnInternalServerError_WhenExceptionIsThrown","Messages":[],"ComputerName":"PB22039","Duration":"00:00:00.0006097","StartTime":"2024-07-03T14:25:52.4670814+00:00","EndTime":"2024-07-03T14:25:52.4670815+00:00","Properties":[]},{"TestCase":{"Id":"a1ca303c-dbfe-01e3-445a-b2746f60d716","FullyQualifiedName":"P7CreateRestApi.Tests.CurveControllerTests.CreateCurvePoint_ShouldReturnCreated_WhenCurvePointIsValid","DisplayName":"P7CreateRestApi.Tests.CurveControllerTests.CreateCurvePoint_ShouldReturnCreated_WhenCurvePointIsValid","ExecutorUri":"executor://xunit/VsTestRunner2/netcoreapp","Source":"C:\\Users\\brandon.ku\\source\\repos\\OCProjet7_Findexium\\P7CreateRestApi.Tests\\bin\\Debug\\net8.0\\fine-code-coverage\\build-output\\P7CreateRestApi.Tests.dll","CodeFilePath":null,"LineNumber":0,"Properties":[]},"Attachments":[],"Outcome":1,"ErrorMessage":null,"ErrorStackTrace":null,"DisplayName":"P7CreateRestApi.Tests.CurveControllerTests.CreateCurvePoint_ShouldReturnCreated_WhenCurvePointIsValid","Messages":[],"ComputerName":"PB22039","Duration":"00:00:00.0082988","StartTime":"2024-07-03T14:25:52.4687434+00:00","EndTime":"2024-07-03T14:25:52.4687435+00:00","Properties":[]},{"TestCase":{"Id":"70cd2c12-19b5-9143-0f3e-befbcf9abdd1","FullyQualifiedName":"P7CreateRestApi.Tests.BidListControllerTests.CreateBid_ShouldReturnCreated_WhenBidIsValid","DisplayName":"P7CreateRestApi.Tests.BidListControllerTests.CreateBid_ShouldReturnCreated_WhenBidIsValid","ExecutorUri":"executor://xunit/VsTestRunner2/netcoreapp","Source":"C:\\Users\\brandon.ku\\source\\repos\\OCProjet7_Findexium\\P7CreateRestApi.Tests\\bin\\Debug\\net8.0\\fine-code-coverage\\build-output\\P7CreateRestApi.Tests.dll","CodeFilePath":null,"LineNumber":0,"Properties":[]},"Attachments":[],"Outcome":1,"ErrorMessage":null,"ErrorStackTrace":null,"DisplayName":"P7CreateRestApi.Tests.BidListControllerTests.CreateBid_ShouldReturnCreated_WhenBidIsValid","Messages":[],"ComputerName":"PB22039","Duration":"00:00:00.0035333","StartTime":"2024-07-03T14:25:52.4702554+00:00","EndTime":"2024-07-03T14:25:52.4702555+00:00","Properties":[]},{"TestCase":{"Id":"a342305e-36ac-e63f-90b5-ccd74c773abb","FullyQualifiedName":"P7CreateRestApi.Tests.CurveControllerTests.GetAllCurvePoints_ShouldReturnInternalServerError_WhenExceptionIsThrown","DisplayName":"P7CreateRestApi.Tests.CurveControllerTests.GetAllCurvePoints_ShouldReturnInternalServerError_WhenExceptionIsThrown","ExecutorUri":"executor://xunit/VsTestRunner2/netcoreapp","Source":"C:\\Users\\brandon.ku\\source\\repos\\OCProjet7_Findexium\\P7CreateRestApi.Tests\\bin\\Debug\\net8.0\\fine-code-coverage\\build-output\\P7CreateRestApi.Tests.dll","CodeFilePath":null,"LineNumber":0,"Properties":[]},"Attachments":[],"Outcome":1,"ErrorMessage":null,"ErrorStackTrace":null,"DisplayName":"P7CreateRestApi.Tests.CurveControllerTests.GetAllCurvePoints_ShouldReturnInternalServerError_WhenExceptionIsThrown","Messages":[],"ComputerName":"PB22039","Duration":"00:00:00.0006082","StartTime":"2024-07-03T14:25:52.471738+00:00","EndTime":"2024-07-03T14:25:52.471738+00:00","Properties":[]},{"TestCase":{"Id":"8954d1d3-1f9b-4e6e-b610-98a33f188d0c","FullyQualifiedName":"P7CreateRestApi.Tests.CurveControllerTests.CreateCurvePoint_ShouldReturnBadRequest_WhenCurvePointIsNull","DisplayName":"P7CreateRestApi.Tests.CurveControllerTests.CreateCurvePoint_ShouldReturnBadRequest_WhenCurvePointIsNull","ExecutorUri":"executor://xunit/VsTestRunner2/netcoreapp","Source":"C:\\Users\\brandon.ku\\source\\repos\\OCProjet7_Findexium\\P7CreateRestApi.Tests\\bin\\Debug\\net8.0\\fine-code-coverage\\build-output\\P7CreateRestApi.Tests.dll","CodeFilePath":null,"LineNumber":0,"Properties":[]},"Attachments":[],"Outcome":1,"ErrorMessage":null,"ErrorStackTrace":null,"DisplayName":"P7CreateRestApi.Tests.CurveControllerTests.CreateCurvePoint_ShouldReturnBadRequest_WhenCurvePointIsNull","Messages":[],"ComputerName":"PB22039","Duration":"00:00:00.0003295","StartTime":"2024-07-03T14:25:52.4733196+00:00","EndTime":"2024-07-03T14:25:52.4733197+00:00","Properties":[]},{"TestCase":{"Id":"7e782ff1-bc2a-fbcb-ad62-e569e404c91b","FullyQualifiedName":"P7CreateRestApi.Tests.BidListControllerTests.DeleteBid_ShouldReturnInternalServerError_WhenExceptionIsThrown","DisplayName":"P7CreateRestApi.Tests.BidListControllerTests.DeleteBid_ShouldReturnInternalServerError_WhenExceptionIsThrown","ExecutorUri":"executor://xunit/VsTestRunner2/netcoreapp","Source":"C:\\Users\\brandon.ku\\source\\repos\\OCProjet7_Findexium\\P7CreateRestApi.Tests\\bin\\Debug\\net8.0\\fine-code-coverage\\build-output\\P7CreateRestApi.Tests.dll","CodeFilePath":null,"LineNumber":0,"Properties":[]},"Attachments":[],"Outcome":1,"ErrorMessage":null,"ErrorStackTrace":null,"DisplayName":"P7CreateRestApi.Tests.BidListControllerTests.DeleteBid_ShouldReturnInternalServerError_WhenExceptionIsThrown","Messages":[],"ComputerName":"PB22039","Duration":"00:00:00.0011080","StartTime":"2024-07-03T14:25:52.4747892+00:00","EndTime":"2024-07-03T14:25:52.4747894+00:00","Properties":[]}],"TestRunStatistics":{"ExecutedTests":16,"Stats":{"Passed":16}},"ActiveTests":[{"Id":"80c0d35d-724c-9422-f5e1-925e0f0f9560","FullyQualifiedName":"P7CreateRestApi.Tests.CurveControllerTests.GetCurvePointById_ShouldReturnInternalServerError_WhenExceptionIsThrown","DisplayName":"P7CreateRestApi.Tests.CurveControllerTests.GetCurvePointById_ShouldReturnInternalServerError_WhenExceptionIsThrown","ExecutorUri":"executor://xunit/VsTestRunner2/netcoreapp","Source":"C:\\Users\\brandon.ku\\source\\repos\\OCProjet7_Findexium\\P7CreateRestApi.Tests\\bin\\Debug\\net8.0\\fine-code-coverage\\build-output\\P7CreateRestApi.Tests.dll","CodeFilePath":null,"LineNumber":0,"Properties":[]},{"Id":"4fd1c301-834f-572b-a134-90de735a2217","FullyQualifiedName":"P7CreateRestApi.Tests.BidListControllerTests.UpdateBid_ShouldReturnNotFound_WhenBidDoesNotExist","DisplayName":"P7CreateRestApi.Tests.BidListControllerTests.UpdateBid_ShouldReturnNotFound_WhenBidDoesNotExist","ExecutorUri":"executor://xunit/VsTestRunner2/netcoreapp","Source":"C:\\Users\\brandon.ku\\source\\repos\\OCProjet7_Findexium\\P7CreateRestApi.Tests\\bin\\Debug\\net8.0\\fine-code-coverage\\build-output\\P7CreateRestApi.Tests.dll","CodeFilePath":null,"LineNumber":0,"Properties":[]}]}}
TpTrace Verbose: 0 : 21512, 16, 2024/07/03, 16:25:52.476, 130187929654, testhost.dll, TestRunCache: OnNewTestResult: Notified the onCacheHit callback.
TpTrace Verbose: 0 : 21512, 16, 2024/07/03, 16:25:52.477, 130187936693, testhost.dll, MulticastDelegateUtilities.SafeInvoke: TestCaseEventsHandler.RaiseTestCaseStart: Invoking callback 1/1 for Microsoft.VisualStudio.TestPlatform.CrossPlatEngine.DataCollection.ProxyOutOfProcDataCollectionManager., took 0 ms.
TpTrace Verbose: 0 : 21512, 16, 2024/07/03, 16:25:52.477, 130187937363, testhost.dll, TestExecutionRecorder.RecordResult: Received result for test: P7CreateRestApi.Tests.BidListControllerTests.UpdateBid_ShouldReturnNotFound_WhenBidDoesNotExist.
TpTrace Verbose: 0 : 21512, 16, 2024/07/03, 16:25:52.478, 130187945674, testhost.dll, MulticastDelegateUtilities.SafeInvoke: TestCaseEventsHandler.RaiseTestCaseEnd: Invoking callback 1/1 for Microsoft.VisualStudio.TestPlatform.CrossPlatEngine.DataCollection.ProxyOutOfProcDataCollectionManager., took 0 ms.
TpTrace Verbose: 0 : 21512, 16, 2024/07/03, 16:25:52.478, 130187946175, testhost.dll, MulticastDelegateUtilities.SafeInvoke: TestCaseEventsHandler.RaiseTestCaseEnd: Invoking callback 1/1 for Microsoft.VisualStudio.TestPlatform.CrossPlatEngine.DataCollection.ProxyOutOfProcDataCollectionManager., took 0 ms.
TpTrace Warning: 0 : 21512, 16, 2024/07/03, 16:25:52.478, 130187946390, testhost.dll, TestRunCache: InProgressTests is null
TpTrace Warning: 0 : 21512, 16, 2024/07/03, 16:25:52.478, 130187946529, testhost.dll, TestRunCache: No test found corresponding to testResult 'P7CreateRestApi.Tests.BidListControllerTests.UpdateBid_ShouldReturnNotFound_WhenBidDoesNotExist' in inProgress list.
TpTrace Verbose: 0 : 21512, 16, 2024/07/03, 16:25:52.478, 130187946798, testhost.dll, TestExecutionRecorder.RecordEnd: test: P7CreateRestApi.Tests.BidListControllerTests.UpdateBid_ShouldReturnNotFound_WhenBidDoesNotExist execution completed.
TpTrace Warning: 0 : 21512, 16, 2024/07/03, 16:25:52.478, 130187946931, testhost.dll, TestRunCache: InProgressTests is null
TpTrace Verbose: 0 : 21512, 16, 2024/07/03, 16:25:52.478, 130187947140, testhost.dll, TestExecutionRecorder.RecordStart: Starting test: P7CreateRestApi.Tests.BidListControllerTests.CreateBid_ShouldReturnInternalServerError_WhenExceptionIsThrown.
TpTrace Verbose: 0 : 21512, 16, 2024/07/03, 16:25:52.478, 130187954027, testhost.dll, MulticastDelegateUtilities.SafeInvoke: TestCaseEventsHandler.RaiseTestCaseStart: Invoking callback 1/1 for Microsoft.VisualStudio.TestPlatform.CrossPlatEngine.DataCollection.ProxyOutOfProcDataCollectionManager., took 0 ms.
TpTrace Verbose: 0 : 21512, 16, 2024/07/03, 16:25:52.479, 130187954659, testhost.dll, TestExecutionRecorder.RecordResult: Received result for test: P7CreateRestApi.Tests.CurveControllerTests.GetCurvePointById_ShouldReturnInternalServerError_WhenExceptionIsThrown.
TpTrace Verbose: 0 : 21512, 16, 2024/07/03, 16:25:52.479, 130187961235, testhost.dll, MulticastDelegateUtilities.SafeInvoke: TestCaseEventsHandler.RaiseTestCaseEnd: Invoking callback 1/1 for Microsoft.VisualStudio.TestPlatform.CrossPlatEngine.DataCollection.ProxyOutOfProcDataCollectionManager., took 0 ms.
TpTrace Verbose: 0 : 21512, 16, 2024/07/03, 16:25:52.479, 130187961721, testhost.dll, MulticastDelegateUtilities.SafeInvoke: TestCaseEventsHandler.RaiseTestCaseEnd: Invoking callback 1/1 for Microsoft.VisualStudio.TestPlatform.CrossPlatEngine.DataCollection.ProxyOutOfProcDataCollectionManager., took 0 ms.
TpTrace Warning: 0 : 21512, 16, 2024/07/03, 16:25:52.479, 130187961937, testhost.dll, TestRunCache: No test found corresponding to testResult 'P7CreateRestApi.Tests.CurveControllerTests.GetCurvePointById_ShouldReturnInternalServerError_WhenExceptionIsThrown' in inProgress list.
TpTrace Verbose: 0 : 21512, 16, 2024/07/03, 16:25:52.479, 130187962192, testhost.dll, TestExecutionRecorder.RecordEnd: test: P7CreateRestApi.Tests.CurveControllerTests.GetCurvePointById_ShouldReturnInternalServerError_WhenExceptionIsThrown execution completed.
TpTrace Verbose: 0 : 21512, 16, 2024/07/03, 16:25:52.479, 130187962445, testhost.dll, TestExecutionRecorder.RecordStart: Starting test: P7CreateRestApi.Tests.CurveControllerTests.GetCurvePointById_ShouldReturnOk_WhenCurvePointExists.
TpTrace Verbose: 0 : 21512, 16, 2024/07/03, 16:25:52.480, 130187969471, testhost.dll, MulticastDelegateUtilities.SafeInvoke: TestCaseEventsHandler.RaiseTestCaseStart: Invoking callback 1/1 for Microsoft.VisualStudio.TestPlatform.CrossPlatEngine.DataCollection.ProxyOutOfProcDataCollectionManager., took 0 ms.
TpTrace Verbose: 0 : 21512, 16, 2024/07/03, 16:25:52.480, 130187970076, testhost.dll, TestExecutionRecorder.RecordResult: Received result for test: P7CreateRestApi.Tests.BidListControllerTests.CreateBid_ShouldReturnInternalServerError_WhenExceptionIsThrown.
TpTrace Verbose: 0 : 21512, 16, 2024/07/03, 16:25:52.481, 130187975909, testhost.dll, MulticastDelegateUtilities.SafeInvoke: TestCaseEventsHandler.RaiseTestCaseEnd: Invoking callback 1/1 for Microsoft.VisualStudio.TestPlatform.CrossPlatEngine.DataCollection.ProxyOutOfProcDataCollectionManager., took 0 ms.
TpTrace Verbose: 0 : 21512, 16, 2024/07/03, 16:25:52.481, 130187976388, testhost.dll, MulticastDelegateUtilities.SafeInvoke: TestCaseEventsHandler.RaiseTestCaseEnd: Invoking callback 1/1 for Microsoft.VisualStudio.TestPlatform.CrossPlatEngine.DataCollection.ProxyOutOfProcDataCollectionManager., took 0 ms.
TpTrace Verbose: 0 : 21512, 16, 2024/07/03, 16:25:52.481, 130187977033, testhost.dll, TestExecutionRecorder.RecordEnd: test: P7CreateRestApi.Tests.BidListControllerTests.CreateBid_ShouldReturnInternalServerError_WhenExceptionIsThrown execution completed.
TpTrace Verbose: 0 : 21512, 16, 2024/07/03, 16:25:52.481, 130187977309, testhost.dll, TestExecutionRecorder.RecordStart: Starting test: P7CreateRestApi.Tests.BidListControllerTests.UpdateBid_ShouldReturnBadRequest_WhenBidIsNullOrIdMismatch.
TpTrace Verbose: 0 : 21512, 16, 2024/07/03, 16:25:52.481, 130187981999, testhost.dll, MulticastDelegateUtilities.SafeInvoke: TestCaseEventsHandler.RaiseTestCaseStart: Invoking callback 1/1 for Microsoft.VisualStudio.TestPlatform.CrossPlatEngine.DataCollection.ProxyOutOfProcDataCollectionManager., took 0 ms.
TpTrace Verbose: 0 : 21512, 16, 2024/07/03, 16:25:52.481, 130187982454, testhost.dll, TestExecutionRecorder.RecordResult: Received result for test: P7CreateRestApi.Tests.BidListControllerTests.UpdateBid_ShouldReturnBadRequest_WhenBidIsNullOrIdMismatch.
TpTrace Verbose: 0 : 21512, 16, 2024/07/03, 16:25:52.482, 130187987236, testhost.dll, MulticastDelegateUtilities.SafeInvoke: TestCaseEventsHandler.RaiseTestCaseEnd: Invoking callback 1/1 for Microsoft.VisualStudio.TestPlatform.CrossPlatEngine.DataCollection.ProxyOutOfProcDataCollectionManager., took 0 ms.
TpTrace Verbose: 0 : 21512, 16, 2024/07/03, 16:25:52.482, 130187987589, testhost.dll, MulticastDelegateUtilities.SafeInvoke: TestCaseEventsHandler.RaiseTestCaseEnd: Invoking callback 1/1 for Microsoft.VisualStudio.TestPlatform.CrossPlatEngine.DataCollection.ProxyOutOfProcDataCollectionManager., took 0 ms.
TpTrace Verbose: 0 : 21512, 16, 2024/07/03, 16:25:52.482, 130187987862, testhost.dll, TestExecutionRecorder.RecordEnd: test: P7CreateRestApi.Tests.BidListControllerTests.UpdateBid_ShouldReturnBadRequest_WhenBidIsNullOrIdMismatch execution completed.
TpTrace Verbose: 0 : 21512, 16, 2024/07/03, 16:25:52.482, 130187988491, testhost.dll, TestExecutionRecorder.RecordResult: Received result for test: P7CreateRestApi.Tests.CurveControllerTests.GetCurvePointById_ShouldReturnOk_WhenCurvePointExists.
TpTrace Verbose: 0 : 21512, 16, 2024/07/03, 16:25:52.483, 130187995844, testhost.dll, MulticastDelegateUtilities.SafeInvoke: TestCaseEventsHandler.RaiseTestCaseEnd: Invoking callback 1/1 for Microsoft.VisualStudio.TestPlatform.CrossPlatEngine.DataCollection.ProxyOutOfProcDataCollectionManager., took 0 ms.
TpTrace Verbose: 0 : 21512, 16, 2024/07/03, 16:25:52.483, 130187996338, testhost.dll, MulticastDelegateUtilities.SafeInvoke: TestCaseEventsHandler.RaiseTestCaseEnd: Invoking callback 1/1 for Microsoft.VisualStudio.TestPlatform.CrossPlatEngine.DataCollection.ProxyOutOfProcDataCollectionManager., took 0 ms.
TpTrace Verbose: 0 : 21512, 16, 2024/07/03, 16:25:52.483, 130187996903, testhost.dll, TestExecutionRecorder.RecordEnd: test: P7CreateRestApi.Tests.CurveControllerTests.GetCurvePointById_ShouldReturnOk_WhenCurvePointExists execution completed.
TpTrace Warning: 0 : 21512, 16, 2024/07/03, 16:25:52.483, 130187997124, testhost.dll, TestRunCache: InProgressTests is null
TpTrace Verbose: 0 : 21512, 16, 2024/07/03, 16:25:52.483, 130187997561, testhost.dll, TestExecutionRecorder.RecordStart: Starting test: P7CreateRestApi.Tests.CurveControllerTests.GetCurvePointById_ShouldReturnNotFound_WhenCurvePointDoesNotExist.
TpTrace Verbose: 0 : 21512, 16, 2024/07/03, 16:25:52.484, 130188006241, testhost.dll, MulticastDelegateUtilities.SafeInvoke: TestCaseEventsHandler.RaiseTestCaseStart: Invoking callback 1/1 for Microsoft.VisualStudio.TestPlatform.CrossPlatEngine.DataCollection.ProxyOutOfProcDataCollectionManager., took 0 ms.
TpTrace Verbose: 0 : 21512, 16, 2024/07/03, 16:25:52.484, 130188006898, testhost.dll, TestExecutionRecorder.RecordResult: Received result for test: P7CreateRestApi.Tests.CurveControllerTests.GetCurvePointById_ShouldReturnNotFound_WhenCurvePointDoesNotExist.
TpTrace Verbose: 0 : 21512, 16, 2024/07/03, 16:25:52.487, 130188043574, testhost.dll, MulticastDelegateUtilities.SafeInvoke: TestCaseEventsHandler.RaiseTestCaseEnd: Invoking callback 1/1 for Microsoft.VisualStudio.TestPlatform.CrossPlatEngine.DataCollection.ProxyOutOfProcDataCollectionManager., took 3 ms.
TpTrace Verbose: 0 : 21512, 16, 2024/07/03, 16:25:52.488, 130188044424, testhost.dll, MulticastDelegateUtilities.SafeInvoke: TestCaseEventsHandler.RaiseTestCaseEnd: Invoking callback 1/1 for Microsoft.VisualStudio.TestPlatform.CrossPlatEngine.DataCollection.ProxyOutOfProcDataCollectionManager., took 0 ms.
TpTrace Verbose: 0 : 21512, 16, 2024/07/03, 16:25:52.488, 130188045144, testhost.dll, TestExecutionRecorder.RecordEnd: test: P7CreateRestApi.Tests.CurveControllerTests.GetCurvePointById_ShouldReturnNotFound_WhenCurvePointDoesNotExist execution completed.
TpTrace Warning: 0 : 21512, 16, 2024/07/03, 16:25:52.488, 130188045421, testhost.dll, TestRunCache: InProgressTests is null
TpTrace Information: 0 : 21512, 4, 2024/07/03, 16:25:52.489, 130188056228, testhost.dll, [xUnit.net 00:00:00.36]   Finished:    P7CreateRestApi.Tests
TpTrace Verbose: 0 : 21512, 4, 2024/07/03, 16:25:52.489, 130188057396, testhost.dll, TestRequestHandler.SendData: sending data from testhost: {"Version":7,"MessageType":"TestSession.Message","Payload":{"MessageLevel":0,"Message":"[xUnit.net 00:00:00.36]   Finished:    P7CreateRestApi.Tests"}}
TpTrace Verbose: 0 : 21512, 4, 2024/07/03, 16:25:52.489, 130188058993, testhost.dll, MulticastDelegateUtilities.SafeInvoke: TestRunMessageLoggerProxy.SendMessage: Invoking callback 1/1 for Microsoft.VisualStudio.TestPlatform.CrossPlatEngine.Execution.RunTestsWithSources., took 0 ms.
TpTrace Verbose: 0 : 21512, 4, 2024/07/03, 16:25:52.491, 130188079684, testhost.dll, BaseRunTests.RunTestInternalWithExecutors: Completed running tests for executor://xunit/VsTestRunner2/netcoreapp
TpTrace Verbose: 0 : 21512, 4, 2024/07/03, 16:25:52.492, 130188088781, testhost.dll, MulticastDelegateUtilities.SafeInvoke: TestCaseEventsHandler.RaiseSessionEnd: Invoking callback 1/1 for Microsoft.VisualStudio.TestPlatform.CrossPlatEngine.DataCollection.ProxyOutOfProcDataCollectionManager., took 0 ms.
TpTrace Information: 0 : 21512, 4, 2024/07/03, 16:25:52.494, 130188110626, testhost.dll, Sending test run complete
TpTrace Verbose: 0 : 21512, 4, 2024/07/03, 16:25:52.502, 130188187751, testhost.dll, TestRequestHandler.SendData: sending data from testhost: {"Version":7,"MessageType":"TestExecution.Completed","Payload":{"TestRunCompleteArgs":{"TestRunStatistics":{"ExecutedTests":22,"Stats":{"Passed":22}},"IsCanceled":false,"IsAborted":false,"Error":null,"AttachmentSets":[],"InvokedDataCollectors":[],"ElapsedTimeInRunningTests":"00:00:00.3804138","Metrics":{},"DiscoveredExtensions":{"TestDiscoverers":["Xunit.Runner.VisualStudio.VsTestRunner, xunit.runner.visualstudio.dotnetcore.testadapter, Version=2.5.0.0, Culture=neutral, PublicKeyToken=null","Xunit.Runner.VisualStudio.VsTestRunner, xunit.runner.visualstudio.testadapter, Version=2.8.1.0, Culture=neutral, PublicKeyToken=null"],"TestExecutors":["executor://xunit/VsTestRunner2/netcoreapp"],"TestExecutors2":[],"TestSettingsProviders":[]}},"LastRunTests":{"NewTestResults":[{"TestCase":{"Id":"4fd1c301-834f-572b-a134-90de735a2217","FullyQualifiedName":"P7CreateRestApi.Tests.BidListControllerTests.UpdateBid_ShouldReturnNotFound_WhenBidDoesNotExist","DisplayName":"P7CreateRestApi.Tests.BidListControllerTests.UpdateBid_ShouldReturnNotFound_WhenBidDoesNotExist","ExecutorUri":"executor://xunit/VsTestRunner2/netcoreapp","Source":"C:\\Users\\brandon.ku\\source\\repos\\OCProjet7_Findexium\\P7CreateRestApi.Tests\\bin\\Debug\\net8.0\\fine-code-coverage\\build-output\\P7CreateRestApi.Tests.dll","CodeFilePath":null,"LineNumber":0,"Properties":[]},"Attachments":[],"Outcome":1,"ErrorMessage":null,"ErrorStackTrace":null,"DisplayName":"P7CreateRestApi.Tests.BidListControllerTests.UpdateBid_ShouldReturnNotFound_WhenBidDoesNotExist","Messages":[],"ComputerName":"PB22039","Duration":"00:00:00.0004571","StartTime":"2024-07-03T14:25:52.4773262+00:00","EndTime":"2024-07-03T14:25:52.4773262+00:00","Properties":[]},{"TestCase":{"Id":"80c0d35d-724c-9422-f5e1-925e0f0f9560","FullyQualifiedName":"P7CreateRestApi.Tests.CurveControllerTests.GetCurvePointById_ShouldReturnInternalServerError_WhenExceptionIsThrown","DisplayName":"P7CreateRestApi.Tests.CurveControllerTests.GetCurvePointById_ShouldReturnInternalServerError_WhenExceptionIsThrown","ExecutorUri":"executor://xunit/VsTestRunner2/netcoreapp","Source":"C:\\Users\\brandon.ku\\source\\repos\\OCProjet7_Findexium\\P7CreateRestApi.Tests\\bin\\Debug\\net8.0\\fine-code-coverage\\build-output\\P7CreateRestApi.Tests.dll","CodeFilePath":null,"LineNumber":0,"Properties":[]},"Attachments":[],"Outcome":1,"ErrorMessage":null,"ErrorStackTrace":null,"DisplayName":"P7CreateRestApi.Tests.CurveControllerTests.GetCurvePointById_ShouldReturnInternalServerError_WhenExceptionIsThrown","Messages":[],"ComputerName":"PB22039","Duration":"00:00:00.0010046","StartTime":"2024-07-03T14:25:52.4790566+00:00","EndTime":"2024-07-03T14:25:52.4790567+00:00","Properties":[]},{"TestCase":{"Id":"7d3d9f83-b960-c84c-419e-08056b867878","FullyQualifiedName":"P7CreateRestApi.Tests.BidListControllerTests.CreateBid_ShouldReturnInternalServerError_WhenExceptionIsThrown","DisplayName":"P7CreateRestApi.Tests.BidListControllerTests.CreateBid_ShouldReturnInternalServerError_WhenExceptionIsThrown","ExecutorUri":"executor://xunit/VsTestRunner2/netcoreapp","Source":"C:\\Users\\brandon.ku\\source\\repos\\OCProjet7_Findexium\\P7CreateRestApi.Tests\\bin\\Debug\\net8.0\\fine-code-coverage\\build-output\\P7CreateRestApi.Tests.dll","CodeFilePath":null,"LineNumber":0,"Properties":[]},"Attachments":[],"Outcome":1,"ErrorMessage":null,"ErrorStackTrace":null,"DisplayName":"P7CreateRestApi.Tests.BidListControllerTests.CreateBid_ShouldReturnInternalServerError_WhenExceptionIsThrown","Messages":[],"ComputerName":"PB22039","Duration":"00:00:00.0008799","StartTime":"2024-07-03T14:25:52.4805984+00:00","EndTime":"2024-07-03T14:25:52.4805984+00:00","Properties":[]},{"TestCase":{"Id":"45e54721-1dbf-1b53-6f16-0251de6b2e1f","FullyQualifiedName":"P7CreateRestApi.Tests.BidListControllerTests.UpdateBid_ShouldReturnBadRequest_WhenBidIsNullOrIdMismatch","DisplayName":"P7CreateRestApi.Tests.BidListControllerTests.UpdateBid_ShouldReturnBadRequest_WhenBidIsNullOrIdMismatch","ExecutorUri":"executor://xunit/VsTestRunner2/netcoreapp","Source":"C:\\Users\\brandon.ku\\source\\repos\\OCProjet7_Findexium\\P7CreateRestApi.Tests\\bin\\Debug\\net8.0\\fine-code-coverage\\build-output\\P7CreateRestApi.Tests.dll","CodeFilePath":null,"LineNumber":0,"Properties":[]},"Attachments":[],"Outcome":1,"ErrorMessage":null,"ErrorStackTrace":null,"DisplayName":"P7CreateRestApi.Tests.BidListControllerTests.UpdateBid_ShouldReturnBadRequest_WhenBidIsNullOrIdMismatch","Messages":[],"ComputerName":"PB22039","Duration":"00:00:00.0003946","StartTime":"2024-07-03T14:25:52.4818372+00:00","EndTime":"2024-07-03T14:25:52.4818373+00:00","Properties":[]},{"TestCase":{"Id":"43ad2954-1427-403a-982e-02d035cc5056","FullyQualifiedName":"P7CreateRestApi.Tests.CurveControllerTests.GetCurvePointById_ShouldReturnOk_WhenCurvePointExists","DisplayName":"P7CreateRestApi.Tests.CurveControllerTests.GetCurvePointById_ShouldReturnOk_WhenCurvePointExists","ExecutorUri":"executor://xunit/VsTestRunner2/netcoreapp","Source":"C:\\Users\\brandon.ku\\source\\repos\\OCProjet7_Findexium\\P7CreateRestApi.Tests\\bin\\Debug\\net8.0\\fine-code-coverage\\build-output\\P7CreateRestApi.Tests.dll","CodeFilePath":null,"LineNumber":0,"Properties":[]},"Attachments":[],"Outcome":1,"ErrorMessage":null,"ErrorStackTrace":null,"DisplayName":"P7CreateRestApi.Tests.CurveControllerTests.GetCurvePointById_ShouldReturnOk_WhenCurvePointExists","Messages":[],"ComputerName":"PB22039","Duration":"00:00:00.0035111","StartTime":"2024-07-03T14:25:52.4824411+00:00","EndTime":"2024-07-03T14:25:52.4824412+00:00","Properties":[]},{"TestCase":{"Id":"2c08be2e-5f1c-5e40-3858-1b034da14d4d","FullyQualifiedName":"P7CreateRestApi.Tests.CurveControllerTests.GetCurvePointById_ShouldReturnNotFound_WhenCurvePointDoesNotExist","DisplayName":"P7CreateRestApi.Tests.CurveControllerTests.GetCurvePointById_ShouldReturnNotFound_WhenCurvePointDoesNotExist","ExecutorUri":"executor://xunit/VsTestRunner2/netcoreapp","Source":"C:\\Users\\brandon.ku\\source\\repos\\OCProjet7_Findexium\\P7CreateRestApi.Tests\\bin\\Debug\\net8.0\\fine-code-coverage\\build-output\\P7CreateRestApi.Tests.dll","CodeFilePath":null,"LineNumber":0,"Properties":[]},"Attachments":[],"Outcome":1,"ErrorMessage":null,"ErrorStackTrace":null,"DisplayName":"P7CreateRestApi.Tests.CurveControllerTests.GetCurvePointById_ShouldReturnNotFound_WhenCurvePointDoesNotExist","Messages":[],"ComputerName":"PB22039","Duration":"00:00:00.0005089","StartTime":"2024-07-03T14:25:52.4842804+00:00","EndTime":"2024-07-03T14:25:52.4842805+00:00","Properties":[]}],"TestRunStatistics":{"ExecutedTests":22,"Stats":{"Passed":22}},"ActiveTests":[]},"RunAttachments":[],"ExecutorUris":["executor://xunit/VsTestRunner2/netcoreapp"]}}
TpTrace Verbose: 0 : 21512, 4, 2024/07/03, 16:25:52.502, 130188191115, testhost.dll, BaseRunTests.RunTests: Run is complete.
TpTrace Verbose: 0 : 21512, 7, 2024/07/03, 16:25:52.503, 130188194895, testhost.dll, TcpClientExtensions.MessageLoopAsync: NotifyDataAvailable remoteEndPoint: [::ffff:127.0.0.1]:56547 localEndPoint: [::ffff:127.0.0.1]:56548
TpTrace Information: 0 : 21512, 7, 2024/07/03, 16:25:52.503, 130188195545, testhost.dll, TestRequestHandler.OnMessageReceived: received message: (TestSession.Terminate) -> {"MessageType":"TestSession.Terminate","Payload":null}
TpTrace Information: 0 : 21512, 7, 2024/07/03, 16:25:52.503, 130188195928, testhost.dll, Session End message received from server. Closing the connection.
TpTrace Information: 0 : 21512, 7, 2024/07/03, 16:25:52.503, 130188198931, testhost.dll, SocketClient.Stop: Stop communication from server endpoint: 127.0.0.1:056547
TpTrace Information: 0 : 21512, 7, 2024/07/03, 16:25:52.503, 130188199270, testhost.dll, SocketClient: Stop: Cancellation requested. Stopping message loop.
TpTrace Verbose: 0 : 21512, 7, 2024/07/03, 16:25:52.503, 130188200146, testhost.dll, LengthPrefixCommunicationChannel.Dispose: Dispose reader and writer.
TpTrace Information: 0 : 21512, 7, 2024/07/03, 16:25:52.503, 130188200630, testhost.dll, Closing the connection !
TpTrace Verbose: 0 : 21512, 7, 2024/07/03, 16:25:52.503, 130188200854, testhost.dll, MulticastDelegateUtilities.SafeInvoke: LengthPrefixCommunicationChannel: MessageReceived: Invoking callback 1/1 for Microsoft.VisualStudio.TestPlatform.CommunicationUtilities.TestRequestHandler., took 0 ms.
TpTrace Information: 0 : 21512, 7, 2024/07/03, 16:25:52.503, 130188202384, testhost.dll, SocketClient.PrivateStop: Stop communication from server endpoint: 127.0.0.1:056547, error:
TpTrace Information: 0 : 21512, 1, 2024/07/03, 16:25:52.503, 130188202792, testhost.dll, Closing the connection!
TpTrace Verbose: 0 : 21512, 7, 2024/07/03, 16:25:52.503, 130188203693, testhost.dll, LengthPrefixCommunicationChannel.Dispose: Dispose reader and writer.
TpTrace Verbose: 0 : 21512, 7, 2024/07/03, 16:25:52.503, 130188203952, testhost.dll, TcpClientExtensions.MessageLoopAsync: exiting MessageLoopAsync remoteEndPoint: [::ffff:127.0.0.1]:56547 localEndPoint: [::ffff:127.0.0.1]:56548
TpTrace Information: 0 : 21512, 1, 2024/07/03, 16:25:52.503, 130188203944, testhost.dll, Testhost process exiting.
