TpTrace Verbose: 0 : 9192, 1, 2024/07/03, 21:03:05.036, 296514322198, testhost.dll, Version: 17.8.0 Current process architecture: X64
TpTrace Verbose: 0 : 9192, 1, 2024/07/03, 21:03:05.040, 296514367824, testhost.dll, Runtime location: C:\Program Files\dotnet\shared\Microsoft.NETCore.App\8.0.6
TpTrace Information: 0 : 9192, 1, 2024/07/03, 21:03:05.043, 296514392580, testhost.dll, DefaultEngineInvoker.Invoke: Testhost process started with args :[--port, 65441],[--endpoint, 127.0.0.1:065441],[--role, client],[--parentprocessid, 1196],[--diag, C:\Users\brandon.ku\source\repos\OCProjet7_Findexium\P7CreateRestApi.Tests\bin\Debug\net8.0\fine-code-coverage\coverage-tool-output\diagnostics.host.24-07-03_21-03-04_47343_5.log],[--tracelevel, 4],[--datacollectionport, 65440],[--telemetryoptedin, false]
TpTrace Information: 0 : 9192, 1, 2024/07/03, 21:03:05.043, 296514397482, testhost.dll, Setting up debug trace listener.
TpTrace Verbose: 0 : 9192, 1, 2024/07/03, 21:03:05.043, 296514398965, testhost.dll, TestPlatformTraceListener.Setup: Replacing listener System.Diagnostics.DefaultTraceListener with TestHostTraceListener.
TpTrace Verbose: 0 : 9192, 1, 2024/07/03, 21:03:05.043, 296514399787, testhost.dll, TestPlatformTraceListener.Setup: Added test platform trace listener.
TpTrace Information: 0 : 9192, 1, 2024/07/03, 21:03:05.044, 296514402480, testhost.dll, DefaultEngineInvoker.SetParentProcessExitCallback: Monitoring parent process with id: '1196'
TpTrace Information: 0 : 9192, 1, 2024/07/03, 21:03:05.052, 296514488388, testhost.dll, DefaultEngineInvoker.GetConnectionInfo: Initialize communication on endpoint address: '127.0.0.1:065441'
TpTrace Information: 0 : 9192, 1, 2024/07/03, 21:03:05.076, 296514730960, testhost.dll, SocketClient.Start: connecting to server endpoint: 127.0.0.1:065441
TpTrace Information: 0 : 9192, 7, 2024/07/03, 21:03:05.091, 296514878759, testhost.dll, SocketClient.OnServerConnected: connected to server endpoint: 127.0.0.1:065441
TpTrace Verbose: 0 : 9192, 7, 2024/07/03, 21:03:05.093, 296514893231, testhost.dll, MulticastDelegateUtilities.SafeInvoke: SocketClient: ServerConnected: Invoking callback 1/1 for Microsoft.VisualStudio.TestPlatform.CommunicationUtilities.TestRequestHandler., took 0 ms.
TpTrace Verbose: 0 : 9192, 7, 2024/07/03, 21:03:05.093, 296514893793, testhost.dll, Connected to server, and starting MessageLoopAsync
TpTrace Information: 0 : 9192, 1, 2024/07/03, 21:03:05.093, 296514894300, testhost.dll, DefaultEngineInvoker.ConnectToDatacollector: Connecting to datacollector, port: 65440
TpTrace Information: 0 : 9192, 1, 2024/07/03, 21:03:05.093, 296514901297, testhost.dll, Trying to connect to server on socket : 127.0.0.1:65440 
TpTrace Verbose: 0 : 9192, 1, 2024/07/03, 21:03:05.094, 296514903527, testhost.dll, SocketCommunicationManager : SetupClientAsync : Attempting to connect to the server.
TpTrace Information: 0 : 9192, 11, 2024/07/03, 21:03:05.096, 296514923277, testhost.dll, Connected to the server successfully 
TpTrace Information: 0 : 9192, 11, 2024/07/03, 21:03:05.096, 296514924598, testhost.dll, Using the buffer size of 16384 bytes
TpTrace Verbose: 0 : 9192, 1, 2024/07/03, 21:03:05.096, 296514925315, testhost.dll, SocketCommunicationManager.WaitForServerConnection took: 0 ms, with 90000 ms timeout, and finished with True.
TpTrace Information: 0 : 9192, 1, 2024/07/03, 21:03:05.096, 296514926892, testhost.dll, DefaultEngineInvoker.Invoke: Start Request Processing.
TpTrace Information: 0 : 9192, 12, 2024/07/03, 21:03:05.097, 296514933382, testhost.dll, DefaultEngineInvoker.StartProcessingAsync: Connected to vstest.console, Starting process requests.
TpTrace Verbose: 0 : 9192, 9, 2024/07/03, 21:03:05.099, 296514951904, testhost.dll, TcpClientExtensions.MessageLoopAsync: Polling on remoteEndPoint: [::ffff:127.0.0.1]:65441 localEndPoint: [::ffff:127.0.0.1]:65442
TpTrace Verbose: 0 : 9192, 9, 2024/07/03, 21:03:05.099, 296514953180, testhost.dll, TcpClientExtensions.MessageLoopAsync: NotifyDataAvailable remoteEndPoint: [::ffff:127.0.0.1]:65441 localEndPoint: [::ffff:127.0.0.1]:65442
TpTrace Information: 0 : 9192, 9, 2024/07/03, 21:03:05.101, 296514980951, testhost.dll, TestRequestHandler.OnMessageReceived: received message: (ProtocolVersion) -> {"MessageType":"ProtocolVersion","Payload":7}
TpTrace Verbose: 0 : 9192, 9, 2024/07/03, 21:03:05.266, 296516626135, testhost.dll, TestRequestHandler.SendData: sending data from testhost: {"Version":7,"MessageType":"TestSession.Message","Payload":{"MessageLevel":0,"Message":"Journalisation des diagnostics TestHost dans le fichier : C:\\Users\\brandon.ku\\source\\repos\\OCProjet7_Findexium\\P7CreateRestApi.Tests\\bin\\Debug\\net8.0\\fine-code-coverage\\coverage-tool-output\\diagnostics.host.24-07-03_21-03-04_47343_5.log"}}
TpTrace Verbose: 0 : 9192, 9, 2024/07/03, 21:03:05.266, 296516629034, testhost.dll, MulticastDelegateUtilities.SafeInvoke: LengthPrefixCommunicationChannel: MessageReceived: Invoking callback 1/1 for Microsoft.VisualStudio.TestPlatform.CommunicationUtilities.TestRequestHandler., took 167 ms.
TpTrace Verbose: 0 : 9192, 9, 2024/07/03, 21:03:05.266, 296516629428, testhost.dll, TcpClientExtensions.MessageLoopAsync: Polling on remoteEndPoint: [::ffff:127.0.0.1]:65441 localEndPoint: [::ffff:127.0.0.1]:65442
TpTrace Verbose: 0 : 9192, 9, 2024/07/03, 21:03:05.266, 296516629727, testhost.dll, TcpClientExtensions.MessageLoopAsync: NotifyDataAvailable remoteEndPoint: [::ffff:127.0.0.1]:65441 localEndPoint: [::ffff:127.0.0.1]:65442
TpTrace Information: 0 : 9192, 9, 2024/07/03, 21:03:05.267, 296516632988, testhost.dll, TestRequestHandler.OnMessageReceived: received message: (TestExecution.Initialize) -> {"Version":7,"MessageType":"TestExecution.Initialize","Payload":["C:\\Users\\brandon.ku\\source\\repos\\OCProjet7_Findexium\\P7CreateRestApi.Tests\\bin\\Debug\\net8.0\\fine-code-coverage\\build-output\\xunit.runner.visualstudio.dotnetcore.testadapter.dll","C:\\Users\\brandon.ku\\source\\repos\\OCProjet7_Findexium\\P7CreateRestApi.Tests\\bin\\Debug\\net8.0\\fine-code-coverage\\build-output\\xunit.runner.visualstudio.testadapter.dll"]}
TpTrace Verbose: 0 : 9192, 9, 2024/07/03, 21:03:05.275, 296516712696, testhost.dll, MulticastDelegateUtilities.SafeInvoke: LengthPrefixCommunicationChannel: MessageReceived: Invoking callback 1/1 for Microsoft.VisualStudio.TestPlatform.CommunicationUtilities.TestRequestHandler., took 8 ms.
TpTrace Verbose: 0 : 9192, 9, 2024/07/03, 21:03:05.275, 296516714552, testhost.dll, TcpClientExtensions.MessageLoopAsync: Polling on remoteEndPoint: [::ffff:127.0.0.1]:65441 localEndPoint: [::ffff:127.0.0.1]:65442
TpTrace Verbose: 0 : 9192, 9, 2024/07/03, 21:03:05.275, 296516715364, testhost.dll, TcpClientExtensions.MessageLoopAsync: NotifyDataAvailable remoteEndPoint: [::ffff:127.0.0.1]:65441 localEndPoint: [::ffff:127.0.0.1]:65442
TpTrace Information: 0 : 9192, 9, 2024/07/03, 21:03:05.275, 296516717036, testhost.dll, TestRequestHandler.OnMessageReceived: received message: (TestExecution.StartWithSources) -> {"Version":7,"MessageType":"TestExecution.StartWithSources","Payload":{"AdapterSourceMap":{"_none_":["C:\\Users\\brandon.ku\\source\\repos\\OCProjet7_Findexium\\P7CreateRestApi.Tests\\bin\\Debug\\net8.0\\fine-code-coverage\\build-output\\P7CreateRestApi.Tests.dll"]},"RunSettings":"<RunSettings>\r\n  <RunConfiguration>\r\n    <ResultsDirectory>C:\\Users\\brandon.ku\\source\\repos\\OCProjet7_Findexium\\P7CreateRestApi.Tests\\bin\\Debug\\net8.0\\fine-code-coverage\\coverage-tool-output</ResultsDirectory>\r\n    <TargetFrameworkVersion>.NETCoreApp,Version=v8.0</TargetFrameworkVersion>\r\n    <DesignMode>False</DesignMode>\r\n    <CollectSourceInformation>False</CollectSourceInformation>\r\n  </RunConfiguration>\r\n  <LoggerRunSettings>\r\n    <Loggers>\r\n      <Logger friendlyName=\"blame\" enabled=\"True\" />\r\n      <Logger friendlyName=\"Console\" uri=\"logger://microsoft/TestPlatform/ConsoleLogger/v1\" assemblyQualifiedName=\"Microsoft.VisualStudio.TestPlatform.CommandLine.Internal.ConsoleLogger, vstest.console, Version=15.0.0.0, Culture=neutral, PublicKeyToken=b03f5f7f11d50a3a\" codeBase=\"C:\\Program Files\\dotnet\\sdk\\8.0.302\\vstest.console.dll\" enabled=\"True\" />\r\n    </Loggers>\r\n  </LoggerRunSettings>\r\n  <DataCollectionRunSettings>\r\n    <DataCollectors>\r\n      <DataCollector friendlyName=\"blame\" enabled=\"True\">\r\n        <Configuration>\r\n          <ResultsDirectory>C:\\Users\\brandon.ku\\source\\repos\\OCProjet7_Findexium\\P7CreateRestApi.Tests\\bin\\Debug\\net8.0\\fine-code-coverage\\coverage-tool-output</ResultsDirectory>\r\n        </Configuration>\r\n      </DataCollector>\r\n    </DataCollectors>\r\n  </DataCollectionRunSettings>\r\n</RunSettings>","TestExecutionContext":{"FrequencyOfRunStatsChangeEvent":10,"RunStatsChangeEventTimeout":"00:00:01.5000000","InIsolation":false,"KeepAlive":false,"AreTestCaseLevelEventsRequired":false,"IsDebug":false,"TestCaseFilter":null,"FilterOptions":null},"Package":null}}
TpTrace Information: 0 : 9192, 4, 2024/07/03, 21:03:05.275, 296516718304, testhost.dll, TestRequestHandler.OnMessageReceived: Running job 'TestExecution.Initialize'.
TpTrace Verbose: 0 : 9192, 4, 2024/07/03, 21:03:05.277, 296516737164, testhost.dll, TestExecutorService: Loading the extensions
TpTrace Verbose: 0 : 9192, 4, 2024/07/03, 21:03:05.278, 296516750475, testhost.dll, TestPluginCache.DiscoverTestExtensions: finding test extensions in assemblies ends with: TestAdapter.dll TPluginInfo: Microsoft.VisualStudio.TestPlatform.Common.ExtensionFramework.Utilities.TestExecutorPluginInformation TExtension: Microsoft.VisualStudio.TestPlatform.ObjectModel.Adapter.ITestExecutor
TpTrace Verbose: 0 : 9192, 4, 2024/07/03, 21:03:05.284, 296516805598, testhost.dll, TestPluginCache.GetExtensionPaths: Filtered extension paths: 
TpTrace Verbose: 0 : 9192, 4, 2024/07/03, 21:03:05.284, 296516808849, testhost.dll, TestPluginCache.GetExtensionPaths: Added default extension paths: C:\Users\brandon.ku\source\repos\OCProjet7_Findexium\P7CreateRestApi.Tests\bin\Debug\net8.0\fine-code-coverage\build-output\xunit.runner.visualstudio.dotnetcore.testadapter.dll
C:\Users\brandon.ku\source\repos\OCProjet7_Findexium\P7CreateRestApi.Tests\bin\Debug\net8.0\fine-code-coverage\build-output\xunit.runner.visualstudio.testadapter.dll
TpTrace Verbose: 0 : 9192, 4, 2024/07/03, 21:03:05.284, 296516809539, testhost.dll, TestPluginCache.GetExtensionPaths: Added unfilterableExtensionPaths: 
TpTrace Information: 0 : 9192, 4, 2024/07/03, 21:03:05.286, 296516822712, testhost.dll, AssemblyResolver.ctor: Creating AssemblyResolver with searchDirectories C:\Users\brandon.ku\source\repos\OCProjet7_Findexium\P7CreateRestApi.Tests\bin\Debug\net8.0\fine-code-coverage\build-output
TpTrace Verbose: 0 : 9192, 4, 2024/07/03, 21:03:05.290, 296516863236, testhost.dll, TestPluginCache.DiscoverTestExtensions: Discovering the extensions using extension path.
TpTrace Verbose: 0 : 9192, 4, 2024/07/03, 21:03:05.290, 296516865022, testhost.dll, TestPluginCache.GetExtensionPaths: Filtered extension paths: 
TpTrace Verbose: 0 : 9192, 4, 2024/07/03, 21:03:05.290, 296516865359, testhost.dll, TestPluginCache.GetExtensionPaths: Added default extension paths: C:\Users\brandon.ku\source\repos\OCProjet7_Findexium\P7CreateRestApi.Tests\bin\Debug\net8.0\fine-code-coverage\build-output\xunit.runner.visualstudio.dotnetcore.testadapter.dll
C:\Users\brandon.ku\source\repos\OCProjet7_Findexium\P7CreateRestApi.Tests\bin\Debug\net8.0\fine-code-coverage\build-output\xunit.runner.visualstudio.testadapter.dll
TpTrace Verbose: 0 : 9192, 4, 2024/07/03, 21:03:05.290, 296516866017, testhost.dll, TestPluginCache.GetExtensionPaths: Added unfilterableExtensionPaths: 
TpTrace Verbose: 0 : 9192, 4, 2024/07/03, 21:03:05.290, 296516866574, testhost.dll, TestPluginCache.DiscoverTestExtensions: Discovering the extensions using allExtensionPaths: C:\Users\brandon.ku\source\repos\OCProjet7_Findexium\P7CreateRestApi.Tests\bin\Debug\net8.0\fine-code-coverage\build-output\xunit.runner.visualstudio.dotnetcore.testadapter.dll
C:\Users\brandon.ku\source\repos\OCProjet7_Findexium\P7CreateRestApi.Tests\bin\Debug\net8.0\fine-code-coverage\build-output\xunit.runner.visualstudio.testadapter.dll
TpTrace Information: 0 : 9192, 4, 2024/07/03, 21:03:05.291, 296516874479, testhost.dll, AssemblyResolver.AddSearchDirectories: Adding more searchDirectories C:\Users\brandon.ku\source\repos\OCProjet7_Findexium\P7CreateRestApi.Tests\bin\Debug\net8.0\fine-code-coverage\build-output
TpTrace Information: 0 : 9192, 4, 2024/07/03, 21:03:05.291, 296516875871, testhost.dll, AssemblyResolver.AddSearchDirectories: Adding more searchDirectories C:\Users\brandon.ku\source\repos\OCProjet7_Findexium\P7CreateRestApi.Tests\bin\Debug\net8.0\fine-code-coverage\build-output
TpTrace Information: 0 : 9192, 4, 2024/07/03, 21:03:05.293, 296516900365, testhost.dll, AssemblyResolver.OnResolve: xunit.runner.visualstudio.dotnetcore.testadapter: Resolving assembly.
TpTrace Information: 0 : 9192, 4, 2024/07/03, 21:03:05.294, 296516901911, testhost.dll, AssemblyResolver.OnResolve: xunit.runner.visualstudio.dotnetcore.testadapter: Searching in: 'C:\Users\brandon.ku\source\repos\OCProjet7_Findexium\P7CreateRestApi.Tests\bin\Debug\net8.0\fine-code-coverage\build-output'.
TpTrace Verbose: 0 : 9192, 9, 2024/07/03, 21:03:05.303, 296516995336, testhost.dll, MulticastDelegateUtilities.SafeInvoke: LengthPrefixCommunicationChannel: MessageReceived: Invoking callback 1/1 for Microsoft.VisualStudio.TestPlatform.CommunicationUtilities.TestRequestHandler., took 27 ms.
TpTrace Verbose: 0 : 9192, 9, 2024/07/03, 21:03:05.303, 296516996467, testhost.dll, TcpClientExtensions.MessageLoopAsync: Polling on remoteEndPoint: [::ffff:127.0.0.1]:65441 localEndPoint: [::ffff:127.0.0.1]:65442
TpTrace Information: 0 : 9192, 4, 2024/07/03, 21:03:05.317, 296517132099, testhost.dll, AssemblyResolver.OnResolve: xunit.runner.visualstudio.dotnetcore.testadapter: Loading assembly 'C:\Users\brandon.ku\source\repos\OCProjet7_Findexium\P7CreateRestApi.Tests\bin\Debug\net8.0\fine-code-coverage\build-output\xunit.runner.visualstudio.dotnetcore.testadapter.dll'.
TpTrace Information: 0 : 9192, 4, 2024/07/03, 21:03:05.319, 296517155211, testhost.dll, AssemblyResolver.OnResolve: Resolved assembly: xunit.runner.visualstudio.dotnetcore.testadapter, from path: C:\Users\brandon.ku\source\repos\OCProjet7_Findexium\P7CreateRestApi.Tests\bin\Debug\net8.0\fine-code-coverage\build-output\xunit.runner.visualstudio.dotnetcore.testadapter.dll
TpTrace Verbose: 0 : 9192, 4, 2024/07/03, 21:03:05.332, 296517285703, testhost.dll, MetadataReaderExtensionsHelper: Discovering extensions inside assembly 'xunit.runner.visualstudio.dotnetcore.testadapter, Version=2.5.0.0, Culture=neutral, PublicKeyToken=null' file path 'C:\Users\brandon.ku\source\repos\OCProjet7_Findexium\P7CreateRestApi.Tests\bin\Debug\net8.0\fine-code-coverage\build-output\xunit.runner.visualstudio.dotnetcore.testadapter.dll'
TpTrace Information: 0 : 9192, 4, 2024/07/03, 21:03:05.337, 296517338540, testhost.dll, AssemblyResolver.OnResolve: xunit.runner.utility.netcoreapp10: Resolving assembly.
TpTrace Information: 0 : 9192, 4, 2024/07/03, 21:03:05.338, 296517342723, testhost.dll, AssemblyResolver.OnResolve: xunit.runner.utility.netcoreapp10: Searching in: 'C:\Users\brandon.ku\source\repos\OCProjet7_Findexium\P7CreateRestApi.Tests\bin\Debug\net8.0\fine-code-coverage\build-output'.
TpTrace Information: 0 : 9192, 4, 2024/07/03, 21:03:05.340, 296517364570, testhost.dll, AssemblyResolver.OnResolve: xunit.runner.utility.netcoreapp10: Loading assembly 'C:\Users\brandon.ku\source\repos\OCProjet7_Findexium\P7CreateRestApi.Tests\bin\Debug\net8.0\fine-code-coverage\build-output\xunit.runner.utility.netcoreapp10.dll'.
TpTrace Information: 0 : 9192, 4, 2024/07/03, 21:03:05.342, 296517383088, testhost.dll, AssemblyResolver.OnResolve: Resolved assembly: xunit.runner.utility.netcoreapp10, from path: C:\Users\brandon.ku\source\repos\OCProjet7_Findexium\P7CreateRestApi.Tests\bin\Debug\net8.0\fine-code-coverage\build-output\xunit.runner.utility.netcoreapp10.dll
TpTrace Information: 0 : 9192, 4, 2024/07/03, 21:03:05.346, 296517426661, testhost.dll, GetTestExtensionFromType: Register extension with identifier data 'executor://xunit/VsTestRunner2/netcoreapp' and type 'Xunit.Runner.VisualStudio.VsTestRunner, xunit.runner.visualstudio.dotnetcore.testadapter, Version=2.5.0.0, Culture=neutral, PublicKeyToken=null' inside file 'C:\Users\brandon.ku\source\repos\OCProjet7_Findexium\P7CreateRestApi.Tests\bin\Debug\net8.0\fine-code-coverage\build-output\xunit.runner.visualstudio.dotnetcore.testadapter.dll'
TpTrace Information: 0 : 9192, 4, 2024/07/03, 21:03:05.346, 296517428594, testhost.dll, AssemblyResolver.OnResolve: xunit.runner.visualstudio.testadapter: Resolving assembly.
TpTrace Information: 0 : 9192, 4, 2024/07/03, 21:03:05.346, 296517429077, testhost.dll, AssemblyResolver.OnResolve: xunit.runner.visualstudio.testadapter: Searching in: 'C:\Users\brandon.ku\source\repos\OCProjet7_Findexium\P7CreateRestApi.Tests\bin\Debug\net8.0\fine-code-coverage\build-output'.
TpTrace Information: 0 : 9192, 4, 2024/07/03, 21:03:05.348, 296517445048, testhost.dll, AssemblyResolver.OnResolve: xunit.runner.visualstudio.testadapter: Loading assembly 'C:\Users\brandon.ku\source\repos\OCProjet7_Findexium\P7CreateRestApi.Tests\bin\Debug\net8.0\fine-code-coverage\build-output\xunit.runner.visualstudio.testadapter.dll'.
TpTrace Information: 0 : 9192, 4, 2024/07/03, 21:03:05.349, 296517459337, testhost.dll, AssemblyResolver.OnResolve: Resolved assembly: xunit.runner.visualstudio.testadapter, from path: C:\Users\brandon.ku\source\repos\OCProjet7_Findexium\P7CreateRestApi.Tests\bin\Debug\net8.0\fine-code-coverage\build-output\xunit.runner.visualstudio.testadapter.dll
TpTrace Verbose: 0 : 9192, 4, 2024/07/03, 21:03:05.349, 296517459886, testhost.dll, MetadataReaderExtensionsHelper: Discovering extensions inside assembly 'xunit.runner.visualstudio.testadapter, Version=2.8.1.0, Culture=neutral, PublicKeyToken=null' file path 'C:\Users\brandon.ku\source\repos\OCProjet7_Findexium\P7CreateRestApi.Tests\bin\Debug\net8.0\fine-code-coverage\build-output\xunit.runner.visualstudio.testadapter.dll'
TpTrace Information: 0 : 9192, 4, 2024/07/03, 21:03:05.352, 296517485046, testhost.dll, AssemblyResolver.OnResolve: xunit.runner.utility.netcoreapp10: Resolving assembly.
TpTrace Information: 0 : 9192, 4, 2024/07/03, 21:03:05.352, 296517485582, testhost.dll, AssemblyResolver.OnResolve: xunit.runner.utility.netcoreapp10: Resolved from cache.
TpTrace Warning: 0 : 9192, 4, 2024/07/03, 21:03:05.368, 296517650743, testhost.dll, TestPluginDiscoverer: Failed to get types from assembly 'xunit.runner.visualstudio.testadapter, Version=2.8.1.0, Culture=neutral, PublicKeyToken=null'. Error: System.Reflection.ReflectionTypeLoadException: Unable to load one or more of the requested types.
Could not load type 'Xunit.ParallelAlgorithm' from assembly 'xunit.runner.utility.netcoreapp10, Version=2.5.2.0, Culture=neutral, PublicKeyToken=8d05b1bb7a6fdb6c'.
   at System.Reflection.RuntimeModule.GetTypes(RuntimeModule module)
   at System.Reflection.RuntimeModule.GetTypes()
   at Microsoft.VisualStudio.TestPlatform.Common.ExtensionFramework.TestPluginDiscoverer.GetTestExtensionsFromAssembly[TPluginInfo,TExtension](Assembly assembly, Dictionary`2 pluginInfos, String filePath) in /_/src/Microsoft.TestPlatform.Common/ExtensionFramework/TestPluginDiscoverer.cs:line 158
System.TypeLoadException: Could not load type 'Xunit.ParallelAlgorithm' from assembly 'xunit.runner.utility.netcoreapp10, Version=2.5.2.0, Culture=neutral, PublicKeyToken=8d05b1bb7a6fdb6c'.
TpTrace Warning: 0 : 9192, 4, 2024/07/03, 21:03:05.369, 296517653170, testhost.dll, LoaderExceptions: System.TypeLoadException: Could not load type 'Xunit.ParallelAlgorithm' from assembly 'xunit.runner.utility.netcoreapp10, Version=2.5.2.0, Culture=neutral, PublicKeyToken=8d05b1bb7a6fdb6c'.
TpTrace Warning: 0 : 9192, 4, 2024/07/03, 21:03:05.369, 296517656351, testhost.dll, GetTestExtensionFromType: Discovered multiple test extensions with identifier data 'executor://xunit/VsTestRunner2/netcoreapp' and type 'Xunit.Runner.VisualStudio.VsTestRunner, xunit.runner.visualstudio.testadapter, Version=2.8.1.0, Culture=neutral, PublicKeyToken=null' inside file 'C:\Users\brandon.ku\source\repos\OCProjet7_Findexium\P7CreateRestApi.Tests\bin\Debug\net8.0\fine-code-coverage\build-output\xunit.runner.visualstudio.testadapter.dll'; keeping the first one 'Xunit.Runner.VisualStudio.VsTestRunner, xunit.runner.visualstudio.dotnetcore.testadapter, Version=2.5.0.0, Culture=neutral, PublicKeyToken=null'.
TpTrace Verbose: 0 : 9192, 4, 2024/07/03, 21:03:05.370, 296517668199, testhost.dll, TestPluginCache: Discovered the extensions using extension path ''.
TpTrace Verbose: 0 : 9192, 4, 2024/07/03, 21:03:05.370, 296517671399, testhost.dll, TestPluginCache: Discoverers are ''.
TpTrace Verbose: 0 : 9192, 4, 2024/07/03, 21:03:05.371, 296517671895, testhost.dll, TestPluginCache: Executors are 'executor://xunit/VsTestRunner2/netcoreapp'.
TpTrace Verbose: 0 : 9192, 4, 2024/07/03, 21:03:05.371, 296517672291, testhost.dll, TestPluginCache: Executors2 are ''.
TpTrace Verbose: 0 : 9192, 4, 2024/07/03, 21:03:05.371, 296517672553, testhost.dll, TestPluginCache: Setting providers are ''.
TpTrace Verbose: 0 : 9192, 4, 2024/07/03, 21:03:05.371, 296517672819, testhost.dll, TestPluginCache: Loggers are ''.
TpTrace Verbose: 0 : 9192, 4, 2024/07/03, 21:03:05.371, 296517673404, testhost.dll, TestPluginCache: TestHosts are ''.
TpTrace Verbose: 0 : 9192, 4, 2024/07/03, 21:03:05.371, 296517673802, testhost.dll, TestPluginCache: DataCollectors are ''.
TpTrace Verbose: 0 : 9192, 4, 2024/07/03, 21:03:05.372, 296517686094, testhost.dll, TestPluginCache.DiscoverTestExtensions: finding test extensions in assemblies ends with: TestAdapter.dll TPluginInfo: Microsoft.VisualStudio.TestPlatform.Common.ExtensionFramework.Utilities.TestExecutorPluginInformation2 TExtension: Microsoft.VisualStudio.TestPlatform.ObjectModel.Adapter.ITestExecutor2
TpTrace Verbose: 0 : 9192, 4, 2024/07/03, 21:03:05.372, 296517687369, testhost.dll, TestPluginCache.GetExtensionPaths: Filtered extension paths: 
TpTrace Verbose: 0 : 9192, 4, 2024/07/03, 21:03:05.372, 296517687669, testhost.dll, TestPluginCache.GetExtensionPaths: Added default extension paths: C:\Users\brandon.ku\source\repos\OCProjet7_Findexium\P7CreateRestApi.Tests\bin\Debug\net8.0\fine-code-coverage\build-output\xunit.runner.visualstudio.dotnetcore.testadapter.dll
C:\Users\brandon.ku\source\repos\OCProjet7_Findexium\P7CreateRestApi.Tests\bin\Debug\net8.0\fine-code-coverage\build-output\xunit.runner.visualstudio.testadapter.dll
TpTrace Verbose: 0 : 9192, 4, 2024/07/03, 21:03:05.372, 296517687810, testhost.dll, TestPluginCache.GetExtensionPaths: Added unfilterableExtensionPaths: 
TpTrace Information: 0 : 9192, 4, 2024/07/03, 21:03:05.372, 296517690067, testhost.dll, AssemblyResolver.AddSearchDirectories: Adding more searchDirectories C:\Users\brandon.ku\source\repos\OCProjet7_Findexium\P7CreateRestApi.Tests\bin\Debug\net8.0\fine-code-coverage\build-output
TpTrace Verbose: 0 : 9192, 4, 2024/07/03, 21:03:05.372, 296517690431, testhost.dll, TestPluginCache.DiscoverTestExtensions: Discovering the extensions using extension path.
TpTrace Verbose: 0 : 9192, 4, 2024/07/03, 21:03:05.372, 296517690592, testhost.dll, TestPluginCache.GetExtensionPaths: Filtered extension paths: 
TpTrace Verbose: 0 : 9192, 4, 2024/07/03, 21:03:05.372, 296517690727, testhost.dll, TestPluginCache.GetExtensionPaths: Added default extension paths: C:\Users\brandon.ku\source\repos\OCProjet7_Findexium\P7CreateRestApi.Tests\bin\Debug\net8.0\fine-code-coverage\build-output\xunit.runner.visualstudio.dotnetcore.testadapter.dll
C:\Users\brandon.ku\source\repos\OCProjet7_Findexium\P7CreateRestApi.Tests\bin\Debug\net8.0\fine-code-coverage\build-output\xunit.runner.visualstudio.testadapter.dll
TpTrace Verbose: 0 : 9192, 4, 2024/07/03, 21:03:05.372, 296517690856, testhost.dll, TestPluginCache.GetExtensionPaths: Added unfilterableExtensionPaths: 
TpTrace Verbose: 0 : 9192, 4, 2024/07/03, 21:03:05.372, 296517691031, testhost.dll, TestPluginCache.DiscoverTestExtensions: Discovering the extensions using allExtensionPaths: C:\Users\brandon.ku\source\repos\OCProjet7_Findexium\P7CreateRestApi.Tests\bin\Debug\net8.0\fine-code-coverage\build-output\xunit.runner.visualstudio.dotnetcore.testadapter.dll
C:\Users\brandon.ku\source\repos\OCProjet7_Findexium\P7CreateRestApi.Tests\bin\Debug\net8.0\fine-code-coverage\build-output\xunit.runner.visualstudio.testadapter.dll
TpTrace Information: 0 : 9192, 4, 2024/07/03, 21:03:05.372, 296517691305, testhost.dll, AssemblyResolver.AddSearchDirectories: Adding more searchDirectories C:\Users\brandon.ku\source\repos\OCProjet7_Findexium\P7CreateRestApi.Tests\bin\Debug\net8.0\fine-code-coverage\build-output
TpTrace Information: 0 : 9192, 4, 2024/07/03, 21:03:05.372, 296517691501, testhost.dll, AssemblyResolver.AddSearchDirectories: Adding more searchDirectories C:\Users\brandon.ku\source\repos\OCProjet7_Findexium\P7CreateRestApi.Tests\bin\Debug\net8.0\fine-code-coverage\build-output
TpTrace Verbose: 0 : 9192, 4, 2024/07/03, 21:03:05.373, 296517691908, testhost.dll, MetadataReaderExtensionsHelper: Discovering extensions inside assembly 'xunit.runner.visualstudio.dotnetcore.testadapter, Version=2.5.0.0, Culture=neutral, PublicKeyToken=null' file path 'C:\Users\brandon.ku\source\repos\OCProjet7_Findexium\P7CreateRestApi.Tests\bin\Debug\net8.0\fine-code-coverage\build-output\xunit.runner.visualstudio.dotnetcore.testadapter.dll'
TpTrace Verbose: 0 : 9192, 4, 2024/07/03, 21:03:05.375, 296517721247, testhost.dll, MetadataReaderExtensionsHelper: Discovering extensions inside assembly 'xunit.runner.visualstudio.testadapter, Version=2.8.1.0, Culture=neutral, PublicKeyToken=null' file path 'C:\Users\brandon.ku\source\repos\OCProjet7_Findexium\P7CreateRestApi.Tests\bin\Debug\net8.0\fine-code-coverage\build-output\xunit.runner.visualstudio.testadapter.dll'
TpTrace Warning: 0 : 9192, 4, 2024/07/03, 21:03:05.378, 296517751434, testhost.dll, TestPluginDiscoverer: Failed to get types from assembly 'xunit.runner.visualstudio.testadapter, Version=2.8.1.0, Culture=neutral, PublicKeyToken=null'. Error: System.Reflection.ReflectionTypeLoadException: Unable to load one or more of the requested types.
Could not load type 'Xunit.ParallelAlgorithm' from assembly 'xunit.runner.utility.netcoreapp10, Version=2.5.2.0, Culture=neutral, PublicKeyToken=8d05b1bb7a6fdb6c'.
   at System.Reflection.RuntimeModule.GetTypes(RuntimeModule module)
   at System.Reflection.RuntimeModule.GetTypes()
   at Microsoft.VisualStudio.TestPlatform.Common.ExtensionFramework.TestPluginDiscoverer.GetTestExtensionsFromAssembly[TPluginInfo,TExtension](Assembly assembly, Dictionary`2 pluginInfos, String filePath) in /_/src/Microsoft.TestPlatform.Common/ExtensionFramework/TestPluginDiscoverer.cs:line 158
System.TypeLoadException: Could not load type 'Xunit.ParallelAlgorithm' from assembly 'xunit.runner.utility.netcoreapp10, Version=2.5.2.0, Culture=neutral, PublicKeyToken=8d05b1bb7a6fdb6c'.
TpTrace Warning: 0 : 9192, 4, 2024/07/03, 21:03:05.379, 296517752729, testhost.dll, LoaderExceptions: System.TypeLoadException: Could not load type 'Xunit.ParallelAlgorithm' from assembly 'xunit.runner.utility.netcoreapp10, Version=2.5.2.0, Culture=neutral, PublicKeyToken=8d05b1bb7a6fdb6c'.
TpTrace Verbose: 0 : 9192, 4, 2024/07/03, 21:03:05.379, 296517754028, testhost.dll, TestPluginCache: Discovered the extensions using extension path ''.
TpTrace Verbose: 0 : 9192, 4, 2024/07/03, 21:03:05.379, 296517754244, testhost.dll, TestPluginCache: Discoverers are ''.
TpTrace Verbose: 0 : 9192, 4, 2024/07/03, 21:03:05.379, 296517754484, testhost.dll, TestPluginCache: Executors are 'executor://xunit/VsTestRunner2/netcoreapp'.
TpTrace Verbose: 0 : 9192, 4, 2024/07/03, 21:03:05.379, 296517755442, testhost.dll, TestPluginCache: Executors2 are ''.
TpTrace Verbose: 0 : 9192, 4, 2024/07/03, 21:03:05.379, 296517755677, testhost.dll, TestPluginCache: Setting providers are ''.
TpTrace Verbose: 0 : 9192, 4, 2024/07/03, 21:03:05.379, 296517755799, testhost.dll, TestPluginCache: Loggers are ''.
TpTrace Verbose: 0 : 9192, 4, 2024/07/03, 21:03:05.379, 296517755942, testhost.dll, TestPluginCache: TestHosts are ''.
TpTrace Verbose: 0 : 9192, 4, 2024/07/03, 21:03:05.379, 296517756058, testhost.dll, TestPluginCache: DataCollectors are ''.
TpTrace Information: 0 : 9192, 4, 2024/07/03, 21:03:05.383, 296517799430, testhost.dll, TestPluginManager.CreateTestExtension: Attempting to load test extension: Xunit.Runner.VisualStudio.VsTestRunner
TpTrace Verbose: 0 : 9192, 4, 2024/07/03, 21:03:05.384, 296517802921, testhost.dll, TestExecutorExtensionManager: Loading executor Microsoft.VisualStudio.TestPlatform.Common.ExtensionDecorators.SerialTestRunDecorator
TpTrace Verbose: 0 : 9192, 4, 2024/07/03, 21:03:05.384, 296517803355, testhost.dll, TestExecutorService: Loaded the executors
TpTrace Verbose: 0 : 9192, 4, 2024/07/03, 21:03:05.384, 296517808292, testhost.dll, TestPluginCache.DiscoverTestExtensions: finding test extensions in assemblies ends with: TestAdapter.dll TPluginInfo: Microsoft.VisualStudio.TestPlatform.Common.ExtensionFramework.Utilities.TestSettingsProviderPluginInformation TExtension: Microsoft.VisualStudio.TestPlatform.ObjectModel.Adapter.ISettingsProvider
TpTrace Verbose: 0 : 9192, 4, 2024/07/03, 21:03:05.384, 296517809038, testhost.dll, TestPluginCache.GetExtensionPaths: Filtered extension paths: 
TpTrace Verbose: 0 : 9192, 4, 2024/07/03, 21:03:05.384, 296517809526, testhost.dll, TestPluginCache.GetExtensionPaths: Added default extension paths: C:\Users\brandon.ku\source\repos\OCProjet7_Findexium\P7CreateRestApi.Tests\bin\Debug\net8.0\fine-code-coverage\build-output\xunit.runner.visualstudio.dotnetcore.testadapter.dll
C:\Users\brandon.ku\source\repos\OCProjet7_Findexium\P7CreateRestApi.Tests\bin\Debug\net8.0\fine-code-coverage\build-output\xunit.runner.visualstudio.testadapter.dll
TpTrace Verbose: 0 : 9192, 4, 2024/07/03, 21:03:05.384, 296517809702, testhost.dll, TestPluginCache.GetExtensionPaths: Added unfilterableExtensionPaths: 
TpTrace Information: 0 : 9192, 4, 2024/07/03, 21:03:05.384, 296517811567, testhost.dll, AssemblyResolver.AddSearchDirectories: Adding more searchDirectories C:\Users\brandon.ku\source\repos\OCProjet7_Findexium\P7CreateRestApi.Tests\bin\Debug\net8.0\fine-code-coverage\build-output
TpTrace Verbose: 0 : 9192, 4, 2024/07/03, 21:03:05.385, 296517811856, testhost.dll, TestPluginCache.DiscoverTestExtensions: Discovering the extensions using extension path.
TpTrace Verbose: 0 : 9192, 4, 2024/07/03, 21:03:05.385, 296517812075, testhost.dll, TestPluginCache.GetExtensionPaths: Filtered extension paths: 
TpTrace Verbose: 0 : 9192, 4, 2024/07/03, 21:03:05.385, 296517812209, testhost.dll, TestPluginCache.GetExtensionPaths: Added default extension paths: C:\Users\brandon.ku\source\repos\OCProjet7_Findexium\P7CreateRestApi.Tests\bin\Debug\net8.0\fine-code-coverage\build-output\xunit.runner.visualstudio.dotnetcore.testadapter.dll
C:\Users\brandon.ku\source\repos\OCProjet7_Findexium\P7CreateRestApi.Tests\bin\Debug\net8.0\fine-code-coverage\build-output\xunit.runner.visualstudio.testadapter.dll
TpTrace Verbose: 0 : 9192, 4, 2024/07/03, 21:03:05.385, 296517812337, testhost.dll, TestPluginCache.GetExtensionPaths: Added unfilterableExtensionPaths: 
TpTrace Verbose: 0 : 9192, 4, 2024/07/03, 21:03:05.385, 296517812525, testhost.dll, TestPluginCache.DiscoverTestExtensions: Discovering the extensions using allExtensionPaths: C:\Users\brandon.ku\source\repos\OCProjet7_Findexium\P7CreateRestApi.Tests\bin\Debug\net8.0\fine-code-coverage\build-output\xunit.runner.visualstudio.dotnetcore.testadapter.dll
C:\Users\brandon.ku\source\repos\OCProjet7_Findexium\P7CreateRestApi.Tests\bin\Debug\net8.0\fine-code-coverage\build-output\xunit.runner.visualstudio.testadapter.dll
TpTrace Information: 0 : 9192, 4, 2024/07/03, 21:03:05.385, 296517812773, testhost.dll, AssemblyResolver.AddSearchDirectories: Adding more searchDirectories C:\Users\brandon.ku\source\repos\OCProjet7_Findexium\P7CreateRestApi.Tests\bin\Debug\net8.0\fine-code-coverage\build-output
TpTrace Information: 0 : 9192, 4, 2024/07/03, 21:03:05.385, 296517812922, testhost.dll, AssemblyResolver.AddSearchDirectories: Adding more searchDirectories C:\Users\brandon.ku\source\repos\OCProjet7_Findexium\P7CreateRestApi.Tests\bin\Debug\net8.0\fine-code-coverage\build-output
TpTrace Verbose: 0 : 9192, 4, 2024/07/03, 21:03:05.385, 296517813700, testhost.dll, MetadataReaderExtensionsHelper: Discovering extensions inside assembly 'xunit.runner.visualstudio.dotnetcore.testadapter, Version=2.5.0.0, Culture=neutral, PublicKeyToken=null' file path 'C:\Users\brandon.ku\source\repos\OCProjet7_Findexium\P7CreateRestApi.Tests\bin\Debug\net8.0\fine-code-coverage\build-output\xunit.runner.visualstudio.dotnetcore.testadapter.dll'
TpTrace Verbose: 0 : 9192, 4, 2024/07/03, 21:03:05.387, 296517838577, testhost.dll, MetadataReaderExtensionsHelper: Discovering extensions inside assembly 'xunit.runner.visualstudio.testadapter, Version=2.8.1.0, Culture=neutral, PublicKeyToken=null' file path 'C:\Users\brandon.ku\source\repos\OCProjet7_Findexium\P7CreateRestApi.Tests\bin\Debug\net8.0\fine-code-coverage\build-output\xunit.runner.visualstudio.testadapter.dll'
TpTrace Warning: 0 : 9192, 4, 2024/07/03, 21:03:05.389, 296517857344, testhost.dll, TestPluginDiscoverer: Failed to get types from assembly 'xunit.runner.visualstudio.testadapter, Version=2.8.1.0, Culture=neutral, PublicKeyToken=null'. Error: System.Reflection.ReflectionTypeLoadException: Unable to load one or more of the requested types.
Could not load type 'Xunit.ParallelAlgorithm' from assembly 'xunit.runner.utility.netcoreapp10, Version=2.5.2.0, Culture=neutral, PublicKeyToken=8d05b1bb7a6fdb6c'.
   at System.Reflection.RuntimeModule.GetTypes(RuntimeModule module)
   at System.Reflection.RuntimeModule.GetTypes()
   at Microsoft.VisualStudio.TestPlatform.Common.ExtensionFramework.TestPluginDiscoverer.GetTestExtensionsFromAssembly[TPluginInfo,TExtension](Assembly assembly, Dictionary`2 pluginInfos, String filePath) in /_/src/Microsoft.TestPlatform.Common/ExtensionFramework/TestPluginDiscoverer.cs:line 158
System.TypeLoadException: Could not load type 'Xunit.ParallelAlgorithm' from assembly 'xunit.runner.utility.netcoreapp10, Version=2.5.2.0, Culture=neutral, PublicKeyToken=8d05b1bb7a6fdb6c'.
TpTrace Warning: 0 : 9192, 4, 2024/07/03, 21:03:05.389, 296517857844, testhost.dll, LoaderExceptions: System.TypeLoadException: Could not load type 'Xunit.ParallelAlgorithm' from assembly 'xunit.runner.utility.netcoreapp10, Version=2.5.2.0, Culture=neutral, PublicKeyToken=8d05b1bb7a6fdb6c'.
TpTrace Verbose: 0 : 9192, 4, 2024/07/03, 21:03:05.389, 296517858848, testhost.dll, TestPluginCache: Discovered the extensions using extension path ''.
TpTrace Verbose: 0 : 9192, 4, 2024/07/03, 21:03:05.389, 296517859070, testhost.dll, TestPluginCache: Discoverers are ''.
TpTrace Verbose: 0 : 9192, 4, 2024/07/03, 21:03:05.389, 296517859219, testhost.dll, TestPluginCache: Executors are 'executor://xunit/VsTestRunner2/netcoreapp'.
TpTrace Verbose: 0 : 9192, 4, 2024/07/03, 21:03:05.389, 296517859359, testhost.dll, TestPluginCache: Executors2 are ''.
TpTrace Verbose: 0 : 9192, 4, 2024/07/03, 21:03:05.389, 296517859596, testhost.dll, TestPluginCache: Setting providers are ''.
TpTrace Verbose: 0 : 9192, 4, 2024/07/03, 21:03:05.389, 296517859717, testhost.dll, TestPluginCache: Loggers are ''.
TpTrace Verbose: 0 : 9192, 4, 2024/07/03, 21:03:05.389, 296517859835, testhost.dll, TestPluginCache: TestHosts are ''.
TpTrace Verbose: 0 : 9192, 4, 2024/07/03, 21:03:05.389, 296517859948, testhost.dll, TestPluginCache: DataCollectors are ''.
TpTrace Verbose: 0 : 9192, 4, 2024/07/03, 21:03:05.390, 296517863653, testhost.dll, TestExecutorService: Loaded the settings providers
TpTrace Information: 0 : 9192, 4, 2024/07/03, 21:03:05.390, 296517864003, testhost.dll, TestExecutorService: Loaded the extensions
TpTrace Information: 0 : 9192, 4, 2024/07/03, 21:03:05.390, 296517866370, testhost.dll, TestRequestHandler.OnMessageReceived: Running job 'TestExecution.StartWithSources'.
TpTrace Verbose: 0 : 9192, 4, 2024/07/03, 21:03:05.421, 296518181301, testhost.dll, MulticastDelegateUtilities.SafeInvoke: TestCaseEventsHandler.RaiseSessionStart: Invoking callbacks was skipped because there are no subscribers.
TpTrace Information: 0 : 9192, 4, 2024/07/03, 21:03:05.423, 296518193867, testhost.dll, TestDiscoveryManager: Discovering tests from sources C:\Users\brandon.ku\source\repos\OCProjet7_Findexium\P7CreateRestApi.Tests\bin\Debug\net8.0\fine-code-coverage\build-output\P7CreateRestApi.Tests.dll
TpTrace Verbose: 0 : 9192, 4, 2024/07/03, 21:03:05.424, 296518204194, testhost.dll, TestPluginCache.DiscoverTestExtensions: finding test extensions in assemblies ends with: TestAdapter.dll TPluginInfo: Microsoft.VisualStudio.TestPlatform.Common.ExtensionFramework.Utilities.TestDiscovererPluginInformation TExtension: Microsoft.VisualStudio.TestPlatform.ObjectModel.Adapter.ITestDiscoverer
TpTrace Verbose: 0 : 9192, 4, 2024/07/03, 21:03:05.424, 296518205726, testhost.dll, TestPluginCache.GetExtensionPaths: Filtered extension paths: 
TpTrace Verbose: 0 : 9192, 4, 2024/07/03, 21:03:05.424, 296518205929, testhost.dll, TestPluginCache.GetExtensionPaths: Added default extension paths: C:\Users\brandon.ku\source\repos\OCProjet7_Findexium\P7CreateRestApi.Tests\bin\Debug\net8.0\fine-code-coverage\build-output\xunit.runner.visualstudio.dotnetcore.testadapter.dll
C:\Users\brandon.ku\source\repos\OCProjet7_Findexium\P7CreateRestApi.Tests\bin\Debug\net8.0\fine-code-coverage\build-output\xunit.runner.visualstudio.testadapter.dll
TpTrace Verbose: 0 : 9192, 4, 2024/07/03, 21:03:05.424, 296518206104, testhost.dll, TestPluginCache.GetExtensionPaths: Added unfilterableExtensionPaths: 
TpTrace Information: 0 : 9192, 4, 2024/07/03, 21:03:05.424, 296518207403, testhost.dll, AssemblyResolver.AddSearchDirectories: Adding more searchDirectories C:\Users\brandon.ku\source\repos\OCProjet7_Findexium\P7CreateRestApi.Tests\bin\Debug\net8.0\fine-code-coverage\build-output
TpTrace Verbose: 0 : 9192, 4, 2024/07/03, 21:03:05.424, 296518207669, testhost.dll, TestPluginCache.DiscoverTestExtensions: Discovering the extensions using extension path.
TpTrace Verbose: 0 : 9192, 4, 2024/07/03, 21:03:05.424, 296518207874, testhost.dll, TestPluginCache.GetExtensionPaths: Filtered extension paths: 
TpTrace Verbose: 0 : 9192, 4, 2024/07/03, 21:03:05.424, 296518208002, testhost.dll, TestPluginCache.GetExtensionPaths: Added default extension paths: C:\Users\brandon.ku\source\repos\OCProjet7_Findexium\P7CreateRestApi.Tests\bin\Debug\net8.0\fine-code-coverage\build-output\xunit.runner.visualstudio.dotnetcore.testadapter.dll
C:\Users\brandon.ku\source\repos\OCProjet7_Findexium\P7CreateRestApi.Tests\bin\Debug\net8.0\fine-code-coverage\build-output\xunit.runner.visualstudio.testadapter.dll
TpTrace Verbose: 0 : 9192, 4, 2024/07/03, 21:03:05.424, 296518208128, testhost.dll, TestPluginCache.GetExtensionPaths: Added unfilterableExtensionPaths: 
TpTrace Verbose: 0 : 9192, 4, 2024/07/03, 21:03:05.424, 296518208349, testhost.dll, TestPluginCache.DiscoverTestExtensions: Discovering the extensions using allExtensionPaths: C:\Users\brandon.ku\source\repos\OCProjet7_Findexium\P7CreateRestApi.Tests\bin\Debug\net8.0\fine-code-coverage\build-output\xunit.runner.visualstudio.dotnetcore.testadapter.dll
C:\Users\brandon.ku\source\repos\OCProjet7_Findexium\P7CreateRestApi.Tests\bin\Debug\net8.0\fine-code-coverage\build-output\xunit.runner.visualstudio.testadapter.dll
TpTrace Information: 0 : 9192, 4, 2024/07/03, 21:03:05.424, 296518208604, testhost.dll, AssemblyResolver.AddSearchDirectories: Adding more searchDirectories C:\Users\brandon.ku\source\repos\OCProjet7_Findexium\P7CreateRestApi.Tests\bin\Debug\net8.0\fine-code-coverage\build-output
TpTrace Information: 0 : 9192, 4, 2024/07/03, 21:03:05.424, 296518208756, testhost.dll, AssemblyResolver.AddSearchDirectories: Adding more searchDirectories C:\Users\brandon.ku\source\repos\OCProjet7_Findexium\P7CreateRestApi.Tests\bin\Debug\net8.0\fine-code-coverage\build-output
TpTrace Verbose: 0 : 9192, 4, 2024/07/03, 21:03:05.424, 296518209202, testhost.dll, MetadataReaderExtensionsHelper: Discovering extensions inside assembly 'xunit.runner.visualstudio.dotnetcore.testadapter, Version=2.5.0.0, Culture=neutral, PublicKeyToken=null' file path 'C:\Users\brandon.ku\source\repos\OCProjet7_Findexium\P7CreateRestApi.Tests\bin\Debug\net8.0\fine-code-coverage\build-output\xunit.runner.visualstudio.dotnetcore.testadapter.dll'
TpTrace Information: 0 : 9192, 4, 2024/07/03, 21:03:05.429, 296518259207, testhost.dll, GetTestExtensionFromType: Register extension with identifier data 'Xunit.Runner.VisualStudio.VsTestRunner, xunit.runner.visualstudio.dotnetcore.testadapter, Version=2.5.0.0, Culture=neutral, PublicKeyToken=null' and type 'Xunit.Runner.VisualStudio.VsTestRunner, xunit.runner.visualstudio.dotnetcore.testadapter, Version=2.5.0.0, Culture=neutral, PublicKeyToken=null' inside file 'C:\Users\brandon.ku\source\repos\OCProjet7_Findexium\P7CreateRestApi.Tests\bin\Debug\net8.0\fine-code-coverage\build-output\xunit.runner.visualstudio.dotnetcore.testadapter.dll'
TpTrace Verbose: 0 : 9192, 4, 2024/07/03, 21:03:05.429, 296518260030, testhost.dll, MetadataReaderExtensionsHelper: Discovering extensions inside assembly 'xunit.runner.visualstudio.testadapter, Version=2.8.1.0, Culture=neutral, PublicKeyToken=null' file path 'C:\Users\brandon.ku\source\repos\OCProjet7_Findexium\P7CreateRestApi.Tests\bin\Debug\net8.0\fine-code-coverage\build-output\xunit.runner.visualstudio.testadapter.dll'
TpTrace Warning: 0 : 9192, 4, 2024/07/03, 21:03:05.432, 296518282672, testhost.dll, TestPluginDiscoverer: Failed to get types from assembly 'xunit.runner.visualstudio.testadapter, Version=2.8.1.0, Culture=neutral, PublicKeyToken=null'. Error: System.Reflection.ReflectionTypeLoadException: Unable to load one or more of the requested types.
Could not load type 'Xunit.ParallelAlgorithm' from assembly 'xunit.runner.utility.netcoreapp10, Version=2.5.2.0, Culture=neutral, PublicKeyToken=8d05b1bb7a6fdb6c'.
   at System.Reflection.RuntimeModule.GetTypes(RuntimeModule module)
   at System.Reflection.RuntimeModule.GetTypes()
   at Microsoft.VisualStudio.TestPlatform.Common.ExtensionFramework.TestPluginDiscoverer.GetTestExtensionsFromAssembly[TPluginInfo,TExtension](Assembly assembly, Dictionary`2 pluginInfos, String filePath) in /_/src/Microsoft.TestPlatform.Common/ExtensionFramework/TestPluginDiscoverer.cs:line 158
System.TypeLoadException: Could not load type 'Xunit.ParallelAlgorithm' from assembly 'xunit.runner.utility.netcoreapp10, Version=2.5.2.0, Culture=neutral, PublicKeyToken=8d05b1bb7a6fdb6c'.
TpTrace Warning: 0 : 9192, 4, 2024/07/03, 21:03:05.432, 296518283251, testhost.dll, LoaderExceptions: System.TypeLoadException: Could not load type 'Xunit.ParallelAlgorithm' from assembly 'xunit.runner.utility.netcoreapp10, Version=2.5.2.0, Culture=neutral, PublicKeyToken=8d05b1bb7a6fdb6c'.
TpTrace Information: 0 : 9192, 4, 2024/07/03, 21:03:05.432, 296518285328, testhost.dll, GetTestExtensionFromType: Register extension with identifier data 'Xunit.Runner.VisualStudio.VsTestRunner, xunit.runner.visualstudio.testadapter, Version=2.8.1.0, Culture=neutral, PublicKeyToken=null' and type 'Xunit.Runner.VisualStudio.VsTestRunner, xunit.runner.visualstudio.testadapter, Version=2.8.1.0, Culture=neutral, PublicKeyToken=null' inside file 'C:\Users\brandon.ku\source\repos\OCProjet7_Findexium\P7CreateRestApi.Tests\bin\Debug\net8.0\fine-code-coverage\build-output\xunit.runner.visualstudio.testadapter.dll'
TpTrace Verbose: 0 : 9192, 4, 2024/07/03, 21:03:05.432, 296518286256, testhost.dll, TestPluginCache: Discovered the extensions using extension path ''.
TpTrace Verbose: 0 : 9192, 4, 2024/07/03, 21:03:05.432, 296518286664, testhost.dll, TestPluginCache: Discoverers are 'Xunit.Runner.VisualStudio.VsTestRunner, xunit.runner.visualstudio.dotnetcore.testadapter, Version=2.5.0.0, Culture=neutral, PublicKeyToken=null,Xunit.Runner.VisualStudio.VsTestRunner, xunit.runner.visualstudio.testadapter, Version=2.8.1.0, Culture=neutral, PublicKeyToken=null'.
TpTrace Verbose: 0 : 9192, 4, 2024/07/03, 21:03:05.432, 296518286886, testhost.dll, TestPluginCache: Executors are 'executor://xunit/VsTestRunner2/netcoreapp'.
TpTrace Verbose: 0 : 9192, 4, 2024/07/03, 21:03:05.432, 296518287031, testhost.dll, TestPluginCache: Executors2 are ''.
TpTrace Verbose: 0 : 9192, 4, 2024/07/03, 21:03:05.432, 296518287224, testhost.dll, TestPluginCache: Setting providers are ''.
TpTrace Verbose: 0 : 9192, 4, 2024/07/03, 21:03:05.432, 296518287365, testhost.dll, TestPluginCache: Loggers are ''.
TpTrace Verbose: 0 : 9192, 4, 2024/07/03, 21:03:05.432, 296518287492, testhost.dll, TestPluginCache: TestHosts are ''.
TpTrace Verbose: 0 : 9192, 4, 2024/07/03, 21:03:05.432, 296518287608, testhost.dll, TestPluginCache: DataCollectors are ''.
TpTrace Information: 0 : 9192, 4, 2024/07/03, 21:03:05.436, 296518326053, testhost.dll, PEReaderHelper.GetAssemblyType: Determined assemblyType:'Managed' for source: 'C:\Users\brandon.ku\source\repos\OCProjet7_Findexium\P7CreateRestApi.Tests\bin\Debug\net8.0\fine-code-coverage\build-output\P7CreateRestApi.Tests.dll'
TpTrace Information: 0 : 9192, 4, 2024/07/03, 21:03:05.437, 296518337869, testhost.dll, TestPluginManager.CreateTestExtension: Attempting to load test extension: Xunit.Runner.VisualStudio.VsTestRunner
TpTrace Warning: 0 : 9192, 4, 2024/07/03, 21:03:05.437, 296518341378, testhost.dll, Plusieurs adaptateurs de tests ayant le même URI 'executor://xunit/VsTestRunner2/netcoreapp' ont été trouvés. Adaptateur 'Xunit.Runner.VisualStudio.VsTestRunner' ignoré. Désinstallez les adaptateurs en conflit pour éviter cet avertissement.
TpTrace Verbose: 0 : 9192, 4, 2024/07/03, 21:03:05.438, 296518342347, testhost.dll, TestRequestHandler.SendData: sending data from testhost: {"Version":7,"MessageType":"TestSession.Message","Payload":{"MessageLevel":1,"Message":"Plusieurs adaptateurs de tests ayant le même URI 'executor://xunit/VsTestRunner2/netcoreapp' ont été trouvés. Adaptateur 'Xunit.Runner.VisualStudio.VsTestRunner' ignoré. Désinstallez les adaptateurs en conflit pour éviter cet avertissement."}}
TpTrace Verbose: 0 : 9192, 4, 2024/07/03, 21:03:05.438, 296518343605, testhost.dll, MulticastDelegateUtilities.SafeInvoke: TestRunMessageLoggerProxy.SendMessage: Invoking callback 1/1 for Microsoft.VisualStudio.TestPlatform.CrossPlatEngine.Execution.RunTestsWithSources., took 0 ms.
TpTrace Verbose: 0 : 9192, 4, 2024/07/03, 21:03:05.440, 296518366772, testhost.dll, BaseRunTests.RunTestInternalWithExecutors: Running tests for executor://xunit/VsTestRunner2/netcoreapp
TpTrace Information: 0 : 9192, 4, 2024/07/03, 21:03:05.454, 296518507535, testhost.dll, [xUnit.net 00:00:00.00] xUnit.net VSTest Adapter v2.5.3.1+6b60a9e56a (64-bit .NET 8.0.6)
TpTrace Verbose: 0 : 9192, 4, 2024/07/03, 21:03:05.454, 296518508629, testhost.dll, TestRequestHandler.SendData: sending data from testhost: {"Version":7,"MessageType":"TestSession.Message","Payload":{"MessageLevel":0,"Message":"[xUnit.net 00:00:00.00] xUnit.net VSTest Adapter v2.5.3.1+6b60a9e56a (64-bit .NET 8.0.6)"}}
TpTrace Verbose: 0 : 9192, 4, 2024/07/03, 21:03:05.454, 296518509682, testhost.dll, MulticastDelegateUtilities.SafeInvoke: TestRunMessageLoggerProxy.SendMessage: Invoking callback 1/1 for Microsoft.VisualStudio.TestPlatform.CrossPlatEngine.Execution.RunTestsWithSources., took 0 ms.
TpTrace Information: 0 : 9192, 4, 2024/07/03, 21:03:05.477, 296518732885, testhost.dll, AssemblyResolver.OnResolve: xunit.runner.reporters.netcoreapp10: Resolving assembly.
TpTrace Information: 0 : 9192, 4, 2024/07/03, 21:03:05.477, 296518733947, testhost.dll, AssemblyResolver.OnResolve: xunit.runner.reporters.netcoreapp10: Searching in: 'C:\Users\brandon.ku\source\repos\OCProjet7_Findexium\P7CreateRestApi.Tests\bin\Debug\net8.0\fine-code-coverage\build-output'.
TpTrace Information: 0 : 9192, 4, 2024/07/03, 21:03:05.478, 296518750388, testhost.dll, AssemblyResolver.OnResolve: xunit.runner.reporters.netcoreapp10: Loading assembly 'C:\Users\brandon.ku\source\repos\OCProjet7_Findexium\P7CreateRestApi.Tests\bin\Debug\net8.0\fine-code-coverage\build-output\xunit.runner.reporters.netcoreapp10.dll'.
TpTrace Information: 0 : 9192, 4, 2024/07/03, 21:03:05.480, 296518764676, testhost.dll, AssemblyResolver.OnResolve: Resolved assembly: xunit.runner.reporters.netcoreapp10, from path: C:\Users\brandon.ku\source\repos\OCProjet7_Findexium\P7CreateRestApi.Tests\bin\Debug\net8.0\fine-code-coverage\build-output\xunit.runner.reporters.netcoreapp10.dll
TpTrace Information: 0 : 9192, 4, 2024/07/03, 21:03:05.877, 296522737503, testhost.dll, [xUnit.net 00:00:00.42]   Discovering: P7CreateRestApi.Tests
TpTrace Verbose: 0 : 9192, 4, 2024/07/03, 21:03:05.877, 296522739395, testhost.dll, TestRequestHandler.SendData: sending data from testhost: {"Version":7,"MessageType":"TestSession.Message","Payload":{"MessageLevel":0,"Message":"[xUnit.net 00:00:00.42]   Discovering: P7CreateRestApi.Tests"}}
TpTrace Verbose: 0 : 9192, 4, 2024/07/03, 21:03:05.877, 296522741182, testhost.dll, MulticastDelegateUtilities.SafeInvoke: TestRunMessageLoggerProxy.SendMessage: Invoking callback 1/1 for Microsoft.VisualStudio.TestPlatform.CrossPlatEngine.Execution.RunTestsWithSources., took 0 ms.
TpTrace Information: 0 : 9192, 4, 2024/07/03, 21:03:05.942, 296523387002, testhost.dll, [xUnit.net 00:00:00.49]   Discovered:  P7CreateRestApi.Tests
TpTrace Verbose: 0 : 9192, 4, 2024/07/03, 21:03:05.942, 296523389870, testhost.dll, TestRequestHandler.SendData: sending data from testhost: {"Version":7,"MessageType":"TestSession.Message","Payload":{"MessageLevel":0,"Message":"[xUnit.net 00:00:00.49]   Discovered:  P7CreateRestApi.Tests"}}
TpTrace Verbose: 0 : 9192, 4, 2024/07/03, 21:03:05.942, 296523391015, testhost.dll, MulticastDelegateUtilities.SafeInvoke: TestRunMessageLoggerProxy.SendMessage: Invoking callback 1/1 for Microsoft.VisualStudio.TestPlatform.CrossPlatEngine.Execution.RunTestsWithSources., took 0 ms.
TpTrace Information: 0 : 9192, 4, 2024/07/03, 21:03:05.945, 296523419388, testhost.dll, [xUnit.net 00:00:00.49]   Starting:    P7CreateRestApi.Tests
TpTrace Verbose: 0 : 9192, 4, 2024/07/03, 21:03:05.945, 296523421201, testhost.dll, TestRequestHandler.SendData: sending data from testhost: {"Version":7,"MessageType":"TestSession.Message","Payload":{"MessageLevel":0,"Message":"[xUnit.net 00:00:00.49]   Starting:    P7CreateRestApi.Tests"}}
TpTrace Verbose: 0 : 9192, 4, 2024/07/03, 21:03:05.946, 296523423016, testhost.dll, MulticastDelegateUtilities.SafeInvoke: TestRunMessageLoggerProxy.SendMessage: Invoking callback 1/1 for Microsoft.VisualStudio.TestPlatform.CrossPlatEngine.Execution.RunTestsWithSources., took 0 ms.
TpTrace Verbose: 0 : 9192, 16, 2024/07/03, 21:03:05.995, 296523912738, testhost.dll, TestExecutionRecorder.RecordStart: Starting test: P7CreateRestApi.Tests.CurveControllerTests.CreateCurvePoint_ShouldReturnInternalServerError_WhenExceptionIsThrown.
TpTrace Verbose: 0 : 9192, 16, 2024/07/03, 21:03:06.022, 296524188797, testhost.dll, MulticastDelegateUtilities.SafeInvoke: TestCaseEventsHandler.RaiseTestCaseStart: Invoking callback 1/1 for Microsoft.VisualStudio.TestPlatform.CrossPlatEngine.DataCollection.ProxyOutOfProcDataCollectionManager., took 26 ms.
TpTrace Verbose: 0 : 9192, 16, 2024/07/03, 21:03:06.023, 296524197208, testhost.dll, TestExecutionRecorder.RecordStart: Starting test: P7CreateRestApi.Tests.RatingControllerTests.UpdateRating_ShouldReturnBadRequest_WhenIdDoesNotMatch.
TpTrace Verbose: 0 : 9192, 16, 2024/07/03, 21:03:06.025, 296524214424, testhost.dll, MulticastDelegateUtilities.SafeInvoke: TestCaseEventsHandler.RaiseTestCaseStart: Invoking callback 1/1 for Microsoft.VisualStudio.TestPlatform.CrossPlatEngine.DataCollection.ProxyOutOfProcDataCollectionManager., took 1 ms.
TpTrace Verbose: 0 : 9192, 16, 2024/07/03, 21:03:06.025, 296524215432, testhost.dll, TestExecutionRecorder.RecordStart: Starting test: P7CreateRestApi.Tests.BidListControllerTests.CreateBid_ShouldReturnBadRequest_WhenBidIsNull.
TpTrace Verbose: 0 : 9192, 16, 2024/07/03, 21:03:06.026, 296524224585, testhost.dll, MulticastDelegateUtilities.SafeInvoke: TestCaseEventsHandler.RaiseTestCaseStart: Invoking callback 1/1 for Microsoft.VisualStudio.TestPlatform.CrossPlatEngine.DataCollection.ProxyOutOfProcDataCollectionManager., took 0 ms.
TpTrace Verbose: 0 : 9192, 16, 2024/07/03, 21:03:06.146, 296525431451, testhost.dll, TestExecutionRecorder.RecordResult: Received result for test: P7CreateRestApi.Tests.BidListControllerTests.CreateBid_ShouldReturnBadRequest_WhenBidIsNull.
TpTrace Verbose: 0 : 9192, 16, 2024/07/03, 21:03:06.160, 296525571699, testhost.dll, MulticastDelegateUtilities.SafeInvoke: TestCaseEventsHandler.RaiseTestCaseEnd: Invoking callback 1/1 for Microsoft.VisualStudio.TestPlatform.CrossPlatEngine.DataCollection.ProxyOutOfProcDataCollectionManager., took 13 ms.
TpTrace Verbose: 0 : 9192, 16, 2024/07/03, 21:03:06.162, 296525589278, testhost.dll, MulticastDelegateUtilities.SafeInvoke: TestCaseEventsHandler.RaiseTestCaseEnd: Invoking callback 1/1 for Microsoft.VisualStudio.TestPlatform.CrossPlatEngine.DataCollection.ProxyOutOfProcDataCollectionManager., took 0 ms.
TpTrace Verbose: 0 : 9192, 16, 2024/07/03, 21:03:06.166, 296525621888, testhost.dll, TestExecutionRecorder.RecordEnd: test: P7CreateRestApi.Tests.BidListControllerTests.CreateBid_ShouldReturnBadRequest_WhenBidIsNull execution completed.
TpTrace Verbose: 0 : 9192, 16, 2024/07/03, 21:03:06.166, 296525624980, testhost.dll, TestExecutionRecorder.RecordStart: Starting test: P7CreateRestApi.Tests.BidListControllerTests.CreateBid_ShouldReturnBadRequest_WhenBidIsInvalid.
TpTrace Verbose: 0 : 9192, 16, 2024/07/03, 21:03:06.169, 296525652026, testhost.dll, MulticastDelegateUtilities.SafeInvoke: TestCaseEventsHandler.RaiseTestCaseStart: Invoking callback 1/1 for Microsoft.VisualStudio.TestPlatform.CrossPlatEngine.DataCollection.ProxyOutOfProcDataCollectionManager., took 2 ms.
TpTrace Verbose: 0 : 9192, 16, 2024/07/03, 21:03:06.169, 296525653797, testhost.dll, TestExecutionRecorder.RecordResult: Received result for test: P7CreateRestApi.Tests.BidListControllerTests.CreateBid_ShouldReturnBadRequest_WhenBidIsInvalid.
TpTrace Verbose: 0 : 9192, 16, 2024/07/03, 21:03:06.171, 296525671690, testhost.dll, MulticastDelegateUtilities.SafeInvoke: TestCaseEventsHandler.RaiseTestCaseEnd: Invoking callback 1/1 for Microsoft.VisualStudio.TestPlatform.CrossPlatEngine.DataCollection.ProxyOutOfProcDataCollectionManager., took 1 ms.
TpTrace Verbose: 0 : 9192, 16, 2024/07/03, 21:03:06.171, 296525675872, testhost.dll, MulticastDelegateUtilities.SafeInvoke: TestCaseEventsHandler.RaiseTestCaseEnd: Invoking callback 1/1 for Microsoft.VisualStudio.TestPlatform.CrossPlatEngine.DataCollection.ProxyOutOfProcDataCollectionManager., took 0 ms.
TpTrace Verbose: 0 : 9192, 16, 2024/07/03, 21:03:06.171, 296525680324, testhost.dll, TestExecutionRecorder.RecordResult: Received result for test: P7CreateRestApi.Tests.RatingControllerTests.UpdateRating_ShouldReturnBadRequest_WhenIdDoesNotMatch.
TpTrace Verbose: 0 : 9192, 16, 2024/07/03, 21:03:06.173, 296525694531, testhost.dll, MulticastDelegateUtilities.SafeInvoke: TestCaseEventsHandler.RaiseTestCaseEnd: Invoking callback 1/1 for Microsoft.VisualStudio.TestPlatform.CrossPlatEngine.DataCollection.ProxyOutOfProcDataCollectionManager., took 1 ms.
TpTrace Verbose: 0 : 9192, 16, 2024/07/03, 21:03:06.173, 296525695610, testhost.dll, MulticastDelegateUtilities.SafeInvoke: TestCaseEventsHandler.RaiseTestCaseEnd: Invoking callback 1/1 for Microsoft.VisualStudio.TestPlatform.CrossPlatEngine.DataCollection.ProxyOutOfProcDataCollectionManager., took 0 ms.
TpTrace Verbose: 0 : 9192, 16, 2024/07/03, 21:03:06.173, 296525697216, testhost.dll, TestExecutionRecorder.RecordEnd: test: P7CreateRestApi.Tests.BidListControllerTests.CreateBid_ShouldReturnBadRequest_WhenBidIsInvalid execution completed.
TpTrace Verbose: 0 : 9192, 16, 2024/07/03, 21:03:06.173, 296525697881, testhost.dll, TestExecutionRecorder.RecordEnd: test: P7CreateRestApi.Tests.RatingControllerTests.UpdateRating_ShouldReturnBadRequest_WhenIdDoesNotMatch execution completed.
TpTrace Verbose: 0 : 9192, 16, 2024/07/03, 21:03:06.173, 296525698350, testhost.dll, TestExecutionRecorder.RecordStart: Starting test: P7CreateRestApi.Tests.BidListControllerTests.DeleteBid_ShouldReturnNoContent_WhenBidExists.
TpTrace Verbose: 0 : 9192, 16, 2024/07/03, 21:03:06.175, 296525712429, testhost.dll, MulticastDelegateUtilities.SafeInvoke: TestCaseEventsHandler.RaiseTestCaseStart: Invoking callback 1/1 for Microsoft.VisualStudio.TestPlatform.CrossPlatEngine.DataCollection.ProxyOutOfProcDataCollectionManager., took 1 ms.
TpTrace Verbose: 0 : 9192, 16, 2024/07/03, 21:03:06.175, 296525714845, testhost.dll, TestExecutionRecorder.RecordStart: Starting test: P7CreateRestApi.Tests.RatingControllerTests.GetRatingById_ShouldReturnInternalServerError_WhenExceptionIsThrown.
TpTrace Verbose: 0 : 9192, 16, 2024/07/03, 21:03:06.177, 296525734138, testhost.dll, MulticastDelegateUtilities.SafeInvoke: TestCaseEventsHandler.RaiseTestCaseStart: Invoking callback 1/1 for Microsoft.VisualStudio.TestPlatform.CrossPlatEngine.DataCollection.ProxyOutOfProcDataCollectionManager., took 1 ms.
TpTrace Verbose: 0 : 9192, 16, 2024/07/03, 21:03:06.177, 296525735784, testhost.dll, TestExecutionRecorder.RecordResult: Received result for test: P7CreateRestApi.Tests.CurveControllerTests.CreateCurvePoint_ShouldReturnInternalServerError_WhenExceptionIsThrown.
TpTrace Verbose: 0 : 9192, 16, 2024/07/03, 21:03:06.178, 296525747466, testhost.dll, MulticastDelegateUtilities.SafeInvoke: TestCaseEventsHandler.RaiseTestCaseEnd: Invoking callback 1/1 for Microsoft.VisualStudio.TestPlatform.CrossPlatEngine.DataCollection.ProxyOutOfProcDataCollectionManager., took 1 ms.
TpTrace Verbose: 0 : 9192, 16, 2024/07/03, 21:03:06.178, 296525748759, testhost.dll, MulticastDelegateUtilities.SafeInvoke: TestCaseEventsHandler.RaiseTestCaseEnd: Invoking callback 1/1 for Microsoft.VisualStudio.TestPlatform.CrossPlatEngine.DataCollection.ProxyOutOfProcDataCollectionManager., took 0 ms.
TpTrace Verbose: 0 : 9192, 16, 2024/07/03, 21:03:06.178, 296525749452, testhost.dll, TestExecutionRecorder.RecordEnd: test: P7CreateRestApi.Tests.CurveControllerTests.CreateCurvePoint_ShouldReturnInternalServerError_WhenExceptionIsThrown execution completed.
TpTrace Verbose: 0 : 9192, 16, 2024/07/03, 21:03:06.178, 296525750245, testhost.dll, TestExecutionRecorder.RecordStart: Starting test: P7CreateRestApi.Tests.CurveControllerTests.GetAllCurvePoints_ShouldReturnNotFound_WhenNoCurvePointsExist.
TpTrace Verbose: 0 : 9192, 16, 2024/07/03, 21:03:06.179, 296525760406, testhost.dll, MulticastDelegateUtilities.SafeInvoke: TestCaseEventsHandler.RaiseTestCaseStart: Invoking callback 1/1 for Microsoft.VisualStudio.TestPlatform.CrossPlatEngine.DataCollection.ProxyOutOfProcDataCollectionManager., took 0 ms.
TpTrace Verbose: 0 : 9192, 16, 2024/07/03, 21:03:06.180, 296525761917, testhost.dll, TestExecutionRecorder.RecordResult: Received result for test: P7CreateRestApi.Tests.RatingControllerTests.GetRatingById_ShouldReturnInternalServerError_WhenExceptionIsThrown.
TpTrace Verbose: 0 : 9192, 16, 2024/07/03, 21:03:06.181, 296525772727, testhost.dll, MulticastDelegateUtilities.SafeInvoke: TestCaseEventsHandler.RaiseTestCaseEnd: Invoking callback 1/1 for Microsoft.VisualStudio.TestPlatform.CrossPlatEngine.DataCollection.ProxyOutOfProcDataCollectionManager., took 1 ms.
TpTrace Verbose: 0 : 9192, 16, 2024/07/03, 21:03:06.181, 296525773473, testhost.dll, MulticastDelegateUtilities.SafeInvoke: TestCaseEventsHandler.RaiseTestCaseEnd: Invoking callback 1/1 for Microsoft.VisualStudio.TestPlatform.CrossPlatEngine.DataCollection.ProxyOutOfProcDataCollectionManager., took 0 ms.
TpTrace Verbose: 0 : 9192, 16, 2024/07/03, 21:03:06.181, 296525773972, testhost.dll, TestExecutionRecorder.RecordEnd: test: P7CreateRestApi.Tests.RatingControllerTests.GetRatingById_ShouldReturnInternalServerError_WhenExceptionIsThrown execution completed.
TpTrace Verbose: 0 : 9192, 16, 2024/07/03, 21:03:06.181, 296525774314, testhost.dll, TestExecutionRecorder.RecordStart: Starting test: P7CreateRestApi.Tests.RatingControllerTests.CreateRating_ShouldReturnInternalServerError_WhenExceptionIsThrown.
TpTrace Verbose: 0 : 9192, 16, 2024/07/03, 21:03:06.182, 296525784878, testhost.dll, MulticastDelegateUtilities.SafeInvoke: TestCaseEventsHandler.RaiseTestCaseStart: Invoking callback 1/1 for Microsoft.VisualStudio.TestPlatform.CrossPlatEngine.DataCollection.ProxyOutOfProcDataCollectionManager., took 1 ms.
TpTrace Verbose: 0 : 9192, 16, 2024/07/03, 21:03:06.182, 296525785787, testhost.dll, TestExecutionRecorder.RecordResult: Received result for test: P7CreateRestApi.Tests.BidListControllerTests.DeleteBid_ShouldReturnNoContent_WhenBidExists.
TpTrace Verbose: 0 : 9192, 16, 2024/07/03, 21:03:06.183, 296525795115, testhost.dll, MulticastDelegateUtilities.SafeInvoke: TestCaseEventsHandler.RaiseTestCaseEnd: Invoking callback 1/1 for Microsoft.VisualStudio.TestPlatform.CrossPlatEngine.DataCollection.ProxyOutOfProcDataCollectionManager., took 0 ms.
TpTrace Verbose: 0 : 9192, 16, 2024/07/03, 21:03:06.183, 296525795794, testhost.dll, MulticastDelegateUtilities.SafeInvoke: TestCaseEventsHandler.RaiseTestCaseEnd: Invoking callback 1/1 for Microsoft.VisualStudio.TestPlatform.CrossPlatEngine.DataCollection.ProxyOutOfProcDataCollectionManager., took 0 ms.
TpTrace Verbose: 0 : 9192, 16, 2024/07/03, 21:03:06.183, 296525796286, testhost.dll, TestExecutionRecorder.RecordEnd: test: P7CreateRestApi.Tests.BidListControllerTests.DeleteBid_ShouldReturnNoContent_WhenBidExists execution completed.
TpTrace Verbose: 0 : 9192, 16, 2024/07/03, 21:03:06.183, 296525796700, testhost.dll, TestExecutionRecorder.RecordStart: Starting test: P7CreateRestApi.Tests.BidListControllerTests.GetBidById_ShouldReturnOkResult_WhenBidExists.
TpTrace Verbose: 0 : 9192, 16, 2024/07/03, 21:03:06.184, 296525804387, testhost.dll, MulticastDelegateUtilities.SafeInvoke: TestCaseEventsHandler.RaiseTestCaseStart: Invoking callback 1/1 for Microsoft.VisualStudio.TestPlatform.CrossPlatEngine.DataCollection.ProxyOutOfProcDataCollectionManager., took 0 ms.
TpTrace Verbose: 0 : 9192, 16, 2024/07/03, 21:03:06.184, 296525805508, testhost.dll, TestExecutionRecorder.RecordResult: Received result for test: P7CreateRestApi.Tests.CurveControllerTests.GetAllCurvePoints_ShouldReturnNotFound_WhenNoCurvePointsExist.
TpTrace Verbose: 0 : 9192, 16, 2024/07/03, 21:03:06.185, 296525815429, testhost.dll, MulticastDelegateUtilities.SafeInvoke: TestCaseEventsHandler.RaiseTestCaseEnd: Invoking callback 1/1 for Microsoft.VisualStudio.TestPlatform.CrossPlatEngine.DataCollection.ProxyOutOfProcDataCollectionManager., took 0 ms.
TpTrace Verbose: 0 : 9192, 16, 2024/07/03, 21:03:06.185, 296525816018, testhost.dll, MulticastDelegateUtilities.SafeInvoke: TestCaseEventsHandler.RaiseTestCaseEnd: Invoking callback 1/1 for Microsoft.VisualStudio.TestPlatform.CrossPlatEngine.DataCollection.ProxyOutOfProcDataCollectionManager., took 0 ms.
TpTrace Verbose: 0 : 9192, 16, 2024/07/03, 21:03:06.185, 296525816496, testhost.dll, TestExecutionRecorder.RecordEnd: test: P7CreateRestApi.Tests.CurveControllerTests.GetAllCurvePoints_ShouldReturnNotFound_WhenNoCurvePointsExist execution completed.
TpTrace Verbose: 0 : 9192, 16, 2024/07/03, 21:03:06.185, 296525816821, testhost.dll, TestExecutionRecorder.RecordStart: Starting test: P7CreateRestApi.Tests.CurveControllerTests.GetAllCurvePoints_ShouldReturnOk_WhenCurvePointsExist.
TpTrace Information: 0 : 9192, 16, 2024/07/03, 21:03:06.187, 296525833300, testhost.dll, Sending test run statistics
TpTrace Verbose: 0 : 9192, 16, 2024/07/03, 21:03:06.207, 296526040854, testhost.dll, TestRequestHandler.SendData: sending data from testhost: {"Version":7,"MessageType":"TestExecution.StatsChange","Payload":{"NewTestResults":[{"TestCase":{"Id":"cf42d8ef-66e1-fd5e-7181-e3671b12e6a5","FullyQualifiedName":"P7CreateRestApi.Tests.BidListControllerTests.CreateBid_ShouldReturnBadRequest_WhenBidIsNull","DisplayName":"P7CreateRestApi.Tests.BidListControllerTests.CreateBid_ShouldReturnBadRequest_WhenBidIsNull","ExecutorUri":"executor://xunit/VsTestRunner2/netcoreapp","Source":"C:\\Users\\brandon.ku\\source\\repos\\OCProjet7_Findexium\\P7CreateRestApi.Tests\\bin\\Debug\\net8.0\\fine-code-coverage\\build-output\\P7CreateRestApi.Tests.dll","CodeFilePath":null,"LineNumber":0,"Properties":[]},"Attachments":[],"Outcome":1,"ErrorMessage":null,"ErrorStackTrace":null,"DisplayName":"P7CreateRestApi.Tests.BidListControllerTests.CreateBid_ShouldReturnBadRequest_WhenBidIsNull","Messages":[],"ComputerName":"PB22039","Duration":"00:00:00.1390056","StartTime":"2024-07-03T19:03:06.1465378+00:00","EndTime":"2024-07-03T19:03:06.1465544+00:00","Properties":[]},{"TestCase":{"Id":"de09029b-99f8-60a0-2987-13014700db54","FullyQualifiedName":"P7CreateRestApi.Tests.BidListControllerTests.CreateBid_ShouldReturnBadRequest_WhenBidIsInvalid","DisplayName":"P7CreateRestApi.Tests.BidListControllerTests.CreateBid_ShouldReturnBadRequest_WhenBidIsInvalid","ExecutorUri":"executor://xunit/VsTestRunner2/netcoreapp","Source":"C:\\Users\\brandon.ku\\source\\repos\\OCProjet7_Findexium\\P7CreateRestApi.Tests\\bin\\Debug\\net8.0\\fine-code-coverage\\build-output\\P7CreateRestApi.Tests.dll","CodeFilePath":null,"LineNumber":0,"Properties":[]},"Attachments":[],"Outcome":1,"ErrorMessage":null,"ErrorStackTrace":null,"DisplayName":"P7CreateRestApi.Tests.BidListControllerTests.CreateBid_ShouldReturnBadRequest_WhenBidIsInvalid","Messages":[],"ComputerName":"PB22039","Duration":"00:00:00.0089230","StartTime":"2024-07-03T19:03:06.1692012+00:00","EndTime":"2024-07-03T19:03:06.1692015+00:00","Properties":[]},{"TestCase":{"Id":"dce18ec3-456e-8194-e43e-c34562f8901b","FullyQualifiedName":"P7CreateRestApi.Tests.RatingControllerTests.UpdateRating_ShouldReturnBadRequest_WhenIdDoesNotMatch","DisplayName":"P7CreateRestApi.Tests.RatingControllerTests.UpdateRating_ShouldReturnBadRequest_WhenIdDoesNotMatch","ExecutorUri":"executor://xunit/VsTestRunner2/netcoreapp","Source":"C:\\Users\\brandon.ku\\source\\repos\\OCProjet7_Findexium\\P7CreateRestApi.Tests\\bin\\Debug\\net8.0\\fine-code-coverage\\build-output\\P7CreateRestApi.Tests.dll","CodeFilePath":null,"LineNumber":0,"Properties":[]},"Attachments":[],"Outcome":1,"ErrorMessage":null,"ErrorStackTrace":null,"DisplayName":"P7CreateRestApi.Tests.RatingControllerTests.UpdateRating_ShouldReturnBadRequest_WhenIdDoesNotMatch","Messages":[],"ComputerName":"PB22039","Duration":"00:00:00.1495032","StartTime":"2024-07-03T19:03:06.1718598+00:00","EndTime":"2024-07-03T19:03:06.17186+00:00","Properties":[]},{"TestCase":{"Id":"9e3cb094-b470-9a8b-7db7-414a45b03a0f","FullyQualifiedName":"P7CreateRestApi.Tests.CurveControllerTests.CreateCurvePoint_ShouldReturnInternalServerError_WhenExceptionIsThrown","DisplayName":"P7CreateRestApi.Tests.CurveControllerTests.CreateCurvePoint_ShouldReturnInternalServerError_WhenExceptionIsThrown","ExecutorUri":"executor://xunit/VsTestRunner2/netcoreapp","Source":"C:\\Users\\brandon.ku\\source\\repos\\OCProjet7_Findexium\\P7CreateRestApi.Tests\\bin\\Debug\\net8.0\\fine-code-coverage\\build-output\\P7CreateRestApi.Tests.dll","CodeFilePath":null,"LineNumber":0,"Properties":[]},"Attachments":[],"Outcome":1,"ErrorMessage":null,"ErrorStackTrace":null,"DisplayName":"P7CreateRestApi.Tests.CurveControllerTests.CreateCurvePoint_ShouldReturnInternalServerError_WhenExceptionIsThrown","Messages":[],"ComputerName":"PB22039","Duration":"00:00:00.1556429","StartTime":"2024-07-03T19:03:06.1774091+00:00","EndTime":"2024-07-03T19:03:06.1774093+00:00","Properties":[]},{"TestCase":{"Id":"ca5c2052-a368-50ed-9a9e-6f1898ad3699","FullyQualifiedName":"P7CreateRestApi.Tests.RatingControllerTests.GetRatingById_ShouldReturnInternalServerError_WhenExceptionIsThrown","DisplayName":"P7CreateRestApi.Tests.RatingControllerTests.GetRatingById_ShouldReturnInternalServerError_WhenExceptionIsThrown","ExecutorUri":"executor://xunit/VsTestRunner2/netcoreapp","Source":"C:\\Users\\brandon.ku\\source\\repos\\OCProjet7_Findexium\\P7CreateRestApi.Tests\\bin\\Debug\\net8.0\\fine-code-coverage\\build-output\\P7CreateRestApi.Tests.dll","CodeFilePath":null,"LineNumber":0,"Properties":[]},"Attachments":[],"Outcome":1,"ErrorMessage":null,"ErrorStackTrace":null,"DisplayName":"P7CreateRestApi.Tests.RatingControllerTests.GetRatingById_ShouldReturnInternalServerError_WhenExceptionIsThrown","Messages":[],"ComputerName":"PB22039","Duration":"00:00:00.0033014","StartTime":"2024-07-03T19:03:06.1800224+00:00","EndTime":"2024-07-03T19:03:06.1800224+00:00","Properties":[]},{"TestCase":{"Id":"c1bb44ca-a071-44e2-41ef-9b9e0a553f74","FullyQualifiedName":"P7CreateRestApi.Tests.BidListControllerTests.DeleteBid_ShouldReturnNoContent_WhenBidExists","DisplayName":"P7CreateRestApi.Tests.BidListControllerTests.DeleteBid_ShouldReturnNoContent_WhenBidExists","ExecutorUri":"executor://xunit/VsTestRunner2/netcoreapp","Source":"C:\\Users\\brandon.ku\\source\\repos\\OCProjet7_Findexium\\P7CreateRestApi.Tests\\bin\\Debug\\net8.0\\fine-code-coverage\\build-output\\P7CreateRestApi.Tests.dll","CodeFilePath":null,"LineNumber":0,"Properties":[]},"Attachments":[],"Outcome":1,"ErrorMessage":null,"ErrorStackTrace":null,"DisplayName":"P7CreateRestApi.Tests.BidListControllerTests.DeleteBid_ShouldReturnNoContent_WhenBidExists","Messages":[],"ComputerName":"PB22039","Duration":"00:00:00.0034050","StartTime":"2024-07-03T19:03:06.18241+00:00","EndTime":"2024-07-03T19:03:06.1824101+00:00","Properties":[]},{"TestCase":{"Id":"9d2662ac-6bbc-bada-05bd-44e5dc7ca47c","FullyQualifiedName":"P7CreateRestApi.Tests.CurveControllerTests.GetAllCurvePoints_ShouldReturnNotFound_WhenNoCurvePointsExist","DisplayName":"P7CreateRestApi.Tests.CurveControllerTests.GetAllCurvePoints_ShouldReturnNotFound_WhenNoCurvePointsExist","ExecutorUri":"executor://xunit/VsTestRunner2/netcoreapp","Source":"C:\\Users\\brandon.ku\\source\\repos\\OCProjet7_Findexium\\P7CreateRestApi.Tests\\bin\\Debug\\net8.0\\fine-code-coverage\\build-output\\P7CreateRestApi.Tests.dll","CodeFilePath":null,"LineNumber":0,"Properties":[]},"Attachments":[],"Outcome":1,"ErrorMessage":null,"ErrorStackTrace":null,"DisplayName":"P7CreateRestApi.Tests.CurveControllerTests.GetAllCurvePoints_ShouldReturnNotFound_WhenNoCurvePointsExist","Messages":[],"ComputerName":"PB22039","Duration":"00:00:00.0027676","StartTime":"2024-07-03T19:03:06.1843834+00:00","EndTime":"2024-07-03T19:03:06.1843835+00:00","Properties":[]}],"TestRunStatistics":{"ExecutedTests":7,"Stats":{"Passed":7}},"ActiveTests":[{"Id":"e0912312-0c28-ab99-e524-1399dc0d2284","FullyQualifiedName":"P7CreateRestApi.Tests.RatingControllerTests.CreateRating_ShouldReturnInternalServerError_WhenExceptionIsThrown","DisplayName":"P7CreateRestApi.Tests.RatingControllerTests.CreateRating_ShouldReturnInternalServerError_WhenExceptionIsThrown","ExecutorUri":"executor://xunit/VsTestRunner2/netcoreapp","Source":"C:\\Users\\brandon.ku\\source\\repos\\OCProjet7_Findexium\\P7CreateRestApi.Tests\\bin\\Debug\\net8.0\\fine-code-coverage\\build-output\\P7CreateRestApi.Tests.dll","CodeFilePath":null,"LineNumber":0,"Properties":[]},{"Id":"10c5f168-5d72-0a7a-2050-f6d963d2cf31","FullyQualifiedName":"P7CreateRestApi.Tests.BidListControllerTests.GetBidById_ShouldReturnOkResult_WhenBidExists","DisplayName":"P7CreateRestApi.Tests.BidListControllerTests.GetBidById_ShouldReturnOkResult_WhenBidExists","ExecutorUri":"executor://xunit/VsTestRunner2/netcoreapp","Source":"C:\\Users\\brandon.ku\\source\\repos\\OCProjet7_Findexium\\P7CreateRestApi.Tests\\bin\\Debug\\net8.0\\fine-code-coverage\\build-output\\P7CreateRestApi.Tests.dll","CodeFilePath":null,"LineNumber":0,"Properties":[]},{"Id":"f92623e0-a1d8-9f96-fb61-fcd8650227c0","FullyQualifiedName":"P7CreateRestApi.Tests.CurveControllerTests.GetAllCurvePoints_ShouldReturnOk_WhenCurvePointsExist","DisplayName":"P7CreateRestApi.Tests.CurveControllerTests.GetAllCurvePoints_ShouldReturnOk_WhenCurvePointsExist","ExecutorUri":"executor://xunit/VsTestRunner2/netcoreapp","Source":"C:\\Users\\brandon.ku\\source\\repos\\OCProjet7_Findexium\\P7CreateRestApi.Tests\\bin\\Debug\\net8.0\\fine-code-coverage\\build-output\\P7CreateRestApi.Tests.dll","CodeFilePath":null,"LineNumber":0,"Properties":[]}]}}
TpTrace Verbose: 0 : 9192, 16, 2024/07/03, 21:03:06.208, 296526044397, testhost.dll, TestRunCache: OnNewTestResult: Notified the onCacheHit callback.
TpTrace Verbose: 0 : 9192, 16, 2024/07/03, 21:03:06.209, 296526058859, testhost.dll, MulticastDelegateUtilities.SafeInvoke: TestCaseEventsHandler.RaiseTestCaseStart: Invoking callback 1/1 for Microsoft.VisualStudio.TestPlatform.CrossPlatEngine.DataCollection.ProxyOutOfProcDataCollectionManager., took 1 ms.
TpTrace Verbose: 0 : 9192, 16, 2024/07/03, 21:03:06.209, 296526060440, testhost.dll, TestExecutionRecorder.RecordResult: Received result for test: P7CreateRestApi.Tests.BidListControllerTests.GetBidById_ShouldReturnOkResult_WhenBidExists.
TpTrace Verbose: 0 : 9192, 16, 2024/07/03, 21:03:06.211, 296526072361, testhost.dll, MulticastDelegateUtilities.SafeInvoke: TestCaseEventsHandler.RaiseTestCaseEnd: Invoking callback 1/1 for Microsoft.VisualStudio.TestPlatform.CrossPlatEngine.DataCollection.ProxyOutOfProcDataCollectionManager., took 1 ms.
TpTrace Verbose: 0 : 9192, 16, 2024/07/03, 21:03:06.211, 296526073908, testhost.dll, MulticastDelegateUtilities.SafeInvoke: TestCaseEventsHandler.RaiseTestCaseEnd: Invoking callback 1/1 for Microsoft.VisualStudio.TestPlatform.CrossPlatEngine.DataCollection.ProxyOutOfProcDataCollectionManager., took 0 ms.
TpTrace Warning: 0 : 9192, 16, 2024/07/03, 21:03:06.211, 296526074523, testhost.dll, TestRunCache: InProgressTests is null
TpTrace Warning: 0 : 9192, 16, 2024/07/03, 21:03:06.211, 296526075875, testhost.dll, TestRunCache: No test found corresponding to testResult 'P7CreateRestApi.Tests.BidListControllerTests.GetBidById_ShouldReturnOkResult_WhenBidExists' in inProgress list.
TpTrace Verbose: 0 : 9192, 16, 2024/07/03, 21:03:06.211, 296526076973, testhost.dll, TestExecutionRecorder.RecordEnd: test: P7CreateRestApi.Tests.BidListControllerTests.GetBidById_ShouldReturnOkResult_WhenBidExists execution completed.
TpTrace Warning: 0 : 9192, 16, 2024/07/03, 21:03:06.211, 296526077382, testhost.dll, TestRunCache: InProgressTests is null
TpTrace Verbose: 0 : 9192, 16, 2024/07/03, 21:03:06.211, 296526078023, testhost.dll, TestExecutionRecorder.RecordStart: Starting test: P7CreateRestApi.Tests.BidListControllerTests.GetBidById_ShouldReturnNotFound_WhenBidDoesNotExist.
TpTrace Verbose: 0 : 9192, 16, 2024/07/03, 21:03:06.213, 296526092836, testhost.dll, MulticastDelegateUtilities.SafeInvoke: TestCaseEventsHandler.RaiseTestCaseStart: Invoking callback 1/1 for Microsoft.VisualStudio.TestPlatform.CrossPlatEngine.DataCollection.ProxyOutOfProcDataCollectionManager., took 1 ms.
TpTrace Verbose: 0 : 9192, 16, 2024/07/03, 21:03:06.213, 296526094176, testhost.dll, TestExecutionRecorder.RecordResult: Received result for test: P7CreateRestApi.Tests.RatingControllerTests.CreateRating_ShouldReturnInternalServerError_WhenExceptionIsThrown.
TpTrace Verbose: 0 : 9192, 16, 2024/07/03, 21:03:06.214, 296526110099, testhost.dll, MulticastDelegateUtilities.SafeInvoke: TestCaseEventsHandler.RaiseTestCaseEnd: Invoking callback 1/1 for Microsoft.VisualStudio.TestPlatform.CrossPlatEngine.DataCollection.ProxyOutOfProcDataCollectionManager., took 1 ms.
TpTrace Verbose: 0 : 9192, 16, 2024/07/03, 21:03:06.215, 296526111647, testhost.dll, MulticastDelegateUtilities.SafeInvoke: TestCaseEventsHandler.RaiseTestCaseEnd: Invoking callback 1/1 for Microsoft.VisualStudio.TestPlatform.CrossPlatEngine.DataCollection.ProxyOutOfProcDataCollectionManager., took 0 ms.
TpTrace Warning: 0 : 9192, 16, 2024/07/03, 21:03:06.215, 296526112245, testhost.dll, TestRunCache: No test found corresponding to testResult 'P7CreateRestApi.Tests.RatingControllerTests.CreateRating_ShouldReturnInternalServerError_WhenExceptionIsThrown' in inProgress list.
TpTrace Verbose: 0 : 9192, 16, 2024/07/03, 21:03:06.215, 296526113049, testhost.dll, TestExecutionRecorder.RecordEnd: test: P7CreateRestApi.Tests.RatingControllerTests.CreateRating_ShouldReturnInternalServerError_WhenExceptionIsThrown execution completed.
TpTrace Verbose: 0 : 9192, 16, 2024/07/03, 21:03:06.215, 296526113408, testhost.dll, TestExecutionRecorder.RecordStart: Starting test: P7CreateRestApi.Tests.RatingControllerTests.GetRatingById_ShouldReturnNotFound_WhenRatingDoesNotExist.
TpTrace Verbose: 0 : 9192, 16, 2024/07/03, 21:03:06.216, 296526125116, testhost.dll, MulticastDelegateUtilities.SafeInvoke: TestCaseEventsHandler.RaiseTestCaseStart: Invoking callback 1/1 for Microsoft.VisualStudio.TestPlatform.CrossPlatEngine.DataCollection.ProxyOutOfProcDataCollectionManager., took 1 ms.
TpTrace Verbose: 0 : 9192, 16, 2024/07/03, 21:03:06.216, 296526126363, testhost.dll, TestExecutionRecorder.RecordResult: Received result for test: P7CreateRestApi.Tests.BidListControllerTests.GetBidById_ShouldReturnNotFound_WhenBidDoesNotExist.
TpTrace Verbose: 0 : 9192, 16, 2024/07/03, 21:03:06.217, 296526141209, testhost.dll, MulticastDelegateUtilities.SafeInvoke: TestCaseEventsHandler.RaiseTestCaseEnd: Invoking callback 1/1 for Microsoft.VisualStudio.TestPlatform.CrossPlatEngine.DataCollection.ProxyOutOfProcDataCollectionManager., took 1 ms.
TpTrace Verbose: 0 : 9192, 16, 2024/07/03, 21:03:06.218, 296526143514, testhost.dll, MulticastDelegateUtilities.SafeInvoke: TestCaseEventsHandler.RaiseTestCaseEnd: Invoking callback 1/1 for Microsoft.VisualStudio.TestPlatform.CrossPlatEngine.DataCollection.ProxyOutOfProcDataCollectionManager., took 0 ms.
TpTrace Verbose: 0 : 9192, 16, 2024/07/03, 21:03:06.218, 296526144323, testhost.dll, TestExecutionRecorder.RecordEnd: test: P7CreateRestApi.Tests.BidListControllerTests.GetBidById_ShouldReturnNotFound_WhenBidDoesNotExist execution completed.
TpTrace Verbose: 0 : 9192, 16, 2024/07/03, 21:03:06.218, 296526145103, testhost.dll, TestExecutionRecorder.RecordStart: Starting test: P7CreateRestApi.Tests.BidListControllerTests.DeleteBid_ShouldReturnNotFound_WhenBidDoesNotExist.
TpTrace Verbose: 0 : 9192, 16, 2024/07/03, 21:03:06.219, 296526157102, testhost.dll, MulticastDelegateUtilities.SafeInvoke: TestCaseEventsHandler.RaiseTestCaseStart: Invoking callback 1/1 for Microsoft.VisualStudio.TestPlatform.CrossPlatEngine.DataCollection.ProxyOutOfProcDataCollectionManager., took 1 ms.
TpTrace Verbose: 0 : 9192, 16, 2024/07/03, 21:03:06.219, 296526158823, testhost.dll, TestExecutionRecorder.RecordResult: Received result for test: P7CreateRestApi.Tests.RatingControllerTests.GetRatingById_ShouldReturnNotFound_WhenRatingDoesNotExist.
TpTrace Verbose: 0 : 9192, 16, 2024/07/03, 21:03:06.220, 296526171051, testhost.dll, MulticastDelegateUtilities.SafeInvoke: TestCaseEventsHandler.RaiseTestCaseEnd: Invoking callback 1/1 for Microsoft.VisualStudio.TestPlatform.CrossPlatEngine.DataCollection.ProxyOutOfProcDataCollectionManager., took 1 ms.
TpTrace Verbose: 0 : 9192, 16, 2024/07/03, 21:03:06.221, 296526172734, testhost.dll, MulticastDelegateUtilities.SafeInvoke: TestCaseEventsHandler.RaiseTestCaseEnd: Invoking callback 1/1 for Microsoft.VisualStudio.TestPlatform.CrossPlatEngine.DataCollection.ProxyOutOfProcDataCollectionManager., took 0 ms.
TpTrace Verbose: 0 : 9192, 16, 2024/07/03, 21:03:06.221, 296526173845, testhost.dll, TestExecutionRecorder.RecordEnd: test: P7CreateRestApi.Tests.RatingControllerTests.GetRatingById_ShouldReturnNotFound_WhenRatingDoesNotExist execution completed.
TpTrace Verbose: 0 : 9192, 16, 2024/07/03, 21:03:06.221, 296526174278, testhost.dll, TestExecutionRecorder.RecordStart: Starting test: P7CreateRestApi.Tests.RatingControllerTests.DeleteRating_ShouldReturnNoContent_WhenDeleteIsSuccessful.
TpTrace Verbose: 0 : 9192, 16, 2024/07/03, 21:03:06.222, 296526185353, testhost.dll, MulticastDelegateUtilities.SafeInvoke: TestCaseEventsHandler.RaiseTestCaseStart: Invoking callback 1/1 for Microsoft.VisualStudio.TestPlatform.CrossPlatEngine.DataCollection.ProxyOutOfProcDataCollectionManager., took 1 ms.
TpTrace Verbose: 0 : 9192, 16, 2024/07/03, 21:03:06.222, 296526187175, testhost.dll, TestExecutionRecorder.RecordResult: Received result for test: P7CreateRestApi.Tests.BidListControllerTests.DeleteBid_ShouldReturnNotFound_WhenBidDoesNotExist.
TpTrace Verbose: 0 : 9192, 16, 2024/07/03, 21:03:06.223, 296526198249, testhost.dll, MulticastDelegateUtilities.SafeInvoke: TestCaseEventsHandler.RaiseTestCaseEnd: Invoking callback 1/1 for Microsoft.VisualStudio.TestPlatform.CrossPlatEngine.DataCollection.ProxyOutOfProcDataCollectionManager., took 1 ms.
TpTrace Verbose: 0 : 9192, 16, 2024/07/03, 21:03:06.223, 296526199080, testhost.dll, MulticastDelegateUtilities.SafeInvoke: TestCaseEventsHandler.RaiseTestCaseEnd: Invoking callback 1/1 for Microsoft.VisualStudio.TestPlatform.CrossPlatEngine.DataCollection.ProxyOutOfProcDataCollectionManager., took 0 ms.
TpTrace Verbose: 0 : 9192, 16, 2024/07/03, 21:03:06.223, 296526199939, testhost.dll, TestExecutionRecorder.RecordEnd: test: P7CreateRestApi.Tests.BidListControllerTests.DeleteBid_ShouldReturnNotFound_WhenBidDoesNotExist execution completed.
TpTrace Verbose: 0 : 9192, 16, 2024/07/03, 21:03:06.223, 296526200306, testhost.dll, TestExecutionRecorder.RecordStart: Starting test: P7CreateRestApi.Tests.BidListControllerTests.CreateBid_ShouldReturnCreatedAtActionResult_WhenBidIsValid.
TpTrace Verbose: 0 : 9192, 16, 2024/07/03, 21:03:06.225, 296526213060, testhost.dll, MulticastDelegateUtilities.SafeInvoke: TestCaseEventsHandler.RaiseTestCaseStart: Invoking callback 1/1 for Microsoft.VisualStudio.TestPlatform.CrossPlatEngine.DataCollection.ProxyOutOfProcDataCollectionManager., took 1 ms.
TpTrace Verbose: 0 : 9192, 16, 2024/07/03, 21:03:06.225, 296526214167, testhost.dll, TestExecutionRecorder.RecordResult: Received result for test: P7CreateRestApi.Tests.CurveControllerTests.GetAllCurvePoints_ShouldReturnOk_WhenCurvePointsExist.
TpTrace Verbose: 0 : 9192, 16, 2024/07/03, 21:03:06.226, 296526226379, testhost.dll, MulticastDelegateUtilities.SafeInvoke: TestCaseEventsHandler.RaiseTestCaseEnd: Invoking callback 1/1 for Microsoft.VisualStudio.TestPlatform.CrossPlatEngine.DataCollection.ProxyOutOfProcDataCollectionManager., took 1 ms.
TpTrace Verbose: 0 : 9192, 16, 2024/07/03, 21:03:06.226, 296526227501, testhost.dll, MulticastDelegateUtilities.SafeInvoke: TestCaseEventsHandler.RaiseTestCaseEnd: Invoking callback 1/1 for Microsoft.VisualStudio.TestPlatform.CrossPlatEngine.DataCollection.ProxyOutOfProcDataCollectionManager., took 0 ms.
TpTrace Warning: 0 : 9192, 16, 2024/07/03, 21:03:06.226, 296526227931, testhost.dll, TestRunCache: No test found corresponding to testResult 'P7CreateRestApi.Tests.CurveControllerTests.GetAllCurvePoints_ShouldReturnOk_WhenCurvePointsExist' in inProgress list.
TpTrace Verbose: 0 : 9192, 16, 2024/07/03, 21:03:06.226, 296526228858, testhost.dll, TestExecutionRecorder.RecordEnd: test: P7CreateRestApi.Tests.CurveControllerTests.GetAllCurvePoints_ShouldReturnOk_WhenCurvePointsExist execution completed.
TpTrace Verbose: 0 : 9192, 16, 2024/07/03, 21:03:06.226, 296526229370, testhost.dll, TestExecutionRecorder.RecordStart: Starting test: P7CreateRestApi.Tests.CurveControllerTests.CreateCurvePoint_ShouldReturnCreated_WhenCurvePointIsValid.
TpTrace Verbose: 0 : 9192, 16, 2024/07/03, 21:03:06.228, 296526246314, testhost.dll, MulticastDelegateUtilities.SafeInvoke: TestCaseEventsHandler.RaiseTestCaseStart: Invoking callback 1/1 for Microsoft.VisualStudio.TestPlatform.CrossPlatEngine.DataCollection.ProxyOutOfProcDataCollectionManager., took 1 ms.
TpTrace Verbose: 0 : 9192, 16, 2024/07/03, 21:03:06.228, 296526247435, testhost.dll, TestExecutionRecorder.RecordResult: Received result for test: P7CreateRestApi.Tests.RatingControllerTests.DeleteRating_ShouldReturnNoContent_WhenDeleteIsSuccessful.
TpTrace Verbose: 0 : 9192, 16, 2024/07/03, 21:03:06.229, 296526258067, testhost.dll, MulticastDelegateUtilities.SafeInvoke: TestCaseEventsHandler.RaiseTestCaseEnd: Invoking callback 1/1 for Microsoft.VisualStudio.TestPlatform.CrossPlatEngine.DataCollection.ProxyOutOfProcDataCollectionManager., took 1 ms.
TpTrace Verbose: 0 : 9192, 16, 2024/07/03, 21:03:06.229, 296526259581, testhost.dll, MulticastDelegateUtilities.SafeInvoke: TestCaseEventsHandler.RaiseTestCaseEnd: Invoking callback 1/1 for Microsoft.VisualStudio.TestPlatform.CrossPlatEngine.DataCollection.ProxyOutOfProcDataCollectionManager., took 0 ms.
TpTrace Verbose: 0 : 9192, 16, 2024/07/03, 21:03:06.229, 296526260539, testhost.dll, TestExecutionRecorder.RecordEnd: test: P7CreateRestApi.Tests.RatingControllerTests.DeleteRating_ShouldReturnNoContent_WhenDeleteIsSuccessful execution completed.
TpTrace Verbose: 0 : 9192, 16, 2024/07/03, 21:03:06.229, 296526261192, testhost.dll, TestExecutionRecorder.RecordStart: Starting test: P7CreateRestApi.Tests.RatingControllerTests.CreateRating_ShouldReturnCreated_WhenRatingIsValid.
TpTrace Information: 0 : 9192, 16, 2024/07/03, 21:03:06.230, 296526262168, testhost.dll, Sending test run statistics
TpTrace Verbose: 0 : 9192, 16, 2024/07/03, 21:03:06.231, 296526275552, testhost.dll, TestRequestHandler.SendData: sending data from testhost: {"Version":7,"MessageType":"TestExecution.StatsChange","Payload":{"NewTestResults":[{"TestCase":{"Id":"10c5f168-5d72-0a7a-2050-f6d963d2cf31","FullyQualifiedName":"P7CreateRestApi.Tests.BidListControllerTests.GetBidById_ShouldReturnOkResult_WhenBidExists","DisplayName":"P7CreateRestApi.Tests.BidListControllerTests.GetBidById_ShouldReturnOkResult_WhenBidExists","ExecutorUri":"executor://xunit/VsTestRunner2/netcoreapp","Source":"C:\\Users\\brandon.ku\\source\\repos\\OCProjet7_Findexium\\P7CreateRestApi.Tests\\bin\\Debug\\net8.0\\fine-code-coverage\\build-output\\P7CreateRestApi.Tests.dll","CodeFilePath":null,"LineNumber":0,"Properties":[]},"Attachments":[],"Outcome":1,"ErrorMessage":null,"ErrorStackTrace":null,"DisplayName":"P7CreateRestApi.Tests.BidListControllerTests.GetBidById_ShouldReturnOkResult_WhenBidExists","Messages":[],"ComputerName":"PB22039","Duration":"00:00:00.0017957","StartTime":"2024-07-03T19:03:06.2098732+00:00","EndTime":"2024-07-03T19:03:06.2098732+00:00","Properties":[]},{"TestCase":{"Id":"e0912312-0c28-ab99-e524-1399dc0d2284","FullyQualifiedName":"P7CreateRestApi.Tests.RatingControllerTests.CreateRating_ShouldReturnInternalServerError_WhenExceptionIsThrown","DisplayName":"P7CreateRestApi.Tests.RatingControllerTests.CreateRating_ShouldReturnInternalServerError_WhenExceptionIsThrown","ExecutorUri":"executor://xunit/VsTestRunner2/netcoreapp","Source":"C:\\Users\\brandon.ku\\source\\repos\\OCProjet7_Findexium\\P7CreateRestApi.Tests\\bin\\Debug\\net8.0\\fine-code-coverage\\build-output\\P7CreateRestApi.Tests.dll","CodeFilePath":null,"LineNumber":0,"Properties":[]},"Attachments":[],"Outcome":1,"ErrorMessage":null,"ErrorStackTrace":null,"DisplayName":"P7CreateRestApi.Tests.RatingControllerTests.CreateRating_ShouldReturnInternalServerError_WhenExceptionIsThrown","Messages":[],"ComputerName":"PB22039","Duration":"00:00:00.0023264","StartTime":"2024-07-03T19:03:06.2132481+00:00","EndTime":"2024-07-03T19:03:06.2132481+00:00","Properties":[]},{"TestCase":{"Id":"7c615cc4-c2d8-e4b8-86b0-8ec73f01a4da","FullyQualifiedName":"P7CreateRestApi.Tests.BidListControllerTests.GetBidById_ShouldReturnNotFound_WhenBidDoesNotExist","DisplayName":"P7CreateRestApi.Tests.BidListControllerTests.GetBidById_ShouldReturnNotFound_WhenBidDoesNotExist","ExecutorUri":"executor://xunit/VsTestRunner2/netcoreapp","Source":"C:\\Users\\brandon.ku\\source\\repos\\OCProjet7_Findexium\\P7CreateRestApi.Tests\\bin\\Debug\\net8.0\\fine-code-coverage\\build-output\\P7CreateRestApi.Tests.dll","CodeFilePath":null,"LineNumber":0,"Properties":[]},"Attachments":[],"Outcome":1,"ErrorMessage":null,"ErrorStackTrace":null,"DisplayName":"P7CreateRestApi.Tests.BidListControllerTests.GetBidById_ShouldReturnNotFound_WhenBidDoesNotExist","Messages":[],"ComputerName":"PB22039","Duration":"00:00:00.0007607","StartTime":"2024-07-03T19:03:06.2164648+00:00","EndTime":"2024-07-03T19:03:06.216465+00:00","Properties":[]},{"TestCase":{"Id":"459fe1c8-27b8-b5f7-3589-e3fe594225b8","FullyQualifiedName":"P7CreateRestApi.Tests.RatingControllerTests.GetRatingById_ShouldReturnNotFound_WhenRatingDoesNotExist","DisplayName":"P7CreateRestApi.Tests.RatingControllerTests.GetRatingById_ShouldReturnNotFound_WhenRatingDoesNotExist","ExecutorUri":"executor://xunit/VsTestRunner2/netcoreapp","Source":"C:\\Users\\brandon.ku\\source\\repos\\OCProjet7_Findexium\\P7CreateRestApi.Tests\\bin\\Debug\\net8.0\\fine-code-coverage\\build-output\\P7CreateRestApi.Tests.dll","CodeFilePath":null,"LineNumber":0,"Properties":[]},"Attachments":[],"Outcome":1,"ErrorMessage":null,"ErrorStackTrace":null,"DisplayName":"P7CreateRestApi.Tests.RatingControllerTests.GetRatingById_ShouldReturnNotFound_WhenRatingDoesNotExist","Messages":[],"ComputerName":"PB22039","Duration":"00:00:00.0007335","StartTime":"2024-07-03T19:03:06.2197118+00:00","EndTime":"2024-07-03T19:03:06.219712+00:00","Properties":[]},{"TestCase":{"Id":"baa7d328-c5e1-9359-c854-92e8c2cdb70d","FullyQualifiedName":"P7CreateRestApi.Tests.BidListControllerTests.DeleteBid_ShouldReturnNotFound_WhenBidDoesNotExist","DisplayName":"P7CreateRestApi.Tests.BidListControllerTests.DeleteBid_ShouldReturnNotFound_WhenBidDoesNotExist","ExecutorUri":"executor://xunit/VsTestRunner2/netcoreapp","Source":"C:\\Users\\brandon.ku\\source\\repos\\OCProjet7_Findexium\\P7CreateRestApi.Tests\\bin\\Debug\\net8.0\\fine-code-coverage\\build-output\\P7CreateRestApi.Tests.dll","CodeFilePath":null,"LineNumber":0,"Properties":[]},"Attachments":[],"Outcome":1,"ErrorMessage":null,"ErrorStackTrace":null,"DisplayName":"P7CreateRestApi.Tests.BidListControllerTests.DeleteBid_ShouldReturnNotFound_WhenBidDoesNotExist","Messages":[],"ComputerName":"PB22039","Duration":"00:00:00.0007546","StartTime":"2024-07-03T19:03:06.2225472+00:00","EndTime":"2024-07-03T19:03:06.2225473+00:00","Properties":[]},{"TestCase":{"Id":"f92623e0-a1d8-9f96-fb61-fcd8650227c0","FullyQualifiedName":"P7CreateRestApi.Tests.CurveControllerTests.GetAllCurvePoints_ShouldReturnOk_WhenCurvePointsExist","DisplayName":"P7CreateRestApi.Tests.CurveControllerTests.GetAllCurvePoints_ShouldReturnOk_WhenCurvePointsExist","ExecutorUri":"executor://xunit/VsTestRunner2/netcoreapp","Source":"C:\\Users\\brandon.ku\\source\\repos\\OCProjet7_Findexium\\P7CreateRestApi.Tests\\bin\\Debug\\net8.0\\fine-code-coverage\\build-output\\P7CreateRestApi.Tests.dll","CodeFilePath":null,"LineNumber":0,"Properties":[]},"Attachments":[],"Outcome":1,"ErrorMessage":null,"ErrorStackTrace":null,"DisplayName":"P7CreateRestApi.Tests.CurveControllerTests.GetAllCurvePoints_ShouldReturnOk_WhenCurvePointsExist","Messages":[],"ComputerName":"PB22039","Duration":"00:00:00.0031762","StartTime":"2024-07-03T19:03:06.2252465+00:00","EndTime":"2024-07-03T19:03:06.2252467+00:00","Properties":[]},{"TestCase":{"Id":"4f0b5aa7-f6b1-2b3e-929f-3ed705be73d2","FullyQualifiedName":"P7CreateRestApi.Tests.RatingControllerTests.DeleteRating_ShouldReturnNoContent_WhenDeleteIsSuccessful","DisplayName":"P7CreateRestApi.Tests.RatingControllerTests.DeleteRating_ShouldReturnNoContent_WhenDeleteIsSuccessful","ExecutorUri":"executor://xunit/VsTestRunner2/netcoreapp","Source":"C:\\Users\\brandon.ku\\source\\repos\\OCProjet7_Findexium\\P7CreateRestApi.Tests\\bin\\Debug\\net8.0\\fine-code-coverage\\build-output\\P7CreateRestApi.Tests.dll","CodeFilePath":null,"LineNumber":0,"Properties":[]},"Attachments":[],"Outcome":1,"ErrorMessage":null,"ErrorStackTrace":null,"DisplayName":"P7CreateRestApi.Tests.RatingControllerTests.DeleteRating_ShouldReturnNoContent_WhenDeleteIsSuccessful","Messages":[],"ComputerName":"PB22039","Duration":"00:00:00.0025346","StartTime":"2024-07-03T19:03:06.2285737+00:00","EndTime":"2024-07-03T19:03:06.2285738+00:00","Properties":[]}],"TestRunStatistics":{"ExecutedTests":14,"Stats":{"Passed":14}},"ActiveTests":[{"Id":"4bc50b7e-0b61-f118-5932-06c21b0d7c49","FullyQualifiedName":"P7CreateRestApi.Tests.BidListControllerTests.CreateBid_ShouldReturnCreatedAtActionResult_WhenBidIsValid","DisplayName":"P7CreateRestApi.Tests.BidListControllerTests.CreateBid_ShouldReturnCreatedAtActionResult_WhenBidIsValid","ExecutorUri":"executor://xunit/VsTestRunner2/netcoreapp","Source":"C:\\Users\\brandon.ku\\source\\repos\\OCProjet7_Findexium\\P7CreateRestApi.Tests\\bin\\Debug\\net8.0\\fine-code-coverage\\build-output\\P7CreateRestApi.Tests.dll","CodeFilePath":null,"LineNumber":0,"Properties":[]},{"Id":"a1ca303c-dbfe-01e3-445a-b2746f60d716","FullyQualifiedName":"P7CreateRestApi.Tests.CurveControllerTests.CreateCurvePoint_ShouldReturnCreated_WhenCurvePointIsValid","DisplayName":"P7CreateRestApi.Tests.CurveControllerTests.CreateCurvePoint_ShouldReturnCreated_WhenCurvePointIsValid","ExecutorUri":"executor://xunit/VsTestRunner2/netcoreapp","Source":"C:\\Users\\brandon.ku\\source\\repos\\OCProjet7_Findexium\\P7CreateRestApi.Tests\\bin\\Debug\\net8.0\\fine-code-coverage\\build-output\\P7CreateRestApi.Tests.dll","CodeFilePath":null,"LineNumber":0,"Properties":[]},{"Id":"f88fe1f4-d2d9-c6bc-c591-58b79ced9cbd","FullyQualifiedName":"P7CreateRestApi.Tests.RatingControllerTests.CreateRating_ShouldReturnCreated_WhenRatingIsValid","DisplayName":"P7CreateRestApi.Tests.RatingControllerTests.CreateRating_ShouldReturnCreated_WhenRatingIsValid","ExecutorUri":"executor://xunit/VsTestRunner2/netcoreapp","Source":"C:\\Users\\brandon.ku\\source\\repos\\OCProjet7_Findexium\\P7CreateRestApi.Tests\\bin\\Debug\\net8.0\\fine-code-coverage\\build-output\\P7CreateRestApi.Tests.dll","CodeFilePath":null,"LineNumber":0,"Properties":[]}]}}
TpTrace Verbose: 0 : 9192, 16, 2024/07/03, 21:03:06.231, 296526277204, testhost.dll, TestRunCache: OnNewTestResult: Notified the onCacheHit callback.
TpTrace Verbose: 0 : 9192, 16, 2024/07/03, 21:03:06.232, 296526287259, testhost.dll, MulticastDelegateUtilities.SafeInvoke: TestCaseEventsHandler.RaiseTestCaseStart: Invoking callback 1/1 for Microsoft.VisualStudio.TestPlatform.CrossPlatEngine.DataCollection.ProxyOutOfProcDataCollectionManager., took 0 ms.
TpTrace Verbose: 0 : 9192, 16, 2024/07/03, 21:03:06.232, 296526288473, testhost.dll, TestExecutionRecorder.RecordResult: Received result for test: P7CreateRestApi.Tests.RatingControllerTests.CreateRating_ShouldReturnCreated_WhenRatingIsValid.
TpTrace Verbose: 0 : 9192, 16, 2024/07/03, 21:03:06.233, 296526299289, testhost.dll, MulticastDelegateUtilities.SafeInvoke: TestCaseEventsHandler.RaiseTestCaseEnd: Invoking callback 1/1 for Microsoft.VisualStudio.TestPlatform.CrossPlatEngine.DataCollection.ProxyOutOfProcDataCollectionManager., took 1 ms.
TpTrace Verbose: 0 : 9192, 16, 2024/07/03, 21:03:06.233, 296526299973, testhost.dll, MulticastDelegateUtilities.SafeInvoke: TestCaseEventsHandler.RaiseTestCaseEnd: Invoking callback 1/1 for Microsoft.VisualStudio.TestPlatform.CrossPlatEngine.DataCollection.ProxyOutOfProcDataCollectionManager., took 0 ms.
TpTrace Warning: 0 : 9192, 16, 2024/07/03, 21:03:06.233, 296526300278, testhost.dll, TestRunCache: InProgressTests is null
TpTrace Warning: 0 : 9192, 16, 2024/07/03, 21:03:06.233, 296526300489, testhost.dll, TestRunCache: No test found corresponding to testResult 'P7CreateRestApi.Tests.RatingControllerTests.CreateRating_ShouldReturnCreated_WhenRatingIsValid' in inProgress list.
TpTrace Verbose: 0 : 9192, 16, 2024/07/03, 21:03:06.233, 296526300893, testhost.dll, TestExecutionRecorder.RecordEnd: test: P7CreateRestApi.Tests.RatingControllerTests.CreateRating_ShouldReturnCreated_WhenRatingIsValid execution completed.
TpTrace Warning: 0 : 9192, 16, 2024/07/03, 21:03:06.233, 296526301080, testhost.dll, TestRunCache: InProgressTests is null
TpTrace Verbose: 0 : 9192, 16, 2024/07/03, 21:03:06.233, 296526301388, testhost.dll, TestExecutionRecorder.RecordStart: Starting test: P7CreateRestApi.Tests.RatingControllerTests.UpdateRating_ShouldReturnInternalServerError_WhenExceptionIsThrown.
TpTrace Verbose: 0 : 9192, 16, 2024/07/03, 21:03:06.234, 296526309281, testhost.dll, MulticastDelegateUtilities.SafeInvoke: TestCaseEventsHandler.RaiseTestCaseStart: Invoking callback 1/1 for Microsoft.VisualStudio.TestPlatform.CrossPlatEngine.DataCollection.ProxyOutOfProcDataCollectionManager., took 0 ms.
TpTrace Verbose: 0 : 9192, 16, 2024/07/03, 21:03:06.234, 296526310115, testhost.dll, TestExecutionRecorder.RecordResult: Received result for test: P7CreateRestApi.Tests.CurveControllerTests.CreateCurvePoint_ShouldReturnCreated_WhenCurvePointIsValid.
TpTrace Verbose: 0 : 9192, 16, 2024/07/03, 21:03:06.235, 296526318510, testhost.dll, MulticastDelegateUtilities.SafeInvoke: TestCaseEventsHandler.RaiseTestCaseEnd: Invoking callback 1/1 for Microsoft.VisualStudio.TestPlatform.CrossPlatEngine.DataCollection.ProxyOutOfProcDataCollectionManager., took 0 ms.
TpTrace Verbose: 0 : 9192, 16, 2024/07/03, 21:03:06.235, 296526319174, testhost.dll, MulticastDelegateUtilities.SafeInvoke: TestCaseEventsHandler.RaiseTestCaseEnd: Invoking callback 1/1 for Microsoft.VisualStudio.TestPlatform.CrossPlatEngine.DataCollection.ProxyOutOfProcDataCollectionManager., took 0 ms.
TpTrace Warning: 0 : 9192, 16, 2024/07/03, 21:03:06.235, 296526319510, testhost.dll, TestRunCache: No test found corresponding to testResult 'P7CreateRestApi.Tests.CurveControllerTests.CreateCurvePoint_ShouldReturnCreated_WhenCurvePointIsValid' in inProgress list.
TpTrace Verbose: 0 : 9192, 16, 2024/07/03, 21:03:06.235, 296526319912, testhost.dll, TestExecutionRecorder.RecordEnd: test: P7CreateRestApi.Tests.CurveControllerTests.CreateCurvePoint_ShouldReturnCreated_WhenCurvePointIsValid execution completed.
TpTrace Verbose: 0 : 9192, 16, 2024/07/03, 21:03:06.235, 296526320267, testhost.dll, TestExecutionRecorder.RecordStart: Starting test: P7CreateRestApi.Tests.CurveControllerTests.GetAllCurvePoints_ShouldReturnInternalServerError_WhenExceptionIsThrown.
TpTrace Verbose: 0 : 9192, 16, 2024/07/03, 21:03:06.236, 296526329002, testhost.dll, MulticastDelegateUtilities.SafeInvoke: TestCaseEventsHandler.RaiseTestCaseStart: Invoking callback 1/1 for Microsoft.VisualStudio.TestPlatform.CrossPlatEngine.DataCollection.ProxyOutOfProcDataCollectionManager., took 0 ms.
TpTrace Verbose: 0 : 9192, 16, 2024/07/03, 21:03:06.236, 296526329748, testhost.dll, TestExecutionRecorder.RecordResult: Received result for test: P7CreateRestApi.Tests.CurveControllerTests.GetAllCurvePoints_ShouldReturnInternalServerError_WhenExceptionIsThrown.
TpTrace Verbose: 0 : 9192, 16, 2024/07/03, 21:03:06.237, 296526338905, testhost.dll, MulticastDelegateUtilities.SafeInvoke: TestCaseEventsHandler.RaiseTestCaseEnd: Invoking callback 1/1 for Microsoft.VisualStudio.TestPlatform.CrossPlatEngine.DataCollection.ProxyOutOfProcDataCollectionManager., took 0 ms.
TpTrace Verbose: 0 : 9192, 16, 2024/07/03, 21:03:06.237, 296526339428, testhost.dll, MulticastDelegateUtilities.SafeInvoke: TestCaseEventsHandler.RaiseTestCaseEnd: Invoking callback 1/1 for Microsoft.VisualStudio.TestPlatform.CrossPlatEngine.DataCollection.ProxyOutOfProcDataCollectionManager., took 0 ms.
TpTrace Verbose: 0 : 9192, 16, 2024/07/03, 21:03:06.237, 296526339787, testhost.dll, TestExecutionRecorder.RecordEnd: test: P7CreateRestApi.Tests.CurveControllerTests.GetAllCurvePoints_ShouldReturnInternalServerError_WhenExceptionIsThrown execution completed.
TpTrace Verbose: 0 : 9192, 16, 2024/07/03, 21:03:06.237, 296526340067, testhost.dll, TestExecutionRecorder.RecordStart: Starting test: P7CreateRestApi.Tests.CurveControllerTests.CreateCurvePoint_ShouldReturnBadRequest_WhenCurvePointIsNull.
TpTrace Verbose: 0 : 9192, 16, 2024/07/03, 21:03:06.238, 296526349156, testhost.dll, MulticastDelegateUtilities.SafeInvoke: TestCaseEventsHandler.RaiseTestCaseStart: Invoking callback 1/1 for Microsoft.VisualStudio.TestPlatform.CrossPlatEngine.DataCollection.ProxyOutOfProcDataCollectionManager., took 0 ms.
TpTrace Verbose: 0 : 9192, 16, 2024/07/03, 21:03:06.238, 296526349862, testhost.dll, TestExecutionRecorder.RecordResult: Received result for test: P7CreateRestApi.Tests.BidListControllerTests.CreateBid_ShouldReturnCreatedAtActionResult_WhenBidIsValid.
TpTrace Verbose: 0 : 9192, 16, 2024/07/03, 21:03:06.239, 296526359945, testhost.dll, MulticastDelegateUtilities.SafeInvoke: TestCaseEventsHandler.RaiseTestCaseEnd: Invoking callback 1/1 for Microsoft.VisualStudio.TestPlatform.CrossPlatEngine.DataCollection.ProxyOutOfProcDataCollectionManager., took 0 ms.
TpTrace Verbose: 0 : 9192, 16, 2024/07/03, 21:03:06.239, 296526360459, testhost.dll, MulticastDelegateUtilities.SafeInvoke: TestCaseEventsHandler.RaiseTestCaseEnd: Invoking callback 1/1 for Microsoft.VisualStudio.TestPlatform.CrossPlatEngine.DataCollection.ProxyOutOfProcDataCollectionManager., took 0 ms.
TpTrace Warning: 0 : 9192, 16, 2024/07/03, 21:03:06.239, 296526360710, testhost.dll, TestRunCache: No test found corresponding to testResult 'P7CreateRestApi.Tests.BidListControllerTests.CreateBid_ShouldReturnCreatedAtActionResult_WhenBidIsValid' in inProgress list.
TpTrace Verbose: 0 : 9192, 16, 2024/07/03, 21:03:06.239, 296526360991, testhost.dll, TestExecutionRecorder.RecordEnd: test: P7CreateRestApi.Tests.BidListControllerTests.CreateBid_ShouldReturnCreatedAtActionResult_WhenBidIsValid execution completed.
TpTrace Verbose: 0 : 9192, 16, 2024/07/03, 21:03:06.239, 296526361328, testhost.dll, TestExecutionRecorder.RecordStart: Starting test: P7CreateRestApi.Tests.BidListControllerTests.UpdateBid_ShouldReturnNoContent_WhenBidIsValid.
TpTrace Verbose: 0 : 9192, 16, 2024/07/03, 21:03:06.240, 296526369817, testhost.dll, MulticastDelegateUtilities.SafeInvoke: TestCaseEventsHandler.RaiseTestCaseStart: Invoking callback 1/1 for Microsoft.VisualStudio.TestPlatform.CrossPlatEngine.DataCollection.ProxyOutOfProcDataCollectionManager., took 0 ms.
TpTrace Verbose: 0 : 9192, 16, 2024/07/03, 21:03:06.240, 296526370481, testhost.dll, TestExecutionRecorder.RecordResult: Received result for test: P7CreateRestApi.Tests.CurveControllerTests.CreateCurvePoint_ShouldReturnBadRequest_WhenCurvePointIsNull.
TpTrace Verbose: 0 : 9192, 16, 2024/07/03, 21:03:06.241, 296526379219, testhost.dll, MulticastDelegateUtilities.SafeInvoke: TestCaseEventsHandler.RaiseTestCaseEnd: Invoking callback 1/1 for Microsoft.VisualStudio.TestPlatform.CrossPlatEngine.DataCollection.ProxyOutOfProcDataCollectionManager., took 0 ms.
TpTrace Verbose: 0 : 9192, 16, 2024/07/03, 21:03:06.241, 296526379808, testhost.dll, MulticastDelegateUtilities.SafeInvoke: TestCaseEventsHandler.RaiseTestCaseEnd: Invoking callback 1/1 for Microsoft.VisualStudio.TestPlatform.CrossPlatEngine.DataCollection.ProxyOutOfProcDataCollectionManager., took 0 ms.
TpTrace Verbose: 0 : 9192, 16, 2024/07/03, 21:03:06.241, 296526380209, testhost.dll, TestExecutionRecorder.RecordEnd: test: P7CreateRestApi.Tests.CurveControllerTests.CreateCurvePoint_ShouldReturnBadRequest_WhenCurvePointIsNull execution completed.
TpTrace Verbose: 0 : 9192, 16, 2024/07/03, 21:03:06.241, 296526380489, testhost.dll, TestExecutionRecorder.RecordStart: Starting test: P7CreateRestApi.Tests.CurveControllerTests.GetCurvePointById_ShouldReturnInternalServerError_WhenExceptionIsThrown.
TpTrace Verbose: 0 : 9192, 16, 2024/07/03, 21:03:06.252, 296526490377, testhost.dll, MulticastDelegateUtilities.SafeInvoke: TestCaseEventsHandler.RaiseTestCaseStart: Invoking callback 1/1 for Microsoft.VisualStudio.TestPlatform.CrossPlatEngine.DataCollection.ProxyOutOfProcDataCollectionManager., took 10 ms.
TpTrace Verbose: 0 : 9192, 16, 2024/07/03, 21:03:06.253, 296526497381, testhost.dll, TestExecutionRecorder.RecordResult: Received result for test: P7CreateRestApi.Tests.RatingControllerTests.UpdateRating_ShouldReturnInternalServerError_WhenExceptionIsThrown.
TpTrace Verbose: 0 : 9192, 16, 2024/07/03, 21:03:06.256, 296526524782, testhost.dll, MulticastDelegateUtilities.SafeInvoke: TestCaseEventsHandler.RaiseTestCaseEnd: Invoking callback 1/1 for Microsoft.VisualStudio.TestPlatform.CrossPlatEngine.DataCollection.ProxyOutOfProcDataCollectionManager., took 2 ms.
TpTrace Verbose: 0 : 9192, 16, 2024/07/03, 21:03:06.256, 296526526570, testhost.dll, MulticastDelegateUtilities.SafeInvoke: TestCaseEventsHandler.RaiseTestCaseEnd: Invoking callback 1/1 for Microsoft.VisualStudio.TestPlatform.CrossPlatEngine.DataCollection.ProxyOutOfProcDataCollectionManager., took 0 ms.
TpTrace Verbose: 0 : 9192, 16, 2024/07/03, 21:03:06.256, 296526527705, testhost.dll, TestExecutionRecorder.RecordEnd: test: P7CreateRestApi.Tests.RatingControllerTests.UpdateRating_ShouldReturnInternalServerError_WhenExceptionIsThrown execution completed.
TpTrace Verbose: 0 : 9192, 16, 2024/07/03, 21:03:06.256, 296526528099, testhost.dll, TestExecutionRecorder.RecordStart: Starting test: P7CreateRestApi.Tests.RatingControllerTests.DeleteRating_ShouldReturnNotFound_WhenRatingDoesNotExist.
TpTrace Verbose: 0 : 9192, 16, 2024/07/03, 21:03:06.258, 296526544382, testhost.dll, MulticastDelegateUtilities.SafeInvoke: TestCaseEventsHandler.RaiseTestCaseStart: Invoking callback 1/1 for Microsoft.VisualStudio.TestPlatform.CrossPlatEngine.DataCollection.ProxyOutOfProcDataCollectionManager., took 1 ms.
TpTrace Verbose: 0 : 9192, 16, 2024/07/03, 21:03:06.258, 296526547317, testhost.dll, TestExecutionRecorder.RecordResult: Received result for test: P7CreateRestApi.Tests.RatingControllerTests.DeleteRating_ShouldReturnNotFound_WhenRatingDoesNotExist.
TpTrace Verbose: 0 : 9192, 16, 2024/07/03, 21:03:06.259, 296526559027, testhost.dll, MulticastDelegateUtilities.SafeInvoke: TestCaseEventsHandler.RaiseTestCaseEnd: Invoking callback 1/1 for Microsoft.VisualStudio.TestPlatform.CrossPlatEngine.DataCollection.ProxyOutOfProcDataCollectionManager., took 1 ms.
TpTrace Verbose: 0 : 9192, 16, 2024/07/03, 21:03:06.259, 296526560172, testhost.dll, MulticastDelegateUtilities.SafeInvoke: TestCaseEventsHandler.RaiseTestCaseEnd: Invoking callback 1/1 for Microsoft.VisualStudio.TestPlatform.CrossPlatEngine.DataCollection.ProxyOutOfProcDataCollectionManager., took 0 ms.
TpTrace Verbose: 0 : 9192, 16, 2024/07/03, 21:03:06.259, 296526561016, testhost.dll, TestExecutionRecorder.RecordEnd: test: P7CreateRestApi.Tests.RatingControllerTests.DeleteRating_ShouldReturnNotFound_WhenRatingDoesNotExist execution completed.
TpTrace Verbose: 0 : 9192, 16, 2024/07/03, 21:03:06.259, 296526561514, testhost.dll, TestExecutionRecorder.RecordStart: Starting test: P7CreateRestApi.Tests.RatingControllerTests.CreateRating_ShouldReturnBadRequest_WhenRatingIsNull.
TpTrace Information: 0 : 9192, 16, 2024/07/03, 21:03:06.260, 296526561863, testhost.dll, Sending test run statistics
TpTrace Verbose: 0 : 9192, 16, 2024/07/03, 21:03:06.260, 296526566856, testhost.dll, TestRequestHandler.SendData: sending data from testhost: {"Version":7,"MessageType":"TestExecution.StatsChange","Payload":{"NewTestResults":[{"TestCase":{"Id":"f88fe1f4-d2d9-c6bc-c591-58b79ced9cbd","FullyQualifiedName":"P7CreateRestApi.Tests.RatingControllerTests.CreateRating_ShouldReturnCreated_WhenRatingIsValid","DisplayName":"P7CreateRestApi.Tests.RatingControllerTests.CreateRating_ShouldReturnCreated_WhenRatingIsValid","ExecutorUri":"executor://xunit/VsTestRunner2/netcoreapp","Source":"C:\\Users\\brandon.ku\\source\\repos\\OCProjet7_Findexium\\P7CreateRestApi.Tests\\bin\\Debug\\net8.0\\fine-code-coverage\\build-output\\P7CreateRestApi.Tests.dll","CodeFilePath":null,"LineNumber":0,"Properties":[]},"Attachments":[],"Outcome":1,"ErrorMessage":null,"ErrorStackTrace":null,"DisplayName":"P7CreateRestApi.Tests.RatingControllerTests.CreateRating_ShouldReturnCreated_WhenRatingIsValid","Messages":[],"ComputerName":"PB22039","Duration":"00:00:00.0062388","StartTime":"2024-07-03T19:03:06.2326765+00:00","EndTime":"2024-07-03T19:03:06.2326767+00:00","Properties":[]},{"TestCase":{"Id":"a1ca303c-dbfe-01e3-445a-b2746f60d716","FullyQualifiedName":"P7CreateRestApi.Tests.CurveControllerTests.CreateCurvePoint_ShouldReturnCreated_WhenCurvePointIsValid","DisplayName":"P7CreateRestApi.Tests.CurveControllerTests.CreateCurvePoint_ShouldReturnCreated_WhenCurvePointIsValid","ExecutorUri":"executor://xunit/VsTestRunner2/netcoreapp","Source":"C:\\Users\\brandon.ku\\source\\repos\\OCProjet7_Findexium\\P7CreateRestApi.Tests\\bin\\Debug\\net8.0\\fine-code-coverage\\build-output\\P7CreateRestApi.Tests.dll","CodeFilePath":null,"LineNumber":0,"Properties":[]},"Attachments":[],"Outcome":1,"ErrorMessage":null,"ErrorStackTrace":null,"DisplayName":"P7CreateRestApi.Tests.CurveControllerTests.CreateCurvePoint_ShouldReturnCreated_WhenCurvePointIsValid","Messages":[],"ComputerName":"PB22039","Duration":"00:00:00.0069001","StartTime":"2024-07-03T19:03:06.2348426+00:00","EndTime":"2024-07-03T19:03:06.2348428+00:00","Properties":[]},{"TestCase":{"Id":"a342305e-36ac-e63f-90b5-ccd74c773abb","FullyQualifiedName":"P7CreateRestApi.Tests.CurveControllerTests.GetAllCurvePoints_ShouldReturnInternalServerError_WhenExceptionIsThrown","DisplayName":"P7CreateRestApi.Tests.CurveControllerTests.GetAllCurvePoints_ShouldReturnInternalServerError_WhenExceptionIsThrown","ExecutorUri":"executor://xunit/VsTestRunner2/netcoreapp","Source":"C:\\Users\\brandon.ku\\source\\repos\\OCProjet7_Findexium\\P7CreateRestApi.Tests\\bin\\Debug\\net8.0\\fine-code-coverage\\build-output\\P7CreateRestApi.Tests.dll","CodeFilePath":null,"LineNumber":0,"Properties":[]},"Attachments":[],"Outcome":1,"ErrorMessage":null,"ErrorStackTrace":null,"DisplayName":"P7CreateRestApi.Tests.CurveControllerTests.GetAllCurvePoints_ShouldReturnInternalServerError_WhenExceptionIsThrown","Messages":[],"ComputerName":"PB22039","Duration":"00:00:00.0008393","StartTime":"2024-07-03T19:03:06.2368081+00:00","EndTime":"2024-07-03T19:03:06.2368081+00:00","Properties":[]},{"TestCase":{"Id":"4bc50b7e-0b61-f118-5932-06c21b0d7c49","FullyQualifiedName":"P7CreateRestApi.Tests.BidListControllerTests.CreateBid_ShouldReturnCreatedAtActionResult_WhenBidIsValid","DisplayName":"P7CreateRestApi.Tests.BidListControllerTests.CreateBid_ShouldReturnCreatedAtActionResult_WhenBidIsValid","ExecutorUri":"executor://xunit/VsTestRunner2/netcoreapp","Source":"C:\\Users\\brandon.ku\\source\\repos\\OCProjet7_Findexium\\P7CreateRestApi.Tests\\bin\\Debug\\net8.0\\fine-code-coverage\\build-output\\P7CreateRestApi.Tests.dll","CodeFilePath":null,"LineNumber":0,"Properties":[]},"Attachments":[],"Outcome":1,"ErrorMessage":null,"ErrorStackTrace":null,"DisplayName":"P7CreateRestApi.Tests.BidListControllerTests.CreateBid_ShouldReturnCreatedAtActionResult_WhenBidIsValid","Messages":[],"ComputerName":"PB22039","Duration":"00:00:00.0095400","StartTime":"2024-07-03T19:03:06.2388199+00:00","EndTime":"2024-07-03T19:03:06.23882+00:00","Properties":[]},{"TestCase":{"Id":"8954d1d3-1f9b-4e6e-b610-98a33f188d0c","FullyQualifiedName":"P7CreateRestApi.Tests.CurveControllerTests.CreateCurvePoint_ShouldReturnBadRequest_WhenCurvePointIsNull","DisplayName":"P7CreateRestApi.Tests.CurveControllerTests.CreateCurvePoint_ShouldReturnBadRequest_WhenCurvePointIsNull","ExecutorUri":"executor://xunit/VsTestRunner2/netcoreapp","Source":"C:\\Users\\brandon.ku\\source\\repos\\OCProjet7_Findexium\\P7CreateRestApi.Tests\\bin\\Debug\\net8.0\\fine-code-coverage\\build-output\\P7CreateRestApi.Tests.dll","CodeFilePath":null,"LineNumber":0,"Properties":[]},"Attachments":[],"Outcome":1,"ErrorMessage":null,"ErrorStackTrace":null,"DisplayName":"P7CreateRestApi.Tests.CurveControllerTests.CreateCurvePoint_ShouldReturnBadRequest_WhenCurvePointIsNull","Messages":[],"ComputerName":"PB22039","Duration":"00:00:00.0005728","StartTime":"2024-07-03T19:03:06.2408823+00:00","EndTime":"2024-07-03T19:03:06.2408824+00:00","Properties":[]},{"TestCase":{"Id":"60dcd57a-6ee1-2569-cfd0-cc7bb42e0cd8","FullyQualifiedName":"P7CreateRestApi.Tests.RatingControllerTests.UpdateRating_ShouldReturnInternalServerError_WhenExceptionIsThrown","DisplayName":"P7CreateRestApi.Tests.RatingControllerTests.UpdateRating_ShouldReturnInternalServerError_WhenExceptionIsThrown","ExecutorUri":"executor://xunit/VsTestRunner2/netcoreapp","Source":"C:\\Users\\brandon.ku\\source\\repos\\OCProjet7_Findexium\\P7CreateRestApi.Tests\\bin\\Debug\\net8.0\\fine-code-coverage\\build-output\\P7CreateRestApi.Tests.dll","CodeFilePath":null,"LineNumber":0,"Properties":[]},"Attachments":[],"Outcome":1,"ErrorMessage":null,"ErrorStackTrace":null,"DisplayName":"P7CreateRestApi.Tests.RatingControllerTests.UpdateRating_ShouldReturnInternalServerError_WhenExceptionIsThrown","Messages":[],"ComputerName":"PB22039","Duration":"00:00:00.0019449","StartTime":"2024-07-03T19:03:06.253526+00:00","EndTime":"2024-07-03T19:03:06.2535265+00:00","Properties":[]},{"TestCase":{"Id":"8671fad5-a89c-9249-5bcb-1e185b89ade7","FullyQualifiedName":"P7CreateRestApi.Tests.RatingControllerTests.DeleteRating_ShouldReturnNotFound_WhenRatingDoesNotExist","DisplayName":"P7CreateRestApi.Tests.RatingControllerTests.DeleteRating_ShouldReturnNotFound_WhenRatingDoesNotExist","ExecutorUri":"executor://xunit/VsTestRunner2/netcoreapp","Source":"C:\\Users\\brandon.ku\\source\\repos\\OCProjet7_Findexium\\P7CreateRestApi.Tests\\bin\\Debug\\net8.0\\fine-code-coverage\\build-output\\P7CreateRestApi.Tests.dll","CodeFilePath":null,"LineNumber":0,"Properties":[]},"Attachments":[],"Outcome":1,"ErrorMessage":null,"ErrorStackTrace":null,"DisplayName":"P7CreateRestApi.Tests.RatingControllerTests.DeleteRating_ShouldReturnNotFound_WhenRatingDoesNotExist","Messages":[],"ComputerName":"PB22039","Duration":"00:00:00.0017036","StartTime":"2024-07-03T19:03:06.2585553+00:00","EndTime":"2024-07-03T19:03:06.2585554+00:00","Properties":[]}],"TestRunStatistics":{"ExecutedTests":21,"Stats":{"Passed":21}},"ActiveTests":[{"Id":"12c6e959-9a79-5ab3-cd1c-736fd703afae","FullyQualifiedName":"P7CreateRestApi.Tests.BidListControllerTests.UpdateBid_ShouldReturnNoContent_WhenBidIsValid","DisplayName":"P7CreateRestApi.Tests.BidListControllerTests.UpdateBid_ShouldReturnNoContent_WhenBidIsValid","ExecutorUri":"executor://xunit/VsTestRunner2/netcoreapp","Source":"C:\\Users\\brandon.ku\\source\\repos\\OCProjet7_Findexium\\P7CreateRestApi.Tests\\bin\\Debug\\net8.0\\fine-code-coverage\\build-output\\P7CreateRestApi.Tests.dll","CodeFilePath":null,"LineNumber":0,"Properties":[]},{"Id":"80c0d35d-724c-9422-f5e1-925e0f0f9560","FullyQualifiedName":"P7CreateRestApi.Tests.CurveControllerTests.GetCurvePointById_ShouldReturnInternalServerError_WhenExceptionIsThrown","DisplayName":"P7CreateRestApi.Tests.CurveControllerTests.GetCurvePointById_ShouldReturnInternalServerError_WhenExceptionIsThrown","ExecutorUri":"executor://xunit/VsTestRunner2/netcoreapp","Source":"C:\\Users\\brandon.ku\\source\\repos\\OCProjet7_Findexium\\P7CreateRestApi.Tests\\bin\\Debug\\net8.0\\fine-code-coverage\\build-output\\P7CreateRestApi.Tests.dll","CodeFilePath":null,"LineNumber":0,"Properties":[]},{"Id":"735f8d46-bbd7-df3b-9e37-01272c5d0b5c","FullyQualifiedName":"P7CreateRestApi.Tests.RatingControllerTests.CreateRating_ShouldReturnBadRequest_WhenRatingIsNull","DisplayName":"P7CreateRestApi.Tests.RatingControllerTests.CreateRating_ShouldReturnBadRequest_WhenRatingIsNull","ExecutorUri":"executor://xunit/VsTestRunner2/netcoreapp","Source":"C:\\Users\\brandon.ku\\source\\repos\\OCProjet7_Findexium\\P7CreateRestApi.Tests\\bin\\Debug\\net8.0\\fine-code-coverage\\build-output\\P7CreateRestApi.Tests.dll","CodeFilePath":null,"LineNumber":0,"Properties":[]}]}}
TpTrace Verbose: 0 : 9192, 16, 2024/07/03, 21:03:06.260, 296526568759, testhost.dll, TestRunCache: OnNewTestResult: Notified the onCacheHit callback.
TpTrace Verbose: 0 : 9192, 16, 2024/07/03, 21:03:06.261, 296526577573, testhost.dll, MulticastDelegateUtilities.SafeInvoke: TestCaseEventsHandler.RaiseTestCaseStart: Invoking callback 1/1 for Microsoft.VisualStudio.TestPlatform.CrossPlatEngine.DataCollection.ProxyOutOfProcDataCollectionManager., took 0 ms.
TpTrace Verbose: 0 : 9192, 16, 2024/07/03, 21:03:06.261, 296526578579, testhost.dll, TestExecutionRecorder.RecordResult: Received result for test: P7CreateRestApi.Tests.CurveControllerTests.GetCurvePointById_ShouldReturnInternalServerError_WhenExceptionIsThrown.
TpTrace Verbose: 0 : 9192, 16, 2024/07/03, 21:03:06.263, 296526592523, testhost.dll, MulticastDelegateUtilities.SafeInvoke: TestCaseEventsHandler.RaiseTestCaseEnd: Invoking callback 1/1 for Microsoft.VisualStudio.TestPlatform.CrossPlatEngine.DataCollection.ProxyOutOfProcDataCollectionManager., took 1 ms.
TpTrace Verbose: 0 : 9192, 16, 2024/07/03, 21:03:06.263, 296526593532, testhost.dll, MulticastDelegateUtilities.SafeInvoke: TestCaseEventsHandler.RaiseTestCaseEnd: Invoking callback 1/1 for Microsoft.VisualStudio.TestPlatform.CrossPlatEngine.DataCollection.ProxyOutOfProcDataCollectionManager., took 0 ms.
TpTrace Warning: 0 : 9192, 16, 2024/07/03, 21:03:06.263, 296526593880, testhost.dll, TestRunCache: InProgressTests is null
TpTrace Warning: 0 : 9192, 16, 2024/07/03, 21:03:06.263, 296526594130, testhost.dll, TestRunCache: No test found corresponding to testResult 'P7CreateRestApi.Tests.CurveControllerTests.GetCurvePointById_ShouldReturnInternalServerError_WhenExceptionIsThrown' in inProgress list.
TpTrace Verbose: 0 : 9192, 16, 2024/07/03, 21:03:06.263, 296526594605, testhost.dll, TestExecutionRecorder.RecordEnd: test: P7CreateRestApi.Tests.CurveControllerTests.GetCurvePointById_ShouldReturnInternalServerError_WhenExceptionIsThrown execution completed.
TpTrace Warning: 0 : 9192, 16, 2024/07/03, 21:03:06.263, 296526594800, testhost.dll, TestRunCache: InProgressTests is null
TpTrace Verbose: 0 : 9192, 16, 2024/07/03, 21:03:06.263, 296526595140, testhost.dll, TestExecutionRecorder.RecordStart: Starting test: P7CreateRestApi.Tests.CurveControllerTests.GetCurvePointById_ShouldReturnOk_WhenCurvePointExists.
TpTrace Verbose: 0 : 9192, 16, 2024/07/03, 21:03:06.264, 296526607885, testhost.dll, MulticastDelegateUtilities.SafeInvoke: TestCaseEventsHandler.RaiseTestCaseStart: Invoking callback 1/1 for Microsoft.VisualStudio.TestPlatform.CrossPlatEngine.DataCollection.ProxyOutOfProcDataCollectionManager., took 1 ms.
TpTrace Verbose: 0 : 9192, 16, 2024/07/03, 21:03:06.264, 296526608982, testhost.dll, TestExecutionRecorder.RecordResult: Received result for test: P7CreateRestApi.Tests.RatingControllerTests.CreateRating_ShouldReturnBadRequest_WhenRatingIsNull.
TpTrace Verbose: 0 : 9192, 16, 2024/07/03, 21:03:06.265, 296526620991, testhost.dll, MulticastDelegateUtilities.SafeInvoke: TestCaseEventsHandler.RaiseTestCaseEnd: Invoking callback 1/1 for Microsoft.VisualStudio.TestPlatform.CrossPlatEngine.DataCollection.ProxyOutOfProcDataCollectionManager., took 1 ms.
TpTrace Verbose: 0 : 9192, 16, 2024/07/03, 21:03:06.266, 296526621672, testhost.dll, MulticastDelegateUtilities.SafeInvoke: TestCaseEventsHandler.RaiseTestCaseEnd: Invoking callback 1/1 for Microsoft.VisualStudio.TestPlatform.CrossPlatEngine.DataCollection.ProxyOutOfProcDataCollectionManager., took 0 ms.
TpTrace Warning: 0 : 9192, 16, 2024/07/03, 21:03:06.266, 296526621998, testhost.dll, TestRunCache: No test found corresponding to testResult 'P7CreateRestApi.Tests.RatingControllerTests.CreateRating_ShouldReturnBadRequest_WhenRatingIsNull' in inProgress list.
TpTrace Verbose: 0 : 9192, 16, 2024/07/03, 21:03:06.266, 296526622407, testhost.dll, TestExecutionRecorder.RecordEnd: test: P7CreateRestApi.Tests.RatingControllerTests.CreateRating_ShouldReturnBadRequest_WhenRatingIsNull execution completed.
TpTrace Verbose: 0 : 9192, 16, 2024/07/03, 21:03:06.266, 296526622709, testhost.dll, TestExecutionRecorder.RecordStart: Starting test: P7CreateRestApi.Tests.RatingControllerTests.DeleteRating_ShouldReturnInternalServerError_WhenExceptionIsThrown.
TpTrace Verbose: 0 : 9192, 16, 2024/07/03, 21:03:06.267, 296526634459, testhost.dll, MulticastDelegateUtilities.SafeInvoke: TestCaseEventsHandler.RaiseTestCaseStart: Invoking callback 1/1 for Microsoft.VisualStudio.TestPlatform.CrossPlatEngine.DataCollection.ProxyOutOfProcDataCollectionManager., took 1 ms.
TpTrace Verbose: 0 : 9192, 16, 2024/07/03, 21:03:06.267, 296526635256, testhost.dll, TestExecutionRecorder.RecordResult: Received result for test: P7CreateRestApi.Tests.RatingControllerTests.DeleteRating_ShouldReturnInternalServerError_WhenExceptionIsThrown.
TpTrace Verbose: 0 : 9192, 16, 2024/07/03, 21:03:06.268, 296526645799, testhost.dll, MulticastDelegateUtilities.SafeInvoke: TestCaseEventsHandler.RaiseTestCaseEnd: Invoking callback 1/1 for Microsoft.VisualStudio.TestPlatform.CrossPlatEngine.DataCollection.ProxyOutOfProcDataCollectionManager., took 1 ms.
TpTrace Verbose: 0 : 9192, 16, 2024/07/03, 21:03:06.268, 296526646333, testhost.dll, MulticastDelegateUtilities.SafeInvoke: TestCaseEventsHandler.RaiseTestCaseEnd: Invoking callback 1/1 for Microsoft.VisualStudio.TestPlatform.CrossPlatEngine.DataCollection.ProxyOutOfProcDataCollectionManager., took 0 ms.
TpTrace Verbose: 0 : 9192, 16, 2024/07/03, 21:03:06.268, 296526646703, testhost.dll, TestExecutionRecorder.RecordEnd: test: P7CreateRestApi.Tests.RatingControllerTests.DeleteRating_ShouldReturnInternalServerError_WhenExceptionIsThrown execution completed.
TpTrace Verbose: 0 : 9192, 16, 2024/07/03, 21:03:06.268, 296526646996, testhost.dll, TestExecutionRecorder.RecordStart: Starting test: P7CreateRestApi.Tests.RatingControllerTests.CreateRating_ShouldReturnBadRequest_WhenModelStateIsInvalid.
TpTrace Verbose: 0 : 9192, 16, 2024/07/03, 21:03:06.269, 296526656104, testhost.dll, MulticastDelegateUtilities.SafeInvoke: TestCaseEventsHandler.RaiseTestCaseStart: Invoking callback 1/1 for Microsoft.VisualStudio.TestPlatform.CrossPlatEngine.DataCollection.ProxyOutOfProcDataCollectionManager., took 0 ms.
TpTrace Verbose: 0 : 9192, 16, 2024/07/03, 21:03:06.269, 296526657209, testhost.dll, TestExecutionRecorder.RecordResult: Received result for test: P7CreateRestApi.Tests.RatingControllerTests.CreateRating_ShouldReturnBadRequest_WhenModelStateIsInvalid.
TpTrace Verbose: 0 : 9192, 16, 2024/07/03, 21:03:06.270, 296526666653, testhost.dll, MulticastDelegateUtilities.SafeInvoke: TestCaseEventsHandler.RaiseTestCaseEnd: Invoking callback 1/1 for Microsoft.VisualStudio.TestPlatform.CrossPlatEngine.DataCollection.ProxyOutOfProcDataCollectionManager., took 0 ms.
TpTrace Verbose: 0 : 9192, 16, 2024/07/03, 21:03:06.270, 296526667790, testhost.dll, MulticastDelegateUtilities.SafeInvoke: TestCaseEventsHandler.RaiseTestCaseEnd: Invoking callback 1/1 for Microsoft.VisualStudio.TestPlatform.CrossPlatEngine.DataCollection.ProxyOutOfProcDataCollectionManager., took 0 ms.
TpTrace Verbose: 0 : 9192, 16, 2024/07/03, 21:03:06.270, 296526668373, testhost.dll, TestExecutionRecorder.RecordEnd: test: P7CreateRestApi.Tests.RatingControllerTests.CreateRating_ShouldReturnBadRequest_WhenModelStateIsInvalid execution completed.
TpTrace Verbose: 0 : 9192, 16, 2024/07/03, 21:03:06.270, 296526668796, testhost.dll, TestExecutionRecorder.RecordStart: Starting test: P7CreateRestApi.Tests.RatingControllerTests.UpdateRating_ShouldReturnOk_WhenUpdateIsSuccessful.
TpTrace Verbose: 0 : 9192, 16, 2024/07/03, 21:03:06.271, 296526676615, testhost.dll, MulticastDelegateUtilities.SafeInvoke: TestCaseEventsHandler.RaiseTestCaseStart: Invoking callback 1/1 for Microsoft.VisualStudio.TestPlatform.CrossPlatEngine.DataCollection.ProxyOutOfProcDataCollectionManager., took 0 ms.
TpTrace Verbose: 0 : 9192, 16, 2024/07/03, 21:03:06.271, 296526677742, testhost.dll, TestExecutionRecorder.RecordResult: Received result for test: P7CreateRestApi.Tests.RatingControllerTests.UpdateRating_ShouldReturnOk_WhenUpdateIsSuccessful.
TpTrace Verbose: 0 : 9192, 16, 2024/07/03, 21:03:06.272, 296526686099, testhost.dll, MulticastDelegateUtilities.SafeInvoke: TestCaseEventsHandler.RaiseTestCaseEnd: Invoking callback 1/1 for Microsoft.VisualStudio.TestPlatform.CrossPlatEngine.DataCollection.ProxyOutOfProcDataCollectionManager., took 0 ms.
TpTrace Verbose: 0 : 9192, 16, 2024/07/03, 21:03:06.272, 296526686834, testhost.dll, MulticastDelegateUtilities.SafeInvoke: TestCaseEventsHandler.RaiseTestCaseEnd: Invoking callback 1/1 for Microsoft.VisualStudio.TestPlatform.CrossPlatEngine.DataCollection.ProxyOutOfProcDataCollectionManager., took 0 ms.
TpTrace Verbose: 0 : 9192, 16, 2024/07/03, 21:03:06.272, 296526687393, testhost.dll, TestExecutionRecorder.RecordEnd: test: P7CreateRestApi.Tests.RatingControllerTests.UpdateRating_ShouldReturnOk_WhenUpdateIsSuccessful execution completed.
TpTrace Verbose: 0 : 9192, 16, 2024/07/03, 21:03:06.272, 296526687865, testhost.dll, TestExecutionRecorder.RecordStart: Starting test: P7CreateRestApi.Tests.RatingControllerTests.UpdateRating_ShouldReturnBadRequest_WhenRatingIsNull.
TpTrace Verbose: 0 : 9192, 16, 2024/07/03, 21:03:06.273, 296526697151, testhost.dll, MulticastDelegateUtilities.SafeInvoke: TestCaseEventsHandler.RaiseTestCaseStart: Invoking callback 1/1 for Microsoft.VisualStudio.TestPlatform.CrossPlatEngine.DataCollection.ProxyOutOfProcDataCollectionManager., took 0 ms.
TpTrace Verbose: 0 : 9192, 16, 2024/07/03, 21:03:06.273, 296526697682, testhost.dll, TestExecutionRecorder.RecordResult: Received result for test: P7CreateRestApi.Tests.BidListControllerTests.UpdateBid_ShouldReturnNoContent_WhenBidIsValid.
TpTrace Verbose: 0 : 9192, 16, 2024/07/03, 21:03:06.274, 296526705394, testhost.dll, MulticastDelegateUtilities.SafeInvoke: TestCaseEventsHandler.RaiseTestCaseEnd: Invoking callback 1/1 for Microsoft.VisualStudio.TestPlatform.CrossPlatEngine.DataCollection.ProxyOutOfProcDataCollectionManager., took 0 ms.
TpTrace Verbose: 0 : 9192, 16, 2024/07/03, 21:03:06.274, 296526705829, testhost.dll, MulticastDelegateUtilities.SafeInvoke: TestCaseEventsHandler.RaiseTestCaseEnd: Invoking callback 1/1 for Microsoft.VisualStudio.TestPlatform.CrossPlatEngine.DataCollection.ProxyOutOfProcDataCollectionManager., took 0 ms.
TpTrace Warning: 0 : 9192, 16, 2024/07/03, 21:03:06.274, 296526706059, testhost.dll, TestRunCache: No test found corresponding to testResult 'P7CreateRestApi.Tests.BidListControllerTests.UpdateBid_ShouldReturnNoContent_WhenBidIsValid' in inProgress list.
TpTrace Verbose: 0 : 9192, 16, 2024/07/03, 21:03:06.274, 296526706349, testhost.dll, TestExecutionRecorder.RecordEnd: test: P7CreateRestApi.Tests.BidListControllerTests.UpdateBid_ShouldReturnNoContent_WhenBidIsValid execution completed.
TpTrace Verbose: 0 : 9192, 16, 2024/07/03, 21:03:06.274, 296526706620, testhost.dll, TestExecutionRecorder.RecordStart: Starting test: P7CreateRestApi.Tests.BidListControllerTests.UpdateBid_ShouldReturnBadRequest_WhenBidIsInvalid.
TpTrace Verbose: 0 : 9192, 16, 2024/07/03, 21:03:06.275, 296526713132, testhost.dll, MulticastDelegateUtilities.SafeInvoke: TestCaseEventsHandler.RaiseTestCaseStart: Invoking callback 1/1 for Microsoft.VisualStudio.TestPlatform.CrossPlatEngine.DataCollection.ProxyOutOfProcDataCollectionManager., took 0 ms.
TpTrace Verbose: 0 : 9192, 16, 2024/07/03, 21:03:06.275, 296526713785, testhost.dll, TestExecutionRecorder.RecordResult: Received result for test: P7CreateRestApi.Tests.RatingControllerTests.UpdateRating_ShouldReturnBadRequest_WhenRatingIsNull.
TpTrace Verbose: 0 : 9192, 16, 2024/07/03, 21:03:06.275, 296526720526, testhost.dll, MulticastDelegateUtilities.SafeInvoke: TestCaseEventsHandler.RaiseTestCaseEnd: Invoking callback 1/1 for Microsoft.VisualStudio.TestPlatform.CrossPlatEngine.DataCollection.ProxyOutOfProcDataCollectionManager., took 0 ms.
TpTrace Verbose: 0 : 9192, 16, 2024/07/03, 21:03:06.275, 296526721016, testhost.dll, MulticastDelegateUtilities.SafeInvoke: TestCaseEventsHandler.RaiseTestCaseEnd: Invoking callback 1/1 for Microsoft.VisualStudio.TestPlatform.CrossPlatEngine.DataCollection.ProxyOutOfProcDataCollectionManager., took 0 ms.
TpTrace Verbose: 0 : 9192, 16, 2024/07/03, 21:03:06.275, 296526721318, testhost.dll, TestExecutionRecorder.RecordEnd: test: P7CreateRestApi.Tests.RatingControllerTests.UpdateRating_ShouldReturnBadRequest_WhenRatingIsNull execution completed.
TpTrace Verbose: 0 : 9192, 16, 2024/07/03, 21:03:06.275, 296526721582, testhost.dll, TestExecutionRecorder.RecordStart: Starting test: P7CreateRestApi.Tests.RatingControllerTests.GetRatingById_ShouldReturnOk_WhenRatingExists.
TpTrace Information: 0 : 9192, 16, 2024/07/03, 21:03:06.276, 296526721788, testhost.dll, Sending test run statistics
TpTrace Verbose: 0 : 9192, 16, 2024/07/03, 21:03:06.276, 296526724451, testhost.dll, TestRequestHandler.SendData: sending data from testhost: {"Version":7,"MessageType":"TestExecution.StatsChange","Payload":{"NewTestResults":[{"TestCase":{"Id":"80c0d35d-724c-9422-f5e1-925e0f0f9560","FullyQualifiedName":"P7CreateRestApi.Tests.CurveControllerTests.GetCurvePointById_ShouldReturnInternalServerError_WhenExceptionIsThrown","DisplayName":"P7CreateRestApi.Tests.CurveControllerTests.GetCurvePointById_ShouldReturnInternalServerError_WhenExceptionIsThrown","ExecutorUri":"executor://xunit/VsTestRunner2/netcoreapp","Source":"C:\\Users\\brandon.ku\\source\\repos\\OCProjet7_Findexium\\P7CreateRestApi.Tests\\bin\\Debug\\net8.0\\fine-code-coverage\\build-output\\P7CreateRestApi.Tests.dll","CodeFilePath":null,"LineNumber":0,"Properties":[]},"Attachments":[],"Outcome":1,"ErrorMessage":null,"ErrorStackTrace":null,"DisplayName":"P7CreateRestApi.Tests.CurveControllerTests.GetCurvePointById_ShouldReturnInternalServerError_WhenExceptionIsThrown","Messages":[],"ComputerName":"PB22039","Duration":"00:00:00.0022891","StartTime":"2024-07-03T19:03:06.2616867+00:00","EndTime":"2024-07-03T19:03:06.2616869+00:00","Properties":[]},{"TestCase":{"Id":"735f8d46-bbd7-df3b-9e37-01272c5d0b5c","FullyQualifiedName":"P7CreateRestApi.Tests.RatingControllerTests.CreateRating_ShouldReturnBadRequest_WhenRatingIsNull","DisplayName":"P7CreateRestApi.Tests.RatingControllerTests.CreateRating_ShouldReturnBadRequest_WhenRatingIsNull","ExecutorUri":"executor://xunit/VsTestRunner2/netcoreapp","Source":"C:\\Users\\brandon.ku\\source\\repos\\OCProjet7_Findexium\\P7CreateRestApi.Tests\\bin\\Debug\\net8.0\\fine-code-coverage\\build-output\\P7CreateRestApi.Tests.dll","CodeFilePath":null,"LineNumber":0,"Properties":[]},"Attachments":[],"Outcome":1,"ErrorMessage":null,"ErrorStackTrace":null,"DisplayName":"P7CreateRestApi.Tests.RatingControllerTests.CreateRating_ShouldReturnBadRequest_WhenRatingIsNull","Messages":[],"ComputerName":"PB22039","Duration":"00:00:00.0007364","StartTime":"2024-07-03T19:03:06.2647285+00:00","EndTime":"2024-07-03T19:03:06.2647286+00:00","Properties":[]},{"TestCase":{"Id":"8e90ced0-ad6f-0f34-2311-fcf76f59a638","FullyQualifiedName":"P7CreateRestApi.Tests.RatingControllerTests.DeleteRating_ShouldReturnInternalServerError_WhenExceptionIsThrown","DisplayName":"P7CreateRestApi.Tests.RatingControllerTests.DeleteRating_ShouldReturnInternalServerError_WhenExceptionIsThrown","ExecutorUri":"executor://xunit/VsTestRunner2/netcoreapp","Source":"C:\\Users\\brandon.ku\\source\\repos\\OCProjet7_Findexium\\P7CreateRestApi.Tests\\bin\\Debug\\net8.0\\fine-code-coverage\\build-output\\P7CreateRestApi.Tests.dll","CodeFilePath":null,"LineNumber":0,"Properties":[]},"Attachments":[],"Outcome":1,"ErrorMessage":null,"ErrorStackTrace":null,"DisplayName":"P7CreateRestApi.Tests.RatingControllerTests.DeleteRating_ShouldReturnInternalServerError_WhenExceptionIsThrown","Messages":[],"ComputerName":"PB22039","Duration":"00:00:00.0022737","StartTime":"2024-07-03T19:03:06.2673562+00:00","EndTime":"2024-07-03T19:03:06.2673562+00:00","Properties":[]},{"TestCase":{"Id":"64c28af0-617e-7d1a-2385-de993d1aca5d","FullyQualifiedName":"P7CreateRestApi.Tests.RatingControllerTests.CreateRating_ShouldReturnBadRequest_WhenModelStateIsInvalid","DisplayName":"P7CreateRestApi.Tests.RatingControllerTests.CreateRating_ShouldReturnBadRequest_WhenModelStateIsInvalid","ExecutorUri":"executor://xunit/VsTestRunner2/netcoreapp","Source":"C:\\Users\\brandon.ku\\source\\repos\\OCProjet7_Findexium\\P7CreateRestApi.Tests\\bin\\Debug\\net8.0\\fine-code-coverage\\build-output\\P7CreateRestApi.Tests.dll","CodeFilePath":null,"LineNumber":0,"Properties":[]},"Attachments":[],"Outcome":1,"ErrorMessage":null,"ErrorStackTrace":null,"DisplayName":"P7CreateRestApi.Tests.RatingControllerTests.CreateRating_ShouldReturnBadRequest_WhenModelStateIsInvalid","Messages":[],"ComputerName":"PB22039","Duration":"00:00:00.0007977","StartTime":"2024-07-03T19:03:06.2695521+00:00","EndTime":"2024-07-03T19:03:06.2695522+00:00","Properties":[]},{"TestCase":{"Id":"baa4f1e6-b8e5-e956-8ef8-06093465870c","FullyQualifiedName":"P7CreateRestApi.Tests.RatingControllerTests.UpdateRating_ShouldReturnOk_WhenUpdateIsSuccessful","DisplayName":"P7CreateRestApi.Tests.RatingControllerTests.UpdateRating_ShouldReturnOk_WhenUpdateIsSuccessful","ExecutorUri":"executor://xunit/VsTestRunner2/netcoreapp","Source":"C:\\Users\\brandon.ku\\source\\repos\\OCProjet7_Findexium\\P7CreateRestApi.Tests\\bin\\Debug\\net8.0\\fine-code-coverage\\build-output\\P7CreateRestApi.Tests.dll","CodeFilePath":null,"LineNumber":0,"Properties":[]},"Attachments":[],"Outcome":1,"ErrorMessage":null,"ErrorStackTrace":null,"DisplayName":"P7CreateRestApi.Tests.RatingControllerTests.UpdateRating_ShouldReturnOk_WhenUpdateIsSuccessful","Messages":[],"ComputerName":"PB22039","Duration":"00:00:00.0017889","StartTime":"2024-07-03T19:03:06.2716057+00:00","EndTime":"2024-07-03T19:03:06.2716059+00:00","Properties":[]},{"TestCase":{"Id":"12c6e959-9a79-5ab3-cd1c-736fd703afae","FullyQualifiedName":"P7CreateRestApi.Tests.BidListControllerTests.UpdateBid_ShouldReturnNoContent_WhenBidIsValid","DisplayName":"P7CreateRestApi.Tests.BidListControllerTests.UpdateBid_ShouldReturnNoContent_WhenBidIsValid","ExecutorUri":"executor://xunit/VsTestRunner2/netcoreapp","Source":"C:\\Users\\brandon.ku\\source\\repos\\OCProjet7_Findexium\\P7CreateRestApi.Tests\\bin\\Debug\\net8.0\\fine-code-coverage\\build-output\\P7CreateRestApi.Tests.dll","CodeFilePath":null,"LineNumber":0,"Properties":[]},"Attachments":[],"Outcome":1,"ErrorMessage":null,"ErrorStackTrace":null,"DisplayName":"P7CreateRestApi.Tests.BidListControllerTests.UpdateBid_ShouldReturnNoContent_WhenBidIsValid","Messages":[],"ComputerName":"PB22039","Duration":"00:00:00.0090176","StartTime":"2024-07-03T19:03:06.2736031+00:00","EndTime":"2024-07-03T19:03:06.2736032+00:00","Properties":[]},{"TestCase":{"Id":"d98fbddd-58ff-de9c-af84-bac7101fe18e","FullyQualifiedName":"P7CreateRestApi.Tests.RatingControllerTests.UpdateRating_ShouldReturnBadRequest_WhenRatingIsNull","DisplayName":"P7CreateRestApi.Tests.RatingControllerTests.UpdateRating_ShouldReturnBadRequest_WhenRatingIsNull","ExecutorUri":"executor://xunit/VsTestRunner2/netcoreapp","Source":"C:\\Users\\brandon.ku\\source\\repos\\OCProjet7_Findexium\\P7CreateRestApi.Tests\\bin\\Debug\\net8.0\\fine-code-coverage\\build-output\\P7CreateRestApi.Tests.dll","CodeFilePath":null,"LineNumber":0,"Properties":[]},"Attachments":[],"Outcome":1,"ErrorMessage":null,"ErrorStackTrace":null,"DisplayName":"P7CreateRestApi.Tests.RatingControllerTests.UpdateRating_ShouldReturnBadRequest_WhenRatingIsNull","Messages":[],"ComputerName":"PB22039","Duration":"00:00:00.0006465","StartTime":"2024-07-03T19:03:06.2752127+00:00","EndTime":"2024-07-03T19:03:06.2752128+00:00","Properties":[]}],"TestRunStatistics":{"ExecutedTests":28,"Stats":{"Passed":28}},"ActiveTests":[{"Id":"43ad2954-1427-403a-982e-02d035cc5056","FullyQualifiedName":"P7CreateRestApi.Tests.CurveControllerTests.GetCurvePointById_ShouldReturnOk_WhenCurvePointExists","DisplayName":"P7CreateRestApi.Tests.CurveControllerTests.GetCurvePointById_ShouldReturnOk_WhenCurvePointExists","ExecutorUri":"executor://xunit/VsTestRunner2/netcoreapp","Source":"C:\\Users\\brandon.ku\\source\\repos\\OCProjet7_Findexium\\P7CreateRestApi.Tests\\bin\\Debug\\net8.0\\fine-code-coverage\\build-output\\P7CreateRestApi.Tests.dll","CodeFilePath":null,"LineNumber":0,"Properties":[]},{"Id":"a3e7ad76-d15f-211f-1eea-c5ced5e83268","FullyQualifiedName":"P7CreateRestApi.Tests.BidListControllerTests.UpdateBid_ShouldReturnBadRequest_WhenBidIsInvalid","DisplayName":"P7CreateRestApi.Tests.BidListControllerTests.UpdateBid_ShouldReturnBadRequest_WhenBidIsInvalid","ExecutorUri":"executor://xunit/VsTestRunner2/netcoreapp","Source":"C:\\Users\\brandon.ku\\source\\repos\\OCProjet7_Findexium\\P7CreateRestApi.Tests\\bin\\Debug\\net8.0\\fine-code-coverage\\build-output\\P7CreateRestApi.Tests.dll","CodeFilePath":null,"LineNumber":0,"Properties":[]},{"Id":"f76dd0b3-63e8-03e8-08c5-6836856a8d9b","FullyQualifiedName":"P7CreateRestApi.Tests.RatingControllerTests.GetRatingById_ShouldReturnOk_WhenRatingExists","DisplayName":"P7CreateRestApi.Tests.RatingControllerTests.GetRatingById_ShouldReturnOk_WhenRatingExists","ExecutorUri":"executor://xunit/VsTestRunner2/netcoreapp","Source":"C:\\Users\\brandon.ku\\source\\repos\\OCProjet7_Findexium\\P7CreateRestApi.Tests\\bin\\Debug\\net8.0\\fine-code-coverage\\build-output\\P7CreateRestApi.Tests.dll","CodeFilePath":null,"LineNumber":0,"Properties":[]}]}}
TpTrace Verbose: 0 : 9192, 16, 2024/07/03, 21:03:06.276, 296526726251, testhost.dll, TestRunCache: OnNewTestResult: Notified the onCacheHit callback.
TpTrace Verbose: 0 : 9192, 16, 2024/07/03, 21:03:06.277, 296526733858, testhost.dll, MulticastDelegateUtilities.SafeInvoke: TestCaseEventsHandler.RaiseTestCaseStart: Invoking callback 1/1 for Microsoft.VisualStudio.TestPlatform.CrossPlatEngine.DataCollection.ProxyOutOfProcDataCollectionManager., took 0 ms.
TpTrace Verbose: 0 : 9192, 16, 2024/07/03, 21:03:06.277, 296526734565, testhost.dll, TestExecutionRecorder.RecordResult: Received result for test: P7CreateRestApi.Tests.BidListControllerTests.UpdateBid_ShouldReturnBadRequest_WhenBidIsInvalid.
TpTrace Verbose: 0 : 9192, 16, 2024/07/03, 21:03:06.278, 296526742781, testhost.dll, MulticastDelegateUtilities.SafeInvoke: TestCaseEventsHandler.RaiseTestCaseEnd: Invoking callback 1/1 for Microsoft.VisualStudio.TestPlatform.CrossPlatEngine.DataCollection.ProxyOutOfProcDataCollectionManager., took 0 ms.
TpTrace Verbose: 0 : 9192, 16, 2024/07/03, 21:03:06.278, 296526743452, testhost.dll, MulticastDelegateUtilities.SafeInvoke: TestCaseEventsHandler.RaiseTestCaseEnd: Invoking callback 1/1 for Microsoft.VisualStudio.TestPlatform.CrossPlatEngine.DataCollection.ProxyOutOfProcDataCollectionManager., took 0 ms.
TpTrace Warning: 0 : 9192, 16, 2024/07/03, 21:03:06.278, 296526743754, testhost.dll, TestRunCache: InProgressTests is null
TpTrace Warning: 0 : 9192, 16, 2024/07/03, 21:03:06.278, 296526744313, testhost.dll, TestRunCache: No test found corresponding to testResult 'P7CreateRestApi.Tests.BidListControllerTests.UpdateBid_ShouldReturnBadRequest_WhenBidIsInvalid' in inProgress list.
TpTrace Verbose: 0 : 9192, 16, 2024/07/03, 21:03:06.278, 296526744751, testhost.dll, TestExecutionRecorder.RecordEnd: test: P7CreateRestApi.Tests.BidListControllerTests.UpdateBid_ShouldReturnBadRequest_WhenBidIsInvalid execution completed.
TpTrace Warning: 0 : 9192, 16, 2024/07/03, 21:03:06.278, 296526744989, testhost.dll, TestRunCache: InProgressTests is null
TpTrace Verbose: 0 : 9192, 16, 2024/07/03, 21:03:06.278, 296526745385, testhost.dll, TestExecutionRecorder.RecordResult: Received result for test: P7CreateRestApi.Tests.RatingControllerTests.GetRatingById_ShouldReturnOk_WhenRatingExists.
TpTrace Verbose: 0 : 9192, 16, 2024/07/03, 21:03:06.279, 296526752749, testhost.dll, MulticastDelegateUtilities.SafeInvoke: TestCaseEventsHandler.RaiseTestCaseEnd: Invoking callback 1/1 for Microsoft.VisualStudio.TestPlatform.CrossPlatEngine.DataCollection.ProxyOutOfProcDataCollectionManager., took 0 ms.
TpTrace Verbose: 0 : 9192, 16, 2024/07/03, 21:03:06.279, 296526753129, testhost.dll, MulticastDelegateUtilities.SafeInvoke: TestCaseEventsHandler.RaiseTestCaseEnd: Invoking callback 1/1 for Microsoft.VisualStudio.TestPlatform.CrossPlatEngine.DataCollection.ProxyOutOfProcDataCollectionManager., took 0 ms.
TpTrace Warning: 0 : 9192, 16, 2024/07/03, 21:03:06.279, 296526753382, testhost.dll, TestRunCache: InProgressTests is null
TpTrace Warning: 0 : 9192, 16, 2024/07/03, 21:03:06.279, 296526753535, testhost.dll, TestRunCache: No test found corresponding to testResult 'P7CreateRestApi.Tests.RatingControllerTests.GetRatingById_ShouldReturnOk_WhenRatingExists' in inProgress list.
TpTrace Verbose: 0 : 9192, 16, 2024/07/03, 21:03:06.279, 296526753790, testhost.dll, TestExecutionRecorder.RecordEnd: test: P7CreateRestApi.Tests.RatingControllerTests.GetRatingById_ShouldReturnOk_WhenRatingExists execution completed.
TpTrace Warning: 0 : 9192, 16, 2024/07/03, 21:03:06.279, 296526753945, testhost.dll, TestRunCache: InProgressTests is null
TpTrace Verbose: 0 : 9192, 16, 2024/07/03, 21:03:06.279, 296526754179, testhost.dll, TestExecutionRecorder.RecordStart: Starting test: P7CreateRestApi.Tests.RatingControllerTests.UpdateRating_ShouldReturnNotFound_WhenRatingDoesNotExist.
TpTrace Verbose: 0 : 9192, 16, 2024/07/03, 21:03:06.279, 296526760251, testhost.dll, MulticastDelegateUtilities.SafeInvoke: TestCaseEventsHandler.RaiseTestCaseStart: Invoking callback 1/1 for Microsoft.VisualStudio.TestPlatform.CrossPlatEngine.DataCollection.ProxyOutOfProcDataCollectionManager., took 0 ms.
TpTrace Verbose: 0 : 9192, 16, 2024/07/03, 21:03:06.279, 296526761145, testhost.dll, TestExecutionRecorder.RecordResult: Received result for test: P7CreateRestApi.Tests.RatingControllerTests.UpdateRating_ShouldReturnNotFound_WhenRatingDoesNotExist.
TpTrace Verbose: 0 : 9192, 16, 2024/07/03, 21:03:06.280, 296526767668, testhost.dll, MulticastDelegateUtilities.SafeInvoke: TestCaseEventsHandler.RaiseTestCaseEnd: Invoking callback 1/1 for Microsoft.VisualStudio.TestPlatform.CrossPlatEngine.DataCollection.ProxyOutOfProcDataCollectionManager., took 0 ms.
TpTrace Verbose: 0 : 9192, 16, 2024/07/03, 21:03:06.280, 296526768185, testhost.dll, MulticastDelegateUtilities.SafeInvoke: TestCaseEventsHandler.RaiseTestCaseEnd: Invoking callback 1/1 for Microsoft.VisualStudio.TestPlatform.CrossPlatEngine.DataCollection.ProxyOutOfProcDataCollectionManager., took 0 ms.
TpTrace Verbose: 0 : 9192, 16, 2024/07/03, 21:03:06.280, 296526768545, testhost.dll, TestExecutionRecorder.RecordEnd: test: P7CreateRestApi.Tests.RatingControllerTests.UpdateRating_ShouldReturnNotFound_WhenRatingDoesNotExist execution completed.
TpTrace Warning: 0 : 9192, 16, 2024/07/03, 21:03:06.280, 296526768731, testhost.dll, TestRunCache: InProgressTests is null
TpTrace Verbose: 0 : 9192, 16, 2024/07/03, 21:03:06.280, 296526769362, testhost.dll, TestExecutionRecorder.RecordResult: Received result for test: P7CreateRestApi.Tests.CurveControllerTests.GetCurvePointById_ShouldReturnOk_WhenCurvePointExists.
TpTrace Verbose: 0 : 9192, 16, 2024/07/03, 21:03:06.281, 296526776515, testhost.dll, MulticastDelegateUtilities.SafeInvoke: TestCaseEventsHandler.RaiseTestCaseEnd: Invoking callback 1/1 for Microsoft.VisualStudio.TestPlatform.CrossPlatEngine.DataCollection.ProxyOutOfProcDataCollectionManager., took 0 ms.
TpTrace Verbose: 0 : 9192, 16, 2024/07/03, 21:03:06.281, 296526776968, testhost.dll, MulticastDelegateUtilities.SafeInvoke: TestCaseEventsHandler.RaiseTestCaseEnd: Invoking callback 1/1 for Microsoft.VisualStudio.TestPlatform.CrossPlatEngine.DataCollection.ProxyOutOfProcDataCollectionManager., took 0 ms.
TpTrace Warning: 0 : 9192, 16, 2024/07/03, 21:03:06.281, 296526777207, testhost.dll, TestRunCache: InProgressTests is null
TpTrace Warning: 0 : 9192, 16, 2024/07/03, 21:03:06.281, 296526777381, testhost.dll, TestRunCache: No test found corresponding to testResult 'P7CreateRestApi.Tests.CurveControllerTests.GetCurvePointById_ShouldReturnOk_WhenCurvePointExists' in inProgress list.
TpTrace Verbose: 0 : 9192, 16, 2024/07/03, 21:03:06.281, 296526777669, testhost.dll, TestExecutionRecorder.RecordEnd: test: P7CreateRestApi.Tests.CurveControllerTests.GetCurvePointById_ShouldReturnOk_WhenCurvePointExists execution completed.
TpTrace Warning: 0 : 9192, 16, 2024/07/03, 21:03:06.281, 296526777839, testhost.dll, TestRunCache: InProgressTests is null
TpTrace Verbose: 0 : 9192, 16, 2024/07/03, 21:03:06.281, 296526778112, testhost.dll, TestExecutionRecorder.RecordStart: Starting test: P7CreateRestApi.Tests.CurveControllerTests.GetCurvePointById_ShouldReturnNotFound_WhenCurvePointDoesNotExist.
TpTrace Verbose: 0 : 9192, 16, 2024/07/03, 21:03:06.282, 296526784291, testhost.dll, MulticastDelegateUtilities.SafeInvoke: TestCaseEventsHandler.RaiseTestCaseStart: Invoking callback 1/1 for Microsoft.VisualStudio.TestPlatform.CrossPlatEngine.DataCollection.ProxyOutOfProcDataCollectionManager., took 0 ms.
TpTrace Verbose: 0 : 9192, 16, 2024/07/03, 21:03:06.282, 296526784832, testhost.dll, TestExecutionRecorder.RecordResult: Received result for test: P7CreateRestApi.Tests.CurveControllerTests.GetCurvePointById_ShouldReturnNotFound_WhenCurvePointDoesNotExist.
TpTrace Verbose: 0 : 9192, 16, 2024/07/03, 21:03:06.282, 296526791029, testhost.dll, MulticastDelegateUtilities.SafeInvoke: TestCaseEventsHandler.RaiseTestCaseEnd: Invoking callback 1/1 for Microsoft.VisualStudio.TestPlatform.CrossPlatEngine.DataCollection.ProxyOutOfProcDataCollectionManager., took 0 ms.
TpTrace Verbose: 0 : 9192, 16, 2024/07/03, 21:03:06.282, 296526791449, testhost.dll, MulticastDelegateUtilities.SafeInvoke: TestCaseEventsHandler.RaiseTestCaseEnd: Invoking callback 1/1 for Microsoft.VisualStudio.TestPlatform.CrossPlatEngine.DataCollection.ProxyOutOfProcDataCollectionManager., took 0 ms.
TpTrace Verbose: 0 : 9192, 16, 2024/07/03, 21:03:06.283, 296526791808, testhost.dll, TestExecutionRecorder.RecordEnd: test: P7CreateRestApi.Tests.CurveControllerTests.GetCurvePointById_ShouldReturnNotFound_WhenCurvePointDoesNotExist execution completed.
TpTrace Warning: 0 : 9192, 16, 2024/07/03, 21:03:06.283, 296526791988, testhost.dll, TestRunCache: InProgressTests is null
TpTrace Information: 0 : 9192, 4, 2024/07/03, 21:03:06.284, 296526803098, testhost.dll, [xUnit.net 00:00:00.83]   Finished:    P7CreateRestApi.Tests
TpTrace Verbose: 0 : 9192, 4, 2024/07/03, 21:03:06.284, 296526804065, testhost.dll, TestRequestHandler.SendData: sending data from testhost: {"Version":7,"MessageType":"TestSession.Message","Payload":{"MessageLevel":0,"Message":"[xUnit.net 00:00:00.83]   Finished:    P7CreateRestApi.Tests"}}
TpTrace Verbose: 0 : 9192, 4, 2024/07/03, 21:03:06.284, 296526805083, testhost.dll, MulticastDelegateUtilities.SafeInvoke: TestRunMessageLoggerProxy.SendMessage: Invoking callback 1/1 for Microsoft.VisualStudio.TestPlatform.CrossPlatEngine.Execution.RunTestsWithSources., took 0 ms.
TpTrace Verbose: 0 : 9192, 4, 2024/07/03, 21:03:06.286, 296526828899, testhost.dll, BaseRunTests.RunTestInternalWithExecutors: Completed running tests for executor://xunit/VsTestRunner2/netcoreapp
TpTrace Verbose: 0 : 9192, 4, 2024/07/03, 21:03:06.287, 296526837885, testhost.dll, MulticastDelegateUtilities.SafeInvoke: TestCaseEventsHandler.RaiseSessionEnd: Invoking callback 1/1 for Microsoft.VisualStudio.TestPlatform.CrossPlatEngine.DataCollection.ProxyOutOfProcDataCollectionManager., took 0 ms.
TpTrace Verbose: 0 : 9192, 9, 2024/07/03, 21:03:06.288, 296526844213, testhost.dll, TcpClientExtensions.MessageLoopAsync: Polling on remoteEndPoint: [::ffff:127.0.0.1]:65441 localEndPoint: [::ffff:127.0.0.1]:65442
TpTrace Information: 0 : 9192, 4, 2024/07/03, 21:03:06.289, 296526856214, testhost.dll, Sending test run complete
TpTrace Verbose: 0 : 9192, 4, 2024/07/03, 21:03:06.297, 296526940300, testhost.dll, TestRequestHandler.SendData: sending data from testhost: {"Version":7,"MessageType":"TestExecution.Completed","Payload":{"TestRunCompleteArgs":{"TestRunStatistics":{"ExecutedTests":33,"Stats":{"Passed":33}},"IsCanceled":false,"IsAborted":false,"Error":null,"AttachmentSets":[],"InvokedDataCollectors":[],"ElapsedTimeInRunningTests":"00:00:00.8484962","Metrics":{},"DiscoveredExtensions":{"TestDiscoverers":["Xunit.Runner.VisualStudio.VsTestRunner, xunit.runner.visualstudio.dotnetcore.testadapter, Version=2.5.0.0, Culture=neutral, PublicKeyToken=null","Xunit.Runner.VisualStudio.VsTestRunner, xunit.runner.visualstudio.testadapter, Version=2.8.1.0, Culture=neutral, PublicKeyToken=null"],"TestExecutors":["executor://xunit/VsTestRunner2/netcoreapp"],"TestExecutors2":[],"TestSettingsProviders":[]}},"LastRunTests":{"NewTestResults":[{"TestCase":{"Id":"a3e7ad76-d15f-211f-1eea-c5ced5e83268","FullyQualifiedName":"P7CreateRestApi.Tests.BidListControllerTests.UpdateBid_ShouldReturnBadRequest_WhenBidIsInvalid","DisplayName":"P7CreateRestApi.Tests.BidListControllerTests.UpdateBid_ShouldReturnBadRequest_WhenBidIsInvalid","ExecutorUri":"executor://xunit/VsTestRunner2/netcoreapp","Source":"C:\\Users\\brandon.ku\\source\\repos\\OCProjet7_Findexium\\P7CreateRestApi.Tests\\bin\\Debug\\net8.0\\fine-code-coverage\\build-output\\P7CreateRestApi.Tests.dll","CodeFilePath":null,"LineNumber":0,"Properties":[]},"Attachments":[],"Outcome":1,"ErrorMessage":null,"ErrorStackTrace":null,"DisplayName":"P7CreateRestApi.Tests.BidListControllerTests.UpdateBid_ShouldReturnBadRequest_WhenBidIsInvalid","Messages":[],"ComputerName":"PB22039","Duration":"00:00:00.0006973","StartTime":"2024-07-03T19:03:06.2772834+00:00","EndTime":"2024-07-03T19:03:06.2772835+00:00","Properties":[]},{"TestCase":{"Id":"f76dd0b3-63e8-03e8-08c5-6836856a8d9b","FullyQualifiedName":"P7CreateRestApi.Tests.RatingControllerTests.GetRatingById_ShouldReturnOk_WhenRatingExists","DisplayName":"P7CreateRestApi.Tests.RatingControllerTests.GetRatingById_ShouldReturnOk_WhenRatingExists","ExecutorUri":"executor://xunit/VsTestRunner2/netcoreapp","Source":"C:\\Users\\brandon.ku\\source\\repos\\OCProjet7_Findexium\\P7CreateRestApi.Tests\\bin\\Debug\\net8.0\\fine-code-coverage\\build-output\\P7CreateRestApi.Tests.dll","CodeFilePath":null,"LineNumber":0,"Properties":[]},"Attachments":[],"Outcome":1,"ErrorMessage":null,"ErrorStackTrace":null,"DisplayName":"P7CreateRestApi.Tests.RatingControllerTests.GetRatingById_ShouldReturnOk_WhenRatingExists","Messages":[],"ComputerName":"PB22039","Duration":"00:00:00.0007012","StartTime":"2024-07-03T19:03:06.2783719+00:00","EndTime":"2024-07-03T19:03:06.278372+00:00","Properties":[]},{"TestCase":{"Id":"dbca75b3-336f-a32a-97e5-95b1fe92e15d","FullyQualifiedName":"P7CreateRestApi.Tests.RatingControllerTests.UpdateRating_ShouldReturnNotFound_WhenRatingDoesNotExist","DisplayName":"P7CreateRestApi.Tests.RatingControllerTests.UpdateRating_ShouldReturnNotFound_WhenRatingDoesNotExist","ExecutorUri":"executor://xunit/VsTestRunner2/netcoreapp","Source":"C:\\Users\\brandon.ku\\source\\repos\\OCProjet7_Findexium\\P7CreateRestApi.Tests\\bin\\Debug\\net8.0\\fine-code-coverage\\build-output\\P7CreateRestApi.Tests.dll","CodeFilePath":null,"LineNumber":0,"Properties":[]},"Attachments":[],"Outcome":1,"ErrorMessage":null,"ErrorStackTrace":null,"DisplayName":"P7CreateRestApi.Tests.RatingControllerTests.UpdateRating_ShouldReturnNotFound_WhenRatingDoesNotExist","Messages":[],"ComputerName":"PB22039","Duration":"00:00:00.0007076","StartTime":"2024-07-03T19:03:06.2799496+00:00","EndTime":"2024-07-03T19:03:06.2799496+00:00","Properties":[]},{"TestCase":{"Id":"43ad2954-1427-403a-982e-02d035cc5056","FullyQualifiedName":"P7CreateRestApi.Tests.CurveControllerTests.GetCurvePointById_ShouldReturnOk_WhenCurvePointExists","DisplayName":"P7CreateRestApi.Tests.CurveControllerTests.GetCurvePointById_ShouldReturnOk_WhenCurvePointExists","ExecutorUri":"executor://xunit/VsTestRunner2/netcoreapp","Source":"C:\\Users\\brandon.ku\\source\\repos\\OCProjet7_Findexium\\P7CreateRestApi.Tests\\bin\\Debug\\net8.0\\fine-code-coverage\\build-output\\P7CreateRestApi.Tests.dll","CodeFilePath":null,"LineNumber":0,"Properties":[]},"Attachments":[],"Outcome":1,"ErrorMessage":null,"ErrorStackTrace":null,"DisplayName":"P7CreateRestApi.Tests.CurveControllerTests.GetCurvePointById_ShouldReturnOk_WhenCurvePointExists","Messages":[],"ComputerName":"PB22039","Duration":"00:00:00.0097132","StartTime":"2024-07-03T19:03:06.2807709+00:00","EndTime":"2024-07-03T19:03:06.280771+00:00","Properties":[]},{"TestCase":{"Id":"2c08be2e-5f1c-5e40-3858-1b034da14d4d","FullyQualifiedName":"P7CreateRestApi.Tests.CurveControllerTests.GetCurvePointById_ShouldReturnNotFound_WhenCurvePointDoesNotExist","DisplayName":"P7CreateRestApi.Tests.CurveControllerTests.GetCurvePointById_ShouldReturnNotFound_WhenCurvePointDoesNotExist","ExecutorUri":"executor://xunit/VsTestRunner2/netcoreapp","Source":"C:\\Users\\brandon.ku\\source\\repos\\OCProjet7_Findexium\\P7CreateRestApi.Tests\\bin\\Debug\\net8.0\\fine-code-coverage\\build-output\\P7CreateRestApi.Tests.dll","CodeFilePath":null,"LineNumber":0,"Properties":[]},"Attachments":[],"Outcome":1,"ErrorMessage":null,"ErrorStackTrace":null,"DisplayName":"P7CreateRestApi.Tests.CurveControllerTests.GetCurvePointById_ShouldReturnNotFound_WhenCurvePointDoesNotExist","Messages":[],"ComputerName":"PB22039","Duration":"00:00:00.0010509","StartTime":"2024-07-03T19:03:06.2823183+00:00","EndTime":"2024-07-03T19:03:06.2823183+00:00","Properties":[]}],"TestRunStatistics":{"ExecutedTests":33,"Stats":{"Passed":33}},"ActiveTests":[]},"RunAttachments":[],"ExecutorUris":["executor://xunit/VsTestRunner2/netcoreapp"]}}
TpTrace Verbose: 0 : 9192, 4, 2024/07/03, 21:03:06.301, 296526981025, testhost.dll, BaseRunTests.RunTests: Run is complete.
TpTrace Verbose: 0 : 9192, 9, 2024/07/03, 21:03:06.302, 296526985300, testhost.dll, TcpClientExtensions.MessageLoopAsync: NotifyDataAvailable remoteEndPoint: [::ffff:127.0.0.1]:65441 localEndPoint: [::ffff:127.0.0.1]:65442
TpTrace Information: 0 : 9192, 9, 2024/07/03, 21:03:06.302, 296526986585, testhost.dll, TestRequestHandler.OnMessageReceived: received message: (TestSession.Terminate) -> {"MessageType":"TestSession.Terminate","Payload":null}
TpTrace Information: 0 : 9192, 9, 2024/07/03, 21:03:06.302, 296526986858, testhost.dll, Session End message received from server. Closing the connection.
TpTrace Information: 0 : 9192, 9, 2024/07/03, 21:03:06.302, 296526990069, testhost.dll, SocketClient.Stop: Stop communication from server endpoint: 127.0.0.1:065441
TpTrace Information: 0 : 9192, 9, 2024/07/03, 21:03:06.302, 296526990457, testhost.dll, SocketClient: Stop: Cancellation requested. Stopping message loop.
TpTrace Verbose: 0 : 9192, 9, 2024/07/03, 21:03:06.303, 296526991871, testhost.dll, LengthPrefixCommunicationChannel.Dispose: Dispose reader and writer.
TpTrace Information: 0 : 9192, 9, 2024/07/03, 21:03:06.303, 296526992460, testhost.dll, Closing the connection !
TpTrace Verbose: 0 : 9192, 9, 2024/07/03, 21:03:06.303, 296526992921, testhost.dll, MulticastDelegateUtilities.SafeInvoke: LengthPrefixCommunicationChannel: MessageReceived: Invoking callback 1/1 for Microsoft.VisualStudio.TestPlatform.CommunicationUtilities.TestRequestHandler., took 0 ms.
TpTrace Information: 0 : 9192, 9, 2024/07/03, 21:03:06.303, 296526995356, testhost.dll, SocketClient.PrivateStop: Stop communication from server endpoint: 127.0.0.1:065441, error:
TpTrace Information: 0 : 9192, 1, 2024/07/03, 21:03:06.303, 296526995799, testhost.dll, Closing the connection!
TpTrace Information: 0 : 9192, 1, 2024/07/03, 21:03:06.303, 296526996653, testhost.dll, Testhost process exiting.
TpTrace Verbose: 0 : 9192, 9, 2024/07/03, 21:03:06.303, 296526996721, testhost.dll, LengthPrefixCommunicationChannel.Dispose: Dispose reader and writer.
TpTrace Verbose: 0 : 9192, 9, 2024/07/03, 21:03:06.303, 296526997398, testhost.dll, TcpClientExtensions.MessageLoopAsync: exiting MessageLoopAsync remoteEndPoint: [::ffff:127.0.0.1]:65441 localEndPoint: [::ffff:127.0.0.1]:65442
